{"message":"req.user: undefined","level":"\u001b[34minfo\u001b[39m","timestamp":"2018-11-30 00:00:50"}
{"message":"Session id started: {\"user\":\"2f24vvg\"}","level":"\u001b[34minfo\u001b[39m","timestamp":"2018-11-30 00:00:50"}
{"message":"User logged in: {\"id\":\"2f24vvg\",\"email\":\"test@test.com\",\"password\":\"$2a$10$A2g6pbxxhLA9MNYRJ0rnzOf/7Ara76B0KcRdjzUcsIBIclRuas/fG\"}","level":"\u001b[34minfo\u001b[39m","timestamp":"2018-11-30 00:00:50"}
{"message":"User (2f24vvg) uploaded a file: {\"file-upload\":{\"size\":442895,\"path\":\"C:\\\\develop\\\\nodejs\\\\projects\\\\aitam\\\\work/4fef8898-87ce-4f4f-a772-1db343cc7bff.xml\",\"name\":\"BiljanaB.xml\",\"type\":\"text/xml\",\"mtime\":\"2018-11-30T00:00:56.428Z\"}}","level":"\u001b[34minfo\u001b[39m","timestamp":"2018-11-30 00:00:56"}
{"message":"req.user: undefined","level":"\u001b[34minfo\u001b[39m","timestamp":"2018-11-30 00:01:38"}
{"message":"Session id started: {\"user\":\"2f24vvg\"}","level":"\u001b[34minfo\u001b[39m","timestamp":"2018-11-30 00:01:38"}
{"message":"User logged in: {\"id\":\"2f24vvg\",\"email\":\"test@test.com\",\"password\":\"$2a$10$A2g6pbxxhLA9MNYRJ0rnzOf/7Ara76B0KcRdjzUcsIBIclRuas/fG\"}","level":"\u001b[34minfo\u001b[39m","timestamp":"2018-11-30 00:01:38"}
{"message":"User (2f24vvg) uploaded a file: {\"file-upload\":{\"size\":442895,\"path\":\"C:\\\\develop\\\\nodejs\\\\projects\\\\aitam\\\\work/63889ccf-a1ba-40af-ab77-81dcfe47ea94.xml\",\"name\":\"BiljanaB.xml\",\"type\":\"text/xml\",\"mtime\":\"2018-11-30T00:01:44.907Z\"}}","level":"\u001b[34minfo\u001b[39m","timestamp":"2018-11-30 00:01:44"}
{"message":"req.user: undefined","level":"\u001b[34minfo\u001b[39m","timestamp":"2018-11-30 00:03:24"}
{"message":"Session id started: {\"user\":\"2f24vvg\"}","level":"\u001b[34minfo\u001b[39m","timestamp":"2018-11-30 00:03:24"}
{"message":"User logged in: {\"id\":\"2f24vvg\",\"email\":\"test@test.com\",\"password\":\"$2a$10$A2g6pbxxhLA9MNYRJ0rnzOf/7Ara76B0KcRdjzUcsIBIclRuas/fG\"}","level":"\u001b[34minfo\u001b[39m","timestamp":"2018-11-30 00:03:24"}
{"message":"User (2f24vvg) uploaded a file: {\"file-upload\":{\"size\":442895,\"path\":\"C:\\\\develop\\\\nodejs\\\\projects\\\\aitam\\\\work/2f67cbbc-8915-4011-abe3-52640f237ba8.xml\",\"name\":\"BiljanaB.xml\",\"type\":\"text/xml\",\"mtime\":\"2018-11-30T00:03:31.338Z\"}}","level":"\u001b[34minfo\u001b[39m","timestamp":"2018-11-30 00:03:31"}
{"message":"Session created received the id:69db1829-55a4-4901-8d3c-2f6f2cd1db5a","level":"\u001b[34minfo\u001b[39m","timestamp":"2018-11-30 21:42:12"}
{"message":"req.user: undefined","level":"\u001b[34minfo\u001b[39m","timestamp":"2018-11-30 21:48:59"}
{"message":"Session id started: {\"user\":\"2f24vvg\"}","level":"\u001b[34minfo\u001b[39m","timestamp":"2018-11-30 21:48:59"}
{"message":"User logged in: {\"id\":\"2f24vvg\",\"email\":\"test@test.com\",\"password\":\"$2a$10$A2g6pbxxhLA9MNYRJ0rnzOf/7Ara76B0KcRdjzUcsIBIclRuas/fG\"}","level":"\u001b[34minfo\u001b[39m","timestamp":"2018-11-30 21:48:59"}
{"message":"User (2f24vvg) uploaded a file: {\"file-upload\":{\"size\":442895,\"path\":\"C:\\\\develop\\\\nodejs\\\\projects\\\\aitam\\\\work/69db1829-55a4-4901-8d3c-2f6f2cd1db5a.xml\",\"name\":\"BiljanaB.xml\",\"type\":\"text/xml\",\"mtime\":\"2018-11-30T21:49:09.804Z\"}}","level":"\u001b[34minfo\u001b[39m","timestamp":"2018-11-30 21:49:09"}
{"message":"Session created received the id:bec3e11e-f99a-4692-9856-dd575f67fea5","level":"\u001b[34minfo\u001b[39m","timestamp":"2018-11-30 22:06:52"}
{"message":"req.user: undefined","level":"\u001b[34minfo\u001b[39m","timestamp":"2018-11-30 22:06:57"}
{"message":"Session id started: {\"user\":\"2f24vvg\"}","level":"\u001b[34minfo\u001b[39m","timestamp":"2018-11-30 22:06:57"}
{"message":"User logged in: {\"id\":\"2f24vvg\",\"email\":\"test@test.com\",\"password\":\"$2a$10$A2g6pbxxhLA9MNYRJ0rnzOf/7Ara76B0KcRdjzUcsIBIclRuas/fG\"}","level":"\u001b[34minfo\u001b[39m","timestamp":"2018-11-30 22:06:57"}
{"message":"User (2f24vvg) uploaded a file: {\"file-upload\":{\"size\":442895,\"path\":\"C:\\\\develop\\\\nodejs\\\\projects\\\\aitam\\\\work/bec3e11e-f99a-4692-9856-dd575f67fea5.xml\",\"name\":\"BiljanaB.xml\",\"type\":\"text/xml\",\"mtime\":\"2018-11-30T22:07:05.401Z\"}}","level":"\u001b[34minfo\u001b[39m","timestamp":"2018-11-30 22:07:05"}
{"message":"Session created received the id:5563e547-bd35-47ef-95df-55111b386cff","level":"\u001b[34minfo\u001b[39m","timestamp":"2018-11-30 22:07:34"}
{"message":"req.user: undefined","level":"\u001b[34minfo\u001b[39m","timestamp":"2018-11-30 22:07:47"}
{"message":"Session id started: {\"user\":\"2f24vvg\"}","level":"\u001b[34minfo\u001b[39m","timestamp":"2018-11-30 22:07:47"}
{"message":"User logged in: {\"id\":\"2f24vvg\",\"email\":\"test@test.com\",\"password\":\"$2a$10$A2g6pbxxhLA9MNYRJ0rnzOf/7Ara76B0KcRdjzUcsIBIclRuas/fG\"}","level":"\u001b[34minfo\u001b[39m","timestamp":"2018-11-30 22:07:47"}
{"message":"User (2f24vvg) uploaded a file: {\"file-upload\":{\"size\":442895,\"path\":\"C:\\\\develop\\\\nodejs\\\\projects\\\\aitam\\\\work/5563e547-bd35-47ef-95df-55111b386cff.xml\",\"name\":\"BiljanaB.xml\",\"type\":\"text/xml\",\"mtime\":\"2018-11-30T22:08:00.828Z\"}}","level":"\u001b[34minfo\u001b[39m","timestamp":"2018-11-30 22:08:00"}
