{"message":"Session created received the id:d73e732f-c242-40d7-8feb-6704f921567a","level":"\u001b[34minfo\u001b[39m","timestamp":"2018-12-16 20:34:04"}
{"message":"req.user: undefined","level":"\u001b[34minfo\u001b[39m","timestamp":"2018-12-16 20:34:10"}
{"message":"Session id started: {\"user\":\"2f24vvg\"}","level":"\u001b[34minfo\u001b[39m","timestamp":"2018-12-16 20:34:10"}
{"message":"User logged in: {\"id\":\"2f24vvg\",\"email\":\"test@test.com\",\"password\":\"$2a$10$A2g6pbxxhLA9MNYRJ0rnzOf/7Ara76B0KcRdjzUcsIBIclRuas/fG\"}","level":"\u001b[34minfo\u001b[39m","timestamp":"2018-12-16 20:34:10"}
{"message":"User (2f24vvg) uploaded a file: {\"file-upload\":{\"size\":454027,\"path\":\"C:\\\\develop\\\\nodejs\\\\projects\\\\aitam\\\\work\\\\d73e732f-c242-40d7-8feb-6704f921567a.xml\",\"name\":\"test_site2.xml\",\"type\":\"text/xml\",\"mtime\":\"2018-12-16T20:34:20.432Z\"}}","level":"\u001b[34minfo\u001b[39m","timestamp":"2018-12-16 20:34:20"}
{"message":"404 - Not Found","level":"\u001b[33mwarn\u001b[39m","timestamp":"2018-12-16 20:34:25"}
{"message":"Session created received the id:02cc594e-c8fc-4178-bb4e-5fc7b516de5a","level":"\u001b[34minfo\u001b[39m","timestamp":"2018-12-16 20:37:10"}
{"message":"req.user: undefined","level":"\u001b[34minfo\u001b[39m","timestamp":"2018-12-16 20:37:20"}
{"message":"Session id started: {\"user\":\"2f24vvg\"}","level":"\u001b[34minfo\u001b[39m","timestamp":"2018-12-16 20:37:20"}
{"message":"User logged in: {\"id\":\"2f24vvg\",\"email\":\"test@test.com\",\"password\":\"$2a$10$A2g6pbxxhLA9MNYRJ0rnzOf/7Ara76B0KcRdjzUcsIBIclRuas/fG\"}","level":"\u001b[34minfo\u001b[39m","timestamp":"2018-12-16 20:37:20"}
{"message":"User (2f24vvg) uploaded a file: {\"file-upload\":{\"size\":454027,\"path\":\"C:\\\\develop\\\\nodejs\\\\projects\\\\aitam\\\\work\\\\02cc594e-c8fc-4178-bb4e-5fc7b516de5a.xml\",\"name\":\"test_site2.xml\",\"type\":\"text/xml\",\"mtime\":\"2018-12-16T20:38:13.684Z\"}}","level":"\u001b[34minfo\u001b[39m","timestamp":"2018-12-16 20:38:13"}
{"message":"req.user: undefined","level":"\u001b[34minfo\u001b[39m","timestamp":"2018-12-16 20:42:26"}
{"message":"Session id started: {\"user\":\"2f24vvg\"}","level":"\u001b[34minfo\u001b[39m","timestamp":"2018-12-16 20:42:26"}
{"message":"User logged in: {\"id\":\"2f24vvg\",\"email\":\"test@test.com\",\"password\":\"$2a$10$A2g6pbxxhLA9MNYRJ0rnzOf/7Ara76B0KcRdjzUcsIBIclRuas/fG\"}","level":"\u001b[34minfo\u001b[39m","timestamp":"2018-12-16 20:42:26"}
{"message":"User (2f24vvg) uploaded a file: {\"file-upload\":{\"size\":454026,\"path\":\"C:\\\\develop\\\\nodejs\\\\projects\\\\aitam\\\\work\\\\ec36237a-e384-41a2-87aa-7f0918ce4ad9.xml\",\"name\":\"test_site2.xml\",\"type\":\"text/xml\",\"mtime\":\"2018-12-16T20:42:32.696Z\"}}","level":"\u001b[34minfo\u001b[39m","timestamp":"2018-12-16 20:42:32"}
{"message":"req.user: undefined","level":"\u001b[34minfo\u001b[39m","timestamp":"2018-12-16 20:44:11"}
{"message":"Session id started: {\"user\":\"2f24vvg\"}","level":"\u001b[34minfo\u001b[39m","timestamp":"2018-12-16 20:44:11"}
{"message":"User logged in: {\"id\":\"2f24vvg\",\"email\":\"test@test.com\",\"password\":\"$2a$10$A2g6pbxxhLA9MNYRJ0rnzOf/7Ara76B0KcRdjzUcsIBIclRuas/fG\"}","level":"\u001b[34minfo\u001b[39m","timestamp":"2018-12-16 20:44:11"}
{"message":"User (2f24vvg) uploaded a file: {\"file-upload\":{\"size\":454026,\"path\":\"C:\\\\develop\\\\nodejs\\\\projects\\\\aitam\\\\work\\\\870fe81c-8fdd-469f-b970-4611180daedd.xml\",\"name\":\"test_site2.xml\",\"type\":\"text/xml\",\"mtime\":\"2018-12-16T20:44:19.555Z\"}}","level":"\u001b[34minfo\u001b[39m","timestamp":"2018-12-16 20:44:19"}
{"message":"req.user: undefined","level":"\u001b[34minfo\u001b[39m","timestamp":"2018-12-16 20:45:48"}
{"message":"Session id started: {\"user\":\"2f24vvg\"}","level":"\u001b[34minfo\u001b[39m","timestamp":"2018-12-16 20:45:48"}
{"message":"User logged in: {\"id\":\"2f24vvg\",\"email\":\"test@test.com\",\"password\":\"$2a$10$A2g6pbxxhLA9MNYRJ0rnzOf/7Ara76B0KcRdjzUcsIBIclRuas/fG\"}","level":"\u001b[34minfo\u001b[39m","timestamp":"2018-12-16 20:45:48"}
{"message":"User (2f24vvg) uploaded a file: {\"file-upload\":{\"size\":454026,\"path\":\"C:\\\\develop\\\\nodejs\\\\projects\\\\aitam\\\\work\\\\d19e5224-003d-4e7f-a68d-a220b4041b25.xml\",\"name\":\"test_site2.xml\",\"type\":\"text/xml\",\"mtime\":\"2018-12-16T20:45:54.212Z\"}}","level":"\u001b[34minfo\u001b[39m","timestamp":"2018-12-16 20:45:54"}
{"message":"404 - Not Found","level":"\u001b[33mwarn\u001b[39m","timestamp":"2018-12-16 20:46:54"}
{"message":"Session created received the id:3d685133-4958-43a4-9838-847e82df619b","level":"\u001b[34minfo\u001b[39m","timestamp":"2018-12-16 21:06:46"}
{"message":"req.user: undefined","level":"\u001b[34minfo\u001b[39m","timestamp":"2018-12-16 21:06:51"}
{"message":"Session id started: {\"user\":\"2f24vvg\"}","level":"\u001b[34minfo\u001b[39m","timestamp":"2018-12-16 21:06:51"}
{"message":"User logged in: {\"id\":\"2f24vvg\",\"email\":\"test@test.com\",\"password\":\"$2a$10$A2g6pbxxhLA9MNYRJ0rnzOf/7Ara76B0KcRdjzUcsIBIclRuas/fG\"}","level":"\u001b[34minfo\u001b[39m","timestamp":"2018-12-16 21:06:51"}
{"message":"User (2f24vvg) uploaded a file: {\"file-upload\":{\"size\":454026,\"path\":\"C:\\\\develop\\\\nodejs\\\\projects\\\\aitam\\\\work\\\\3d685133-4958-43a4-9838-847e82df619b.xml\",\"name\":\"test_site2.xml\",\"type\":\"text/xml\",\"mtime\":\"2018-12-16T21:06:58.562Z\"}}","level":"\u001b[34minfo\u001b[39m","timestamp":"2018-12-16 21:06:58"}
{"message":"req.user: undefined","level":"\u001b[34minfo\u001b[39m","timestamp":"2018-12-16 21:08:07"}
{"message":"Session id started: {\"user\":\"2f24vvg\"}","level":"\u001b[34minfo\u001b[39m","timestamp":"2018-12-16 21:08:07"}
{"message":"User logged in: {\"id\":\"2f24vvg\",\"email\":\"test@test.com\",\"password\":\"$2a$10$A2g6pbxxhLA9MNYRJ0rnzOf/7Ara76B0KcRdjzUcsIBIclRuas/fG\"}","level":"\u001b[34minfo\u001b[39m","timestamp":"2018-12-16 21:08:07"}
{"message":"User (2f24vvg) uploaded a file: {\"file-upload\":{\"size\":454026,\"path\":\"C:\\\\develop\\\\nodejs\\\\projects\\\\aitam\\\\work\\\\617dceac-d9b6-4ffe-a3e5-15a161545517.xml\",\"name\":\"test_site2.xml\",\"type\":\"text/xml\",\"mtime\":\"2018-12-16T21:08:15.494Z\"}}","level":"\u001b[34minfo\u001b[39m","timestamp":"2018-12-16 21:08:15"}
{"message":"req.user: undefined","level":"\u001b[34minfo\u001b[39m","timestamp":"2018-12-16 21:09:35"}
{"message":"Session id started: {\"user\":\"2f24vvg\"}","level":"\u001b[34minfo\u001b[39m","timestamp":"2018-12-16 21:09:35"}
{"message":"User logged in: {\"id\":\"2f24vvg\",\"email\":\"test@test.com\",\"password\":\"$2a$10$A2g6pbxxhLA9MNYRJ0rnzOf/7Ara76B0KcRdjzUcsIBIclRuas/fG\"}","level":"\u001b[34minfo\u001b[39m","timestamp":"2018-12-16 21:09:35"}
{"message":"User (2f24vvg) uploaded a file: {\"file-upload\":{\"size\":454026,\"path\":\"C:\\\\develop\\\\nodejs\\\\projects\\\\aitam\\\\work\\\\8b65f094-c4ec-4703-8ae5-af25d7081d4f.xml\",\"name\":\"test_site2.xml\",\"type\":\"text/xml\",\"mtime\":\"2018-12-16T21:09:46.985Z\"}}","level":"\u001b[34minfo\u001b[39m","timestamp":"2018-12-16 21:09:46"}
{"message":"Session created received the id:4cf21dca-4fde-4fa2-a3e9-c90c5b636cf8","level":"\u001b[34minfo\u001b[39m","timestamp":"2018-12-16 21:11:17"}
{"message":"req.user: undefined","level":"\u001b[34minfo\u001b[39m","timestamp":"2018-12-16 21:11:24"}
{"message":"Session id started: {\"user\":\"2f24vvg\"}","level":"\u001b[34minfo\u001b[39m","timestamp":"2018-12-16 21:11:24"}
{"message":"User logged in: {\"id\":\"2f24vvg\",\"email\":\"test@test.com\",\"password\":\"$2a$10$A2g6pbxxhLA9MNYRJ0rnzOf/7Ara76B0KcRdjzUcsIBIclRuas/fG\"}","level":"\u001b[34minfo\u001b[39m","timestamp":"2018-12-16 21:11:24"}
{"message":"User (2f24vvg) uploaded a file: {\"file-upload\":{\"size\":454026,\"path\":\"C:\\\\develop\\\\nodejs\\\\projects\\\\aitam\\\\work\\\\4cf21dca-4fde-4fa2-a3e9-c90c5b636cf8.xml\",\"name\":\"test_site2.xml\",\"type\":\"text/xml\",\"mtime\":\"2018-12-16T21:11:30.542Z\"}}","level":"\u001b[34minfo\u001b[39m","timestamp":"2018-12-16 21:11:30"}
{"message":"Session created received the id:89f689b8-627e-4fe4-9c4d-955fade02444","level":"\u001b[34minfo\u001b[39m","timestamp":"2018-12-16 21:16:15"}
{"message":"req.user: undefined","level":"\u001b[34minfo\u001b[39m","timestamp":"2018-12-16 21:16:23"}
{"message":"Session id started: {\"user\":\"2f24vvg\"}","level":"\u001b[34minfo\u001b[39m","timestamp":"2018-12-16 21:16:23"}
{"message":"User logged in: {\"id\":\"2f24vvg\",\"email\":\"test@test.com\",\"password\":\"$2a$10$A2g6pbxxhLA9MNYRJ0rnzOf/7Ara76B0KcRdjzUcsIBIclRuas/fG\"}","level":"\u001b[34minfo\u001b[39m","timestamp":"2018-12-16 21:16:23"}
{"message":"User (2f24vvg) uploaded a file: {\"file-upload\":{\"size\":454026,\"path\":\"C:\\\\develop\\\\nodejs\\\\projects\\\\aitam\\\\work\\\\89f689b8-627e-4fe4-9c4d-955fade02444.xml\",\"name\":\"test_site2.xml\",\"type\":\"text/xml\",\"mtime\":\"2018-12-16T21:16:31.196Z\"}}","level":"\u001b[34minfo\u001b[39m","timestamp":"2018-12-16 21:16:31"}
{"message":"Session created received the id:4c13f393-7927-416f-a8c8-c81d0621b6c7","level":"\u001b[34minfo\u001b[39m","timestamp":"2018-12-16 21:17:49"}
{"message":"req.user: undefined","level":"\u001b[34minfo\u001b[39m","timestamp":"2018-12-16 21:17:53"}
{"message":"Session id started: {\"user\":\"2f24vvg\"}","level":"\u001b[34minfo\u001b[39m","timestamp":"2018-12-16 21:17:53"}
{"message":"User logged in: {\"id\":\"2f24vvg\",\"email\":\"test@test.com\",\"password\":\"$2a$10$A2g6pbxxhLA9MNYRJ0rnzOf/7Ara76B0KcRdjzUcsIBIclRuas/fG\"}","level":"\u001b[34minfo\u001b[39m","timestamp":"2018-12-16 21:17:53"}
{"message":"User (2f24vvg) uploaded a file: {\"file-upload\":{\"size\":454026,\"path\":\"C:\\\\develop\\\\nodejs\\\\projects\\\\aitam\\\\work\\\\4c13f393-7927-416f-a8c8-c81d0621b6c7.xml\",\"name\":\"test_site2.xml\",\"type\":\"text/xml\",\"mtime\":\"2018-12-16T21:17:58.544Z\"}}","level":"\u001b[34minfo\u001b[39m","timestamp":"2018-12-16 21:17:58"}
{"message":"Session created received the id:2b14cb70-5b3c-4868-b914-d5b33e7ce2c7","level":"\u001b[34minfo\u001b[39m","timestamp":"2018-12-16 21:25:35"}
{"message":"req.user: undefined","level":"\u001b[34minfo\u001b[39m","timestamp":"2018-12-16 21:25:40"}
{"message":"Session id started: {\"user\":\"2f24vvg\"}","level":"\u001b[34minfo\u001b[39m","timestamp":"2018-12-16 21:25:40"}
{"message":"User logged in: {\"id\":\"2f24vvg\",\"email\":\"test@test.com\",\"password\":\"$2a$10$A2g6pbxxhLA9MNYRJ0rnzOf/7Ara76B0KcRdjzUcsIBIclRuas/fG\"}","level":"\u001b[34minfo\u001b[39m","timestamp":"2018-12-16 21:25:40"}
{"message":"User (2f24vvg) uploaded a file: {\"file-upload\":{\"size\":454026,\"path\":\"C:\\\\develop\\\\nodejs\\\\projects\\\\aitam\\\\work\\\\2b14cb70-5b3c-4868-b914-d5b33e7ce2c7.xml\",\"name\":\"test_site2.xml\",\"type\":\"text/xml\",\"mtime\":\"2018-12-16T21:25:48.443Z\"}}","level":"\u001b[34minfo\u001b[39m","timestamp":"2018-12-16 21:25:48"}
{"message":"Session created received the id:ccc35741-9923-4cc9-9e9a-89fa8855ef70","level":"\u001b[34minfo\u001b[39m","timestamp":"2018-12-16 21:32:26"}
{"message":"req.user: undefined","level":"\u001b[34minfo\u001b[39m","timestamp":"2018-12-16 21:32:35"}
{"message":"Session id started: {\"user\":\"2f24vvg\"}","level":"\u001b[34minfo\u001b[39m","timestamp":"2018-12-16 21:32:35"}
{"message":"User logged in: {\"id\":\"2f24vvg\",\"email\":\"test@test.com\",\"password\":\"$2a$10$A2g6pbxxhLA9MNYRJ0rnzOf/7Ara76B0KcRdjzUcsIBIclRuas/fG\"}","level":"\u001b[34minfo\u001b[39m","timestamp":"2018-12-16 21:32:35"}
{"message":"User (2f24vvg) uploaded a file: {\"file-upload\":{\"size\":454026,\"path\":\"C:\\\\develop\\\\nodejs\\\\projects\\\\aitam\\\\work\\\\ccc35741-9923-4cc9-9e9a-89fa8855ef70.xml\",\"name\":\"test_site2.xml\",\"type\":\"text/xml\",\"mtime\":\"2018-12-16T21:32:41.542Z\"}}","level":"\u001b[34minfo\u001b[39m","timestamp":"2018-12-16 21:32:41"}
{"message":"404 - Not Found","level":"\u001b[33mwarn\u001b[39m","timestamp":"2018-12-16 21:32:47"}
{"message":"req.user: undefined","level":"\u001b[34minfo\u001b[39m","timestamp":"2018-12-16 21:36:12"}
{"message":"Session id started: {\"user\":\"2f24vvg\"}","level":"\u001b[34minfo\u001b[39m","timestamp":"2018-12-16 21:36:12"}
{"message":"User logged in: {\"id\":\"2f24vvg\",\"email\":\"test@test.com\",\"password\":\"$2a$10$A2g6pbxxhLA9MNYRJ0rnzOf/7Ara76B0KcRdjzUcsIBIclRuas/fG\"}","level":"\u001b[34minfo\u001b[39m","timestamp":"2018-12-16 21:36:12"}
{"message":"User (2f24vvg) uploaded a file: {\"file-upload\":{\"size\":454026,\"path\":\"C:\\\\develop\\\\nodejs\\\\projects\\\\aitam\\\\work\\\\5f759f42-1ec8-4bc2-bfd4-fdd347b7a99f.xml\",\"name\":\"test_site2.xml\",\"type\":\"text/xml\",\"mtime\":\"2018-12-16T21:36:18.056Z\"}}","level":"\u001b[34minfo\u001b[39m","timestamp":"2018-12-16 21:36:18"}
{"message":"404 - Not Found","level":"\u001b[33mwarn\u001b[39m","timestamp":"2018-12-16 21:36:33"}
{"message":"req.user: undefined","level":"\u001b[34minfo\u001b[39m","timestamp":"2018-12-16 21:38:02"}
{"message":"Session id started: {\"user\":\"2f24vvg\"}","level":"\u001b[34minfo\u001b[39m","timestamp":"2018-12-16 21:38:02"}
{"message":"User logged in: {\"id\":\"2f24vvg\",\"email\":\"test@test.com\",\"password\":\"$2a$10$A2g6pbxxhLA9MNYRJ0rnzOf/7Ara76B0KcRdjzUcsIBIclRuas/fG\"}","level":"\u001b[34minfo\u001b[39m","timestamp":"2018-12-16 21:38:02"}
{"message":"User (2f24vvg) uploaded a file: {\"file-upload\":{\"size\":454026,\"path\":\"C:\\\\develop\\\\nodejs\\\\projects\\\\aitam\\\\work\\\\0263a85d-b707-4d00-b319-a101bbc85334.xml\",\"name\":\"test_site2.xml\",\"type\":\"text/xml\",\"mtime\":\"2018-12-16T21:38:08.695Z\"}}","level":"\u001b[34minfo\u001b[39m","timestamp":"2018-12-16 21:38:08"}
{"message":"Session created received the id:667f6a72-f21c-47b0-9314-c21d2c553417","level":"\u001b[34minfo\u001b[39m","timestamp":"2018-12-16 21:41:13"}
{"message":"req.user: undefined","level":"\u001b[34minfo\u001b[39m","timestamp":"2018-12-16 21:41:18"}
{"message":"Session id started: {\"user\":\"2f24vvg\"}","level":"\u001b[34minfo\u001b[39m","timestamp":"2018-12-16 21:41:18"}
{"message":"User logged in: {\"id\":\"2f24vvg\",\"email\":\"test@test.com\",\"password\":\"$2a$10$A2g6pbxxhLA9MNYRJ0rnzOf/7Ara76B0KcRdjzUcsIBIclRuas/fG\"}","level":"\u001b[34minfo\u001b[39m","timestamp":"2018-12-16 21:41:18"}
{"message":"User (2f24vvg) uploaded a file: {\"file-upload\":{\"size\":454026,\"path\":\"C:\\\\develop\\\\nodejs\\\\projects\\\\aitam\\\\work\\\\667f6a72-f21c-47b0-9314-c21d2c553417.xml\",\"name\":\"test_site2.xml\",\"type\":\"text/xml\",\"mtime\":\"2018-12-16T21:41:27.124Z\"}}","level":"\u001b[34minfo\u001b[39m","timestamp":"2018-12-16 21:41:27"}
{"message":"Session created received the id:d5e99315-fb6f-4420-a2a7-fd3a8b3e49a7","level":"\u001b[34minfo\u001b[39m","timestamp":"2018-12-16 21:43:57"}
{"message":"req.user: undefined","level":"\u001b[34minfo\u001b[39m","timestamp":"2018-12-16 21:44:02"}
{"message":"Session id started: {\"user\":\"2f24vvg\"}","level":"\u001b[34minfo\u001b[39m","timestamp":"2018-12-16 21:44:02"}
{"message":"User logged in: {\"id\":\"2f24vvg\",\"email\":\"test@test.com\",\"password\":\"$2a$10$A2g6pbxxhLA9MNYRJ0rnzOf/7Ara76B0KcRdjzUcsIBIclRuas/fG\"}","level":"\u001b[34minfo\u001b[39m","timestamp":"2018-12-16 21:44:02"}
{"message":"User (2f24vvg) uploaded a file: {\"file-upload\":{\"size\":454026,\"path\":\"C:\\\\develop\\\\nodejs\\\\projects\\\\aitam\\\\work\\\\d5e99315-fb6f-4420-a2a7-fd3a8b3e49a7.xml\",\"name\":\"test_site2.xml\",\"type\":\"text/xml\",\"mtime\":\"2018-12-16T21:44:08.185Z\"}}","level":"\u001b[34minfo\u001b[39m","timestamp":"2018-12-16 21:44:08"}
{"message":"Session created received the id:07b7c833-075e-48d7-9305-6f0e8ca3680b","level":"\u001b[34minfo\u001b[39m","timestamp":"2018-12-16 22:23:33"}
{"message":"req.user: undefined","level":"\u001b[34minfo\u001b[39m","timestamp":"2018-12-16 22:30:16"}
{"message":"Session id started: {\"user\":\"2f24vvg\"}","level":"\u001b[34minfo\u001b[39m","timestamp":"2018-12-16 22:30:16"}
{"message":"User logged in: {\"id\":\"2f24vvg\",\"email\":\"test@test.com\",\"password\":\"$2a$10$A2g6pbxxhLA9MNYRJ0rnzOf/7Ara76B0KcRdjzUcsIBIclRuas/fG\"}","level":"\u001b[34minfo\u001b[39m","timestamp":"2018-12-16 22:30:16"}
{"message":"User (2f24vvg) uploaded a file: {\"file-upload\":{\"size\":454026,\"path\":\"C:\\\\develop\\\\nodejs\\\\projects\\\\aitam\\\\work\\\\3f4f0ba3-0b99-4280-a9d9-0153ace01ddc.xml\",\"name\":\"test_site2.xml\",\"type\":\"text/xml\",\"mtime\":\"2018-12-16T22:30:23.868Z\"}}","level":"\u001b[34minfo\u001b[39m","timestamp":"2018-12-16 22:30:23"}
{"message":"req.user: undefined","level":"\u001b[34minfo\u001b[39m","timestamp":"2018-12-16 22:34:15"}
{"message":"Session id started: {\"user\":\"2f24vvg\"}","level":"\u001b[34minfo\u001b[39m","timestamp":"2018-12-16 22:34:15"}
{"message":"User logged in: {\"id\":\"2f24vvg\",\"email\":\"test@test.com\",\"password\":\"$2a$10$A2g6pbxxhLA9MNYRJ0rnzOf/7Ara76B0KcRdjzUcsIBIclRuas/fG\"}","level":"\u001b[34minfo\u001b[39m","timestamp":"2018-12-16 22:34:15"}
{"message":"New audit file created:C:\\develop\\nodejs\\projects\\aitam\\work\\c5c0a8cc-f1eb-4e38-8ad0-7e84c4b866d2.xml","level":"\u001b[34minfo\u001b[39m","timestamp":"2018-12-16 22:41:54"}
{"message":"User (2f24vvg) uploaded a file: {\"file-upload\":{\"size\":454026,\"path\":\"C:\\\\develop\\\\nodejs\\\\projects\\\\aitam\\\\work\\\\c5c0a8cc-f1eb-4e38-8ad0-7e84c4b866d2.xml\",\"name\":\"test_site2.xml\",\"type\":\"text/xml\",\"mtime\":\"2018-12-16T22:42:09.869Z\"}}","level":"\u001b[34minfo\u001b[39m","timestamp":"2018-12-16 22:42:09"}
{"message":"404 - Not Found","level":"\u001b[33mwarn\u001b[39m","timestamp":"2018-12-16 22:42:33"}
