{"message":"Session created received the id:148ae460-5640-4cff-97fa-fdb7afb24544","level":"\u001b[34minfo\u001b[39m","timestamp":"2018-12-12 21:14:48"}
{"message":"req.user: undefined","level":"\u001b[34minfo\u001b[39m","timestamp":"2018-12-12 21:14:54"}
{"message":"Session id started: {\"user\":\"2f24vvg\"}","level":"\u001b[34minfo\u001b[39m","timestamp":"2018-12-12 21:14:54"}
{"message":"User logged in: {\"id\":\"2f24vvg\",\"email\":\"test@test.com\",\"password\":\"$2a$10$A2g6pbxxhLA9MNYRJ0rnzOf/7Ara76B0KcRdjzUcsIBIclRuas/fG\"}","level":"\u001b[34minfo\u001b[39m","timestamp":"2018-12-12 21:14:54"}
{"message":"User (2f24vvg) uploaded a file: {\"file-upload\":{\"size\":453236,\"path\":\"C:\\\\develop\\\\nodejs\\\\projects\\\\aitam\\\\work\\\\148ae460-5640-4cff-97fa-fdb7afb24544.xml\",\"name\":\"BiljanaB.xml\",\"type\":\"text/xml\",\"mtime\":\"2018-12-12T21:15:02.924Z\"}}","level":"\u001b[34minfo\u001b[39m","timestamp":"2018-12-12 21:15:02"}
{"message":"req.user: undefined","level":"\u001b[34minfo\u001b[39m","timestamp":"2018-12-12 21:42:56"}
{"message":"Session id started: {\"user\":\"2f24vvg\"}","level":"\u001b[34minfo\u001b[39m","timestamp":"2018-12-12 21:42:56"}
{"message":"User logged in: {\"id\":\"2f24vvg\",\"email\":\"test@test.com\",\"password\":\"$2a$10$A2g6pbxxhLA9MNYRJ0rnzOf/7Ara76B0KcRdjzUcsIBIclRuas/fG\"}","level":"\u001b[34minfo\u001b[39m","timestamp":"2018-12-12 21:42:56"}
{"message":"User (2f24vvg) uploaded a file: {\"file-upload\":{\"size\":453230,\"path\":\"C:\\\\develop\\\\nodejs\\\\projects\\\\aitam\\\\work\\\\5df6e3f4-8ea6-4c29-a651-7ccc715e7a38.xml\",\"name\":\"BiljanaB.xml\",\"type\":\"text/xml\",\"mtime\":\"2018-12-12T21:43:02.233Z\"}}","level":"\u001b[34minfo\u001b[39m","timestamp":"2018-12-12 21:43:02"}
{"message":"Session created received the id:ca587f1c-ec1e-4aea-ae18-f0ab4a4079cf","level":"\u001b[34minfo\u001b[39m","timestamp":"2018-12-12 21:48:04"}
{"message":"404 - Not Found","level":"\u001b[33mwarn\u001b[39m","timestamp":"2018-12-12 21:48:09"}
{"message":"404 - Not Found","level":"\u001b[33mwarn\u001b[39m","timestamp":"2018-12-12 21:48:12"}
{"message":"req.user: undefined","level":"\u001b[34minfo\u001b[39m","timestamp":"2018-12-12 21:48:14"}
{"message":"Session id started: {\"user\":\"2f24vvg\"}","level":"\u001b[34minfo\u001b[39m","timestamp":"2018-12-12 21:48:14"}
{"message":"User logged in: {\"id\":\"2f24vvg\",\"email\":\"test@test.com\",\"password\":\"$2a$10$A2g6pbxxhLA9MNYRJ0rnzOf/7Ara76B0KcRdjzUcsIBIclRuas/fG\"}","level":"\u001b[34minfo\u001b[39m","timestamp":"2018-12-12 21:48:14"}
{"message":"404 - Not Found","level":"\u001b[33mwarn\u001b[39m","timestamp":"2018-12-12 21:48:14"}
{"message":"User (2f24vvg) uploaded a file: {\"file-upload\":{\"size\":453230,\"path\":\"C:\\\\develop\\\\nodejs\\\\projects\\\\aitam\\\\work\\\\ca587f1c-ec1e-4aea-ae18-f0ab4a4079cf.xml\",\"name\":\"BiljanaB.xml\",\"type\":\"text/xml\",\"mtime\":\"2018-12-12T21:48:20.421Z\"}}","level":"\u001b[34minfo\u001b[39m","timestamp":"2018-12-12 21:48:20"}
{"message":"404 - Not Found","level":"\u001b[33mwarn\u001b[39m","timestamp":"2018-12-12 21:48:20"}
{"message":"404 - Not Found","level":"\u001b[33mwarn\u001b[39m","timestamp":"2018-12-12 21:48:22"}
{"message":"404 - Not Found","level":"\u001b[33mwarn\u001b[39m","timestamp":"2018-12-12 21:53:52"}
{"message":"404 - Not Found","level":"\u001b[33mwarn\u001b[39m","timestamp":"2018-12-12 21:54:06"}
{"message":"Session created received the id:5df6e3f4-8ea6-4c29-a651-7ccc715e7a38","level":"\u001b[34minfo\u001b[39m","timestamp":"2018-12-12 21:54:45"}
{"message":"404 - Not Found","level":"\u001b[33mwarn\u001b[39m","timestamp":"2018-12-12 21:54:50"}
{"message":"404 - Not Found","level":"\u001b[33mwarn\u001b[39m","timestamp":"2018-12-12 21:56:17"}
{"message":"404 - Not Found","level":"\u001b[33mwarn\u001b[39m","timestamp":"2018-12-12 21:56:58"}
{"message":"404 - Not Found","level":"\u001b[33mwarn\u001b[39m","timestamp":"2018-12-12 21:57:07"}
{"message":"req.user: undefined","level":"\u001b[34minfo\u001b[39m","timestamp":"2018-12-12 21:59:32"}
{"message":"Session id started: {\"user\":\"2f24vvg\"}","level":"\u001b[34minfo\u001b[39m","timestamp":"2018-12-12 21:59:32"}
{"message":"User logged in: {\"id\":\"2f24vvg\",\"email\":\"test@test.com\",\"password\":\"$2a$10$A2g6pbxxhLA9MNYRJ0rnzOf/7Ara76B0KcRdjzUcsIBIclRuas/fG\"}","level":"\u001b[34minfo\u001b[39m","timestamp":"2018-12-12 21:59:32"}
{"message":"User (2f24vvg) uploaded a file: {\"file-upload\":{\"size\":453230,\"path\":\"C:\\\\develop\\\\nodejs\\\\projects\\\\aitam\\\\work\\\\fd336539-a3fa-4fd4-b996-6f65ddd959af.xml\",\"name\":\"BiljanaB.xml\",\"type\":\"text/xml\",\"mtime\":\"2018-12-12T21:59:38.286Z\"}}","level":"\u001b[34minfo\u001b[39m","timestamp":"2018-12-12 21:59:38"}
{"message":"Session created received the id:8f09127c-9398-4720-978a-374c1c0b23b4","level":"\u001b[34minfo\u001b[39m","timestamp":"2018-12-12 22:30:52"}
{"message":"404 - Not Found","level":"\u001b[33mwarn\u001b[39m","timestamp":"2018-12-12 22:30:53"}
{"message":"404 - Not Found","level":"\u001b[33mwarn\u001b[39m","timestamp":"2018-12-12 22:30:55"}
{"message":"req.user: undefined","level":"\u001b[34minfo\u001b[39m","timestamp":"2018-12-12 22:30:56"}
{"message":"Session id started: {\"user\":\"2f24vvg\"}","level":"\u001b[34minfo\u001b[39m","timestamp":"2018-12-12 22:30:56"}
{"message":"User logged in: {\"id\":\"2f24vvg\",\"email\":\"test@test.com\",\"password\":\"$2a$10$A2g6pbxxhLA9MNYRJ0rnzOf/7Ara76B0KcRdjzUcsIBIclRuas/fG\"}","level":"\u001b[34minfo\u001b[39m","timestamp":"2018-12-12 22:30:56"}
{"message":"404 - Not Found","level":"\u001b[33mwarn\u001b[39m","timestamp":"2018-12-12 22:30:57"}
{"message":"User (2f24vvg) uploaded a file: {\"file-upload\":{\"size\":453230,\"path\":\"C:\\\\develop\\\\nodejs\\\\projects\\\\aitam\\\\work\\\\8f09127c-9398-4720-978a-374c1c0b23b4.xml\",\"name\":\"BiljanaB.xml\",\"type\":\"text/xml\",\"mtime\":\"2018-12-12T22:31:02.572Z\"}}","level":"\u001b[34minfo\u001b[39m","timestamp":"2018-12-12 22:31:02"}
{"message":"404 - Not Found","level":"\u001b[33mwarn\u001b[39m","timestamp":"2018-12-12 22:31:02"}
{"message":"404 - Not Found","level":"\u001b[33mwarn\u001b[39m","timestamp":"2018-12-12 22:31:05"}
{"message":"404 - Not Found","level":"\u001b[33mwarn\u001b[39m","timestamp":"2018-12-12 22:31:08"}
{"message":"Session created received the id:fd336539-a3fa-4fd4-b996-6f65ddd959af","level":"\u001b[34minfo\u001b[39m","timestamp":"2018-12-12 22:35:53"}
