{"message":"Session created received the id:ae3c7e95-a4ab-447d-a0bb-7c74d408353e","level":"\u001b[34minfo\u001b[39m","timestamp":"2018-12-09 15:24:23"}
{"message":"req.user: undefined","level":"\u001b[34minfo\u001b[39m","timestamp":"2018-12-09 15:24:28"}
{"message":"Session id started: {\"user\":\"2f24vvg\"}","level":"\u001b[34minfo\u001b[39m","timestamp":"2018-12-09 15:24:28"}
{"message":"User logged in: {\"id\":\"2f24vvg\",\"email\":\"test@test.com\",\"password\":\"$2a$10$A2g6pbxxhLA9MNYRJ0rnzOf/7Ara76B0KcRdjzUcsIBIclRuas/fG\"}","level":"\u001b[34minfo\u001b[39m","timestamp":"2018-12-09 15:24:28"}
{"message":"User (2f24vvg) uploaded a file: {\"file-upload\":{\"size\":442895,\"path\":\"C:\\\\develop\\\\nodejs\\\\projects\\\\aitam\\\\work\\\\ae3c7e95-a4ab-447d-a0bb-7c74d408353e.xml\",\"name\":\"BiljanaB.xml\",\"type\":\"text/xml\",\"mtime\":\"2018-12-09T15:24:34.867Z\"}}","level":"\u001b[34minfo\u001b[39m","timestamp":"2018-12-09 15:24:34"}
{"message":"req.user: undefined","level":"\u001b[34minfo\u001b[39m","timestamp":"2018-12-09 15:26:46"}
{"message":"Session id started: {\"user\":\"2f24vvg\"}","level":"\u001b[34minfo\u001b[39m","timestamp":"2018-12-09 15:26:46"}
{"message":"User logged in: {\"id\":\"2f24vvg\",\"email\":\"test@test.com\",\"password\":\"$2a$10$A2g6pbxxhLA9MNYRJ0rnzOf/7Ara76B0KcRdjzUcsIBIclRuas/fG\"}","level":"\u001b[34minfo\u001b[39m","timestamp":"2018-12-09 15:26:46"}
{"message":"User (2f24vvg) uploaded a file: {\"file-upload\":{\"size\":442895,\"path\":\"C:\\\\develop\\\\nodejs\\\\projects\\\\aitam\\\\work\\\\adcc2e68-2134-41ad-91bd-1e1e2624350f.xml\",\"name\":\"BiljanaB.xml\",\"type\":\"text/xml\",\"mtime\":\"2018-12-09T15:26:53.104Z\"}}","level":"\u001b[34minfo\u001b[39m","timestamp":"2018-12-09 15:26:53"}
{"message":"req.user: undefined","level":"\u001b[34minfo\u001b[39m","timestamp":"2018-12-09 15:28:14"}
{"message":"Session id started: {\"user\":\"2f24vvg\"}","level":"\u001b[34minfo\u001b[39m","timestamp":"2018-12-09 15:28:14"}
{"message":"User logged in: {\"id\":\"2f24vvg\",\"email\":\"test@test.com\",\"password\":\"$2a$10$A2g6pbxxhLA9MNYRJ0rnzOf/7Ara76B0KcRdjzUcsIBIclRuas/fG\"}","level":"\u001b[34minfo\u001b[39m","timestamp":"2018-12-09 15:28:14"}
{"message":"User (2f24vvg) uploaded a file: {\"file-upload\":{\"size\":442895,\"path\":\"C:\\\\develop\\\\nodejs\\\\projects\\\\aitam\\\\work\\\\de4460f0-e47b-468f-9dca-9351e9595b83.xml\",\"name\":\"BiljanaB.xml\",\"type\":\"text/xml\",\"mtime\":\"2018-12-09T15:28:21.116Z\"}}","level":"\u001b[34minfo\u001b[39m","timestamp":"2018-12-09 15:28:21"}
{"message":"req.user: undefined","level":"\u001b[34minfo\u001b[39m","timestamp":"2018-12-09 15:29:45"}
{"message":"Session id started: {\"user\":\"2f24vvg\"}","level":"\u001b[34minfo\u001b[39m","timestamp":"2018-12-09 15:29:45"}
{"message":"User logged in: {\"id\":\"2f24vvg\",\"email\":\"test@test.com\",\"password\":\"$2a$10$A2g6pbxxhLA9MNYRJ0rnzOf/7Ara76B0KcRdjzUcsIBIclRuas/fG\"}","level":"\u001b[34minfo\u001b[39m","timestamp":"2018-12-09 15:29:45"}
{"message":"User (2f24vvg) uploaded a file: {\"file-upload\":{\"size\":442895,\"path\":\"C:\\\\develop\\\\nodejs\\\\projects\\\\aitam\\\\work\\\\19873fd0-6a8f-4b6c-9c98-7881b2239356.xml\",\"name\":\"BiljanaB.xml\",\"type\":\"text/xml\",\"mtime\":\"2018-12-09T15:29:52.318Z\"}}","level":"\u001b[34minfo\u001b[39m","timestamp":"2018-12-09 15:29:52"}
{"message":"Session created received the id:7b57303a-acf7-4a91-99b0-96030845167e","level":"\u001b[34minfo\u001b[39m","timestamp":"2018-12-09 15:32:33"}
{"message":"req.user: undefined","level":"\u001b[34minfo\u001b[39m","timestamp":"2018-12-09 15:32:39"}
{"message":"Session id started: {\"user\":\"2f24vvg\"}","level":"\u001b[34minfo\u001b[39m","timestamp":"2018-12-09 15:32:39"}
{"message":"User logged in: {\"id\":\"2f24vvg\",\"email\":\"test@test.com\",\"password\":\"$2a$10$A2g6pbxxhLA9MNYRJ0rnzOf/7Ara76B0KcRdjzUcsIBIclRuas/fG\"}","level":"\u001b[34minfo\u001b[39m","timestamp":"2018-12-09 15:32:39"}
{"message":"User (2f24vvg) uploaded a file: {\"file-upload\":{\"size\":442895,\"path\":\"C:\\\\develop\\\\nodejs\\\\projects\\\\aitam\\\\work\\\\7b57303a-acf7-4a91-99b0-96030845167e.xml\",\"name\":\"BiljanaB.xml\",\"type\":\"text/xml\",\"mtime\":\"2018-12-09T15:32:45.430Z\"}}","level":"\u001b[34minfo\u001b[39m","timestamp":"2018-12-09 15:32:45"}
{"message":"Session created received the id:7b57303a-acf7-4a91-99b0-96030845167e","level":"\u001b[34minfo\u001b[39m","timestamp":"2018-12-09 15:36:27"}
{"message":"req.user: undefined","level":"\u001b[34minfo\u001b[39m","timestamp":"2018-12-09 15:37:03"}
{"message":"Session id started: {\"user\":\"2f24vvg\"}","level":"\u001b[34minfo\u001b[39m","timestamp":"2018-12-09 15:37:03"}
{"message":"User logged in: {\"id\":\"2f24vvg\",\"email\":\"test@test.com\",\"password\":\"$2a$10$A2g6pbxxhLA9MNYRJ0rnzOf/7Ara76B0KcRdjzUcsIBIclRuas/fG\"}","level":"\u001b[34minfo\u001b[39m","timestamp":"2018-12-09 15:37:03"}
{"message":"User (2f24vvg) uploaded a file: {\"file-upload\":{\"size\":442895,\"path\":\"C:\\\\develop\\\\nodejs\\\\projects\\\\aitam\\\\work\\\\e2eb5e0f-807a-4c8b-81fb-4bbcbb47575b.xml\",\"name\":\"BiljanaB.xml\",\"type\":\"text/xml\",\"mtime\":\"2018-12-09T15:37:09.243Z\"}}","level":"\u001b[34minfo\u001b[39m","timestamp":"2018-12-09 15:37:09"}
{"message":"Session created received the id:fe6625e9-4dd5-4d9c-b1da-dccfb9a3c8f0","level":"\u001b[34minfo\u001b[39m","timestamp":"2018-12-09 15:38:49"}
{"message":"req.user: undefined","level":"\u001b[34minfo\u001b[39m","timestamp":"2018-12-09 15:38:54"}
{"message":"Session id started: {\"user\":\"2f24vvg\"}","level":"\u001b[34minfo\u001b[39m","timestamp":"2018-12-09 15:38:54"}
{"message":"User logged in: {\"id\":\"2f24vvg\",\"email\":\"test@test.com\",\"password\":\"$2a$10$A2g6pbxxhLA9MNYRJ0rnzOf/7Ara76B0KcRdjzUcsIBIclRuas/fG\"}","level":"\u001b[34minfo\u001b[39m","timestamp":"2018-12-09 15:38:54"}
{"message":"User (2f24vvg) uploaded a file: {\"file-upload\":{\"size\":442895,\"path\":\"C:\\\\develop\\\\nodejs\\\\projects\\\\aitam\\\\work\\\\fe6625e9-4dd5-4d9c-b1da-dccfb9a3c8f0.xml\",\"name\":\"BiljanaB.xml\",\"type\":\"text/xml\",\"mtime\":\"2018-12-09T15:38:59.699Z\"}}","level":"\u001b[34minfo\u001b[39m","timestamp":"2018-12-09 15:38:59"}
{"message":"Session created received the id:6b081c9d-4e74-4a45-a7df-02e5a220f0f8","level":"\u001b[34minfo\u001b[39m","timestamp":"2018-12-09 15:40:32"}
{"message":"req.user: undefined","level":"\u001b[34minfo\u001b[39m","timestamp":"2018-12-09 15:40:37"}
{"message":"Session id started: {\"user\":\"2f24vvg\"}","level":"\u001b[34minfo\u001b[39m","timestamp":"2018-12-09 15:40:37"}
{"message":"User logged in: {\"id\":\"2f24vvg\",\"email\":\"test@test.com\",\"password\":\"$2a$10$A2g6pbxxhLA9MNYRJ0rnzOf/7Ara76B0KcRdjzUcsIBIclRuas/fG\"}","level":"\u001b[34minfo\u001b[39m","timestamp":"2018-12-09 15:40:37"}
{"message":"User (2f24vvg) uploaded a file: {\"file-upload\":{\"size\":442895,\"path\":\"C:\\\\develop\\\\nodejs\\\\projects\\\\aitam\\\\work\\\\6b081c9d-4e74-4a45-a7df-02e5a220f0f8.xml\",\"name\":\"BiljanaB.xml\",\"type\":\"text/xml\",\"mtime\":\"2018-12-09T15:40:42.519Z\"}}","level":"\u001b[34minfo\u001b[39m","timestamp":"2018-12-09 15:40:42"}
{"message":"Session created received the id:114c607d-55b7-4ef9-85d0-d18f761d5600","level":"\u001b[34minfo\u001b[39m","timestamp":"2018-12-09 15:41:34"}
{"message":"req.user: undefined","level":"\u001b[34minfo\u001b[39m","timestamp":"2018-12-09 15:41:38"}
{"message":"Session id started: {\"user\":\"2f24vvg\"}","level":"\u001b[34minfo\u001b[39m","timestamp":"2018-12-09 15:41:38"}
{"message":"User logged in: {\"id\":\"2f24vvg\",\"email\":\"test@test.com\",\"password\":\"$2a$10$A2g6pbxxhLA9MNYRJ0rnzOf/7Ara76B0KcRdjzUcsIBIclRuas/fG\"}","level":"\u001b[34minfo\u001b[39m","timestamp":"2018-12-09 15:41:38"}
{"message":"User (2f24vvg) uploaded a file: {\"file-upload\":{\"size\":442895,\"path\":\"C:\\\\develop\\\\nodejs\\\\projects\\\\aitam\\\\work\\\\114c607d-55b7-4ef9-85d0-d18f761d5600.xml\",\"name\":\"BiljanaB.xml\",\"type\":\"text/xml\",\"mtime\":\"2018-12-09T15:41:43.395Z\"}}","level":"\u001b[34minfo\u001b[39m","timestamp":"2018-12-09 15:41:43"}
{"message":"Session created received the id:bb124da5-3172-4264-be79-322204dbcac4","level":"\u001b[34minfo\u001b[39m","timestamp":"2018-12-09 15:42:18"}
{"message":"req.user: undefined","level":"\u001b[34minfo\u001b[39m","timestamp":"2018-12-09 15:42:22"}
{"message":"Session id started: {\"user\":\"2f24vvg\"}","level":"\u001b[34minfo\u001b[39m","timestamp":"2018-12-09 15:42:22"}
{"message":"User logged in: {\"id\":\"2f24vvg\",\"email\":\"test@test.com\",\"password\":\"$2a$10$A2g6pbxxhLA9MNYRJ0rnzOf/7Ara76B0KcRdjzUcsIBIclRuas/fG\"}","level":"\u001b[34minfo\u001b[39m","timestamp":"2018-12-09 15:42:22"}
{"message":"User (2f24vvg) uploaded a file: {\"file-upload\":{\"size\":442895,\"path\":\"C:\\\\develop\\\\nodejs\\\\projects\\\\aitam\\\\work\\\\bb124da5-3172-4264-be79-322204dbcac4.xml\",\"name\":\"BiljanaB.xml\",\"type\":\"text/xml\",\"mtime\":\"2018-12-09T15:42:27.628Z\"}}","level":"\u001b[34minfo\u001b[39m","timestamp":"2018-12-09 15:42:27"}
{"message":"Session created received the id:c3850869-3410-488a-abf3-9306b0809386","level":"\u001b[34minfo\u001b[39m","timestamp":"2018-12-09 15:43:26"}
{"message":"req.user: undefined","level":"\u001b[34minfo\u001b[39m","timestamp":"2018-12-09 15:43:31"}
{"message":"Session id started: {\"user\":\"2f24vvg\"}","level":"\u001b[34minfo\u001b[39m","timestamp":"2018-12-09 15:43:31"}
{"message":"User logged in: {\"id\":\"2f24vvg\",\"email\":\"test@test.com\",\"password\":\"$2a$10$A2g6pbxxhLA9MNYRJ0rnzOf/7Ara76B0KcRdjzUcsIBIclRuas/fG\"}","level":"\u001b[34minfo\u001b[39m","timestamp":"2018-12-09 15:43:31"}
{"message":"User (2f24vvg) uploaded a file: {\"file-upload\":{\"size\":442895,\"path\":\"C:\\\\develop\\\\nodejs\\\\projects\\\\aitam\\\\work\\\\c3850869-3410-488a-abf3-9306b0809386.xml\",\"name\":\"BiljanaB.xml\",\"type\":\"text/xml\",\"mtime\":\"2018-12-09T15:43:36.530Z\"}}","level":"\u001b[34minfo\u001b[39m","timestamp":"2018-12-09 15:43:36"}
{"message":"Session created received the id:46d48721-4062-4aaa-83eb-8f20d4b2a5b4","level":"\u001b[34minfo\u001b[39m","timestamp":"2018-12-09 15:44:12"}
{"message":"req.user: undefined","level":"\u001b[34minfo\u001b[39m","timestamp":"2018-12-09 15:44:16"}
{"message":"Session id started: {\"user\":\"2f24vvg\"}","level":"\u001b[34minfo\u001b[39m","timestamp":"2018-12-09 15:44:16"}
{"message":"User logged in: {\"id\":\"2f24vvg\",\"email\":\"test@test.com\",\"password\":\"$2a$10$A2g6pbxxhLA9MNYRJ0rnzOf/7Ara76B0KcRdjzUcsIBIclRuas/fG\"}","level":"\u001b[34minfo\u001b[39m","timestamp":"2018-12-09 15:44:16"}
{"message":"User (2f24vvg) uploaded a file: {\"file-upload\":{\"size\":442895,\"path\":\"C:\\\\develop\\\\nodejs\\\\projects\\\\aitam\\\\work\\\\46d48721-4062-4aaa-83eb-8f20d4b2a5b4.xml\",\"name\":\"BiljanaB.xml\",\"type\":\"text/xml\",\"mtime\":\"2018-12-09T15:44:22.910Z\"}}","level":"\u001b[34minfo\u001b[39m","timestamp":"2018-12-09 15:44:22"}
{"message":"Session created received the id:2ce147b1-2c54-40c8-9bdb-2816357a1a6e","level":"\u001b[34minfo\u001b[39m","timestamp":"2018-12-09 15:45:37"}
{"message":"req.user: undefined","level":"\u001b[34minfo\u001b[39m","timestamp":"2018-12-09 15:45:46"}
{"message":"Session id started: {\"user\":\"2f24vvg\"}","level":"\u001b[34minfo\u001b[39m","timestamp":"2018-12-09 15:45:46"}
{"message":"User logged in: {\"id\":\"2f24vvg\",\"email\":\"test@test.com\",\"password\":\"$2a$10$A2g6pbxxhLA9MNYRJ0rnzOf/7Ara76B0KcRdjzUcsIBIclRuas/fG\"}","level":"\u001b[34minfo\u001b[39m","timestamp":"2018-12-09 15:45:46"}
{"message":"User (2f24vvg) uploaded a file: {\"file-upload\":{\"size\":442895,\"path\":\"C:\\\\develop\\\\nodejs\\\\projects\\\\aitam\\\\work\\\\2ce147b1-2c54-40c8-9bdb-2816357a1a6e.xml\",\"name\":\"BiljanaB.xml\",\"type\":\"text/xml\",\"mtime\":\"2018-12-09T15:45:51.221Z\"}}","level":"\u001b[34minfo\u001b[39m","timestamp":"2018-12-09 15:45:51"}
{"message":"Session created received the id:d89e6eee-a7fb-4249-b73a-41017a395d25","level":"\u001b[34minfo\u001b[39m","timestamp":"2018-12-09 15:46:22"}
{"message":"req.user: undefined","level":"\u001b[34minfo\u001b[39m","timestamp":"2018-12-09 15:46:27"}
{"message":"Session id started: {\"user\":\"2f24vvg\"}","level":"\u001b[34minfo\u001b[39m","timestamp":"2018-12-09 15:46:27"}
{"message":"User logged in: {\"id\":\"2f24vvg\",\"email\":\"test@test.com\",\"password\":\"$2a$10$A2g6pbxxhLA9MNYRJ0rnzOf/7Ara76B0KcRdjzUcsIBIclRuas/fG\"}","level":"\u001b[34minfo\u001b[39m","timestamp":"2018-12-09 15:46:27"}
{"message":"User (2f24vvg) uploaded a file: {\"file-upload\":{\"size\":442895,\"path\":\"C:\\\\develop\\\\nodejs\\\\projects\\\\aitam\\\\work\\\\d89e6eee-a7fb-4249-b73a-41017a395d25.xml\",\"name\":\"BiljanaB.xml\",\"type\":\"text/xml\",\"mtime\":\"2018-12-09T15:46:33.057Z\"}}","level":"\u001b[34minfo\u001b[39m","timestamp":"2018-12-09 15:46:33"}
{"message":"Session created received the id:ee53d82b-d9dd-40cb-a185-d4f4d127c171","level":"\u001b[34minfo\u001b[39m","timestamp":"2018-12-09 16:09:01"}
{"message":"req.user: undefined","level":"\u001b[34minfo\u001b[39m","timestamp":"2018-12-09 16:09:13"}
{"message":"Session id started: {\"user\":\"2f24vvg\"}","level":"\u001b[34minfo\u001b[39m","timestamp":"2018-12-09 16:09:13"}
{"message":"User logged in: {\"id\":\"2f24vvg\",\"email\":\"test@test.com\",\"password\":\"$2a$10$A2g6pbxxhLA9MNYRJ0rnzOf/7Ara76B0KcRdjzUcsIBIclRuas/fG\"}","level":"\u001b[34minfo\u001b[39m","timestamp":"2018-12-09 16:09:13"}
{"message":"User (2f24vvg) uploaded a file: {\"file-upload\":{\"size\":442895,\"path\":\"C:\\\\develop\\\\nodejs\\\\projects\\\\aitam\\\\work\\\\ee53d82b-d9dd-40cb-a185-d4f4d127c171.xml\",\"name\":\"BiljanaB.xml\",\"type\":\"text/xml\",\"mtime\":\"2018-12-09T16:09:20.183Z\"}}","level":"\u001b[34minfo\u001b[39m","timestamp":"2018-12-09 16:09:20"}
{"message":"Session created received the id:ea1116f4-b5ec-4ca5-bc17-3d467353e4b4","level":"\u001b[34minfo\u001b[39m","timestamp":"2018-12-09 16:11:23"}
{"message":"req.user: undefined","level":"\u001b[34minfo\u001b[39m","timestamp":"2018-12-09 16:11:28"}
{"message":"Session id started: {\"user\":\"2f24vvg\"}","level":"\u001b[34minfo\u001b[39m","timestamp":"2018-12-09 16:11:28"}
{"message":"User logged in: {\"id\":\"2f24vvg\",\"email\":\"test@test.com\",\"password\":\"$2a$10$A2g6pbxxhLA9MNYRJ0rnzOf/7Ara76B0KcRdjzUcsIBIclRuas/fG\"}","level":"\u001b[34minfo\u001b[39m","timestamp":"2018-12-09 16:11:28"}
{"message":"User (2f24vvg) uploaded a file: {\"file-upload\":{\"size\":442895,\"path\":\"C:\\\\develop\\\\nodejs\\\\projects\\\\aitam\\\\work\\\\ea1116f4-b5ec-4ca5-bc17-3d467353e4b4.xml\",\"name\":\"BiljanaB.xml\",\"type\":\"text/xml\",\"mtime\":\"2018-12-09T16:11:33.857Z\"}}","level":"\u001b[34minfo\u001b[39m","timestamp":"2018-12-09 16:11:33"}
{"message":"Session created received the id:d1669a88-4b11-49a7-a32c-5ccb7f5171c9","level":"\u001b[34minfo\u001b[39m","timestamp":"2018-12-09 16:13:30"}
{"message":"req.user: undefined","level":"\u001b[34minfo\u001b[39m","timestamp":"2018-12-09 16:13:34"}
{"message":"Session id started: {\"user\":\"2f24vvg\"}","level":"\u001b[34minfo\u001b[39m","timestamp":"2018-12-09 16:13:34"}
{"message":"User logged in: {\"id\":\"2f24vvg\",\"email\":\"test@test.com\",\"password\":\"$2a$10$A2g6pbxxhLA9MNYRJ0rnzOf/7Ara76B0KcRdjzUcsIBIclRuas/fG\"}","level":"\u001b[34minfo\u001b[39m","timestamp":"2018-12-09 16:13:34"}
{"message":"User (2f24vvg) uploaded a file: {\"file-upload\":{\"size\":442895,\"path\":\"C:\\\\develop\\\\nodejs\\\\projects\\\\aitam\\\\work\\\\d1669a88-4b11-49a7-a32c-5ccb7f5171c9.xml\",\"name\":\"BiljanaB.xml\",\"type\":\"text/xml\",\"mtime\":\"2018-12-09T16:13:39.816Z\"}}","level":"\u001b[34minfo\u001b[39m","timestamp":"2018-12-09 16:13:39"}
{"message":"Session created received the id:0e5b1d3e-2666-465c-a15c-0eadf9fd9e3a","level":"\u001b[34minfo\u001b[39m","timestamp":"2018-12-09 16:14:35"}
{"message":"req.user: undefined","level":"\u001b[34minfo\u001b[39m","timestamp":"2018-12-09 16:14:39"}
{"message":"Session id started: {\"user\":\"2f24vvg\"}","level":"\u001b[34minfo\u001b[39m","timestamp":"2018-12-09 16:14:39"}
{"message":"User logged in: {\"id\":\"2f24vvg\",\"email\":\"test@test.com\",\"password\":\"$2a$10$A2g6pbxxhLA9MNYRJ0rnzOf/7Ara76B0KcRdjzUcsIBIclRuas/fG\"}","level":"\u001b[34minfo\u001b[39m","timestamp":"2018-12-09 16:14:39"}
{"message":"User (2f24vvg) uploaded a file: {\"file-upload\":{\"size\":442895,\"path\":\"C:\\\\develop\\\\nodejs\\\\projects\\\\aitam\\\\work\\\\0e5b1d3e-2666-465c-a15c-0eadf9fd9e3a.xml\",\"name\":\"BiljanaB.xml\",\"type\":\"text/xml\",\"mtime\":\"2018-12-09T16:14:51.235Z\"}}","level":"\u001b[34minfo\u001b[39m","timestamp":"2018-12-09 16:14:51"}
{"message":"req.user: undefined","level":"\u001b[34minfo\u001b[39m","timestamp":"2018-12-09 16:15:47"}
{"message":"Session id started: {\"user\":\"2f24vvg\"}","level":"\u001b[34minfo\u001b[39m","timestamp":"2018-12-09 16:15:47"}
{"message":"User logged in: {\"id\":\"2f24vvg\",\"email\":\"test@test.com\",\"password\":\"$2a$10$A2g6pbxxhLA9MNYRJ0rnzOf/7Ara76B0KcRdjzUcsIBIclRuas/fG\"}","level":"\u001b[34minfo\u001b[39m","timestamp":"2018-12-09 16:15:47"}
{"message":"User (2f24vvg) uploaded a file: {\"file-upload\":{\"size\":442895,\"path\":\"C:\\\\develop\\\\nodejs\\\\projects\\\\aitam\\\\work\\\\53ff452b-5e94-4d61-95a1-cbd3578d74c0.xml\",\"name\":\"BiljanaB.xml\",\"type\":\"text/xml\",\"mtime\":\"2018-12-09T16:16:00.597Z\"}}","level":"\u001b[34minfo\u001b[39m","timestamp":"2018-12-09 16:16:00"}
{"message":"Session created received the id:c4226827-5fef-47da-b5fa-a2a98e5b67bc","level":"\u001b[34minfo\u001b[39m","timestamp":"2018-12-09 16:17:00"}
{"message":"req.user: undefined","level":"\u001b[34minfo\u001b[39m","timestamp":"2018-12-09 16:17:07"}
{"message":"Session id started: {\"user\":\"2f24vvg\"}","level":"\u001b[34minfo\u001b[39m","timestamp":"2018-12-09 16:17:07"}
{"message":"User logged in: {\"id\":\"2f24vvg\",\"email\":\"test@test.com\",\"password\":\"$2a$10$A2g6pbxxhLA9MNYRJ0rnzOf/7Ara76B0KcRdjzUcsIBIclRuas/fG\"}","level":"\u001b[34minfo\u001b[39m","timestamp":"2018-12-09 16:17:07"}
{"message":"User (2f24vvg) uploaded a file: {\"file-upload\":{\"size\":442895,\"path\":\"C:\\\\develop\\\\nodejs\\\\projects\\\\aitam\\\\work\\\\c4226827-5fef-47da-b5fa-a2a98e5b67bc.xml\",\"name\":\"BiljanaB.xml\",\"type\":\"text/xml\",\"mtime\":\"2018-12-09T16:17:14.208Z\"}}","level":"\u001b[34minfo\u001b[39m","timestamp":"2018-12-09 16:17:14"}
{"message":"Session created received the id:fbac4d30-40c5-4106-b359-32d6b43291ec","level":"\u001b[34minfo\u001b[39m","timestamp":"2018-12-09 17:32:44"}
{"message":"req.user: undefined","level":"\u001b[34minfo\u001b[39m","timestamp":"2018-12-09 17:32:49"}
{"message":"Session id started: {\"user\":\"2f24vvg\"}","level":"\u001b[34minfo\u001b[39m","timestamp":"2018-12-09 17:32:49"}
{"message":"User logged in: {\"id\":\"2f24vvg\",\"email\":\"test@test.com\",\"password\":\"$2a$10$A2g6pbxxhLA9MNYRJ0rnzOf/7Ara76B0KcRdjzUcsIBIclRuas/fG\"}","level":"\u001b[34minfo\u001b[39m","timestamp":"2018-12-09 17:32:49"}
{"message":"User (2f24vvg) uploaded a file: {\"file-upload\":{\"size\":442895,\"path\":\"C:\\\\develop\\\\nodejs\\\\projects\\\\aitam\\\\work\\\\fbac4d30-40c5-4106-b359-32d6b43291ec.xml\",\"name\":\"BiljanaB.xml\",\"type\":\"text/xml\",\"mtime\":\"2018-12-09T17:32:56.835Z\"}}","level":"\u001b[34minfo\u001b[39m","timestamp":"2018-12-09 17:32:56"}
{"message":"Session created received the id:818807c8-8a0c-423d-a39e-5ef647e53695","level":"\u001b[34minfo\u001b[39m","timestamp":"2018-12-09 17:34:45"}
{"message":"req.user: undefined","level":"\u001b[34minfo\u001b[39m","timestamp":"2018-12-09 17:34:50"}
{"message":"Session id started: {\"user\":\"2f24vvg\"}","level":"\u001b[34minfo\u001b[39m","timestamp":"2018-12-09 17:34:50"}
{"message":"User logged in: {\"id\":\"2f24vvg\",\"email\":\"test@test.com\",\"password\":\"$2a$10$A2g6pbxxhLA9MNYRJ0rnzOf/7Ara76B0KcRdjzUcsIBIclRuas/fG\"}","level":"\u001b[34minfo\u001b[39m","timestamp":"2018-12-09 17:34:50"}
{"message":"User (2f24vvg) uploaded a file: {\"file-upload\":{\"size\":442895,\"path\":\"C:\\\\develop\\\\nodejs\\\\projects\\\\aitam\\\\work\\\\818807c8-8a0c-423d-a39e-5ef647e53695.xml\",\"name\":\"BiljanaB.xml\",\"type\":\"text/xml\",\"mtime\":\"2018-12-09T17:34:56.272Z\"}}","level":"\u001b[34minfo\u001b[39m","timestamp":"2018-12-09 17:34:56"}
{"message":"req.user: undefined","level":"\u001b[34minfo\u001b[39m","timestamp":"2018-12-09 17:36:10"}
{"message":"Session id started: {\"user\":\"2f24vvg\"}","level":"\u001b[34minfo\u001b[39m","timestamp":"2018-12-09 17:36:10"}
{"message":"User logged in: {\"id\":\"2f24vvg\",\"email\":\"test@test.com\",\"password\":\"$2a$10$A2g6pbxxhLA9MNYRJ0rnzOf/7Ara76B0KcRdjzUcsIBIclRuas/fG\"}","level":"\u001b[34minfo\u001b[39m","timestamp":"2018-12-09 17:36:10"}
{"message":"User (2f24vvg) uploaded a file: {\"file-upload\":{\"size\":442895,\"path\":\"C:\\\\develop\\\\nodejs\\\\projects\\\\aitam\\\\work\\\\4ea190dc-f7b4-41d6-840a-caf6d75f3542.xml\",\"name\":\"BiljanaB.xml\",\"type\":\"text/xml\",\"mtime\":\"2018-12-09T17:36:20.348Z\"}}","level":"\u001b[34minfo\u001b[39m","timestamp":"2018-12-09 17:36:20"}
{"message":"req.user: undefined","level":"\u001b[34minfo\u001b[39m","timestamp":"2018-12-09 17:42:40"}
{"message":"Session id started: {\"user\":\"2f24vvg\"}","level":"\u001b[34minfo\u001b[39m","timestamp":"2018-12-09 17:42:40"}
{"message":"User logged in: {\"id\":\"2f24vvg\",\"email\":\"test@test.com\",\"password\":\"$2a$10$A2g6pbxxhLA9MNYRJ0rnzOf/7Ara76B0KcRdjzUcsIBIclRuas/fG\"}","level":"\u001b[34minfo\u001b[39m","timestamp":"2018-12-09 17:42:40"}
{"message":"User (2f24vvg) uploaded a file: {\"file-upload\":{\"size\":442895,\"path\":\"C:\\\\develop\\\\nodejs\\\\projects\\\\aitam\\\\work\\\\022f6b3b-36d9-4b20-8327-9596e49ac807.xml\",\"name\":\"BiljanaB.xml\",\"type\":\"text/xml\",\"mtime\":\"2018-12-09T17:42:45.824Z\"}}","level":"\u001b[34minfo\u001b[39m","timestamp":"2018-12-09 17:42:45"}
{"message":"req.user: undefined","level":"\u001b[34minfo\u001b[39m","timestamp":"2018-12-09 17:46:25"}
{"message":"Session id started: {\"user\":\"2f24vvg\"}","level":"\u001b[34minfo\u001b[39m","timestamp":"2018-12-09 17:46:25"}
{"message":"User logged in: {\"id\":\"2f24vvg\",\"email\":\"test@test.com\",\"password\":\"$2a$10$A2g6pbxxhLA9MNYRJ0rnzOf/7Ara76B0KcRdjzUcsIBIclRuas/fG\"}","level":"\u001b[34minfo\u001b[39m","timestamp":"2018-12-09 17:46:25"}
{"message":"User (2f24vvg) uploaded a file: {\"file-upload\":{\"size\":442895,\"path\":\"C:\\\\develop\\\\nodejs\\\\projects\\\\aitam\\\\work\\\\411ff561-8b40-469b-89c4-9e1ad7affc12.xml\",\"name\":\"BiljanaB.xml\",\"type\":\"text/xml\",\"mtime\":\"2018-12-09T17:46:32.429Z\"}}","level":"\u001b[34minfo\u001b[39m","timestamp":"2018-12-09 17:46:32"}
{"message":"Session created received the id:bec48455-deaf-4c99-a611-fe5127e390c8","level":"\u001b[34minfo\u001b[39m","timestamp":"2018-12-09 17:48:03"}
{"message":"404 - Not Found","level":"\u001b[33mwarn\u001b[39m","timestamp":"2018-12-09 17:48:04"}
{"message":"404 - Not Found","level":"\u001b[33mwarn\u001b[39m","timestamp":"2018-12-09 17:48:05"}
{"message":"req.user: undefined","level":"\u001b[34minfo\u001b[39m","timestamp":"2018-12-09 17:48:07"}
{"message":"Session id started: {\"user\":\"2f24vvg\"}","level":"\u001b[34minfo\u001b[39m","timestamp":"2018-12-09 17:48:07"}
{"message":"User logged in: {\"id\":\"2f24vvg\",\"email\":\"test@test.com\",\"password\":\"$2a$10$A2g6pbxxhLA9MNYRJ0rnzOf/7Ara76B0KcRdjzUcsIBIclRuas/fG\"}","level":"\u001b[34minfo\u001b[39m","timestamp":"2018-12-09 17:48:07"}
{"message":"404 - Not Found","level":"\u001b[33mwarn\u001b[39m","timestamp":"2018-12-09 17:48:07"}
{"message":"User (2f24vvg) uploaded a file: {\"file-upload\":{\"size\":442895,\"path\":\"C:\\\\develop\\\\nodejs\\\\projects\\\\aitam\\\\work\\\\bec48455-deaf-4c99-a611-fe5127e390c8.xml\",\"name\":\"BiljanaB.xml\",\"type\":\"text/xml\",\"mtime\":\"2018-12-09T17:48:14.453Z\"}}","level":"\u001b[34minfo\u001b[39m","timestamp":"2018-12-09 17:48:14"}
{"message":"404 - Not Found","level":"\u001b[33mwarn\u001b[39m","timestamp":"2018-12-09 17:48:14"}
{"message":"404 - Not Found","level":"\u001b[33mwarn\u001b[39m","timestamp":"2018-12-09 17:48:19"}
{"message":"404 - Not Found","level":"\u001b[33mwarn\u001b[39m","timestamp":"2018-12-09 17:48:22"}
{"message":"404 - Not Found","level":"\u001b[33mwarn\u001b[39m","timestamp":"2018-12-09 17:48:31"}
{"message":"404 - Not Found","level":"\u001b[33mwarn\u001b[39m","timestamp":"2018-12-09 17:48:38"}
{"message":"404 - Not Found","level":"\u001b[33mwarn\u001b[39m","timestamp":"2018-12-09 18:02:48"}
{"message":"req.user: undefined","level":"\u001b[34minfo\u001b[39m","timestamp":"2018-12-09 18:02:50"}
{"message":"Session id started: {\"user\":\"2f24vvg\"}","level":"\u001b[34minfo\u001b[39m","timestamp":"2018-12-09 18:02:50"}
{"message":"User logged in: {\"id\":\"2f24vvg\",\"email\":\"test@test.com\",\"password\":\"$2a$10$A2g6pbxxhLA9MNYRJ0rnzOf/7Ara76B0KcRdjzUcsIBIclRuas/fG\"}","level":"\u001b[34minfo\u001b[39m","timestamp":"2018-12-09 18:02:50"}
{"message":"404 - Not Found","level":"\u001b[33mwarn\u001b[39m","timestamp":"2018-12-09 18:02:51"}
{"message":"User (2f24vvg) uploaded a file: {\"file-upload\":{\"size\":442895,\"path\":\"C:\\\\develop\\\\nodejs\\\\projects\\\\aitam\\\\work\\\\02dc1440-6547-4410-bad3-84df74b8ce70.xml\",\"name\":\"BiljanaB.xml\",\"type\":\"text/xml\",\"mtime\":\"2018-12-09T18:02:58.605Z\"}}","level":"\u001b[34minfo\u001b[39m","timestamp":"2018-12-09 18:02:58"}
{"message":"404 - Not Found","level":"\u001b[33mwarn\u001b[39m","timestamp":"2018-12-09 18:02:58"}
{"message":"404 - Not Found","level":"\u001b[33mwarn\u001b[39m","timestamp":"2018-12-09 18:03:03"}
{"message":"404 - Not Found","level":"\u001b[33mwarn\u001b[39m","timestamp":"2018-12-09 18:03:32"}
{"message":"404 - Not Found","level":"\u001b[33mwarn\u001b[39m","timestamp":"2018-12-09 18:05:38"}
{"message":"404 - Not Found","level":"\u001b[33mwarn\u001b[39m","timestamp":"2018-12-09 18:06:17"}
{"message":"req.user: undefined","level":"\u001b[34minfo\u001b[39m","timestamp":"2018-12-09 18:06:27"}
{"message":"Session id started: {\"user\":\"2f24vvg\"}","level":"\u001b[34minfo\u001b[39m","timestamp":"2018-12-09 18:06:27"}
{"message":"User logged in: {\"id\":\"2f24vvg\",\"email\":\"test@test.com\",\"password\":\"$2a$10$A2g6pbxxhLA9MNYRJ0rnzOf/7Ara76B0KcRdjzUcsIBIclRuas/fG\"}","level":"\u001b[34minfo\u001b[39m","timestamp":"2018-12-09 18:06:27"}
{"message":"User (2f24vvg) uploaded a file: {\"file-upload\":{\"size\":442895,\"path\":\"C:\\\\develop\\\\nodejs\\\\projects\\\\aitam\\\\work\\\\cff096dc-a6fa-4541-bdad-0f8cdaa00546.xml\",\"name\":\"BiljanaB.xml\",\"type\":\"text/xml\",\"mtime\":\"2018-12-09T18:06:33.082Z\"}}","level":"\u001b[34minfo\u001b[39m","timestamp":"2018-12-09 18:06:33"}
{"message":"404 - Not Found","level":"\u001b[33mwarn\u001b[39m","timestamp":"2018-12-09 18:06:53"}
{"message":"404 - Not Found","level":"\u001b[33mwarn\u001b[39m","timestamp":"2018-12-09 18:08:21"}
{"message":"404 - Not Found","level":"\u001b[33mwarn\u001b[39m","timestamp":"2018-12-09 18:10:05"}
{"message":"404 - Not Found","level":"\u001b[33mwarn\u001b[39m","timestamp":"2018-12-09 18:11:58"}
{"message":"404 - Not Found","level":"\u001b[33mwarn\u001b[39m","timestamp":"2018-12-09 18:22:21"}
{"message":"404 - Not Found","level":"\u001b[33mwarn\u001b[39m","timestamp":"2018-12-09 18:27:42"}
{"message":"404 - Not Found","level":"\u001b[33mwarn\u001b[39m","timestamp":"2018-12-09 18:41:40"}
{"message":"404 - Not Found","level":"\u001b[33mwarn\u001b[39m","timestamp":"2018-12-09 18:47:34"}
{"message":"req.user: undefined","level":"\u001b[34minfo\u001b[39m","timestamp":"2018-12-09 18:56:42"}
{"message":"Session id started: {\"user\":\"2f24vvg\"}","level":"\u001b[34minfo\u001b[39m","timestamp":"2018-12-09 18:56:42"}
{"message":"User logged in: {\"id\":\"2f24vvg\",\"email\":\"test@test.com\",\"password\":\"$2a$10$A2g6pbxxhLA9MNYRJ0rnzOf/7Ara76B0KcRdjzUcsIBIclRuas/fG\"}","level":"\u001b[34minfo\u001b[39m","timestamp":"2018-12-09 18:56:42"}
{"message":"User (2f24vvg) uploaded a file: {\"file-upload\":{\"size\":442895,\"path\":\"C:\\\\develop\\\\nodejs\\\\projects\\\\aitam\\\\work\\\\f934c05b-6a83-4642-8528-5413a707be3d.xml\",\"name\":\"BiljanaB.xml\",\"type\":\"text/xml\",\"mtime\":\"2018-12-09T18:56:49.348Z\"}}","level":"\u001b[34minfo\u001b[39m","timestamp":"2018-12-09 18:56:49"}
