{"message":"Session created received the id:dd30cc49-0e41-46d3-ba5e-5a8ad8f75c24","level":"\u001b[34minfo\u001b[39m","timestamp":"2018-11-29 21:49:36"}
{"message":"req.user: undefined","level":"\u001b[34minfo\u001b[39m","timestamp":"2018-11-29 21:49:50"}
{"message":"Session id started: {\"user\":\"2f24vvg\"}","level":"\u001b[34minfo\u001b[39m","timestamp":"2018-11-29 21:49:50"}
{"message":"User logged in: {\"id\":\"2f24vvg\",\"email\":\"test@test.com\",\"password\":\"$2a$10$A2g6pbxxhLA9MNYRJ0rnzOf/7Ara76B0KcRdjzUcsIBIclRuas/fG\"}","level":"\u001b[34minfo\u001b[39m","timestamp":"2018-11-29 21:49:50"}
{"message":"User (2f24vvg) uploaded a file: {\"file-upload\":{\"size\":442895,\"path\":\"C:\\\\develop\\\\nodejs\\\\projects\\\\aitam\\\\work/dd30cc49-0e41-46d3-ba5e-5a8ad8f75c24.xml\",\"name\":\"BiljanaB.xml\",\"type\":\"text/xml\",\"mtime\":\"2018-11-29T21:50:00.622Z\"}}","level":"\u001b[34minfo\u001b[39m","timestamp":"2018-11-29 21:50:00"}
{"message":"req.user: undefined","level":"\u001b[34minfo\u001b[39m","timestamp":"2018-11-29 22:16:00"}
{"message":"Session id started: {\"user\":\"2f24vvg\"}","level":"\u001b[34minfo\u001b[39m","timestamp":"2018-11-29 22:16:00"}
{"message":"User logged in: {\"id\":\"2f24vvg\",\"email\":\"test@test.com\",\"password\":\"$2a$10$A2g6pbxxhLA9MNYRJ0rnzOf/7Ara76B0KcRdjzUcsIBIclRuas/fG\"}","level":"\u001b[34minfo\u001b[39m","timestamp":"2018-11-29 22:16:00"}
{"message":"User (2f24vvg) uploaded a file: {\"file-upload\":{\"size\":442895,\"path\":\"C:\\\\develop\\\\nodejs\\\\projects\\\\aitam\\\\work/39fe1106-70d1-4272-9c85-f78b42ccf362.xml\",\"name\":\"BiljanaB.xml\",\"type\":\"text/xml\",\"mtime\":\"2018-11-29T22:16:05.596Z\"}}","level":"\u001b[34minfo\u001b[39m","timestamp":"2018-11-29 22:16:05"}
{"message":"req.user: undefined","level":"\u001b[34minfo\u001b[39m","timestamp":"2018-11-29 22:55:05"}
{"message":"Session id started: {\"user\":\"2f24vvg\"}","level":"\u001b[34minfo\u001b[39m","timestamp":"2018-11-29 22:55:05"}
{"message":"User logged in: {\"id\":\"2f24vvg\",\"email\":\"test@test.com\",\"password\":\"$2a$10$A2g6pbxxhLA9MNYRJ0rnzOf/7Ara76B0KcRdjzUcsIBIclRuas/fG\"}","level":"\u001b[34minfo\u001b[39m","timestamp":"2018-11-29 22:55:05"}
{"message":"User (2f24vvg) uploaded a file: {\"file-upload\":{\"size\":442895,\"path\":\"C:\\\\develop\\\\nodejs\\\\projects\\\\aitam\\\\work/55f5d9d5-8874-46c4-84cf-3447c42ca9e0.xml\",\"name\":\"BiljanaB.xml\",\"type\":\"text/xml\",\"mtime\":\"2018-11-29T22:55:11.980Z\"}}","level":"\u001b[34minfo\u001b[39m","timestamp":"2018-11-29 22:55:11"}
{"message":"req.user: undefined","level":"\u001b[34minfo\u001b[39m","timestamp":"2018-11-29 23:03:10"}
{"message":"Session id started: {\"user\":\"2f24vvg\"}","level":"\u001b[34minfo\u001b[39m","timestamp":"2018-11-29 23:03:10"}
{"message":"User logged in: {\"id\":\"2f24vvg\",\"email\":\"test@test.com\",\"password\":\"$2a$10$A2g6pbxxhLA9MNYRJ0rnzOf/7Ara76B0KcRdjzUcsIBIclRuas/fG\"}","level":"\u001b[34minfo\u001b[39m","timestamp":"2018-11-29 23:03:10"}
{"message":"User (2f24vvg) uploaded a file: {\"file-upload\":{\"size\":442895,\"path\":\"C:\\\\develop\\\\nodejs\\\\projects\\\\aitam\\\\work/fd7b4fff-5b35-4416-bdbe-426e0a094ee5.xml\",\"name\":\"BiljanaB.xml\",\"type\":\"text/xml\",\"mtime\":\"2018-11-29T23:03:16.124Z\"}}","level":"\u001b[34minfo\u001b[39m","timestamp":"2018-11-29 23:03:16"}
{"message":"req.user: undefined","level":"\u001b[34minfo\u001b[39m","timestamp":"2018-11-29 23:33:43"}
{"message":"Session id started: {\"user\":\"2f24vvg\"}","level":"\u001b[34minfo\u001b[39m","timestamp":"2018-11-29 23:33:43"}
{"message":"User logged in: {\"id\":\"2f24vvg\",\"email\":\"test@test.com\",\"password\":\"$2a$10$A2g6pbxxhLA9MNYRJ0rnzOf/7Ara76B0KcRdjzUcsIBIclRuas/fG\"}","level":"\u001b[34minfo\u001b[39m","timestamp":"2018-11-29 23:33:43"}
{"message":"User (2f24vvg) uploaded a file: {\"file-upload\":{\"size\":442895,\"path\":\"C:\\\\develop\\\\nodejs\\\\projects\\\\aitam\\\\work/b7210c33-5529-4a88-acc0-8ec748cb393a.xml\",\"name\":\"BiljanaB.xml\",\"type\":\"text/xml\",\"mtime\":\"2018-11-29T23:33:51.223Z\"}}","level":"\u001b[34minfo\u001b[39m","timestamp":"2018-11-29 23:33:51"}
{"message":"req.user: undefined","level":"\u001b[34minfo\u001b[39m","timestamp":"2018-11-29 23:34:59"}
{"message":"Session id started: {\"user\":\"2f24vvg\"}","level":"\u001b[34minfo\u001b[39m","timestamp":"2018-11-29 23:34:59"}
{"message":"User logged in: {\"id\":\"2f24vvg\",\"email\":\"test@test.com\",\"password\":\"$2a$10$A2g6pbxxhLA9MNYRJ0rnzOf/7Ara76B0KcRdjzUcsIBIclRuas/fG\"}","level":"\u001b[34minfo\u001b[39m","timestamp":"2018-11-29 23:34:59"}
{"message":"User (2f24vvg) uploaded a file: {\"file-upload\":{\"size\":442895,\"path\":\"C:\\\\develop\\\\nodejs\\\\projects\\\\aitam\\\\work/f39ec690-9cf8-4016-ab06-c69289155b6f.xml\",\"name\":\"BiljanaB.xml\",\"type\":\"text/xml\",\"mtime\":\"2018-11-29T23:35:06.409Z\"}}","level":"\u001b[34minfo\u001b[39m","timestamp":"2018-11-29 23:35:06"}
{"message":"req.user: undefined","level":"\u001b[34minfo\u001b[39m","timestamp":"2018-11-29 23:36:33"}
{"message":"Session id started: {\"user\":\"2f24vvg\"}","level":"\u001b[34minfo\u001b[39m","timestamp":"2018-11-29 23:36:33"}
{"message":"User logged in: {\"id\":\"2f24vvg\",\"email\":\"test@test.com\",\"password\":\"$2a$10$A2g6pbxxhLA9MNYRJ0rnzOf/7Ara76B0KcRdjzUcsIBIclRuas/fG\"}","level":"\u001b[34minfo\u001b[39m","timestamp":"2018-11-29 23:36:33"}
{"message":"User (2f24vvg) uploaded a file: {\"file-upload\":{\"size\":442895,\"path\":\"C:\\\\develop\\\\nodejs\\\\projects\\\\aitam\\\\work/acbaa2f9-19be-4184-ac8a-49f968fda7f6.xml\",\"name\":\"BiljanaB.xml\",\"type\":\"text/xml\",\"mtime\":\"2018-11-29T23:36:38.568Z\"}}","level":"\u001b[34minfo\u001b[39m","timestamp":"2018-11-29 23:36:38"}
{"message":"req.user: undefined","level":"\u001b[34minfo\u001b[39m","timestamp":"2018-11-29 23:38:06"}
{"message":"Session id started: {\"user\":\"2f24vvg\"}","level":"\u001b[34minfo\u001b[39m","timestamp":"2018-11-29 23:38:06"}
{"message":"User logged in: {\"id\":\"2f24vvg\",\"email\":\"test@test.com\",\"password\":\"$2a$10$A2g6pbxxhLA9MNYRJ0rnzOf/7Ara76B0KcRdjzUcsIBIclRuas/fG\"}","level":"\u001b[34minfo\u001b[39m","timestamp":"2018-11-29 23:38:06"}
{"message":"User (2f24vvg) uploaded a file: {\"file-upload\":{\"size\":442895,\"path\":\"C:\\\\develop\\\\nodejs\\\\projects\\\\aitam\\\\work/011accff-a9e7-4501-9039-f5b6bcb71c54.xml\",\"name\":\"BiljanaB.xml\",\"type\":\"text/xml\",\"mtime\":\"2018-11-29T23:38:12.657Z\"}}","level":"\u001b[34minfo\u001b[39m","timestamp":"2018-11-29 23:38:12"}
{"message":"req.user: undefined","level":"\u001b[34minfo\u001b[39m","timestamp":"2018-11-29 23:45:08"}
{"message":"Session id started: {\"user\":\"2f24vvg\"}","level":"\u001b[34minfo\u001b[39m","timestamp":"2018-11-29 23:45:08"}
{"message":"User logged in: {\"id\":\"2f24vvg\",\"email\":\"test@test.com\",\"password\":\"$2a$10$A2g6pbxxhLA9MNYRJ0rnzOf/7Ara76B0KcRdjzUcsIBIclRuas/fG\"}","level":"\u001b[34minfo\u001b[39m","timestamp":"2018-11-29 23:45:08"}
{"message":"User (2f24vvg) uploaded a file: {\"file-upload\":{\"size\":442895,\"path\":\"C:\\\\develop\\\\nodejs\\\\projects\\\\aitam\\\\work/cc8bb4ee-8e13-45ec-8a35-f878c0727f74.xml\",\"name\":\"BiljanaB.xml\",\"type\":\"text/xml\",\"mtime\":\"2018-11-29T23:45:16.473Z\"}}","level":"\u001b[34minfo\u001b[39m","timestamp":"2018-11-29 23:45:16"}
{"message":"req.user: undefined","level":"\u001b[34minfo\u001b[39m","timestamp":"2018-11-29 23:49:03"}
{"message":"Session id started: {\"user\":\"2f24vvg\"}","level":"\u001b[34minfo\u001b[39m","timestamp":"2018-11-29 23:49:03"}
{"message":"User logged in: {\"id\":\"2f24vvg\",\"email\":\"test@test.com\",\"password\":\"$2a$10$A2g6pbxxhLA9MNYRJ0rnzOf/7Ara76B0KcRdjzUcsIBIclRuas/fG\"}","level":"\u001b[34minfo\u001b[39m","timestamp":"2018-11-29 23:49:03"}
{"message":"User (2f24vvg) uploaded a file: {\"file-upload\":{\"size\":442895,\"path\":\"C:\\\\develop\\\\nodejs\\\\projects\\\\aitam\\\\work/7aa8db33-2684-4f33-abbf-6d36e3af207f.xml\",\"name\":\"BiljanaB.xml\",\"type\":\"text/xml\",\"mtime\":\"2018-11-29T23:49:11.574Z\"}}","level":"\u001b[34minfo\u001b[39m","timestamp":"2018-11-29 23:49:11"}
{"message":"req.user: undefined","level":"\u001b[34minfo\u001b[39m","timestamp":"2018-11-29 23:59:06"}
{"message":"Session id started: {\"user\":\"2f24vvg\"}","level":"\u001b[34minfo\u001b[39m","timestamp":"2018-11-29 23:59:06"}
{"message":"User logged in: {\"id\":\"2f24vvg\",\"email\":\"test@test.com\",\"password\":\"$2a$10$A2g6pbxxhLA9MNYRJ0rnzOf/7Ara76B0KcRdjzUcsIBIclRuas/fG\"}","level":"\u001b[34minfo\u001b[39m","timestamp":"2018-11-29 23:59:06"}
{"message":"User (2f24vvg) uploaded a file: {\"file-upload\":{\"size\":442895,\"path\":\"C:\\\\develop\\\\nodejs\\\\projects\\\\aitam\\\\work/084e2b69-82cc-44ce-85a8-3c6ce1c54bf7.xml\",\"name\":\"BiljanaB.xml\",\"type\":\"text/xml\",\"mtime\":\"2018-11-29T23:59:13.303Z\"}}","level":"\u001b[34minfo\u001b[39m","timestamp":"2018-11-29 23:59:13"}
