{"message":"Session created received the id:890c645c-9995-4a19-9064-a4e48e64ade6","level":"\u001b[34minfo\u001b[39m","timestamp":"2018-12-26 20:23:19"}
{"message":"req.user: undefined","level":"\u001b[34minfo\u001b[39m","timestamp":"2018-12-26 20:23:24"}
{"message":"Session id started: {\"user\":\"2f24vvg\"}","level":"\u001b[34minfo\u001b[39m","timestamp":"2018-12-26 20:23:24"}
{"message":"User logged in: {\"id\":\"2f24vvg\",\"email\":\"test@test.com\",\"password\":\"$2a$10$A2g6pbxxhLA9MNYRJ0rnzOf/7Ara76B0KcRdjzUcsIBIclRuas/fG\"}","level":"\u001b[34minfo\u001b[39m","timestamp":"2018-12-26 20:23:24"}
{"message":"User (2f24vvg) uploaded a file: {\"file-upload\":{\"size\":454120,\"path\":\"C:\\\\develop\\\\nodejs\\\\projects\\\\aitam\\\\work\\\\890c645c-9995-4a19-9064-a4e48e64ade6.xml\",\"name\":\"test_site2.xml\",\"type\":\"text/xml\",\"mtime\":\"2018-12-26T20:23:34.611Z\"}}","level":"\u001b[34minfo\u001b[39m","timestamp":"2018-12-26 20:23:34"}
{"message":"req.user: undefined","level":"\u001b[34minfo\u001b[39m","timestamp":"2018-12-26 20:32:54"}
{"message":"Session id started: {\"user\":\"2f24vvg\"}","level":"\u001b[34minfo\u001b[39m","timestamp":"2018-12-26 20:32:54"}
{"message":"User logged in: {\"id\":\"2f24vvg\",\"email\":\"test@test.com\",\"password\":\"$2a$10$A2g6pbxxhLA9MNYRJ0rnzOf/7Ara76B0KcRdjzUcsIBIclRuas/fG\"}","level":"\u001b[34minfo\u001b[39m","timestamp":"2018-12-26 20:32:54"}
{"message":"User (2f24vvg) uploaded a file: {\"file-upload\":{\"size\":454120,\"path\":\"C:\\\\develop\\\\nodejs\\\\projects\\\\aitam\\\\work\\\\97f2e2f6-2ebe-4ef2-8b11-d51ca1802486.xml\",\"name\":\"test_site2.xml\",\"type\":\"text/xml\",\"mtime\":\"2018-12-26T20:33:01.458Z\"}}","level":"\u001b[34minfo\u001b[39m","timestamp":"2018-12-26 20:33:01"}
{"message":"req.user: undefined","level":"\u001b[34minfo\u001b[39m","timestamp":"2018-12-26 20:47:33"}
{"message":"Session id started: {\"user\":\"2f24vvg\"}","level":"\u001b[34minfo\u001b[39m","timestamp":"2018-12-26 20:47:33"}
{"message":"User logged in: {\"id\":\"2f24vvg\",\"email\":\"test@test.com\",\"password\":\"$2a$10$A2g6pbxxhLA9MNYRJ0rnzOf/7Ara76B0KcRdjzUcsIBIclRuas/fG\"}","level":"\u001b[34minfo\u001b[39m","timestamp":"2018-12-26 20:47:33"}
{"message":"User (2f24vvg) uploaded a file: {\"file-upload\":{\"size\":454120,\"path\":\"C:\\\\develop\\\\nodejs\\\\projects\\\\aitam\\\\work\\\\8aaded59-b3cd-4517-8eb3-a70a54be55d9.xml\",\"name\":\"test_site2.xml\",\"type\":\"text/xml\",\"mtime\":\"2018-12-26T20:47:42.118Z\"}}","level":"\u001b[34minfo\u001b[39m","timestamp":"2018-12-26 20:47:42"}
{"message":"Session created received the id:235889a4-1cfe-47c4-bf33-79fc3083dde0","level":"\u001b[34minfo\u001b[39m","timestamp":"2018-12-26 21:03:54"}
{"message":"404 - Not Found","level":"\u001b[33mwarn\u001b[39m","timestamp":"2018-12-26 21:03:56"}
{"message":"req.user: undefined","level":"\u001b[34minfo\u001b[39m","timestamp":"2018-12-26 21:04:00"}
{"message":"Session id started: {\"user\":\"2f24vvg\"}","level":"\u001b[34minfo\u001b[39m","timestamp":"2018-12-26 21:04:00"}
{"message":"User logged in: {\"id\":\"2f24vvg\",\"email\":\"test@test.com\",\"password\":\"$2a$10$A2g6pbxxhLA9MNYRJ0rnzOf/7Ara76B0KcRdjzUcsIBIclRuas/fG\"}","level":"\u001b[34minfo\u001b[39m","timestamp":"2018-12-26 21:04:00"}
{"message":"User (2f24vvg) uploaded a file: {\"file-upload\":{\"size\":454120,\"path\":\"C:\\\\develop\\\\nodejs\\\\projects\\\\aitam\\\\work\\\\235889a4-1cfe-47c4-bf33-79fc3083dde0.xml\",\"name\":\"test_site2.xml\",\"type\":\"text/xml\",\"mtime\":\"2018-12-26T21:04:06.862Z\"}}","level":"\u001b[34minfo\u001b[39m","timestamp":"2018-12-26 21:04:06"}
{"message":"req.user: undefined","level":"\u001b[34minfo\u001b[39m","timestamp":"2018-12-26 21:30:42"}
{"message":"Session id started: {\"user\":\"2f24vvg\"}","level":"\u001b[34minfo\u001b[39m","timestamp":"2018-12-26 21:30:42"}
{"message":"User logged in: {\"id\":\"2f24vvg\",\"email\":\"test@test.com\",\"password\":\"$2a$10$A2g6pbxxhLA9MNYRJ0rnzOf/7Ara76B0KcRdjzUcsIBIclRuas/fG\"}","level":"\u001b[34minfo\u001b[39m","timestamp":"2018-12-26 21:30:42"}
{"message":"User (2f24vvg) uploaded a file: {\"file-upload\":{\"size\":454120,\"path\":\"C:\\\\develop\\\\nodejs\\\\projects\\\\aitam\\\\work\\\\cab6c5bd-2c49-4150-b2de-8aa6a5d972ad.xml\",\"name\":\"test_site2.xml\",\"type\":\"text/xml\",\"mtime\":\"2018-12-26T21:30:47.315Z\"}}","level":"\u001b[34minfo\u001b[39m","timestamp":"2018-12-26 21:30:47"}
