{"message":"Session created received the id:28e4e2fe-5ee3-4342-89d6-6a367f9e7e44","level":"\u001b[34minfo\u001b[39m","timestamp":"2018-12-20 20:27:10"}
{"message":"req.user: undefined","level":"\u001b[34minfo\u001b[39m","timestamp":"2018-12-20 20:27:16"}
{"message":"Session id started: {\"user\":\"2f24vvg\"}","level":"\u001b[34minfo\u001b[39m","timestamp":"2018-12-20 20:27:16"}
{"message":"User logged in: {\"id\":\"2f24vvg\",\"email\":\"test@test.com\",\"password\":\"$2a$10$A2g6pbxxhLA9MNYRJ0rnzOf/7Ara76B0KcRdjzUcsIBIclRuas/fG\"}","level":"\u001b[34minfo\u001b[39m","timestamp":"2018-12-20 20:27:16"}
{"message":"User (2f24vvg) uploaded a file: {\"file-upload\":{\"size\":454120,\"path\":\"C:\\\\develop\\\\nodejs\\\\projects\\\\aitam\\\\work\\\\28e4e2fe-5ee3-4342-89d6-6a367f9e7e44.xml\",\"name\":\"test_site2.xml\",\"type\":\"text/xml\",\"mtime\":\"2018-12-20T20:27:25.451Z\"}}","level":"\u001b[34minfo\u001b[39m","timestamp":"2018-12-20 20:27:25"}
{"message":"req.user: undefined","level":"\u001b[34minfo\u001b[39m","timestamp":"2018-12-20 20:28:32"}
{"message":"Session id started: {\"user\":\"2f24vvg\"}","level":"\u001b[34minfo\u001b[39m","timestamp":"2018-12-20 20:28:32"}
{"message":"User logged in: {\"id\":\"2f24vvg\",\"email\":\"test@test.com\",\"password\":\"$2a$10$A2g6pbxxhLA9MNYRJ0rnzOf/7Ara76B0KcRdjzUcsIBIclRuas/fG\"}","level":"\u001b[34minfo\u001b[39m","timestamp":"2018-12-20 20:28:32"}
{"message":"User (2f24vvg) uploaded a file: {\"file-upload\":{\"size\":454120,\"path\":\"C:\\\\develop\\\\nodejs\\\\projects\\\\aitam\\\\work\\\\8fe774f4-d87d-42c3-ae53-7dd98a5bb8cc.xml\",\"name\":\"test_site2.xml\",\"type\":\"text/xml\",\"mtime\":\"2018-12-20T20:28:40.080Z\"}}","level":"\u001b[34minfo\u001b[39m","timestamp":"2018-12-20 20:28:40"}
{"message":"req.user: undefined","level":"\u001b[34minfo\u001b[39m","timestamp":"2018-12-20 20:30:16"}
{"message":"Session id started: {\"user\":\"2f24vvg\"}","level":"\u001b[34minfo\u001b[39m","timestamp":"2018-12-20 20:30:16"}
{"message":"User logged in: {\"id\":\"2f24vvg\",\"email\":\"test@test.com\",\"password\":\"$2a$10$A2g6pbxxhLA9MNYRJ0rnzOf/7Ara76B0KcRdjzUcsIBIclRuas/fG\"}","level":"\u001b[34minfo\u001b[39m","timestamp":"2018-12-20 20:30:16"}
{"message":"User (2f24vvg) uploaded a file: {\"file-upload\":{\"size\":454120,\"path\":\"C:\\\\develop\\\\nodejs\\\\projects\\\\aitam\\\\work\\\\57de7709-d4ea-40e7-bc6c-e0fc8e6ec228.xml\",\"name\":\"test_site2.xml\",\"type\":\"text/xml\",\"mtime\":\"2018-12-20T20:30:27.044Z\"}}","level":"\u001b[34minfo\u001b[39m","timestamp":"2018-12-20 20:30:27"}
{"message":"req.user: undefined","level":"\u001b[34minfo\u001b[39m","timestamp":"2018-12-20 20:48:33"}
{"message":"Session id started: {\"user\":\"2f24vvg\"}","level":"\u001b[34minfo\u001b[39m","timestamp":"2018-12-20 20:48:33"}
{"message":"User logged in: {\"id\":\"2f24vvg\",\"email\":\"test@test.com\",\"password\":\"$2a$10$A2g6pbxxhLA9MNYRJ0rnzOf/7Ara76B0KcRdjzUcsIBIclRuas/fG\"}","level":"\u001b[34minfo\u001b[39m","timestamp":"2018-12-20 20:48:33"}
{"message":"User (2f24vvg) uploaded a file: {\"file-upload\":{\"size\":454120,\"path\":\"C:\\\\develop\\\\nodejs\\\\projects\\\\aitam\\\\work\\\\4fb3ebd3-2280-4d9c-9679-5448eb5c6f2f.xml\",\"name\":\"test_site2.xml\",\"type\":\"text/xml\",\"mtime\":\"2018-12-20T20:48:39.657Z\"}}","level":"\u001b[34minfo\u001b[39m","timestamp":"2018-12-20 20:48:39"}
{"message":"req.user: undefined","level":"\u001b[34minfo\u001b[39m","timestamp":"2018-12-20 20:55:40"}
{"message":"Session id started: {\"user\":\"2f24vvg\"}","level":"\u001b[34minfo\u001b[39m","timestamp":"2018-12-20 20:55:40"}
{"message":"User logged in: {\"id\":\"2f24vvg\",\"email\":\"test@test.com\",\"password\":\"$2a$10$A2g6pbxxhLA9MNYRJ0rnzOf/7Ara76B0KcRdjzUcsIBIclRuas/fG\"}","level":"\u001b[34minfo\u001b[39m","timestamp":"2018-12-20 20:55:40"}
{"message":"User (2f24vvg) uploaded a file: {\"file-upload\":{\"size\":454120,\"path\":\"C:\\\\develop\\\\nodejs\\\\projects\\\\aitam\\\\work\\\\dd077a7e-1a9a-40bf-88af-f9d56cd578fe.xml\",\"name\":\"test_site2.xml\",\"type\":\"text/xml\",\"mtime\":\"2018-12-20T20:55:47.892Z\"}}","level":"\u001b[34minfo\u001b[39m","timestamp":"2018-12-20 20:55:47"}
{"message":"Session created received the id:672cd62f-8724-4462-9685-98413e5952d4","level":"\u001b[34minfo\u001b[39m","timestamp":"2018-12-20 20:57:11"}
{"message":"404 - Not Found","level":"\u001b[33mwarn\u001b[39m","timestamp":"2018-12-20 20:57:12"}
{"message":"404 - Not Found","level":"\u001b[33mwarn\u001b[39m","timestamp":"2018-12-20 20:57:50"}
{"message":"req.user: undefined","level":"\u001b[34minfo\u001b[39m","timestamp":"2018-12-20 20:57:52"}
{"message":"Session id started: {\"user\":\"2f24vvg\"}","level":"\u001b[34minfo\u001b[39m","timestamp":"2018-12-20 20:57:52"}
{"message":"User logged in: {\"id\":\"2f24vvg\",\"email\":\"test@test.com\",\"password\":\"$2a$10$A2g6pbxxhLA9MNYRJ0rnzOf/7Ara76B0KcRdjzUcsIBIclRuas/fG\"}","level":"\u001b[34minfo\u001b[39m","timestamp":"2018-12-20 20:57:52"}
{"message":"User (2f24vvg) uploaded a file: {\"file-upload\":{\"size\":454120,\"path\":\"C:\\\\develop\\\\nodejs\\\\projects\\\\aitam\\\\work\\\\672cd62f-8724-4462-9685-98413e5952d4.xml\",\"name\":\"test_site2.xml\",\"type\":\"text/xml\",\"mtime\":\"2018-12-20T20:57:58.199Z\"}}","level":"\u001b[34minfo\u001b[39m","timestamp":"2018-12-20 20:57:58"}
{"message":"req.user: undefined","level":"\u001b[34minfo\u001b[39m","timestamp":"2018-12-20 21:29:43"}
{"message":"Session id started: {\"user\":\"2f24vvg\"}","level":"\u001b[34minfo\u001b[39m","timestamp":"2018-12-20 21:29:43"}
{"message":"User logged in: {\"id\":\"2f24vvg\",\"email\":\"test@test.com\",\"password\":\"$2a$10$A2g6pbxxhLA9MNYRJ0rnzOf/7Ara76B0KcRdjzUcsIBIclRuas/fG\"}","level":"\u001b[34minfo\u001b[39m","timestamp":"2018-12-20 21:29:43"}
{"message":"User (2f24vvg) uploaded a file: {\"file-upload\":{\"size\":454120,\"path\":\"C:\\\\develop\\\\nodejs\\\\projects\\\\aitam\\\\work\\\\55594ce7-b6c2-48ae-840c-baf24dfe5fd2.xml\",\"name\":\"test_site2.xml\",\"type\":\"text/xml\",\"mtime\":\"2018-12-20T21:29:49.605Z\"}}","level":"\u001b[34minfo\u001b[39m","timestamp":"2018-12-20 21:29:49"}
{"message":"req.user: undefined","level":"\u001b[34minfo\u001b[39m","timestamp":"2018-12-20 21:33:23"}
{"message":"Session id started: {\"user\":\"2f24vvg\"}","level":"\u001b[34minfo\u001b[39m","timestamp":"2018-12-20 21:33:23"}
{"message":"User logged in: {\"id\":\"2f24vvg\",\"email\":\"test@test.com\",\"password\":\"$2a$10$A2g6pbxxhLA9MNYRJ0rnzOf/7Ara76B0KcRdjzUcsIBIclRuas/fG\"}","level":"\u001b[34minfo\u001b[39m","timestamp":"2018-12-20 21:33:23"}
{"message":"User (2f24vvg) uploaded a file: {\"file-upload\":{\"size\":454120,\"path\":\"C:\\\\develop\\\\nodejs\\\\projects\\\\aitam\\\\work\\\\cedd4b20-221c-4ee6-b656-484abdeb97ee.xml\",\"name\":\"test_site2.xml\",\"type\":\"text/xml\",\"mtime\":\"2018-12-20T21:33:28.886Z\"}}","level":"\u001b[34minfo\u001b[39m","timestamp":"2018-12-20 21:33:28"}
{"message":"req.user: undefined","level":"\u001b[34minfo\u001b[39m","timestamp":"2018-12-20 21:35:10"}
{"message":"Session id started: {\"user\":\"2f24vvg\"}","level":"\u001b[34minfo\u001b[39m","timestamp":"2018-12-20 21:35:10"}
{"message":"User logged in: {\"id\":\"2f24vvg\",\"email\":\"test@test.com\",\"password\":\"$2a$10$A2g6pbxxhLA9MNYRJ0rnzOf/7Ara76B0KcRdjzUcsIBIclRuas/fG\"}","level":"\u001b[34minfo\u001b[39m","timestamp":"2018-12-20 21:35:10"}
{"message":"User (2f24vvg) uploaded a file: {\"file-upload\":{\"size\":454120,\"path\":\"C:\\\\develop\\\\nodejs\\\\projects\\\\aitam\\\\work\\\\492ceb31-07e9-4532-82e1-f1207ed5407a.xml\",\"name\":\"test_site2.xml\",\"type\":\"text/xml\",\"mtime\":\"2018-12-20T21:35:16.428Z\"}}","level":"\u001b[34minfo\u001b[39m","timestamp":"2018-12-20 21:35:16"}
{"message":"req.user: undefined","level":"\u001b[34minfo\u001b[39m","timestamp":"2018-12-20 21:37:20"}
{"message":"Session id started: {\"user\":\"2f24vvg\"}","level":"\u001b[34minfo\u001b[39m","timestamp":"2018-12-20 21:37:20"}
{"message":"User logged in: {\"id\":\"2f24vvg\",\"email\":\"test@test.com\",\"password\":\"$2a$10$A2g6pbxxhLA9MNYRJ0rnzOf/7Ara76B0KcRdjzUcsIBIclRuas/fG\"}","level":"\u001b[34minfo\u001b[39m","timestamp":"2018-12-20 21:37:20"}
{"message":"User (2f24vvg) uploaded a file: {\"file-upload\":{\"size\":454120,\"path\":\"C:\\\\develop\\\\nodejs\\\\projects\\\\aitam\\\\work\\\\8352fdfb-8cf4-45b3-a568-6565bc62607e.xml\",\"name\":\"test_site2.xml\",\"type\":\"text/xml\",\"mtime\":\"2018-12-20T21:37:30.219Z\"}}","level":"\u001b[34minfo\u001b[39m","timestamp":"2018-12-20 21:37:30"}
{"message":"req.user: undefined","level":"\u001b[34minfo\u001b[39m","timestamp":"2018-12-20 21:42:06"}
{"message":"Session id started: {\"user\":\"2f24vvg\"}","level":"\u001b[34minfo\u001b[39m","timestamp":"2018-12-20 21:42:06"}
{"message":"User logged in: {\"id\":\"2f24vvg\",\"email\":\"test@test.com\",\"password\":\"$2a$10$A2g6pbxxhLA9MNYRJ0rnzOf/7Ara76B0KcRdjzUcsIBIclRuas/fG\"}","level":"\u001b[34minfo\u001b[39m","timestamp":"2018-12-20 21:42:06"}
{"message":"User (2f24vvg) uploaded a file: {\"file-upload\":{\"size\":454120,\"path\":\"C:\\\\develop\\\\nodejs\\\\projects\\\\aitam\\\\work\\\\55312a7c-abbe-4afd-a992-54c59824efcc.xml\",\"name\":\"test_site2.xml\",\"type\":\"text/xml\",\"mtime\":\"2018-12-20T21:42:13.277Z\"}}","level":"\u001b[34minfo\u001b[39m","timestamp":"2018-12-20 21:42:13"}
