{"message":"Session created received the id:bc4192e3-194c-4db9-be1d-c6a3d6c5dfeb","level":"\u001b[34minfo\u001b[39m","timestamp":"2018-12-11 19:44:36"}
{"message":"req.user: undefined","level":"\u001b[34minfo\u001b[39m","timestamp":"2018-12-11 19:44:42"}
{"message":"Session id started: {\"user\":\"2f24vvg\"}","level":"\u001b[34minfo\u001b[39m","timestamp":"2018-12-11 19:44:42"}
{"message":"User logged in: {\"id\":\"2f24vvg\",\"email\":\"test@test.com\",\"password\":\"$2a$10$A2g6pbxxhLA9MNYRJ0rnzOf/7Ara76B0KcRdjzUcsIBIclRuas/fG\"}","level":"\u001b[34minfo\u001b[39m","timestamp":"2018-12-11 19:44:42"}
{"message":"User (2f24vvg) uploaded a file: {\"file-upload\":{\"size\":453236,\"path\":\"C:\\\\develop\\\\nodejs\\\\projects\\\\aitam\\\\work\\\\bc4192e3-194c-4db9-be1d-c6a3d6c5dfeb.xml\",\"name\":\"BiljanaB.xml\",\"type\":\"text/xml\",\"mtime\":\"2018-12-11T19:44:49.109Z\"}}","level":"\u001b[34minfo\u001b[39m","timestamp":"2018-12-11 19:44:49"}
{"message":"Session created received the id:d1ae80c8-299b-43b9-b51e-90a2292974b2","level":"\u001b[34minfo\u001b[39m","timestamp":"2018-12-11 19:49:14"}
{"message":"req.user: undefined","level":"\u001b[34minfo\u001b[39m","timestamp":"2018-12-11 19:49:19"}
{"message":"Session id started: {\"user\":\"2f24vvg\"}","level":"\u001b[34minfo\u001b[39m","timestamp":"2018-12-11 19:49:19"}
{"message":"User logged in: {\"id\":\"2f24vvg\",\"email\":\"test@test.com\",\"password\":\"$2a$10$A2g6pbxxhLA9MNYRJ0rnzOf/7Ara76B0KcRdjzUcsIBIclRuas/fG\"}","level":"\u001b[34minfo\u001b[39m","timestamp":"2018-12-11 19:49:19"}
{"message":"User (2f24vvg) uploaded a file: {\"file-upload\":{\"size\":453236,\"path\":\"C:\\\\develop\\\\nodejs\\\\projects\\\\aitam\\\\work\\\\d1ae80c8-299b-43b9-b51e-90a2292974b2.xml\",\"name\":\"BiljanaB.xml\",\"type\":\"text/xml\",\"mtime\":\"2018-12-11T19:49:24.043Z\"}}","level":"\u001b[34minfo\u001b[39m","timestamp":"2018-12-11 19:49:24"}
{"message":"Session created received the id:426e670b-677d-4eb1-a54d-f9414f1b6f6d","level":"\u001b[34minfo\u001b[39m","timestamp":"2018-12-11 19:51:07"}
{"message":"req.user: undefined","level":"\u001b[34minfo\u001b[39m","timestamp":"2018-12-11 19:51:12"}
{"message":"Session id started: {\"user\":\"2f24vvg\"}","level":"\u001b[34minfo\u001b[39m","timestamp":"2018-12-11 19:51:12"}
{"message":"User logged in: {\"id\":\"2f24vvg\",\"email\":\"test@test.com\",\"password\":\"$2a$10$A2g6pbxxhLA9MNYRJ0rnzOf/7Ara76B0KcRdjzUcsIBIclRuas/fG\"}","level":"\u001b[34minfo\u001b[39m","timestamp":"2018-12-11 19:51:12"}
{"message":"User (2f24vvg) uploaded a file: {\"file-upload\":{\"size\":453236,\"path\":\"C:\\\\develop\\\\nodejs\\\\projects\\\\aitam\\\\work\\\\426e670b-677d-4eb1-a54d-f9414f1b6f6d.xml\",\"name\":\"BiljanaB.xml\",\"type\":\"text/xml\",\"mtime\":\"2018-12-11T19:51:17.572Z\"}}","level":"\u001b[34minfo\u001b[39m","timestamp":"2018-12-11 19:51:17"}
{"message":"Session created received the id:4c44c7ea-bd81-4379-a056-ba83422f4c95","level":"\u001b[34minfo\u001b[39m","timestamp":"2018-12-11 19:54:23"}
{"message":"req.user: undefined","level":"\u001b[34minfo\u001b[39m","timestamp":"2018-12-11 19:54:28"}
{"message":"Session id started: {\"user\":\"2f24vvg\"}","level":"\u001b[34minfo\u001b[39m","timestamp":"2018-12-11 19:54:28"}
{"message":"User logged in: {\"id\":\"2f24vvg\",\"email\":\"test@test.com\",\"password\":\"$2a$10$A2g6pbxxhLA9MNYRJ0rnzOf/7Ara76B0KcRdjzUcsIBIclRuas/fG\"}","level":"\u001b[34minfo\u001b[39m","timestamp":"2018-12-11 19:54:28"}
{"message":"User (2f24vvg) uploaded a file: {\"file-upload\":{\"size\":453236,\"path\":\"C:\\\\develop\\\\nodejs\\\\projects\\\\aitam\\\\work\\\\4c44c7ea-bd81-4379-a056-ba83422f4c95.xml\",\"name\":\"BiljanaB.xml\",\"type\":\"text/xml\",\"mtime\":\"2018-12-11T19:54:36.354Z\"}}","level":"\u001b[34minfo\u001b[39m","timestamp":"2018-12-11 19:54:36"}
{"message":"Session created received the id:e4863dcd-062d-40e3-8918-777d87d3b603","level":"\u001b[34minfo\u001b[39m","timestamp":"2018-12-11 19:57:30"}
{"message":"req.user: undefined","level":"\u001b[34minfo\u001b[39m","timestamp":"2018-12-11 19:57:34"}
{"message":"Session id started: {\"user\":\"2f24vvg\"}","level":"\u001b[34minfo\u001b[39m","timestamp":"2018-12-11 19:57:34"}
{"message":"User logged in: {\"id\":\"2f24vvg\",\"email\":\"test@test.com\",\"password\":\"$2a$10$A2g6pbxxhLA9MNYRJ0rnzOf/7Ara76B0KcRdjzUcsIBIclRuas/fG\"}","level":"\u001b[34minfo\u001b[39m","timestamp":"2018-12-11 19:57:34"}
{"message":"User (2f24vvg) uploaded a file: {\"file-upload\":{\"size\":453236,\"path\":\"C:\\\\develop\\\\nodejs\\\\projects\\\\aitam\\\\work\\\\e4863dcd-062d-40e3-8918-777d87d3b603.xml\",\"name\":\"BiljanaB.xml\",\"type\":\"text/xml\",\"mtime\":\"2018-12-11T19:57:42.254Z\"}}","level":"\u001b[34minfo\u001b[39m","timestamp":"2018-12-11 19:57:42"}
{"message":"Session created received the id:c4653e3c-67eb-44c9-b863-43a787bf2137","level":"\u001b[34minfo\u001b[39m","timestamp":"2018-12-11 20:19:19"}
{"message":"req.user: undefined","level":"\u001b[34minfo\u001b[39m","timestamp":"2018-12-11 20:19:24"}
{"message":"Session id started: {\"user\":\"2f24vvg\"}","level":"\u001b[34minfo\u001b[39m","timestamp":"2018-12-11 20:19:24"}
{"message":"User logged in: {\"id\":\"2f24vvg\",\"email\":\"test@test.com\",\"password\":\"$2a$10$A2g6pbxxhLA9MNYRJ0rnzOf/7Ara76B0KcRdjzUcsIBIclRuas/fG\"}","level":"\u001b[34minfo\u001b[39m","timestamp":"2018-12-11 20:19:24"}
{"message":"User (2f24vvg) uploaded a file: {\"file-upload\":{\"size\":453236,\"path\":\"C:\\\\develop\\\\nodejs\\\\projects\\\\aitam\\\\work\\\\c4653e3c-67eb-44c9-b863-43a787bf2137.xml\",\"name\":\"BiljanaB.xml\",\"type\":\"text/xml\",\"mtime\":\"2018-12-11T20:19:31.658Z\"}}","level":"\u001b[34minfo\u001b[39m","timestamp":"2018-12-11 20:19:31"}
{"message":"req.user: undefined","level":"\u001b[34minfo\u001b[39m","timestamp":"2018-12-11 20:20:39"}
{"message":"Session id started: {\"user\":\"2f24vvg\"}","level":"\u001b[34minfo\u001b[39m","timestamp":"2018-12-11 20:20:39"}
{"message":"User logged in: {\"id\":\"2f24vvg\",\"email\":\"test@test.com\",\"password\":\"$2a$10$A2g6pbxxhLA9MNYRJ0rnzOf/7Ara76B0KcRdjzUcsIBIclRuas/fG\"}","level":"\u001b[34minfo\u001b[39m","timestamp":"2018-12-11 20:20:39"}
{"message":"User (2f24vvg) uploaded a file: {\"file-upload\":{\"size\":453236,\"path\":\"C:\\\\develop\\\\nodejs\\\\projects\\\\aitam\\\\work\\\\944ef26e-89b9-4570-be08-be5a8bf93785.xml\",\"name\":\"BiljanaB.xml\",\"type\":\"text/xml\",\"mtime\":\"2018-12-11T20:21:42.232Z\"}}","level":"\u001b[34minfo\u001b[39m","timestamp":"2018-12-11 20:21:42"}
