{"message":"Session created received the id:9b90dabc-8613-4a35-8cf0-508d43180096","level":"\u001b[34minfo\u001b[39m","timestamp":"2018-12-04 00:01:36"}
{"message":"req.user: undefined","level":"\u001b[34minfo\u001b[39m","timestamp":"2018-12-04 00:01:40"}
{"message":"Session id started: {\"user\":\"2f24vvg\"}","level":"\u001b[34minfo\u001b[39m","timestamp":"2018-12-04 00:01:40"}
{"message":"User logged in: {\"id\":\"2f24vvg\",\"email\":\"test@test.com\",\"password\":\"$2a$10$A2g6pbxxhLA9MNYRJ0rnzOf/7Ara76B0KcRdjzUcsIBIclRuas/fG\"}","level":"\u001b[34minfo\u001b[39m","timestamp":"2018-12-04 00:01:40"}
{"message":"User (2f24vvg) uploaded a file: {\"file-upload\":{\"size\":442895,\"path\":\"C:\\\\develop\\\\nodejs\\\\projects\\\\aitam\\\\work\\\\9b90dabc-8613-4a35-8cf0-508d43180096.xml\",\"name\":\"BiljanaB.xml\",\"type\":\"text/xml\",\"mtime\":\"2018-12-04T00:02:04.729Z\"}}","level":"\u001b[34minfo\u001b[39m","timestamp":"2018-12-04 00:02:04"}
{"message":"Session created received the id:080aa254-e8c0-443a-b397-d684e9f737d9","level":"\u001b[34minfo\u001b[39m","timestamp":"2018-12-04 00:03:28"}
{"message":"req.user: undefined","level":"\u001b[34minfo\u001b[39m","timestamp":"2018-12-04 00:03:32"}
{"message":"Session id started: {\"user\":\"2f24vvg\"}","level":"\u001b[34minfo\u001b[39m","timestamp":"2018-12-04 00:03:32"}
{"message":"User logged in: {\"id\":\"2f24vvg\",\"email\":\"test@test.com\",\"password\":\"$2a$10$A2g6pbxxhLA9MNYRJ0rnzOf/7Ara76B0KcRdjzUcsIBIclRuas/fG\"}","level":"\u001b[34minfo\u001b[39m","timestamp":"2018-12-04 00:03:32"}
{"message":"New audit file created:C:\\develop\\nodejs\\projects\\aitam\\work\\080aa254-e8c0-443a-b397-d684e9f737d9.xml","level":"\u001b[34minfo\u001b[39m","timestamp":"2018-12-04 00:03:34"}
{"message":"Session created received the id:da9b8b0a-b550-4743-a043-871e778771d8","level":"\u001b[34minfo\u001b[39m","timestamp":"2018-12-04 00:05:51"}
{"message":"req.user: undefined","level":"\u001b[34minfo\u001b[39m","timestamp":"2018-12-04 00:05:55"}
{"message":"Session id started: {\"user\":\"2f24vvg\"}","level":"\u001b[34minfo\u001b[39m","timestamp":"2018-12-04 00:05:55"}
{"message":"User logged in: {\"id\":\"2f24vvg\",\"email\":\"test@test.com\",\"password\":\"$2a$10$A2g6pbxxhLA9MNYRJ0rnzOf/7Ara76B0KcRdjzUcsIBIclRuas/fG\"}","level":"\u001b[34minfo\u001b[39m","timestamp":"2018-12-04 00:05:55"}
{"message":"User (2f24vvg) uploaded a file: {\"file-upload\":{\"size\":442895,\"path\":\"C:\\\\develop\\\\nodejs\\\\projects\\\\aitam\\\\work\\\\da9b8b0a-b550-4743-a043-871e778771d8.xml\",\"name\":\"BiljanaB.xml\",\"type\":\"text/xml\",\"mtime\":\"2018-12-04T00:06:00.403Z\"}}","level":"\u001b[34minfo\u001b[39m","timestamp":"2018-12-04 00:06:00"}
{"message":"req.user: undefined","level":"\u001b[34minfo\u001b[39m","timestamp":"2018-12-04 00:08:24"}
{"message":"Session id started: {\"user\":\"2f24vvg\"}","level":"\u001b[34minfo\u001b[39m","timestamp":"2018-12-04 00:08:24"}
{"message":"User logged in: {\"id\":\"2f24vvg\",\"email\":\"test@test.com\",\"password\":\"$2a$10$A2g6pbxxhLA9MNYRJ0rnzOf/7Ara76B0KcRdjzUcsIBIclRuas/fG\"}","level":"\u001b[34minfo\u001b[39m","timestamp":"2018-12-04 00:08:24"}
{"message":"User (2f24vvg) uploaded a file: {\"file-upload\":{\"size\":442895,\"path\":\"C:\\\\develop\\\\nodejs\\\\projects\\\\aitam\\\\work\\\\86de1442-c51c-4820-a1fa-0fed7b013cbb.xml\",\"name\":\"BiljanaB.xml\",\"type\":\"text/xml\",\"mtime\":\"2018-12-04T00:08:30.246Z\"}}","level":"\u001b[34minfo\u001b[39m","timestamp":"2018-12-04 00:08:30"}
{"message":"req.user: undefined","level":"\u001b[34minfo\u001b[39m","timestamp":"2018-12-04 00:12:59"}
{"message":"Session id started: {\"user\":\"2f24vvg\"}","level":"\u001b[34minfo\u001b[39m","timestamp":"2018-12-04 00:12:59"}
{"message":"User logged in: {\"id\":\"2f24vvg\",\"email\":\"test@test.com\",\"password\":\"$2a$10$A2g6pbxxhLA9MNYRJ0rnzOf/7Ara76B0KcRdjzUcsIBIclRuas/fG\"}","level":"\u001b[34minfo\u001b[39m","timestamp":"2018-12-04 00:12:59"}
{"message":"User (2f24vvg) uploaded a file: {\"file-upload\":{\"size\":442895,\"path\":\"C:\\\\develop\\\\nodejs\\\\projects\\\\aitam\\\\work\\\\aedfe6c1-e762-49c4-929a-a1f35a3cc120.xml\",\"name\":\"BiljanaB.xml\",\"type\":\"text/xml\",\"mtime\":\"2018-12-04T00:13:05.295Z\"}}","level":"\u001b[34minfo\u001b[39m","timestamp":"2018-12-04 00:13:05"}
{"message":"Session created received the id:ec087bf4-2c47-4425-a119-8e14f46560b6","level":"\u001b[34minfo\u001b[39m","timestamp":"2018-12-04 00:13:57"}
{"message":"req.user: undefined","level":"\u001b[34minfo\u001b[39m","timestamp":"2018-12-04 00:14:02"}
{"message":"Session id started: {\"user\":\"2f24vvg\"}","level":"\u001b[34minfo\u001b[39m","timestamp":"2018-12-04 00:14:02"}
{"message":"User logged in: {\"id\":\"2f24vvg\",\"email\":\"test@test.com\",\"password\":\"$2a$10$A2g6pbxxhLA9MNYRJ0rnzOf/7Ara76B0KcRdjzUcsIBIclRuas/fG\"}","level":"\u001b[34minfo\u001b[39m","timestamp":"2018-12-04 00:14:02"}
{"message":"User (2f24vvg) uploaded a file: {\"file-upload\":{\"size\":442895,\"path\":\"C:\\\\develop\\\\nodejs\\\\projects\\\\aitam\\\\work\\\\ec087bf4-2c47-4425-a119-8e14f46560b6.xml\",\"name\":\"BiljanaB.xml\",\"type\":\"text/xml\",\"mtime\":\"2018-12-04T00:14:07.413Z\"}}","level":"\u001b[34minfo\u001b[39m","timestamp":"2018-12-04 00:14:07"}
{"message":"Session created received the id:4cf9e30a-2fab-4c01-a2fe-fc1336295835","level":"\u001b[34minfo\u001b[39m","timestamp":"2018-12-04 00:20:10"}
{"message":"req.user: undefined","level":"\u001b[34minfo\u001b[39m","timestamp":"2018-12-04 00:20:14"}
{"message":"Session id started: {\"user\":\"2f24vvg\"}","level":"\u001b[34minfo\u001b[39m","timestamp":"2018-12-04 00:20:14"}
{"message":"User logged in: {\"id\":\"2f24vvg\",\"email\":\"test@test.com\",\"password\":\"$2a$10$A2g6pbxxhLA9MNYRJ0rnzOf/7Ara76B0KcRdjzUcsIBIclRuas/fG\"}","level":"\u001b[34minfo\u001b[39m","timestamp":"2018-12-04 00:20:14"}
{"message":"User (2f24vvg) uploaded a file: {\"file-upload\":{\"size\":442895,\"path\":\"C:\\\\develop\\\\nodejs\\\\projects\\\\aitam\\\\work\\\\4cf9e30a-2fab-4c01-a2fe-fc1336295835.xml\",\"name\":\"BiljanaB.xml\",\"type\":\"text/xml\",\"mtime\":\"2018-12-04T00:20:20.345Z\"}}","level":"\u001b[34minfo\u001b[39m","timestamp":"2018-12-04 00:20:20"}
{"message":"Session created received the id:1cf689e0-76ff-4348-8368-e31ea7cb81fa","level":"\u001b[34minfo\u001b[39m","timestamp":"2018-12-04 00:21:39"}
{"message":"req.user: undefined","level":"\u001b[34minfo\u001b[39m","timestamp":"2018-12-04 00:21:43"}
{"message":"Session id started: {\"user\":\"2f24vvg\"}","level":"\u001b[34minfo\u001b[39m","timestamp":"2018-12-04 00:21:43"}
{"message":"User logged in: {\"id\":\"2f24vvg\",\"email\":\"test@test.com\",\"password\":\"$2a$10$A2g6pbxxhLA9MNYRJ0rnzOf/7Ara76B0KcRdjzUcsIBIclRuas/fG\"}","level":"\u001b[34minfo\u001b[39m","timestamp":"2018-12-04 00:21:43"}
{"message":"User (2f24vvg) uploaded a file: {\"file-upload\":{\"size\":442895,\"path\":\"C:\\\\develop\\\\nodejs\\\\projects\\\\aitam\\\\work\\\\1cf689e0-76ff-4348-8368-e31ea7cb81fa.xml\",\"name\":\"BiljanaB.xml\",\"type\":\"text/xml\",\"mtime\":\"2018-12-04T00:21:48.500Z\"}}","level":"\u001b[34minfo\u001b[39m","timestamp":"2018-12-04 00:21:48"}
{"message":"Session created received the id:22cbb63b-febc-4215-9708-a3283cf0b884","level":"\u001b[34minfo\u001b[39m","timestamp":"2018-12-04 00:25:25"}
{"message":"req.user: undefined","level":"\u001b[34minfo\u001b[39m","timestamp":"2018-12-04 00:25:29"}
{"message":"Session id started: {\"user\":\"2f24vvg\"}","level":"\u001b[34minfo\u001b[39m","timestamp":"2018-12-04 00:25:29"}
{"message":"User logged in: {\"id\":\"2f24vvg\",\"email\":\"test@test.com\",\"password\":\"$2a$10$A2g6pbxxhLA9MNYRJ0rnzOf/7Ara76B0KcRdjzUcsIBIclRuas/fG\"}","level":"\u001b[34minfo\u001b[39m","timestamp":"2018-12-04 00:25:29"}
{"message":"User (2f24vvg) uploaded a file: {\"file-upload\":{\"size\":442895,\"path\":\"C:\\\\develop\\\\nodejs\\\\projects\\\\aitam\\\\work\\\\22cbb63b-febc-4215-9708-a3283cf0b884.xml\",\"name\":\"BiljanaB.xml\",\"type\":\"text/xml\",\"mtime\":\"2018-12-04T00:25:34.676Z\"}}","level":"\u001b[34minfo\u001b[39m","timestamp":"2018-12-04 00:25:34"}
{"message":"Session created received the id:01dac517-4247-4512-a209-a648de17132a","level":"\u001b[34minfo\u001b[39m","timestamp":"2018-12-04 00:31:43"}
{"message":"req.user: undefined","level":"\u001b[34minfo\u001b[39m","timestamp":"2018-12-04 00:31:47"}
{"message":"Session id started: {\"user\":\"2f24vvg\"}","level":"\u001b[34minfo\u001b[39m","timestamp":"2018-12-04 00:31:47"}
{"message":"User logged in: {\"id\":\"2f24vvg\",\"email\":\"test@test.com\",\"password\":\"$2a$10$A2g6pbxxhLA9MNYRJ0rnzOf/7Ara76B0KcRdjzUcsIBIclRuas/fG\"}","level":"\u001b[34minfo\u001b[39m","timestamp":"2018-12-04 00:31:47"}
{"message":"User (2f24vvg) uploaded a file: {\"file-upload\":{\"size\":442895,\"path\":\"C:\\\\develop\\\\nodejs\\\\projects\\\\aitam\\\\work\\\\01dac517-4247-4512-a209-a648de17132a.xml\",\"name\":\"BiljanaB.xml\",\"type\":\"text/xml\",\"mtime\":\"2018-12-04T00:31:52.979Z\"}}","level":"\u001b[34minfo\u001b[39m","timestamp":"2018-12-04 00:31:52"}
{"message":"req.user: undefined","level":"\u001b[34minfo\u001b[39m","timestamp":"2018-12-04 00:37:02"}
{"message":"Session id started: {\"user\":\"2f24vvg\"}","level":"\u001b[34minfo\u001b[39m","timestamp":"2018-12-04 00:37:02"}
{"message":"User logged in: {\"id\":\"2f24vvg\",\"email\":\"test@test.com\",\"password\":\"$2a$10$A2g6pbxxhLA9MNYRJ0rnzOf/7Ara76B0KcRdjzUcsIBIclRuas/fG\"}","level":"\u001b[34minfo\u001b[39m","timestamp":"2018-12-04 00:37:02"}
{"message":"User (2f24vvg) uploaded a file: {\"file-upload\":{\"size\":442895,\"path\":\"C:\\\\develop\\\\nodejs\\\\projects\\\\aitam\\\\work\\\\c161260e-893a-4c47-aee4-b024c0b2821f.xml\",\"name\":\"BiljanaB.xml\",\"type\":\"text/xml\",\"mtime\":\"2018-12-04T00:37:08.100Z\"}}","level":"\u001b[34minfo\u001b[39m","timestamp":"2018-12-04 00:37:08"}
{"message":"req.user: undefined","level":"\u001b[34minfo\u001b[39m","timestamp":"2018-12-04 00:37:45"}
{"message":"Session id started: {\"user\":\"2f24vvg\"}","level":"\u001b[34minfo\u001b[39m","timestamp":"2018-12-04 00:37:45"}
{"message":"User logged in: {\"id\":\"2f24vvg\",\"email\":\"test@test.com\",\"password\":\"$2a$10$A2g6pbxxhLA9MNYRJ0rnzOf/7Ara76B0KcRdjzUcsIBIclRuas/fG\"}","level":"\u001b[34minfo\u001b[39m","timestamp":"2018-12-04 00:37:45"}
{"message":"User (2f24vvg) uploaded a file: {\"file-upload\":{\"size\":442895,\"path\":\"C:\\\\develop\\\\nodejs\\\\projects\\\\aitam\\\\work\\\\7db01623-ce81-4066-852f-aef6eadbcb54.xml\",\"name\":\"BiljanaB.xml\",\"type\":\"text/xml\",\"mtime\":\"2018-12-04T00:37:51.259Z\"}}","level":"\u001b[34minfo\u001b[39m","timestamp":"2018-12-04 00:37:51"}
{"message":"Session created received the id:7db01623-ce81-4066-852f-aef6eadbcb54","level":"\u001b[34minfo\u001b[39m","timestamp":"2018-12-04 00:41:42"}
{"message":"User (2f24vvg) uploaded a file: {\"file-upload\":{\"size\":442895,\"path\":\"C:\\\\develop\\\\nodejs\\\\projects\\\\aitam\\\\work\\\\7db01623-ce81-4066-852f-aef6eadbcb54.xml\",\"name\":\"BiljanaB.xml\",\"type\":\"text/xml\",\"mtime\":\"2018-12-04T00:41:55.781Z\"}}","level":"\u001b[34minfo\u001b[39m","timestamp":"2018-12-04 00:41:55"}
{"message":"req.user: undefined","level":"\u001b[34minfo\u001b[39m","timestamp":"2018-12-04 00:42:30"}
{"message":"Session id started: {\"user\":\"2f24vvg\"}","level":"\u001b[34minfo\u001b[39m","timestamp":"2018-12-04 00:42:30"}
{"message":"User logged in: {\"id\":\"2f24vvg\",\"email\":\"test@test.com\",\"password\":\"$2a$10$A2g6pbxxhLA9MNYRJ0rnzOf/7Ara76B0KcRdjzUcsIBIclRuas/fG\"}","level":"\u001b[34minfo\u001b[39m","timestamp":"2018-12-04 00:42:30"}
{"message":"User (2f24vvg) uploaded a file: {\"file-upload\":{\"size\":442895,\"path\":\"C:\\\\develop\\\\nodejs\\\\projects\\\\aitam\\\\work\\\\ceff5a6d-50b3-43ac-b971-2b5f9765b79a.xml\",\"name\":\"BiljanaB.xml\",\"type\":\"text/xml\",\"mtime\":\"2018-12-04T00:42:35.869Z\"}}","level":"\u001b[34minfo\u001b[39m","timestamp":"2018-12-04 00:42:35"}
{"message":"req.user: undefined","level":"\u001b[34minfo\u001b[39m","timestamp":"2018-12-04 00:43:17"}
{"message":"Session id started: {\"user\":\"2f24vvg\"}","level":"\u001b[34minfo\u001b[39m","timestamp":"2018-12-04 00:43:17"}
{"message":"User logged in: {\"id\":\"2f24vvg\",\"email\":\"test@test.com\",\"password\":\"$2a$10$A2g6pbxxhLA9MNYRJ0rnzOf/7Ara76B0KcRdjzUcsIBIclRuas/fG\"}","level":"\u001b[34minfo\u001b[39m","timestamp":"2018-12-04 00:43:17"}
{"message":"New audit file created:C:\\develop\\nodejs\\projects\\aitam\\work\\f8aeb70b-8f22-4c50-9c06-6e0e9599fb31.xml","level":"\u001b[34minfo\u001b[39m","timestamp":"2018-12-04 00:43:19"}
{"message":"req.user: undefined","level":"\u001b[34minfo\u001b[39m","timestamp":"2018-12-04 00:44:05"}
{"message":"Session id started: {\"user\":\"2f24vvg\"}","level":"\u001b[34minfo\u001b[39m","timestamp":"2018-12-04 00:44:05"}
{"message":"User logged in: {\"id\":\"2f24vvg\",\"email\":\"test@test.com\",\"password\":\"$2a$10$A2g6pbxxhLA9MNYRJ0rnzOf/7Ara76B0KcRdjzUcsIBIclRuas/fG\"}","level":"\u001b[34minfo\u001b[39m","timestamp":"2018-12-04 00:44:05"}
{"message":"New audit file created:C:\\develop\\nodejs\\projects\\aitam\\work\\e7a98bb1-0e0f-405f-9b83-4ea77f7efe21.xml","level":"\u001b[34minfo\u001b[39m","timestamp":"2018-12-04 00:44:12"}
{"message":"req.user: undefined","level":"\u001b[34minfo\u001b[39m","timestamp":"2018-12-04 00:47:21"}
{"message":"Session id started: {\"user\":\"2f24vvg\"}","level":"\u001b[34minfo\u001b[39m","timestamp":"2018-12-04 00:47:21"}
{"message":"User logged in: {\"id\":\"2f24vvg\",\"email\":\"test@test.com\",\"password\":\"$2a$10$A2g6pbxxhLA9MNYRJ0rnzOf/7Ara76B0KcRdjzUcsIBIclRuas/fG\"}","level":"\u001b[34minfo\u001b[39m","timestamp":"2018-12-04 00:47:21"}
{"message":"New audit file created:C:\\develop\\nodejs\\projects\\aitam\\work\\6afbf6c9-8a3e-4609-bbb3-621d46a78765.xml","level":"\u001b[34minfo\u001b[39m","timestamp":"2018-12-04 00:47:24"}
{"message":"Session created received the id:3b6ebd04-3bde-4f9c-9eff-48fcd22285cb","level":"\u001b[34minfo\u001b[39m","timestamp":"2018-12-04 00:49:17"}
{"message":"req.user: undefined","level":"\u001b[34minfo\u001b[39m","timestamp":"2018-12-04 00:49:23"}
{"message":"Session id started: {\"user\":\"2f24vvg\"}","level":"\u001b[34minfo\u001b[39m","timestamp":"2018-12-04 00:49:23"}
{"message":"User logged in: {\"id\":\"2f24vvg\",\"email\":\"test@test.com\",\"password\":\"$2a$10$A2g6pbxxhLA9MNYRJ0rnzOf/7Ara76B0KcRdjzUcsIBIclRuas/fG\"}","level":"\u001b[34minfo\u001b[39m","timestamp":"2018-12-04 00:49:23"}
{"message":"New audit file created:C:\\develop\\nodejs\\projects\\aitam\\work\\3b6ebd04-3bde-4f9c-9eff-48fcd22285cb.xml","level":"\u001b[34minfo\u001b[39m","timestamp":"2018-12-04 00:49:25"}
{"message":"Session created received the id:4e8c6133-e875-4ec9-ad34-6fef62c96757","level":"\u001b[34minfo\u001b[39m","timestamp":"2018-12-04 00:50:47"}
{"message":"req.user: undefined","level":"\u001b[34minfo\u001b[39m","timestamp":"2018-12-04 00:50:51"}
{"message":"Session id started: {\"user\":\"2f24vvg\"}","level":"\u001b[34minfo\u001b[39m","timestamp":"2018-12-04 00:50:51"}
{"message":"User logged in: {\"id\":\"2f24vvg\",\"email\":\"test@test.com\",\"password\":\"$2a$10$A2g6pbxxhLA9MNYRJ0rnzOf/7Ara76B0KcRdjzUcsIBIclRuas/fG\"}","level":"\u001b[34minfo\u001b[39m","timestamp":"2018-12-04 00:50:51"}
{"message":"New audit file created:C:\\develop\\nodejs\\projects\\aitam\\work\\4e8c6133-e875-4ec9-ad34-6fef62c96757.xml","level":"\u001b[34minfo\u001b[39m","timestamp":"2018-12-04 00:50:53"}
{"message":"User (2f24vvg) uploaded a file: {\"file-upload\":{\"size\":442895,\"path\":\"C:\\\\develop\\\\nodejs\\\\projects\\\\aitam\\\\work\\\\4e8c6133-e875-4ec9-ad34-6fef62c96757.xml\",\"name\":\"BiljanaB.xml\",\"type\":\"text/xml\",\"mtime\":\"2018-12-04T00:51:33.987Z\"}}","level":"\u001b[34minfo\u001b[39m","timestamp":"2018-12-04 00:51:33"}
{"message":"Session created received the id:4035a00f-4d5e-4114-9f94-33a1b5ce625d","level":"\u001b[34minfo\u001b[39m","timestamp":"2018-12-04 00:52:33"}
{"message":"req.user: undefined","level":"\u001b[34minfo\u001b[39m","timestamp":"2018-12-04 00:52:38"}
{"message":"Session id started: {\"user\":\"2f24vvg\"}","level":"\u001b[34minfo\u001b[39m","timestamp":"2018-12-04 00:52:38"}
{"message":"User logged in: {\"id\":\"2f24vvg\",\"email\":\"test@test.com\",\"password\":\"$2a$10$A2g6pbxxhLA9MNYRJ0rnzOf/7Ara76B0KcRdjzUcsIBIclRuas/fG\"}","level":"\u001b[34minfo\u001b[39m","timestamp":"2018-12-04 00:52:38"}
{"message":"New audit file created:C:\\develop\\nodejs\\projects\\aitam\\work\\4035a00f-4d5e-4114-9f94-33a1b5ce625d.xml","level":"\u001b[34minfo\u001b[39m","timestamp":"2018-12-04 00:52:39"}
{"message":"Session created received the id:484869b3-800c-47d1-b733-dbda6a1e5384","level":"\u001b[34minfo\u001b[39m","timestamp":"2018-12-04 00:55:41"}
{"message":"req.user: undefined","level":"\u001b[34minfo\u001b[39m","timestamp":"2018-12-04 00:55:46"}
{"message":"Session id started: {\"user\":\"2f24vvg\"}","level":"\u001b[34minfo\u001b[39m","timestamp":"2018-12-04 00:55:46"}
{"message":"User logged in: {\"id\":\"2f24vvg\",\"email\":\"test@test.com\",\"password\":\"$2a$10$A2g6pbxxhLA9MNYRJ0rnzOf/7Ara76B0KcRdjzUcsIBIclRuas/fG\"}","level":"\u001b[34minfo\u001b[39m","timestamp":"2018-12-04 00:55:46"}
{"message":"New audit file created:C:\\develop\\nodejs\\projects\\aitam\\work\\484869b3-800c-47d1-b733-dbda6a1e5384.xml","level":"\u001b[34minfo\u001b[39m","timestamp":"2018-12-04 00:55:48"}
{"message":"Session created received the id:afbabcad-6f3e-46c8-af2d-c7593b8e4157","level":"\u001b[34minfo\u001b[39m","timestamp":"2018-12-04 00:57:04"}
{"message":"req.user: undefined","level":"\u001b[34minfo\u001b[39m","timestamp":"2018-12-04 00:57:08"}
{"message":"Session id started: {\"user\":\"2f24vvg\"}","level":"\u001b[34minfo\u001b[39m","timestamp":"2018-12-04 00:57:08"}
{"message":"User logged in: {\"id\":\"2f24vvg\",\"email\":\"test@test.com\",\"password\":\"$2a$10$A2g6pbxxhLA9MNYRJ0rnzOf/7Ara76B0KcRdjzUcsIBIclRuas/fG\"}","level":"\u001b[34minfo\u001b[39m","timestamp":"2018-12-04 00:57:08"}
{"message":"New audit file created:C:\\develop\\nodejs\\projects\\aitam\\work\\afbabcad-6f3e-46c8-af2d-c7593b8e4157.xml","level":"\u001b[34minfo\u001b[39m","timestamp":"2018-12-04 00:57:10"}
{"message":"Session created received the id:b1590f23-af25-4106-b601-79bc11fc3900","level":"\u001b[34minfo\u001b[39m","timestamp":"2018-12-04 00:59:10"}
{"message":"req.user: undefined","level":"\u001b[34minfo\u001b[39m","timestamp":"2018-12-04 00:59:14"}
{"message":"Session id started: {\"user\":\"2f24vvg\"}","level":"\u001b[34minfo\u001b[39m","timestamp":"2018-12-04 00:59:14"}
{"message":"User logged in: {\"id\":\"2f24vvg\",\"email\":\"test@test.com\",\"password\":\"$2a$10$A2g6pbxxhLA9MNYRJ0rnzOf/7Ara76B0KcRdjzUcsIBIclRuas/fG\"}","level":"\u001b[34minfo\u001b[39m","timestamp":"2018-12-04 00:59:14"}
{"message":"New audit file created:C:\\develop\\nodejs\\projects\\aitam\\work\\b1590f23-af25-4106-b601-79bc11fc3900.xml","level":"\u001b[34minfo\u001b[39m","timestamp":"2018-12-04 00:59:17"}
{"message":"req.user: undefined","level":"\u001b[34minfo\u001b[39m","timestamp":"2018-12-04 00:59:59"}
{"message":"Session id started: {\"user\":\"2f24vvg\"}","level":"\u001b[34minfo\u001b[39m","timestamp":"2018-12-04 00:59:59"}
{"message":"User logged in: {\"id\":\"2f24vvg\",\"email\":\"test@test.com\",\"password\":\"$2a$10$A2g6pbxxhLA9MNYRJ0rnzOf/7Ara76B0KcRdjzUcsIBIclRuas/fG\"}","level":"\u001b[34minfo\u001b[39m","timestamp":"2018-12-04 00:59:59"}
{"message":"New audit file created:C:\\develop\\nodejs\\projects\\aitam\\work\\a53594e2-c747-4c77-a189-017feb160eb8.xml","level":"\u001b[34minfo\u001b[39m","timestamp":"2018-12-04 01:00:00"}
{"message":"Session created received the id:a3b57227-b333-4de0-9a89-849f03ab7fe0","level":"\u001b[34minfo\u001b[39m","timestamp":"2018-12-04 01:01:37"}
{"message":"req.user: undefined","level":"\u001b[34minfo\u001b[39m","timestamp":"2018-12-04 01:01:42"}
{"message":"Session id started: {\"user\":\"2f24vvg\"}","level":"\u001b[34minfo\u001b[39m","timestamp":"2018-12-04 01:01:42"}
{"message":"User logged in: {\"id\":\"2f24vvg\",\"email\":\"test@test.com\",\"password\":\"$2a$10$A2g6pbxxhLA9MNYRJ0rnzOf/7Ara76B0KcRdjzUcsIBIclRuas/fG\"}","level":"\u001b[34minfo\u001b[39m","timestamp":"2018-12-04 01:01:42"}
{"message":"New audit file created:C:\\develop\\nodejs\\projects\\aitam\\work\\a3b57227-b333-4de0-9a89-849f03ab7fe0.xml","level":"\u001b[34minfo\u001b[39m","timestamp":"2018-12-04 01:01:43"}
{"message":"req.user: undefined","level":"\u001b[34minfo\u001b[39m","timestamp":"2018-12-04 01:03:47"}
{"message":"Session id started: {\"user\":\"2f24vvg\"}","level":"\u001b[34minfo\u001b[39m","timestamp":"2018-12-04 01:03:47"}
{"message":"User logged in: {\"id\":\"2f24vvg\",\"email\":\"test@test.com\",\"password\":\"$2a$10$A2g6pbxxhLA9MNYRJ0rnzOf/7Ara76B0KcRdjzUcsIBIclRuas/fG\"}","level":"\u001b[34minfo\u001b[39m","timestamp":"2018-12-04 01:03:47"}
{"message":"New audit file created:C:\\develop\\nodejs\\projects\\aitam\\work\\bef6e47a-518e-420e-b3ee-655fab199fbe.xml","level":"\u001b[34minfo\u001b[39m","timestamp":"2018-12-04 01:03:48"}
{"message":"Session created received the id:d4219583-0c46-4bd2-8419-c232786ac514","level":"\u001b[34minfo\u001b[39m","timestamp":"2018-12-04 01:05:07"}
{"message":"req.user: undefined","level":"\u001b[34minfo\u001b[39m","timestamp":"2018-12-04 01:05:12"}
{"message":"Session id started: {\"user\":\"2f24vvg\"}","level":"\u001b[34minfo\u001b[39m","timestamp":"2018-12-04 01:05:12"}
{"message":"User logged in: {\"id\":\"2f24vvg\",\"email\":\"test@test.com\",\"password\":\"$2a$10$A2g6pbxxhLA9MNYRJ0rnzOf/7Ara76B0KcRdjzUcsIBIclRuas/fG\"}","level":"\u001b[34minfo\u001b[39m","timestamp":"2018-12-04 01:05:12"}
{"message":"New audit file created:C:\\develop\\nodejs\\projects\\aitam\\work\\d4219583-0c46-4bd2-8419-c232786ac514.xml","level":"\u001b[34minfo\u001b[39m","timestamp":"2018-12-04 01:05:15"}
{"message":"Session created received the id:5a829cdf-dc7e-4122-b6e6-05589f76cdf5","level":"\u001b[34minfo\u001b[39m","timestamp":"2018-12-04 01:11:32"}
{"message":"req.user: undefined","level":"\u001b[34minfo\u001b[39m","timestamp":"2018-12-04 01:11:36"}
{"message":"Session id started: {\"user\":\"2f24vvg\"}","level":"\u001b[34minfo\u001b[39m","timestamp":"2018-12-04 01:11:36"}
{"message":"User logged in: {\"id\":\"2f24vvg\",\"email\":\"test@test.com\",\"password\":\"$2a$10$A2g6pbxxhLA9MNYRJ0rnzOf/7Ara76B0KcRdjzUcsIBIclRuas/fG\"}","level":"\u001b[34minfo\u001b[39m","timestamp":"2018-12-04 01:11:36"}
{"message":"New audit file created:C:\\develop\\nodejs\\projects\\aitam\\work\\5a829cdf-dc7e-4122-b6e6-05589f76cdf5.xml","level":"\u001b[34minfo\u001b[39m","timestamp":"2018-12-04 01:11:37"}
{"message":"req.user: undefined","level":"\u001b[34minfo\u001b[39m","timestamp":"2018-12-04 01:16:46"}
{"message":"Session id started: {\"user\":\"2f24vvg\"}","level":"\u001b[34minfo\u001b[39m","timestamp":"2018-12-04 01:16:46"}
{"message":"User logged in: {\"id\":\"2f24vvg\",\"email\":\"test@test.com\",\"password\":\"$2a$10$A2g6pbxxhLA9MNYRJ0rnzOf/7Ara76B0KcRdjzUcsIBIclRuas/fG\"}","level":"\u001b[34minfo\u001b[39m","timestamp":"2018-12-04 01:16:46"}
{"message":"New audit file created:C:\\develop\\nodejs\\projects\\aitam\\work\\4b61cde1-c6fb-4115-8c4a-c385d917d910.xml","level":"\u001b[34minfo\u001b[39m","timestamp":"2018-12-04 01:16:47"}
{"message":"req.user: undefined","level":"\u001b[34minfo\u001b[39m","timestamp":"2018-12-04 01:18:30"}
{"message":"Session id started: {\"user\":\"2f24vvg\"}","level":"\u001b[34minfo\u001b[39m","timestamp":"2018-12-04 01:18:30"}
{"message":"User logged in: {\"id\":\"2f24vvg\",\"email\":\"test@test.com\",\"password\":\"$2a$10$A2g6pbxxhLA9MNYRJ0rnzOf/7Ara76B0KcRdjzUcsIBIclRuas/fG\"}","level":"\u001b[34minfo\u001b[39m","timestamp":"2018-12-04 01:18:30"}
{"message":"New audit file created:C:\\develop\\nodejs\\projects\\aitam\\work\\64e3500f-a272-482c-9897-3810375ea2b7.xml","level":"\u001b[34minfo\u001b[39m","timestamp":"2018-12-04 01:18:32"}
{"message":"req.user: undefined","level":"\u001b[34minfo\u001b[39m","timestamp":"2018-12-04 01:20:48"}
{"message":"Session id started: {\"user\":\"2f24vvg\"}","level":"\u001b[34minfo\u001b[39m","timestamp":"2018-12-04 01:20:48"}
{"message":"User logged in: {\"id\":\"2f24vvg\",\"email\":\"test@test.com\",\"password\":\"$2a$10$A2g6pbxxhLA9MNYRJ0rnzOf/7Ara76B0KcRdjzUcsIBIclRuas/fG\"}","level":"\u001b[34minfo\u001b[39m","timestamp":"2018-12-04 01:20:48"}
{"message":"New audit file created:C:\\develop\\nodejs\\projects\\aitam\\work\\04610229-baa6-4372-9fae-8a9f062c5481.xml","level":"\u001b[34minfo\u001b[39m","timestamp":"2018-12-04 01:20:49"}
