{"message":"Session created received the id:db8f51cf-ec9e-42c6-b09b-9f3b03bfc255","level":"\u001b[34minfo\u001b[39m","timestamp":"2018-11-26 20:06:12"}
{"message":"Session created received the id:af0445a1-7ad2-442b-8542-984bcebcb911","level":"\u001b[34minfo\u001b[39m","timestamp":"2018-11-26 20:16:18"}
{"message":"req.user: undefined","level":"\u001b[34minfo\u001b[39m","timestamp":"2018-11-26 20:17:12"}
{"message":"Session id started: {\"user\":\"2f24vvg\"}","level":"\u001b[34minfo\u001b[39m","timestamp":"2018-11-26 20:17:12"}
{"message":"User logged in: {\"id\":\"2f24vvg\",\"email\":\"test@test.com\",\"password\":\"$2a$10$A2g6pbxxhLA9MNYRJ0rnzOf/7Ara76B0KcRdjzUcsIBIclRuas/fG\"}","level":"\u001b[34minfo\u001b[39m","timestamp":"2018-11-26 20:17:12"}
{"message":"req.user: undefined","level":"\u001b[34minfo\u001b[39m","timestamp":"2018-11-26 20:17:59"}
{"message":"Session id started: {\"user\":\"2f24vvg\"}","level":"\u001b[34minfo\u001b[39m","timestamp":"2018-11-26 20:17:59"}
{"message":"User logged in: {\"id\":\"2f24vvg\",\"email\":\"test@test.com\",\"password\":\"$2a$10$A2g6pbxxhLA9MNYRJ0rnzOf/7Ara76B0KcRdjzUcsIBIclRuas/fG\"}","level":"\u001b[34minfo\u001b[39m","timestamp":"2018-11-26 20:17:59"}
{"message":"New audit file created:C:\\develop\\nodejs\\projects\\aitam\\work/892c622a-f091-41e8-a73b-8b6efe44f85d.xml","level":"\u001b[34minfo\u001b[39m","timestamp":"2018-11-26 20:18:04"}
{"message":"Session created received the id:80451e8c-3e85-4bf6-9895-30f21042ecdf","level":"\u001b[34minfo\u001b[39m","timestamp":"2018-11-26 20:19:10"}
{"message":"req.user: undefined","level":"\u001b[34minfo\u001b[39m","timestamp":"2018-11-26 20:19:28"}
{"message":"Session id started: {\"user\":\"2f24vvg\"}","level":"\u001b[34minfo\u001b[39m","timestamp":"2018-11-26 20:19:28"}
{"message":"User logged in: {\"id\":\"2f24vvg\",\"email\":\"test@test.com\",\"password\":\"$2a$10$A2g6pbxxhLA9MNYRJ0rnzOf/7Ara76B0KcRdjzUcsIBIclRuas/fG\"}","level":"\u001b[34minfo\u001b[39m","timestamp":"2018-11-26 20:19:28"}
{"message":"New audit file created:C:\\develop\\nodejs\\projects\\aitam\\work/80451e8c-3e85-4bf6-9895-30f21042ecdf.xml","level":"\u001b[34minfo\u001b[39m","timestamp":"2018-11-26 20:19:33"}
{"message":"Session created received the id:54c81403-49a4-4cac-9792-21f292116002","level":"\u001b[34minfo\u001b[39m","timestamp":"2018-11-26 20:25:24"}
{"message":"req.user: undefined","level":"\u001b[34minfo\u001b[39m","timestamp":"2018-11-26 20:25:45"}
{"message":"Session id started: {\"user\":\"2f24vvg\"}","level":"\u001b[34minfo\u001b[39m","timestamp":"2018-11-26 20:25:45"}
{"message":"User logged in: {\"id\":\"2f24vvg\",\"email\":\"test@test.com\",\"password\":\"$2a$10$A2g6pbxxhLA9MNYRJ0rnzOf/7Ara76B0KcRdjzUcsIBIclRuas/fG\"}","level":"\u001b[34minfo\u001b[39m","timestamp":"2018-11-26 20:25:45"}
{"message":"New audit file created:C:\\develop\\nodejs\\projects\\aitam\\work/54c81403-49a4-4cac-9792-21f292116002.xml","level":"\u001b[34minfo\u001b[39m","timestamp":"2018-11-26 20:25:47"}
{"message":"New audit file created:C:\\develop\\nodejs\\projects\\aitam\\work/556b8b1c-5812-4324-9679-20aebe1a59d3.xml","level":"\u001b[34minfo\u001b[39m","timestamp":"2018-11-26 20:27:09"}
{"message":"req.user: undefined","level":"\u001b[34minfo\u001b[39m","timestamp":"2018-11-26 20:27:21"}
{"message":"Session id started: {\"user\":\"2f24vvg\"}","level":"\u001b[34minfo\u001b[39m","timestamp":"2018-11-26 20:27:21"}
{"message":"User logged in: {\"id\":\"2f24vvg\",\"email\":\"test@test.com\",\"password\":\"$2a$10$A2g6pbxxhLA9MNYRJ0rnzOf/7Ara76B0KcRdjzUcsIBIclRuas/fG\"}","level":"\u001b[34minfo\u001b[39m","timestamp":"2018-11-26 20:27:21"}
{"message":"User (2f24vvg) uploaded a file: {\"file-upload\":{\"size\":421444,\"path\":\"C:\\\\develop\\\\nodejs\\\\projects\\\\aitam\\\\work/556b8b1c-5812-4324-9679-20aebe1a59d3.xml\",\"name\":\"Biljana.xml\",\"type\":\"text/xml\",\"mtime\":\"2018-11-26T20:27:29.191Z\"}}","level":"\u001b[34minfo\u001b[39m","timestamp":"2018-11-26 20:27:29"}
{"message":"req.user: undefined","level":"\u001b[34minfo\u001b[39m","timestamp":"2018-11-26 20:28:08"}
{"message":"Session id started: {\"user\":\"2f24vvg\"}","level":"\u001b[34minfo\u001b[39m","timestamp":"2018-11-26 20:28:08"}
{"message":"User logged in: {\"id\":\"2f24vvg\",\"email\":\"test@test.com\",\"password\":\"$2a$10$A2g6pbxxhLA9MNYRJ0rnzOf/7Ara76B0KcRdjzUcsIBIclRuas/fG\"}","level":"\u001b[34minfo\u001b[39m","timestamp":"2018-11-26 20:28:08"}
{"message":"New audit file created:C:\\develop\\nodejs\\projects\\aitam\\work/8bdd5b2a-06a5-4cdb-a956-b8677a5825cc.xml","level":"\u001b[34minfo\u001b[39m","timestamp":"2018-11-26 20:28:11"}
{"message":"Session created received the id:9e512a61-94e6-4b10-a5a9-0b4247c6d910","level":"\u001b[34minfo\u001b[39m","timestamp":"2018-11-26 20:28:57"}
{"message":"req.user: undefined","level":"\u001b[34minfo\u001b[39m","timestamp":"2018-11-26 20:29:09"}
{"message":"Session id started: {\"user\":\"2f24vvg\"}","level":"\u001b[34minfo\u001b[39m","timestamp":"2018-11-26 20:29:09"}
{"message":"User logged in: {\"id\":\"2f24vvg\",\"email\":\"test@test.com\",\"password\":\"$2a$10$A2g6pbxxhLA9MNYRJ0rnzOf/7Ara76B0KcRdjzUcsIBIclRuas/fG\"}","level":"\u001b[34minfo\u001b[39m","timestamp":"2018-11-26 20:29:09"}
{"message":"New audit file created:C:\\develop\\nodejs\\projects\\aitam\\work/9e512a61-94e6-4b10-a5a9-0b4247c6d910.xml","level":"\u001b[34minfo\u001b[39m","timestamp":"2018-11-26 20:29:11"}
{"message":"Session created received the id:8ab7dac6-63bb-4577-ae3f-f86e8613575a","level":"\u001b[34minfo\u001b[39m","timestamp":"2018-11-26 20:32:59"}
{"message":"req.user: undefined","level":"\u001b[34minfo\u001b[39m","timestamp":"2018-11-26 20:33:37"}
{"message":"Session id started: {\"user\":\"2f24vvg\"}","level":"\u001b[34minfo\u001b[39m","timestamp":"2018-11-26 20:33:37"}
{"message":"User logged in: {\"id\":\"2f24vvg\",\"email\":\"test@test.com\",\"password\":\"$2a$10$A2g6pbxxhLA9MNYRJ0rnzOf/7Ara76B0KcRdjzUcsIBIclRuas/fG\"}","level":"\u001b[34minfo\u001b[39m","timestamp":"2018-11-26 20:33:37"}
{"message":"New audit file created:C:\\develop\\nodejs\\projects\\aitam\\work/8ab7dac6-63bb-4577-ae3f-f86e8613575a.xml","level":"\u001b[34minfo\u001b[39m","timestamp":"2018-11-26 20:33:39"}
{"message":"Session created received the id:8ab7dac6-63bb-4577-ae3f-f86e8613575a","level":"\u001b[34minfo\u001b[39m","timestamp":"2018-11-26 20:37:21"}
{"message":"User (2f24vvg) uploaded a file: {\"file-upload\":{\"size\":421444,\"path\":\"C:\\\\develop\\\\nodejs\\\\projects\\\\aitam\\\\work/8ab7dac6-63bb-4577-ae3f-f86e8613575a.xml\",\"name\":\"Biljana.xml\",\"type\":\"text/xml\",\"mtime\":\"2018-11-26T20:37:31.268Z\"}}","level":"\u001b[34minfo\u001b[39m","timestamp":"2018-11-26 20:37:31"}
{"message":"req.user: undefined","level":"\u001b[34minfo\u001b[39m","timestamp":"2018-11-26 20:39:18"}
{"message":"Session id started: {\"user\":\"2f24vvg\"}","level":"\u001b[34minfo\u001b[39m","timestamp":"2018-11-26 20:39:18"}
{"message":"User logged in: {\"id\":\"2f24vvg\",\"email\":\"test@test.com\",\"password\":\"$2a$10$A2g6pbxxhLA9MNYRJ0rnzOf/7Ara76B0KcRdjzUcsIBIclRuas/fG\"}","level":"\u001b[34minfo\u001b[39m","timestamp":"2018-11-26 20:39:18"}
{"message":"User (2f24vvg) uploaded a file: {\"file-upload\":{\"size\":421444,\"path\":\"C:\\\\develop\\\\nodejs\\\\projects\\\\aitam\\\\work/8b6cd22b-d340-4eae-865b-983829076277.xml\",\"name\":\"Biljana.xml\",\"type\":\"text/xml\",\"mtime\":\"2018-11-26T20:39:27.325Z\"}}","level":"\u001b[34minfo\u001b[39m","timestamp":"2018-11-26 20:39:27"}
{"message":"req.user: undefined","level":"\u001b[34minfo\u001b[39m","timestamp":"2018-11-26 20:41:15"}
{"message":"Session id started: {\"user\":\"2f24vvg\"}","level":"\u001b[34minfo\u001b[39m","timestamp":"2018-11-26 20:41:15"}
{"message":"User logged in: {\"id\":\"2f24vvg\",\"email\":\"test@test.com\",\"password\":\"$2a$10$A2g6pbxxhLA9MNYRJ0rnzOf/7Ara76B0KcRdjzUcsIBIclRuas/fG\"}","level":"\u001b[34minfo\u001b[39m","timestamp":"2018-11-26 20:41:15"}
{"message":"User (2f24vvg) uploaded a file: {\"file-upload\":{\"size\":421444,\"path\":\"C:\\\\develop\\\\nodejs\\\\projects\\\\aitam\\\\work/f15796cb-2e18-426f-aa49-996fa4befd32.xml\",\"name\":\"Biljana.xml\",\"type\":\"text/xml\",\"mtime\":\"2018-11-26T20:41:21.524Z\"}}","level":"\u001b[34minfo\u001b[39m","timestamp":"2018-11-26 20:41:21"}
{"message":"req.user: undefined","level":"\u001b[34minfo\u001b[39m","timestamp":"2018-11-26 20:50:50"}
{"message":"Session id started: {\"user\":\"2f24vvg\"}","level":"\u001b[34minfo\u001b[39m","timestamp":"2018-11-26 20:50:50"}
{"message":"User logged in: {\"id\":\"2f24vvg\",\"email\":\"test@test.com\",\"password\":\"$2a$10$A2g6pbxxhLA9MNYRJ0rnzOf/7Ara76B0KcRdjzUcsIBIclRuas/fG\"}","level":"\u001b[34minfo\u001b[39m","timestamp":"2018-11-26 20:50:50"}
{"message":"User (2f24vvg) uploaded a file: {\"file-upload\":{\"size\":421444,\"path\":\"C:\\\\develop\\\\nodejs\\\\projects\\\\aitam\\\\work/77a88b41-3d2c-4b02-9562-521a64760b6a.xml\",\"name\":\"Biljana.xml\",\"type\":\"text/xml\",\"mtime\":\"2018-11-26T20:50:59.669Z\"}}","level":"\u001b[34minfo\u001b[39m","timestamp":"2018-11-26 20:50:59"}
{"message":"New audit file created:C:\\develop\\nodejs\\projects\\aitam\\work/77a88b41-3d2c-4b02-9562-521a64760b6a.xml","level":"\u001b[34minfo\u001b[39m","timestamp":"2018-11-26 20:52:42"}
{"message":"Session created received the id:ce484f60-0295-4bde-9640-fec8ed78761d","level":"\u001b[34minfo\u001b[39m","timestamp":"2018-11-26 20:56:52"}
{"message":"req.user: undefined","level":"\u001b[34minfo\u001b[39m","timestamp":"2018-11-26 20:57:04"}
{"message":"Session id started: {\"user\":\"2f24vvg\"}","level":"\u001b[34minfo\u001b[39m","timestamp":"2018-11-26 20:57:04"}
{"message":"User logged in: {\"id\":\"2f24vvg\",\"email\":\"test@test.com\",\"password\":\"$2a$10$A2g6pbxxhLA9MNYRJ0rnzOf/7Ara76B0KcRdjzUcsIBIclRuas/fG\"}","level":"\u001b[34minfo\u001b[39m","timestamp":"2018-11-26 20:57:04"}
{"message":"New audit file created:C:\\develop\\nodejs\\projects\\aitam\\work/ce484f60-0295-4bde-9640-fec8ed78761d.xml","level":"\u001b[34minfo\u001b[39m","timestamp":"2018-11-26 20:57:05"}
{"message":"Session created received the id:2dba0fb8-45a5-4f85-9029-a6819c5927cb","level":"\u001b[34minfo\u001b[39m","timestamp":"2018-11-26 20:59:53"}
{"message":"req.user: undefined","level":"\u001b[34minfo\u001b[39m","timestamp":"2018-11-26 21:00:03"}
{"message":"Session id started: {\"user\":\"2f24vvg\"}","level":"\u001b[34minfo\u001b[39m","timestamp":"2018-11-26 21:00:03"}
{"message":"User logged in: {\"id\":\"2f24vvg\",\"email\":\"test@test.com\",\"password\":\"$2a$10$A2g6pbxxhLA9MNYRJ0rnzOf/7Ara76B0KcRdjzUcsIBIclRuas/fG\"}","level":"\u001b[34minfo\u001b[39m","timestamp":"2018-11-26 21:00:03"}
{"message":"New audit file created:C:\\develop\\nodejs\\projects\\aitam\\work/2dba0fb8-45a5-4f85-9029-a6819c5927cb.xml","level":"\u001b[34minfo\u001b[39m","timestamp":"2018-11-26 21:00:08"}
{"message":"Session created received the id:e102e72d-6563-4f20-9304-36a9e094532d","level":"\u001b[34minfo\u001b[39m","timestamp":"2018-11-26 21:06:37"}
{"message":"req.user: undefined","level":"\u001b[34minfo\u001b[39m","timestamp":"2018-11-26 21:06:47"}
{"message":"Session id started: {\"user\":\"2f24vvg\"}","level":"\u001b[34minfo\u001b[39m","timestamp":"2018-11-26 21:06:47"}
{"message":"User logged in: {\"id\":\"2f24vvg\",\"email\":\"test@test.com\",\"password\":\"$2a$10$A2g6pbxxhLA9MNYRJ0rnzOf/7Ara76B0KcRdjzUcsIBIclRuas/fG\"}","level":"\u001b[34minfo\u001b[39m","timestamp":"2018-11-26 21:06:47"}
{"message":"New audit file created:C:\\develop\\nodejs\\projects\\aitam\\work/e102e72d-6563-4f20-9304-36a9e094532d.xml","level":"\u001b[34minfo\u001b[39m","timestamp":"2018-11-26 21:06:49"}
{"message":"New audit file created:C:\\develop\\nodejs\\projects\\aitam\\work/e102e72d-6563-4f20-9304-36a9e094532d.xml","level":"\u001b[34minfo\u001b[39m","timestamp":"2018-11-26 21:07:49"}
{"message":"New audit file created:C:\\develop\\nodejs\\projects\\aitam\\work/4fe5d6b5-843d-42ad-88cb-46f7ef475d3c.xml","level":"\u001b[34minfo\u001b[39m","timestamp":"2018-11-26 21:08:58"}
{"message":"req.user: undefined","level":"\u001b[34minfo\u001b[39m","timestamp":"2018-11-26 21:10:53"}
{"message":"Session id started: {\"user\":\"2f24vvg\"}","level":"\u001b[34minfo\u001b[39m","timestamp":"2018-11-26 21:10:53"}
{"message":"User logged in: {\"id\":\"2f24vvg\",\"email\":\"test@test.com\",\"password\":\"$2a$10$A2g6pbxxhLA9MNYRJ0rnzOf/7Ara76B0KcRdjzUcsIBIclRuas/fG\"}","level":"\u001b[34minfo\u001b[39m","timestamp":"2018-11-26 21:10:53"}
{"message":"User (2f24vvg) uploaded a file: {\"file-upload\":{\"size\":421444,\"path\":\"C:\\\\develop\\\\nodejs\\\\projects\\\\aitam\\\\work/34bdea50-5b0b-4de3-b559-cdf26fa28c5f.xml\",\"name\":\"Biljana.xml\",\"type\":\"text/xml\",\"mtime\":\"2018-11-26T21:10:59.469Z\"}}","level":"\u001b[34minfo\u001b[39m","timestamp":"2018-11-26 21:10:59"}
{"message":"Session created received the id:038bf93c-94ba-451d-876a-f8219f5797c6","level":"\u001b[34minfo\u001b[39m","timestamp":"2018-11-26 21:13:02"}
{"message":"req.user: undefined","level":"\u001b[34minfo\u001b[39m","timestamp":"2018-11-26 21:13:13"}
{"message":"req.user: undefined","level":"\u001b[34minfo\u001b[39m","timestamp":"2018-11-26 21:13:25"}
{"message":"Session id started: {\"user\":\"2f24vvg\"}","level":"\u001b[34minfo\u001b[39m","timestamp":"2018-11-26 21:13:25"}
{"message":"User logged in: {\"id\":\"2f24vvg\",\"email\":\"test@test.com\",\"password\":\"$2a$10$A2g6pbxxhLA9MNYRJ0rnzOf/7Ara76B0KcRdjzUcsIBIclRuas/fG\"}","level":"\u001b[34minfo\u001b[39m","timestamp":"2018-11-26 21:13:25"}
{"message":"User (2f24vvg) uploaded a file: {\"file-upload\":{\"size\":421444,\"path\":\"C:\\\\develop\\\\nodejs\\\\projects\\\\aitam\\\\work/038bf93c-94ba-451d-876a-f8219f5797c6.xml\",\"name\":\"Biljana.xml\",\"type\":\"text/xml\",\"mtime\":\"2018-11-26T21:13:33.350Z\"}}","level":"\u001b[34minfo\u001b[39m","timestamp":"2018-11-26 21:13:33"}
{"message":"req.user: undefined","level":"\u001b[34minfo\u001b[39m","timestamp":"2018-11-26 21:37:54"}
{"message":"Session id started: {\"user\":\"2f24vvg\"}","level":"\u001b[34minfo\u001b[39m","timestamp":"2018-11-26 21:37:54"}
{"message":"User logged in: {\"id\":\"2f24vvg\",\"email\":\"test@test.com\",\"password\":\"$2a$10$A2g6pbxxhLA9MNYRJ0rnzOf/7Ara76B0KcRdjzUcsIBIclRuas/fG\"}","level":"\u001b[34minfo\u001b[39m","timestamp":"2018-11-26 21:37:54"}
{"message":"User (2f24vvg) uploaded a file: {\"file-upload\":{\"size\":421444,\"path\":\"C:\\\\develop\\\\nodejs\\\\projects\\\\aitam\\\\work/0d7edf2d-1ebb-46d6-a0a4-404002f73cdc.xml\",\"name\":\"Biljana.xml\",\"type\":\"text/xml\",\"mtime\":\"2018-11-26T21:38:02.599Z\"}}","level":"\u001b[34minfo\u001b[39m","timestamp":"2018-11-26 21:38:02"}
{"message":"req.user: undefined","level":"\u001b[34minfo\u001b[39m","timestamp":"2018-11-26 21:44:19"}
{"message":"Session id started: {\"user\":\"2f24vvg\"}","level":"\u001b[34minfo\u001b[39m","timestamp":"2018-11-26 21:44:19"}
{"message":"User logged in: {\"id\":\"2f24vvg\",\"email\":\"test@test.com\",\"password\":\"$2a$10$A2g6pbxxhLA9MNYRJ0rnzOf/7Ara76B0KcRdjzUcsIBIclRuas/fG\"}","level":"\u001b[34minfo\u001b[39m","timestamp":"2018-11-26 21:44:19"}
{"message":"User (2f24vvg) uploaded a file: {\"file-upload\":{\"size\":421444,\"path\":\"C:\\\\develop\\\\nodejs\\\\projects\\\\aitam\\\\work/d913baf4-1aba-4c5e-a744-d6085369c905.xml\",\"name\":\"Biljana.xml\",\"type\":\"text/xml\",\"mtime\":\"2018-11-26T21:44:25.151Z\"}}","level":"\u001b[34minfo\u001b[39m","timestamp":"2018-11-26 21:44:25"}
{"message":"req.user: undefined","level":"\u001b[34minfo\u001b[39m","timestamp":"2018-11-26 21:50:20"}
{"message":"Session id started: {\"user\":\"2f24vvg\"}","level":"\u001b[34minfo\u001b[39m","timestamp":"2018-11-26 21:50:20"}
{"message":"User logged in: {\"id\":\"2f24vvg\",\"email\":\"test@test.com\",\"password\":\"$2a$10$A2g6pbxxhLA9MNYRJ0rnzOf/7Ara76B0KcRdjzUcsIBIclRuas/fG\"}","level":"\u001b[34minfo\u001b[39m","timestamp":"2018-11-26 21:50:20"}
{"message":"User (2f24vvg) uploaded a file: {\"file-upload\":{\"size\":421444,\"path\":\"C:\\\\develop\\\\nodejs\\\\projects\\\\aitam\\\\work/ebd0dda3-96b4-4af1-ac93-00828ba529a6.xml\",\"name\":\"Biljana.xml\",\"type\":\"text/xml\",\"mtime\":\"2018-11-26T21:50:26.830Z\"}}","level":"\u001b[34minfo\u001b[39m","timestamp":"2018-11-26 21:50:26"}
{"message":"req.user: undefined","level":"\u001b[34minfo\u001b[39m","timestamp":"2018-11-26 22:07:54"}
{"message":"req.user: undefined","level":"\u001b[34minfo\u001b[39m","timestamp":"2018-11-26 22:08:10"}
{"message":"Session id started: {\"user\":\"2f24vvg\"}","level":"\u001b[34minfo\u001b[39m","timestamp":"2018-11-26 22:08:10"}
{"message":"User logged in: {\"id\":\"2f24vvg\",\"email\":\"test@test.com\",\"password\":\"$2a$10$A2g6pbxxhLA9MNYRJ0rnzOf/7Ara76B0KcRdjzUcsIBIclRuas/fG\"}","level":"\u001b[34minfo\u001b[39m","timestamp":"2018-11-26 22:08:10"}
{"message":"User (2f24vvg) uploaded a file: {\"file-upload\":{\"size\":421444,\"path\":\"C:\\\\develop\\\\nodejs\\\\projects\\\\aitam\\\\work/b321a823-656c-469b-8d00-1304acf82b34.xml\",\"name\":\"Biljana.xml\",\"type\":\"text/xml\",\"mtime\":\"2018-11-26T22:08:16.389Z\"}}","level":"\u001b[34minfo\u001b[39m","timestamp":"2018-11-26 22:08:16"}
{"message":"User (2f24vvg) uploaded a file: {\"file-upload\":{\"size\":421444,\"path\":\"C:\\\\develop\\\\nodejs\\\\projects\\\\aitam\\\\work/b321a823-656c-469b-8d00-1304acf82b34.xml\",\"name\":\"Biljana.xml\",\"type\":\"text/xml\",\"mtime\":\"2018-11-26T22:09:21.367Z\"}}","level":"\u001b[34minfo\u001b[39m","timestamp":"2018-11-26 22:09:21"}
{"message":"req.user: undefined","level":"\u001b[34minfo\u001b[39m","timestamp":"2018-11-26 22:10:20"}
{"message":"Session id started: {\"user\":\"2f24vvg\"}","level":"\u001b[34minfo\u001b[39m","timestamp":"2018-11-26 22:10:20"}
{"message":"User logged in: {\"id\":\"2f24vvg\",\"email\":\"test@test.com\",\"password\":\"$2a$10$A2g6pbxxhLA9MNYRJ0rnzOf/7Ara76B0KcRdjzUcsIBIclRuas/fG\"}","level":"\u001b[34minfo\u001b[39m","timestamp":"2018-11-26 22:10:20"}
{"message":"User (2f24vvg) uploaded a file: {\"file-upload\":{\"size\":421444,\"path\":\"C:\\\\develop\\\\nodejs\\\\projects\\\\aitam\\\\work/c7f0659d-c76c-4dec-836c-571e037c6075.xml\",\"name\":\"Biljana.xml\",\"type\":\"text/xml\",\"mtime\":\"2018-11-26T22:10:26.007Z\"}}","level":"\u001b[34minfo\u001b[39m","timestamp":"2018-11-26 22:10:26"}
{"message":"req.user: undefined","level":"\u001b[34minfo\u001b[39m","timestamp":"2018-11-26 22:13:19"}
{"message":"Session id started: {\"user\":\"2f24vvg\"}","level":"\u001b[34minfo\u001b[39m","timestamp":"2018-11-26 22:13:19"}
{"message":"User logged in: {\"id\":\"2f24vvg\",\"email\":\"test@test.com\",\"password\":\"$2a$10$A2g6pbxxhLA9MNYRJ0rnzOf/7Ara76B0KcRdjzUcsIBIclRuas/fG\"}","level":"\u001b[34minfo\u001b[39m","timestamp":"2018-11-26 22:13:19"}
{"message":"User (2f24vvg) uploaded a file: {\"file-upload\":{\"size\":421444,\"path\":\"C:\\\\develop\\\\nodejs\\\\projects\\\\aitam\\\\work/7a17521a-5587-4ae2-82be-4b7ffea92c53.xml\",\"name\":\"Biljana.xml\",\"type\":\"text/xml\",\"mtime\":\"2018-11-26T22:13:25.050Z\"}}","level":"\u001b[34minfo\u001b[39m","timestamp":"2018-11-26 22:13:25"}
{"message":"New audit file created:C:\\develop\\nodejs\\projects\\aitam\\work/7a17521a-5587-4ae2-82be-4b7ffea92c53.xml","level":"\u001b[34minfo\u001b[39m","timestamp":"2018-11-26 22:14:23"}
{"message":"req.user: undefined","level":"\u001b[34minfo\u001b[39m","timestamp":"2018-11-26 22:17:05"}
{"message":"Session id started: {\"user\":\"2f24vvg\"}","level":"\u001b[34minfo\u001b[39m","timestamp":"2018-11-26 22:17:05"}
{"message":"User logged in: {\"id\":\"2f24vvg\",\"email\":\"test@test.com\",\"password\":\"$2a$10$A2g6pbxxhLA9MNYRJ0rnzOf/7Ara76B0KcRdjzUcsIBIclRuas/fG\"}","level":"\u001b[34minfo\u001b[39m","timestamp":"2018-11-26 22:17:05"}
{"message":"New audit file created:C:\\develop\\nodejs\\projects\\aitam\\work/e6cd0773-813a-4bba-b42c-61fc0e217fa8.xml","level":"\u001b[34minfo\u001b[39m","timestamp":"2018-11-26 22:17:06"}
{"message":"req.user: undefined","level":"\u001b[34minfo\u001b[39m","timestamp":"2018-11-26 22:20:53"}
{"message":"Session id started: {\"user\":\"2f24vvg\"}","level":"\u001b[34minfo\u001b[39m","timestamp":"2018-11-26 22:20:53"}
{"message":"User logged in: {\"id\":\"2f24vvg\",\"email\":\"test@test.com\",\"password\":\"$2a$10$A2g6pbxxhLA9MNYRJ0rnzOf/7Ara76B0KcRdjzUcsIBIclRuas/fG\"}","level":"\u001b[34minfo\u001b[39m","timestamp":"2018-11-26 22:20:53"}
{"message":"New audit file created:C:\\develop\\nodejs\\projects\\aitam\\work/eaaf9eef-2e1f-43f1-a75f-6e2b0bbc4719.xml","level":"\u001b[34minfo\u001b[39m","timestamp":"2018-11-26 22:20:55"}
{"message":"req.user: undefined","level":"\u001b[34minfo\u001b[39m","timestamp":"2018-11-26 22:21:43"}
{"message":"Session id started: {\"user\":\"2f24vvg\"}","level":"\u001b[34minfo\u001b[39m","timestamp":"2018-11-26 22:21:43"}
{"message":"User logged in: {\"id\":\"2f24vvg\",\"email\":\"test@test.com\",\"password\":\"$2a$10$A2g6pbxxhLA9MNYRJ0rnzOf/7Ara76B0KcRdjzUcsIBIclRuas/fG\"}","level":"\u001b[34minfo\u001b[39m","timestamp":"2018-11-26 22:21:43"}
{"message":"New audit file created:C:\\develop\\nodejs\\projects\\aitam\\work/75962478-442c-425a-8672-8ce8140f7b06.xml","level":"\u001b[34minfo\u001b[39m","timestamp":"2018-11-26 22:21:44"}
{"message":"req.user: undefined","level":"\u001b[34minfo\u001b[39m","timestamp":"2018-11-26 22:25:59"}
{"message":"Session id started: {\"user\":\"2f24vvg\"}","level":"\u001b[34minfo\u001b[39m","timestamp":"2018-11-26 22:25:59"}
{"message":"User logged in: {\"id\":\"2f24vvg\",\"email\":\"test@test.com\",\"password\":\"$2a$10$A2g6pbxxhLA9MNYRJ0rnzOf/7Ara76B0KcRdjzUcsIBIclRuas/fG\"}","level":"\u001b[34minfo\u001b[39m","timestamp":"2018-11-26 22:25:59"}
{"message":"New audit file created:C:\\develop\\nodejs\\projects\\aitam\\work/734f4039-6f3f-4d2d-8f5e-74f28d10f27c.xml","level":"\u001b[34minfo\u001b[39m","timestamp":"2018-11-26 22:26:00"}
{"message":"User (2f24vvg) uploaded a file: {\"file-upload\":{\"size\":421444,\"path\":\"C:\\\\develop\\\\nodejs\\\\projects\\\\aitam\\\\work/734f4039-6f3f-4d2d-8f5e-74f28d10f27c.xml\",\"name\":\"Biljana.xml\",\"type\":\"text/xml\",\"mtime\":\"2018-11-26T22:31:33.970Z\"}}","level":"\u001b[34minfo\u001b[39m","timestamp":"2018-11-26 22:31:33"}
{"message":"req.user: undefined","level":"\u001b[34minfo\u001b[39m","timestamp":"2018-11-26 22:35:34"}
{"message":"Session id started: {\"user\":\"2f24vvg\"}","level":"\u001b[34minfo\u001b[39m","timestamp":"2018-11-26 22:35:34"}
{"message":"User logged in: {\"id\":\"2f24vvg\",\"email\":\"test@test.com\",\"password\":\"$2a$10$A2g6pbxxhLA9MNYRJ0rnzOf/7Ara76B0KcRdjzUcsIBIclRuas/fG\"}","level":"\u001b[34minfo\u001b[39m","timestamp":"2018-11-26 22:35:34"}
{"message":"New audit file created:C:\\develop\\nodejs\\projects\\aitam\\work/6f0128d1-13e1-42e3-b1d9-51b57178d211.xml","level":"\u001b[34minfo\u001b[39m","timestamp":"2018-11-26 22:35:36"}
