{"message":"Session created received the id:b43aee68-c789-42c3-9b14-7516fa24a172","level":"\u001b[34minfo\u001b[39m","timestamp":"2018-11-21 17:53:50"}
{"message":"req.user: undefined","level":"\u001b[34minfo\u001b[39m","timestamp":"2018-11-21 18:21:45"}
{"message":"Session id started: {\"user\":\"2f24vvg\"}","level":"\u001b[34minfo\u001b[39m","timestamp":"2018-11-21 18:21:45"}
{"message":"User logged in: {\"id\":\"2f24vvg\",\"email\":\"test@test.com\",\"password\":\"$2a$10$A2g6pbxxhLA9MNYRJ0rnzOf/7Ara76B0KcRdjzUcsIBIclRuas/fG\"}","level":"\u001b[34minfo\u001b[39m","timestamp":"2018-11-21 18:21:45"}
{"message":"New audit file created:C:\\develop\\nodejs\\projects\\aitam\\work/1e4439a5-fd80-4074-bf81-5239e0f15684.xml","level":"\u001b[34minfo\u001b[39m","timestamp":"2018-11-21 18:21:47"}
{"message":"req.user: undefined","level":"\u001b[34minfo\u001b[39m","timestamp":"2018-11-21 18:31:52"}
{"message":"Session id started: {\"user\":\"2f24vvg\"}","level":"\u001b[34minfo\u001b[39m","timestamp":"2018-11-21 18:31:52"}
{"message":"User logged in: {\"id\":\"2f24vvg\",\"email\":\"test@test.com\",\"password\":\"$2a$10$A2g6pbxxhLA9MNYRJ0rnzOf/7Ara76B0KcRdjzUcsIBIclRuas/fG\"}","level":"\u001b[34minfo\u001b[39m","timestamp":"2018-11-21 18:31:52"}
{"message":"New audit file created:C:\\develop\\nodejs\\projects\\aitam\\work/04dcc6e8-fa75-46e6-972f-a7396b5cf978.xml","level":"\u001b[34minfo\u001b[39m","timestamp":"2018-11-21 18:31:54"}
{"message":"req.user: undefined","level":"\u001b[34minfo\u001b[39m","timestamp":"2018-11-21 18:35:51"}
{"message":"Session id started: {\"user\":\"2f24vvg\"}","level":"\u001b[34minfo\u001b[39m","timestamp":"2018-11-21 18:35:51"}
{"message":"User logged in: {\"id\":\"2f24vvg\",\"email\":\"test@test.com\",\"password\":\"$2a$10$A2g6pbxxhLA9MNYRJ0rnzOf/7Ara76B0KcRdjzUcsIBIclRuas/fG\"}","level":"\u001b[34minfo\u001b[39m","timestamp":"2018-11-21 18:35:51"}
{"message":"New audit file created:C:\\develop\\nodejs\\projects\\aitam\\work/0ef1c405-888c-48c6-a37e-d0efd560a7d0.xml","level":"\u001b[34minfo\u001b[39m","timestamp":"2018-11-21 18:35:58"}
{"message":"req.user: undefined","level":"\u001b[34minfo\u001b[39m","timestamp":"2018-11-21 18:48:23"}
{"message":"Session id started: {\"user\":\"2f24vvg\"}","level":"\u001b[34minfo\u001b[39m","timestamp":"2018-11-21 18:48:23"}
{"message":"User logged in: {\"id\":\"2f24vvg\",\"email\":\"test@test.com\",\"password\":\"$2a$10$A2g6pbxxhLA9MNYRJ0rnzOf/7Ara76B0KcRdjzUcsIBIclRuas/fG\"}","level":"\u001b[34minfo\u001b[39m","timestamp":"2018-11-21 18:48:23"}
{"message":"User (2f24vvg) uploaded a file: {\"file-upload\":{\"size\":421444,\"path\":\"C:\\\\develop\\\\nodejs\\\\projects\\\\aitam\\\\work/0377f47b-be0b-4aa7-9f09-59639dfad2fc.xml\",\"name\":\"Biljana.xml\",\"type\":\"text/xml\",\"mtime\":\"2018-11-21T18:49:33.620Z\"}}","level":"\u001b[34minfo\u001b[39m","timestamp":"2018-11-21 18:49:33"}
{"message":"req.user: undefined","level":"\u001b[34minfo\u001b[39m","timestamp":"2018-11-21 18:53:32"}
{"message":"Session id started: {\"user\":\"2f24vvg\"}","level":"\u001b[34minfo\u001b[39m","timestamp":"2018-11-21 18:53:32"}
{"message":"User logged in: {\"id\":\"2f24vvg\",\"email\":\"test@test.com\",\"password\":\"$2a$10$A2g6pbxxhLA9MNYRJ0rnzOf/7Ara76B0KcRdjzUcsIBIclRuas/fG\"}","level":"\u001b[34minfo\u001b[39m","timestamp":"2018-11-21 18:53:32"}
{"message":"User (2f24vvg) uploaded a file: {\"file-upload\":{\"size\":421444,\"path\":\"C:\\\\develop\\\\nodejs\\\\projects\\\\aitam\\\\work/9f84ab00-370d-4228-b10e-215c2470bf96.xml\",\"name\":\"Biljana.xml\",\"type\":\"text/xml\",\"mtime\":\"2018-11-21T18:53:38.909Z\"}}","level":"\u001b[34minfo\u001b[39m","timestamp":"2018-11-21 18:53:38"}
{"message":"req.user: undefined","level":"\u001b[34minfo\u001b[39m","timestamp":"2018-11-21 18:54:47"}
{"message":"req.user: undefined","level":"\u001b[34minfo\u001b[39m","timestamp":"2018-11-21 18:54:59"}
{"message":"Session id started: {\"user\":\"2f24vvg\"}","level":"\u001b[34minfo\u001b[39m","timestamp":"2018-11-21 18:54:59"}
{"message":"User logged in: {\"id\":\"2f24vvg\",\"email\":\"test@test.com\",\"password\":\"$2a$10$A2g6pbxxhLA9MNYRJ0rnzOf/7Ara76B0KcRdjzUcsIBIclRuas/fG\"}","level":"\u001b[34minfo\u001b[39m","timestamp":"2018-11-21 18:54:59"}
{"message":"User (2f24vvg) uploaded a file: {\"file-upload\":{\"size\":421444,\"path\":\"C:\\\\develop\\\\nodejs\\\\projects\\\\aitam\\\\work/d5c95b02-d2be-4765-b16a-d26d64b0d6ba.xml\",\"name\":\"Biljana.xml\",\"type\":\"text/xml\",\"mtime\":\"2018-11-21T18:56:30.651Z\"}}","level":"\u001b[34minfo\u001b[39m","timestamp":"2018-11-21 18:56:30"}
{"message":"User (2f24vvg) uploaded a file: {\"file-upload\":{\"size\":421444,\"path\":\"C:\\\\develop\\\\nodejs\\\\projects\\\\aitam\\\\work/d5c95b02-d2be-4765-b16a-d26d64b0d6ba.xml\",\"name\":\"Biljana.xml\",\"type\":\"text/xml\",\"mtime\":\"2018-11-21T18:59:27.090Z\"}}","level":"\u001b[34minfo\u001b[39m","timestamp":"2018-11-21 18:59:27"}
{"message":"req.user: undefined","level":"\u001b[34minfo\u001b[39m","timestamp":"2018-11-21 19:01:49"}
{"message":"Session id started: {\"user\":\"2f24vvg\"}","level":"\u001b[34minfo\u001b[39m","timestamp":"2018-11-21 19:01:49"}
{"message":"User logged in: {\"id\":\"2f24vvg\",\"email\":\"test@test.com\",\"password\":\"$2a$10$A2g6pbxxhLA9MNYRJ0rnzOf/7Ara76B0KcRdjzUcsIBIclRuas/fG\"}","level":"\u001b[34minfo\u001b[39m","timestamp":"2018-11-21 19:01:49"}
{"message":"User (2f24vvg) uploaded a file: {\"file-upload\":{\"size\":421444,\"path\":\"C:\\\\develop\\\\nodejs\\\\projects\\\\aitam\\\\work/a18f0e36-8a67-4547-acd4-4240cbeb5aaf.xml\",\"name\":\"Biljana.xml\",\"type\":\"text/xml\",\"mtime\":\"2018-11-21T19:01:54.393Z\"}}","level":"\u001b[34minfo\u001b[39m","timestamp":"2018-11-21 19:01:54"}
{"message":"req.user: undefined","level":"\u001b[34minfo\u001b[39m","timestamp":"2018-11-21 19:03:02"}
{"message":"Session id started: {\"user\":\"2f24vvg\"}","level":"\u001b[34minfo\u001b[39m","timestamp":"2018-11-21 19:03:02"}
{"message":"User logged in: {\"id\":\"2f24vvg\",\"email\":\"test@test.com\",\"password\":\"$2a$10$A2g6pbxxhLA9MNYRJ0rnzOf/7Ara76B0KcRdjzUcsIBIclRuas/fG\"}","level":"\u001b[34minfo\u001b[39m","timestamp":"2018-11-21 19:03:02"}
{"message":"User (2f24vvg) uploaded a file: {\"file-upload\":{\"size\":421444,\"path\":\"C:\\\\develop\\\\nodejs\\\\projects\\\\aitam\\\\work/8d98205f-2f31-47e0-aab6-70765eab64c2.xml\",\"name\":\"Biljana.xml\",\"type\":\"text/xml\",\"mtime\":\"2018-11-21T19:03:08.050Z\"}}","level":"\u001b[34minfo\u001b[39m","timestamp":"2018-11-21 19:03:08"}
{"message":"req.user: undefined","level":"\u001b[34minfo\u001b[39m","timestamp":"2018-11-21 19:03:53"}
{"message":"Session id started: {\"user\":\"2f24vvg\"}","level":"\u001b[34minfo\u001b[39m","timestamp":"2018-11-21 19:03:53"}
{"message":"User logged in: {\"id\":\"2f24vvg\",\"email\":\"test@test.com\",\"password\":\"$2a$10$A2g6pbxxhLA9MNYRJ0rnzOf/7Ara76B0KcRdjzUcsIBIclRuas/fG\"}","level":"\u001b[34minfo\u001b[39m","timestamp":"2018-11-21 19:03:53"}
{"message":"User (2f24vvg) uploaded a file: {\"file-upload\":{\"size\":421444,\"path\":\"C:\\\\develop\\\\nodejs\\\\projects\\\\aitam\\\\work/d38e6d89-9076-4f26-90e6-bf2e5c8d8aae.xml\",\"name\":\"Biljana.xml\",\"type\":\"text/xml\",\"mtime\":\"2018-11-21T19:03:58.519Z\"}}","level":"\u001b[34minfo\u001b[39m","timestamp":"2018-11-21 19:03:58"}
