{"message":"Session created received the id:4b97a624-30c3-4c14-8ec2-40353b7650ff","level":"\u001b[34minfo\u001b[39m","timestamp":"2018-11-27 19:31:04"}
{"message":"req.user: undefined","level":"\u001b[34minfo\u001b[39m","timestamp":"2018-11-27 19:31:24"}
{"message":"Session id started: {\"user\":\"2f24vvg\"}","level":"\u001b[34minfo\u001b[39m","timestamp":"2018-11-27 19:31:24"}
{"message":"User logged in: {\"id\":\"2f24vvg\",\"email\":\"test@test.com\",\"password\":\"$2a$10$A2g6pbxxhLA9MNYRJ0rnzOf/7Ara76B0KcRdjzUcsIBIclRuas/fG\"}","level":"\u001b[34minfo\u001b[39m","timestamp":"2018-11-27 19:31:24"}
{"message":"New audit file created:C:\\develop\\nodejs\\projects\\aitam\\work/4b97a624-30c3-4c14-8ec2-40353b7650ff.xml","level":"\u001b[34minfo\u001b[39m","timestamp":"2018-11-27 19:31:47"}
{"message":"req.user: undefined","level":"\u001b[34minfo\u001b[39m","timestamp":"2018-11-27 20:35:23"}
{"message":"Session id started: {\"user\":\"2f24vvg\"}","level":"\u001b[34minfo\u001b[39m","timestamp":"2018-11-27 20:35:23"}
{"message":"User logged in: {\"id\":\"2f24vvg\",\"email\":\"test@test.com\",\"password\":\"$2a$10$A2g6pbxxhLA9MNYRJ0rnzOf/7Ara76B0KcRdjzUcsIBIclRuas/fG\"}","level":"\u001b[34minfo\u001b[39m","timestamp":"2018-11-27 20:35:23"}
{"message":"User (2f24vvg) uploaded a file: {\"file-upload\":{\"size\":421444,\"path\":\"C:\\\\develop\\\\nodejs\\\\projects\\\\aitam\\\\work/24879cd5-1e8f-4069-88df-ec9a0166d358.xml\",\"name\":\"Biljana.xml\",\"type\":\"text/xml\",\"mtime\":\"2018-11-27T20:35:29.850Z\"}}","level":"\u001b[34minfo\u001b[39m","timestamp":"2018-11-27 20:35:29"}
{"message":"req.user: undefined","level":"\u001b[34minfo\u001b[39m","timestamp":"2018-11-27 20:48:57"}
{"message":"Session id started: {\"user\":\"2f24vvg\"}","level":"\u001b[34minfo\u001b[39m","timestamp":"2018-11-27 20:48:57"}
{"message":"User logged in: {\"id\":\"2f24vvg\",\"email\":\"test@test.com\",\"password\":\"$2a$10$A2g6pbxxhLA9MNYRJ0rnzOf/7Ara76B0KcRdjzUcsIBIclRuas/fG\"}","level":"\u001b[34minfo\u001b[39m","timestamp":"2018-11-27 20:48:57"}
{"message":"User (2f24vvg) uploaded a file: {\"file-upload\":{\"size\":442895,\"path\":\"C:\\\\develop\\\\nodejs\\\\projects\\\\aitam\\\\work/0ca4385e-e697-4286-8dc6-318a065774a8.xml\",\"name\":\"BiljanaB.xml\",\"type\":\"text/xml\",\"mtime\":\"2018-11-27T20:49:03.836Z\"}}","level":"\u001b[34minfo\u001b[39m","timestamp":"2018-11-27 20:49:03"}
{"message":"User (2f24vvg) uploaded a file: {\"file-upload\":{\"size\":0,\"path\":\"C:\\\\develop\\\\nodejs\\\\projects\\\\aitam\\\\work/0ca4385e-e697-4286-8dc6-318a065774a8.xml\",\"name\":\"BiljanaB.xml\",\"type\":\"text/xml\",\"mtime\":null}}","level":"\u001b[34minfo\u001b[39m","timestamp":"2018-11-27 20:49:15"}
{"message":"User (2f24vvg) uploaded a file: {\"file-upload\":{\"size\":0,\"path\":\"C:\\\\develop\\\\nodejs\\\\projects\\\\aitam\\\\work/0ca4385e-e697-4286-8dc6-318a065774a8.xml\",\"name\":\"BiljanaB.xml\",\"type\":\"text/xml\",\"mtime\":null}}","level":"\u001b[34minfo\u001b[39m","timestamp":"2018-11-27 20:49:22"}
{"message":"User (2f24vvg) uploaded a file: {\"file-upload\":{\"size\":421444,\"path\":\"C:\\\\develop\\\\nodejs\\\\projects\\\\aitam\\\\work/0ca4385e-e697-4286-8dc6-318a065774a8.xml\",\"name\":\"Biljana.xml\",\"type\":\"text/xml\",\"mtime\":\"2018-11-27T20:50:01.789Z\"}}","level":"\u001b[34minfo\u001b[39m","timestamp":"2018-11-27 20:50:01"}
{"message":"req.user: undefined","level":"\u001b[34minfo\u001b[39m","timestamp":"2018-11-27 20:51:12"}
{"message":"Session id started: {\"user\":\"2f24vvg\"}","level":"\u001b[34minfo\u001b[39m","timestamp":"2018-11-27 20:51:12"}
{"message":"User logged in: {\"id\":\"2f24vvg\",\"email\":\"test@test.com\",\"password\":\"$2a$10$A2g6pbxxhLA9MNYRJ0rnzOf/7Ara76B0KcRdjzUcsIBIclRuas/fG\"}","level":"\u001b[34minfo\u001b[39m","timestamp":"2018-11-27 20:51:12"}
{"message":"User (2f24vvg) uploaded a file: {\"file-upload\":{\"size\":421444,\"path\":\"C:\\\\develop\\\\nodejs\\\\projects\\\\aitam\\\\work/7db94c92-5481-41c5-a117-298fabd518ed.xml\",\"name\":\"Biljana.xml\",\"type\":\"text/xml\",\"mtime\":\"2018-11-27T20:51:18.070Z\"}}","level":"\u001b[34minfo\u001b[39m","timestamp":"2018-11-27 20:51:18"}
{"message":"User (2f24vvg) uploaded a file: {\"file-upload\":{\"size\":442895,\"path\":\"C:\\\\develop\\\\nodejs\\\\projects\\\\aitam\\\\work/7db94c92-5481-41c5-a117-298fabd518ed.xml\",\"name\":\"BiljanaB.xml\",\"type\":\"text/xml\",\"mtime\":\"2018-11-27T20:51:36.935Z\"}}","level":"\u001b[34minfo\u001b[39m","timestamp":"2018-11-27 20:51:36"}
{"message":"User (2f24vvg) uploaded a file: {\"file-upload\":{\"size\":442895,\"path\":\"C:\\\\develop\\\\nodejs\\\\projects\\\\aitam\\\\work/7db94c92-5481-41c5-a117-298fabd518ed.xml\",\"name\":\"BiljanaB.xml\",\"type\":\"text/xml\",\"mtime\":\"2018-11-27T20:59:31.583Z\"}}","level":"\u001b[34minfo\u001b[39m","timestamp":"2018-11-27 20:59:31"}
{"message":"User (2f24vvg) uploaded a file: {\"file-upload\":{\"size\":442895,\"path\":\"C:\\\\develop\\\\nodejs\\\\projects\\\\aitam\\\\work/7db94c92-5481-41c5-a117-298fabd518ed.xml\",\"name\":\"BiljanaB.xml\",\"type\":\"text/xml\",\"mtime\":\"2018-11-27T21:20:16.420Z\"}}","level":"\u001b[34minfo\u001b[39m","timestamp":"2018-11-27 21:20:16"}
{"message":"Session created received the id:e32f3ddb-f011-491b-8438-04f6d7332fac","level":"\u001b[34minfo\u001b[39m","timestamp":"2018-11-27 21:25:26"}
{"message":"req.user: undefined","level":"\u001b[34minfo\u001b[39m","timestamp":"2018-11-27 21:25:35"}
{"message":"Session id started: {\"user\":\"2f24vvg\"}","level":"\u001b[34minfo\u001b[39m","timestamp":"2018-11-27 21:25:35"}
{"message":"User logged in: {\"id\":\"2f24vvg\",\"email\":\"test@test.com\",\"password\":\"$2a$10$A2g6pbxxhLA9MNYRJ0rnzOf/7Ara76B0KcRdjzUcsIBIclRuas/fG\"}","level":"\u001b[34minfo\u001b[39m","timestamp":"2018-11-27 21:25:35"}
{"message":"User (2f24vvg) uploaded a file: {\"file-upload\":{\"size\":442895,\"path\":\"C:\\\\develop\\\\nodejs\\\\projects\\\\aitam\\\\work/e32f3ddb-f011-491b-8438-04f6d7332fac.xml\",\"name\":\"BiljanaB.xml\",\"type\":\"text/xml\",\"mtime\":\"2018-11-27T21:25:42.308Z\"}}","level":"\u001b[34minfo\u001b[39m","timestamp":"2018-11-27 21:25:42"}
{"message":"New audit file created:C:\\develop\\nodejs\\projects\\aitam\\work/e32f3ddb-f011-491b-8438-04f6d7332fac.xml","level":"\u001b[34minfo\u001b[39m","timestamp":"2018-11-27 21:29:02"}
