{"message":"Session created received the id:8f2d0e8f-e882-44bf-87b6-ade0018a9a5a","level":"\u001b[34minfo\u001b[39m","timestamp":"2018-12-14 19:17:14"}
{"message":"req.user: undefined","level":"\u001b[34minfo\u001b[39m","timestamp":"2018-12-14 19:27:49"}
{"message":"Session id started: {\"user\":\"2f24vvg\"}","level":"\u001b[34minfo\u001b[39m","timestamp":"2018-12-14 19:27:49"}
{"message":"User logged in: {\"id\":\"2f24vvg\",\"email\":\"test@test.com\",\"password\":\"$2a$10$A2g6pbxxhLA9MNYRJ0rnzOf/7Ara76B0KcRdjzUcsIBIclRuas/fG\"}","level":"\u001b[34minfo\u001b[39m","timestamp":"2018-12-14 19:27:49"}
{"message":"User (2f24vvg) uploaded a file: {\"file-upload\":{\"size\":453230,\"path\":\"C:\\\\develop\\\\nodejs\\\\projects\\\\aitam\\\\work\\\\d1080281-7c71-46ba-abe5-2c997a153375.xml\",\"name\":\"BiljanaB.xml\",\"type\":\"text/xml\",\"mtime\":\"2018-12-14T19:27:56.308Z\"}}","level":"\u001b[34minfo\u001b[39m","timestamp":"2018-12-14 19:27:56"}
{"message":"req.user: undefined","level":"\u001b[34minfo\u001b[39m","timestamp":"2018-12-14 19:29:19"}
{"message":"Session id started: {\"user\":\"2f24vvg\"}","level":"\u001b[34minfo\u001b[39m","timestamp":"2018-12-14 19:29:19"}
{"message":"User logged in: {\"id\":\"2f24vvg\",\"email\":\"test@test.com\",\"password\":\"$2a$10$A2g6pbxxhLA9MNYRJ0rnzOf/7Ara76B0KcRdjzUcsIBIclRuas/fG\"}","level":"\u001b[34minfo\u001b[39m","timestamp":"2018-12-14 19:29:19"}
{"message":"User (2f24vvg) uploaded a file: {\"file-upload\":{\"size\":453230,\"path\":\"C:\\\\develop\\\\nodejs\\\\projects\\\\aitam\\\\work\\\\5645bcc0-28d6-460a-99af-7dc6b32c8900.xml\",\"name\":\"BiljanaB.xml\",\"type\":\"text/xml\",\"mtime\":\"2018-12-14T19:29:25.143Z\"}}","level":"\u001b[34minfo\u001b[39m","timestamp":"2018-12-14 19:29:25"}
{"message":"req.user: undefined","level":"\u001b[34minfo\u001b[39m","timestamp":"2018-12-14 19:30:12"}
{"message":"Session id started: {\"user\":\"2f24vvg\"}","level":"\u001b[34minfo\u001b[39m","timestamp":"2018-12-14 19:30:12"}
{"message":"User logged in: {\"id\":\"2f24vvg\",\"email\":\"test@test.com\",\"password\":\"$2a$10$A2g6pbxxhLA9MNYRJ0rnzOf/7Ara76B0KcRdjzUcsIBIclRuas/fG\"}","level":"\u001b[34minfo\u001b[39m","timestamp":"2018-12-14 19:30:12"}
{"message":"User (2f24vvg) uploaded a file: {\"file-upload\":{\"size\":453230,\"path\":\"C:\\\\develop\\\\nodejs\\\\projects\\\\aitam\\\\work\\\\fe3b438e-2b4a-4d96-9ef9-76ce30139e20.xml\",\"name\":\"BiljanaB.xml\",\"type\":\"text/xml\",\"mtime\":\"2018-12-14T19:30:17.543Z\"}}","level":"\u001b[34minfo\u001b[39m","timestamp":"2018-12-14 19:30:17"}
{"message":"req.user: undefined","level":"\u001b[34minfo\u001b[39m","timestamp":"2018-12-14 19:46:25"}
{"message":"Session id started: {\"user\":\"2f24vvg\"}","level":"\u001b[34minfo\u001b[39m","timestamp":"2018-12-14 19:46:25"}
{"message":"User logged in: {\"id\":\"2f24vvg\",\"email\":\"test@test.com\",\"password\":\"$2a$10$A2g6pbxxhLA9MNYRJ0rnzOf/7Ara76B0KcRdjzUcsIBIclRuas/fG\"}","level":"\u001b[34minfo\u001b[39m","timestamp":"2018-12-14 19:46:25"}
{"message":"User (2f24vvg) uploaded a file: {\"file-upload\":{\"size\":453230,\"path\":\"C:\\\\develop\\\\nodejs\\\\projects\\\\aitam\\\\work\\\\563405d3-7f02-4fab-8007-ba0c0bb2eda5.xml\",\"name\":\"BiljanaB.xml\",\"type\":\"text/xml\",\"mtime\":\"2018-12-14T19:46:32.584Z\"}}","level":"\u001b[34minfo\u001b[39m","timestamp":"2018-12-14 19:46:32"}
{"message":"Session created received the id:ba51d5b0-3e5b-4aec-881d-33720480a0b7","level":"\u001b[34minfo\u001b[39m","timestamp":"2018-12-14 19:49:06"}
{"message":"404 - Not Found","level":"\u001b[33mwarn\u001b[39m","timestamp":"2018-12-14 19:49:07"}
{"message":"404 - Not Found","level":"\u001b[33mwarn\u001b[39m","timestamp":"2018-12-14 19:49:08"}
{"message":"req.user: undefined","level":"\u001b[34minfo\u001b[39m","timestamp":"2018-12-14 19:49:10"}
{"message":"Session id started: {\"user\":\"2f24vvg\"}","level":"\u001b[34minfo\u001b[39m","timestamp":"2018-12-14 19:49:10"}
{"message":"User logged in: {\"id\":\"2f24vvg\",\"email\":\"test@test.com\",\"password\":\"$2a$10$A2g6pbxxhLA9MNYRJ0rnzOf/7Ara76B0KcRdjzUcsIBIclRuas/fG\"}","level":"\u001b[34minfo\u001b[39m","timestamp":"2018-12-14 19:49:10"}
{"message":"404 - Not Found","level":"\u001b[33mwarn\u001b[39m","timestamp":"2018-12-14 19:49:11"}
{"message":"User (2f24vvg) uploaded a file: {\"file-upload\":{\"size\":453242,\"path\":\"C:\\\\develop\\\\nodejs\\\\projects\\\\aitam\\\\work\\\\ba51d5b0-3e5b-4aec-881d-33720480a0b7.xml\",\"name\":\"test_site.xml\",\"type\":\"text/xml\",\"mtime\":\"2018-12-14T19:49:18.734Z\"}}","level":"\u001b[34minfo\u001b[39m","timestamp":"2018-12-14 19:49:18"}
{"message":"404 - Not Found","level":"\u001b[33mwarn\u001b[39m","timestamp":"2018-12-14 19:49:19"}
{"message":"404 - Not Found","level":"\u001b[33mwarn\u001b[39m","timestamp":"2018-12-14 19:49:23"}
{"message":"404 - Not Found","level":"\u001b[33mwarn\u001b[39m","timestamp":"2018-12-14 19:49:30"}
{"message":"404 - Not Found","level":"\u001b[33mwarn\u001b[39m","timestamp":"2018-12-14 19:51:39"}
{"message":"req.user: undefined","level":"\u001b[34minfo\u001b[39m","timestamp":"2018-12-14 19:51:40"}
{"message":"Session id started: {\"user\":\"2f24vvg\"}","level":"\u001b[34minfo\u001b[39m","timestamp":"2018-12-14 19:51:40"}
{"message":"User logged in: {\"id\":\"2f24vvg\",\"email\":\"test@test.com\",\"password\":\"$2a$10$A2g6pbxxhLA9MNYRJ0rnzOf/7Ara76B0KcRdjzUcsIBIclRuas/fG\"}","level":"\u001b[34minfo\u001b[39m","timestamp":"2018-12-14 19:51:40"}
{"message":"404 - Not Found","level":"\u001b[33mwarn\u001b[39m","timestamp":"2018-12-14 19:51:41"}
{"message":"User (2f24vvg) uploaded a file: {\"file-upload\":{\"size\":453242,\"path\":\"C:\\\\develop\\\\nodejs\\\\projects\\\\aitam\\\\work\\\\8a642027-792f-45bb-a724-b842f27dd094.xml\",\"name\":\"test_site.xml\",\"type\":\"text/xml\",\"mtime\":\"2018-12-14T19:51:49.023Z\"}}","level":"\u001b[34minfo\u001b[39m","timestamp":"2018-12-14 19:51:49"}
{"message":"404 - Not Found","level":"\u001b[33mwarn\u001b[39m","timestamp":"2018-12-14 19:51:49"}
{"message":"404 - Not Found","level":"\u001b[33mwarn\u001b[39m","timestamp":"2018-12-14 19:51:52"}
{"message":"404 - Not Found","level":"\u001b[33mwarn\u001b[39m","timestamp":"2018-12-14 19:58:24"}
{"message":"req.user: undefined","level":"\u001b[34minfo\u001b[39m","timestamp":"2018-12-14 19:58:26"}
{"message":"Session id started: {\"user\":\"2f24vvg\"}","level":"\u001b[34minfo\u001b[39m","timestamp":"2018-12-14 19:58:26"}
{"message":"User logged in: {\"id\":\"2f24vvg\",\"email\":\"test@test.com\",\"password\":\"$2a$10$A2g6pbxxhLA9MNYRJ0rnzOf/7Ara76B0KcRdjzUcsIBIclRuas/fG\"}","level":"\u001b[34minfo\u001b[39m","timestamp":"2018-12-14 19:58:26"}
{"message":"404 - Not Found","level":"\u001b[33mwarn\u001b[39m","timestamp":"2018-12-14 19:58:27"}
{"message":"User (2f24vvg) uploaded a file: {\"file-upload\":{\"size\":453242,\"path\":\"C:\\\\develop\\\\nodejs\\\\projects\\\\aitam\\\\work\\\\0845010f-2856-47db-b4b2-6a3cc152e121.xml\",\"name\":\"test_site.xml\",\"type\":\"text/xml\",\"mtime\":\"2018-12-14T19:58:32.143Z\"}}","level":"\u001b[34minfo\u001b[39m","timestamp":"2018-12-14 19:58:32"}
{"message":"404 - Not Found","level":"\u001b[33mwarn\u001b[39m","timestamp":"2018-12-14 19:58:32"}
{"message":"404 - Not Found","level":"\u001b[33mwarn\u001b[39m","timestamp":"2018-12-14 19:58:36"}
{"message":"404 - Not Found","level":"\u001b[33mwarn\u001b[39m","timestamp":"2018-12-14 20:01:43"}
{"message":"404 - Not Found","level":"\u001b[33mwarn\u001b[39m","timestamp":"2018-12-14 20:17:23"}
{"message":"404 - Not Found","level":"\u001b[33mwarn\u001b[39m","timestamp":"2018-12-14 20:21:18"}
{"message":"req.user: undefined","level":"\u001b[34minfo\u001b[39m","timestamp":"2018-12-14 20:21:20"}
{"message":"Session id started: {\"user\":\"2f24vvg\"}","level":"\u001b[34minfo\u001b[39m","timestamp":"2018-12-14 20:21:20"}
{"message":"User logged in: {\"id\":\"2f24vvg\",\"email\":\"test@test.com\",\"password\":\"$2a$10$A2g6pbxxhLA9MNYRJ0rnzOf/7Ara76B0KcRdjzUcsIBIclRuas/fG\"}","level":"\u001b[34minfo\u001b[39m","timestamp":"2018-12-14 20:21:20"}
{"message":"404 - Not Found","level":"\u001b[33mwarn\u001b[39m","timestamp":"2018-12-14 20:21:20"}
{"message":"User (2f24vvg) uploaded a file: {\"file-upload\":{\"size\":453242,\"path\":\"C:\\\\develop\\\\nodejs\\\\projects\\\\aitam\\\\work\\\\4ed22a57-b800-41eb-885a-2a692d019756.xml\",\"name\":\"test_site.xml\",\"type\":\"text/xml\",\"mtime\":\"2018-12-14T20:21:25.656Z\"}}","level":"\u001b[34minfo\u001b[39m","timestamp":"2018-12-14 20:21:25"}
{"message":"404 - Not Found","level":"\u001b[33mwarn\u001b[39m","timestamp":"2018-12-14 20:21:26"}
{"message":"404 - Not Found","level":"\u001b[33mwarn\u001b[39m","timestamp":"2018-12-14 20:21:31"}
{"message":"404 - Not Found","level":"\u001b[33mwarn\u001b[39m","timestamp":"2018-12-14 20:27:29"}
{"message":"req.user: undefined","level":"\u001b[34minfo\u001b[39m","timestamp":"2018-12-14 20:27:31"}
{"message":"Session id started: {\"user\":\"2f24vvg\"}","level":"\u001b[34minfo\u001b[39m","timestamp":"2018-12-14 20:27:31"}
{"message":"User logged in: {\"id\":\"2f24vvg\",\"email\":\"test@test.com\",\"password\":\"$2a$10$A2g6pbxxhLA9MNYRJ0rnzOf/7Ara76B0KcRdjzUcsIBIclRuas/fG\"}","level":"\u001b[34minfo\u001b[39m","timestamp":"2018-12-14 20:27:31"}
{"message":"404 - Not Found","level":"\u001b[33mwarn\u001b[39m","timestamp":"2018-12-14 20:27:32"}
{"message":"User (2f24vvg) uploaded a file: {\"file-upload\":{\"size\":453242,\"path\":\"C:\\\\develop\\\\nodejs\\\\projects\\\\aitam\\\\work\\\\a825d127-6480-4969-bbc5-d0942a76429e.xml\",\"name\":\"test_site.xml\",\"type\":\"text/xml\",\"mtime\":\"2018-12-14T20:27:37.290Z\"}}","level":"\u001b[34minfo\u001b[39m","timestamp":"2018-12-14 20:27:37"}
{"message":"404 - Not Found","level":"\u001b[33mwarn\u001b[39m","timestamp":"2018-12-14 20:27:37"}
{"message":"404 - Not Found","level":"\u001b[33mwarn\u001b[39m","timestamp":"2018-12-14 20:27:40"}
{"message":"404 - Not Found","level":"\u001b[33mwarn\u001b[39m","timestamp":"2018-12-14 20:27:44"}
{"message":"404 - Not Found","level":"\u001b[33mwarn\u001b[39m","timestamp":"2018-12-14 20:28:58"}
{"message":"req.user: undefined","level":"\u001b[34minfo\u001b[39m","timestamp":"2018-12-14 20:28:59"}
{"message":"Session id started: {\"user\":\"2f24vvg\"}","level":"\u001b[34minfo\u001b[39m","timestamp":"2018-12-14 20:28:59"}
{"message":"User logged in: {\"id\":\"2f24vvg\",\"email\":\"test@test.com\",\"password\":\"$2a$10$A2g6pbxxhLA9MNYRJ0rnzOf/7Ara76B0KcRdjzUcsIBIclRuas/fG\"}","level":"\u001b[34minfo\u001b[39m","timestamp":"2018-12-14 20:28:59"}
{"message":"404 - Not Found","level":"\u001b[33mwarn\u001b[39m","timestamp":"2018-12-14 20:29:00"}
{"message":"User (2f24vvg) uploaded a file: {\"file-upload\":{\"size\":453242,\"path\":\"C:\\\\develop\\\\nodejs\\\\projects\\\\aitam\\\\work\\\\9f7a7161-2f94-457f-ab7c-40424a5cfc9a.xml\",\"name\":\"test_site.xml\",\"type\":\"text/xml\",\"mtime\":\"2018-12-14T20:29:06.135Z\"}}","level":"\u001b[34minfo\u001b[39m","timestamp":"2018-12-14 20:29:06"}
{"message":"404 - Not Found","level":"\u001b[33mwarn\u001b[39m","timestamp":"2018-12-14 20:29:06"}
{"message":"404 - Not Found","level":"\u001b[33mwarn\u001b[39m","timestamp":"2018-12-14 20:29:10"}
{"message":"404 - Not Found","level":"\u001b[33mwarn\u001b[39m","timestamp":"2018-12-14 20:31:07"}
{"message":"req.user: undefined","level":"\u001b[34minfo\u001b[39m","timestamp":"2018-12-14 20:31:08"}
{"message":"Session id started: {\"user\":\"2f24vvg\"}","level":"\u001b[34minfo\u001b[39m","timestamp":"2018-12-14 20:31:08"}
{"message":"User logged in: {\"id\":\"2f24vvg\",\"email\":\"test@test.com\",\"password\":\"$2a$10$A2g6pbxxhLA9MNYRJ0rnzOf/7Ara76B0KcRdjzUcsIBIclRuas/fG\"}","level":"\u001b[34minfo\u001b[39m","timestamp":"2018-12-14 20:31:08"}
{"message":"404 - Not Found","level":"\u001b[33mwarn\u001b[39m","timestamp":"2018-12-14 20:31:09"}
{"message":"User (2f24vvg) uploaded a file: {\"file-upload\":{\"size\":453242,\"path\":\"C:\\\\develop\\\\nodejs\\\\projects\\\\aitam\\\\work\\\\cfeb58da-2283-453c-b60d-e3eced684fb4.xml\",\"name\":\"test_site.xml\",\"type\":\"text/xml\",\"mtime\":\"2018-12-14T20:31:13.760Z\"}}","level":"\u001b[34minfo\u001b[39m","timestamp":"2018-12-14 20:31:13"}
{"message":"404 - Not Found","level":"\u001b[33mwarn\u001b[39m","timestamp":"2018-12-14 20:31:14"}
{"message":"404 - Not Found","level":"\u001b[33mwarn\u001b[39m","timestamp":"2018-12-14 20:31:18"}
{"message":"404 - Not Found","level":"\u001b[33mwarn\u001b[39m","timestamp":"2018-12-14 20:35:18"}
{"message":"req.user: undefined","level":"\u001b[34minfo\u001b[39m","timestamp":"2018-12-14 20:35:20"}
{"message":"Session id started: {\"user\":\"2f24vvg\"}","level":"\u001b[34minfo\u001b[39m","timestamp":"2018-12-14 20:35:20"}
{"message":"User logged in: {\"id\":\"2f24vvg\",\"email\":\"test@test.com\",\"password\":\"$2a$10$A2g6pbxxhLA9MNYRJ0rnzOf/7Ara76B0KcRdjzUcsIBIclRuas/fG\"}","level":"\u001b[34minfo\u001b[39m","timestamp":"2018-12-14 20:35:20"}
{"message":"404 - Not Found","level":"\u001b[33mwarn\u001b[39m","timestamp":"2018-12-14 20:35:20"}
{"message":"User (2f24vvg) uploaded a file: {\"file-upload\":{\"size\":453242,\"path\":\"C:\\\\develop\\\\nodejs\\\\projects\\\\aitam\\\\work\\\\6c24ff20-c58f-433b-9c2d-97233fa26081.xml\",\"name\":\"test_site.xml\",\"type\":\"text/xml\",\"mtime\":\"2018-12-14T20:35:26.320Z\"}}","level":"\u001b[34minfo\u001b[39m","timestamp":"2018-12-14 20:35:26"}
{"message":"404 - Not Found","level":"\u001b[33mwarn\u001b[39m","timestamp":"2018-12-14 20:35:26"}
{"message":"404 - Not Found","level":"\u001b[33mwarn\u001b[39m","timestamp":"2018-12-14 20:35:30"}
{"message":"404 - Not Found","level":"\u001b[33mwarn\u001b[39m","timestamp":"2018-12-14 20:36:39"}
{"message":"req.user: undefined","level":"\u001b[34minfo\u001b[39m","timestamp":"2018-12-14 20:36:41"}
{"message":"Session id started: {\"user\":\"2f24vvg\"}","level":"\u001b[34minfo\u001b[39m","timestamp":"2018-12-14 20:36:41"}
{"message":"User logged in: {\"id\":\"2f24vvg\",\"email\":\"test@test.com\",\"password\":\"$2a$10$A2g6pbxxhLA9MNYRJ0rnzOf/7Ara76B0KcRdjzUcsIBIclRuas/fG\"}","level":"\u001b[34minfo\u001b[39m","timestamp":"2018-12-14 20:36:41"}
{"message":"404 - Not Found","level":"\u001b[33mwarn\u001b[39m","timestamp":"2018-12-14 20:36:41"}
{"message":"User (2f24vvg) uploaded a file: {\"file-upload\":{\"size\":453242,\"path\":\"C:\\\\develop\\\\nodejs\\\\projects\\\\aitam\\\\work\\\\f57ca9fe-9e3e-4ab6-a1bd-f6e76073e7fa.xml\",\"name\":\"test_site.xml\",\"type\":\"text/xml\",\"mtime\":\"2018-12-14T20:36:46.485Z\"}}","level":"\u001b[34minfo\u001b[39m","timestamp":"2018-12-14 20:36:46"}
{"message":"404 - Not Found","level":"\u001b[33mwarn\u001b[39m","timestamp":"2018-12-14 20:36:46"}
{"message":"404 - Not Found","level":"\u001b[33mwarn\u001b[39m","timestamp":"2018-12-14 20:36:50"}
{"message":"404 - Not Found","level":"\u001b[33mwarn\u001b[39m","timestamp":"2018-12-14 20:38:52"}
{"message":"404 - Not Found","level":"\u001b[33mwarn\u001b[39m","timestamp":"2018-12-14 20:42:59"}
{"message":"req.user: undefined","level":"\u001b[34minfo\u001b[39m","timestamp":"2018-12-14 20:43:01"}
{"message":"Session id started: {\"user\":\"2f24vvg\"}","level":"\u001b[34minfo\u001b[39m","timestamp":"2018-12-14 20:43:01"}
{"message":"User logged in: {\"id\":\"2f24vvg\",\"email\":\"test@test.com\",\"password\":\"$2a$10$A2g6pbxxhLA9MNYRJ0rnzOf/7Ara76B0KcRdjzUcsIBIclRuas/fG\"}","level":"\u001b[34minfo\u001b[39m","timestamp":"2018-12-14 20:43:01"}
{"message":"404 - Not Found","level":"\u001b[33mwarn\u001b[39m","timestamp":"2018-12-14 20:43:02"}
{"message":"User (2f24vvg) uploaded a file: {\"file-upload\":{\"size\":453242,\"path\":\"C:\\\\develop\\\\nodejs\\\\projects\\\\aitam\\\\work\\\\4e7fa3e8-680e-4a45-bca6-83b4971e588a.xml\",\"name\":\"test_site.xml\",\"type\":\"text/xml\",\"mtime\":\"2018-12-14T20:43:07.298Z\"}}","level":"\u001b[34minfo\u001b[39m","timestamp":"2018-12-14 20:43:07"}
{"message":"404 - Not Found","level":"\u001b[33mwarn\u001b[39m","timestamp":"2018-12-14 20:43:07"}
{"message":"404 - Not Found","level":"\u001b[33mwarn\u001b[39m","timestamp":"2018-12-14 20:43:13"}
{"message":"404 - Not Found","level":"\u001b[33mwarn\u001b[39m","timestamp":"2018-12-14 20:52:45"}
{"message":"req.user: undefined","level":"\u001b[34minfo\u001b[39m","timestamp":"2018-12-14 20:52:46"}
{"message":"Session id started: {\"user\":\"2f24vvg\"}","level":"\u001b[34minfo\u001b[39m","timestamp":"2018-12-14 20:52:46"}
{"message":"User logged in: {\"id\":\"2f24vvg\",\"email\":\"test@test.com\",\"password\":\"$2a$10$A2g6pbxxhLA9MNYRJ0rnzOf/7Ara76B0KcRdjzUcsIBIclRuas/fG\"}","level":"\u001b[34minfo\u001b[39m","timestamp":"2018-12-14 20:52:46"}
{"message":"404 - Not Found","level":"\u001b[33mwarn\u001b[39m","timestamp":"2018-12-14 20:52:47"}
{"message":"User (2f24vvg) uploaded a file: {\"file-upload\":{\"size\":453242,\"path\":\"C:\\\\develop\\\\nodejs\\\\projects\\\\aitam\\\\work\\\\b6f5b00e-7438-4d8f-a0c1-f3773a488d8b.xml\",\"name\":\"test_site.xml\",\"type\":\"text/xml\",\"mtime\":\"2018-12-14T20:52:52.128Z\"}}","level":"\u001b[34minfo\u001b[39m","timestamp":"2018-12-14 20:52:52"}
{"message":"404 - Not Found","level":"\u001b[33mwarn\u001b[39m","timestamp":"2018-12-14 20:52:52"}
{"message":"404 - Not Found","level":"\u001b[33mwarn\u001b[39m","timestamp":"2018-12-14 20:52:58"}
{"message":"404 - Not Found","level":"\u001b[33mwarn\u001b[39m","timestamp":"2018-12-14 20:53:37"}
{"message":"404 - Not Found","level":"\u001b[33mwarn\u001b[39m","timestamp":"2018-12-14 20:54:16"}
{"message":"404 - Not Found","level":"\u001b[33mwarn\u001b[39m","timestamp":"2018-12-14 20:55:00"}
{"message":"404 - Not Found","level":"\u001b[33mwarn\u001b[39m","timestamp":"2018-12-14 20:57:34"}
{"message":"404 - Not Found","level":"\u001b[33mwarn\u001b[39m","timestamp":"2018-12-14 21:00:59"}
{"message":"req.user: undefined","level":"\u001b[34minfo\u001b[39m","timestamp":"2018-12-14 21:01:01"}
{"message":"Session id started: {\"user\":\"2f24vvg\"}","level":"\u001b[34minfo\u001b[39m","timestamp":"2018-12-14 21:01:01"}
{"message":"User logged in: {\"id\":\"2f24vvg\",\"email\":\"test@test.com\",\"password\":\"$2a$10$A2g6pbxxhLA9MNYRJ0rnzOf/7Ara76B0KcRdjzUcsIBIclRuas/fG\"}","level":"\u001b[34minfo\u001b[39m","timestamp":"2018-12-14 21:01:01"}
{"message":"404 - Not Found","level":"\u001b[33mwarn\u001b[39m","timestamp":"2018-12-14 21:01:01"}
{"message":"User (2f24vvg) uploaded a file: {\"file-upload\":{\"size\":453242,\"path\":\"C:\\\\develop\\\\nodejs\\\\projects\\\\aitam\\\\work\\\\24243370-8ece-4c7b-a5b1-ea9a8cdbefb9.xml\",\"name\":\"test_site.xml\",\"type\":\"text/xml\",\"mtime\":\"2018-12-14T21:01:07.390Z\"}}","level":"\u001b[34minfo\u001b[39m","timestamp":"2018-12-14 21:01:07"}
{"message":"404 - Not Found","level":"\u001b[33mwarn\u001b[39m","timestamp":"2018-12-14 21:01:07"}
{"message":"404 - Not Found","level":"\u001b[33mwarn\u001b[39m","timestamp":"2018-12-14 21:01:12"}
{"message":"404 - Not Found","level":"\u001b[33mwarn\u001b[39m","timestamp":"2018-12-14 21:03:47"}
{"message":"req.user: undefined","level":"\u001b[34minfo\u001b[39m","timestamp":"2018-12-14 21:03:49"}
{"message":"Session id started: {\"user\":\"2f24vvg\"}","level":"\u001b[34minfo\u001b[39m","timestamp":"2018-12-14 21:03:49"}
{"message":"User logged in: {\"id\":\"2f24vvg\",\"email\":\"test@test.com\",\"password\":\"$2a$10$A2g6pbxxhLA9MNYRJ0rnzOf/7Ara76B0KcRdjzUcsIBIclRuas/fG\"}","level":"\u001b[34minfo\u001b[39m","timestamp":"2018-12-14 21:03:49"}
{"message":"404 - Not Found","level":"\u001b[33mwarn\u001b[39m","timestamp":"2018-12-14 21:03:49"}
{"message":"User (2f24vvg) uploaded a file: {\"file-upload\":{\"size\":453242,\"path\":\"C:\\\\develop\\\\nodejs\\\\projects\\\\aitam\\\\work\\\\26b1b27b-ad87-4a31-a749-00d9419e1b1b.xml\",\"name\":\"test_site.xml\",\"type\":\"text/xml\",\"mtime\":\"2018-12-14T21:03:55.914Z\"}}","level":"\u001b[34minfo\u001b[39m","timestamp":"2018-12-14 21:03:55"}
{"message":"404 - Not Found","level":"\u001b[33mwarn\u001b[39m","timestamp":"2018-12-14 21:03:56"}
{"message":"404 - Not Found","level":"\u001b[33mwarn\u001b[39m","timestamp":"2018-12-14 21:04:01"}
{"message":"404 - Not Found","level":"\u001b[33mwarn\u001b[39m","timestamp":"2018-12-14 21:04:56"}
{"message":"404 - Not Found","level":"\u001b[33mwarn\u001b[39m","timestamp":"2018-12-14 21:06:16"}
{"message":"404 - Not Found","level":"\u001b[33mwarn\u001b[39m","timestamp":"2018-12-14 21:07:17"}
{"message":"404 - Not Found","level":"\u001b[33mwarn\u001b[39m","timestamp":"2018-12-14 21:20:14"}
{"message":"req.user: undefined","level":"\u001b[34minfo\u001b[39m","timestamp":"2018-12-14 21:20:16"}
{"message":"Session id started: {\"user\":\"2f24vvg\"}","level":"\u001b[34minfo\u001b[39m","timestamp":"2018-12-14 21:20:16"}
{"message":"User logged in: {\"id\":\"2f24vvg\",\"email\":\"test@test.com\",\"password\":\"$2a$10$A2g6pbxxhLA9MNYRJ0rnzOf/7Ara76B0KcRdjzUcsIBIclRuas/fG\"}","level":"\u001b[34minfo\u001b[39m","timestamp":"2018-12-14 21:20:16"}
{"message":"404 - Not Found","level":"\u001b[33mwarn\u001b[39m","timestamp":"2018-12-14 21:20:16"}
{"message":"User (2f24vvg) uploaded a file: {\"file-upload\":{\"size\":453242,\"path\":\"C:\\\\develop\\\\nodejs\\\\projects\\\\aitam\\\\work\\\\139a5941-3362-4e93-b35c-b63ccf8a9983.xml\",\"name\":\"test_site.xml\",\"type\":\"text/xml\",\"mtime\":\"2018-12-14T21:20:22.932Z\"}}","level":"\u001b[34minfo\u001b[39m","timestamp":"2018-12-14 21:20:22"}
{"message":"404 - Not Found","level":"\u001b[33mwarn\u001b[39m","timestamp":"2018-12-14 21:20:23"}
{"message":"404 - Not Found","level":"\u001b[33mwarn\u001b[39m","timestamp":"2018-12-14 21:25:43"}
{"message":"404 - Not Found","level":"\u001b[33mwarn\u001b[39m","timestamp":"2018-12-14 21:25:47"}
{"message":"404 - Not Found","level":"\u001b[33mwarn\u001b[39m","timestamp":"2018-12-14 21:25:52"}
{"message":"404 - Not Found","level":"\u001b[33mwarn\u001b[39m","timestamp":"2018-12-14 21:27:24"}
{"message":"404 - Not Found","level":"\u001b[33mwarn\u001b[39m","timestamp":"2018-12-14 21:27:27"}
{"message":"Session created received the id:139a5941-3362-4e93-b35c-b63ccf8a9983","level":"\u001b[34minfo\u001b[39m","timestamp":"2018-12-14 21:27:54"}
{"message":"404 - Not Found","level":"\u001b[33mwarn\u001b[39m","timestamp":"2018-12-14 21:27:55"}
{"message":"404 - Not Found","level":"\u001b[33mwarn\u001b[39m","timestamp":"2018-12-14 21:27:58"}
{"message":"404 - Not Found","level":"\u001b[33mwarn\u001b[39m","timestamp":"2018-12-14 21:28:02"}
{"message":"404 - Not Found","level":"\u001b[33mwarn\u001b[39m","timestamp":"2018-12-14 21:29:20"}
{"message":"404 - Not Found","level":"\u001b[33mwarn\u001b[39m","timestamp":"2018-12-14 21:30:01"}
{"message":"404 - Not Found","level":"\u001b[33mwarn\u001b[39m","timestamp":"2018-12-14 21:30:03"}
{"message":"404 - Not Found","level":"\u001b[33mwarn\u001b[39m","timestamp":"2018-12-14 21:30:10"}
{"message":"404 - Not Found","level":"\u001b[33mwarn\u001b[39m","timestamp":"2018-12-14 21:30:35"}
{"message":"404 - Not Found","level":"\u001b[33mwarn\u001b[39m","timestamp":"2018-12-14 21:30:37"}
{"message":"Session created received the id:139a5941-3362-4e93-b35c-b63ccf8a9983","level":"\u001b[34minfo\u001b[39m","timestamp":"2018-12-14 21:30:38"}
{"message":"404 - Not Found","level":"\u001b[33mwarn\u001b[39m","timestamp":"2018-12-14 21:30:39"}
{"message":"404 - Not Found","level":"\u001b[33mwarn\u001b[39m","timestamp":"2018-12-14 21:30:41"}
{"message":"404 - Not Found","level":"\u001b[33mwarn\u001b[39m","timestamp":"2018-12-14 21:30:44"}
{"message":"404 - Not Found","level":"\u001b[33mwarn\u001b[39m","timestamp":"2018-12-14 21:34:47"}
{"message":"404 - Not Found","level":"\u001b[33mwarn\u001b[39m","timestamp":"2018-12-14 21:34:50"}
{"message":"404 - Not Found","level":"\u001b[33mwarn\u001b[39m","timestamp":"2018-12-14 21:37:32"}
{"message":"404 - Not Found","level":"\u001b[33mwarn\u001b[39m","timestamp":"2018-12-14 21:37:35"}
{"message":"404 - Not Found","level":"\u001b[33mwarn\u001b[39m","timestamp":"2018-12-14 21:37:38"}
{"message":"404 - Not Found","level":"\u001b[33mwarn\u001b[39m","timestamp":"2018-12-14 21:38:23"}
{"message":"404 - Not Found","level":"\u001b[33mwarn\u001b[39m","timestamp":"2018-12-14 21:38:25"}
{"message":"404 - Not Found","level":"\u001b[33mwarn\u001b[39m","timestamp":"2018-12-14 21:39:44"}
{"message":"404 - Not Found","level":"\u001b[33mwarn\u001b[39m","timestamp":"2018-12-14 21:41:49"}
{"message":"404 - Not Found","level":"\u001b[33mwarn\u001b[39m","timestamp":"2018-12-14 21:41:52"}
{"message":"404 - Not Found","level":"\u001b[33mwarn\u001b[39m","timestamp":"2018-12-14 21:41:56"}
{"message":"404 - Not Found","level":"\u001b[33mwarn\u001b[39m","timestamp":"2018-12-14 21:45:30"}
{"message":"404 - Not Found","level":"\u001b[33mwarn\u001b[39m","timestamp":"2018-12-14 21:45:34"}
{"message":"Session created received the id:a21d8361-3185-4e78-97a0-218dca71a8e1","level":"\u001b[34minfo\u001b[39m","timestamp":"2018-12-14 21:52:16"}
{"message":"req.user: undefined","level":"\u001b[34minfo\u001b[39m","timestamp":"2018-12-14 21:52:21"}
{"message":"Session id started: {\"user\":\"2f24vvg\"}","level":"\u001b[34minfo\u001b[39m","timestamp":"2018-12-14 21:52:21"}
{"message":"User logged in: {\"id\":\"2f24vvg\",\"email\":\"test@test.com\",\"password\":\"$2a$10$A2g6pbxxhLA9MNYRJ0rnzOf/7Ara76B0KcRdjzUcsIBIclRuas/fG\"}","level":"\u001b[34minfo\u001b[39m","timestamp":"2018-12-14 21:52:21"}
{"message":"User (2f24vvg) uploaded a file: {\"file-upload\":{\"size\":453242,\"path\":\"C:\\\\develop\\\\nodejs\\\\projects\\\\aitam\\\\work\\\\a21d8361-3185-4e78-97a0-218dca71a8e1.xml\",\"name\":\"test_site.xml\",\"type\":\"text/xml\",\"mtime\":\"2018-12-14T21:52:31.035Z\"}}","level":"\u001b[34minfo\u001b[39m","timestamp":"2018-12-14 21:52:31"}
{"message":"404 - Not Found","level":"\u001b[33mwarn\u001b[39m","timestamp":"2018-12-14 21:54:18"}
{"message":"req.user: undefined","level":"\u001b[34minfo\u001b[39m","timestamp":"2018-12-14 21:54:20"}
{"message":"Session id started: {\"user\":\"2f24vvg\"}","level":"\u001b[34minfo\u001b[39m","timestamp":"2018-12-14 21:54:20"}
{"message":"User logged in: {\"id\":\"2f24vvg\",\"email\":\"test@test.com\",\"password\":\"$2a$10$A2g6pbxxhLA9MNYRJ0rnzOf/7Ara76B0KcRdjzUcsIBIclRuas/fG\"}","level":"\u001b[34minfo\u001b[39m","timestamp":"2018-12-14 21:54:20"}
{"message":"404 - Not Found","level":"\u001b[33mwarn\u001b[39m","timestamp":"2018-12-14 21:54:20"}
{"message":"User (2f24vvg) uploaded a file: {\"file-upload\":{\"size\":453242,\"path\":\"C:\\\\develop\\\\nodejs\\\\projects\\\\aitam\\\\work\\\\91ef4be9-f7a2-4da5-92c5-76a7153f4938.xml\",\"name\":\"test_site.xml\",\"type\":\"text/xml\",\"mtime\":\"2018-12-14T21:54:26.987Z\"}}","level":"\u001b[34minfo\u001b[39m","timestamp":"2018-12-14 21:54:26"}
{"message":"404 - Not Found","level":"\u001b[33mwarn\u001b[39m","timestamp":"2018-12-14 21:54:27"}
{"message":"404 - Not Found","level":"\u001b[33mwarn\u001b[39m","timestamp":"2018-12-14 21:54:30"}
{"message":"404 - Not Found","level":"\u001b[33mwarn\u001b[39m","timestamp":"2018-12-14 21:57:19"}
{"message":"req.user: undefined","level":"\u001b[34minfo\u001b[39m","timestamp":"2018-12-14 21:57:21"}
{"message":"Session id started: {\"user\":\"2f24vvg\"}","level":"\u001b[34minfo\u001b[39m","timestamp":"2018-12-14 21:57:21"}
{"message":"User logged in: {\"id\":\"2f24vvg\",\"email\":\"test@test.com\",\"password\":\"$2a$10$A2g6pbxxhLA9MNYRJ0rnzOf/7Ara76B0KcRdjzUcsIBIclRuas/fG\"}","level":"\u001b[34minfo\u001b[39m","timestamp":"2018-12-14 21:57:21"}
{"message":"404 - Not Found","level":"\u001b[33mwarn\u001b[39m","timestamp":"2018-12-14 21:57:21"}
{"message":"User (2f24vvg) uploaded a file: {\"file-upload\":{\"size\":453242,\"path\":\"C:\\\\develop\\\\nodejs\\\\projects\\\\aitam\\\\work\\\\c717b2b3-dde2-430c-8866-151d50e3f463.xml\",\"name\":\"test_site.xml\",\"type\":\"text/xml\",\"mtime\":\"2018-12-14T21:57:28.065Z\"}}","level":"\u001b[34minfo\u001b[39m","timestamp":"2018-12-14 21:57:28"}
{"message":"404 - Not Found","level":"\u001b[33mwarn\u001b[39m","timestamp":"2018-12-14 21:57:28"}
{"message":"404 - Not Found","level":"\u001b[33mwarn\u001b[39m","timestamp":"2018-12-14 21:57:32"}
{"message":"req.user: undefined","level":"\u001b[34minfo\u001b[39m","timestamp":"2018-12-14 21:58:04"}
{"message":"Session id started: {\"user\":\"2f24vvg\"}","level":"\u001b[34minfo\u001b[39m","timestamp":"2018-12-14 21:58:04"}
{"message":"User logged in: {\"id\":\"2f24vvg\",\"email\":\"test@test.com\",\"password\":\"$2a$10$A2g6pbxxhLA9MNYRJ0rnzOf/7Ara76B0KcRdjzUcsIBIclRuas/fG\"}","level":"\u001b[34minfo\u001b[39m","timestamp":"2018-12-14 21:58:04"}
{"message":"404 - Not Found","level":"\u001b[33mwarn\u001b[39m","timestamp":"2018-12-14 21:58:39"}
{"message":"404 - Not Found","level":"\u001b[33mwarn\u001b[39m","timestamp":"2018-12-14 21:59:07"}
{"message":"404 - Not Found","level":"\u001b[33mwarn\u001b[39m","timestamp":"2018-12-14 21:59:11"}
{"message":"404 - Not Found","level":"\u001b[33mwarn\u001b[39m","timestamp":"2018-12-14 22:05:06"}
{"message":"404 - Not Found","level":"\u001b[33mwarn\u001b[39m","timestamp":"2018-12-14 22:05:10"}
{"message":"404 - Not Found","level":"\u001b[33mwarn\u001b[39m","timestamp":"2018-12-14 22:06:24"}
{"message":"404 - Not Found","level":"\u001b[33mwarn\u001b[39m","timestamp":"2018-12-14 22:06:40"}
{"message":"Session created received the id:cd0fd4d0-b4ef-4050-9e03-fe463cf0add0","level":"\u001b[34minfo\u001b[39m","timestamp":"2018-12-14 22:08:46"}
{"message":"User (2f24vvg) uploaded a file: {\"file-upload\":{\"size\":453245,\"path\":\"C:\\\\develop\\\\nodejs\\\\projects\\\\aitam\\\\work\\\\cd0fd4d0-b4ef-4050-9e03-fe463cf0add0.xml\",\"name\":\"test_site2.xml\",\"type\":\"text/xml\",\"mtime\":\"2018-12-14T22:08:58.866Z\"}}","level":"\u001b[34minfo\u001b[39m","timestamp":"2018-12-14 22:08:58"}
