{"message":"garbage collector started on path: C:\\develop\\nodejs\\projects\\aitam\\work\\","level":"\u001b[34minfo\u001b[39m","timestamp":"2019-02-03 18:24:14"}
{"message":"Session created received the id:26c65ee8-1585-42bc-ae6f-afd7908d22a1","level":"\u001b[34minfo\u001b[39m","timestamp":"2019-02-03 18:24:23"}
{"message":"req.user: undefined","level":"\u001b[34minfo\u001b[39m","timestamp":"2019-02-03 18:24:29"}
{"message":"Session id started: {\"user\":\"2f24vvg\"}","level":"\u001b[34minfo\u001b[39m","timestamp":"2019-02-03 18:24:29"}
{"message":"User logged in: {\"id\":\"2f24vvg\",\"email\":\"test@test.com\",\"password\":\"$2a$10$A2g6pbxxhLA9MNYRJ0rnzOf/7Ara76B0KcRdjzUcsIBIclRuas/fG\"}","level":"\u001b[34minfo\u001b[39m","timestamp":"2019-02-03 18:24:29"}
{"message":"Session created received the id:26c65ee8-1585-42bc-ae6f-afd7908d22a1","level":"\u001b[34minfo\u001b[39m","timestamp":"2019-02-03 18:24:34"}
{"message":"plug-in download: C:\\develop\\nodejs\\projects\\aitam\\public/plugins/EGovernment.xml","level":"\u001b[34minfo\u001b[39m","timestamp":"2019-02-03 18:24:39"}
{"message":"User (2f24vvg) uploaded a file: {\"file-upload\":{\"size\":454120,\"path\":\"C:\\\\develop\\\\nodejs\\\\projects\\\\aitam\\\\work\\\\26c65ee8-1585-42bc-ae6f-afd7908d22a1.xml\",\"name\":\"test_site2.xml\",\"type\":\"text/xml\",\"mtime\":\"2019-02-03T18:24:53.848Z\"}}","level":"\u001b[34minfo\u001b[39m","timestamp":"2019-02-03 18:24:53"}
{"message":"404 - Not Found","level":"\u001b[33mwarn\u001b[39m","timestamp":"2019-02-03 18:25:18"}
{"message":"garbage collector started on path: C:\\develop\\nodejs\\projects\\aitam\\work\\","level":"\u001b[34minfo\u001b[39m","timestamp":"2019-02-03 18:25:36"}
{"message":"garbage collector started on path: C:\\develop\\nodejs\\projects\\aitam\\work\\","level":"\u001b[34minfo\u001b[39m","timestamp":"2019-02-03 18:25:44"}
{"message":"req.user: undefined","level":"\u001b[34minfo\u001b[39m","timestamp":"2019-02-03 18:25:51"}
{"message":"Session id started: {\"user\":\"2f24vvg\"}","level":"\u001b[34minfo\u001b[39m","timestamp":"2019-02-03 18:25:51"}
{"message":"User logged in: {\"id\":\"2f24vvg\",\"email\":\"test@test.com\",\"password\":\"$2a$10$A2g6pbxxhLA9MNYRJ0rnzOf/7Ara76B0KcRdjzUcsIBIclRuas/fG\"}","level":"\u001b[34minfo\u001b[39m","timestamp":"2019-02-03 18:25:51"}
{"message":"User (2f24vvg) uploaded a file: {\"file-upload\":{\"size\":454120,\"path\":\"C:\\\\develop\\\\nodejs\\\\projects\\\\aitam\\\\work\\\\946416b8-e94f-47c7-bcda-abb09dfe9d91.xml\",\"name\":\"test_site2.xml\",\"type\":\"text/xml\",\"mtime\":\"2019-02-03T18:25:57.299Z\"}}","level":"\u001b[34minfo\u001b[39m","timestamp":"2019-02-03 18:25:57"}
{"message":"audit file download: C:\\develop\\nodejs\\projects\\aitam\\work\\946416b8-e94f-47c7-bcda-abb09dfe9d91.xml","level":"\u001b[34minfo\u001b[39m","timestamp":"2019-02-03 18:26:01"}
{"message":"garbage collector started on path: C:\\develop\\nodejs\\projects\\aitam\\work\\","level":"\u001b[34minfo\u001b[39m","timestamp":"2019-02-03 18:26:35"}
{"message":"audit file download: C:\\develop\\nodejs\\projects\\aitam\\work\\946416b8-e94f-47c7-bcda-abb09dfe9d91.xml","level":"\u001b[34minfo\u001b[39m","timestamp":"2019-02-03 18:26:36"}
{"message":"req.user: undefined","level":"\u001b[34minfo\u001b[39m","timestamp":"2019-02-03 18:26:52"}
{"message":"Session id started: {\"user\":\"2f24vvg\"}","level":"\u001b[34minfo\u001b[39m","timestamp":"2019-02-03 18:26:52"}
{"message":"User logged in: {\"id\":\"2f24vvg\",\"email\":\"test@test.com\",\"password\":\"$2a$10$A2g6pbxxhLA9MNYRJ0rnzOf/7Ara76B0KcRdjzUcsIBIclRuas/fG\"}","level":"\u001b[34minfo\u001b[39m","timestamp":"2019-02-03 18:26:52"}
{"message":"User (2f24vvg) uploaded a file: {\"file-upload\":{\"size\":454120,\"path\":\"C:\\\\develop\\\\nodejs\\\\projects\\\\aitam\\\\work\\\\2d44a29d-a497-4497-971f-63335716e8f8.xml\",\"name\":\"test_site2.xml\",\"type\":\"text/xml\",\"mtime\":\"2019-02-03T18:27:01.130Z\"}}","level":"\u001b[34minfo\u001b[39m","timestamp":"2019-02-03 18:27:01"}
{"message":"garbage collector started on path: C:\\develop\\nodejs\\projects\\aitam\\work\\","level":"\u001b[34minfo\u001b[39m","timestamp":"2019-02-03 18:27:12"}
{"message":"404 - Not Found","level":"\u001b[33mwarn\u001b[39m","timestamp":"2019-02-03 18:27:16"}
{"message":"garbage collector started on path: C:\\develop\\nodejs\\projects\\aitam\\work\\","level":"\u001b[34minfo\u001b[39m","timestamp":"2019-02-03 18:28:55"}
{"message":"req.user: undefined","level":"\u001b[34minfo\u001b[39m","timestamp":"2019-02-03 18:29:01"}
{"message":"Session id started: {\"user\":\"2f24vvg\"}","level":"\u001b[34minfo\u001b[39m","timestamp":"2019-02-03 18:29:01"}
{"message":"User logged in: {\"id\":\"2f24vvg\",\"email\":\"test@test.com\",\"password\":\"$2a$10$A2g6pbxxhLA9MNYRJ0rnzOf/7Ara76B0KcRdjzUcsIBIclRuas/fG\"}","level":"\u001b[34minfo\u001b[39m","timestamp":"2019-02-03 18:29:01"}
{"message":"User (2f24vvg) uploaded a file: {\"file-upload\":{\"size\":454120,\"path\":\"C:\\\\develop\\\\nodejs\\\\projects\\\\aitam\\\\work\\\\b7d23e8a-c271-4684-a398-697d2305dcae.xml\",\"name\":\"test_site2.xml\",\"type\":\"text/xml\",\"mtime\":\"2019-02-03T18:29:07.325Z\"}}","level":"\u001b[34minfo\u001b[39m","timestamp":"2019-02-03 18:29:07"}
{"message":"audit file download: C:\\develop\\nodejs\\projects\\aitam\\work\\b7d23e8a-c271-4684-a398-697d2305dcae.xml","level":"\u001b[34minfo\u001b[39m","timestamp":"2019-02-03 18:29:13"}
{"message":"audit file download: C:\\develop\\nodejs\\projects\\aitam\\work\\b7d23e8a-c271-4684-a398-697d2305dcae.xml","level":"\u001b[34minfo\u001b[39m","timestamp":"2019-02-03 18:29:48"}
{"message":"garbage collector deleted  030206c6-631d-4dc9-88bd-fe9b5942171f.src on folder: C:\\develop\\nodejs\\projects\\aitam\\work\\, path: C:\\develop\\nodejs\\projects\\aitam\\work\\030206c6-631d-4dc9-88bd-fe9b5942171f.src","level":"\u001b[34minfo\u001b[39m","timestamp":"2019-02-03 18:30:00"}
{"message":"garbage collector deleted  030206c6-631d-4dc9-88bd-fe9b5942171f.tkn on folder: C:\\develop\\nodejs\\projects\\aitam\\work\\, path: C:\\develop\\nodejs\\projects\\aitam\\work\\030206c6-631d-4dc9-88bd-fe9b5942171f.tkn","level":"\u001b[34minfo\u001b[39m","timestamp":"2019-02-03 18:30:00"}
{"message":"garbage collector deleted  030206c6-631d-4dc9-88bd-fe9b5942171f.xml on folder: C:\\develop\\nodejs\\projects\\aitam\\work\\, path: C:\\develop\\nodejs\\projects\\aitam\\work\\030206c6-631d-4dc9-88bd-fe9b5942171f.xml","level":"\u001b[34minfo\u001b[39m","timestamp":"2019-02-03 18:30:00"}
{"message":"garbage collector deleted  030206c6-631d-4dc9-88bd-fe9b5942171f.vec on folder: C:\\develop\\nodejs\\projects\\aitam\\work\\, path: C:\\develop\\nodejs\\projects\\aitam\\work\\030206c6-631d-4dc9-88bd-fe9b5942171f.vec","level":"\u001b[34minfo\u001b[39m","timestamp":"2019-02-03 18:30:00"}
{"message":"garbage collector deleted  142a409b-db38-4ce0-8203-e8ff9c49da92.src on folder: C:\\develop\\nodejs\\projects\\aitam\\work\\, path: C:\\develop\\nodejs\\projects\\aitam\\work\\142a409b-db38-4ce0-8203-e8ff9c49da92.src","level":"\u001b[34minfo\u001b[39m","timestamp":"2019-02-03 18:30:00"}
{"message":"garbage collector deleted  142a409b-db38-4ce0-8203-e8ff9c49da92.tkn on folder: C:\\develop\\nodejs\\projects\\aitam\\work\\, path: C:\\develop\\nodejs\\projects\\aitam\\work\\142a409b-db38-4ce0-8203-e8ff9c49da92.tkn","level":"\u001b[34minfo\u001b[39m","timestamp":"2019-02-03 18:30:00"}
{"message":"garbage collector deleted  142a409b-db38-4ce0-8203-e8ff9c49da92.vec on folder: C:\\develop\\nodejs\\projects\\aitam\\work\\, path: C:\\develop\\nodejs\\projects\\aitam\\work\\142a409b-db38-4ce0-8203-e8ff9c49da92.vec","level":"\u001b[34minfo\u001b[39m","timestamp":"2019-02-03 18:30:00"}
{"message":"garbage collector deleted  142a409b-db38-4ce0-8203-e8ff9c49da92.xml on folder: C:\\develop\\nodejs\\projects\\aitam\\work\\, path: C:\\develop\\nodejs\\projects\\aitam\\work\\142a409b-db38-4ce0-8203-e8ff9c49da92.xml","level":"\u001b[34minfo\u001b[39m","timestamp":"2019-02-03 18:30:00"}
{"message":"garbage collector deleted  16d05d63-0120-4709-bc48-0e55acbdffe9.src on folder: C:\\develop\\nodejs\\projects\\aitam\\work\\, path: C:\\develop\\nodejs\\projects\\aitam\\work\\16d05d63-0120-4709-bc48-0e55acbdffe9.src","level":"\u001b[34minfo\u001b[39m","timestamp":"2019-02-03 18:30:00"}
{"message":"garbage collector deleted  16d05d63-0120-4709-bc48-0e55acbdffe9.tkn on folder: C:\\develop\\nodejs\\projects\\aitam\\work\\, path: C:\\develop\\nodejs\\projects\\aitam\\work\\16d05d63-0120-4709-bc48-0e55acbdffe9.tkn","level":"\u001b[34minfo\u001b[39m","timestamp":"2019-02-03 18:30:00"}
{"message":"garbage collector deleted  16d05d63-0120-4709-bc48-0e55acbdffe9.vec on folder: C:\\develop\\nodejs\\projects\\aitam\\work\\, path: C:\\develop\\nodejs\\projects\\aitam\\work\\16d05d63-0120-4709-bc48-0e55acbdffe9.vec","level":"\u001b[34minfo\u001b[39m","timestamp":"2019-02-03 18:30:00"}
{"message":"garbage collector deleted  16d05d63-0120-4709-bc48-0e55acbdffe9.xml on folder: C:\\develop\\nodejs\\projects\\aitam\\work\\, path: C:\\develop\\nodejs\\projects\\aitam\\work\\16d05d63-0120-4709-bc48-0e55acbdffe9.xml","level":"\u001b[34minfo\u001b[39m","timestamp":"2019-02-03 18:30:00"}
{"message":"garbage collector deleted  1bc7968c-8744-40cb-a0da-79716d210816.src on folder: C:\\develop\\nodejs\\projects\\aitam\\work\\, path: C:\\develop\\nodejs\\projects\\aitam\\work\\1bc7968c-8744-40cb-a0da-79716d210816.src","level":"\u001b[34minfo\u001b[39m","timestamp":"2019-02-03 18:30:00"}
{"message":"garbage collector deleted  1bc7968c-8744-40cb-a0da-79716d210816.tkn on folder: C:\\develop\\nodejs\\projects\\aitam\\work\\, path: C:\\develop\\nodejs\\projects\\aitam\\work\\1bc7968c-8744-40cb-a0da-79716d210816.tkn","level":"\u001b[34minfo\u001b[39m","timestamp":"2019-02-03 18:30:00"}
{"message":"garbage collector deleted  1bc7968c-8744-40cb-a0da-79716d210816.vec on folder: C:\\develop\\nodejs\\projects\\aitam\\work\\, path: C:\\develop\\nodejs\\projects\\aitam\\work\\1bc7968c-8744-40cb-a0da-79716d210816.vec","level":"\u001b[34minfo\u001b[39m","timestamp":"2019-02-03 18:30:00"}
{"message":"garbage collector deleted  1bc7968c-8744-40cb-a0da-79716d210816.xml on folder: C:\\develop\\nodejs\\projects\\aitam\\work\\, path: C:\\develop\\nodejs\\projects\\aitam\\work\\1bc7968c-8744-40cb-a0da-79716d210816.xml","level":"\u001b[34minfo\u001b[39m","timestamp":"2019-02-03 18:30:00"}
{"message":"garbage collector deleted  22889ef3-af17-4335-9aac-c63dbfa3a4f2.src on folder: C:\\develop\\nodejs\\projects\\aitam\\work\\, path: C:\\develop\\nodejs\\projects\\aitam\\work\\22889ef3-af17-4335-9aac-c63dbfa3a4f2.src","level":"\u001b[34minfo\u001b[39m","timestamp":"2019-02-03 18:30:00"}
{"message":"garbage collector deleted  22889ef3-af17-4335-9aac-c63dbfa3a4f2.tkn on folder: C:\\develop\\nodejs\\projects\\aitam\\work\\, path: C:\\develop\\nodejs\\projects\\aitam\\work\\22889ef3-af17-4335-9aac-c63dbfa3a4f2.tkn","level":"\u001b[34minfo\u001b[39m","timestamp":"2019-02-03 18:30:00"}
{"message":"garbage collector deleted  22889ef3-af17-4335-9aac-c63dbfa3a4f2.vec on folder: C:\\develop\\nodejs\\projects\\aitam\\work\\, path: C:\\develop\\nodejs\\projects\\aitam\\work\\22889ef3-af17-4335-9aac-c63dbfa3a4f2.vec","level":"\u001b[34minfo\u001b[39m","timestamp":"2019-02-03 18:30:00"}
{"message":"garbage collector deleted  22889ef3-af17-4335-9aac-c63dbfa3a4f2.xml on folder: C:\\develop\\nodejs\\projects\\aitam\\work\\, path: C:\\develop\\nodejs\\projects\\aitam\\work\\22889ef3-af17-4335-9aac-c63dbfa3a4f2.xml","level":"\u001b[34minfo\u001b[39m","timestamp":"2019-02-03 18:30:00"}
{"message":"garbage collector deleted  297d9ffd-63f3-4fd6-a17e-4a956f02707d.src on folder: C:\\develop\\nodejs\\projects\\aitam\\work\\, path: C:\\develop\\nodejs\\projects\\aitam\\work\\297d9ffd-63f3-4fd6-a17e-4a956f02707d.src","level":"\u001b[34minfo\u001b[39m","timestamp":"2019-02-03 18:30:00"}
{"message":"garbage collector deleted  297d9ffd-63f3-4fd6-a17e-4a956f02707d.tkn on folder: C:\\develop\\nodejs\\projects\\aitam\\work\\, path: C:\\develop\\nodejs\\projects\\aitam\\work\\297d9ffd-63f3-4fd6-a17e-4a956f02707d.tkn","level":"\u001b[34minfo\u001b[39m","timestamp":"2019-02-03 18:30:00"}
{"message":"garbage collector deleted  297d9ffd-63f3-4fd6-a17e-4a956f02707d.vec on folder: C:\\develop\\nodejs\\projects\\aitam\\work\\, path: C:\\develop\\nodejs\\projects\\aitam\\work\\297d9ffd-63f3-4fd6-a17e-4a956f02707d.vec","level":"\u001b[34minfo\u001b[39m","timestamp":"2019-02-03 18:30:00"}
{"message":"garbage collector deleted  297d9ffd-63f3-4fd6-a17e-4a956f02707d.xml on folder: C:\\develop\\nodejs\\projects\\aitam\\work\\, path: C:\\develop\\nodejs\\projects\\aitam\\work\\297d9ffd-63f3-4fd6-a17e-4a956f02707d.xml","level":"\u001b[34minfo\u001b[39m","timestamp":"2019-02-03 18:30:00"}
{"message":"garbage collector deleted  2f569ec8-e10c-4909-883a-987aa2ae54cc.src on folder: C:\\develop\\nodejs\\projects\\aitam\\work\\, path: C:\\develop\\nodejs\\projects\\aitam\\work\\2f569ec8-e10c-4909-883a-987aa2ae54cc.src","level":"\u001b[34minfo\u001b[39m","timestamp":"2019-02-03 18:30:00"}
{"message":"garbage collector deleted  2f569ec8-e10c-4909-883a-987aa2ae54cc.xml on folder: C:\\develop\\nodejs\\projects\\aitam\\work\\, path: C:\\develop\\nodejs\\projects\\aitam\\work\\2f569ec8-e10c-4909-883a-987aa2ae54cc.xml","level":"\u001b[34minfo\u001b[39m","timestamp":"2019-02-03 18:30:00"}
{"message":"garbage collector deleted  2f569ec8-e10c-4909-883a-987aa2ae54cc.vec on folder: C:\\develop\\nodejs\\projects\\aitam\\work\\, path: C:\\develop\\nodejs\\projects\\aitam\\work\\2f569ec8-e10c-4909-883a-987aa2ae54cc.vec","level":"\u001b[34minfo\u001b[39m","timestamp":"2019-02-03 18:30:00"}
{"message":"garbage collector deleted  446c8b9c-9436-48a3-b988-8b7a372bbf65.src on folder: C:\\develop\\nodejs\\projects\\aitam\\work\\, path: C:\\develop\\nodejs\\projects\\aitam\\work\\446c8b9c-9436-48a3-b988-8b7a372bbf65.src","level":"\u001b[34minfo\u001b[39m","timestamp":"2019-02-03 18:30:00"}
{"message":"garbage collector deleted  446c8b9c-9436-48a3-b988-8b7a372bbf65.tkn on folder: C:\\develop\\nodejs\\projects\\aitam\\work\\, path: C:\\develop\\nodejs\\projects\\aitam\\work\\446c8b9c-9436-48a3-b988-8b7a372bbf65.tkn","level":"\u001b[34minfo\u001b[39m","timestamp":"2019-02-03 18:30:00"}
{"message":"garbage collector deleted  446c8b9c-9436-48a3-b988-8b7a372bbf65.vec on folder: C:\\develop\\nodejs\\projects\\aitam\\work\\, path: C:\\develop\\nodejs\\projects\\aitam\\work\\446c8b9c-9436-48a3-b988-8b7a372bbf65.vec","level":"\u001b[34minfo\u001b[39m","timestamp":"2019-02-03 18:30:00"}
{"message":"garbage collector deleted  446c8b9c-9436-48a3-b988-8b7a372bbf65.xml on folder: C:\\develop\\nodejs\\projects\\aitam\\work\\, path: C:\\develop\\nodejs\\projects\\aitam\\work\\446c8b9c-9436-48a3-b988-8b7a372bbf65.xml","level":"\u001b[34minfo\u001b[39m","timestamp":"2019-02-03 18:30:00"}
{"message":"garbage collector deleted  594d03a8-30c7-493b-aee2-db86f1f9f005.src on folder: C:\\develop\\nodejs\\projects\\aitam\\work\\, path: C:\\develop\\nodejs\\projects\\aitam\\work\\594d03a8-30c7-493b-aee2-db86f1f9f005.src","level":"\u001b[34minfo\u001b[39m","timestamp":"2019-02-03 18:30:00"}
{"message":"garbage collector deleted  594d03a8-30c7-493b-aee2-db86f1f9f005.tkn on folder: C:\\develop\\nodejs\\projects\\aitam\\work\\, path: C:\\develop\\nodejs\\projects\\aitam\\work\\594d03a8-30c7-493b-aee2-db86f1f9f005.tkn","level":"\u001b[34minfo\u001b[39m","timestamp":"2019-02-03 18:30:00"}
{"message":"garbage collector deleted  594d03a8-30c7-493b-aee2-db86f1f9f005.vec on folder: C:\\develop\\nodejs\\projects\\aitam\\work\\, path: C:\\develop\\nodejs\\projects\\aitam\\work\\594d03a8-30c7-493b-aee2-db86f1f9f005.vec","level":"\u001b[34minfo\u001b[39m","timestamp":"2019-02-03 18:30:00"}
{"message":"garbage collector deleted  594d03a8-30c7-493b-aee2-db86f1f9f005.xml on folder: C:\\develop\\nodejs\\projects\\aitam\\work\\, path: C:\\develop\\nodejs\\projects\\aitam\\work\\594d03a8-30c7-493b-aee2-db86f1f9f005.xml","level":"\u001b[34minfo\u001b[39m","timestamp":"2019-02-03 18:30:00"}
{"message":"garbage collector deleted  5bbbab23-58dd-43de-8db0-cecd944ccc9e.src on folder: C:\\develop\\nodejs\\projects\\aitam\\work\\, path: C:\\develop\\nodejs\\projects\\aitam\\work\\5bbbab23-58dd-43de-8db0-cecd944ccc9e.src","level":"\u001b[34minfo\u001b[39m","timestamp":"2019-02-03 18:30:00"}
{"message":"garbage collector deleted  5bbbab23-58dd-43de-8db0-cecd944ccc9e.tkn on folder: C:\\develop\\nodejs\\projects\\aitam\\work\\, path: C:\\develop\\nodejs\\projects\\aitam\\work\\5bbbab23-58dd-43de-8db0-cecd944ccc9e.tkn","level":"\u001b[34minfo\u001b[39m","timestamp":"2019-02-03 18:30:00"}
{"message":"garbage collector deleted  5bbbab23-58dd-43de-8db0-cecd944ccc9e.vec on folder: C:\\develop\\nodejs\\projects\\aitam\\work\\, path: C:\\develop\\nodejs\\projects\\aitam\\work\\5bbbab23-58dd-43de-8db0-cecd944ccc9e.vec","level":"\u001b[34minfo\u001b[39m","timestamp":"2019-02-03 18:30:00"}
{"message":"garbage collector deleted  5bbbab23-58dd-43de-8db0-cecd944ccc9e.xml on folder: C:\\develop\\nodejs\\projects\\aitam\\work\\, path: C:\\develop\\nodejs\\projects\\aitam\\work\\5bbbab23-58dd-43de-8db0-cecd944ccc9e.xml","level":"\u001b[34minfo\u001b[39m","timestamp":"2019-02-03 18:30:00"}
{"message":"garbage collector deleted  6814da0f-62bb-4873-b0ec-58515ffeafc7.src on folder: C:\\develop\\nodejs\\projects\\aitam\\work\\, path: C:\\develop\\nodejs\\projects\\aitam\\work\\6814da0f-62bb-4873-b0ec-58515ffeafc7.src","level":"\u001b[34minfo\u001b[39m","timestamp":"2019-02-03 18:30:00"}
{"message":"garbage collector deleted  6814da0f-62bb-4873-b0ec-58515ffeafc7.tkn on folder: C:\\develop\\nodejs\\projects\\aitam\\work\\, path: C:\\develop\\nodejs\\projects\\aitam\\work\\6814da0f-62bb-4873-b0ec-58515ffeafc7.tkn","level":"\u001b[34minfo\u001b[39m","timestamp":"2019-02-03 18:30:00"}
{"message":"garbage collector deleted  6814da0f-62bb-4873-b0ec-58515ffeafc7.vec on folder: C:\\develop\\nodejs\\projects\\aitam\\work\\, path: C:\\develop\\nodejs\\projects\\aitam\\work\\6814da0f-62bb-4873-b0ec-58515ffeafc7.vec","level":"\u001b[34minfo\u001b[39m","timestamp":"2019-02-03 18:30:00"}
{"message":"garbage collector deleted  6814da0f-62bb-4873-b0ec-58515ffeafc7.xml on folder: C:\\develop\\nodejs\\projects\\aitam\\work\\, path: C:\\develop\\nodejs\\projects\\aitam\\work\\6814da0f-62bb-4873-b0ec-58515ffeafc7.xml","level":"\u001b[34minfo\u001b[39m","timestamp":"2019-02-03 18:30:00"}
{"message":"garbage collector deleted  74d3ca9c-a6d7-4712-9ee5-1ccc3af75242.src on folder: C:\\develop\\nodejs\\projects\\aitam\\work\\, path: C:\\develop\\nodejs\\projects\\aitam\\work\\74d3ca9c-a6d7-4712-9ee5-1ccc3af75242.src","level":"\u001b[34minfo\u001b[39m","timestamp":"2019-02-03 18:30:00"}
{"message":"garbage collector deleted  74d3ca9c-a6d7-4712-9ee5-1ccc3af75242.tkn on folder: C:\\develop\\nodejs\\projects\\aitam\\work\\, path: C:\\develop\\nodejs\\projects\\aitam\\work\\74d3ca9c-a6d7-4712-9ee5-1ccc3af75242.tkn","level":"\u001b[34minfo\u001b[39m","timestamp":"2019-02-03 18:30:00"}
{"message":"garbage collector deleted  74d3ca9c-a6d7-4712-9ee5-1ccc3af75242.vec on folder: C:\\develop\\nodejs\\projects\\aitam\\work\\, path: C:\\develop\\nodejs\\projects\\aitam\\work\\74d3ca9c-a6d7-4712-9ee5-1ccc3af75242.vec","level":"\u001b[34minfo\u001b[39m","timestamp":"2019-02-03 18:30:00"}
{"message":"garbage collector deleted  74d3ca9c-a6d7-4712-9ee5-1ccc3af75242.xml on folder: C:\\develop\\nodejs\\projects\\aitam\\work\\, path: C:\\develop\\nodejs\\projects\\aitam\\work\\74d3ca9c-a6d7-4712-9ee5-1ccc3af75242.xml","level":"\u001b[34minfo\u001b[39m","timestamp":"2019-02-03 18:30:00"}
{"message":"garbage collector deleted  8b44c81a-289b-4ae4-aa04-4794646540d8.src on folder: C:\\develop\\nodejs\\projects\\aitam\\work\\, path: C:\\develop\\nodejs\\projects\\aitam\\work\\8b44c81a-289b-4ae4-aa04-4794646540d8.src","level":"\u001b[34minfo\u001b[39m","timestamp":"2019-02-03 18:30:00"}
{"message":"garbage collector deleted  8b44c81a-289b-4ae4-aa04-4794646540d8.xml on folder: C:\\develop\\nodejs\\projects\\aitam\\work\\, path: C:\\develop\\nodejs\\projects\\aitam\\work\\8b44c81a-289b-4ae4-aa04-4794646540d8.xml","level":"\u001b[34minfo\u001b[39m","timestamp":"2019-02-03 18:30:00"}
{"message":"garbage collector deleted  8b44c81a-289b-4ae4-aa04-4794646540d8.vec on folder: C:\\develop\\nodejs\\projects\\aitam\\work\\, path: C:\\develop\\nodejs\\projects\\aitam\\work\\8b44c81a-289b-4ae4-aa04-4794646540d8.vec","level":"\u001b[34minfo\u001b[39m","timestamp":"2019-02-03 18:30:00"}
{"message":"garbage collector deleted  92aec8c2-3046-4c34-a3d8-2ca5a38590f0.src on folder: C:\\develop\\nodejs\\projects\\aitam\\work\\, path: C:\\develop\\nodejs\\projects\\aitam\\work\\92aec8c2-3046-4c34-a3d8-2ca5a38590f0.src","level":"\u001b[34minfo\u001b[39m","timestamp":"2019-02-03 18:30:00"}
{"message":"garbage collector deleted  92aec8c2-3046-4c34-a3d8-2ca5a38590f0.tkn on folder: C:\\develop\\nodejs\\projects\\aitam\\work\\, path: C:\\develop\\nodejs\\projects\\aitam\\work\\92aec8c2-3046-4c34-a3d8-2ca5a38590f0.tkn","level":"\u001b[34minfo\u001b[39m","timestamp":"2019-02-03 18:30:00"}
{"message":"garbage collector deleted  92aec8c2-3046-4c34-a3d8-2ca5a38590f0.vec on folder: C:\\develop\\nodejs\\projects\\aitam\\work\\, path: C:\\develop\\nodejs\\projects\\aitam\\work\\92aec8c2-3046-4c34-a3d8-2ca5a38590f0.vec","level":"\u001b[34minfo\u001b[39m","timestamp":"2019-02-03 18:30:00"}
{"message":"garbage collector deleted  92aec8c2-3046-4c34-a3d8-2ca5a38590f0.xml on folder: C:\\develop\\nodejs\\projects\\aitam\\work\\, path: C:\\develop\\nodejs\\projects\\aitam\\work\\92aec8c2-3046-4c34-a3d8-2ca5a38590f0.xml","level":"\u001b[34minfo\u001b[39m","timestamp":"2019-02-03 18:30:00"}
{"message":"garbage collector deleted  96d70d27-27a0-4bbb-bb69-ff1f7b16a8ea.src on folder: C:\\develop\\nodejs\\projects\\aitam\\work\\, path: C:\\develop\\nodejs\\projects\\aitam\\work\\96d70d27-27a0-4bbb-bb69-ff1f7b16a8ea.src","level":"\u001b[34minfo\u001b[39m","timestamp":"2019-02-03 18:30:00"}
{"message":"garbage collector deleted  96d70d27-27a0-4bbb-bb69-ff1f7b16a8ea.tkn on folder: C:\\develop\\nodejs\\projects\\aitam\\work\\, path: C:\\develop\\nodejs\\projects\\aitam\\work\\96d70d27-27a0-4bbb-bb69-ff1f7b16a8ea.tkn","level":"\u001b[34minfo\u001b[39m","timestamp":"2019-02-03 18:30:00"}
{"message":"garbage collector deleted  96d70d27-27a0-4bbb-bb69-ff1f7b16a8ea.vec on folder: C:\\develop\\nodejs\\projects\\aitam\\work\\, path: C:\\develop\\nodejs\\projects\\aitam\\work\\96d70d27-27a0-4bbb-bb69-ff1f7b16a8ea.vec","level":"\u001b[34minfo\u001b[39m","timestamp":"2019-02-03 18:30:00"}
{"message":"garbage collector deleted  96d70d27-27a0-4bbb-bb69-ff1f7b16a8ea.xml on folder: C:\\develop\\nodejs\\projects\\aitam\\work\\, path: C:\\develop\\nodejs\\projects\\aitam\\work\\96d70d27-27a0-4bbb-bb69-ff1f7b16a8ea.xml","level":"\u001b[34minfo\u001b[39m","timestamp":"2019-02-03 18:30:00"}
{"message":"garbage collector deleted  990f4ebc-a1ee-4d1e-b632-db5166a03cdb.src on folder: C:\\develop\\nodejs\\projects\\aitam\\work\\, path: C:\\develop\\nodejs\\projects\\aitam\\work\\990f4ebc-a1ee-4d1e-b632-db5166a03cdb.src","level":"\u001b[34minfo\u001b[39m","timestamp":"2019-02-03 18:30:00"}
{"message":"garbage collector deleted  990f4ebc-a1ee-4d1e-b632-db5166a03cdb.tkn on folder: C:\\develop\\nodejs\\projects\\aitam\\work\\, path: C:\\develop\\nodejs\\projects\\aitam\\work\\990f4ebc-a1ee-4d1e-b632-db5166a03cdb.tkn","level":"\u001b[34minfo\u001b[39m","timestamp":"2019-02-03 18:30:00"}
{"message":"garbage collector deleted  990f4ebc-a1ee-4d1e-b632-db5166a03cdb.vec on folder: C:\\develop\\nodejs\\projects\\aitam\\work\\, path: C:\\develop\\nodejs\\projects\\aitam\\work\\990f4ebc-a1ee-4d1e-b632-db5166a03cdb.vec","level":"\u001b[34minfo\u001b[39m","timestamp":"2019-02-03 18:30:00"}
{"message":"garbage collector deleted  990f4ebc-a1ee-4d1e-b632-db5166a03cdb.xml on folder: C:\\develop\\nodejs\\projects\\aitam\\work\\, path: C:\\develop\\nodejs\\projects\\aitam\\work\\990f4ebc-a1ee-4d1e-b632-db5166a03cdb.xml","level":"\u001b[34minfo\u001b[39m","timestamp":"2019-02-03 18:30:00"}
{"message":"garbage collector deleted  9dbb20d2-e53b-48a2-b0cb-96c45a853d8d.src on folder: C:\\develop\\nodejs\\projects\\aitam\\work\\, path: C:\\develop\\nodejs\\projects\\aitam\\work\\9dbb20d2-e53b-48a2-b0cb-96c45a853d8d.src","level":"\u001b[34minfo\u001b[39m","timestamp":"2019-02-03 18:30:00"}
{"message":"garbage collector deleted  9dbb20d2-e53b-48a2-b0cb-96c45a853d8d.tkn on folder: C:\\develop\\nodejs\\projects\\aitam\\work\\, path: C:\\develop\\nodejs\\projects\\aitam\\work\\9dbb20d2-e53b-48a2-b0cb-96c45a853d8d.tkn","level":"\u001b[34minfo\u001b[39m","timestamp":"2019-02-03 18:30:00"}
{"message":"garbage collector deleted  9dbb20d2-e53b-48a2-b0cb-96c45a853d8d.vec on folder: C:\\develop\\nodejs\\projects\\aitam\\work\\, path: C:\\develop\\nodejs\\projects\\aitam\\work\\9dbb20d2-e53b-48a2-b0cb-96c45a853d8d.vec","level":"\u001b[34minfo\u001b[39m","timestamp":"2019-02-03 18:30:00"}
{"message":"garbage collector deleted  9dbb20d2-e53b-48a2-b0cb-96c45a853d8d.xml on folder: C:\\develop\\nodejs\\projects\\aitam\\work\\, path: C:\\develop\\nodejs\\projects\\aitam\\work\\9dbb20d2-e53b-48a2-b0cb-96c45a853d8d.xml","level":"\u001b[34minfo\u001b[39m","timestamp":"2019-02-03 18:30:00"}
{"message":"garbage collector deleted  9e3c9485-eedb-490a-9729-3e2e073d264f.src on folder: C:\\develop\\nodejs\\projects\\aitam\\work\\, path: C:\\develop\\nodejs\\projects\\aitam\\work\\9e3c9485-eedb-490a-9729-3e2e073d264f.src","level":"\u001b[34minfo\u001b[39m","timestamp":"2019-02-03 18:30:00"}
{"message":"garbage collector deleted  9e3c9485-eedb-490a-9729-3e2e073d264f.tkn on folder: C:\\develop\\nodejs\\projects\\aitam\\work\\, path: C:\\develop\\nodejs\\projects\\aitam\\work\\9e3c9485-eedb-490a-9729-3e2e073d264f.tkn","level":"\u001b[34minfo\u001b[39m","timestamp":"2019-02-03 18:30:00"}
{"message":"garbage collector deleted  9e3c9485-eedb-490a-9729-3e2e073d264f.vec on folder: C:\\develop\\nodejs\\projects\\aitam\\work\\, path: C:\\develop\\nodejs\\projects\\aitam\\work\\9e3c9485-eedb-490a-9729-3e2e073d264f.vec","level":"\u001b[34minfo\u001b[39m","timestamp":"2019-02-03 18:30:00"}
{"message":"garbage collector deleted  9e3c9485-eedb-490a-9729-3e2e073d264f.xml on folder: C:\\develop\\nodejs\\projects\\aitam\\work\\, path: C:\\develop\\nodejs\\projects\\aitam\\work\\9e3c9485-eedb-490a-9729-3e2e073d264f.xml","level":"\u001b[34minfo\u001b[39m","timestamp":"2019-02-03 18:30:00"}
{"message":"garbage collector deleted  a9f2a8f1-5e0d-4a52-a1e2-ae3e4147a4ba.src on folder: C:\\develop\\nodejs\\projects\\aitam\\work\\, path: C:\\develop\\nodejs\\projects\\aitam\\work\\a9f2a8f1-5e0d-4a52-a1e2-ae3e4147a4ba.src","level":"\u001b[34minfo\u001b[39m","timestamp":"2019-02-03 18:30:00"}
{"message":"garbage collector deleted  a9f2a8f1-5e0d-4a52-a1e2-ae3e4147a4ba.tkn on folder: C:\\develop\\nodejs\\projects\\aitam\\work\\, path: C:\\develop\\nodejs\\projects\\aitam\\work\\a9f2a8f1-5e0d-4a52-a1e2-ae3e4147a4ba.tkn","level":"\u001b[34minfo\u001b[39m","timestamp":"2019-02-03 18:30:00"}
{"message":"garbage collector deleted  a9f2a8f1-5e0d-4a52-a1e2-ae3e4147a4ba.vec on folder: C:\\develop\\nodejs\\projects\\aitam\\work\\, path: C:\\develop\\nodejs\\projects\\aitam\\work\\a9f2a8f1-5e0d-4a52-a1e2-ae3e4147a4ba.vec","level":"\u001b[34minfo\u001b[39m","timestamp":"2019-02-03 18:30:00"}
{"message":"garbage collector deleted  a9f2a8f1-5e0d-4a52-a1e2-ae3e4147a4ba.xml on folder: C:\\develop\\nodejs\\projects\\aitam\\work\\, path: C:\\develop\\nodejs\\projects\\aitam\\work\\a9f2a8f1-5e0d-4a52-a1e2-ae3e4147a4ba.xml","level":"\u001b[34minfo\u001b[39m","timestamp":"2019-02-03 18:30:00"}
{"message":"garbage collector deleted  c2c4f8de-5bcd-46a5-ba30-9f72277893c2.src on folder: C:\\develop\\nodejs\\projects\\aitam\\work\\, path: C:\\develop\\nodejs\\projects\\aitam\\work\\c2c4f8de-5bcd-46a5-ba30-9f72277893c2.src","level":"\u001b[34minfo\u001b[39m","timestamp":"2019-02-03 18:30:00"}
{"message":"garbage collector deleted  c2c4f8de-5bcd-46a5-ba30-9f72277893c2.tkn on folder: C:\\develop\\nodejs\\projects\\aitam\\work\\, path: C:\\develop\\nodejs\\projects\\aitam\\work\\c2c4f8de-5bcd-46a5-ba30-9f72277893c2.tkn","level":"\u001b[34minfo\u001b[39m","timestamp":"2019-02-03 18:30:00"}
{"message":"garbage collector deleted  c2c4f8de-5bcd-46a5-ba30-9f72277893c2.vec on folder: C:\\develop\\nodejs\\projects\\aitam\\work\\, path: C:\\develop\\nodejs\\projects\\aitam\\work\\c2c4f8de-5bcd-46a5-ba30-9f72277893c2.vec","level":"\u001b[34minfo\u001b[39m","timestamp":"2019-02-03 18:30:00"}
{"message":"garbage collector deleted  c2c4f8de-5bcd-46a5-ba30-9f72277893c2.xml on folder: C:\\develop\\nodejs\\projects\\aitam\\work\\, path: C:\\develop\\nodejs\\projects\\aitam\\work\\c2c4f8de-5bcd-46a5-ba30-9f72277893c2.xml","level":"\u001b[34minfo\u001b[39m","timestamp":"2019-02-03 18:30:00"}
{"message":"garbage collector deleted  cf7e12ea-98f0-4003-9e78-04ee7ade17e4.src on folder: C:\\develop\\nodejs\\projects\\aitam\\work\\, path: C:\\develop\\nodejs\\projects\\aitam\\work\\cf7e12ea-98f0-4003-9e78-04ee7ade17e4.src","level":"\u001b[34minfo\u001b[39m","timestamp":"2019-02-03 18:30:00"}
{"message":"garbage collector deleted  cf7e12ea-98f0-4003-9e78-04ee7ade17e4.tkn on folder: C:\\develop\\nodejs\\projects\\aitam\\work\\, path: C:\\develop\\nodejs\\projects\\aitam\\work\\cf7e12ea-98f0-4003-9e78-04ee7ade17e4.tkn","level":"\u001b[34minfo\u001b[39m","timestamp":"2019-02-03 18:30:00"}
{"message":"garbage collector deleted  cf7e12ea-98f0-4003-9e78-04ee7ade17e4.vec on folder: C:\\develop\\nodejs\\projects\\aitam\\work\\, path: C:\\develop\\nodejs\\projects\\aitam\\work\\cf7e12ea-98f0-4003-9e78-04ee7ade17e4.vec","level":"\u001b[34minfo\u001b[39m","timestamp":"2019-02-03 18:30:00"}
{"message":"garbage collector deleted  cf7e12ea-98f0-4003-9e78-04ee7ade17e4.xml on folder: C:\\develop\\nodejs\\projects\\aitam\\work\\, path: C:\\develop\\nodejs\\projects\\aitam\\work\\cf7e12ea-98f0-4003-9e78-04ee7ade17e4.xml","level":"\u001b[34minfo\u001b[39m","timestamp":"2019-02-03 18:30:00"}
{"message":"garbage collector deleted  e3811911-ec54-44bd-9775-117011638d0e.src on folder: C:\\develop\\nodejs\\projects\\aitam\\work\\, path: C:\\develop\\nodejs\\projects\\aitam\\work\\e3811911-ec54-44bd-9775-117011638d0e.src","level":"\u001b[34minfo\u001b[39m","timestamp":"2019-02-03 18:30:00"}
{"message":"garbage collector deleted  e3811911-ec54-44bd-9775-117011638d0e.tkn on folder: C:\\develop\\nodejs\\projects\\aitam\\work\\, path: C:\\develop\\nodejs\\projects\\aitam\\work\\e3811911-ec54-44bd-9775-117011638d0e.tkn","level":"\u001b[34minfo\u001b[39m","timestamp":"2019-02-03 18:30:00"}
{"message":"garbage collector deleted  e3811911-ec54-44bd-9775-117011638d0e.vec on folder: C:\\develop\\nodejs\\projects\\aitam\\work\\, path: C:\\develop\\nodejs\\projects\\aitam\\work\\e3811911-ec54-44bd-9775-117011638d0e.vec","level":"\u001b[34minfo\u001b[39m","timestamp":"2019-02-03 18:30:00"}
{"message":"garbage collector error:  Error: Can't read file C:\\develop\\nodejs\\projects\\aitam\\work\\030206c6-631d-4dc9-88bd-fe9b5942171f.src","level":"\u001b[34minfo\u001b[39m","timestamp":"2019-02-03 18:30:00"}
{"message":"garbage collector error:  Error: Can't read file C:\\develop\\nodejs\\projects\\aitam\\work\\030206c6-631d-4dc9-88bd-fe9b5942171f.tkn","level":"\u001b[34minfo\u001b[39m","timestamp":"2019-02-03 18:30:00"}
{"message":"garbage collector error:  Error: Can't read file C:\\develop\\nodejs\\projects\\aitam\\work\\030206c6-631d-4dc9-88bd-fe9b5942171f.vec","level":"\u001b[34minfo\u001b[39m","timestamp":"2019-02-03 18:30:00"}
{"message":"garbage collector error:  Error: Can't read file C:\\develop\\nodejs\\projects\\aitam\\work\\030206c6-631d-4dc9-88bd-fe9b5942171f.xml","level":"\u001b[34minfo\u001b[39m","timestamp":"2019-02-03 18:30:00"}
{"message":"garbage collector error:  Error: Can't read file C:\\develop\\nodejs\\projects\\aitam\\work\\142a409b-db38-4ce0-8203-e8ff9c49da92.src","level":"\u001b[34minfo\u001b[39m","timestamp":"2019-02-03 18:30:00"}
{"message":"garbage collector error:  Error: Can't read file C:\\develop\\nodejs\\projects\\aitam\\work\\142a409b-db38-4ce0-8203-e8ff9c49da92.tkn","level":"\u001b[34minfo\u001b[39m","timestamp":"2019-02-03 18:30:00"}
{"message":"garbage collector deleted  e3811911-ec54-44bd-9775-117011638d0e.xml on folder: C:\\develop\\nodejs\\projects\\aitam\\work\\, path: C:\\develop\\nodejs\\projects\\aitam\\work\\e3811911-ec54-44bd-9775-117011638d0e.xml","level":"\u001b[34minfo\u001b[39m","timestamp":"2019-02-03 18:30:00"}
{"message":"garbage collector error:  Error: Can't read file C:\\develop\\nodejs\\projects\\aitam\\work\\142a409b-db38-4ce0-8203-e8ff9c49da92.vec","level":"\u001b[34minfo\u001b[39m","timestamp":"2019-02-03 18:30:00"}
{"message":"garbage collector error:  Error: Can't read file C:\\develop\\nodejs\\projects\\aitam\\work\\16d05d63-0120-4709-bc48-0e55acbdffe9.src","level":"\u001b[34minfo\u001b[39m","timestamp":"2019-02-03 18:30:00"}
{"message":"garbage collector error:  Error: Can't read file C:\\develop\\nodejs\\projects\\aitam\\work\\142a409b-db38-4ce0-8203-e8ff9c49da92.xml","level":"\u001b[34minfo\u001b[39m","timestamp":"2019-02-03 18:30:00"}
{"message":"garbage collector error:  Error: Can't read file C:\\develop\\nodejs\\projects\\aitam\\work\\16d05d63-0120-4709-bc48-0e55acbdffe9.tkn","level":"\u001b[34minfo\u001b[39m","timestamp":"2019-02-03 18:30:00"}
{"message":"garbage collector error:  Error: Can't read file C:\\develop\\nodejs\\projects\\aitam\\work\\16d05d63-0120-4709-bc48-0e55acbdffe9.vec","level":"\u001b[34minfo\u001b[39m","timestamp":"2019-02-03 18:30:00"}
{"message":"garbage collector error:  Error: Can't read file C:\\develop\\nodejs\\projects\\aitam\\work\\16d05d63-0120-4709-bc48-0e55acbdffe9.xml","level":"\u001b[34minfo\u001b[39m","timestamp":"2019-02-03 18:30:00"}
{"message":"garbage collector error:  Error: Can't read file C:\\develop\\nodejs\\projects\\aitam\\work\\1bc7968c-8744-40cb-a0da-79716d210816.src","level":"\u001b[34minfo\u001b[39m","timestamp":"2019-02-03 18:30:00"}
{"message":"garbage collector error:  Error: Can't read file C:\\develop\\nodejs\\projects\\aitam\\work\\1bc7968c-8744-40cb-a0da-79716d210816.tkn","level":"\u001b[34minfo\u001b[39m","timestamp":"2019-02-03 18:30:00"}
{"message":"garbage collector deleted  8b44c81a-289b-4ae4-aa04-4794646540d8.tkn on folder: C:\\develop\\nodejs\\projects\\aitam\\work\\, path: C:\\develop\\nodejs\\projects\\aitam\\work\\8b44c81a-289b-4ae4-aa04-4794646540d8.tkn","level":"\u001b[34minfo\u001b[39m","timestamp":"2019-02-03 18:30:00"}
{"message":"garbage collector error:  Error: Can't read file C:\\develop\\nodejs\\projects\\aitam\\work\\1bc7968c-8744-40cb-a0da-79716d210816.vec","level":"\u001b[34minfo\u001b[39m","timestamp":"2019-02-03 18:30:00"}
{"message":"garbage collector error:  Error: Can't read file C:\\develop\\nodejs\\projects\\aitam\\work\\1bc7968c-8744-40cb-a0da-79716d210816.xml","level":"\u001b[34minfo\u001b[39m","timestamp":"2019-02-03 18:30:00"}
{"message":"garbage collector error:  Error: Can't read file C:\\develop\\nodejs\\projects\\aitam\\work\\22889ef3-af17-4335-9aac-c63dbfa3a4f2.src","level":"\u001b[34minfo\u001b[39m","timestamp":"2019-02-03 18:30:00"}
{"message":"garbage collector error:  Error: Can't read file C:\\develop\\nodejs\\projects\\aitam\\work\\22889ef3-af17-4335-9aac-c63dbfa3a4f2.tkn","level":"\u001b[34minfo\u001b[39m","timestamp":"2019-02-03 18:30:00"}
{"message":"garbage collector error:  Error: Can't read file C:\\develop\\nodejs\\projects\\aitam\\work\\22889ef3-af17-4335-9aac-c63dbfa3a4f2.vec","level":"\u001b[34minfo\u001b[39m","timestamp":"2019-02-03 18:30:00"}
{"message":"garbage collector error:  Error: Can't read file C:\\develop\\nodejs\\projects\\aitam\\work\\22889ef3-af17-4335-9aac-c63dbfa3a4f2.xml","level":"\u001b[34minfo\u001b[39m","timestamp":"2019-02-03 18:30:00"}
{"message":"garbage collector error:  Error: Can't read file C:\\develop\\nodejs\\projects\\aitam\\work\\297d9ffd-63f3-4fd6-a17e-4a956f02707d.src","level":"\u001b[34minfo\u001b[39m","timestamp":"2019-02-03 18:30:00"}
{"message":"garbage collector error:  Error: Can't read file C:\\develop\\nodejs\\projects\\aitam\\work\\297d9ffd-63f3-4fd6-a17e-4a956f02707d.tkn","level":"\u001b[34minfo\u001b[39m","timestamp":"2019-02-03 18:30:00"}
{"message":"garbage collector error:  Error: Can't read file C:\\develop\\nodejs\\projects\\aitam\\work\\297d9ffd-63f3-4fd6-a17e-4a956f02707d.vec","level":"\u001b[34minfo\u001b[39m","timestamp":"2019-02-03 18:30:00"}
{"message":"garbage collector error:  Error: Can't read file C:\\develop\\nodejs\\projects\\aitam\\work\\297d9ffd-63f3-4fd6-a17e-4a956f02707d.xml","level":"\u001b[34minfo\u001b[39m","timestamp":"2019-02-03 18:30:00"}
{"message":"garbage collector error:  Error: Can't read file C:\\develop\\nodejs\\projects\\aitam\\work\\2f569ec8-e10c-4909-883a-987aa2ae54cc.src","level":"\u001b[34minfo\u001b[39m","timestamp":"2019-02-03 18:30:00"}
{"message":"garbage collector error:  Error: Can't read file C:\\develop\\nodejs\\projects\\aitam\\work\\2f569ec8-e10c-4909-883a-987aa2ae54cc.tkn","level":"\u001b[34minfo\u001b[39m","timestamp":"2019-02-03 18:30:00"}
{"message":"garbage collector error:  Error: Can't read file C:\\develop\\nodejs\\projects\\aitam\\work\\2f569ec8-e10c-4909-883a-987aa2ae54cc.vec","level":"\u001b[34minfo\u001b[39m","timestamp":"2019-02-03 18:30:00"}
{"message":"garbage collector error:  Error: Can't read file C:\\develop\\nodejs\\projects\\aitam\\work\\2f569ec8-e10c-4909-883a-987aa2ae54cc.xml","level":"\u001b[34minfo\u001b[39m","timestamp":"2019-02-03 18:30:00"}
{"message":"garbage collector error:  Error: Can't read file C:\\develop\\nodejs\\projects\\aitam\\work\\446c8b9c-9436-48a3-b988-8b7a372bbf65.src","level":"\u001b[34minfo\u001b[39m","timestamp":"2019-02-03 18:30:00"}
{"message":"garbage collector error:  Error: Can't read file C:\\develop\\nodejs\\projects\\aitam\\work\\446c8b9c-9436-48a3-b988-8b7a372bbf65.tkn","level":"\u001b[34minfo\u001b[39m","timestamp":"2019-02-03 18:30:00"}
{"message":"garbage collector error:  Error: Can't read file C:\\develop\\nodejs\\projects\\aitam\\work\\446c8b9c-9436-48a3-b988-8b7a372bbf65.vec","level":"\u001b[34minfo\u001b[39m","timestamp":"2019-02-03 18:30:00"}
{"message":"garbage collector error:  Error: Can't read file C:\\develop\\nodejs\\projects\\aitam\\work\\446c8b9c-9436-48a3-b988-8b7a372bbf65.xml","level":"\u001b[34minfo\u001b[39m","timestamp":"2019-02-03 18:30:00"}
{"message":"garbage collector error:  Error: Can't read file C:\\develop\\nodejs\\projects\\aitam\\work\\594d03a8-30c7-493b-aee2-db86f1f9f005.src","level":"\u001b[34minfo\u001b[39m","timestamp":"2019-02-03 18:30:00"}
{"message":"garbage collector error:  Error: Can't read file C:\\develop\\nodejs\\projects\\aitam\\work\\594d03a8-30c7-493b-aee2-db86f1f9f005.tkn","level":"\u001b[34minfo\u001b[39m","timestamp":"2019-02-03 18:30:00"}
{"message":"garbage collector error:  Error: Can't read file C:\\develop\\nodejs\\projects\\aitam\\work\\594d03a8-30c7-493b-aee2-db86f1f9f005.vec","level":"\u001b[34minfo\u001b[39m","timestamp":"2019-02-03 18:30:00"}
{"message":"garbage collector deleted  2f569ec8-e10c-4909-883a-987aa2ae54cc.tkn on folder: C:\\develop\\nodejs\\projects\\aitam\\work\\, path: C:\\develop\\nodejs\\projects\\aitam\\work\\2f569ec8-e10c-4909-883a-987aa2ae54cc.tkn","level":"\u001b[34minfo\u001b[39m","timestamp":"2019-02-03 18:30:00"}
{"message":"garbage collector error:  Error: Can't read file C:\\develop\\nodejs\\projects\\aitam\\work\\594d03a8-30c7-493b-aee2-db86f1f9f005.xml","level":"\u001b[34minfo\u001b[39m","timestamp":"2019-02-03 18:30:00"}
{"message":"garbage collector error:  Error: Can't read file C:\\develop\\nodejs\\projects\\aitam\\work\\5bbbab23-58dd-43de-8db0-cecd944ccc9e.src","level":"\u001b[34minfo\u001b[39m","timestamp":"2019-02-03 18:30:00"}
{"message":"garbage collector error:  Error: Can't read file C:\\develop\\nodejs\\projects\\aitam\\work\\5bbbab23-58dd-43de-8db0-cecd944ccc9e.tkn","level":"\u001b[34minfo\u001b[39m","timestamp":"2019-02-03 18:30:00"}
{"message":"garbage collector error:  Error: Can't read file C:\\develop\\nodejs\\projects\\aitam\\work\\5bbbab23-58dd-43de-8db0-cecd944ccc9e.vec","level":"\u001b[34minfo\u001b[39m","timestamp":"2019-02-03 18:30:00"}
{"message":"garbage collector error:  Error: Can't read file C:\\develop\\nodejs\\projects\\aitam\\work\\5bbbab23-58dd-43de-8db0-cecd944ccc9e.xml","level":"\u001b[34minfo\u001b[39m","timestamp":"2019-02-03 18:30:00"}
{"message":"garbage collector error:  Error: Can't read file C:\\develop\\nodejs\\projects\\aitam\\work\\6814da0f-62bb-4873-b0ec-58515ffeafc7.src","level":"\u001b[34minfo\u001b[39m","timestamp":"2019-02-03 18:30:00"}
{"message":"garbage collector error:  Error: Can't read file C:\\develop\\nodejs\\projects\\aitam\\work\\6814da0f-62bb-4873-b0ec-58515ffeafc7.tkn","level":"\u001b[34minfo\u001b[39m","timestamp":"2019-02-03 18:30:00"}
{"message":"garbage collector error:  Error: Can't read file C:\\develop\\nodejs\\projects\\aitam\\work\\6814da0f-62bb-4873-b0ec-58515ffeafc7.vec","level":"\u001b[34minfo\u001b[39m","timestamp":"2019-02-03 18:30:00"}
{"message":"garbage collector error:  Error: Can't read file C:\\develop\\nodejs\\projects\\aitam\\work\\6814da0f-62bb-4873-b0ec-58515ffeafc7.xml","level":"\u001b[34minfo\u001b[39m","timestamp":"2019-02-03 18:30:00"}
{"message":"garbage collector error:  Error: Can't read file C:\\develop\\nodejs\\projects\\aitam\\work\\74d3ca9c-a6d7-4712-9ee5-1ccc3af75242.src","level":"\u001b[34minfo\u001b[39m","timestamp":"2019-02-03 18:30:00"}
{"message":"garbage collector error:  Error: Can't read file C:\\develop\\nodejs\\projects\\aitam\\work\\74d3ca9c-a6d7-4712-9ee5-1ccc3af75242.tkn","level":"\u001b[34minfo\u001b[39m","timestamp":"2019-02-03 18:30:00"}
{"message":"garbage collector error:  Error: Can't read file C:\\develop\\nodejs\\projects\\aitam\\work\\74d3ca9c-a6d7-4712-9ee5-1ccc3af75242.vec","level":"\u001b[34minfo\u001b[39m","timestamp":"2019-02-03 18:30:00"}
{"message":"garbage collector error:  Error: Can't read file C:\\develop\\nodejs\\projects\\aitam\\work\\74d3ca9c-a6d7-4712-9ee5-1ccc3af75242.xml","level":"\u001b[34minfo\u001b[39m","timestamp":"2019-02-03 18:30:00"}
{"message":"garbage collector error:  Error: Can't read file C:\\develop\\nodejs\\projects\\aitam\\work\\8b44c81a-289b-4ae4-aa04-4794646540d8.src","level":"\u001b[34minfo\u001b[39m","timestamp":"2019-02-03 18:30:00"}
{"message":"garbage collector error:  Error: Can't read file C:\\develop\\nodejs\\projects\\aitam\\work\\8b44c81a-289b-4ae4-aa04-4794646540d8.tkn","level":"\u001b[34minfo\u001b[39m","timestamp":"2019-02-03 18:30:00"}
{"message":"garbage collector error:  Error: Can't read file C:\\develop\\nodejs\\projects\\aitam\\work\\8b44c81a-289b-4ae4-aa04-4794646540d8.vec","level":"\u001b[34minfo\u001b[39m","timestamp":"2019-02-03 18:30:00"}
{"message":"garbage collector error:  Error: Can't read file C:\\develop\\nodejs\\projects\\aitam\\work\\8b44c81a-289b-4ae4-aa04-4794646540d8.xml","level":"\u001b[34minfo\u001b[39m","timestamp":"2019-02-03 18:30:00"}
{"message":"garbage collector error:  Error: Can't read file C:\\develop\\nodejs\\projects\\aitam\\work\\92aec8c2-3046-4c34-a3d8-2ca5a38590f0.src","level":"\u001b[34minfo\u001b[39m","timestamp":"2019-02-03 18:30:00"}
{"message":"garbage collector error:  Error: Can't read file C:\\develop\\nodejs\\projects\\aitam\\work\\92aec8c2-3046-4c34-a3d8-2ca5a38590f0.tkn","level":"\u001b[34minfo\u001b[39m","timestamp":"2019-02-03 18:30:00"}
{"message":"garbage collector error:  Error: Can't read file C:\\develop\\nodejs\\projects\\aitam\\work\\92aec8c2-3046-4c34-a3d8-2ca5a38590f0.vec","level":"\u001b[34minfo\u001b[39m","timestamp":"2019-02-03 18:30:00"}
{"message":"garbage collector error:  Error: Can't read file C:\\develop\\nodejs\\projects\\aitam\\work\\92aec8c2-3046-4c34-a3d8-2ca5a38590f0.xml","level":"\u001b[34minfo\u001b[39m","timestamp":"2019-02-03 18:30:00"}
{"message":"garbage collector error:  Error: Can't read file C:\\develop\\nodejs\\projects\\aitam\\work\\96d70d27-27a0-4bbb-bb69-ff1f7b16a8ea.src","level":"\u001b[34minfo\u001b[39m","timestamp":"2019-02-03 18:30:00"}
{"message":"garbage collector error:  Error: Can't read file C:\\develop\\nodejs\\projects\\aitam\\work\\96d70d27-27a0-4bbb-bb69-ff1f7b16a8ea.tkn","level":"\u001b[34minfo\u001b[39m","timestamp":"2019-02-03 18:30:00"}
{"message":"garbage collector error:  Error: Can't read file C:\\develop\\nodejs\\projects\\aitam\\work\\96d70d27-27a0-4bbb-bb69-ff1f7b16a8ea.vec","level":"\u001b[34minfo\u001b[39m","timestamp":"2019-02-03 18:30:00"}
{"message":"garbage collector error:  Error: Can't read file C:\\develop\\nodejs\\projects\\aitam\\work\\96d70d27-27a0-4bbb-bb69-ff1f7b16a8ea.xml","level":"\u001b[34minfo\u001b[39m","timestamp":"2019-02-03 18:30:00"}
{"message":"garbage collector error:  Error: Can't read file C:\\develop\\nodejs\\projects\\aitam\\work\\990f4ebc-a1ee-4d1e-b632-db5166a03cdb.src","level":"\u001b[34minfo\u001b[39m","timestamp":"2019-02-03 18:30:00"}
{"message":"garbage collector error:  Error: Can't read file C:\\develop\\nodejs\\projects\\aitam\\work\\990f4ebc-a1ee-4d1e-b632-db5166a03cdb.tkn","level":"\u001b[34minfo\u001b[39m","timestamp":"2019-02-03 18:30:00"}
{"message":"garbage collector error:  Error: Can't read file C:\\develop\\nodejs\\projects\\aitam\\work\\990f4ebc-a1ee-4d1e-b632-db5166a03cdb.vec","level":"\u001b[34minfo\u001b[39m","timestamp":"2019-02-03 18:30:00"}
{"message":"garbage collector error:  Error: Can't read file C:\\develop\\nodejs\\projects\\aitam\\work\\990f4ebc-a1ee-4d1e-b632-db5166a03cdb.xml","level":"\u001b[34minfo\u001b[39m","timestamp":"2019-02-03 18:30:00"}
{"message":"garbage collector error:  Error: Can't read file C:\\develop\\nodejs\\projects\\aitam\\work\\9dbb20d2-e53b-48a2-b0cb-96c45a853d8d.src","level":"\u001b[34minfo\u001b[39m","timestamp":"2019-02-03 18:30:00"}
{"message":"garbage collector error:  Error: Can't read file C:\\develop\\nodejs\\projects\\aitam\\work\\9dbb20d2-e53b-48a2-b0cb-96c45a853d8d.tkn","level":"\u001b[34minfo\u001b[39m","timestamp":"2019-02-03 18:30:00"}
{"message":"garbage collector error:  Error: Can't read file C:\\develop\\nodejs\\projects\\aitam\\work\\9dbb20d2-e53b-48a2-b0cb-96c45a853d8d.vec","level":"\u001b[34minfo\u001b[39m","timestamp":"2019-02-03 18:30:00"}
{"message":"garbage collector error:  Error: Can't read file C:\\develop\\nodejs\\projects\\aitam\\work\\9dbb20d2-e53b-48a2-b0cb-96c45a853d8d.xml","level":"\u001b[34minfo\u001b[39m","timestamp":"2019-02-03 18:30:00"}
{"message":"garbage collector error:  Error: Can't read file C:\\develop\\nodejs\\projects\\aitam\\work\\9e3c9485-eedb-490a-9729-3e2e073d264f.src","level":"\u001b[34minfo\u001b[39m","timestamp":"2019-02-03 18:30:00"}
{"message":"garbage collector error:  Error: Can't read file C:\\develop\\nodejs\\projects\\aitam\\work\\9e3c9485-eedb-490a-9729-3e2e073d264f.tkn","level":"\u001b[34minfo\u001b[39m","timestamp":"2019-02-03 18:30:00"}
{"message":"garbage collector error:  Error: Can't read file C:\\develop\\nodejs\\projects\\aitam\\work\\9e3c9485-eedb-490a-9729-3e2e073d264f.vec","level":"\u001b[34minfo\u001b[39m","timestamp":"2019-02-03 18:30:00"}
{"message":"garbage collector error:  Error: Can't read file C:\\develop\\nodejs\\projects\\aitam\\work\\9e3c9485-eedb-490a-9729-3e2e073d264f.xml","level":"\u001b[34minfo\u001b[39m","timestamp":"2019-02-03 18:30:00"}
{"message":"garbage collector error:  Error: Can't read file C:\\develop\\nodejs\\projects\\aitam\\work\\a9f2a8f1-5e0d-4a52-a1e2-ae3e4147a4ba.src","level":"\u001b[34minfo\u001b[39m","timestamp":"2019-02-03 18:30:00"}
{"message":"garbage collector error:  Error: Can't read file C:\\develop\\nodejs\\projects\\aitam\\work\\a9f2a8f1-5e0d-4a52-a1e2-ae3e4147a4ba.tkn","level":"\u001b[34minfo\u001b[39m","timestamp":"2019-02-03 18:30:00"}
{"message":"garbage collector error:  Error: Can't read file C:\\develop\\nodejs\\projects\\aitam\\work\\a9f2a8f1-5e0d-4a52-a1e2-ae3e4147a4ba.vec","level":"\u001b[34minfo\u001b[39m","timestamp":"2019-02-03 18:30:00"}
{"message":"garbage collector error:  Error: Can't read file C:\\develop\\nodejs\\projects\\aitam\\work\\a9f2a8f1-5e0d-4a52-a1e2-ae3e4147a4ba.xml","level":"\u001b[34minfo\u001b[39m","timestamp":"2019-02-03 18:30:00"}
{"message":"garbage collector error:  Error: Can't read file C:\\develop\\nodejs\\projects\\aitam\\work\\c2c4f8de-5bcd-46a5-ba30-9f72277893c2.src","level":"\u001b[34minfo\u001b[39m","timestamp":"2019-02-03 18:30:00"}
{"message":"garbage collector error:  Error: Can't read file C:\\develop\\nodejs\\projects\\aitam\\work\\c2c4f8de-5bcd-46a5-ba30-9f72277893c2.tkn","level":"\u001b[34minfo\u001b[39m","timestamp":"2019-02-03 18:30:00"}
{"message":"garbage collector error:  Error: Can't read file C:\\develop\\nodejs\\projects\\aitam\\work\\c2c4f8de-5bcd-46a5-ba30-9f72277893c2.vec","level":"\u001b[34minfo\u001b[39m","timestamp":"2019-02-03 18:30:00"}
{"message":"garbage collector error:  Error: Can't read file C:\\develop\\nodejs\\projects\\aitam\\work\\c2c4f8de-5bcd-46a5-ba30-9f72277893c2.xml","level":"\u001b[34minfo\u001b[39m","timestamp":"2019-02-03 18:30:00"}
{"message":"garbage collector error:  Error: Can't read file C:\\develop\\nodejs\\projects\\aitam\\work\\cf7e12ea-98f0-4003-9e78-04ee7ade17e4.src","level":"\u001b[34minfo\u001b[39m","timestamp":"2019-02-03 18:30:00"}
{"message":"garbage collector error:  Error: Can't read file C:\\develop\\nodejs\\projects\\aitam\\work\\cf7e12ea-98f0-4003-9e78-04ee7ade17e4.tkn","level":"\u001b[34minfo\u001b[39m","timestamp":"2019-02-03 18:30:00"}
{"message":"garbage collector error:  Error: Can't read file C:\\develop\\nodejs\\projects\\aitam\\work\\cf7e12ea-98f0-4003-9e78-04ee7ade17e4.vec","level":"\u001b[34minfo\u001b[39m","timestamp":"2019-02-03 18:30:00"}
{"message":"garbage collector error:  Error: Can't read file C:\\develop\\nodejs\\projects\\aitam\\work\\cf7e12ea-98f0-4003-9e78-04ee7ade17e4.xml","level":"\u001b[34minfo\u001b[39m","timestamp":"2019-02-03 18:30:00"}
{"message":"garbage collector error:  Error: Can't read file C:\\develop\\nodejs\\projects\\aitam\\work\\e3811911-ec54-44bd-9775-117011638d0e.src","level":"\u001b[34minfo\u001b[39m","timestamp":"2019-02-03 18:30:00"}
{"message":"garbage collector error:  Error: Can't read file C:\\develop\\nodejs\\projects\\aitam\\work\\e3811911-ec54-44bd-9775-117011638d0e.tkn","level":"\u001b[34minfo\u001b[39m","timestamp":"2019-02-03 18:30:00"}
{"message":"garbage collector error:  Error: Can't read file C:\\develop\\nodejs\\projects\\aitam\\work\\e3811911-ec54-44bd-9775-117011638d0e.vec","level":"\u001b[34minfo\u001b[39m","timestamp":"2019-02-03 18:30:00"}
{"message":"garbage collector error:  Error: Can't read file C:\\develop\\nodejs\\projects\\aitam\\work\\e3811911-ec54-44bd-9775-117011638d0e.xml","level":"\u001b[34minfo\u001b[39m","timestamp":"2019-02-03 18:30:00"}
{"message":"garbage collector started on path: C:\\develop\\nodejs\\projects\\aitam\\work\\","level":"\u001b[34minfo\u001b[39m","timestamp":"2019-02-03 18:30:44"}
{"message":"audit file download: C:\\develop\\nodejs\\projects\\aitam\\work\\b7d23e8a-c271-4684-a398-697d2305dcae.xml","level":"\u001b[34minfo\u001b[39m","timestamp":"2019-02-03 18:30:48"}
{"message":"req.user: undefined","level":"\u001b[34minfo\u001b[39m","timestamp":"2019-02-03 18:31:07"}
{"message":"Session id started: {\"user\":\"2f24vvg\"}","level":"\u001b[34minfo\u001b[39m","timestamp":"2019-02-03 18:31:07"}
{"message":"User logged in: {\"id\":\"2f24vvg\",\"email\":\"test@test.com\",\"password\":\"$2a$10$A2g6pbxxhLA9MNYRJ0rnzOf/7Ara76B0KcRdjzUcsIBIclRuas/fG\"}","level":"\u001b[34minfo\u001b[39m","timestamp":"2019-02-03 18:31:07"}
{"message":"User (2f24vvg) uploaded a file: {\"file-upload\":{\"size\":454120,\"path\":\"C:\\\\develop\\\\nodejs\\\\projects\\\\aitam\\\\work\\\\fcb3d931-e338-4afc-99d0-03797c16bf43.xml\",\"name\":\"test_site2.xml\",\"type\":\"text/xml\",\"mtime\":\"2019-02-03T18:31:13.265Z\"}}","level":"\u001b[34minfo\u001b[39m","timestamp":"2019-02-03 18:31:13"}
{"message":"audit file download: C:\\develop\\nodejs\\projects\\aitam\\work\\fcb3d931-e338-4afc-99d0-03797c16bf43.xml","level":"\u001b[34minfo\u001b[39m","timestamp":"2019-02-03 18:31:16"}
{"message":"garbage collector started on path: C:\\develop\\nodejs\\projects\\aitam\\work\\","level":"\u001b[34minfo\u001b[39m","timestamp":"2019-02-03 18:31:54"}
{"message":"garbage collector started on path: C:\\develop\\nodejs\\projects\\aitam\\work\\","level":"\u001b[34minfo\u001b[39m","timestamp":"2019-02-03 18:36:03"}
{"message":"req.user: undefined","level":"\u001b[34minfo\u001b[39m","timestamp":"2019-02-03 18:36:06"}
{"message":"Session id started: {\"user\":\"2f24vvg\"}","level":"\u001b[34minfo\u001b[39m","timestamp":"2019-02-03 18:36:06"}
{"message":"User logged in: {\"id\":\"2f24vvg\",\"email\":\"test@test.com\",\"password\":\"$2a$10$A2g6pbxxhLA9MNYRJ0rnzOf/7Ara76B0KcRdjzUcsIBIclRuas/fG\"}","level":"\u001b[34minfo\u001b[39m","timestamp":"2019-02-03 18:36:06"}
{"message":"User (2f24vvg) uploaded a file: {\"file-upload\":{\"size\":454120,\"path\":\"C:\\\\develop\\\\nodejs\\\\projects\\\\aitam\\\\work\\\\3fcbf714-01cc-4807-b207-2087b8e01b27.xml\",\"name\":\"test_site2.xml\",\"type\":\"text/xml\",\"mtime\":\"2019-02-03T18:36:10.695Z\"}}","level":"\u001b[34minfo\u001b[39m","timestamp":"2019-02-03 18:36:10"}
{"message":"audit file download: C:\\develop\\nodejs\\projects\\aitam\\work\\3fcbf714-01cc-4807-b207-2087b8e01b27.xml","level":"\u001b[34minfo\u001b[39m","timestamp":"2019-02-03 18:36:13"}
{"message":"garbage collector started on path: C:\\develop\\nodejs\\projects\\aitam\\work\\","level":"\u001b[34minfo\u001b[39m","timestamp":"2019-02-03 18:37:57"}
{"message":"req.user: undefined","level":"\u001b[34minfo\u001b[39m","timestamp":"2019-02-03 18:38:00"}
{"message":"req.user: undefined","level":"\u001b[34minfo\u001b[39m","timestamp":"2019-02-03 18:38:03"}
{"message":"Session id started: {\"user\":\"2f24vvg\"}","level":"\u001b[34minfo\u001b[39m","timestamp":"2019-02-03 18:38:03"}
{"message":"User logged in: {\"id\":\"2f24vvg\",\"email\":\"test@test.com\",\"password\":\"$2a$10$A2g6pbxxhLA9MNYRJ0rnzOf/7Ara76B0KcRdjzUcsIBIclRuas/fG\"}","level":"\u001b[34minfo\u001b[39m","timestamp":"2019-02-03 18:38:03"}
{"message":"User (2f24vvg) uploaded a file: {\"file-upload\":{\"size\":454120,\"path\":\"C:\\\\develop\\\\nodejs\\\\projects\\\\aitam\\\\work\\\\cc17e222-1e74-42d2-a095-883131b3db99.xml\",\"name\":\"test_site2.xml\",\"type\":\"text/xml\",\"mtime\":\"2019-02-03T18:38:15.370Z\"}}","level":"\u001b[34minfo\u001b[39m","timestamp":"2019-02-03 18:38:15"}
{"message":"audit file download: C:\\develop\\nodejs\\projects\\aitam\\work\\cc17e222-1e74-42d2-a095-883131b3db99.xml","level":"\u001b[34minfo\u001b[39m","timestamp":"2019-02-03 18:38:18"}
{"message":"garbage collector started on path: C:\\develop\\nodejs\\projects\\aitam\\work\\","level":"\u001b[34minfo\u001b[39m","timestamp":"2019-02-03 18:42:03"}
{"message":"garbage collector started on path: C:\\develop\\nodejs\\projects\\aitam\\work\\","level":"\u001b[34minfo\u001b[39m","timestamp":"2019-02-03 18:42:37"}
{"message":"Session created received the id:e8469076-4448-4af2-8d40-ad30ba1643d5","level":"\u001b[34minfo\u001b[39m","timestamp":"2019-02-03 18:42:38"}
{"message":"req.user: undefined","level":"\u001b[34minfo\u001b[39m","timestamp":"2019-02-03 18:42:42"}
{"message":"Session id started: {\"user\":\"2f24vvg\"}","level":"\u001b[34minfo\u001b[39m","timestamp":"2019-02-03 18:42:42"}
{"message":"User logged in: {\"id\":\"2f24vvg\",\"email\":\"test@test.com\",\"password\":\"$2a$10$A2g6pbxxhLA9MNYRJ0rnzOf/7Ara76B0KcRdjzUcsIBIclRuas/fG\"}","level":"\u001b[34minfo\u001b[39m","timestamp":"2019-02-03 18:42:42"}
{"message":"User (2f24vvg) uploaded a file: {\"file-upload\":{\"size\":454120,\"path\":\"C:\\\\develop\\\\nodejs\\\\projects\\\\aitam\\\\work\\\\e8469076-4448-4af2-8d40-ad30ba1643d5.xml\",\"name\":\"test_site2.xml\",\"type\":\"text/xml\",\"mtime\":\"2019-02-03T18:42:48.635Z\"}}","level":"\u001b[34minfo\u001b[39m","timestamp":"2019-02-03 18:42:48"}
{"message":"404 - Not Found","level":"\u001b[33mwarn\u001b[39m","timestamp":"2019-02-03 18:43:01"}
{"message":"garbage collector started on path: C:\\develop\\nodejs\\projects\\aitam\\work\\","level":"\u001b[34minfo\u001b[39m","timestamp":"2019-02-03 18:43:27"}
{"message":"req.user: undefined","level":"\u001b[34minfo\u001b[39m","timestamp":"2019-02-03 18:43:33"}
{"message":"Session id started: {\"user\":\"2f24vvg\"}","level":"\u001b[34minfo\u001b[39m","timestamp":"2019-02-03 18:43:33"}
{"message":"User logged in: {\"id\":\"2f24vvg\",\"email\":\"test@test.com\",\"password\":\"$2a$10$A2g6pbxxhLA9MNYRJ0rnzOf/7Ara76B0KcRdjzUcsIBIclRuas/fG\"}","level":"\u001b[34minfo\u001b[39m","timestamp":"2019-02-03 18:43:33"}
{"message":"User (2f24vvg) uploaded a file: {\"file-upload\":{\"size\":454120,\"path\":\"C:\\\\develop\\\\nodejs\\\\projects\\\\aitam\\\\work\\\\ddc282ac-6726-4f86-9fb7-16cbc20c35ef.xml\",\"name\":\"test_site2.xml\",\"type\":\"text/xml\",\"mtime\":\"2019-02-03T18:43:39.286Z\"}}","level":"\u001b[34minfo\u001b[39m","timestamp":"2019-02-03 18:43:39"}
{"message":"garbage collector started on path: C:\\develop\\nodejs\\projects\\aitam\\work\\","level":"\u001b[34minfo\u001b[39m","timestamp":"2019-02-03 18:44:12"}
{"message":"req.user: undefined","level":"\u001b[34minfo\u001b[39m","timestamp":"2019-02-03 18:44:20"}
{"message":"Session id started: {\"user\":\"2f24vvg\"}","level":"\u001b[34minfo\u001b[39m","timestamp":"2019-02-03 18:44:20"}
{"message":"User logged in: {\"id\":\"2f24vvg\",\"email\":\"test@test.com\",\"password\":\"$2a$10$A2g6pbxxhLA9MNYRJ0rnzOf/7Ara76B0KcRdjzUcsIBIclRuas/fG\"}","level":"\u001b[34minfo\u001b[39m","timestamp":"2019-02-03 18:44:20"}
{"message":"User (2f24vvg) uploaded a file: {\"file-upload\":{\"size\":454120,\"path\":\"C:\\\\develop\\\\nodejs\\\\projects\\\\aitam\\\\work\\\\5de942e1-a340-4785-bb59-b6b3a740f1c3.xml\",\"name\":\"test_site2.xml\",\"type\":\"text/xml\",\"mtime\":\"2019-02-03T18:44:25.822Z\"}}","level":"\u001b[34minfo\u001b[39m","timestamp":"2019-02-03 18:44:25"}
{"message":"audit file download: C:\\develop\\nodejs\\projects\\aitam\\work\\5de942e1-a340-4785-bb59-b6b3a740f1c3.xml","level":"\u001b[34minfo\u001b[39m","timestamp":"2019-02-03 18:44:28"}
{"message":"garbage collector started on path: C:\\develop\\nodejs\\projects\\aitam\\work\\","level":"\u001b[34minfo\u001b[39m","timestamp":"2019-02-03 18:44:54"}
{"message":"audit file download: C:\\develop\\nodejs\\projects\\aitam\\work\\5de942e1-a340-4785-bb59-b6b3a740f1c3.xml","level":"\u001b[34minfo\u001b[39m","timestamp":"2019-02-03 18:44:56"}
{"message":"audit file download: C:\\develop\\nodejs\\projects\\aitam\\work\\5de942e1-a340-4785-bb59-b6b3a740f1c3.xml","level":"\u001b[34minfo\u001b[39m","timestamp":"2019-02-03 18:45:01"}
{"message":"req.user: undefined","level":"\u001b[34minfo\u001b[39m","timestamp":"2019-02-03 18:45:27"}
{"message":"Session id started: {\"user\":\"2f24vvg\"}","level":"\u001b[34minfo\u001b[39m","timestamp":"2019-02-03 18:45:27"}
{"message":"User logged in: {\"id\":\"2f24vvg\",\"email\":\"test@test.com\",\"password\":\"$2a$10$A2g6pbxxhLA9MNYRJ0rnzOf/7Ara76B0KcRdjzUcsIBIclRuas/fG\"}","level":"\u001b[34minfo\u001b[39m","timestamp":"2019-02-03 18:45:27"}
{"message":"User (2f24vvg) uploaded a file: {\"file-upload\":{\"size\":454120,\"path\":\"C:\\\\develop\\\\nodejs\\\\projects\\\\aitam\\\\work\\\\45e47521-6156-4edc-aa98-e6c43a5ae73a.xml\",\"name\":\"test_site2.xml\",\"type\":\"text/xml\",\"mtime\":\"2019-02-03T18:45:32.853Z\"}}","level":"\u001b[34minfo\u001b[39m","timestamp":"2019-02-03 18:45:32"}
{"message":"garbage collector started on path: C:\\develop\\nodejs\\projects\\aitam\\work\\","level":"\u001b[34minfo\u001b[39m","timestamp":"2019-02-03 18:45:45"}
{"message":"audit file download: C:\\develop\\nodejs\\projects\\aitam\\work\\45e47521-6156-4edc-aa98-e6c43a5ae73a.xml","level":"\u001b[34minfo\u001b[39m","timestamp":"2019-02-03 18:45:47"}
{"message":"req.user: undefined","level":"\u001b[34minfo\u001b[39m","timestamp":"2019-02-03 18:48:09"}
{"message":"Session id started: {\"user\":\"2f24vvg\"}","level":"\u001b[34minfo\u001b[39m","timestamp":"2019-02-03 18:48:09"}
{"message":"User logged in: {\"id\":\"2f24vvg\",\"email\":\"test@test.com\",\"password\":\"$2a$10$A2g6pbxxhLA9MNYRJ0rnzOf/7Ara76B0KcRdjzUcsIBIclRuas/fG\"}","level":"\u001b[34minfo\u001b[39m","timestamp":"2019-02-03 18:48:09"}
{"message":"User (2f24vvg) uploaded a file: {\"file-upload\":{\"size\":454120,\"path\":\"C:\\\\develop\\\\nodejs\\\\projects\\\\aitam\\\\work\\\\bc1b0582-4dce-4dd8-bd94-9fcc3487e4b7.xml\",\"name\":\"test_site2.xml\",\"type\":\"text/xml\",\"mtime\":\"2019-02-03T18:48:15.790Z\"}}","level":"\u001b[34minfo\u001b[39m","timestamp":"2019-02-03 18:48:15"}
{"message":"Session created received the id:bc1b0582-4dce-4dd8-bd94-9fcc3487e4b7","level":"\u001b[34minfo\u001b[39m","timestamp":"2019-02-03 18:51:08"}
{"message":"Session created received the id:bc1b0582-4dce-4dd8-bd94-9fcc3487e4b7","level":"\u001b[34minfo\u001b[39m","timestamp":"2019-02-03 19:03:09"}
{"message":"garbage collector started on path: C:\\develop\\nodejs\\projects\\aitam\\work\\","level":"\u001b[34minfo\u001b[39m","timestamp":"2019-02-03 20:10:07"}
{"message":"garbage collector started on path: C:\\develop\\nodejs\\projects\\aitam\\work\\","level":"\u001b[34minfo\u001b[39m","timestamp":"2019-02-03 20:21:40"}
{"message":"garbage collector started on path: C:\\develop\\nodejs\\projects\\aitam\\work\\","level":"\u001b[34minfo\u001b[39m","timestamp":"2019-02-03 20:22:27"}
{"message":"garbage collector started on path: C:\\develop\\nodejs\\projects\\aitam\\work\\","level":"\u001b[34minfo\u001b[39m","timestamp":"2019-02-03 20:27:46"}
{"message":"garbage collector started on path: C:\\develop\\nodejs\\projects\\aitam\\work\\","level":"\u001b[34minfo\u001b[39m","timestamp":"2019-02-03 20:28:36"}
{"message":"req.user: undefined","level":"\u001b[34minfo\u001b[39m","timestamp":"2019-02-03 20:28:42"}
{"message":"Session id started: {\"user\":\"2f24vvg\"}","level":"\u001b[34minfo\u001b[39m","timestamp":"2019-02-03 20:28:42"}
{"message":"User logged in: {\"id\":\"2f24vvg\",\"email\":\"test@test.com\",\"password\":\"$2a$10$A2g6pbxxhLA9MNYRJ0rnzOf/7Ara76B0KcRdjzUcsIBIclRuas/fG\"}","level":"\u001b[34minfo\u001b[39m","timestamp":"2019-02-03 20:28:42"}
{"message":"User (2f24vvg) uploaded a file: {\"file-upload\":{\"size\":454120,\"path\":\"C:\\\\develop\\\\nodejs\\\\projects\\\\aitam\\\\work\\\\8465f0c3-da7c-4fab-a55d-4426c3dd984d.xml\",\"name\":\"test_site2.xml\",\"type\":\"text/xml\",\"mtime\":\"2019-02-03T20:28:48.028Z\"}}","level":"\u001b[34minfo\u001b[39m","timestamp":"2019-02-03 20:28:48"}
{"message":"garbage collector started on path: C:\\develop\\nodejs\\projects\\aitam\\work\\","level":"\u001b[34minfo\u001b[39m","timestamp":"2019-02-03 20:29:32"}
{"message":"req.user: undefined","level":"\u001b[34minfo\u001b[39m","timestamp":"2019-02-03 20:29:40"}
{"message":"Session id started: {\"user\":\"2f24vvg\"}","level":"\u001b[34minfo\u001b[39m","timestamp":"2019-02-03 20:29:40"}
{"message":"User logged in: {\"id\":\"2f24vvg\",\"email\":\"test@test.com\",\"password\":\"$2a$10$A2g6pbxxhLA9MNYRJ0rnzOf/7Ara76B0KcRdjzUcsIBIclRuas/fG\"}","level":"\u001b[34minfo\u001b[39m","timestamp":"2019-02-03 20:29:40"}
{"message":"User (2f24vvg) uploaded a file: {\"file-upload\":{\"size\":454120,\"path\":\"C:\\\\develop\\\\nodejs\\\\projects\\\\aitam\\\\work\\\\d7418553-788e-4f8b-ba9c-01981f719368.xml\",\"name\":\"test_site2.xml\",\"type\":\"text/xml\",\"mtime\":\"2019-02-03T20:29:46.102Z\"}}","level":"\u001b[34minfo\u001b[39m","timestamp":"2019-02-03 20:29:46"}
{"message":"garbage collector started on path: C:\\develop\\nodejs\\projects\\aitam\\work\\","level":"\u001b[34minfo\u001b[39m","timestamp":"2019-02-03 20:34:15"}
{"message":"req.user: undefined","level":"\u001b[34minfo\u001b[39m","timestamp":"2019-02-03 20:34:20"}
{"message":"Session id started: {\"user\":\"2f24vvg\"}","level":"\u001b[34minfo\u001b[39m","timestamp":"2019-02-03 20:34:21"}
{"message":"User logged in: {\"id\":\"2f24vvg\",\"email\":\"test@test.com\",\"password\":\"$2a$10$A2g6pbxxhLA9MNYRJ0rnzOf/7Ara76B0KcRdjzUcsIBIclRuas/fG\"}","level":"\u001b[34minfo\u001b[39m","timestamp":"2019-02-03 20:34:21"}
{"message":"User (2f24vvg) uploaded a file: {\"file-upload\":{\"size\":454120,\"path\":\"C:\\\\develop\\\\nodejs\\\\projects\\\\aitam\\\\work\\\\23c5d8cf-e687-4316-8891-f7f17060b036.xml\",\"name\":\"test_site2.xml\",\"type\":\"text/xml\",\"mtime\":\"2019-02-03T20:34:36.558Z\"}}","level":"\u001b[34minfo\u001b[39m","timestamp":"2019-02-03 20:34:36"}
{"message":"garbage collector started on path: C:\\develop\\nodejs\\projects\\aitam\\work\\","level":"\u001b[34minfo\u001b[39m","timestamp":"2019-02-03 20:36:38"}
{"message":"garbage collector started on path: C:\\develop\\nodejs\\projects\\aitam\\work\\","level":"\u001b[34minfo\u001b[39m","timestamp":"2019-02-03 20:39:54"}
{"message":"Session created received the id:465c5319-f179-4837-a558-81be07a6554e","level":"\u001b[34minfo\u001b[39m","timestamp":"2019-02-03 20:40:10"}
{"message":"req.user: undefined","level":"\u001b[34minfo\u001b[39m","timestamp":"2019-02-03 20:40:14"}
{"message":"Session id started: {\"user\":\"2f24vvg\"}","level":"\u001b[34minfo\u001b[39m","timestamp":"2019-02-03 20:40:14"}
{"message":"User logged in: {\"id\":\"2f24vvg\",\"email\":\"test@test.com\",\"password\":\"$2a$10$A2g6pbxxhLA9MNYRJ0rnzOf/7Ara76B0KcRdjzUcsIBIclRuas/fG\"}","level":"\u001b[34minfo\u001b[39m","timestamp":"2019-02-03 20:40:14"}
{"message":"User (2f24vvg) uploaded a file: {\"file-upload\":{\"size\":454463,\"path\":\"C:\\\\develop\\\\nodejs\\\\projects\\\\aitam\\\\work\\\\465c5319-f179-4837-a558-81be07a6554e.xml\",\"name\":\"test_site2.xml\",\"type\":\"text/xml\",\"mtime\":\"2019-02-03T20:40:20.674Z\"}}","level":"\u001b[34minfo\u001b[39m","timestamp":"2019-02-03 20:40:20"}
{"message":"working audit file closed and deleted : C:\\develop\\nodejs\\projects\\aitam\\work\\465c5319-f179-4837-a558-81be07a6554e.xml","level":"\u001b[34minfo\u001b[39m","timestamp":"2019-02-03 20:40:32"}
{"message":"User (2f24vvg) uploaded a file: {\"file-upload\":{\"size\":454463,\"path\":\"C:\\\\develop\\\\nodejs\\\\projects\\\\aitam\\\\work\\\\465c5319-f179-4837-a558-81be07a6554e.xml\",\"name\":\"test_site2.xml\",\"type\":\"text/xml\",\"mtime\":\"2019-02-03T20:46:01.378Z\"}}","level":"\u001b[34minfo\u001b[39m","timestamp":"2019-02-03 20:46:01"}
