{"message":"garbage collector started on path: C:\\develop\\nodejs\\projects\\aitam\\work\\","level":"\u001b[34minfo\u001b[39m","timestamp":"2019-11-08 07:54:59"}
{"message":"Session created received the id:5cc8ae52-a418-499c-aad0-f688aa857916","level":"\u001b[34minfo\u001b[39m","timestamp":"2019-11-08 07:56:09"}
{"message":"req.user: undefined","level":"\u001b[34minfo\u001b[39m","timestamp":"2019-11-08 07:56:14"}
{"message":"Session id started: {\"user\":\"2f24vvg\"}","level":"\u001b[34minfo\u001b[39m","timestamp":"2019-11-08 07:56:14"}
{"message":"User logged in: {\"id\":\"2f24vvg\",\"email\":\"test@test.com\",\"password\":\"$2a$10$A2g6pbxxhLA9MNYRJ0rnzOf/7Ara76B0KcRdjzUcsIBIclRuas/fG\"}","level":"\u001b[34minfo\u001b[39m","timestamp":"2019-11-08 07:56:14"}
{"message":"User (2f24vvg) uploaded a file: {\"file-upload\":{\"size\":414906,\"path\":\"C:\\\\develop\\\\nodejs\\\\projects\\\\aitam\\\\work\\\\5cc8ae52-a418-499c-aad0-f688aa857916.xml\",\"name\":\"test_site2.xml\",\"type\":\"text/xml\",\"mtime\":\"2019-11-08T07:56:26.173Z\"}}","level":"\u001b[34minfo\u001b[39m","timestamp":"2019-11-08 07:56:26"}
{"message":"garbage collector started on path: C:\\develop\\nodejs\\projects\\aitam\\work\\","level":"\u001b[34minfo\u001b[39m","timestamp":"2019-11-08 07:59:41"}
{"message":"req.user: undefined","level":"\u001b[34minfo\u001b[39m","timestamp":"2019-11-08 07:59:49"}
{"message":"Session id started: {\"user\":\"2f24vvg\"}","level":"\u001b[34minfo\u001b[39m","timestamp":"2019-11-08 07:59:49"}
{"message":"User logged in: {\"id\":\"2f24vvg\",\"email\":\"test@test.com\",\"password\":\"$2a$10$A2g6pbxxhLA9MNYRJ0rnzOf/7Ara76B0KcRdjzUcsIBIclRuas/fG\"}","level":"\u001b[34minfo\u001b[39m","timestamp":"2019-11-08 07:59:49"}
{"message":"User (2f24vvg) uploaded a file: {\"file-upload\":{\"size\":414906,\"path\":\"C:\\\\develop\\\\nodejs\\\\projects\\\\aitam\\\\work\\\\b3f6b819-6158-49a7-b51f-7e053b21d166.xml\",\"name\":\"test_site2.xml\",\"type\":\"text/xml\",\"mtime\":\"2019-11-08T07:59:55.497Z\"}}","level":"\u001b[34minfo\u001b[39m","timestamp":"2019-11-08 07:59:55"}
{"message":"audit file download: C:\\develop\\nodejs\\projects\\aitam\\work\\b3f6b819-6158-49a7-b51f-7e053b21d166.xml","level":"\u001b[34minfo\u001b[39m","timestamp":"2019-11-08 08:02:17"}
{"message":"garbage collector started on path: C:\\develop\\nodejs\\projects\\aitam\\work\\","level":"\u001b[34minfo\u001b[39m","timestamp":"2019-11-08 08:04:49"}
{"message":"req.user: undefined","level":"\u001b[34minfo\u001b[39m","timestamp":"2019-11-08 08:04:57"}
{"message":"Session id started: {\"user\":\"2f24vvg\"}","level":"\u001b[34minfo\u001b[39m","timestamp":"2019-11-08 08:04:57"}
{"message":"User logged in: {\"id\":\"2f24vvg\",\"email\":\"test@test.com\",\"password\":\"$2a$10$A2g6pbxxhLA9MNYRJ0rnzOf/7Ara76B0KcRdjzUcsIBIclRuas/fG\"}","level":"\u001b[34minfo\u001b[39m","timestamp":"2019-11-08 08:04:57"}
{"message":"User (2f24vvg) uploaded a file: {\"file-upload\":{\"size\":414906,\"path\":\"C:\\\\develop\\\\nodejs\\\\projects\\\\aitam\\\\work\\\\658484c4-fbdf-4afb-ba80-21ec467a80bf.xml\",\"name\":\"test_site2.xml\",\"type\":\"text/xml\",\"mtime\":\"2019-11-08T08:05:03.958Z\"}}","level":"\u001b[34minfo\u001b[39m","timestamp":"2019-11-08 08:05:03"}
{"message":"garbage collector started on path: C:\\develop\\nodejs\\projects\\aitam\\work\\","level":"\u001b[34minfo\u001b[39m","timestamp":"2019-11-08 08:06:47"}
{"message":"req.user: undefined","level":"\u001b[34minfo\u001b[39m","timestamp":"2019-11-08 08:07:05"}
{"message":"Session id started: {\"user\":\"2f24vvg\"}","level":"\u001b[34minfo\u001b[39m","timestamp":"2019-11-08 08:07:05"}
{"message":"User logged in: {\"id\":\"2f24vvg\",\"email\":\"test@test.com\",\"password\":\"$2a$10$A2g6pbxxhLA9MNYRJ0rnzOf/7Ara76B0KcRdjzUcsIBIclRuas/fG\"}","level":"\u001b[34minfo\u001b[39m","timestamp":"2019-11-08 08:07:05"}
{"message":"User (2f24vvg) uploaded a file: {\"file-upload\":{\"size\":414906,\"path\":\"C:\\\\develop\\\\nodejs\\\\projects\\\\aitam\\\\work\\\\1de3dc56-8443-41f7-99b5-a1266a69c4ce.xml\",\"name\":\"test_site2.xml\",\"type\":\"text/xml\",\"mtime\":\"2019-11-08T08:07:10.939Z\"}}","level":"\u001b[34minfo\u001b[39m","timestamp":"2019-11-08 08:07:10"}
{"message":"garbage collector started on path: C:\\develop\\nodejs\\projects\\aitam\\work\\","level":"\u001b[34minfo\u001b[39m","timestamp":"2019-11-08 08:08:02"}
{"message":"garbage collector started on path: C:\\develop\\nodejs\\projects\\aitam\\work\\","level":"\u001b[34minfo\u001b[39m","timestamp":"2019-11-08 08:09:15"}
{"message":"req.user: undefined","level":"\u001b[34minfo\u001b[39m","timestamp":"2019-11-08 08:09:25"}
{"message":"Session id started: {\"user\":\"2f24vvg\"}","level":"\u001b[34minfo\u001b[39m","timestamp":"2019-11-08 08:09:25"}
{"message":"User logged in: {\"id\":\"2f24vvg\",\"email\":\"test@test.com\",\"password\":\"$2a$10$A2g6pbxxhLA9MNYRJ0rnzOf/7Ara76B0KcRdjzUcsIBIclRuas/fG\"}","level":"\u001b[34minfo\u001b[39m","timestamp":"2019-11-08 08:09:25"}
{"message":"User (2f24vvg) uploaded a file: {\"file-upload\":{\"size\":414906,\"path\":\"C:\\\\develop\\\\nodejs\\\\projects\\\\aitam\\\\work\\\\38324520-7a87-46f0-af98-c11eb7a54e0c.xml\",\"name\":\"test_site2.xml\",\"type\":\"text/xml\",\"mtime\":\"2019-11-08T08:09:32.594Z\"}}","level":"\u001b[34minfo\u001b[39m","timestamp":"2019-11-08 08:09:32"}
{"message":"audit file download: C:\\develop\\nodejs\\projects\\aitam\\work\\38324520-7a87-46f0-af98-c11eb7a54e0c.xml","level":"\u001b[34minfo\u001b[39m","timestamp":"2019-11-08 08:09:52"}
{"message":"garbage collector started on path: C:\\develop\\nodejs\\projects\\aitam\\work\\","level":"\u001b[34minfo\u001b[39m","timestamp":"2019-11-08 08:16:10"}
{"message":"req.user: undefined","level":"\u001b[34minfo\u001b[39m","timestamp":"2019-11-08 08:16:17"}
{"message":"Session id started: {\"user\":\"2f24vvg\"}","level":"\u001b[34minfo\u001b[39m","timestamp":"2019-11-08 08:16:17"}
{"message":"User logged in: {\"id\":\"2f24vvg\",\"email\":\"test@test.com\",\"password\":\"$2a$10$A2g6pbxxhLA9MNYRJ0rnzOf/7Ara76B0KcRdjzUcsIBIclRuas/fG\"}","level":"\u001b[34minfo\u001b[39m","timestamp":"2019-11-08 08:16:17"}
{"message":"User (2f24vvg) uploaded a file: {\"file-upload\":{\"size\":414906,\"path\":\"C:\\\\develop\\\\nodejs\\\\projects\\\\aitam\\\\work\\\\6b2a6bb5-b9ea-4fea-92f5-bf01c637f1e7.xml\",\"name\":\"test_site2.xml\",\"type\":\"text/xml\",\"mtime\":\"2019-11-08T08:16:22.570Z\"}}","level":"\u001b[34minfo\u001b[39m","timestamp":"2019-11-08 08:16:22"}
{"message":"audit file download: C:\\develop\\nodejs\\projects\\aitam\\work\\6b2a6bb5-b9ea-4fea-92f5-bf01c637f1e7.xml","level":"\u001b[34minfo\u001b[39m","timestamp":"2019-11-08 08:17:03"}
{"message":"garbage collector started on path: C:\\develop\\nodejs\\projects\\aitam\\work\\","level":"\u001b[34minfo\u001b[39m","timestamp":"2019-11-08 08:18:13"}
{"message":"req.user: undefined","level":"\u001b[34minfo\u001b[39m","timestamp":"2019-11-08 08:36:32"}
{"message":"Session id started: {\"user\":\"2f24vvg\"}","level":"\u001b[34minfo\u001b[39m","timestamp":"2019-11-08 08:36:32"}
{"message":"User logged in: {\"id\":\"2f24vvg\",\"email\":\"test@test.com\",\"password\":\"$2a$10$A2g6pbxxhLA9MNYRJ0rnzOf/7Ara76B0KcRdjzUcsIBIclRuas/fG\"}","level":"\u001b[34minfo\u001b[39m","timestamp":"2019-11-08 08:36:32"}
{"message":"User (2f24vvg) uploaded a file: {\"file-upload\":{\"size\":415189,\"path\":\"C:\\\\develop\\\\nodejs\\\\projects\\\\aitam\\\\work\\\\06ebddc0-8edb-4007-a513-1e53b319ccd5.xml\",\"name\":\"6b2a6bb5-b9ea-4fea-92f5-bf01c637f1e7.xml\",\"type\":\"text/xml\",\"mtime\":\"2019-11-08T08:36:43.673Z\"}}","level":"\u001b[34minfo\u001b[39m","timestamp":"2019-11-08 08:36:43"}
{"message":"audit file download: C:\\develop\\nodejs\\projects\\aitam\\work\\06ebddc0-8edb-4007-a513-1e53b319ccd5.xml","level":"\u001b[34minfo\u001b[39m","timestamp":"2019-11-08 08:37:38"}
{"message":"audit file download: C:\\develop\\nodejs\\projects\\aitam\\work\\06ebddc0-8edb-4007-a513-1e53b319ccd5.xml","level":"\u001b[34minfo\u001b[39m","timestamp":"2019-11-08 08:37:48"}
{"message":"404 - Not Found","level":"\u001b[33mwarn\u001b[39m","timestamp":"2019-11-08 08:37:56"}
{"message":"404 - Not Found","level":"\u001b[33mwarn\u001b[39m","timestamp":"2019-11-08 08:37:56"}
{"message":"garbage collector started on path: C:\\develop\\nodejs\\projects\\aitam\\work\\","level":"\u001b[34minfo\u001b[39m","timestamp":"2019-11-08 08:40:26"}
{"message":"garbage collector started on path: C:\\develop\\nodejs\\projects\\aitam\\work\\","level":"\u001b[34minfo\u001b[39m","timestamp":"2019-11-08 08:41:11"}
{"message":"req.user: undefined","level":"\u001b[34minfo\u001b[39m","timestamp":"2019-11-08 08:41:19"}
{"message":"Session id started: {\"user\":\"2f24vvg\"}","level":"\u001b[34minfo\u001b[39m","timestamp":"2019-11-08 08:41:19"}
{"message":"User logged in: {\"id\":\"2f24vvg\",\"email\":\"test@test.com\",\"password\":\"$2a$10$A2g6pbxxhLA9MNYRJ0rnzOf/7Ara76B0KcRdjzUcsIBIclRuas/fG\"}","level":"\u001b[34minfo\u001b[39m","timestamp":"2019-11-08 08:41:19"}
{"message":"User (2f24vvg) uploaded a file: {\"file-upload\":{\"size\":415189,\"path\":\"C:\\\\develop\\\\nodejs\\\\projects\\\\aitam\\\\work\\\\4bb3a0ba-ac51-406d-8db6-5af568f80c72.xml\",\"name\":\"6b2a6bb5-b9ea-4fea-92f5-bf01c637f1e7.xml\",\"type\":\"text/xml\",\"mtime\":\"2019-11-08T08:41:24.696Z\"}}","level":"\u001b[34minfo\u001b[39m","timestamp":"2019-11-08 08:41:24"}
{"message":"audit file download: C:\\develop\\nodejs\\projects\\aitam\\work\\4bb3a0ba-ac51-406d-8db6-5af568f80c72.xml","level":"\u001b[34minfo\u001b[39m","timestamp":"2019-11-08 08:42:21"}
{"message":"audit file download: C:\\develop\\nodejs\\projects\\aitam\\work\\4bb3a0ba-ac51-406d-8db6-5af568f80c72.xml","level":"\u001b[34minfo\u001b[39m","timestamp":"2019-11-08 08:42:51"}
