{"message":"req.user: undefined","level":"\u001b[34minfo\u001b[39m","timestamp":"2019-01-06 00:01:42"}
{"message":"Session id started: {\"user\":\"2f24vvg\"}","level":"\u001b[34minfo\u001b[39m","timestamp":"2019-01-06 00:01:42"}
{"message":"User logged in: {\"id\":\"2f24vvg\",\"email\":\"test@test.com\",\"password\":\"$2a$10$A2g6pbxxhLA9MNYRJ0rnzOf/7Ara76B0KcRdjzUcsIBIclRuas/fG\"}","level":"\u001b[34minfo\u001b[39m","timestamp":"2019-01-06 00:01:42"}
{"message":"User (2f24vvg) uploaded a file: {\"file-upload\":{\"size\":454120,\"path\":\"C:\\\\develop\\\\nodejs\\\\projects\\\\aitam\\\\work\\\\8a0d288b-4790-46ad-a150-210ed9cdf99f.xml\",\"name\":\"test_site2.xml\",\"type\":\"text/xml\",\"mtime\":\"2019-01-06T00:01:53.683Z\"}}","level":"\u001b[34minfo\u001b[39m","timestamp":"2019-01-06 00:01:53"}
{"message":"req.user: undefined","level":"\u001b[34minfo\u001b[39m","timestamp":"2019-01-06 00:37:21"}
{"message":"Session id started: {\"user\":\"2f24vvg\"}","level":"\u001b[34minfo\u001b[39m","timestamp":"2019-01-06 00:37:21"}
{"message":"User logged in: {\"id\":\"2f24vvg\",\"email\":\"test@test.com\",\"password\":\"$2a$10$A2g6pbxxhLA9MNYRJ0rnzOf/7Ara76B0KcRdjzUcsIBIclRuas/fG\"}","level":"\u001b[34minfo\u001b[39m","timestamp":"2019-01-06 00:37:21"}
{"message":"User (2f24vvg) uploaded a file: {\"file-upload\":{\"size\":454120,\"path\":\"C:\\\\develop\\\\nodejs\\\\projects\\\\aitam\\\\work\\\\b77b5c70-fe65-4564-851e-53ecb363a5c8.xml\",\"name\":\"test_site2.xml\",\"type\":\"text/xml\",\"mtime\":\"2019-01-06T00:37:27.566Z\"}}","level":"\u001b[34minfo\u001b[39m","timestamp":"2019-01-06 00:37:27"}
{"message":"req.user: undefined","level":"\u001b[34minfo\u001b[39m","timestamp":"2019-01-06 01:14:51"}
{"message":"Session id started: {\"user\":\"2f24vvg\"}","level":"\u001b[34minfo\u001b[39m","timestamp":"2019-01-06 01:14:52"}
{"message":"User logged in: {\"id\":\"2f24vvg\",\"email\":\"test@test.com\",\"password\":\"$2a$10$A2g6pbxxhLA9MNYRJ0rnzOf/7Ara76B0KcRdjzUcsIBIclRuas/fG\"}","level":"\u001b[34minfo\u001b[39m","timestamp":"2019-01-06 01:14:52"}
{"message":"User (2f24vvg) uploaded a file: {\"file-upload\":{\"size\":454120,\"path\":\"C:\\\\develop\\\\nodejs\\\\projects\\\\aitam\\\\work\\\\b095eb5e-80ff-438d-b092-f0ec51d1b9c9.xml\",\"name\":\"test_site2.xml\",\"type\":\"text/xml\",\"mtime\":\"2019-01-06T01:14:58.653Z\"}}","level":"\u001b[34minfo\u001b[39m","timestamp":"2019-01-06 01:14:58"}
{"message":"Session created received the id:eb0f4776-2956-461a-afcc-cc58d3582513","level":"\u001b[34minfo\u001b[39m","timestamp":"2019-01-06 11:24:16"}
{"message":"plug-in download: C:\\develop\\nodejs\\projects\\aitam\\public/plugins/EGovernment.xml","level":"\u001b[34minfo\u001b[39m","timestamp":"2019-01-06 11:24:24"}
{"message":"Session created received the id:e49e9cbc-9780-4108-9ce6-de40de008ead","level":"\u001b[34minfo\u001b[39m","timestamp":"2019-01-06 11:45:01"}
{"message":"req.user: undefined","level":"\u001b[34minfo\u001b[39m","timestamp":"2019-01-06 11:45:06"}
{"message":"Session id started: {\"user\":\"2f24vvg\"}","level":"\u001b[34minfo\u001b[39m","timestamp":"2019-01-06 11:45:06"}
{"message":"User logged in: {\"id\":\"2f24vvg\",\"email\":\"test@test.com\",\"password\":\"$2a$10$A2g6pbxxhLA9MNYRJ0rnzOf/7Ara76B0KcRdjzUcsIBIclRuas/fG\"}","level":"\u001b[34minfo\u001b[39m","timestamp":"2019-01-06 11:45:06"}
{"message":"User (2f24vvg) uploaded a file: {\"file-upload\":{\"size\":454120,\"path\":\"C:\\\\develop\\\\nodejs\\\\projects\\\\aitam\\\\work\\\\e49e9cbc-9780-4108-9ce6-de40de008ead.xml\",\"name\":\"test_site2.xml\",\"type\":\"text/xml\",\"mtime\":\"2019-01-06T11:45:13.750Z\"}}","level":"\u001b[34minfo\u001b[39m","timestamp":"2019-01-06 11:45:13"}
{"message":"Session created received the id:e49e9cbc-9780-4108-9ce6-de40de008ead","level":"\u001b[34minfo\u001b[39m","timestamp":"2019-01-06 11:49:28"}
{"message":"Session created received the id:c523411d-7407-4581-a938-5447b7c20e47","level":"\u001b[34minfo\u001b[39m","timestamp":"2019-01-06 11:53:51"}
{"message":"req.user: undefined","level":"\u001b[34minfo\u001b[39m","timestamp":"2019-01-06 11:53:56"}
{"message":"Session id started: {\"user\":\"2f24vvg\"}","level":"\u001b[34minfo\u001b[39m","timestamp":"2019-01-06 11:53:56"}
{"message":"User logged in: {\"id\":\"2f24vvg\",\"email\":\"test@test.com\",\"password\":\"$2a$10$A2g6pbxxhLA9MNYRJ0rnzOf/7Ara76B0KcRdjzUcsIBIclRuas/fG\"}","level":"\u001b[34minfo\u001b[39m","timestamp":"2019-01-06 11:53:56"}
{"message":"User (2f24vvg) uploaded a file: {\"file-upload\":{\"size\":454120,\"path\":\"C:\\\\develop\\\\nodejs\\\\projects\\\\aitam\\\\work\\\\c523411d-7407-4581-a938-5447b7c20e47.xml\",\"name\":\"test_site2.xml\",\"type\":\"text/xml\",\"mtime\":\"2019-01-06T11:54:04.511Z\"}}","level":"\u001b[34minfo\u001b[39m","timestamp":"2019-01-06 11:54:04"}
{"message":"Session created received the id:c523411d-7407-4581-a938-5447b7c20e47","level":"\u001b[34minfo\u001b[39m","timestamp":"2019-01-06 11:54:08"}
{"message":"Session created received the id:12d46934-72a8-49ca-bd3c-3b44768d416b","level":"\u001b[34minfo\u001b[39m","timestamp":"2019-01-06 11:55:48"}
{"message":"req.user: undefined","level":"\u001b[34minfo\u001b[39m","timestamp":"2019-01-06 11:55:53"}
{"message":"Session id started: {\"user\":\"2f24vvg\"}","level":"\u001b[34minfo\u001b[39m","timestamp":"2019-01-06 11:55:53"}
{"message":"User logged in: {\"id\":\"2f24vvg\",\"email\":\"test@test.com\",\"password\":\"$2a$10$A2g6pbxxhLA9MNYRJ0rnzOf/7Ara76B0KcRdjzUcsIBIclRuas/fG\"}","level":"\u001b[34minfo\u001b[39m","timestamp":"2019-01-06 11:55:53"}
{"message":"User (2f24vvg) uploaded a file: {\"file-upload\":{\"size\":454120,\"path\":\"C:\\\\develop\\\\nodejs\\\\projects\\\\aitam\\\\work\\\\12d46934-72a8-49ca-bd3c-3b44768d416b.xml\",\"name\":\"test_site2.xml\",\"type\":\"text/xml\",\"mtime\":\"2019-01-06T11:56:00.089Z\"}}","level":"\u001b[34minfo\u001b[39m","timestamp":"2019-01-06 11:56:00"}
{"message":"Session created received the id:12d46934-72a8-49ca-bd3c-3b44768d416b","level":"\u001b[34minfo\u001b[39m","timestamp":"2019-01-06 11:56:02"}
{"message":"Session created received the id:12d46934-72a8-49ca-bd3c-3b44768d416b","level":"\u001b[34minfo\u001b[39m","timestamp":"2019-01-06 11:56:03"}
{"message":"Session created received the id:12d46934-72a8-49ca-bd3c-3b44768d416b","level":"\u001b[34minfo\u001b[39m","timestamp":"2019-01-06 11:59:48"}
{"message":"plug-in download: C:\\develop\\nodejs\\projects\\aitam\\public/plugins/OpenDataStrategy.xml","level":"\u001b[34minfo\u001b[39m","timestamp":"2019-01-06 11:59:54"}
{"message":"Session created received the id:9ab303a6-28ce-4953-9b21-4843419bb854","level":"\u001b[34minfo\u001b[39m","timestamp":"2019-01-06 12:06:13"}
{"message":"req.user: undefined","level":"\u001b[34minfo\u001b[39m","timestamp":"2019-01-06 12:06:18"}
{"message":"Session id started: {\"user\":\"2f24vvg\"}","level":"\u001b[34minfo\u001b[39m","timestamp":"2019-01-06 12:06:18"}
{"message":"User logged in: {\"id\":\"2f24vvg\",\"email\":\"test@test.com\",\"password\":\"$2a$10$A2g6pbxxhLA9MNYRJ0rnzOf/7Ara76B0KcRdjzUcsIBIclRuas/fG\"}","level":"\u001b[34minfo\u001b[39m","timestamp":"2019-01-06 12:06:18"}
{"message":"User (2f24vvg) uploaded a file: {\"file-upload\":{\"size\":454120,\"path\":\"C:\\\\develop\\\\nodejs\\\\projects\\\\aitam\\\\work\\\\9ab303a6-28ce-4953-9b21-4843419bb854.xml\",\"name\":\"test_site2.xml\",\"type\":\"text/xml\",\"mtime\":\"2019-01-06T12:06:25.387Z\"}}","level":"\u001b[34minfo\u001b[39m","timestamp":"2019-01-06 12:06:25"}
{"message":"404 - Not Found","level":"\u001b[33mwarn\u001b[39m","timestamp":"2019-01-06 12:06:34"}
{"message":"Session created received the id:0127bca4-127b-4dd4-a539-30baa09f04c7","level":"\u001b[34minfo\u001b[39m","timestamp":"2019-01-06 12:56:20"}
{"message":"req.user: undefined","level":"\u001b[34minfo\u001b[39m","timestamp":"2019-01-06 12:56:24"}
{"message":"Session id started: {\"user\":\"2f24vvg\"}","level":"\u001b[34minfo\u001b[39m","timestamp":"2019-01-06 12:56:24"}
{"message":"User logged in: {\"id\":\"2f24vvg\",\"email\":\"test@test.com\",\"password\":\"$2a$10$A2g6pbxxhLA9MNYRJ0rnzOf/7Ara76B0KcRdjzUcsIBIclRuas/fG\"}","level":"\u001b[34minfo\u001b[39m","timestamp":"2019-01-06 12:56:24"}
{"message":"User (2f24vvg) uploaded a file: {\"file-upload\":{\"size\":454120,\"path\":\"C:\\\\develop\\\\nodejs\\\\projects\\\\aitam\\\\work\\\\0127bca4-127b-4dd4-a539-30baa09f04c7.xml\",\"name\":\"test_site2.xml\",\"type\":\"text/xml\",\"mtime\":\"2019-01-06T12:56:30.947Z\"}}","level":"\u001b[34minfo\u001b[39m","timestamp":"2019-01-06 12:56:30"}
{"message":"audit file download: C:\\develop\\nodejs\\projects\\aitam\\work\\0127bca4-127b-4dd4-a539-30baa09f04c7.xml","level":"\u001b[34minfo\u001b[39m","timestamp":"2019-01-06 12:56:34"}
