{"message":"garbage collector started on path: C:\\develop\\nodejs\\projects\\aitam\\work\\","level":"\u001b[34minfo\u001b[39m","timestamp":"2019-09-24 20:37:45"}
{"message":"garbage collector deleted  2690152e-fd1a-433a-91ab-a81fcb77066a.xml on folder: C:\\develop\\nodejs\\projects\\aitam\\work\\, path: C:\\develop\\nodejs\\projects\\aitam\\work\\2690152e-fd1a-433a-91ab-a81fcb77066a.xml","level":"\u001b[34minfo\u001b[39m","timestamp":"2019-09-24 20:45:00"}
{"message":"garbage collector deleted  2d5c4a2d-cae6-4fc6-86f7-7184a6913311.odt on folder: C:\\develop\\nodejs\\projects\\aitam\\work\\, path: C:\\develop\\nodejs\\projects\\aitam\\work\\2d5c4a2d-cae6-4fc6-86f7-7184a6913311.odt","level":"\u001b[34minfo\u001b[39m","timestamp":"2019-09-24 20:45:00"}
{"message":"garbage collector deleted  2690152e-fd1a-433a-91ab-a81fcb77066a.odt on folder: C:\\develop\\nodejs\\projects\\aitam\\work\\, path: C:\\develop\\nodejs\\projects\\aitam\\work\\2690152e-fd1a-433a-91ab-a81fcb77066a.odt","level":"\u001b[34minfo\u001b[39m","timestamp":"2019-09-24 20:45:00"}
{"message":"garbage collector deleted  2d5c4a2d-cae6-4fc6-86f7-7184a6913311.xml on folder: C:\\develop\\nodejs\\projects\\aitam\\work\\, path: C:\\develop\\nodejs\\projects\\aitam\\work\\2d5c4a2d-cae6-4fc6-86f7-7184a6913311.xml","level":"\u001b[34minfo\u001b[39m","timestamp":"2019-09-24 20:45:00"}
{"message":"garbage collector deleted  2d5c4a2d-cae6-4fc6-86f7-7184a6913311.tkn on folder: C:\\develop\\nodejs\\projects\\aitam\\work\\, path: C:\\develop\\nodejs\\projects\\aitam\\work\\2d5c4a2d-cae6-4fc6-86f7-7184a6913311.tkn","level":"\u001b[34minfo\u001b[39m","timestamp":"2019-09-24 20:45:00"}
{"message":"garbage collector deleted  2d5c4a2d-cae6-4fc6-86f7-7184a6913311.src on folder: C:\\develop\\nodejs\\projects\\aitam\\work\\, path: C:\\develop\\nodejs\\projects\\aitam\\work\\2d5c4a2d-cae6-4fc6-86f7-7184a6913311.src","level":"\u001b[34minfo\u001b[39m","timestamp":"2019-09-24 20:45:00"}
{"message":"garbage collector deleted  2d5c4a2d-cae6-4fc6-86f7-7184a6913311.vec on folder: C:\\develop\\nodejs\\projects\\aitam\\work\\, path: C:\\develop\\nodejs\\projects\\aitam\\work\\2d5c4a2d-cae6-4fc6-86f7-7184a6913311.vec","level":"\u001b[34minfo\u001b[39m","timestamp":"2019-09-24 20:45:00"}
{"message":"garbage collector deleted  ab66c72a-5055-45c7-97f6-32402768929c.xml on folder: C:\\develop\\nodejs\\projects\\aitam\\work\\, path: C:\\develop\\nodejs\\projects\\aitam\\work\\ab66c72a-5055-45c7-97f6-32402768929c.xml","level":"\u001b[34minfo\u001b[39m","timestamp":"2019-09-24 20:45:00"}
{"message":"garbage collector deleted  bbe153dd-6259-4919-93e7-6134fd46fcd2.odt on folder: C:\\develop\\nodejs\\projects\\aitam\\work\\, path: C:\\develop\\nodejs\\projects\\aitam\\work\\bbe153dd-6259-4919-93e7-6134fd46fcd2.odt","level":"\u001b[34minfo\u001b[39m","timestamp":"2019-09-24 20:45:00"}
{"message":"garbage collector deleted  bbe153dd-6259-4919-93e7-6134fd46fcd2.xml on folder: C:\\develop\\nodejs\\projects\\aitam\\work\\, path: C:\\develop\\nodejs\\projects\\aitam\\work\\bbe153dd-6259-4919-93e7-6134fd46fcd2.xml","level":"\u001b[34minfo\u001b[39m","timestamp":"2019-09-24 20:45:00"}
{"message":"garbage collector deleted  c8b7250b-6889-470c-a6cc-19b4c6b4e3d0.odt on folder: C:\\develop\\nodejs\\projects\\aitam\\work\\, path: C:\\develop\\nodejs\\projects\\aitam\\work\\c8b7250b-6889-470c-a6cc-19b4c6b4e3d0.odt","level":"\u001b[34minfo\u001b[39m","timestamp":"2019-09-24 20:45:00"}
{"message":"garbage collector deleted  c8b7250b-6889-470c-a6cc-19b4c6b4e3d0.xml on folder: C:\\develop\\nodejs\\projects\\aitam\\work\\, path: C:\\develop\\nodejs\\projects\\aitam\\work\\c8b7250b-6889-470c-a6cc-19b4c6b4e3d0.xml","level":"\u001b[34minfo\u001b[39m","timestamp":"2019-09-24 20:45:00"}
{"message":"garbage collector deleted  gazetteer.dic on folder: C:\\develop\\nodejs\\projects\\aitam\\work\\, path: C:\\develop\\nodejs\\projects\\aitam\\work\\gazetteer.dic","level":"\u001b[34minfo\u001b[39m","timestamp":"2019-09-24 20:45:00"}
{"message":"garbage collector error:  Error: Can't delete C:\\develop\\nodejs\\projects\\aitam\\work\\2690152e-fd1a-433a-91ab-a81fcb77066a.odt","level":"\u001b[34minfo\u001b[39m","timestamp":"2019-09-24 20:45:00"}
{"message":"garbage collector error:  Error: Can't delete C:\\develop\\nodejs\\projects\\aitam\\work\\2690152e-fd1a-433a-91ab-a81fcb77066a.xml","level":"\u001b[34minfo\u001b[39m","timestamp":"2019-09-24 20:45:00"}
{"message":"garbage collector error:  Error: Can't delete C:\\develop\\nodejs\\projects\\aitam\\work\\2d5c4a2d-cae6-4fc6-86f7-7184a6913311.odt","level":"\u001b[34minfo\u001b[39m","timestamp":"2019-09-24 20:45:00"}
{"message":"garbage collector error:  Error: Can't delete C:\\develop\\nodejs\\projects\\aitam\\work\\2d5c4a2d-cae6-4fc6-86f7-7184a6913311.src","level":"\u001b[34minfo\u001b[39m","timestamp":"2019-09-24 20:45:00"}
{"message":"garbage collector error:  Error: Can't delete C:\\develop\\nodejs\\projects\\aitam\\work\\2d5c4a2d-cae6-4fc6-86f7-7184a6913311.tkn","level":"\u001b[34minfo\u001b[39m","timestamp":"2019-09-24 20:45:00"}
{"message":"garbage collector error:  Error: Can't delete C:\\develop\\nodejs\\projects\\aitam\\work\\2d5c4a2d-cae6-4fc6-86f7-7184a6913311.vec","level":"\u001b[34minfo\u001b[39m","timestamp":"2019-09-24 20:45:00"}
{"message":"garbage collector error:  Error: Can't delete C:\\develop\\nodejs\\projects\\aitam\\work\\2d5c4a2d-cae6-4fc6-86f7-7184a6913311.xml","level":"\u001b[34minfo\u001b[39m","timestamp":"2019-09-24 20:45:00"}
{"message":"garbage collector error:  Error: Can't delete C:\\develop\\nodejs\\projects\\aitam\\work\\bbe153dd-6259-4919-93e7-6134fd46fcd2.odt","level":"\u001b[34minfo\u001b[39m","timestamp":"2019-09-24 20:45:00"}
{"message":"garbage collector error:  Error: Can't delete C:\\develop\\nodejs\\projects\\aitam\\work\\ab66c72a-5055-45c7-97f6-32402768929c.xml","level":"\u001b[34minfo\u001b[39m","timestamp":"2019-09-24 20:45:00"}
{"message":"garbage collector error:  Error: Can't delete C:\\develop\\nodejs\\projects\\aitam\\work\\bbe153dd-6259-4919-93e7-6134fd46fcd2.xml","level":"\u001b[34minfo\u001b[39m","timestamp":"2019-09-24 20:45:00"}
{"message":"garbage collector error:  Error: Can't delete C:\\develop\\nodejs\\projects\\aitam\\work\\c8b7250b-6889-470c-a6cc-19b4c6b4e3d0.odt","level":"\u001b[34minfo\u001b[39m","timestamp":"2019-09-24 20:45:00"}
{"message":"garbage collector error:  Error: Can't delete C:\\develop\\nodejs\\projects\\aitam\\work\\c8b7250b-6889-470c-a6cc-19b4c6b4e3d0.xml","level":"\u001b[34minfo\u001b[39m","timestamp":"2019-09-24 20:45:00"}
{"message":"garbage collector error:  Error: Can't delete C:\\develop\\nodejs\\projects\\aitam\\work\\gazetteer.dic","level":"\u001b[34minfo\u001b[39m","timestamp":"2019-09-24 20:45:00"}
{"message":"garbage collector started on path: C:\\develop\\nodejs\\projects\\aitam\\work\\","level":"\u001b[34minfo\u001b[39m","timestamp":"2019-09-24 20:48:43"}
{"message":"Session created received the id:416d13c5-2100-4b28-b9c9-126dc3a09242","level":"\u001b[34minfo\u001b[39m","timestamp":"2019-09-24 20:48:58"}
{"message":"req.user: undefined","level":"\u001b[34minfo\u001b[39m","timestamp":"2019-09-24 20:49:03"}
{"message":"Session id started: {\"user\":\"2f24vvg\"}","level":"\u001b[34minfo\u001b[39m","timestamp":"2019-09-24 20:49:03"}
{"message":"User logged in: {\"id\":\"2f24vvg\",\"email\":\"test@test.com\",\"password\":\"$2a$10$A2g6pbxxhLA9MNYRJ0rnzOf/7Ara76B0KcRdjzUcsIBIclRuas/fG\"}","level":"\u001b[34minfo\u001b[39m","timestamp":"2019-09-24 20:49:03"}
{"message":"User (2f24vvg) uploaded a file: {\"file-upload\":{\"size\":406744,\"path\":\"C:\\\\develop\\\\nodejs\\\\projects\\\\aitam\\\\work\\\\416d13c5-2100-4b28-b9c9-126dc3a09242.xml\",\"name\":\"test_site3.xml\",\"type\":\"text/xml\",\"mtime\":\"2019-09-24T19:49:14.391Z\"}}","level":"\u001b[34minfo\u001b[39m","timestamp":"2019-09-24 20:49:14"}
{"message":"garbage collector started on path: C:\\develop\\nodejs\\projects\\aitam\\work\\","level":"\u001b[34minfo\u001b[39m","timestamp":"2019-09-24 20:50:01"}
{"message":"garbage collector started on path: C:\\develop\\nodejs\\projects\\aitam\\work\\","level":"\u001b[34minfo\u001b[39m","timestamp":"2019-09-24 20:50:42"}
{"message":"req.user: undefined","level":"\u001b[34minfo\u001b[39m","timestamp":"2019-09-24 20:50:49"}
{"message":"Session id started: {\"user\":\"2f24vvg\"}","level":"\u001b[34minfo\u001b[39m","timestamp":"2019-09-24 20:50:49"}
{"message":"User logged in: {\"id\":\"2f24vvg\",\"email\":\"test@test.com\",\"password\":\"$2a$10$A2g6pbxxhLA9MNYRJ0rnzOf/7Ara76B0KcRdjzUcsIBIclRuas/fG\"}","level":"\u001b[34minfo\u001b[39m","timestamp":"2019-09-24 20:50:49"}
{"message":"User (2f24vvg) uploaded a file: {\"file-upload\":{\"size\":406744,\"path\":\"C:\\\\develop\\\\nodejs\\\\projects\\\\aitam\\\\work\\\\fbdfc19a-e0eb-4f0a-979a-5af5d6dd2f35.xml\",\"name\":\"test_site3.xml\",\"type\":\"text/xml\",\"mtime\":\"2019-09-24T19:51:01.271Z\"}}","level":"\u001b[34minfo\u001b[39m","timestamp":"2019-09-24 20:51:01"}
{"message":"garbage collector started on path: C:\\develop\\nodejs\\projects\\aitam\\work\\","level":"\u001b[34minfo\u001b[39m","timestamp":"2019-09-24 20:51:51"}
{"message":"req.user: undefined","level":"\u001b[34minfo\u001b[39m","timestamp":"2019-09-24 20:52:16"}
{"message":"Session id started: {\"user\":\"2f24vvg\"}","level":"\u001b[34minfo\u001b[39m","timestamp":"2019-09-24 20:52:16"}
{"message":"User logged in: {\"id\":\"2f24vvg\",\"email\":\"test@test.com\",\"password\":\"$2a$10$A2g6pbxxhLA9MNYRJ0rnzOf/7Ara76B0KcRdjzUcsIBIclRuas/fG\"}","level":"\u001b[34minfo\u001b[39m","timestamp":"2019-09-24 20:52:16"}
{"message":"User (2f24vvg) uploaded a file: {\"file-upload\":{\"size\":406744,\"path\":\"C:\\\\develop\\\\nodejs\\\\projects\\\\aitam\\\\work\\\\6a5602dc-06d7-4333-a602-910f7ae649cb.xml\",\"name\":\"test_site3.xml\",\"type\":\"text/xml\",\"mtime\":\"2019-09-24T19:52:22.353Z\"}}","level":"\u001b[34minfo\u001b[39m","timestamp":"2019-09-24 20:52:22"}
{"message":"garbage collector started on path: C:\\develop\\nodejs\\projects\\aitam\\work\\","level":"\u001b[34minfo\u001b[39m","timestamp":"2019-09-24 20:53:58"}
{"message":"garbage collector started on path: C:\\develop\\nodejs\\projects\\aitam\\work\\","level":"\u001b[34minfo\u001b[39m","timestamp":"2019-09-24 20:54:20"}
{"message":"req.user: undefined","level":"\u001b[34minfo\u001b[39m","timestamp":"2019-09-24 20:54:27"}
{"message":"Session id started: {\"user\":\"2f24vvg\"}","level":"\u001b[34minfo\u001b[39m","timestamp":"2019-09-24 20:54:27"}
{"message":"User logged in: {\"id\":\"2f24vvg\",\"email\":\"test@test.com\",\"password\":\"$2a$10$A2g6pbxxhLA9MNYRJ0rnzOf/7Ara76B0KcRdjzUcsIBIclRuas/fG\"}","level":"\u001b[34minfo\u001b[39m","timestamp":"2019-09-24 20:54:27"}
{"message":"User (2f24vvg) uploaded a file: {\"file-upload\":{\"size\":406744,\"path\":\"C:\\\\develop\\\\nodejs\\\\projects\\\\aitam\\\\work\\\\520ce022-79a9-4f54-afed-bac78d426435.xml\",\"name\":\"test_site3.xml\",\"type\":\"text/xml\",\"mtime\":\"2019-09-24T19:54:35.259Z\"}}","level":"\u001b[34minfo\u001b[39m","timestamp":"2019-09-24 20:54:35"}
{"message":"audit file download: C:\\develop\\nodejs\\projects\\aitam\\work\\520ce022-79a9-4f54-afed-bac78d426435.xml","level":"\u001b[34minfo\u001b[39m","timestamp":"2019-09-24 20:54:54"}
{"message":"garbage collector started on path: C:\\develop\\nodejs\\projects\\aitam\\work\\","level":"\u001b[34minfo\u001b[39m","timestamp":"2019-09-24 20:57:00"}
{"message":"req.user: undefined","level":"\u001b[34minfo\u001b[39m","timestamp":"2019-09-24 20:57:11"}
{"message":"Session id started: {\"user\":\"2f24vvg\"}","level":"\u001b[34minfo\u001b[39m","timestamp":"2019-09-24 20:57:11"}
{"message":"User logged in: {\"id\":\"2f24vvg\",\"email\":\"test@test.com\",\"password\":\"$2a$10$A2g6pbxxhLA9MNYRJ0rnzOf/7Ara76B0KcRdjzUcsIBIclRuas/fG\"}","level":"\u001b[34minfo\u001b[39m","timestamp":"2019-09-24 20:57:11"}
{"message":"User (2f24vvg) uploaded a file: {\"file-upload\":{\"size\":406744,\"path\":\"C:\\\\develop\\\\nodejs\\\\projects\\\\aitam\\\\work\\\\9e467c0a-4975-44e6-9eea-8808c0b96be9.xml\",\"name\":\"test_site3.xml\",\"type\":\"text/xml\",\"mtime\":\"2019-09-24T19:57:41.364Z\"}}","level":"\u001b[34minfo\u001b[39m","timestamp":"2019-09-24 20:57:41"}
{"message":"audit file download: C:\\develop\\nodejs\\projects\\aitam\\work\\9e467c0a-4975-44e6-9eea-8808c0b96be9.xml","level":"\u001b[34minfo\u001b[39m","timestamp":"2019-09-24 20:57:54"}
{"message":"garbage collector started on path: C:\\develop\\nodejs\\projects\\aitam\\work\\","level":"\u001b[34minfo\u001b[39m","timestamp":"2019-09-24 21:03:00"}
{"message":"garbage collector started on path: C:\\develop\\nodejs\\projects\\aitam\\work\\","level":"\u001b[34minfo\u001b[39m","timestamp":"2019-09-24 21:04:09"}
{"message":"garbage collector started on path: C:\\develop\\nodejs\\projects\\aitam\\work\\","level":"\u001b[34minfo\u001b[39m","timestamp":"2019-09-24 21:04:26"}
{"message":"req.user: undefined","level":"\u001b[34minfo\u001b[39m","timestamp":"2019-09-24 21:04:31"}
{"message":"Session id started: {\"user\":\"2f24vvg\"}","level":"\u001b[34minfo\u001b[39m","timestamp":"2019-09-24 21:04:31"}
{"message":"User logged in: {\"id\":\"2f24vvg\",\"email\":\"test@test.com\",\"password\":\"$2a$10$A2g6pbxxhLA9MNYRJ0rnzOf/7Ara76B0KcRdjzUcsIBIclRuas/fG\"}","level":"\u001b[34minfo\u001b[39m","timestamp":"2019-09-24 21:04:31"}
{"message":"User (2f24vvg) uploaded a file: {\"file-upload\":{\"size\":406744,\"path\":\"C:\\\\develop\\\\nodejs\\\\projects\\\\aitam\\\\work\\\\708f3817-908b-4eb3-898e-7a1812c9d932.xml\",\"name\":\"test_site3.xml\",\"type\":\"text/xml\",\"mtime\":\"2019-09-24T20:04:43.149Z\"}}","level":"\u001b[34minfo\u001b[39m","timestamp":"2019-09-24 21:04:43"}
{"message":"garbage collector started on path: C:\\develop\\nodejs\\projects\\aitam\\work\\","level":"\u001b[34minfo\u001b[39m","timestamp":"2019-09-24 21:07:55"}
{"message":"Session created received the id:c9a00296-f981-491c-9d3d-cf208ad62696","level":"\u001b[34minfo\u001b[39m","timestamp":"2019-09-24 21:08:01"}
{"message":"req.user: undefined","level":"\u001b[34minfo\u001b[39m","timestamp":"2019-09-24 21:08:05"}
{"message":"Session id started: {\"user\":\"2f24vvg\"}","level":"\u001b[34minfo\u001b[39m","timestamp":"2019-09-24 21:08:05"}
{"message":"User logged in: {\"id\":\"2f24vvg\",\"email\":\"test@test.com\",\"password\":\"$2a$10$A2g6pbxxhLA9MNYRJ0rnzOf/7Ara76B0KcRdjzUcsIBIclRuas/fG\"}","level":"\u001b[34minfo\u001b[39m","timestamp":"2019-09-24 21:08:05"}
{"message":"User (2f24vvg) uploaded a file: {\"file-upload\":{\"size\":406744,\"path\":\"C:\\\\develop\\\\nodejs\\\\projects\\\\aitam\\\\work\\\\c9a00296-f981-491c-9d3d-cf208ad62696.xml\",\"name\":\"test_site3.xml\",\"type\":\"text/xml\",\"mtime\":\"2019-09-24T20:08:12.149Z\"}}","level":"\u001b[34minfo\u001b[39m","timestamp":"2019-09-24 21:08:12"}
{"message":"audit file download: C:\\develop\\nodejs\\projects\\aitam\\work\\c9a00296-f981-491c-9d3d-cf208ad62696.xml","level":"\u001b[34minfo\u001b[39m","timestamp":"2019-09-24 21:09:27"}
{"message":"audit file download: C:\\develop\\nodejs\\projects\\aitam\\work\\c9a00296-f981-491c-9d3d-cf208ad62696.xml","level":"\u001b[34minfo\u001b[39m","timestamp":"2019-09-24 21:09:59"}
{"message":"garbage collector started on path: C:\\develop\\nodejs\\projects\\aitam\\work\\","level":"\u001b[34minfo\u001b[39m","timestamp":"2019-09-24 21:17:38"}
{"message":"req.user: undefined","level":"\u001b[34minfo\u001b[39m","timestamp":"2019-09-24 21:18:02"}
{"message":"Session id started: {\"user\":\"2f24vvg\"}","level":"\u001b[34minfo\u001b[39m","timestamp":"2019-09-24 21:18:02"}
{"message":"User logged in: {\"id\":\"2f24vvg\",\"email\":\"test@test.com\",\"password\":\"$2a$10$A2g6pbxxhLA9MNYRJ0rnzOf/7Ara76B0KcRdjzUcsIBIclRuas/fG\"}","level":"\u001b[34minfo\u001b[39m","timestamp":"2019-09-24 21:18:02"}
{"message":"User (2f24vvg) uploaded a file: {\"file-upload\":{\"size\":406744,\"path\":\"C:\\\\develop\\\\nodejs\\\\projects\\\\aitam\\\\work\\\\13a9cd16-a62f-464d-bade-cdd7b69c7f53.xml\",\"name\":\"test_site3.xml\",\"type\":\"text/xml\",\"mtime\":\"2019-09-24T20:18:08.264Z\"}}","level":"\u001b[34minfo\u001b[39m","timestamp":"2019-09-24 21:18:08"}
{"message":"audit file download: C:\\develop\\nodejs\\projects\\aitam\\work\\13a9cd16-a62f-464d-bade-cdd7b69c7f53.xml","level":"\u001b[34minfo\u001b[39m","timestamp":"2019-09-24 21:18:27"}
{"message":"audit file download: C:\\develop\\nodejs\\projects\\aitam\\work\\13a9cd16-a62f-464d-bade-cdd7b69c7f53.xml","level":"\u001b[34minfo\u001b[39m","timestamp":"2019-09-24 21:18:56"}
{"message":"audit file download: C:\\develop\\nodejs\\projects\\aitam\\work\\13a9cd16-a62f-464d-bade-cdd7b69c7f53.xml","level":"\u001b[34minfo\u001b[39m","timestamp":"2019-09-24 21:19:02"}
{"message":"audit file download: C:\\develop\\nodejs\\projects\\aitam\\work\\13a9cd16-a62f-464d-bade-cdd7b69c7f53.xml","level":"\u001b[34minfo\u001b[39m","timestamp":"2019-09-24 21:20:00"}
{"message":"garbage collector started on path: C:\\develop\\nodejs\\projects\\aitam\\work\\","level":"\u001b[34minfo\u001b[39m","timestamp":"2019-09-24 21:21:17"}
{"message":"req.user: undefined","level":"\u001b[34minfo\u001b[39m","timestamp":"2019-09-24 21:21:35"}
{"message":"Session id started: {\"user\":\"2f24vvg\"}","level":"\u001b[34minfo\u001b[39m","timestamp":"2019-09-24 21:21:35"}
{"message":"User logged in: {\"id\":\"2f24vvg\",\"email\":\"test@test.com\",\"password\":\"$2a$10$A2g6pbxxhLA9MNYRJ0rnzOf/7Ara76B0KcRdjzUcsIBIclRuas/fG\"}","level":"\u001b[34minfo\u001b[39m","timestamp":"2019-09-24 21:21:35"}
{"message":"User (2f24vvg) uploaded a file: {\"file-upload\":{\"size\":408080,\"path\":\"C:\\\\develop\\\\nodejs\\\\projects\\\\aitam\\\\work\\\\4444180d-6756-4bf9-a6d7-735b226ec14e.xml\",\"name\":\"13a9cd16-a62f-464d-bade-cdd7b69c7f53 (1).xml\",\"type\":\"text/xml\",\"mtime\":\"2019-09-24T20:21:44.186Z\"}}","level":"\u001b[34minfo\u001b[39m","timestamp":"2019-09-24 21:21:44"}
{"message":"audit file download: C:\\develop\\nodejs\\projects\\aitam\\work\\4444180d-6756-4bf9-a6d7-735b226ec14e.xml","level":"\u001b[34minfo\u001b[39m","timestamp":"2019-09-24 21:21:51"}
{"message":"garbage collector started on path: C:\\develop\\nodejs\\projects\\aitam\\work\\","level":"\u001b[34minfo\u001b[39m","timestamp":"2019-09-24 21:23:25"}
{"message":"garbage collector started on path: C:\\develop\\nodejs\\projects\\aitam\\work\\","level":"\u001b[34minfo\u001b[39m","timestamp":"2019-09-24 21:24:58"}
{"message":"req.user: undefined","level":"\u001b[34minfo\u001b[39m","timestamp":"2019-09-24 21:25:08"}
{"message":"Session id started: {\"user\":\"2f24vvg\"}","level":"\u001b[34minfo\u001b[39m","timestamp":"2019-09-24 21:25:08"}
{"message":"User logged in: {\"id\":\"2f24vvg\",\"email\":\"test@test.com\",\"password\":\"$2a$10$A2g6pbxxhLA9MNYRJ0rnzOf/7Ara76B0KcRdjzUcsIBIclRuas/fG\"}","level":"\u001b[34minfo\u001b[39m","timestamp":"2019-09-24 21:25:08"}
{"message":"User (2f24vvg) uploaded a file: {\"file-upload\":{\"size\":408079,\"path\":\"C:\\\\develop\\\\nodejs\\\\projects\\\\aitam\\\\work\\\\9664cef9-5164-4593-a902-7472b55e7c1f.xml\",\"name\":\"4444180d-6756-4bf9-a6d7-735b226ec14e.xml\",\"type\":\"text/xml\",\"mtime\":\"2019-09-24T20:25:27.920Z\"}}","level":"\u001b[34minfo\u001b[39m","timestamp":"2019-09-24 21:25:27"}
{"message":"audit file download: C:\\develop\\nodejs\\projects\\aitam\\work\\9664cef9-5164-4593-a902-7472b55e7c1f.xml","level":"\u001b[34minfo\u001b[39m","timestamp":"2019-09-24 21:26:11"}
{"message":"User (2f24vvg) uploaded a file: {\"file-upload\":{\"size\":408080,\"path\":\"C:\\\\develop\\\\nodejs\\\\projects\\\\aitam\\\\work\\\\9664cef9-5164-4593-a902-7472b55e7c1f.xml\",\"name\":\"9664cef9-5164-4593-a902-7472b55e7c1f.xml\",\"type\":\"text/xml\",\"mtime\":\"2019-09-24T20:26:27.630Z\"}}","level":"\u001b[34minfo\u001b[39m","timestamp":"2019-09-24 21:26:27"}
{"message":"audit file download: C:\\develop\\nodejs\\projects\\aitam\\work\\9664cef9-5164-4593-a902-7472b55e7c1f.xml","level":"\u001b[34minfo\u001b[39m","timestamp":"2019-09-24 21:26:49"}
{"message":"User (2f24vvg) uploaded a file: {\"file-upload\":{\"size\":408082,\"path\":\"C:\\\\develop\\\\nodejs\\\\projects\\\\aitam\\\\work\\\\9664cef9-5164-4593-a902-7472b55e7c1f.xml\",\"name\":\"9664cef9-5164-4593-a902-7472b55e7c1f (1).xml\",\"type\":\"text/xml\",\"mtime\":\"2019-09-24T20:27:06.748Z\"}}","level":"\u001b[34minfo\u001b[39m","timestamp":"2019-09-24 21:27:06"}
