{"message":"garbage collector started on path: C:\\develop\\nodejs\\projects\\aitam\\work\\","level":"\u001b[34minfo\u001b[39m","timestamp":"2019-01-30 17:24:39"}
{"message":"Session created received the id:b2e667af-3985-4fb9-8761-fbcafb6c2a29","level":"\u001b[34minfo\u001b[39m","timestamp":"2019-01-30 17:24:55"}
{"message":"req.user: undefined","level":"\u001b[34minfo\u001b[39m","timestamp":"2019-01-30 17:25:00"}
{"message":"Session id started: {\"user\":\"2f24vvg\"}","level":"\u001b[34minfo\u001b[39m","timestamp":"2019-01-30 17:25:00"}
{"message":"User logged in: {\"id\":\"2f24vvg\",\"email\":\"test@test.com\",\"password\":\"$2a$10$A2g6pbxxhLA9MNYRJ0rnzOf/7Ara76B0KcRdjzUcsIBIclRuas/fG\"}","level":"\u001b[34minfo\u001b[39m","timestamp":"2019-01-30 17:25:00"}
{"message":"User (2f24vvg) uploaded a file: {\"file-upload\":{\"size\":454120,\"path\":\"C:\\\\develop\\\\nodejs\\\\projects\\\\aitam\\\\work\\\\b2e667af-3985-4fb9-8761-fbcafb6c2a29.xml\",\"name\":\"test_site2.xml\",\"type\":\"text/xml\",\"mtime\":\"2019-01-30T17:25:08.172Z\"}}","level":"\u001b[34minfo\u001b[39m","timestamp":"2019-01-30 17:25:08"}
{"message":"Graph db error: TypeError: Cannot read property 'push' of undefined","level":"\u001b[33mwarn\u001b[39m","timestamp":"2019-01-30 17:25:29"}
{"message":"garbage collector started on path: C:\\develop\\nodejs\\projects\\aitam\\work\\","level":"\u001b[34minfo\u001b[39m","timestamp":"2019-01-30 17:27:21"}
{"message":"garbage collector started on path: C:\\develop\\nodejs\\projects\\aitam\\work\\","level":"\u001b[34minfo\u001b[39m","timestamp":"2019-01-30 17:28:13"}
{"message":"garbage collector started on path: C:\\develop\\nodejs\\projects\\aitam\\work\\","level":"\u001b[34minfo\u001b[39m","timestamp":"2019-01-30 17:28:49"}
{"message":"req.user: undefined","level":"\u001b[34minfo\u001b[39m","timestamp":"2019-01-30 17:28:55"}
{"message":"Session id started: {\"user\":\"2f24vvg\"}","level":"\u001b[34minfo\u001b[39m","timestamp":"2019-01-30 17:28:55"}
{"message":"User logged in: {\"id\":\"2f24vvg\",\"email\":\"test@test.com\",\"password\":\"$2a$10$A2g6pbxxhLA9MNYRJ0rnzOf/7Ara76B0KcRdjzUcsIBIclRuas/fG\"}","level":"\u001b[34minfo\u001b[39m","timestamp":"2019-01-30 17:28:55"}
{"message":"User (2f24vvg) uploaded a file: {\"file-upload\":{\"size\":454120,\"path\":\"C:\\\\develop\\\\nodejs\\\\projects\\\\aitam\\\\work\\\\db597d5d-8bed-4924-ab4d-8492d80ca688.xml\",\"name\":\"test_site2.xml\",\"type\":\"text/xml\",\"mtime\":\"2019-01-30T17:29:01.482Z\"}}","level":"\u001b[34minfo\u001b[39m","timestamp":"2019-01-30 17:29:01"}
{"message":"garbage collector deleted  20b34df2-22b7-414d-924f-723eca9fbd75.src on folder: C:\\develop\\nodejs\\projects\\aitam\\work\\, path: C:\\develop\\nodejs\\projects\\aitam\\work\\20b34df2-22b7-414d-924f-723eca9fbd75.src","level":"\u001b[34minfo\u001b[39m","timestamp":"2019-01-30 17:30:00"}
{"message":"garbage collector deleted  20b34df2-22b7-414d-924f-723eca9fbd75.tkn on folder: C:\\develop\\nodejs\\projects\\aitam\\work\\, path: C:\\develop\\nodejs\\projects\\aitam\\work\\20b34df2-22b7-414d-924f-723eca9fbd75.tkn","level":"\u001b[34minfo\u001b[39m","timestamp":"2019-01-30 17:30:00"}
{"message":"garbage collector deleted  20b34df2-22b7-414d-924f-723eca9fbd75.vec on folder: C:\\develop\\nodejs\\projects\\aitam\\work\\, path: C:\\develop\\nodejs\\projects\\aitam\\work\\20b34df2-22b7-414d-924f-723eca9fbd75.vec","level":"\u001b[34minfo\u001b[39m","timestamp":"2019-01-30 17:30:00"}
{"message":"garbage collector deleted  20b34df2-22b7-414d-924f-723eca9fbd75.xml on folder: C:\\develop\\nodejs\\projects\\aitam\\work\\, path: C:\\develop\\nodejs\\projects\\aitam\\work\\20b34df2-22b7-414d-924f-723eca9fbd75.xml","level":"\u001b[34minfo\u001b[39m","timestamp":"2019-01-30 17:30:00"}
{"message":"garbage collector deleted  296479c8-86c4-4358-b337-a8ed1306fdd5.src on folder: C:\\develop\\nodejs\\projects\\aitam\\work\\, path: C:\\develop\\nodejs\\projects\\aitam\\work\\296479c8-86c4-4358-b337-a8ed1306fdd5.src","level":"\u001b[34minfo\u001b[39m","timestamp":"2019-01-30 17:30:00"}
{"message":"garbage collector deleted  296479c8-86c4-4358-b337-a8ed1306fdd5.tkn on folder: C:\\develop\\nodejs\\projects\\aitam\\work\\, path: C:\\develop\\nodejs\\projects\\aitam\\work\\296479c8-86c4-4358-b337-a8ed1306fdd5.tkn","level":"\u001b[34minfo\u001b[39m","timestamp":"2019-01-30 17:30:00"}
{"message":"garbage collector deleted  296479c8-86c4-4358-b337-a8ed1306fdd5.vec on folder: C:\\develop\\nodejs\\projects\\aitam\\work\\, path: C:\\develop\\nodejs\\projects\\aitam\\work\\296479c8-86c4-4358-b337-a8ed1306fdd5.vec","level":"\u001b[34minfo\u001b[39m","timestamp":"2019-01-30 17:30:00"}
{"message":"garbage collector deleted  296479c8-86c4-4358-b337-a8ed1306fdd5.xml on folder: C:\\develop\\nodejs\\projects\\aitam\\work\\, path: C:\\develop\\nodejs\\projects\\aitam\\work\\296479c8-86c4-4358-b337-a8ed1306fdd5.xml","level":"\u001b[34minfo\u001b[39m","timestamp":"2019-01-30 17:30:00"}
{"message":"garbage collector deleted  4e3d80dc-5926-4bc6-ac29-bee1c956d0d0.src on folder: C:\\develop\\nodejs\\projects\\aitam\\work\\, path: C:\\develop\\nodejs\\projects\\aitam\\work\\4e3d80dc-5926-4bc6-ac29-bee1c956d0d0.src","level":"\u001b[34minfo\u001b[39m","timestamp":"2019-01-30 17:30:00"}
{"message":"garbage collector deleted  4e3d80dc-5926-4bc6-ac29-bee1c956d0d0.tkn on folder: C:\\develop\\nodejs\\projects\\aitam\\work\\, path: C:\\develop\\nodejs\\projects\\aitam\\work\\4e3d80dc-5926-4bc6-ac29-bee1c956d0d0.tkn","level":"\u001b[34minfo\u001b[39m","timestamp":"2019-01-30 17:30:00"}
{"message":"garbage collector deleted  4e3d80dc-5926-4bc6-ac29-bee1c956d0d0.vec on folder: C:\\develop\\nodejs\\projects\\aitam\\work\\, path: C:\\develop\\nodejs\\projects\\aitam\\work\\4e3d80dc-5926-4bc6-ac29-bee1c956d0d0.vec","level":"\u001b[34minfo\u001b[39m","timestamp":"2019-01-30 17:30:00"}
{"message":"garbage collector deleted  4e3d80dc-5926-4bc6-ac29-bee1c956d0d0.xml on folder: C:\\develop\\nodejs\\projects\\aitam\\work\\, path: C:\\develop\\nodejs\\projects\\aitam\\work\\4e3d80dc-5926-4bc6-ac29-bee1c956d0d0.xml","level":"\u001b[34minfo\u001b[39m","timestamp":"2019-01-30 17:30:00"}
{"message":"garbage collector deleted  7adc3967-5c7c-495d-a17c-6a3040aec8af.tkn on folder: C:\\develop\\nodejs\\projects\\aitam\\work\\, path: C:\\develop\\nodejs\\projects\\aitam\\work\\7adc3967-5c7c-495d-a17c-6a3040aec8af.tkn","level":"\u001b[34minfo\u001b[39m","timestamp":"2019-01-30 17:30:00"}
{"message":"garbage collector deleted  7adc3967-5c7c-495d-a17c-6a3040aec8af.src on folder: C:\\develop\\nodejs\\projects\\aitam\\work\\, path: C:\\develop\\nodejs\\projects\\aitam\\work\\7adc3967-5c7c-495d-a17c-6a3040aec8af.src","level":"\u001b[34minfo\u001b[39m","timestamp":"2019-01-30 17:30:00"}
{"message":"garbage collector deleted  7adc3967-5c7c-495d-a17c-6a3040aec8af.vec on folder: C:\\develop\\nodejs\\projects\\aitam\\work\\, path: C:\\develop\\nodejs\\projects\\aitam\\work\\7adc3967-5c7c-495d-a17c-6a3040aec8af.vec","level":"\u001b[34minfo\u001b[39m","timestamp":"2019-01-30 17:30:00"}
{"message":"garbage collector deleted  812c0fae-0894-4e07-bb2e-becda5359052.src on folder: C:\\develop\\nodejs\\projects\\aitam\\work\\, path: C:\\develop\\nodejs\\projects\\aitam\\work\\812c0fae-0894-4e07-bb2e-becda5359052.src","level":"\u001b[34minfo\u001b[39m","timestamp":"2019-01-30 17:30:00"}
{"message":"garbage collector deleted  7adc3967-5c7c-495d-a17c-6a3040aec8af.xml on folder: C:\\develop\\nodejs\\projects\\aitam\\work\\, path: C:\\develop\\nodejs\\projects\\aitam\\work\\7adc3967-5c7c-495d-a17c-6a3040aec8af.xml","level":"\u001b[34minfo\u001b[39m","timestamp":"2019-01-30 17:30:00"}
{"message":"garbage collector deleted  812c0fae-0894-4e07-bb2e-becda5359052.tkn on folder: C:\\develop\\nodejs\\projects\\aitam\\work\\, path: C:\\develop\\nodejs\\projects\\aitam\\work\\812c0fae-0894-4e07-bb2e-becda5359052.tkn","level":"\u001b[34minfo\u001b[39m","timestamp":"2019-01-30 17:30:00"}
{"message":"garbage collector deleted  812c0fae-0894-4e07-bb2e-becda5359052.vec on folder: C:\\develop\\nodejs\\projects\\aitam\\work\\, path: C:\\develop\\nodejs\\projects\\aitam\\work\\812c0fae-0894-4e07-bb2e-becda5359052.vec","level":"\u001b[34minfo\u001b[39m","timestamp":"2019-01-30 17:30:00"}
{"message":"garbage collector deleted  812c0fae-0894-4e07-bb2e-becda5359052.xml on folder: C:\\develop\\nodejs\\projects\\aitam\\work\\, path: C:\\develop\\nodejs\\projects\\aitam\\work\\812c0fae-0894-4e07-bb2e-becda5359052.xml","level":"\u001b[34minfo\u001b[39m","timestamp":"2019-01-30 17:30:00"}
{"message":"garbage collector deleted  89c2abf9-fc4a-4cc5-9f84-73a9816d6f3c.src on folder: C:\\develop\\nodejs\\projects\\aitam\\work\\, path: C:\\develop\\nodejs\\projects\\aitam\\work\\89c2abf9-fc4a-4cc5-9f84-73a9816d6f3c.src","level":"\u001b[34minfo\u001b[39m","timestamp":"2019-01-30 17:30:00"}
{"message":"garbage collector deleted  89c2abf9-fc4a-4cc5-9f84-73a9816d6f3c.tkn on folder: C:\\develop\\nodejs\\projects\\aitam\\work\\, path: C:\\develop\\nodejs\\projects\\aitam\\work\\89c2abf9-fc4a-4cc5-9f84-73a9816d6f3c.tkn","level":"\u001b[34minfo\u001b[39m","timestamp":"2019-01-30 17:30:00"}
{"message":"garbage collector deleted  89c2abf9-fc4a-4cc5-9f84-73a9816d6f3c.vec on folder: C:\\develop\\nodejs\\projects\\aitam\\work\\, path: C:\\develop\\nodejs\\projects\\aitam\\work\\89c2abf9-fc4a-4cc5-9f84-73a9816d6f3c.vec","level":"\u001b[34minfo\u001b[39m","timestamp":"2019-01-30 17:30:00"}
{"message":"garbage collector deleted  89c2abf9-fc4a-4cc5-9f84-73a9816d6f3c.xml on folder: C:\\develop\\nodejs\\projects\\aitam\\work\\, path: C:\\develop\\nodejs\\projects\\aitam\\work\\89c2abf9-fc4a-4cc5-9f84-73a9816d6f3c.xml","level":"\u001b[34minfo\u001b[39m","timestamp":"2019-01-30 17:30:00"}
{"message":"garbage collector deleted  b40d5c45-6d21-4511-92ae-661480d0e0b0.src on folder: C:\\develop\\nodejs\\projects\\aitam\\work\\, path: C:\\develop\\nodejs\\projects\\aitam\\work\\b40d5c45-6d21-4511-92ae-661480d0e0b0.src","level":"\u001b[34minfo\u001b[39m","timestamp":"2019-01-30 17:30:00"}
{"message":"garbage collector deleted  b40d5c45-6d21-4511-92ae-661480d0e0b0.tkn on folder: C:\\develop\\nodejs\\projects\\aitam\\work\\, path: C:\\develop\\nodejs\\projects\\aitam\\work\\b40d5c45-6d21-4511-92ae-661480d0e0b0.tkn","level":"\u001b[34minfo\u001b[39m","timestamp":"2019-01-30 17:30:00"}
{"message":"garbage collector deleted  b40d5c45-6d21-4511-92ae-661480d0e0b0.vec on folder: C:\\develop\\nodejs\\projects\\aitam\\work\\, path: C:\\develop\\nodejs\\projects\\aitam\\work\\b40d5c45-6d21-4511-92ae-661480d0e0b0.vec","level":"\u001b[34minfo\u001b[39m","timestamp":"2019-01-30 17:30:00"}
{"message":"garbage collector deleted  b40d5c45-6d21-4511-92ae-661480d0e0b0.xml on folder: C:\\develop\\nodejs\\projects\\aitam\\work\\, path: C:\\develop\\nodejs\\projects\\aitam\\work\\b40d5c45-6d21-4511-92ae-661480d0e0b0.xml","level":"\u001b[34minfo\u001b[39m","timestamp":"2019-01-30 17:30:00"}
{"message":"garbage collector deleted  cf16d404-71fb-448d-8884-c9f0d2e727ef.src on folder: C:\\develop\\nodejs\\projects\\aitam\\work\\, path: C:\\develop\\nodejs\\projects\\aitam\\work\\cf16d404-71fb-448d-8884-c9f0d2e727ef.src","level":"\u001b[34minfo\u001b[39m","timestamp":"2019-01-30 17:30:00"}
{"message":"garbage collector deleted  cf16d404-71fb-448d-8884-c9f0d2e727ef.tkn on folder: C:\\develop\\nodejs\\projects\\aitam\\work\\, path: C:\\develop\\nodejs\\projects\\aitam\\work\\cf16d404-71fb-448d-8884-c9f0d2e727ef.tkn","level":"\u001b[34minfo\u001b[39m","timestamp":"2019-01-30 17:30:00"}
{"message":"garbage collector deleted  cf16d404-71fb-448d-8884-c9f0d2e727ef.vec on folder: C:\\develop\\nodejs\\projects\\aitam\\work\\, path: C:\\develop\\nodejs\\projects\\aitam\\work\\cf16d404-71fb-448d-8884-c9f0d2e727ef.vec","level":"\u001b[34minfo\u001b[39m","timestamp":"2019-01-30 17:30:00"}
{"message":"garbage collector deleted  cf16d404-71fb-448d-8884-c9f0d2e727ef.xml on folder: C:\\develop\\nodejs\\projects\\aitam\\work\\, path: C:\\develop\\nodejs\\projects\\aitam\\work\\cf16d404-71fb-448d-8884-c9f0d2e727ef.xml","level":"\u001b[34minfo\u001b[39m","timestamp":"2019-01-30 17:30:00"}
{"message":"garbage collector error:  Error: Can't delete C:\\develop\\nodejs\\projects\\aitam\\work\\20b34df2-22b7-414d-924f-723eca9fbd75.src","level":"\u001b[34minfo\u001b[39m","timestamp":"2019-01-30 17:30:00"}
{"message":"garbage collector error:  Error: Can't delete C:\\develop\\nodejs\\projects\\aitam\\work\\20b34df2-22b7-414d-924f-723eca9fbd75.tkn","level":"\u001b[34minfo\u001b[39m","timestamp":"2019-01-30 17:30:00"}
{"message":"garbage collector error:  Error: Can't delete C:\\develop\\nodejs\\projects\\aitam\\work\\20b34df2-22b7-414d-924f-723eca9fbd75.vec","level":"\u001b[34minfo\u001b[39m","timestamp":"2019-01-30 17:30:00"}
{"message":"garbage collector error:  Error: Can't delete C:\\develop\\nodejs\\projects\\aitam\\work\\20b34df2-22b7-414d-924f-723eca9fbd75.xml","level":"\u001b[34minfo\u001b[39m","timestamp":"2019-01-30 17:30:00"}
{"message":"garbage collector error:  Error: Can't delete C:\\develop\\nodejs\\projects\\aitam\\work\\296479c8-86c4-4358-b337-a8ed1306fdd5.src","level":"\u001b[34minfo\u001b[39m","timestamp":"2019-01-30 17:30:00"}
{"message":"garbage collector error:  Error: Can't delete C:\\develop\\nodejs\\projects\\aitam\\work\\296479c8-86c4-4358-b337-a8ed1306fdd5.tkn","level":"\u001b[34minfo\u001b[39m","timestamp":"2019-01-30 17:30:00"}
{"message":"garbage collector error:  Error: Can't delete C:\\develop\\nodejs\\projects\\aitam\\work\\296479c8-86c4-4358-b337-a8ed1306fdd5.vec","level":"\u001b[34minfo\u001b[39m","timestamp":"2019-01-30 17:30:00"}
{"message":"garbage collector error:  Error: Can't delete C:\\develop\\nodejs\\projects\\aitam\\work\\296479c8-86c4-4358-b337-a8ed1306fdd5.xml","level":"\u001b[34minfo\u001b[39m","timestamp":"2019-01-30 17:30:00"}
{"message":"garbage collector error:  Error: Can't delete C:\\develop\\nodejs\\projects\\aitam\\work\\4e3d80dc-5926-4bc6-ac29-bee1c956d0d0.src","level":"\u001b[34minfo\u001b[39m","timestamp":"2019-01-30 17:30:00"}
{"message":"garbage collector error:  Error: Can't delete C:\\develop\\nodejs\\projects\\aitam\\work\\4e3d80dc-5926-4bc6-ac29-bee1c956d0d0.tkn","level":"\u001b[34minfo\u001b[39m","timestamp":"2019-01-30 17:30:00"}
{"message":"garbage collector error:  Error: Can't delete C:\\develop\\nodejs\\projects\\aitam\\work\\4e3d80dc-5926-4bc6-ac29-bee1c956d0d0.vec","level":"\u001b[34minfo\u001b[39m","timestamp":"2019-01-30 17:30:00"}
{"message":"garbage collector error:  Error: Can't delete C:\\develop\\nodejs\\projects\\aitam\\work\\4e3d80dc-5926-4bc6-ac29-bee1c956d0d0.xml","level":"\u001b[34minfo\u001b[39m","timestamp":"2019-01-30 17:30:00"}
{"message":"garbage collector error:  Error: Can't delete C:\\develop\\nodejs\\projects\\aitam\\work\\7adc3967-5c7c-495d-a17c-6a3040aec8af.src","level":"\u001b[34minfo\u001b[39m","timestamp":"2019-01-30 17:30:00"}
{"message":"garbage collector error:  Error: Can't delete C:\\develop\\nodejs\\projects\\aitam\\work\\7adc3967-5c7c-495d-a17c-6a3040aec8af.tkn","level":"\u001b[34minfo\u001b[39m","timestamp":"2019-01-30 17:30:00"}
{"message":"garbage collector error:  Error: Can't delete C:\\develop\\nodejs\\projects\\aitam\\work\\7adc3967-5c7c-495d-a17c-6a3040aec8af.vec","level":"\u001b[34minfo\u001b[39m","timestamp":"2019-01-30 17:30:00"}
{"message":"garbage collector error:  Error: Can't delete C:\\develop\\nodejs\\projects\\aitam\\work\\7adc3967-5c7c-495d-a17c-6a3040aec8af.xml","level":"\u001b[34minfo\u001b[39m","timestamp":"2019-01-30 17:30:00"}
{"message":"garbage collector error:  Error: Can't delete C:\\develop\\nodejs\\projects\\aitam\\work\\812c0fae-0894-4e07-bb2e-becda5359052.src","level":"\u001b[34minfo\u001b[39m","timestamp":"2019-01-30 17:30:00"}
{"message":"garbage collector error:  Error: Can't delete C:\\develop\\nodejs\\projects\\aitam\\work\\812c0fae-0894-4e07-bb2e-becda5359052.tkn","level":"\u001b[34minfo\u001b[39m","timestamp":"2019-01-30 17:30:00"}
{"message":"garbage collector error:  Error: Can't delete C:\\develop\\nodejs\\projects\\aitam\\work\\812c0fae-0894-4e07-bb2e-becda5359052.vec","level":"\u001b[34minfo\u001b[39m","timestamp":"2019-01-30 17:30:00"}
{"message":"garbage collector error:  Error: Can't delete C:\\develop\\nodejs\\projects\\aitam\\work\\812c0fae-0894-4e07-bb2e-becda5359052.xml","level":"\u001b[34minfo\u001b[39m","timestamp":"2019-01-30 17:30:00"}
{"message":"garbage collector error:  Error: Can't delete C:\\develop\\nodejs\\projects\\aitam\\work\\89c2abf9-fc4a-4cc5-9f84-73a9816d6f3c.src","level":"\u001b[34minfo\u001b[39m","timestamp":"2019-01-30 17:30:00"}
{"message":"garbage collector error:  Error: Can't delete C:\\develop\\nodejs\\projects\\aitam\\work\\89c2abf9-fc4a-4cc5-9f84-73a9816d6f3c.tkn","level":"\u001b[34minfo\u001b[39m","timestamp":"2019-01-30 17:30:00"}
{"message":"garbage collector error:  Error: Can't delete C:\\develop\\nodejs\\projects\\aitam\\work\\89c2abf9-fc4a-4cc5-9f84-73a9816d6f3c.vec","level":"\u001b[34minfo\u001b[39m","timestamp":"2019-01-30 17:30:00"}
{"message":"garbage collector error:  Error: Can't delete C:\\develop\\nodejs\\projects\\aitam\\work\\89c2abf9-fc4a-4cc5-9f84-73a9816d6f3c.xml","level":"\u001b[34minfo\u001b[39m","timestamp":"2019-01-30 17:30:00"}
{"message":"garbage collector error:  Error: Can't delete C:\\develop\\nodejs\\projects\\aitam\\work\\b40d5c45-6d21-4511-92ae-661480d0e0b0.src","level":"\u001b[34minfo\u001b[39m","timestamp":"2019-01-30 17:30:00"}
{"message":"garbage collector error:  Error: Can't delete C:\\develop\\nodejs\\projects\\aitam\\work\\b40d5c45-6d21-4511-92ae-661480d0e0b0.tkn","level":"\u001b[34minfo\u001b[39m","timestamp":"2019-01-30 17:30:00"}
{"message":"garbage collector error:  Error: Can't delete C:\\develop\\nodejs\\projects\\aitam\\work\\b40d5c45-6d21-4511-92ae-661480d0e0b0.vec","level":"\u001b[34minfo\u001b[39m","timestamp":"2019-01-30 17:30:00"}
{"message":"garbage collector error:  Error: Can't delete C:\\develop\\nodejs\\projects\\aitam\\work\\b40d5c45-6d21-4511-92ae-661480d0e0b0.xml","level":"\u001b[34minfo\u001b[39m","timestamp":"2019-01-30 17:30:00"}
{"message":"garbage collector error:  Error: Can't delete C:\\develop\\nodejs\\projects\\aitam\\work\\cf16d404-71fb-448d-8884-c9f0d2e727ef.src","level":"\u001b[34minfo\u001b[39m","timestamp":"2019-01-30 17:30:00"}
{"message":"garbage collector error:  Error: Can't delete C:\\develop\\nodejs\\projects\\aitam\\work\\cf16d404-71fb-448d-8884-c9f0d2e727ef.tkn","level":"\u001b[34minfo\u001b[39m","timestamp":"2019-01-30 17:30:00"}
{"message":"garbage collector error:  Error: Can't delete C:\\develop\\nodejs\\projects\\aitam\\work\\cf16d404-71fb-448d-8884-c9f0d2e727ef.vec","level":"\u001b[34minfo\u001b[39m","timestamp":"2019-01-30 17:30:00"}
{"message":"garbage collector error:  Error: Can't delete C:\\develop\\nodejs\\projects\\aitam\\work\\cf16d404-71fb-448d-8884-c9f0d2e727ef.xml","level":"\u001b[34minfo\u001b[39m","timestamp":"2019-01-30 17:30:00"}
{"message":"garbage collector started on path: C:\\develop\\nodejs\\projects\\aitam\\work\\","level":"\u001b[34minfo\u001b[39m","timestamp":"2019-01-30 17:31:56"}
{"message":"garbage collector started on path: C:\\develop\\nodejs\\projects\\aitam\\work\\","level":"\u001b[34minfo\u001b[39m","timestamp":"2019-01-30 17:32:05"}
{"message":"req.user: undefined","level":"\u001b[34minfo\u001b[39m","timestamp":"2019-01-30 17:32:13"}
{"message":"Session id started: {\"user\":\"2f24vvg\"}","level":"\u001b[34minfo\u001b[39m","timestamp":"2019-01-30 17:32:13"}
{"message":"User logged in: {\"id\":\"2f24vvg\",\"email\":\"test@test.com\",\"password\":\"$2a$10$A2g6pbxxhLA9MNYRJ0rnzOf/7Ara76B0KcRdjzUcsIBIclRuas/fG\"}","level":"\u001b[34minfo\u001b[39m","timestamp":"2019-01-30 17:32:13"}
{"message":"User (2f24vvg) uploaded a file: {\"file-upload\":{\"size\":454120,\"path\":\"C:\\\\develop\\\\nodejs\\\\projects\\\\aitam\\\\work\\\\93c411a2-0675-4e26-97dc-6dcf7be0477d.xml\",\"name\":\"test_site2.xml\",\"type\":\"text/xml\",\"mtime\":\"2019-01-30T17:32:43.469Z\"}}","level":"\u001b[34minfo\u001b[39m","timestamp":"2019-01-30 17:32:43"}
{"message":"Graph db error: TypeError: Cannot read property 'id' of undefined","level":"\u001b[33mwarn\u001b[39m","timestamp":"2019-01-30 17:33:10"}
{"message":"garbage collector started on path: C:\\develop\\nodejs\\projects\\aitam\\work\\","level":"\u001b[34minfo\u001b[39m","timestamp":"2019-01-30 17:34:40"}
{"message":"req.user: undefined","level":"\u001b[34minfo\u001b[39m","timestamp":"2019-01-30 17:34:45"}
{"message":"Session id started: {\"user\":\"2f24vvg\"}","level":"\u001b[34minfo\u001b[39m","timestamp":"2019-01-30 17:34:45"}
{"message":"User logged in: {\"id\":\"2f24vvg\",\"email\":\"test@test.com\",\"password\":\"$2a$10$A2g6pbxxhLA9MNYRJ0rnzOf/7Ara76B0KcRdjzUcsIBIclRuas/fG\"}","level":"\u001b[34minfo\u001b[39m","timestamp":"2019-01-30 17:34:45"}
{"message":"User (2f24vvg) uploaded a file: {\"file-upload\":{\"size\":454120,\"path\":\"C:\\\\develop\\\\nodejs\\\\projects\\\\aitam\\\\work\\\\46fecd65-134b-4fe2-9f78-c1117bf2841c.xml\",\"name\":\"test_site2.xml\",\"type\":\"text/xml\",\"mtime\":\"2019-01-30T17:34:50.767Z\"}}","level":"\u001b[34minfo\u001b[39m","timestamp":"2019-01-30 17:34:50"}
{"message":"garbage collector started on path: C:\\develop\\nodejs\\projects\\aitam\\work\\","level":"\u001b[34minfo\u001b[39m","timestamp":"2019-01-30 17:35:32"}
{"message":"req.user: undefined","level":"\u001b[34minfo\u001b[39m","timestamp":"2019-01-30 17:35:40"}
{"message":"Session id started: {\"user\":\"2f24vvg\"}","level":"\u001b[34minfo\u001b[39m","timestamp":"2019-01-30 17:35:40"}
{"message":"User logged in: {\"id\":\"2f24vvg\",\"email\":\"test@test.com\",\"password\":\"$2a$10$A2g6pbxxhLA9MNYRJ0rnzOf/7Ara76B0KcRdjzUcsIBIclRuas/fG\"}","level":"\u001b[34minfo\u001b[39m","timestamp":"2019-01-30 17:35:40"}
{"message":"User (2f24vvg) uploaded a file: {\"file-upload\":{\"size\":454120,\"path\":\"C:\\\\develop\\\\nodejs\\\\projects\\\\aitam\\\\work\\\\71423231-17df-4bbf-864d-f7fe9a39cac0.xml\",\"name\":\"test_site2.xml\",\"type\":\"text/xml\",\"mtime\":\"2019-01-30T17:35:46.350Z\"}}","level":"\u001b[34minfo\u001b[39m","timestamp":"2019-01-30 17:35:46"}
{"message":"Graph db error: TypeError: Cannot read property 'low' of undefined","level":"\u001b[33mwarn\u001b[39m","timestamp":"2019-01-30 17:35:53"}
{"message":"garbage collector started on path: C:\\develop\\nodejs\\projects\\aitam\\work\\","level":"\u001b[34minfo\u001b[39m","timestamp":"2019-01-30 17:37:03"}
{"message":"req.user: undefined","level":"\u001b[34minfo\u001b[39m","timestamp":"2019-01-30 17:37:09"}
{"message":"Session id started: {\"user\":\"2f24vvg\"}","level":"\u001b[34minfo\u001b[39m","timestamp":"2019-01-30 17:37:09"}
{"message":"User logged in: {\"id\":\"2f24vvg\",\"email\":\"test@test.com\",\"password\":\"$2a$10$A2g6pbxxhLA9MNYRJ0rnzOf/7Ara76B0KcRdjzUcsIBIclRuas/fG\"}","level":"\u001b[34minfo\u001b[39m","timestamp":"2019-01-30 17:37:09"}
{"message":"User (2f24vvg) uploaded a file: {\"file-upload\":{\"size\":454120,\"path\":\"C:\\\\develop\\\\nodejs\\\\projects\\\\aitam\\\\work\\\\301683ea-af2e-450e-82fc-c7b21333d4ac.xml\",\"name\":\"test_site2.xml\",\"type\":\"text/xml\",\"mtime\":\"2019-01-30T17:37:15.312Z\"}}","level":"\u001b[34minfo\u001b[39m","timestamp":"2019-01-30 17:37:15"}
{"message":"Graph db error: TypeError: Cannot read property 'Integer' of undefined","level":"\u001b[33mwarn\u001b[39m","timestamp":"2019-01-30 17:37:23"}
{"message":"garbage collector started on path: C:\\develop\\nodejs\\projects\\aitam\\work\\","level":"\u001b[34minfo\u001b[39m","timestamp":"2019-01-30 17:37:44"}
{"message":"req.user: undefined","level":"\u001b[34minfo\u001b[39m","timestamp":"2019-01-30 17:37:49"}
{"message":"Session id started: {\"user\":\"2f24vvg\"}","level":"\u001b[34minfo\u001b[39m","timestamp":"2019-01-30 17:37:49"}
{"message":"User logged in: {\"id\":\"2f24vvg\",\"email\":\"test@test.com\",\"password\":\"$2a$10$A2g6pbxxhLA9MNYRJ0rnzOf/7Ara76B0KcRdjzUcsIBIclRuas/fG\"}","level":"\u001b[34minfo\u001b[39m","timestamp":"2019-01-30 17:37:49"}
{"message":"User (2f24vvg) uploaded a file: {\"file-upload\":{\"size\":454120,\"path\":\"C:\\\\develop\\\\nodejs\\\\projects\\\\aitam\\\\work\\\\892d0f08-1b33-4d8a-82b3-0e4b8c4353af.xml\",\"name\":\"test_site2.xml\",\"type\":\"text/xml\",\"mtime\":\"2019-01-30T17:38:00.090Z\"}}","level":"\u001b[34minfo\u001b[39m","timestamp":"2019-01-30 17:38:00"}
{"message":"garbage collector started on path: C:\\develop\\nodejs\\projects\\aitam\\work\\","level":"\u001b[34minfo\u001b[39m","timestamp":"2019-01-30 17:39:39"}
{"message":"req.user: undefined","level":"\u001b[34minfo\u001b[39m","timestamp":"2019-01-30 17:39:49"}
{"message":"Session id started: {\"user\":\"2f24vvg\"}","level":"\u001b[34minfo\u001b[39m","timestamp":"2019-01-30 17:39:49"}
{"message":"User logged in: {\"id\":\"2f24vvg\",\"email\":\"test@test.com\",\"password\":\"$2a$10$A2g6pbxxhLA9MNYRJ0rnzOf/7Ara76B0KcRdjzUcsIBIclRuas/fG\"}","level":"\u001b[34minfo\u001b[39m","timestamp":"2019-01-30 17:39:49"}
{"message":"User (2f24vvg) uploaded a file: {\"file-upload\":{\"size\":454120,\"path\":\"C:\\\\develop\\\\nodejs\\\\projects\\\\aitam\\\\work\\\\7f0cc8e0-e2b4-4261-99aa-e2bd52bb8177.xml\",\"name\":\"test_site2.xml\",\"type\":\"text/xml\",\"mtime\":\"2019-01-30T17:39:56.934Z\"}}","level":"\u001b[34minfo\u001b[39m","timestamp":"2019-01-30 17:39:56"}
{"message":"Graph db error: TypeError: Cannot read property 'low' of undefined","level":"\u001b[33mwarn\u001b[39m","timestamp":"2019-01-30 17:40:05"}
{"message":"garbage collector started on path: C:\\develop\\nodejs\\projects\\aitam\\work\\","level":"\u001b[34minfo\u001b[39m","timestamp":"2019-01-30 17:41:55"}
{"message":"garbage collector started on path: C:\\develop\\nodejs\\projects\\aitam\\work\\","level":"\u001b[34minfo\u001b[39m","timestamp":"2019-01-30 17:42:22"}
{"message":"req.user: undefined","level":"\u001b[34minfo\u001b[39m","timestamp":"2019-01-30 17:42:36"}
{"message":"Session id started: {\"user\":\"2f24vvg\"}","level":"\u001b[34minfo\u001b[39m","timestamp":"2019-01-30 17:42:36"}
{"message":"User logged in: {\"id\":\"2f24vvg\",\"email\":\"test@test.com\",\"password\":\"$2a$10$A2g6pbxxhLA9MNYRJ0rnzOf/7Ara76B0KcRdjzUcsIBIclRuas/fG\"}","level":"\u001b[34minfo\u001b[39m","timestamp":"2019-01-30 17:42:36"}
{"message":"User (2f24vvg) uploaded a file: {\"file-upload\":{\"size\":454120,\"path\":\"C:\\\\develop\\\\nodejs\\\\projects\\\\aitam\\\\work\\\\90bfb4bd-6147-4460-b40f-c6ede22f99ba.xml\",\"name\":\"test_site2.xml\",\"type\":\"text/xml\",\"mtime\":\"2019-01-30T17:42:43.449Z\"}}","level":"\u001b[34minfo\u001b[39m","timestamp":"2019-01-30 17:42:43"}
{"message":"garbage collector started on path: C:\\develop\\nodejs\\projects\\aitam\\work\\","level":"\u001b[34minfo\u001b[39m","timestamp":"2019-01-30 17:47:47"}
{"message":"req.user: undefined","level":"\u001b[34minfo\u001b[39m","timestamp":"2019-01-30 17:47:57"}
{"message":"Session id started: {\"user\":\"2f24vvg\"}","level":"\u001b[34minfo\u001b[39m","timestamp":"2019-01-30 17:47:57"}
{"message":"User logged in: {\"id\":\"2f24vvg\",\"email\":\"test@test.com\",\"password\":\"$2a$10$A2g6pbxxhLA9MNYRJ0rnzOf/7Ara76B0KcRdjzUcsIBIclRuas/fG\"}","level":"\u001b[34minfo\u001b[39m","timestamp":"2019-01-30 17:47:57"}
{"message":"User (2f24vvg) uploaded a file: {\"file-upload\":{\"size\":454120,\"path\":\"C:\\\\develop\\\\nodejs\\\\projects\\\\aitam\\\\work\\\\4f922970-8f21-41d8-89ea-d55e8ebc0bba.xml\",\"name\":\"test_site2.xml\",\"type\":\"text/xml\",\"mtime\":\"2019-01-30T17:48:03.251Z\"}}","level":"\u001b[34minfo\u001b[39m","timestamp":"2019-01-30 17:48:03"}
{"message":"garbage collector started on path: C:\\develop\\nodejs\\projects\\aitam\\work\\","level":"\u001b[34minfo\u001b[39m","timestamp":"2019-01-30 17:51:50"}
{"message":"garbage collector started on path: C:\\develop\\nodejs\\projects\\aitam\\work\\","level":"\u001b[34minfo\u001b[39m","timestamp":"2019-01-30 17:52:06"}
{"message":"Session created received the id:486b11a1-3166-444a-b8c7-e8e32cb57c2a","level":"\u001b[34minfo\u001b[39m","timestamp":"2019-01-30 17:52:10"}
{"message":"req.user: undefined","level":"\u001b[34minfo\u001b[39m","timestamp":"2019-01-30 17:52:14"}
{"message":"Session id started: {\"user\":\"2f24vvg\"}","level":"\u001b[34minfo\u001b[39m","timestamp":"2019-01-30 17:52:14"}
{"message":"User logged in: {\"id\":\"2f24vvg\",\"email\":\"test@test.com\",\"password\":\"$2a$10$A2g6pbxxhLA9MNYRJ0rnzOf/7Ara76B0KcRdjzUcsIBIclRuas/fG\"}","level":"\u001b[34minfo\u001b[39m","timestamp":"2019-01-30 17:52:14"}
{"message":"User (2f24vvg) uploaded a file: {\"file-upload\":{\"size\":454120,\"path\":\"C:\\\\develop\\\\nodejs\\\\projects\\\\aitam\\\\work\\\\486b11a1-3166-444a-b8c7-e8e32cb57c2a.xml\",\"name\":\"test_site2.xml\",\"type\":\"text/xml\",\"mtime\":\"2019-01-30T17:52:18.998Z\"}}","level":"\u001b[34minfo\u001b[39m","timestamp":"2019-01-30 17:52:19"}
{"message":"Graph db error: TypeError: nodeid.replace is not a function","level":"\u001b[33mwarn\u001b[39m","timestamp":"2019-01-30 17:52:27"}
{"message":"garbage collector started on path: C:\\develop\\nodejs\\projects\\aitam\\work\\","level":"\u001b[34minfo\u001b[39m","timestamp":"2019-01-30 17:53:48"}
{"message":"req.user: undefined","level":"\u001b[34minfo\u001b[39m","timestamp":"2019-01-30 17:54:01"}
{"message":"Session id started: {\"user\":\"2f24vvg\"}","level":"\u001b[34minfo\u001b[39m","timestamp":"2019-01-30 17:54:01"}
{"message":"User logged in: {\"id\":\"2f24vvg\",\"email\":\"test@test.com\",\"password\":\"$2a$10$A2g6pbxxhLA9MNYRJ0rnzOf/7Ara76B0KcRdjzUcsIBIclRuas/fG\"}","level":"\u001b[34minfo\u001b[39m","timestamp":"2019-01-30 17:54:01"}
{"message":"User (2f24vvg) uploaded a file: {\"file-upload\":{\"size\":454120,\"path\":\"C:\\\\develop\\\\nodejs\\\\projects\\\\aitam\\\\work\\\\98e9b6e2-2caa-4393-8d78-f10f33bb29f4.xml\",\"name\":\"test_site2.xml\",\"type\":\"text/xml\",\"mtime\":\"2019-01-30T17:54:06.891Z\"}}","level":"\u001b[34minfo\u001b[39m","timestamp":"2019-01-30 17:54:06"}
{"message":"garbage collector started on path: C:\\develop\\nodejs\\projects\\aitam\\work\\","level":"\u001b[34minfo\u001b[39m","timestamp":"2019-01-30 17:55:24"}
{"message":"req.user: undefined","level":"\u001b[34minfo\u001b[39m","timestamp":"2019-01-30 17:55:28"}
{"message":"Session id started: {\"user\":\"2f24vvg\"}","level":"\u001b[34minfo\u001b[39m","timestamp":"2019-01-30 17:55:28"}
{"message":"User logged in: {\"id\":\"2f24vvg\",\"email\":\"test@test.com\",\"password\":\"$2a$10$A2g6pbxxhLA9MNYRJ0rnzOf/7Ara76B0KcRdjzUcsIBIclRuas/fG\"}","level":"\u001b[34minfo\u001b[39m","timestamp":"2019-01-30 17:55:28"}
{"message":"User (2f24vvg) uploaded a file: {\"file-upload\":{\"size\":454120,\"path\":\"C:\\\\develop\\\\nodejs\\\\projects\\\\aitam\\\\work\\\\dfbecdd3-bdd9-43d9-a789-503c7959d2db.xml\",\"name\":\"test_site2.xml\",\"type\":\"text/xml\",\"mtime\":\"2019-01-30T17:55:34.502Z\"}}","level":"\u001b[34minfo\u001b[39m","timestamp":"2019-01-30 17:55:34"}
{"message":"garbage collector started on path: C:\\develop\\nodejs\\projects\\aitam\\work\\","level":"\u001b[34minfo\u001b[39m","timestamp":"2019-01-30 17:56:58"}
{"message":"req.user: undefined","level":"\u001b[34minfo\u001b[39m","timestamp":"2019-01-30 17:57:04"}
{"message":"Session id started: {\"user\":\"2f24vvg\"}","level":"\u001b[34minfo\u001b[39m","timestamp":"2019-01-30 17:57:04"}
{"message":"User logged in: {\"id\":\"2f24vvg\",\"email\":\"test@test.com\",\"password\":\"$2a$10$A2g6pbxxhLA9MNYRJ0rnzOf/7Ara76B0KcRdjzUcsIBIclRuas/fG\"}","level":"\u001b[34minfo\u001b[39m","timestamp":"2019-01-30 17:57:04"}
{"message":"User (2f24vvg) uploaded a file: {\"file-upload\":{\"size\":454120,\"path\":\"C:\\\\develop\\\\nodejs\\\\projects\\\\aitam\\\\work\\\\a6ec5b73-2021-4dc3-9f7b-a7727b8d2c55.xml\",\"name\":\"test_site2.xml\",\"type\":\"text/xml\",\"mtime\":\"2019-01-30T17:57:10.032Z\"}}","level":"\u001b[34minfo\u001b[39m","timestamp":"2019-01-30 17:57:10"}
{"message":"garbage collector started on path: C:\\develop\\nodejs\\projects\\aitam\\work\\","level":"\u001b[34minfo\u001b[39m","timestamp":"2019-01-30 17:57:53"}
{"message":"req.user: undefined","level":"\u001b[34minfo\u001b[39m","timestamp":"2019-01-30 17:58:00"}
{"message":"Session id started: {\"user\":\"2f24vvg\"}","level":"\u001b[34minfo\u001b[39m","timestamp":"2019-01-30 17:58:00"}
{"message":"User logged in: {\"id\":\"2f24vvg\",\"email\":\"test@test.com\",\"password\":\"$2a$10$A2g6pbxxhLA9MNYRJ0rnzOf/7Ara76B0KcRdjzUcsIBIclRuas/fG\"}","level":"\u001b[34minfo\u001b[39m","timestamp":"2019-01-30 17:58:00"}
{"message":"User (2f24vvg) uploaded a file: {\"file-upload\":{\"size\":454120,\"path\":\"C:\\\\develop\\\\nodejs\\\\projects\\\\aitam\\\\work\\\\2a75a5a4-7873-438a-9bb3-dfaa8b4ea037.xml\",\"name\":\"test_site2.xml\",\"type\":\"text/xml\",\"mtime\":\"2019-01-30T17:58:05.890Z\"}}","level":"\u001b[34minfo\u001b[39m","timestamp":"2019-01-30 17:58:05"}
