{"message":"garbage collector started on path: C:\\develop\\nodejs\\projects\\aitam\\work\\","level":"\u001b[34minfo\u001b[39m","timestamp":"2019-01-15 20:41:56"}
{"message":"garbage collector deleted  040da17d-1cfd-4b81-9f76-ac0cb00787a9.odt on folder: C:\\develop\\nodejs\\projects\\aitam\\work\\, path: C:\\develop\\nodejs\\projects\\aitam\\work\\040da17d-1cfd-4b81-9f76-ac0cb00787a9.odt","level":"\u001b[34minfo\u001b[39m","timestamp":"2019-01-15 20:45:00"}
{"message":"garbage collector deleted  34f08d5d-821b-4ffd-b7fa-67d8f7c6ee85.xml on folder: C:\\develop\\nodejs\\projects\\aitam\\work\\, path: C:\\develop\\nodejs\\projects\\aitam\\work\\34f08d5d-821b-4ffd-b7fa-67d8f7c6ee85.xml","level":"\u001b[34minfo\u001b[39m","timestamp":"2019-01-15 20:45:00"}
{"message":"garbage collector deleted  2bd42086-8e7b-410a-ad0c-dda1b0e2df9d.xml on folder: C:\\develop\\nodejs\\projects\\aitam\\work\\, path: C:\\develop\\nodejs\\projects\\aitam\\work\\2bd42086-8e7b-410a-ad0c-dda1b0e2df9d.xml","level":"\u001b[34minfo\u001b[39m","timestamp":"2019-01-15 20:45:00"}
{"message":"garbage collector deleted  040da17d-1cfd-4b81-9f76-ac0cb00787a9.xml on folder: C:\\develop\\nodejs\\projects\\aitam\\work\\, path: C:\\develop\\nodejs\\projects\\aitam\\work\\040da17d-1cfd-4b81-9f76-ac0cb00787a9.xml","level":"\u001b[34minfo\u001b[39m","timestamp":"2019-01-15 20:45:00"}
{"message":"garbage collector deleted  4bce12cd-756c-4dce-8d83-7bb9b2c673f8.odt on folder: C:\\develop\\nodejs\\projects\\aitam\\work\\, path: C:\\develop\\nodejs\\projects\\aitam\\work\\4bce12cd-756c-4dce-8d83-7bb9b2c673f8.odt","level":"\u001b[34minfo\u001b[39m","timestamp":"2019-01-15 20:45:00"}
{"message":"garbage collector deleted  4bce12cd-756c-4dce-8d83-7bb9b2c673f8.xml on folder: C:\\develop\\nodejs\\projects\\aitam\\work\\, path: C:\\develop\\nodejs\\projects\\aitam\\work\\4bce12cd-756c-4dce-8d83-7bb9b2c673f8.xml","level":"\u001b[34minfo\u001b[39m","timestamp":"2019-01-15 20:45:00"}
{"message":"garbage collector deleted  575d4772-3ebc-402f-bde3-f67a69f09c5f.xml on folder: C:\\develop\\nodejs\\projects\\aitam\\work\\, path: C:\\develop\\nodejs\\projects\\aitam\\work\\575d4772-3ebc-402f-bde3-f67a69f09c5f.xml","level":"\u001b[34minfo\u001b[39m","timestamp":"2019-01-15 20:45:00"}
{"message":"garbage collector deleted  646c9f36-e7a1-4cca-bf6c-d427a576c81d.odt on folder: C:\\develop\\nodejs\\projects\\aitam\\work\\, path: C:\\develop\\nodejs\\projects\\aitam\\work\\646c9f36-e7a1-4cca-bf6c-d427a576c81d.odt","level":"\u001b[34minfo\u001b[39m","timestamp":"2019-01-15 20:45:00"}
{"message":"garbage collector deleted  646c9f36-e7a1-4cca-bf6c-d427a576c81d.xml on folder: C:\\develop\\nodejs\\projects\\aitam\\work\\, path: C:\\develop\\nodejs\\projects\\aitam\\work\\646c9f36-e7a1-4cca-bf6c-d427a576c81d.xml","level":"\u001b[34minfo\u001b[39m","timestamp":"2019-01-15 20:45:00"}
{"message":"garbage collector deleted  737608d8-34c2-464c-8e8c-38401bf61279.odt on folder: C:\\develop\\nodejs\\projects\\aitam\\work\\, path: C:\\develop\\nodejs\\projects\\aitam\\work\\737608d8-34c2-464c-8e8c-38401bf61279.odt","level":"\u001b[34minfo\u001b[39m","timestamp":"2019-01-15 20:45:00"}
{"message":"garbage collector deleted  737608d8-34c2-464c-8e8c-38401bf61279.xml on folder: C:\\develop\\nodejs\\projects\\aitam\\work\\, path: C:\\develop\\nodejs\\projects\\aitam\\work\\737608d8-34c2-464c-8e8c-38401bf61279.xml","level":"\u001b[34minfo\u001b[39m","timestamp":"2019-01-15 20:45:00"}
{"message":"garbage collector deleted  9c18ebcc-1b02-4374-be9e-3fb0358c0ec6.xml on folder: C:\\develop\\nodejs\\projects\\aitam\\work\\, path: C:\\develop\\nodejs\\projects\\aitam\\work\\9c18ebcc-1b02-4374-be9e-3fb0358c0ec6.xml","level":"\u001b[34minfo\u001b[39m","timestamp":"2019-01-15 20:45:00"}
{"message":"garbage collector deleted  9ffe160c-0913-415b-b6b1-448156ac4ca1.odt on folder: C:\\develop\\nodejs\\projects\\aitam\\work\\, path: C:\\develop\\nodejs\\projects\\aitam\\work\\9ffe160c-0913-415b-b6b1-448156ac4ca1.odt","level":"\u001b[34minfo\u001b[39m","timestamp":"2019-01-15 20:45:00"}
{"message":"garbage collector deleted  9ffe160c-0913-415b-b6b1-448156ac4ca1.xml on folder: C:\\develop\\nodejs\\projects\\aitam\\work\\, path: C:\\develop\\nodejs\\projects\\aitam\\work\\9ffe160c-0913-415b-b6b1-448156ac4ca1.xml","level":"\u001b[34minfo\u001b[39m","timestamp":"2019-01-15 20:45:00"}
{"message":"garbage collector deleted  acf20a15-5038-4197-9573-7ce0fdcb2820.odt on folder: C:\\develop\\nodejs\\projects\\aitam\\work\\, path: C:\\develop\\nodejs\\projects\\aitam\\work\\acf20a15-5038-4197-9573-7ce0fdcb2820.odt","level":"\u001b[34minfo\u001b[39m","timestamp":"2019-01-15 20:45:00"}
{"message":"garbage collector deleted  acf20a15-5038-4197-9573-7ce0fdcb2820.xml on folder: C:\\develop\\nodejs\\projects\\aitam\\work\\, path: C:\\develop\\nodejs\\projects\\aitam\\work\\acf20a15-5038-4197-9573-7ce0fdcb2820.xml","level":"\u001b[34minfo\u001b[39m","timestamp":"2019-01-15 20:45:00"}
{"message":"garbage collector deleted  bf6bd138-0010-49f6-a0f7-f2d42e7d5eb4.xml on folder: C:\\develop\\nodejs\\projects\\aitam\\work\\, path: C:\\develop\\nodejs\\projects\\aitam\\work\\bf6bd138-0010-49f6-a0f7-f2d42e7d5eb4.xml","level":"\u001b[34minfo\u001b[39m","timestamp":"2019-01-15 20:45:00"}
{"message":"garbage collector deleted  bfdf890e-fa3b-46c1-86e7-8ccdd9b97720.xml on folder: C:\\develop\\nodejs\\projects\\aitam\\work\\, path: C:\\develop\\nodejs\\projects\\aitam\\work\\bfdf890e-fa3b-46c1-86e7-8ccdd9b97720.xml","level":"\u001b[34minfo\u001b[39m","timestamp":"2019-01-15 20:45:00"}
{"message":"garbage collector deleted  c7722011-12f7-4c66-b675-8f3ca707921e.odt on folder: C:\\develop\\nodejs\\projects\\aitam\\work\\, path: C:\\develop\\nodejs\\projects\\aitam\\work\\c7722011-12f7-4c66-b675-8f3ca707921e.odt","level":"\u001b[34minfo\u001b[39m","timestamp":"2019-01-15 20:45:00"}
{"message":"garbage collector deleted  c7722011-12f7-4c66-b675-8f3ca707921e.xml on folder: C:\\develop\\nodejs\\projects\\aitam\\work\\, path: C:\\develop\\nodejs\\projects\\aitam\\work\\c7722011-12f7-4c66-b675-8f3ca707921e.xml","level":"\u001b[34minfo\u001b[39m","timestamp":"2019-01-15 20:45:00"}
{"message":"garbage collector deleted  cb324fbe-65d6-4a83-a22b-c181895f511a.odt on folder: C:\\develop\\nodejs\\projects\\aitam\\work\\, path: C:\\develop\\nodejs\\projects\\aitam\\work\\cb324fbe-65d6-4a83-a22b-c181895f511a.odt","level":"\u001b[34minfo\u001b[39m","timestamp":"2019-01-15 20:45:00"}
{"message":"garbage collector deleted  cb324fbe-65d6-4a83-a22b-c181895f511a.xml on folder: C:\\develop\\nodejs\\projects\\aitam\\work\\, path: C:\\develop\\nodejs\\projects\\aitam\\work\\cb324fbe-65d6-4a83-a22b-c181895f511a.xml","level":"\u001b[34minfo\u001b[39m","timestamp":"2019-01-15 20:45:00"}
{"message":"garbage collector deleted  cd9e5b37-a21f-459b-89d0-985420618e81.odt on folder: C:\\develop\\nodejs\\projects\\aitam\\work\\, path: C:\\develop\\nodejs\\projects\\aitam\\work\\cd9e5b37-a21f-459b-89d0-985420618e81.odt","level":"\u001b[34minfo\u001b[39m","timestamp":"2019-01-15 20:45:00"}
{"message":"garbage collector deleted  cd9e5b37-a21f-459b-89d0-985420618e81.xml on folder: C:\\develop\\nodejs\\projects\\aitam\\work\\, path: C:\\develop\\nodejs\\projects\\aitam\\work\\cd9e5b37-a21f-459b-89d0-985420618e81.xml","level":"\u001b[34minfo\u001b[39m","timestamp":"2019-01-15 20:45:00"}
{"message":"garbage collector deleted  d88dd330-fcf1-46ec-a276-5c4585a324ef.xml on folder: C:\\develop\\nodejs\\projects\\aitam\\work\\, path: C:\\develop\\nodejs\\projects\\aitam\\work\\d88dd330-fcf1-46ec-a276-5c4585a324ef.xml","level":"\u001b[34minfo\u001b[39m","timestamp":"2019-01-15 20:45:00"}
{"message":"garbage collector deleted  da59e566-5b3d-459f-b219-fe33bbe466a2.xml on folder: C:\\develop\\nodejs\\projects\\aitam\\work\\, path: C:\\develop\\nodejs\\projects\\aitam\\work\\da59e566-5b3d-459f-b219-fe33bbe466a2.xml","level":"\u001b[34minfo\u001b[39m","timestamp":"2019-01-15 20:45:00"}
{"message":"garbage collector deleted  df20757b-20fc-4122-bcb4-3994ae901d89.xml on folder: C:\\develop\\nodejs\\projects\\aitam\\work\\, path: C:\\develop\\nodejs\\projects\\aitam\\work\\df20757b-20fc-4122-bcb4-3994ae901d89.xml","level":"\u001b[34minfo\u001b[39m","timestamp":"2019-01-15 20:45:00"}
{"message":"garbage collector deleted  e1a51c18-2b4a-4c68-8753-c33f5600fc95.xml on folder: C:\\develop\\nodejs\\projects\\aitam\\work\\, path: C:\\develop\\nodejs\\projects\\aitam\\work\\e1a51c18-2b4a-4c68-8753-c33f5600fc95.xml","level":"\u001b[34minfo\u001b[39m","timestamp":"2019-01-15 20:45:00"}
{"message":"garbage collector deleted  e6fb585f-7a8a-464c-98f1-48eff507aa31.odt on folder: C:\\develop\\nodejs\\projects\\aitam\\work\\, path: C:\\develop\\nodejs\\projects\\aitam\\work\\e6fb585f-7a8a-464c-98f1-48eff507aa31.odt","level":"\u001b[34minfo\u001b[39m","timestamp":"2019-01-15 20:45:00"}
{"message":"garbage collector deleted  e6fb585f-7a8a-464c-98f1-48eff507aa31.xml on folder: C:\\develop\\nodejs\\projects\\aitam\\work\\, path: C:\\develop\\nodejs\\projects\\aitam\\work\\e6fb585f-7a8a-464c-98f1-48eff507aa31.xml","level":"\u001b[34minfo\u001b[39m","timestamp":"2019-01-15 20:45:00"}
{"message":"garbage collector deleted  eb9d1faa-d41e-4ba8-8f0f-9182f392cd59.xml on folder: C:\\develop\\nodejs\\projects\\aitam\\work\\, path: C:\\develop\\nodejs\\projects\\aitam\\work\\eb9d1faa-d41e-4ba8-8f0f-9182f392cd59.xml","level":"\u001b[34minfo\u001b[39m","timestamp":"2019-01-15 20:45:00"}
{"message":"garbage collector deleted  fc13a3e2-2858-403f-8bf4-45ef0472636c.odt on folder: C:\\develop\\nodejs\\projects\\aitam\\work\\, path: C:\\develop\\nodejs\\projects\\aitam\\work\\fc13a3e2-2858-403f-8bf4-45ef0472636c.odt","level":"\u001b[34minfo\u001b[39m","timestamp":"2019-01-15 20:45:00"}
{"message":"garbage collector deleted  fc13a3e2-2858-403f-8bf4-45ef0472636c.xml on folder: C:\\develop\\nodejs\\projects\\aitam\\work\\, path: C:\\develop\\nodejs\\projects\\aitam\\work\\fc13a3e2-2858-403f-8bf4-45ef0472636c.xml","level":"\u001b[34minfo\u001b[39m","timestamp":"2019-01-15 20:45:00"}
{"message":"garbage collector error:  Error: Can't delete C:\\develop\\nodejs\\projects\\aitam\\work\\040da17d-1cfd-4b81-9f76-ac0cb00787a9.xml","level":"\u001b[34minfo\u001b[39m","timestamp":"2019-01-15 20:45:00"}
{"message":"garbage collector error:  Error: Can't delete C:\\develop\\nodejs\\projects\\aitam\\work\\040da17d-1cfd-4b81-9f76-ac0cb00787a9.odt","level":"\u001b[34minfo\u001b[39m","timestamp":"2019-01-15 20:45:00"}
{"message":"garbage collector error:  Error: Can't delete C:\\develop\\nodejs\\projects\\aitam\\work\\2bd42086-8e7b-410a-ad0c-dda1b0e2df9d.xml","level":"\u001b[34minfo\u001b[39m","timestamp":"2019-01-15 20:45:00"}
{"message":"garbage collector error:  Error: Can't delete C:\\develop\\nodejs\\projects\\aitam\\work\\4bce12cd-756c-4dce-8d83-7bb9b2c673f8.xml","level":"\u001b[34minfo\u001b[39m","timestamp":"2019-01-15 20:45:00"}
{"message":"garbage collector error:  Error: Can't delete C:\\develop\\nodejs\\projects\\aitam\\work\\575d4772-3ebc-402f-bde3-f67a69f09c5f.xml","level":"\u001b[34minfo\u001b[39m","timestamp":"2019-01-15 20:45:00"}
{"message":"garbage collector error:  Error: Can't delete C:\\develop\\nodejs\\projects\\aitam\\work\\646c9f36-e7a1-4cca-bf6c-d427a576c81d.odt","level":"\u001b[34minfo\u001b[39m","timestamp":"2019-01-15 20:45:00"}
{"message":"garbage collector error:  Error: Can't delete C:\\develop\\nodejs\\projects\\aitam\\work\\646c9f36-e7a1-4cca-bf6c-d427a576c81d.xml","level":"\u001b[34minfo\u001b[39m","timestamp":"2019-01-15 20:45:01"}
{"message":"garbage collector error:  Error: Can't delete C:\\develop\\nodejs\\projects\\aitam\\work\\737608d8-34c2-464c-8e8c-38401bf61279.odt","level":"\u001b[34minfo\u001b[39m","timestamp":"2019-01-15 20:45:01"}
{"message":"garbage collector error:  Error: Can't delete C:\\develop\\nodejs\\projects\\aitam\\work\\737608d8-34c2-464c-8e8c-38401bf61279.xml","level":"\u001b[34minfo\u001b[39m","timestamp":"2019-01-15 20:45:01"}
{"message":"garbage collector error:  Error: Can't delete C:\\develop\\nodejs\\projects\\aitam\\work\\9c18ebcc-1b02-4374-be9e-3fb0358c0ec6.xml","level":"\u001b[34minfo\u001b[39m","timestamp":"2019-01-15 20:45:01"}
{"message":"garbage collector error:  Error: Can't delete C:\\develop\\nodejs\\projects\\aitam\\work\\9ffe160c-0913-415b-b6b1-448156ac4ca1.odt","level":"\u001b[34minfo\u001b[39m","timestamp":"2019-01-15 20:45:01"}
{"message":"garbage collector error:  Error: Can't delete C:\\develop\\nodejs\\projects\\aitam\\work\\9ffe160c-0913-415b-b6b1-448156ac4ca1.xml","level":"\u001b[34minfo\u001b[39m","timestamp":"2019-01-15 20:45:01"}
{"message":"garbage collector error:  Error: Can't delete C:\\develop\\nodejs\\projects\\aitam\\work\\acf20a15-5038-4197-9573-7ce0fdcb2820.odt","level":"\u001b[34minfo\u001b[39m","timestamp":"2019-01-15 20:45:01"}
{"message":"garbage collector error:  Error: Can't delete C:\\develop\\nodejs\\projects\\aitam\\work\\acf20a15-5038-4197-9573-7ce0fdcb2820.xml","level":"\u001b[34minfo\u001b[39m","timestamp":"2019-01-15 20:45:01"}
{"message":"garbage collector deleted  fe6b42f7-763c-4dd7-977e-6e87dc8f474d.xml on folder: C:\\develop\\nodejs\\projects\\aitam\\work\\, path: C:\\develop\\nodejs\\projects\\aitam\\work\\fe6b42f7-763c-4dd7-977e-6e87dc8f474d.xml","level":"\u001b[34minfo\u001b[39m","timestamp":"2019-01-15 20:45:01"}
{"message":"garbage collector error:  Error: Can't delete C:\\develop\\nodejs\\projects\\aitam\\work\\4bce12cd-756c-4dce-8d83-7bb9b2c673f8.odt","level":"\u001b[34minfo\u001b[39m","timestamp":"2019-01-15 20:45:01"}
{"message":"garbage collector error:  Error: Can't delete C:\\develop\\nodejs\\projects\\aitam\\work\\bf6bd138-0010-49f6-a0f7-f2d42e7d5eb4.xml","level":"\u001b[34minfo\u001b[39m","timestamp":"2019-01-15 20:45:01"}
{"message":"garbage collector error:  Error: Can't delete C:\\develop\\nodejs\\projects\\aitam\\work\\34f08d5d-821b-4ffd-b7fa-67d8f7c6ee85.xml","level":"\u001b[34minfo\u001b[39m","timestamp":"2019-01-15 20:45:01"}
{"message":"garbage collector error:  Error: Can't delete C:\\develop\\nodejs\\projects\\aitam\\work\\bfdf890e-fa3b-46c1-86e7-8ccdd9b97720.xml","level":"\u001b[34minfo\u001b[39m","timestamp":"2019-01-15 20:45:01"}
{"message":"garbage collector error:  Error: Can't delete C:\\develop\\nodejs\\projects\\aitam\\work\\cb324fbe-65d6-4a83-a22b-c181895f511a.odt","level":"\u001b[34minfo\u001b[39m","timestamp":"2019-01-15 20:45:01"}
{"message":"garbage collector error:  Error: Can't delete C:\\develop\\nodejs\\projects\\aitam\\work\\c7722011-12f7-4c66-b675-8f3ca707921e.xml","level":"\u001b[34minfo\u001b[39m","timestamp":"2019-01-15 20:45:01"}
{"message":"garbage collector error:  Error: Can't delete C:\\develop\\nodejs\\projects\\aitam\\work\\cd9e5b37-a21f-459b-89d0-985420618e81.xml","level":"\u001b[34minfo\u001b[39m","timestamp":"2019-01-15 20:45:01"}
{"message":"garbage collector error:  Error: Can't delete C:\\develop\\nodejs\\projects\\aitam\\work\\cd9e5b37-a21f-459b-89d0-985420618e81.odt","level":"\u001b[34minfo\u001b[39m","timestamp":"2019-01-15 20:45:01"}
{"message":"garbage collector error:  Error: Can't delete C:\\develop\\nodejs\\projects\\aitam\\work\\cb324fbe-65d6-4a83-a22b-c181895f511a.xml","level":"\u001b[34minfo\u001b[39m","timestamp":"2019-01-15 20:45:01"}
{"message":"garbage collector error:  Error: Can't delete C:\\develop\\nodejs\\projects\\aitam\\work\\d88dd330-fcf1-46ec-a276-5c4585a324ef.xml","level":"\u001b[34minfo\u001b[39m","timestamp":"2019-01-15 20:45:01"}
{"message":"garbage collector error:  Error: Can't delete C:\\develop\\nodejs\\projects\\aitam\\work\\da59e566-5b3d-459f-b219-fe33bbe466a2.xml","level":"\u001b[34minfo\u001b[39m","timestamp":"2019-01-15 20:45:01"}
{"message":"garbage collector error:  Error: Can't delete C:\\develop\\nodejs\\projects\\aitam\\work\\df20757b-20fc-4122-bcb4-3994ae901d89.xml","level":"\u001b[34minfo\u001b[39m","timestamp":"2019-01-15 20:45:01"}
{"message":"garbage collector error:  Error: Can't delete C:\\develop\\nodejs\\projects\\aitam\\work\\e1a51c18-2b4a-4c68-8753-c33f5600fc95.xml","level":"\u001b[34minfo\u001b[39m","timestamp":"2019-01-15 20:45:01"}
{"message":"garbage collector error:  Error: Can't delete C:\\develop\\nodejs\\projects\\aitam\\work\\e6fb585f-7a8a-464c-98f1-48eff507aa31.odt","level":"\u001b[34minfo\u001b[39m","timestamp":"2019-01-15 20:45:01"}
{"message":"garbage collector error:  Error: Can't delete C:\\develop\\nodejs\\projects\\aitam\\work\\e6fb585f-7a8a-464c-98f1-48eff507aa31.xml","level":"\u001b[34minfo\u001b[39m","timestamp":"2019-01-15 20:45:01"}
{"message":"garbage collector error:  Error: Can't delete C:\\develop\\nodejs\\projects\\aitam\\work\\eb9d1faa-d41e-4ba8-8f0f-9182f392cd59.xml","level":"\u001b[34minfo\u001b[39m","timestamp":"2019-01-15 20:45:01"}
{"message":"garbage collector error:  Error: Can't delete C:\\develop\\nodejs\\projects\\aitam\\work\\fc13a3e2-2858-403f-8bf4-45ef0472636c.odt","level":"\u001b[34minfo\u001b[39m","timestamp":"2019-01-15 20:45:01"}
{"message":"garbage collector error:  Error: Can't delete C:\\develop\\nodejs\\projects\\aitam\\work\\fc13a3e2-2858-403f-8bf4-45ef0472636c.xml","level":"\u001b[34minfo\u001b[39m","timestamp":"2019-01-15 20:45:01"}
{"message":"garbage collector error:  Error: Can't delete C:\\develop\\nodejs\\projects\\aitam\\work\\fe6b42f7-763c-4dd7-977e-6e87dc8f474d.xml","level":"\u001b[34minfo\u001b[39m","timestamp":"2019-01-15 20:45:01"}
{"message":"garbage collector error:  Error: Can't delete C:\\develop\\nodejs\\projects\\aitam\\work\\c7722011-12f7-4c66-b675-8f3ca707921e.odt","level":"\u001b[34minfo\u001b[39m","timestamp":"2019-01-15 20:45:01"}
{"message":"garbage collector started on path: C:\\develop\\nodejs\\projects\\aitam\\work\\","level":"\u001b[34minfo\u001b[39m","timestamp":"2019-01-15 20:45:53"}
{"message":"garbage collector started on path: C:\\develop\\nodejs\\projects\\aitam\\work\\","level":"\u001b[34minfo\u001b[39m","timestamp":"2019-01-15 20:46:26"}
{"message":"garbage collector started on path: C:\\develop\\nodejs\\projects\\aitam\\work\\","level":"\u001b[34minfo\u001b[39m","timestamp":"2019-01-15 20:50:33"}
{"message":"garbage collector started on path: C:\\develop\\nodejs\\projects\\aitam\\work\\","level":"\u001b[34minfo\u001b[39m","timestamp":"2019-01-15 21:15:30"}
{"message":"garbage collector started on path: C:\\develop\\nodejs\\projects\\aitam\\work\\","level":"\u001b[34minfo\u001b[39m","timestamp":"2019-01-15 21:24:26"}
{"message":"garbage collector started on path: C:\\develop\\nodejs\\projects\\aitam\\work\\","level":"\u001b[34minfo\u001b[39m","timestamp":"2019-01-15 21:30:16"}
{"message":"garbage collector started on path: C:\\develop\\nodejs\\projects\\aitam\\work\\","level":"\u001b[34minfo\u001b[39m","timestamp":"2019-01-15 21:30:44"}
{"message":"Session created received the id:29e20c7f-aac3-4303-b36f-afa657164130","level":"\u001b[34minfo\u001b[39m","timestamp":"2019-01-15 21:30:52"}
{"message":"req.user: undefined","level":"\u001b[34minfo\u001b[39m","timestamp":"2019-01-15 21:30:57"}
{"message":"Session id started: {\"user\":\"2f24vvg\"}","level":"\u001b[34minfo\u001b[39m","timestamp":"2019-01-15 21:30:57"}
{"message":"User logged in: {\"id\":\"2f24vvg\",\"email\":\"test@test.com\",\"password\":\"$2a$10$A2g6pbxxhLA9MNYRJ0rnzOf/7Ara76B0KcRdjzUcsIBIclRuas/fG\"}","level":"\u001b[34minfo\u001b[39m","timestamp":"2019-01-15 21:30:57"}
{"message":"User (2f24vvg) uploaded a file: {\"file-upload\":{\"size\":454120,\"path\":\"C:\\\\develop\\\\nodejs\\\\projects\\\\aitam\\\\work\\\\29e20c7f-aac3-4303-b36f-afa657164130.xml\",\"name\":\"test_site2.xml\",\"type\":\"text/xml\",\"mtime\":\"2019-01-15T21:31:05.436Z\"}}","level":"\u001b[34minfo\u001b[39m","timestamp":"2019-01-15 21:31:05"}
{"message":"garbage collector started on path: C:\\develop\\nodejs\\projects\\aitam\\work\\","level":"\u001b[34minfo\u001b[39m","timestamp":"2019-01-15 21:32:58"}
{"message":"req.user: undefined","level":"\u001b[34minfo\u001b[39m","timestamp":"2019-01-15 21:33:09"}
{"message":"Session id started: {\"user\":\"2f24vvg\"}","level":"\u001b[34minfo\u001b[39m","timestamp":"2019-01-15 21:33:09"}
{"message":"User logged in: {\"id\":\"2f24vvg\",\"email\":\"test@test.com\",\"password\":\"$2a$10$A2g6pbxxhLA9MNYRJ0rnzOf/7Ara76B0KcRdjzUcsIBIclRuas/fG\"}","level":"\u001b[34minfo\u001b[39m","timestamp":"2019-01-15 21:33:09"}
{"message":"User (2f24vvg) uploaded a file: {\"file-upload\":{\"size\":454120,\"path\":\"C:\\\\develop\\\\nodejs\\\\projects\\\\aitam\\\\work\\\\d85cf86f-24ee-4f22-b53d-81c38509f373.xml\",\"name\":\"test_site2.xml\",\"type\":\"text/xml\",\"mtime\":\"2019-01-15T21:33:15.187Z\"}}","level":"\u001b[34minfo\u001b[39m","timestamp":"2019-01-15 21:33:15"}
{"message":"garbage collector started on path: C:\\develop\\nodejs\\projects\\aitam\\work\\","level":"\u001b[34minfo\u001b[39m","timestamp":"2019-01-15 21:41:45"}
{"message":"Session created received the id:3259b7aa-a140-4c34-a3ed-38ee375beab6","level":"\u001b[34minfo\u001b[39m","timestamp":"2019-01-15 21:42:02"}
{"message":"req.user: undefined","level":"\u001b[34minfo\u001b[39m","timestamp":"2019-01-15 21:42:08"}
{"message":"Session id started: {\"user\":\"2f24vvg\"}","level":"\u001b[34minfo\u001b[39m","timestamp":"2019-01-15 21:42:08"}
{"message":"User logged in: {\"id\":\"2f24vvg\",\"email\":\"test@test.com\",\"password\":\"$2a$10$A2g6pbxxhLA9MNYRJ0rnzOf/7Ara76B0KcRdjzUcsIBIclRuas/fG\"}","level":"\u001b[34minfo\u001b[39m","timestamp":"2019-01-15 21:42:08"}
{"message":"User (2f24vvg) uploaded a file: {\"file-upload\":{\"size\":454120,\"path\":\"C:\\\\develop\\\\nodejs\\\\projects\\\\aitam\\\\work\\\\3259b7aa-a140-4c34-a3ed-38ee375beab6.xml\",\"name\":\"test_site2.xml\",\"type\":\"text/xml\",\"mtime\":\"2019-01-15T21:42:18.031Z\"}}","level":"\u001b[34minfo\u001b[39m","timestamp":"2019-01-15 21:42:18"}
{"message":"garbage collector started on path: C:\\develop\\nodejs\\projects\\aitam\\work\\","level":"\u001b[34minfo\u001b[39m","timestamp":"2019-01-15 21:45:06"}
{"message":"Session created received the id:7c87e077-4130-4459-a04a-bfe1feabf5ad","level":"\u001b[34minfo\u001b[39m","timestamp":"2019-01-15 21:45:54"}
{"message":"req.user: undefined","level":"\u001b[34minfo\u001b[39m","timestamp":"2019-01-15 21:45:59"}
{"message":"Session id started: {\"user\":\"2f24vvg\"}","level":"\u001b[34minfo\u001b[39m","timestamp":"2019-01-15 21:45:59"}
{"message":"User logged in: {\"id\":\"2f24vvg\",\"email\":\"test@test.com\",\"password\":\"$2a$10$A2g6pbxxhLA9MNYRJ0rnzOf/7Ara76B0KcRdjzUcsIBIclRuas/fG\"}","level":"\u001b[34minfo\u001b[39m","timestamp":"2019-01-15 21:45:59"}
{"message":"User (2f24vvg) uploaded a file: {\"file-upload\":{\"size\":454120,\"path\":\"C:\\\\develop\\\\nodejs\\\\projects\\\\aitam\\\\work\\\\7c87e077-4130-4459-a04a-bfe1feabf5ad.xml\",\"name\":\"test_site2.xml\",\"type\":\"text/xml\",\"mtime\":\"2019-01-15T21:46:05.414Z\"}}","level":"\u001b[34minfo\u001b[39m","timestamp":"2019-01-15 21:46:05"}
{"message":"garbage collector started on path: C:\\develop\\nodejs\\projects\\aitam\\work\\","level":"\u001b[34minfo\u001b[39m","timestamp":"2019-01-15 21:54:49"}
{"message":"req.user: undefined","level":"\u001b[34minfo\u001b[39m","timestamp":"2019-01-15 21:54:56"}
{"message":"Session id started: {\"user\":\"2f24vvg\"}","level":"\u001b[34minfo\u001b[39m","timestamp":"2019-01-15 21:54:56"}
{"message":"User logged in: {\"id\":\"2f24vvg\",\"email\":\"test@test.com\",\"password\":\"$2a$10$A2g6pbxxhLA9MNYRJ0rnzOf/7Ara76B0KcRdjzUcsIBIclRuas/fG\"}","level":"\u001b[34minfo\u001b[39m","timestamp":"2019-01-15 21:54:56"}
{"message":"User (2f24vvg) uploaded a file: {\"file-upload\":{\"size\":454120,\"path\":\"C:\\\\develop\\\\nodejs\\\\projects\\\\aitam\\\\work\\\\90120880-e870-4546-a011-01ddd8a3ab6a.xml\",\"name\":\"test_site2.xml\",\"type\":\"text/xml\",\"mtime\":\"2019-01-15T21:55:04.846Z\"}}","level":"\u001b[34minfo\u001b[39m","timestamp":"2019-01-15 21:55:04"}
{"message":"garbage collector started on path: C:\\develop\\nodejs\\projects\\aitam\\work\\","level":"\u001b[34minfo\u001b[39m","timestamp":"2019-01-15 22:00:15"}
{"message":"req.user: undefined","level":"\u001b[34minfo\u001b[39m","timestamp":"2019-01-15 22:00:20"}
{"message":"Session id started: {\"user\":\"2f24vvg\"}","level":"\u001b[34minfo\u001b[39m","timestamp":"2019-01-15 22:00:20"}
{"message":"User logged in: {\"id\":\"2f24vvg\",\"email\":\"test@test.com\",\"password\":\"$2a$10$A2g6pbxxhLA9MNYRJ0rnzOf/7Ara76B0KcRdjzUcsIBIclRuas/fG\"}","level":"\u001b[34minfo\u001b[39m","timestamp":"2019-01-15 22:00:20"}
{"message":"User (2f24vvg) uploaded a file: {\"file-upload\":{\"size\":454120,\"path\":\"C:\\\\develop\\\\nodejs\\\\projects\\\\aitam\\\\work\\\\c9cd7f2f-c1eb-4f70-85c6-f1a0baab0b0b.xml\",\"name\":\"test_site2.xml\",\"type\":\"text/xml\",\"mtime\":\"2019-01-15T22:00:28.073Z\"}}","level":"\u001b[34minfo\u001b[39m","timestamp":"2019-01-15 22:00:28"}
{"message":"garbage collector started on path: C:\\develop\\nodejs\\projects\\aitam\\work\\","level":"\u001b[34minfo\u001b[39m","timestamp":"2019-01-15 22:03:37"}
{"message":"req.user: undefined","level":"\u001b[34minfo\u001b[39m","timestamp":"2019-01-15 22:04:29"}
{"message":"Session id started: {\"user\":\"2f24vvg\"}","level":"\u001b[34minfo\u001b[39m","timestamp":"2019-01-15 22:04:29"}
{"message":"User logged in: {\"id\":\"2f24vvg\",\"email\":\"test@test.com\",\"password\":\"$2a$10$A2g6pbxxhLA9MNYRJ0rnzOf/7Ara76B0KcRdjzUcsIBIclRuas/fG\"}","level":"\u001b[34minfo\u001b[39m","timestamp":"2019-01-15 22:04:29"}
{"message":"User (2f24vvg) uploaded a file: {\"file-upload\":{\"size\":454120,\"path\":\"C:\\\\develop\\\\nodejs\\\\projects\\\\aitam\\\\work\\\\fd6298c5-ed9d-4f1e-bfd7-151064e278c1.xml\",\"name\":\"test_site2.xml\",\"type\":\"text/xml\",\"mtime\":\"2019-01-15T22:04:37.236Z\"}}","level":"\u001b[34minfo\u001b[39m","timestamp":"2019-01-15 22:04:37"}
{"message":"garbage collector started on path: C:\\develop\\nodejs\\projects\\aitam\\work\\","level":"\u001b[34minfo\u001b[39m","timestamp":"2019-01-15 22:07:51"}
{"message":"req.user: undefined","level":"\u001b[34minfo\u001b[39m","timestamp":"2019-01-15 22:07:57"}
{"message":"Session id started: {\"user\":\"2f24vvg\"}","level":"\u001b[34minfo\u001b[39m","timestamp":"2019-01-15 22:07:57"}
{"message":"User logged in: {\"id\":\"2f24vvg\",\"email\":\"test@test.com\",\"password\":\"$2a$10$A2g6pbxxhLA9MNYRJ0rnzOf/7Ara76B0KcRdjzUcsIBIclRuas/fG\"}","level":"\u001b[34minfo\u001b[39m","timestamp":"2019-01-15 22:07:57"}
{"message":"User (2f24vvg) uploaded a file: {\"file-upload\":{\"size\":454120,\"path\":\"C:\\\\develop\\\\nodejs\\\\projects\\\\aitam\\\\work\\\\f2b686fa-a274-4600-8bb5-89eff4924383.xml\",\"name\":\"test_site2.xml\",\"type\":\"text/xml\",\"mtime\":\"2019-01-15T22:08:04.747Z\"}}","level":"\u001b[34minfo\u001b[39m","timestamp":"2019-01-15 22:08:04"}
{"message":"garbage collector started on path: C:\\develop\\nodejs\\projects\\aitam\\work\\","level":"\u001b[34minfo\u001b[39m","timestamp":"2019-01-15 22:15:39"}
{"message":"req.user: undefined","level":"\u001b[34minfo\u001b[39m","timestamp":"2019-01-15 22:15:57"}
{"message":"Session id started: {\"user\":\"2f24vvg\"}","level":"\u001b[34minfo\u001b[39m","timestamp":"2019-01-15 22:15:57"}
{"message":"User logged in: {\"id\":\"2f24vvg\",\"email\":\"test@test.com\",\"password\":\"$2a$10$A2g6pbxxhLA9MNYRJ0rnzOf/7Ara76B0KcRdjzUcsIBIclRuas/fG\"}","level":"\u001b[34minfo\u001b[39m","timestamp":"2019-01-15 22:15:57"}
{"message":"User (2f24vvg) uploaded a file: {\"file-upload\":{\"size\":454120,\"path\":\"C:\\\\develop\\\\nodejs\\\\projects\\\\aitam\\\\work\\\\c07c06f2-71c2-4860-9880-e42f8ac22fa1.xml\",\"name\":\"test_site2.xml\",\"type\":\"text/xml\",\"mtime\":\"2019-01-15T22:16:05.671Z\"}}","level":"\u001b[34minfo\u001b[39m","timestamp":"2019-01-15 22:16:05"}
{"message":"garbage collector started on path: C:\\develop\\nodejs\\projects\\aitam\\work\\","level":"\u001b[34minfo\u001b[39m","timestamp":"2019-01-15 22:24:41"}
{"message":"req.user: undefined","level":"\u001b[34minfo\u001b[39m","timestamp":"2019-01-15 22:24:47"}
{"message":"Session id started: {\"user\":\"2f24vvg\"}","level":"\u001b[34minfo\u001b[39m","timestamp":"2019-01-15 22:24:47"}
{"message":"User logged in: {\"id\":\"2f24vvg\",\"email\":\"test@test.com\",\"password\":\"$2a$10$A2g6pbxxhLA9MNYRJ0rnzOf/7Ara76B0KcRdjzUcsIBIclRuas/fG\"}","level":"\u001b[34minfo\u001b[39m","timestamp":"2019-01-15 22:24:47"}
{"message":"User (2f24vvg) uploaded a file: {\"file-upload\":{\"size\":454120,\"path\":\"C:\\\\develop\\\\nodejs\\\\projects\\\\aitam\\\\work\\\\9eada3fa-086c-4068-bd87-251a892573ed.xml\",\"name\":\"test_site2.xml\",\"type\":\"text/xml\",\"mtime\":\"2019-01-15T22:24:55.059Z\"}}","level":"\u001b[34minfo\u001b[39m","timestamp":"2019-01-15 22:24:55"}
{"message":"garbage collector started on path: C:\\develop\\nodejs\\projects\\aitam\\work\\","level":"\u001b[34minfo\u001b[39m","timestamp":"2019-01-15 22:27:53"}
