{"message":"garbage collector started on path: C:\\develop\\nodejs\\projects\\aitam\\work\\","level":"\u001b[34minfo\u001b[39m","timestamp":"2019-09-21 22:53:59"}
{"message":"Session created received the id:c8b7250b-6889-470c-a6cc-19b4c6b4e3d0","level":"\u001b[34minfo\u001b[39m","timestamp":"2019-09-21 22:54:25"}
{"message":"req.user: undefined","level":"\u001b[34minfo\u001b[39m","timestamp":"2019-09-21 22:56:11"}
{"message":"Session id started: {\"user\":\"2f24vvg\"}","level":"\u001b[34minfo\u001b[39m","timestamp":"2019-09-21 22:56:11"}
{"message":"User logged in: {\"id\":\"2f24vvg\",\"email\":\"test@test.com\",\"password\":\"$2a$10$A2g6pbxxhLA9MNYRJ0rnzOf/7Ara76B0KcRdjzUcsIBIclRuas/fG\"}","level":"\u001b[34minfo\u001b[39m","timestamp":"2019-09-21 22:56:11"}
{"message":"User (2f24vvg) uploaded a file: {\"file-upload\":{\"size\":503821,\"path\":\"C:\\\\develop\\\\nodejs\\\\projects\\\\aitam\\\\work\\\\c8b7250b-6889-470c-a6cc-19b4c6b4e3d0.xml\",\"name\":\"test_site2.xml\",\"type\":\"text/xml\",\"mtime\":\"2019-09-21T21:56:18.241Z\"}}","level":"\u001b[34minfo\u001b[39m","timestamp":"2019-09-21 22:56:18"}
{"message":"garbage collector deleted  09f85110-6daf-45c4-b101-56cb31c377a9.xml on folder: C:\\develop\\nodejs\\projects\\aitam\\work\\, path: C:\\develop\\nodejs\\projects\\aitam\\work\\09f85110-6daf-45c4-b101-56cb31c377a9.xml","level":"\u001b[34minfo\u001b[39m","timestamp":"2019-09-21 23:00:00"}
{"message":"garbage collector deleted  1f8bdfaa-c523-4ac7-8982-843aa9599e19.xml on folder: C:\\develop\\nodejs\\projects\\aitam\\work\\, path: C:\\develop\\nodejs\\projects\\aitam\\work\\1f8bdfaa-c523-4ac7-8982-843aa9599e19.xml","level":"\u001b[34minfo\u001b[39m","timestamp":"2019-09-21 23:00:00"}
{"message":"garbage collector deleted  02b3acc6-2425-4452-bc5e-2692914e1980.xml on folder: C:\\develop\\nodejs\\projects\\aitam\\work\\, path: C:\\develop\\nodejs\\projects\\aitam\\work\\02b3acc6-2425-4452-bc5e-2692914e1980.xml","level":"\u001b[34minfo\u001b[39m","timestamp":"2019-09-21 23:00:00"}
{"message":"garbage collector deleted  253a9c5c-a086-42c9-a2ad-8f62aa26f836.xml on folder: C:\\develop\\nodejs\\projects\\aitam\\work\\, path: C:\\develop\\nodejs\\projects\\aitam\\work\\253a9c5c-a086-42c9-a2ad-8f62aa26f836.xml","level":"\u001b[34minfo\u001b[39m","timestamp":"2019-09-21 23:00:00"}
{"message":"garbage collector deleted  1f398106-e00c-4344-9a0f-ee1d5c44129e.xml on folder: C:\\develop\\nodejs\\projects\\aitam\\work\\, path: C:\\develop\\nodejs\\projects\\aitam\\work\\1f398106-e00c-4344-9a0f-ee1d5c44129e.xml","level":"\u001b[34minfo\u001b[39m","timestamp":"2019-09-21 23:00:00"}
{"message":"garbage collector deleted  0dd742bd-4b0a-4b10-b95c-38516e15ae95.xml on folder: C:\\develop\\nodejs\\projects\\aitam\\work\\, path: C:\\develop\\nodejs\\projects\\aitam\\work\\0dd742bd-4b0a-4b10-b95c-38516e15ae95.xml","level":"\u001b[34minfo\u001b[39m","timestamp":"2019-09-21 23:00:00"}
{"message":"garbage collector deleted  29d734f0-5e02-45ae-b693-5ca559135761.xml on folder: C:\\develop\\nodejs\\projects\\aitam\\work\\, path: C:\\develop\\nodejs\\projects\\aitam\\work\\29d734f0-5e02-45ae-b693-5ca559135761.xml","level":"\u001b[34minfo\u001b[39m","timestamp":"2019-09-21 23:00:00"}
{"message":"garbage collector deleted  285c18ea-18f4-4ee6-b4d3-019b489cc414.xml on folder: C:\\develop\\nodejs\\projects\\aitam\\work\\, path: C:\\develop\\nodejs\\projects\\aitam\\work\\285c18ea-18f4-4ee6-b4d3-019b489cc414.xml","level":"\u001b[34minfo\u001b[39m","timestamp":"2019-09-21 23:00:00"}
{"message":"garbage collector deleted  3996ab9f-43ca-496f-8109-efa5d191e709.xml on folder: C:\\develop\\nodejs\\projects\\aitam\\work\\, path: C:\\develop\\nodejs\\projects\\aitam\\work\\3996ab9f-43ca-496f-8109-efa5d191e709.xml","level":"\u001b[34minfo\u001b[39m","timestamp":"2019-09-21 23:00:00"}
{"message":"garbage collector deleted  2d577ece-b2bd-4c45-a7e4-f7c9f4e6bfa9.xml on folder: C:\\develop\\nodejs\\projects\\aitam\\work\\, path: C:\\develop\\nodejs\\projects\\aitam\\work\\2d577ece-b2bd-4c45-a7e4-f7c9f4e6bfa9.xml","level":"\u001b[34minfo\u001b[39m","timestamp":"2019-09-21 23:00:00"}
{"message":"garbage collector deleted  3d9cdd55-bef2-43b8-bdbe-e92067703da1.xml on folder: C:\\develop\\nodejs\\projects\\aitam\\work\\, path: C:\\develop\\nodejs\\projects\\aitam\\work\\3d9cdd55-bef2-43b8-bdbe-e92067703da1.xml","level":"\u001b[34minfo\u001b[39m","timestamp":"2019-09-21 23:00:00"}
{"message":"garbage collector deleted  57da67a4-48a7-4a24-8e28-a9d8124af2c0.xml on folder: C:\\develop\\nodejs\\projects\\aitam\\work\\, path: C:\\develop\\nodejs\\projects\\aitam\\work\\57da67a4-48a7-4a24-8e28-a9d8124af2c0.xml","level":"\u001b[34minfo\u001b[39m","timestamp":"2019-09-21 23:00:00"}
{"message":"garbage collector deleted  49756aa2-4c74-49d9-acce-9e5b228d23ee.xml on folder: C:\\develop\\nodejs\\projects\\aitam\\work\\, path: C:\\develop\\nodejs\\projects\\aitam\\work\\49756aa2-4c74-49d9-acce-9e5b228d23ee.xml","level":"\u001b[34minfo\u001b[39m","timestamp":"2019-09-21 23:00:00"}
{"message":"garbage collector deleted  62a4a3cf-cb7a-4be7-b33e-82e08bab8a15.xml on folder: C:\\develop\\nodejs\\projects\\aitam\\work\\, path: C:\\develop\\nodejs\\projects\\aitam\\work\\62a4a3cf-cb7a-4be7-b33e-82e08bab8a15.xml","level":"\u001b[34minfo\u001b[39m","timestamp":"2019-09-21 23:00:00"}
{"message":"garbage collector deleted  61159110-951c-40fc-b863-d0dba5415561.xml on folder: C:\\develop\\nodejs\\projects\\aitam\\work\\, path: C:\\develop\\nodejs\\projects\\aitam\\work\\61159110-951c-40fc-b863-d0dba5415561.xml","level":"\u001b[34minfo\u001b[39m","timestamp":"2019-09-21 23:00:00"}
{"message":"garbage collector deleted  6c21b7dc-acbf-49ce-9b2f-b64bcbb6f332.xml on folder: C:\\develop\\nodejs\\projects\\aitam\\work\\, path: C:\\develop\\nodejs\\projects\\aitam\\work\\6c21b7dc-acbf-49ce-9b2f-b64bcbb6f332.xml","level":"\u001b[34minfo\u001b[39m","timestamp":"2019-09-21 23:00:00"}
{"message":"garbage collector deleted  5fe4573b-6d2d-4d70-986f-7c8fad28f1c9.xml on folder: C:\\develop\\nodejs\\projects\\aitam\\work\\, path: C:\\develop\\nodejs\\projects\\aitam\\work\\5fe4573b-6d2d-4d70-986f-7c8fad28f1c9.xml","level":"\u001b[34minfo\u001b[39m","timestamp":"2019-09-21 23:00:00"}
{"message":"garbage collector deleted  95039d42-a9ee-4e9f-bccc-7f882b0962c7.xml on folder: C:\\develop\\nodejs\\projects\\aitam\\work\\, path: C:\\develop\\nodejs\\projects\\aitam\\work\\95039d42-a9ee-4e9f-bccc-7f882b0962c7.xml","level":"\u001b[34minfo\u001b[39m","timestamp":"2019-09-21 23:00:00"}
{"message":"garbage collector deleted  8132bb68-38fa-4ba9-bd62-539792113e3a.xml on folder: C:\\develop\\nodejs\\projects\\aitam\\work\\, path: C:\\develop\\nodejs\\projects\\aitam\\work\\8132bb68-38fa-4ba9-bd62-539792113e3a.xml","level":"\u001b[34minfo\u001b[39m","timestamp":"2019-09-21 23:00:00"}
{"message":"garbage collector deleted  71e83fdb-5ec6-4d92-9e20-4a1189b6a984.xml on folder: C:\\develop\\nodejs\\projects\\aitam\\work\\, path: C:\\develop\\nodejs\\projects\\aitam\\work\\71e83fdb-5ec6-4d92-9e20-4a1189b6a984.xml","level":"\u001b[34minfo\u001b[39m","timestamp":"2019-09-21 23:00:00"}
{"message":"garbage collector deleted  a6aac531-5d77-4ede-97d9-ee0ef2acc9c9.xml on folder: C:\\develop\\nodejs\\projects\\aitam\\work\\, path: C:\\develop\\nodejs\\projects\\aitam\\work\\a6aac531-5d77-4ede-97d9-ee0ef2acc9c9.xml","level":"\u001b[34minfo\u001b[39m","timestamp":"2019-09-21 23:00:00"}
{"message":"garbage collector deleted  a9158bd2-3797-4d5d-b5ae-4c78c41f8909.xml on folder: C:\\develop\\nodejs\\projects\\aitam\\work\\, path: C:\\develop\\nodejs\\projects\\aitam\\work\\a9158bd2-3797-4d5d-b5ae-4c78c41f8909.xml","level":"\u001b[34minfo\u001b[39m","timestamp":"2019-09-21 23:00:00"}
{"message":"garbage collector deleted  b9e33194-0e3a-49ce-8fa1-aac7909ea8ba.xml on folder: C:\\develop\\nodejs\\projects\\aitam\\work\\, path: C:\\develop\\nodejs\\projects\\aitam\\work\\b9e33194-0e3a-49ce-8fa1-aac7909ea8ba.xml","level":"\u001b[34minfo\u001b[39m","timestamp":"2019-09-21 23:00:00"}
{"message":"garbage collector deleted  d7ffc5d1-9800-4c52-9dbe-a7d033b84fb1.xml on folder: C:\\develop\\nodejs\\projects\\aitam\\work\\, path: C:\\develop\\nodejs\\projects\\aitam\\work\\d7ffc5d1-9800-4c52-9dbe-a7d033b84fb1.xml","level":"\u001b[34minfo\u001b[39m","timestamp":"2019-09-21 23:00:00"}
{"message":"garbage collector deleted  da1e4b8d-8cf5-4e06-adf9-3db4c27cb76a.xml on folder: C:\\develop\\nodejs\\projects\\aitam\\work\\, path: C:\\develop\\nodejs\\projects\\aitam\\work\\da1e4b8d-8cf5-4e06-adf9-3db4c27cb76a.xml","level":"\u001b[34minfo\u001b[39m","timestamp":"2019-09-21 23:00:00"}
{"message":"garbage collector deleted  d03cd45b-3550-4ee5-b6f5-3f56ad769a42.xml on folder: C:\\develop\\nodejs\\projects\\aitam\\work\\, path: C:\\develop\\nodejs\\projects\\aitam\\work\\d03cd45b-3550-4ee5-b6f5-3f56ad769a42.xml","level":"\u001b[34minfo\u001b[39m","timestamp":"2019-09-21 23:00:00"}
{"message":"garbage collector deleted  e2cee905-2314-4f89-bb24-4266b07a966a.xml on folder: C:\\develop\\nodejs\\projects\\aitam\\work\\, path: C:\\develop\\nodejs\\projects\\aitam\\work\\e2cee905-2314-4f89-bb24-4266b07a966a.xml","level":"\u001b[34minfo\u001b[39m","timestamp":"2019-09-21 23:00:00"}
{"message":"garbage collector deleted  de2e4325-3f7a-4f99-ad6a-7a2ba475d103.xml on folder: C:\\develop\\nodejs\\projects\\aitam\\work\\, path: C:\\develop\\nodejs\\projects\\aitam\\work\\de2e4325-3f7a-4f99-ad6a-7a2ba475d103.xml","level":"\u001b[34minfo\u001b[39m","timestamp":"2019-09-21 23:00:00"}
{"message":"garbage collector deleted  e3177528-7f60-49a1-a307-debd4d0bd6dd.xml on folder: C:\\develop\\nodejs\\projects\\aitam\\work\\, path: C:\\develop\\nodejs\\projects\\aitam\\work\\e3177528-7f60-49a1-a307-debd4d0bd6dd.xml","level":"\u001b[34minfo\u001b[39m","timestamp":"2019-09-21 23:00:00"}
{"message":"garbage collector deleted  e5b80409-69c9-4619-baa0-ec471e5ebbd2.xml on folder: C:\\develop\\nodejs\\projects\\aitam\\work\\, path: C:\\develop\\nodejs\\projects\\aitam\\work\\e5b80409-69c9-4619-baa0-ec471e5ebbd2.xml","level":"\u001b[34minfo\u001b[39m","timestamp":"2019-09-21 23:00:00"}
{"message":"garbage collector deleted  e45b1aea-0888-4062-9a8d-57ed0dd05930.xml on folder: C:\\develop\\nodejs\\projects\\aitam\\work\\, path: C:\\develop\\nodejs\\projects\\aitam\\work\\e45b1aea-0888-4062-9a8d-57ed0dd05930.xml","level":"\u001b[34minfo\u001b[39m","timestamp":"2019-09-21 23:00:00"}
{"message":"garbage collector deleted  e860b396-338e-4637-bbef-f012106fbbb7.xml on folder: C:\\develop\\nodejs\\projects\\aitam\\work\\, path: C:\\develop\\nodejs\\projects\\aitam\\work\\e860b396-338e-4637-bbef-f012106fbbb7.xml","level":"\u001b[34minfo\u001b[39m","timestamp":"2019-09-21 23:00:00"}
{"message":"garbage collector deleted  ec834573-dbd1-448f-a0f4-0c9f063f9cdf.xml on folder: C:\\develop\\nodejs\\projects\\aitam\\work\\, path: C:\\develop\\nodejs\\projects\\aitam\\work\\ec834573-dbd1-448f-a0f4-0c9f063f9cdf.xml","level":"\u001b[34minfo\u001b[39m","timestamp":"2019-09-21 23:00:00"}
{"message":"garbage collector deleted  e8d7b69f-412c-492a-a91c-9a564814a1d8.xml on folder: C:\\develop\\nodejs\\projects\\aitam\\work\\, path: C:\\develop\\nodejs\\projects\\aitam\\work\\e8d7b69f-412c-492a-a91c-9a564814a1d8.xml","level":"\u001b[34minfo\u001b[39m","timestamp":"2019-09-21 23:00:00"}
{"message":"garbage collector deleted  fb1d396d-900a-4624-8d4d-67906bd7b50e.xml on folder: C:\\develop\\nodejs\\projects\\aitam\\work\\, path: C:\\develop\\nodejs\\projects\\aitam\\work\\fb1d396d-900a-4624-8d4d-67906bd7b50e.xml","level":"\u001b[34minfo\u001b[39m","timestamp":"2019-09-21 23:00:00"}
{"message":"garbage collector deleted  f5b9b494-e4c9-4712-9dda-8cc5a3c664e3.xml on folder: C:\\develop\\nodejs\\projects\\aitam\\work\\, path: C:\\develop\\nodejs\\projects\\aitam\\work\\f5b9b494-e4c9-4712-9dda-8cc5a3c664e3.xml","level":"\u001b[34minfo\u001b[39m","timestamp":"2019-09-21 23:00:00"}
{"message":"garbage collector deleted  fabbf5e5-a3b9-4aec-a239-39753308d15e.xml on folder: C:\\develop\\nodejs\\projects\\aitam\\work\\, path: C:\\develop\\nodejs\\projects\\aitam\\work\\fabbf5e5-a3b9-4aec-a239-39753308d15e.xml","level":"\u001b[34minfo\u001b[39m","timestamp":"2019-09-21 23:00:00"}
{"message":"garbage collector deleted  gazetteer.dic on folder: C:\\develop\\nodejs\\projects\\aitam\\work\\, path: C:\\develop\\nodejs\\projects\\aitam\\work\\gazetteer.dic","level":"\u001b[34minfo\u001b[39m","timestamp":"2019-09-21 23:00:00"}
{"message":"garbage collector deleted  63350413-a2ab-43c6-aa73-8f6bcc57e34d.xml on folder: C:\\develop\\nodejs\\projects\\aitam\\work\\, path: C:\\develop\\nodejs\\projects\\aitam\\work\\63350413-a2ab-43c6-aa73-8f6bcc57e34d.xml","level":"\u001b[34minfo\u001b[39m","timestamp":"2019-09-21 23:00:00"}
{"message":"garbage collector deleted  63350413-a2ab-43c6-aa73-8f6bcc57e34d.xml on folder: C:\\develop\\nodejs\\projects\\aitam\\work\\, path: C:\\develop\\nodejs\\projects\\aitam\\work\\63350413-a2ab-43c6-aa73-8f6bcc57e34d.xml","level":"\u001b[34minfo\u001b[39m","timestamp":"2019-09-21 23:00:00"}
{"message":"garbage collector started on path: C:\\develop\\nodejs\\projects\\aitam\\work\\","level":"\u001b[34minfo\u001b[39m","timestamp":"2019-09-21 23:15:04"}
{"message":"garbage collector started on path: C:\\develop\\nodejs\\projects\\aitam\\work\\","level":"\u001b[34minfo\u001b[39m","timestamp":"2019-09-21 23:15:16"}
{"message":"req.user: undefined","level":"\u001b[34minfo\u001b[39m","timestamp":"2019-09-21 23:42:31"}
{"message":"Session id started: {\"user\":\"2f24vvg\"}","level":"\u001b[34minfo\u001b[39m","timestamp":"2019-09-21 23:42:31"}
{"message":"User logged in: {\"id\":\"2f24vvg\",\"email\":\"test@test.com\",\"password\":\"$2a$10$A2g6pbxxhLA9MNYRJ0rnzOf/7Ara76B0KcRdjzUcsIBIclRuas/fG\"}","level":"\u001b[34minfo\u001b[39m","timestamp":"2019-09-21 23:42:31"}
{"message":"User (2f24vvg) uploaded a file: {\"file-upload\":{\"size\":503821,\"path\":\"C:\\\\develop\\\\nodejs\\\\projects\\\\aitam\\\\work\\\\2690152e-fd1a-433a-91ab-a81fcb77066a.xml\",\"name\":\"test_site2.xml\",\"type\":\"text/xml\",\"mtime\":\"2019-09-21T22:42:38.705Z\"}}","level":"\u001b[34minfo\u001b[39m","timestamp":"2019-09-21 23:42:38"}
{"message":"garbage collector started on path: C:\\develop\\nodejs\\projects\\aitam\\work\\","level":"\u001b[34minfo\u001b[39m","timestamp":"2019-09-21 23:55:48"}
