{"message":"garbage collector started on path: C:\\develop\\nodejs\\projects\\aitam\\work\\","level":"\u001b[34minfo\u001b[39m","timestamp":"2019-01-17 18:54:50"}
{"message":"Session created received the id:94c42f99-ca37-4d80-b9a8-823f95994d09","level":"\u001b[34minfo\u001b[39m","timestamp":"2019-01-17 19:01:27"}
{"message":"garbage collector started on path: C:\\develop\\nodejs\\projects\\aitam\\work\\","level":"\u001b[34minfo\u001b[39m","timestamp":"2019-01-17 19:01:46"}
{"message":"req.user: undefined","level":"\u001b[34minfo\u001b[39m","timestamp":"2019-01-17 19:01:53"}
{"message":"Session id started: {\"user\":\"2f24vvg\"}","level":"\u001b[34minfo\u001b[39m","timestamp":"2019-01-17 19:01:53"}
{"message":"User logged in: {\"id\":\"2f24vvg\",\"email\":\"test@test.com\",\"password\":\"$2a$10$A2g6pbxxhLA9MNYRJ0rnzOf/7Ara76B0KcRdjzUcsIBIclRuas/fG\"}","level":"\u001b[34minfo\u001b[39m","timestamp":"2019-01-17 19:01:53"}
{"message":"User (2f24vvg) uploaded a file: {\"file-upload\":{\"size\":454120,\"path\":\"C:\\\\develop\\\\nodejs\\\\projects\\\\aitam\\\\work\\\\9ef7dcad-2581-4ccb-a052-95617cde6562.xml\",\"name\":\"test_site2.xml\",\"type\":\"text/xml\",\"mtime\":\"2019-01-17T19:02:01.866Z\"}}","level":"\u001b[34minfo\u001b[39m","timestamp":"2019-01-17 19:02:01"}
{"message":"garbage collector started on path: C:\\develop\\nodejs\\projects\\aitam\\work\\","level":"\u001b[34minfo\u001b[39m","timestamp":"2019-01-17 19:02:26"}
{"message":"req.user: undefined","level":"\u001b[34minfo\u001b[39m","timestamp":"2019-01-17 19:02:41"}
{"message":"Session id started: {\"user\":\"2f24vvg\"}","level":"\u001b[34minfo\u001b[39m","timestamp":"2019-01-17 19:02:41"}
{"message":"User logged in: {\"id\":\"2f24vvg\",\"email\":\"test@test.com\",\"password\":\"$2a$10$A2g6pbxxhLA9MNYRJ0rnzOf/7Ara76B0KcRdjzUcsIBIclRuas/fG\"}","level":"\u001b[34minfo\u001b[39m","timestamp":"2019-01-17 19:02:41"}
{"message":"User (2f24vvg) uploaded a file: {\"file-upload\":{\"size\":454120,\"path\":\"C:\\\\develop\\\\nodejs\\\\projects\\\\aitam\\\\work\\\\b591033b-96b2-49c9-9d1d-8609679d7029.xml\",\"name\":\"test_site2.xml\",\"type\":\"text/xml\",\"mtime\":\"2019-01-17T19:03:55.426Z\"}}","level":"\u001b[34minfo\u001b[39m","timestamp":"2019-01-17 19:03:55"}
{"message":"garbage collector started on path: C:\\develop\\nodejs\\projects\\aitam\\work\\","level":"\u001b[34minfo\u001b[39m","timestamp":"2019-01-17 19:08:08"}
{"message":"garbage collector started on path: C:\\develop\\nodejs\\projects\\aitam\\work\\","level":"\u001b[34minfo\u001b[39m","timestamp":"2019-01-17 19:16:55"}
{"message":"garbage collector started on path: C:\\develop\\nodejs\\projects\\aitam\\work\\","level":"\u001b[34minfo\u001b[39m","timestamp":"2019-01-17 19:18:37"}
{"message":"garbage collector started on path: C:\\develop\\nodejs\\projects\\aitam\\work\\","level":"\u001b[34minfo\u001b[39m","timestamp":"2019-01-17 19:20:48"}
{"message":"req.user: undefined","level":"\u001b[34minfo\u001b[39m","timestamp":"2019-01-17 19:21:53"}
{"message":"Session id started: {\"user\":\"2f24vvg\"}","level":"\u001b[34minfo\u001b[39m","timestamp":"2019-01-17 19:21:53"}
{"message":"User logged in: {\"id\":\"2f24vvg\",\"email\":\"test@test.com\",\"password\":\"$2a$10$A2g6pbxxhLA9MNYRJ0rnzOf/7Ara76B0KcRdjzUcsIBIclRuas/fG\"}","level":"\u001b[34minfo\u001b[39m","timestamp":"2019-01-17 19:21:53"}
{"message":"User (2f24vvg) uploaded a file: {\"file-upload\":{\"size\":454120,\"path\":\"C:\\\\develop\\\\nodejs\\\\projects\\\\aitam\\\\work\\\\63fbfddf-a535-45fb-9bda-bd54554f6691.xml\",\"name\":\"test_site2.xml\",\"type\":\"text/xml\",\"mtime\":\"2019-01-17T19:22:00.463Z\"}}","level":"\u001b[34minfo\u001b[39m","timestamp":"2019-01-17 19:22:00"}
{"message":"garbage collector started on path: C:\\develop\\nodejs\\projects\\aitam\\work\\","level":"\u001b[34minfo\u001b[39m","timestamp":"2019-01-17 19:27:44"}
{"message":"req.user: undefined","level":"\u001b[34minfo\u001b[39m","timestamp":"2019-01-17 19:28:05"}
{"message":"Session id started: {\"user\":\"2f24vvg\"}","level":"\u001b[34minfo\u001b[39m","timestamp":"2019-01-17 19:28:05"}
{"message":"User logged in: {\"id\":\"2f24vvg\",\"email\":\"test@test.com\",\"password\":\"$2a$10$A2g6pbxxhLA9MNYRJ0rnzOf/7Ara76B0KcRdjzUcsIBIclRuas/fG\"}","level":"\u001b[34minfo\u001b[39m","timestamp":"2019-01-17 19:28:05"}
{"message":"User (2f24vvg) uploaded a file: {\"file-upload\":{\"size\":454120,\"path\":\"C:\\\\develop\\\\nodejs\\\\projects\\\\aitam\\\\work\\\\a60c272a-1c5e-4d8f-a1ad-452f8447c463.xml\",\"name\":\"test_site2.xml\",\"type\":\"text/xml\",\"mtime\":\"2019-01-17T19:28:11.326Z\"}}","level":"\u001b[34minfo\u001b[39m","timestamp":"2019-01-17 19:28:11"}
{"message":"garbage collector started on path: C:\\develop\\nodejs\\projects\\aitam\\work\\","level":"\u001b[34minfo\u001b[39m","timestamp":"2019-01-17 19:28:31"}
{"message":"req.user: undefined","level":"\u001b[34minfo\u001b[39m","timestamp":"2019-01-17 19:28:56"}
{"message":"Session id started: {\"user\":\"2f24vvg\"}","level":"\u001b[34minfo\u001b[39m","timestamp":"2019-01-17 19:28:56"}
{"message":"User logged in: {\"id\":\"2f24vvg\",\"email\":\"test@test.com\",\"password\":\"$2a$10$A2g6pbxxhLA9MNYRJ0rnzOf/7Ara76B0KcRdjzUcsIBIclRuas/fG\"}","level":"\u001b[34minfo\u001b[39m","timestamp":"2019-01-17 19:28:56"}
{"message":"User (2f24vvg) uploaded a file: {\"file-upload\":{\"size\":454120,\"path\":\"C:\\\\develop\\\\nodejs\\\\projects\\\\aitam\\\\work\\\\f63ed55e-d639-4f87-89a1-28bb0310abbb.xml\",\"name\":\"test_site2.xml\",\"type\":\"text/xml\",\"mtime\":\"2019-01-17T19:29:02.606Z\"}}","level":"\u001b[34minfo\u001b[39m","timestamp":"2019-01-17 19:29:02"}
{"message":"garbage collector started on path: C:\\develop\\nodejs\\projects\\aitam\\work\\","level":"\u001b[34minfo\u001b[39m","timestamp":"2019-01-17 19:30:28"}
{"message":"req.user: undefined","level":"\u001b[34minfo\u001b[39m","timestamp":"2019-01-17 19:30:38"}
{"message":"Session id started: {\"user\":\"2f24vvg\"}","level":"\u001b[34minfo\u001b[39m","timestamp":"2019-01-17 19:30:38"}
{"message":"User logged in: {\"id\":\"2f24vvg\",\"email\":\"test@test.com\",\"password\":\"$2a$10$A2g6pbxxhLA9MNYRJ0rnzOf/7Ara76B0KcRdjzUcsIBIclRuas/fG\"}","level":"\u001b[34minfo\u001b[39m","timestamp":"2019-01-17 19:30:38"}
{"message":"User (2f24vvg) uploaded a file: {\"file-upload\":{\"size\":454120,\"path\":\"C:\\\\develop\\\\nodejs\\\\projects\\\\aitam\\\\work\\\\fef38755-2998-4810-939b-00a9a09323ab.xml\",\"name\":\"test_site2.xml\",\"type\":\"text/xml\",\"mtime\":\"2019-01-17T19:30:44.928Z\"}}","level":"\u001b[34minfo\u001b[39m","timestamp":"2019-01-17 19:30:44"}
{"message":"garbage collector started on path: C:\\develop\\nodejs\\projects\\aitam\\work\\","level":"\u001b[34minfo\u001b[39m","timestamp":"2019-01-17 19:33:14"}
{"message":"req.user: undefined","level":"\u001b[34minfo\u001b[39m","timestamp":"2019-01-17 19:33:21"}
{"message":"Session id started: {\"user\":\"2f24vvg\"}","level":"\u001b[34minfo\u001b[39m","timestamp":"2019-01-17 19:33:21"}
{"message":"User logged in: {\"id\":\"2f24vvg\",\"email\":\"test@test.com\",\"password\":\"$2a$10$A2g6pbxxhLA9MNYRJ0rnzOf/7Ara76B0KcRdjzUcsIBIclRuas/fG\"}","level":"\u001b[34minfo\u001b[39m","timestamp":"2019-01-17 19:33:21"}
{"message":"User (2f24vvg) uploaded a file: {\"file-upload\":{\"size\":454120,\"path\":\"C:\\\\develop\\\\nodejs\\\\projects\\\\aitam\\\\work\\\\78977260-eb83-4482-a7c7-96f59da6d540.xml\",\"name\":\"test_site2.xml\",\"type\":\"text/xml\",\"mtime\":\"2019-01-17T19:33:30.609Z\"}}","level":"\u001b[34minfo\u001b[39m","timestamp":"2019-01-17 19:33:30"}
{"message":"garbage collector started on path: C:\\develop\\nodejs\\projects\\aitam\\work\\","level":"\u001b[34minfo\u001b[39m","timestamp":"2019-01-17 19:53:10"}
{"message":"req.user: undefined","level":"\u001b[34minfo\u001b[39m","timestamp":"2019-01-17 19:53:32"}
{"message":"Session id started: {\"user\":\"2f24vvg\"}","level":"\u001b[34minfo\u001b[39m","timestamp":"2019-01-17 19:53:32"}
{"message":"User logged in: {\"id\":\"2f24vvg\",\"email\":\"test@test.com\",\"password\":\"$2a$10$A2g6pbxxhLA9MNYRJ0rnzOf/7Ara76B0KcRdjzUcsIBIclRuas/fG\"}","level":"\u001b[34minfo\u001b[39m","timestamp":"2019-01-17 19:53:32"}
{"message":"User (2f24vvg) uploaded a file: {\"file-upload\":{\"size\":454120,\"path\":\"C:\\\\develop\\\\nodejs\\\\projects\\\\aitam\\\\work\\\\d1d283fc-5cdc-4ccd-833f-d78ecadd721f.xml\",\"name\":\"test_site2.xml\",\"type\":\"text/xml\",\"mtime\":\"2019-01-17T19:53:38.593Z\"}}","level":"\u001b[34minfo\u001b[39m","timestamp":"2019-01-17 19:53:38"}
{"message":"garbage collector started on path: C:\\develop\\nodejs\\projects\\aitam\\work\\","level":"\u001b[34minfo\u001b[39m","timestamp":"2019-01-17 20:05:00"}
{"message":"garbage collector started on path: C:\\develop\\nodejs\\projects\\aitam\\work\\","level":"\u001b[34minfo\u001b[39m","timestamp":"2019-01-17 20:05:09"}
{"message":"req.user: undefined","level":"\u001b[34minfo\u001b[39m","timestamp":"2019-01-17 20:05:17"}
{"message":"Session id started: {\"user\":\"2f24vvg\"}","level":"\u001b[34minfo\u001b[39m","timestamp":"2019-01-17 20:05:17"}
{"message":"User logged in: {\"id\":\"2f24vvg\",\"email\":\"test@test.com\",\"password\":\"$2a$10$A2g6pbxxhLA9MNYRJ0rnzOf/7Ara76B0KcRdjzUcsIBIclRuas/fG\"}","level":"\u001b[34minfo\u001b[39m","timestamp":"2019-01-17 20:05:17"}
{"message":"User (2f24vvg) uploaded a file: {\"file-upload\":{\"size\":454120,\"path\":\"C:\\\\develop\\\\nodejs\\\\projects\\\\aitam\\\\work\\\\019c35bf-6d7e-4a36-968f-9476bb465775.xml\",\"name\":\"test_site2.xml\",\"type\":\"text/xml\",\"mtime\":\"2019-01-17T20:05:24.051Z\"}}","level":"\u001b[34minfo\u001b[39m","timestamp":"2019-01-17 20:05:24"}
{"message":"garbage collector started on path: C:\\develop\\nodejs\\projects\\aitam\\work\\","level":"\u001b[34minfo\u001b[39m","timestamp":"2019-01-17 20:05:46"}
{"message":"req.user: undefined","level":"\u001b[34minfo\u001b[39m","timestamp":"2019-01-17 20:05:52"}
{"message":"Session id started: {\"user\":\"2f24vvg\"}","level":"\u001b[34minfo\u001b[39m","timestamp":"2019-01-17 20:05:52"}
{"message":"User logged in: {\"id\":\"2f24vvg\",\"email\":\"test@test.com\",\"password\":\"$2a$10$A2g6pbxxhLA9MNYRJ0rnzOf/7Ara76B0KcRdjzUcsIBIclRuas/fG\"}","level":"\u001b[34minfo\u001b[39m","timestamp":"2019-01-17 20:05:52"}
{"message":"User (2f24vvg) uploaded a file: {\"file-upload\":{\"size\":454120,\"path\":\"C:\\\\develop\\\\nodejs\\\\projects\\\\aitam\\\\work\\\\8c6f0384-5576-4d69-b430-cdb757361c39.xml\",\"name\":\"test_site2.xml\",\"type\":\"text/xml\",\"mtime\":\"2019-01-17T20:05:57.906Z\"}}","level":"\u001b[34minfo\u001b[39m","timestamp":"2019-01-17 20:05:57"}
{"message":"garbage collector started on path: C:\\develop\\nodejs\\projects\\aitam\\work\\","level":"\u001b[34minfo\u001b[39m","timestamp":"2019-01-17 20:06:49"}
{"message":"garbage collector started on path: C:\\develop\\nodejs\\projects\\aitam\\work\\","level":"\u001b[34minfo\u001b[39m","timestamp":"2019-01-17 20:40:39"}
{"message":"garbage collector started on path: C:\\develop\\nodejs\\projects\\aitam\\work\\","level":"\u001b[34minfo\u001b[39m","timestamp":"2019-01-17 20:51:03"}
{"message":"garbage collector started on path: C:\\develop\\nodejs\\projects\\aitam\\work\\","level":"\u001b[34minfo\u001b[39m","timestamp":"2019-01-17 20:52:46"}
{"message":"garbage collector started on path: C:\\develop\\nodejs\\projects\\aitam\\work\\","level":"\u001b[34minfo\u001b[39m","timestamp":"2019-01-17 20:55:40"}
{"message":"Session created received the id:0d2f79ed-3a8d-47ea-bf05-18f8dcbd3263","level":"\u001b[34minfo\u001b[39m","timestamp":"2019-01-17 20:55:50"}
{"message":"req.user: undefined","level":"\u001b[34minfo\u001b[39m","timestamp":"2019-01-17 20:55:54"}
{"message":"Session id started: {\"user\":\"2f24vvg\"}","level":"\u001b[34minfo\u001b[39m","timestamp":"2019-01-17 20:55:54"}
{"message":"User logged in: {\"id\":\"2f24vvg\",\"email\":\"test@test.com\",\"password\":\"$2a$10$A2g6pbxxhLA9MNYRJ0rnzOf/7Ara76B0KcRdjzUcsIBIclRuas/fG\"}","level":"\u001b[34minfo\u001b[39m","timestamp":"2019-01-17 20:55:54"}
{"message":"User (2f24vvg) uploaded a file: {\"file-upload\":{\"size\":454120,\"path\":\"C:\\\\develop\\\\nodejs\\\\projects\\\\aitam\\\\work\\\\0d2f79ed-3a8d-47ea-bf05-18f8dcbd3263.xml\",\"name\":\"test_site2.xml\",\"type\":\"text/xml\",\"mtime\":\"2019-01-17T20:56:02.049Z\"}}","level":"\u001b[34minfo\u001b[39m","timestamp":"2019-01-17 20:56:02"}
{"message":"garbage collector started on path: C:\\develop\\nodejs\\projects\\aitam\\work\\","level":"\u001b[34minfo\u001b[39m","timestamp":"2019-01-17 20:59:19"}
{"message":"garbage collector started on path: C:\\develop\\nodejs\\projects\\aitam\\work\\","level":"\u001b[34minfo\u001b[39m","timestamp":"2019-01-17 21:41:48"}
{"message":"garbage collector started on path: C:\\develop\\nodejs\\projects\\aitam\\work\\","level":"\u001b[34minfo\u001b[39m","timestamp":"2019-01-17 21:51:33"}
{"message":"Session created received the id:2e3f5a79-0360-4b16-aa19-aea898ee74df","level":"\u001b[34minfo\u001b[39m","timestamp":"2019-01-17 21:52:01"}
{"message":"req.user: undefined","level":"\u001b[34minfo\u001b[39m","timestamp":"2019-01-17 21:52:06"}
{"message":"Session id started: {\"user\":\"2f24vvg\"}","level":"\u001b[34minfo\u001b[39m","timestamp":"2019-01-17 21:52:06"}
{"message":"User logged in: {\"id\":\"2f24vvg\",\"email\":\"test@test.com\",\"password\":\"$2a$10$A2g6pbxxhLA9MNYRJ0rnzOf/7Ara76B0KcRdjzUcsIBIclRuas/fG\"}","level":"\u001b[34minfo\u001b[39m","timestamp":"2019-01-17 21:52:06"}
{"message":"User (2f24vvg) uploaded a file: {\"file-upload\":{\"size\":454120,\"path\":\"C:\\\\develop\\\\nodejs\\\\projects\\\\aitam\\\\work\\\\2e3f5a79-0360-4b16-aa19-aea898ee74df.xml\",\"name\":\"test_site2.xml\",\"type\":\"text/xml\",\"mtime\":\"2019-01-17T21:52:12.656Z\"}}","level":"\u001b[34minfo\u001b[39m","timestamp":"2019-01-17 21:52:12"}
{"message":"garbage collector started on path: C:\\develop\\nodejs\\projects\\aitam\\work\\","level":"\u001b[34minfo\u001b[39m","timestamp":"2019-01-17 21:57:16"}
{"message":"Session created received the id:d12c5f17-5171-4009-8b61-55e87c426a9e","level":"\u001b[34minfo\u001b[39m","timestamp":"2019-01-17 21:57:20"}
{"message":"req.user: undefined","level":"\u001b[34minfo\u001b[39m","timestamp":"2019-01-17 21:57:24"}
{"message":"Session id started: {\"user\":\"2f24vvg\"}","level":"\u001b[34minfo\u001b[39m","timestamp":"2019-01-17 21:57:24"}
{"message":"User logged in: {\"id\":\"2f24vvg\",\"email\":\"test@test.com\",\"password\":\"$2a$10$A2g6pbxxhLA9MNYRJ0rnzOf/7Ara76B0KcRdjzUcsIBIclRuas/fG\"}","level":"\u001b[34minfo\u001b[39m","timestamp":"2019-01-17 21:57:24"}
{"message":"User (2f24vvg) uploaded a file: {\"file-upload\":{\"size\":454120,\"path\":\"C:\\\\develop\\\\nodejs\\\\projects\\\\aitam\\\\work\\\\d12c5f17-5171-4009-8b61-55e87c426a9e.xml\",\"name\":\"test_site2.xml\",\"type\":\"text/xml\",\"mtime\":\"2019-01-17T21:57:30.660Z\"}}","level":"\u001b[34minfo\u001b[39m","timestamp":"2019-01-17 21:57:30"}
{"message":"garbage collector started on path: C:\\develop\\nodejs\\projects\\aitam\\work\\","level":"\u001b[34minfo\u001b[39m","timestamp":"2019-01-17 21:59:45"}
{"message":"req.user: undefined","level":"\u001b[34minfo\u001b[39m","timestamp":"2019-01-17 21:59:54"}
{"message":"Session id started: {\"user\":\"2f24vvg\"}","level":"\u001b[34minfo\u001b[39m","timestamp":"2019-01-17 21:59:54"}
{"message":"User logged in: {\"id\":\"2f24vvg\",\"email\":\"test@test.com\",\"password\":\"$2a$10$A2g6pbxxhLA9MNYRJ0rnzOf/7Ara76B0KcRdjzUcsIBIclRuas/fG\"}","level":"\u001b[34minfo\u001b[39m","timestamp":"2019-01-17 21:59:54"}
{"message":"User (2f24vvg) uploaded a file: {\"file-upload\":{\"size\":454120,\"path\":\"C:\\\\develop\\\\nodejs\\\\projects\\\\aitam\\\\work\\\\d694ef6e-79ac-4fbf-a9bd-e4903c21f754.xml\",\"name\":\"test_site2.xml\",\"type\":\"text/xml\",\"mtime\":\"2019-01-17T22:00:01.770Z\"}}","level":"\u001b[34minfo\u001b[39m","timestamp":"2019-01-17 22:00:01"}
{"message":"garbage collector started on path: C:\\develop\\nodejs\\projects\\aitam\\work\\","level":"\u001b[34minfo\u001b[39m","timestamp":"2019-01-17 22:02:18"}
{"message":"req.user: undefined","level":"\u001b[34minfo\u001b[39m","timestamp":"2019-01-17 22:02:30"}
{"message":"Session id started: {\"user\":\"2f24vvg\"}","level":"\u001b[34minfo\u001b[39m","timestamp":"2019-01-17 22:02:30"}
{"message":"User logged in: {\"id\":\"2f24vvg\",\"email\":\"test@test.com\",\"password\":\"$2a$10$A2g6pbxxhLA9MNYRJ0rnzOf/7Ara76B0KcRdjzUcsIBIclRuas/fG\"}","level":"\u001b[34minfo\u001b[39m","timestamp":"2019-01-17 22:02:30"}
{"message":"User (2f24vvg) uploaded a file: {\"file-upload\":{\"size\":454120,\"path\":\"C:\\\\develop\\\\nodejs\\\\projects\\\\aitam\\\\work\\\\b9e00dd7-ba71-4d30-914f-a1fab1be5871.xml\",\"name\":\"test_site2.xml\",\"type\":\"text/xml\",\"mtime\":\"2019-01-17T22:02:37.759Z\"}}","level":"\u001b[34minfo\u001b[39m","timestamp":"2019-01-17 22:02:37"}
{"message":"garbage collector started on path: C:\\develop\\nodejs\\projects\\aitam\\work\\","level":"\u001b[34minfo\u001b[39m","timestamp":"2019-01-17 22:07:07"}
{"message":"req.user: undefined","level":"\u001b[34minfo\u001b[39m","timestamp":"2019-01-17 22:07:17"}
{"message":"Session id started: {\"user\":\"2f24vvg\"}","level":"\u001b[34minfo\u001b[39m","timestamp":"2019-01-17 22:07:17"}
{"message":"User logged in: {\"id\":\"2f24vvg\",\"email\":\"test@test.com\",\"password\":\"$2a$10$A2g6pbxxhLA9MNYRJ0rnzOf/7Ara76B0KcRdjzUcsIBIclRuas/fG\"}","level":"\u001b[34minfo\u001b[39m","timestamp":"2019-01-17 22:07:17"}
{"message":"User (2f24vvg) uploaded a file: {\"file-upload\":{\"size\":454120,\"path\":\"C:\\\\develop\\\\nodejs\\\\projects\\\\aitam\\\\work\\\\93e146ca-4351-4284-a767-e0106f161726.xml\",\"name\":\"test_site2.xml\",\"type\":\"text/xml\",\"mtime\":\"2019-01-17T22:07:24.715Z\"}}","level":"\u001b[34minfo\u001b[39m","timestamp":"2019-01-17 22:07:24"}
{"message":"garbage collector started on path: C:\\develop\\nodejs\\projects\\aitam\\work\\","level":"\u001b[34minfo\u001b[39m","timestamp":"2019-01-17 22:09:51"}
{"message":"req.user: undefined","level":"\u001b[34minfo\u001b[39m","timestamp":"2019-01-17 22:09:59"}
{"message":"Session id started: {\"user\":\"2f24vvg\"}","level":"\u001b[34minfo\u001b[39m","timestamp":"2019-01-17 22:09:59"}
{"message":"User logged in: {\"id\":\"2f24vvg\",\"email\":\"test@test.com\",\"password\":\"$2a$10$A2g6pbxxhLA9MNYRJ0rnzOf/7Ara76B0KcRdjzUcsIBIclRuas/fG\"}","level":"\u001b[34minfo\u001b[39m","timestamp":"2019-01-17 22:09:59"}
{"message":"User (2f24vvg) uploaded a file: {\"file-upload\":{\"size\":454120,\"path\":\"C:\\\\develop\\\\nodejs\\\\projects\\\\aitam\\\\work\\\\f7be0a52-9b11-461d-9ee7-a0bbe584c3af.xml\",\"name\":\"test_site2.xml\",\"type\":\"text/xml\",\"mtime\":\"2019-01-17T22:10:05.244Z\"}}","level":"\u001b[34minfo\u001b[39m","timestamp":"2019-01-17 22:10:05"}
{"message":"garbage collector started on path: C:\\develop\\nodejs\\projects\\aitam\\work\\","level":"\u001b[34minfo\u001b[39m","timestamp":"2019-01-17 22:37:23"}
{"message":"garbage collector started on path: C:\\develop\\nodejs\\projects\\aitam\\work\\","level":"\u001b[34minfo\u001b[39m","timestamp":"2019-01-17 22:37:45"}
