{"message":"garbage collector started on path: C:\\develop\\nodejs\\projects\\aitam\\work\\","level":"\u001b[34minfo\u001b[39m","timestamp":"2019-02-14 07:54:24"}
{"message":"Session created received the id:9535c9a0-e38e-4675-abb0-39d68969d869","level":"\u001b[34minfo\u001b[39m","timestamp":"2019-02-14 07:55:24"}
{"message":"req.user: undefined","level":"\u001b[34minfo\u001b[39m","timestamp":"2019-02-14 07:55:29"}
{"message":"Session id started: {\"user\":\"2f24vvg\"}","level":"\u001b[34minfo\u001b[39m","timestamp":"2019-02-14 07:55:29"}
{"message":"User logged in: {\"id\":\"2f24vvg\",\"email\":\"test@test.com\",\"password\":\"$2a$10$A2g6pbxxhLA9MNYRJ0rnzOf/7Ara76B0KcRdjzUcsIBIclRuas/fG\"}","level":"\u001b[34minfo\u001b[39m","timestamp":"2019-02-14 07:55:29"}
{"message":"User (2f24vvg) uploaded a file: {\"file-upload\":{\"size\":452235,\"path\":\"C:\\\\develop\\\\nodejs\\\\projects\\\\aitam\\\\work\\\\9535c9a0-e38e-4675-abb0-39d68969d869.xml\",\"name\":\"test_site2.xml\",\"type\":\"text/xml\",\"mtime\":\"2019-02-14T07:55:36.239Z\"}}","level":"\u001b[34minfo\u001b[39m","timestamp":"2019-02-14 07:55:36"}
{"message":"Session created received the id:9535c9a0-e38e-4675-abb0-39d68969d869","level":"\u001b[34minfo\u001b[39m","timestamp":"2019-02-14 07:55:52"}
{"message":"Session created received the id:cc34eae7-19eb-4bab-b2e5-5163e7ab6279","level":"\u001b[34minfo\u001b[39m","timestamp":"2019-02-14 07:56:07"}
{"message":"garbage collector deleted  776d2a30-d020-4ee2-87ae-cdb4c002ebe0.sent on folder: C:\\develop\\nodejs\\projects\\aitam\\work\\, path: C:\\develop\\nodejs\\projects\\aitam\\work\\776d2a30-d020-4ee2-87ae-cdb4c002ebe0.sent","level":"\u001b[34minfo\u001b[39m","timestamp":"2019-02-14 08:00:00"}
{"message":"garbage collector deleted  776d2a30-d020-4ee2-87ae-cdb4c002ebe0.xml on folder: C:\\develop\\nodejs\\projects\\aitam\\work\\, path: C:\\develop\\nodejs\\projects\\aitam\\work\\776d2a30-d020-4ee2-87ae-cdb4c002ebe0.xml","level":"\u001b[34minfo\u001b[39m","timestamp":"2019-02-14 08:00:00"}
{"message":"garbage collector deleted  a1ae860c-e7fb-490b-a5bb-2d125fcbcc0d.sent on folder: C:\\develop\\nodejs\\projects\\aitam\\work\\, path: C:\\develop\\nodejs\\projects\\aitam\\work\\a1ae860c-e7fb-490b-a5bb-2d125fcbcc0d.sent","level":"\u001b[34minfo\u001b[39m","timestamp":"2019-02-14 08:00:00"}
{"message":"garbage collector deleted  a1ae860c-e7fb-490b-a5bb-2d125fcbcc0d.src on folder: C:\\develop\\nodejs\\projects\\aitam\\work\\, path: C:\\develop\\nodejs\\projects\\aitam\\work\\a1ae860c-e7fb-490b-a5bb-2d125fcbcc0d.src","level":"\u001b[34minfo\u001b[39m","timestamp":"2019-02-14 08:00:00"}
{"message":"garbage collector deleted  a1ae860c-e7fb-490b-a5bb-2d125fcbcc0d.tkn on folder: C:\\develop\\nodejs\\projects\\aitam\\work\\, path: C:\\develop\\nodejs\\projects\\aitam\\work\\a1ae860c-e7fb-490b-a5bb-2d125fcbcc0d.tkn","level":"\u001b[34minfo\u001b[39m","timestamp":"2019-02-14 08:00:00"}
{"message":"garbage collector deleted  a1ae860c-e7fb-490b-a5bb-2d125fcbcc0d.vec on folder: C:\\develop\\nodejs\\projects\\aitam\\work\\, path: C:\\develop\\nodejs\\projects\\aitam\\work\\a1ae860c-e7fb-490b-a5bb-2d125fcbcc0d.vec","level":"\u001b[34minfo\u001b[39m","timestamp":"2019-02-14 08:00:00"}
{"message":"Session created received the id:cc34eae7-19eb-4bab-b2e5-5163e7ab6279","level":"\u001b[34minfo\u001b[39m","timestamp":"2019-02-14 08:53:59"}
{"message":"req.user: undefined","level":"\u001b[34minfo\u001b[39m","timestamp":"2019-02-14 09:13:31"}
{"message":"Session id started: {\"user\":\"2f24vvg\"}","level":"\u001b[34minfo\u001b[39m","timestamp":"2019-02-14 09:13:31"}
{"message":"User logged in: {\"id\":\"2f24vvg\",\"email\":\"test@test.com\",\"password\":\"$2a$10$A2g6pbxxhLA9MNYRJ0rnzOf/7Ara76B0KcRdjzUcsIBIclRuas/fG\"}","level":"\u001b[34minfo\u001b[39m","timestamp":"2019-02-14 09:13:31"}
{"message":"User (2f24vvg) uploaded a file: {\"file-upload\":{\"size\":477122,\"path\":\"C:\\\\develop\\\\nodejs\\\\projects\\\\aitam\\\\work\\\\cc34eae7-19eb-4bab-b2e5-5163e7ab6279.xml\",\"name\":\"test_site2.xml\",\"type\":\"text/xml\",\"mtime\":\"2019-02-14T09:14:13.913Z\"}}","level":"\u001b[34minfo\u001b[39m","timestamp":"2019-02-14 09:14:13"}
{"message":"User (2f24vvg) uploaded a file: {\"file-upload\":{\"size\":477122,\"path\":\"C:\\\\develop\\\\nodejs\\\\projects\\\\aitam\\\\work\\\\cc34eae7-19eb-4bab-b2e5-5163e7ab6279.xml\",\"name\":\"test_site2.xml\",\"type\":\"text/xml\",\"mtime\":\"2019-02-14T09:16:33.771Z\"}}","level":"\u001b[34minfo\u001b[39m","timestamp":"2019-02-14 09:16:33"}
{"message":"Session created received the id:f18011aa-187d-4870-a42a-b894e60f9345","level":"\u001b[34minfo\u001b[39m","timestamp":"2019-02-14 09:20:16"}
{"message":"404 - Not Found","level":"\u001b[33mwarn\u001b[39m","timestamp":"2019-02-14 09:20:17"}
{"message":"req.user: undefined","level":"\u001b[34minfo\u001b[39m","timestamp":"2019-02-14 09:20:20"}
{"message":"Session id started: {\"user\":\"2f24vvg\"}","level":"\u001b[34minfo\u001b[39m","timestamp":"2019-02-14 09:20:20"}
{"message":"User logged in: {\"id\":\"2f24vvg\",\"email\":\"test@test.com\",\"password\":\"$2a$10$A2g6pbxxhLA9MNYRJ0rnzOf/7Ara76B0KcRdjzUcsIBIclRuas/fG\"}","level":"\u001b[34minfo\u001b[39m","timestamp":"2019-02-14 09:20:20"}
{"message":"User (2f24vvg) uploaded a file: {\"file-upload\":{\"size\":477123,\"path\":\"C:\\\\develop\\\\nodejs\\\\projects\\\\aitam\\\\work\\\\f18011aa-187d-4870-a42a-b894e60f9345.xml\",\"name\":\"test_site2.xml\",\"type\":\"text/xml\",\"mtime\":\"2019-02-14T09:20:25.677Z\"}}","level":"\u001b[34minfo\u001b[39m","timestamp":"2019-02-14 09:20:25"}
