{"message":"garbage collector started on path: C:\\develop\\nodejs\\projects\\aitam\\work\\","level":"\u001b[34minfo\u001b[39m","timestamp":"2019-10-09 19:37:24"}
{"message":"Session created received the id:ba78410a-2f9a-4810-aa7f-1e636d6528b3","level":"\u001b[34minfo\u001b[39m","timestamp":"2019-10-09 19:37:39"}
{"message":"req.user: undefined","level":"\u001b[34minfo\u001b[39m","timestamp":"2019-10-09 19:37:45"}
{"message":"Session id started: {\"user\":\"2f24vvg\"}","level":"\u001b[34minfo\u001b[39m","timestamp":"2019-10-09 19:37:45"}
{"message":"User logged in: {\"id\":\"2f24vvg\",\"email\":\"test@test.com\",\"password\":\"$2a$10$A2g6pbxxhLA9MNYRJ0rnzOf/7Ara76B0KcRdjzUcsIBIclRuas/fG\"}","level":"\u001b[34minfo\u001b[39m","timestamp":"2019-10-09 19:37:45"}
{"message":"User (2f24vvg) uploaded a file: {\"file-upload\":{\"size\":441412,\"path\":\"C:\\\\develop\\\\nodejs\\\\projects\\\\aitam\\\\work\\\\ba78410a-2f9a-4810-aa7f-1e636d6528b3.xml\",\"name\":\"e585df9b-8252-494f-9afc-d44401b83717.xml\",\"type\":\"text/xml\",\"mtime\":\"2019-10-09T18:37:53.256Z\"}}","level":"\u001b[34minfo\u001b[39m","timestamp":"2019-10-09 19:37:53"}
{"message":"garbage collector started on path: C:\\develop\\nodejs\\projects\\aitam\\work\\","level":"\u001b[34minfo\u001b[39m","timestamp":"2019-10-09 19:43:24"}
{"message":"req.user: undefined","level":"\u001b[34minfo\u001b[39m","timestamp":"2019-10-09 19:43:35"}
{"message":"Session id started: {\"user\":\"2f24vvg\"}","level":"\u001b[34minfo\u001b[39m","timestamp":"2019-10-09 19:43:35"}
{"message":"User logged in: {\"id\":\"2f24vvg\",\"email\":\"test@test.com\",\"password\":\"$2a$10$A2g6pbxxhLA9MNYRJ0rnzOf/7Ara76B0KcRdjzUcsIBIclRuas/fG\"}","level":"\u001b[34minfo\u001b[39m","timestamp":"2019-10-09 19:43:35"}
{"message":"User (2f24vvg) uploaded a file: {\"file-upload\":{\"size\":441412,\"path\":\"C:\\\\develop\\\\nodejs\\\\projects\\\\aitam\\\\work\\\\d25d71ad-0ac2-4163-9862-2d98059a656a.xml\",\"name\":\"e585df9b-8252-494f-9afc-d44401b83717.xml\",\"type\":\"text/xml\",\"mtime\":\"2019-10-09T18:43:42.351Z\"}}","level":"\u001b[34minfo\u001b[39m","timestamp":"2019-10-09 19:43:42"}
{"message":"garbage collector deleted  7a946463-f21e-488d-994e-2782ad00d716.xml on folder: C:\\develop\\nodejs\\projects\\aitam\\work\\, path: C:\\develop\\nodejs\\projects\\aitam\\work\\7a946463-f21e-488d-994e-2782ad00d716.xml","level":"\u001b[34minfo\u001b[39m","timestamp":"2019-10-09 19:45:00"}
{"message":"garbage collector deleted  a5358a3b-313e-444e-a67b-45d3b3fccf92.xml on folder: C:\\develop\\nodejs\\projects\\aitam\\work\\, path: C:\\develop\\nodejs\\projects\\aitam\\work\\a5358a3b-313e-444e-a67b-45d3b3fccf92.xml","level":"\u001b[34minfo\u001b[39m","timestamp":"2019-10-09 19:45:00"}
{"message":"garbage collector error:  Error: Can't delete C:\\develop\\nodejs\\projects\\aitam\\work\\7a946463-f21e-488d-994e-2782ad00d716.xml","level":"\u001b[34minfo\u001b[39m","timestamp":"2019-10-09 19:45:00"}
{"message":"garbage collector deleted  884c009c-e191-4934-8f86-845fc213442d.xml on folder: C:\\develop\\nodejs\\projects\\aitam\\work\\, path: C:\\develop\\nodejs\\projects\\aitam\\work\\884c009c-e191-4934-8f86-845fc213442d.xml","level":"\u001b[34minfo\u001b[39m","timestamp":"2019-10-09 19:45:00"}
{"message":"garbage collector error:  Error: Can't delete C:\\develop\\nodejs\\projects\\aitam\\work\\884c009c-e191-4934-8f86-845fc213442d.xml","level":"\u001b[34minfo\u001b[39m","timestamp":"2019-10-09 19:45:00"}
{"message":"garbage collector error:  Error: Can't delete C:\\develop\\nodejs\\projects\\aitam\\work\\a5358a3b-313e-444e-a67b-45d3b3fccf92.xml","level":"\u001b[34minfo\u001b[39m","timestamp":"2019-10-09 19:45:00"}
{"message":"garbage collector error:  Error: Can't delete C:\\develop\\nodejs\\projects\\aitam\\work\\gazetteer.dic","level":"\u001b[34minfo\u001b[39m","timestamp":"2019-10-09 19:45:00"}
{"message":"garbage collector deleted  gazetteer.dic on folder: C:\\develop\\nodejs\\projects\\aitam\\work\\, path: C:\\develop\\nodejs\\projects\\aitam\\work\\gazetteer.dic","level":"\u001b[34minfo\u001b[39m","timestamp":"2019-10-09 19:45:00"}
{"message":"garbage collector started on path: C:\\develop\\nodejs\\projects\\aitam\\work\\","level":"\u001b[34minfo\u001b[39m","timestamp":"2019-10-09 19:46:36"}
{"message":"req.user: undefined","level":"\u001b[34minfo\u001b[39m","timestamp":"2019-10-09 19:46:42"}
{"message":"Session id started: {\"user\":\"2f24vvg\"}","level":"\u001b[34minfo\u001b[39m","timestamp":"2019-10-09 19:46:42"}
{"message":"User logged in: {\"id\":\"2f24vvg\",\"email\":\"test@test.com\",\"password\":\"$2a$10$A2g6pbxxhLA9MNYRJ0rnzOf/7Ara76B0KcRdjzUcsIBIclRuas/fG\"}","level":"\u001b[34minfo\u001b[39m","timestamp":"2019-10-09 19:46:42"}
{"message":"User (2f24vvg) uploaded a file: {\"file-upload\":{\"size\":441412,\"path\":\"C:\\\\develop\\\\nodejs\\\\projects\\\\aitam\\\\work\\\\9774336c-e570-4e92-8cb1-1718bca07967.xml\",\"name\":\"e585df9b-8252-494f-9afc-d44401b83717.xml\",\"type\":\"text/xml\",\"mtime\":\"2019-10-09T18:46:48.346Z\"}}","level":"\u001b[34minfo\u001b[39m","timestamp":"2019-10-09 19:46:48"}
{"message":"User (2f24vvg) uploaded a file: {\"file-upload\":{\"size\":441412,\"path\":\"C:\\\\develop\\\\nodejs\\\\projects\\\\aitam\\\\work\\\\9774336c-e570-4e92-8cb1-1718bca07967.xml\",\"name\":\"e585df9b-8252-494f-9afc-d44401b83717.xml\",\"type\":\"text/xml\",\"mtime\":\"2019-10-09T18:46:58.727Z\"}}","level":"\u001b[34minfo\u001b[39m","timestamp":"2019-10-09 19:46:58"}
{"message":"User (2f24vvg) uploaded a file: {\"file-upload\":{\"size\":444450,\"path\":\"C:\\\\develop\\\\nodejs\\\\projects\\\\aitam\\\\work\\\\9774336c-e570-4e92-8cb1-1718bca07967.xml\",\"name\":\"e585df9b-8252-494f-9afc-d44401b83717.xml\",\"type\":\"text/xml\",\"mtime\":\"2019-10-09T18:52:00.992Z\"}}","level":"\u001b[34minfo\u001b[39m","timestamp":"2019-10-09 19:52:00"}
{"message":"User (2f24vvg) uploaded a file: {\"file-upload\":{\"size\":444450,\"path\":\"C:\\\\develop\\\\nodejs\\\\projects\\\\aitam\\\\work\\\\9774336c-e570-4e92-8cb1-1718bca07967.xml\",\"name\":\"e585df9b-8252-494f-9afc-d44401b83717.xml\",\"type\":\"text/xml\",\"mtime\":\"2019-10-09T18:52:10.806Z\"}}","level":"\u001b[34minfo\u001b[39m","timestamp":"2019-10-09 19:52:10"}
{"message":"User (2f24vvg) uploaded a file: {\"file-upload\":{\"size\":444492,\"path\":\"C:\\\\develop\\\\nodejs\\\\projects\\\\aitam\\\\work\\\\9774336c-e570-4e92-8cb1-1718bca07967.xml\",\"name\":\"e585df9b-8252-494f-9afc-d44401b83717.xml\",\"type\":\"text/xml\",\"mtime\":\"2019-10-09T18:53:04.216Z\"}}","level":"\u001b[34minfo\u001b[39m","timestamp":"2019-10-09 19:53:04"}
{"message":"garbage collector started on path: C:\\develop\\nodejs\\projects\\aitam\\work\\","level":"\u001b[34minfo\u001b[39m","timestamp":"2019-10-09 19:55:56"}
{"message":"req.user: undefined","level":"\u001b[34minfo\u001b[39m","timestamp":"2019-10-09 19:56:09"}
{"message":"Session id started: {\"user\":\"2f24vvg\"}","level":"\u001b[34minfo\u001b[39m","timestamp":"2019-10-09 19:56:09"}
{"message":"User logged in: {\"id\":\"2f24vvg\",\"email\":\"test@test.com\",\"password\":\"$2a$10$A2g6pbxxhLA9MNYRJ0rnzOf/7Ara76B0KcRdjzUcsIBIclRuas/fG\"}","level":"\u001b[34minfo\u001b[39m","timestamp":"2019-10-09 19:56:09"}
{"message":"User (2f24vvg) uploaded a file: {\"file-upload\":{\"size\":444492,\"path\":\"C:\\\\develop\\\\nodejs\\\\projects\\\\aitam\\\\work\\\\855f4892-a9a8-4033-832f-7fd308a358f7.xml\",\"name\":\"e585df9b-8252-494f-9afc-d44401b83717.xml\",\"type\":\"text/xml\",\"mtime\":\"2019-10-09T18:56:16.136Z\"}}","level":"\u001b[34minfo\u001b[39m","timestamp":"2019-10-09 19:56:16"}
{"message":"User (2f24vvg) uploaded a file: {\"file-upload\":{\"size\":430590,\"path\":\"C:\\\\develop\\\\nodejs\\\\projects\\\\aitam\\\\work\\\\855f4892-a9a8-4033-832f-7fd308a358f7.xml\",\"name\":\"884c009c-e191-4934-8f86-845fc213442d.xml\",\"type\":\"text/xml\",\"mtime\":\"2019-10-09T18:56:29.928Z\"}}","level":"\u001b[34minfo\u001b[39m","timestamp":"2019-10-09 19:56:29"}
{"message":"garbage collector started on path: C:\\develop\\nodejs\\projects\\aitam\\work\\","level":"\u001b[34minfo\u001b[39m","timestamp":"2019-10-09 19:56:57"}
{"message":"garbage collector started on path: C:\\develop\\nodejs\\projects\\aitam\\work\\","level":"\u001b[34minfo\u001b[39m","timestamp":"2019-10-09 19:57:21"}
