{"message":"garbage collector started on path: C:\\develop\\nodejs\\projects\\aitam\\work\\","level":"\u001b[34minfo\u001b[39m","timestamp":"2019-09-29 16:45:41"}
{"message":"garbage collector deleted  132e0043-8cb7-4c4b-b596-5977ba32e038.xml on folder: C:\\develop\\nodejs\\projects\\aitam\\work\\, path: C:\\develop\\nodejs\\projects\\aitam\\work\\132e0043-8cb7-4c4b-b596-5977ba32e038.xml","level":"\u001b[34minfo\u001b[39m","timestamp":"2019-09-29 16:45:42"}
{"message":"garbage collector deleted  1a93f169-c2f8-4a9e-8f8b-a270bcdd12b0.xml on folder: C:\\develop\\nodejs\\projects\\aitam\\work\\, path: C:\\develop\\nodejs\\projects\\aitam\\work\\1a93f169-c2f8-4a9e-8f8b-a270bcdd12b0.xml","level":"\u001b[34minfo\u001b[39m","timestamp":"2019-09-29 16:45:42"}
{"message":"garbage collector deleted  19950101-76b6-4ecc-af45-dc85ae787eec.xml on folder: C:\\develop\\nodejs\\projects\\aitam\\work\\, path: C:\\develop\\nodejs\\projects\\aitam\\work\\19950101-76b6-4ecc-af45-dc85ae787eec.xml","level":"\u001b[34minfo\u001b[39m","timestamp":"2019-09-29 16:45:42"}
{"message":"garbage collector deleted  20c3c2e6-b982-449f-a898-3b0dbba63bea.xml on folder: C:\\develop\\nodejs\\projects\\aitam\\work\\, path: C:\\develop\\nodejs\\projects\\aitam\\work\\20c3c2e6-b982-449f-a898-3b0dbba63bea.xml","level":"\u001b[34minfo\u001b[39m","timestamp":"2019-09-29 16:45:42"}
{"message":"garbage collector deleted  2f728462-9c54-4d68-a964-f6d657a12fe8.xml on folder: C:\\develop\\nodejs\\projects\\aitam\\work\\, path: C:\\develop\\nodejs\\projects\\aitam\\work\\2f728462-9c54-4d68-a964-f6d657a12fe8.xml","level":"\u001b[34minfo\u001b[39m","timestamp":"2019-09-29 16:45:42"}
{"message":"garbage collector deleted  3463ae20-284b-4467-a8dc-015237d8d38a.xml on folder: C:\\develop\\nodejs\\projects\\aitam\\work\\, path: C:\\develop\\nodejs\\projects\\aitam\\work\\3463ae20-284b-4467-a8dc-015237d8d38a.xml","level":"\u001b[34minfo\u001b[39m","timestamp":"2019-09-29 16:45:42"}
{"message":"garbage collector deleted  2e133647-6ab6-441f-ad28-29a11235c84b.xml on folder: C:\\develop\\nodejs\\projects\\aitam\\work\\, path: C:\\develop\\nodejs\\projects\\aitam\\work\\2e133647-6ab6-441f-ad28-29a11235c84b.xml","level":"\u001b[34minfo\u001b[39m","timestamp":"2019-09-29 16:45:42"}
{"message":"garbage collector deleted  3b533170-fcad-4aa4-83c1-6467b451e405.xml on folder: C:\\develop\\nodejs\\projects\\aitam\\work\\, path: C:\\develop\\nodejs\\projects\\aitam\\work\\3b533170-fcad-4aa4-83c1-6467b451e405.xml","level":"\u001b[34minfo\u001b[39m","timestamp":"2019-09-29 16:45:42"}
{"message":"garbage collector deleted  3f3f4980-9002-4e2c-bf69-e22159b88f00.xml on folder: C:\\develop\\nodejs\\projects\\aitam\\work\\, path: C:\\develop\\nodejs\\projects\\aitam\\work\\3f3f4980-9002-4e2c-bf69-e22159b88f00.xml","level":"\u001b[34minfo\u001b[39m","timestamp":"2019-09-29 16:45:42"}
{"message":"garbage collector deleted  405e0c66-b7e1-4976-829c-3cd576fdf474.xml on folder: C:\\develop\\nodejs\\projects\\aitam\\work\\, path: C:\\develop\\nodejs\\projects\\aitam\\work\\405e0c66-b7e1-4976-829c-3cd576fdf474.xml","level":"\u001b[34minfo\u001b[39m","timestamp":"2019-09-29 16:45:42"}
{"message":"garbage collector deleted  44bb3683-b652-4bfe-b393-b82191e3ad6c.odt on folder: C:\\develop\\nodejs\\projects\\aitam\\work\\, path: C:\\develop\\nodejs\\projects\\aitam\\work\\44bb3683-b652-4bfe-b393-b82191e3ad6c.odt","level":"\u001b[34minfo\u001b[39m","timestamp":"2019-09-29 16:45:42"}
{"message":"garbage collector deleted  44bb3683-b652-4bfe-b393-b82191e3ad6c.xml on folder: C:\\develop\\nodejs\\projects\\aitam\\work\\, path: C:\\develop\\nodejs\\projects\\aitam\\work\\44bb3683-b652-4bfe-b393-b82191e3ad6c.xml","level":"\u001b[34minfo\u001b[39m","timestamp":"2019-09-29 16:45:42"}
{"message":"garbage collector deleted  46664769-69c6-43a6-ad12-1a77acba822a.xml on folder: C:\\develop\\nodejs\\projects\\aitam\\work\\, path: C:\\develop\\nodejs\\projects\\aitam\\work\\46664769-69c6-43a6-ad12-1a77acba822a.xml","level":"\u001b[34minfo\u001b[39m","timestamp":"2019-09-29 16:45:42"}
{"message":"garbage collector deleted  46ede676-65f5-46fb-9366-6f818eb3be2d.xml on folder: C:\\develop\\nodejs\\projects\\aitam\\work\\, path: C:\\develop\\nodejs\\projects\\aitam\\work\\46ede676-65f5-46fb-9366-6f818eb3be2d.xml","level":"\u001b[34minfo\u001b[39m","timestamp":"2019-09-29 16:45:42"}
{"message":"garbage collector deleted  4dc58b66-d1fc-43de-8259-b77002bfafe0.xml on folder: C:\\develop\\nodejs\\projects\\aitam\\work\\, path: C:\\develop\\nodejs\\projects\\aitam\\work\\4dc58b66-d1fc-43de-8259-b77002bfafe0.xml","level":"\u001b[34minfo\u001b[39m","timestamp":"2019-09-29 16:45:42"}
{"message":"garbage collector deleted  4c8ce768-d726-4753-b4a0-eb1c8d54e954.xml on folder: C:\\develop\\nodejs\\projects\\aitam\\work\\, path: C:\\develop\\nodejs\\projects\\aitam\\work\\4c8ce768-d726-4753-b4a0-eb1c8d54e954.xml","level":"\u001b[34minfo\u001b[39m","timestamp":"2019-09-29 16:45:42"}
{"message":"garbage collector deleted  502f70d6-bcea-406e-b111-f834ebdb99cb.xml on folder: C:\\develop\\nodejs\\projects\\aitam\\work\\, path: C:\\develop\\nodejs\\projects\\aitam\\work\\502f70d6-bcea-406e-b111-f834ebdb99cb.xml","level":"\u001b[34minfo\u001b[39m","timestamp":"2019-09-29 16:45:42"}
{"message":"garbage collector deleted  507a53f0-ba55-4709-b391-a132ce16e9b5.xml on folder: C:\\develop\\nodejs\\projects\\aitam\\work\\, path: C:\\develop\\nodejs\\projects\\aitam\\work\\507a53f0-ba55-4709-b391-a132ce16e9b5.xml","level":"\u001b[34minfo\u001b[39m","timestamp":"2019-09-29 16:45:42"}
{"message":"garbage collector deleted  5335e329-8e48-499c-bab0-32a95df4a9a3.xml on folder: C:\\develop\\nodejs\\projects\\aitam\\work\\, path: C:\\develop\\nodejs\\projects\\aitam\\work\\5335e329-8e48-499c-bab0-32a95df4a9a3.xml","level":"\u001b[34minfo\u001b[39m","timestamp":"2019-09-29 16:45:42"}
{"message":"garbage collector deleted  537f38f8-b42c-431b-a2ad-0f4169e8c12e.xml on folder: C:\\develop\\nodejs\\projects\\aitam\\work\\, path: C:\\develop\\nodejs\\projects\\aitam\\work\\537f38f8-b42c-431b-a2ad-0f4169e8c12e.xml","level":"\u001b[34minfo\u001b[39m","timestamp":"2019-09-29 16:45:42"}
{"message":"garbage collector deleted  596849f4-e759-4bfd-89ee-f605782f8ce4.xml on folder: C:\\develop\\nodejs\\projects\\aitam\\work\\, path: C:\\develop\\nodejs\\projects\\aitam\\work\\596849f4-e759-4bfd-89ee-f605782f8ce4.xml","level":"\u001b[34minfo\u001b[39m","timestamp":"2019-09-29 16:45:42"}
{"message":"garbage collector deleted  5f0f72b4-af72-452a-9c77-47b9678d2562.xml on folder: C:\\develop\\nodejs\\projects\\aitam\\work\\, path: C:\\develop\\nodejs\\projects\\aitam\\work\\5f0f72b4-af72-452a-9c77-47b9678d2562.xml","level":"\u001b[34minfo\u001b[39m","timestamp":"2019-09-29 16:45:42"}
{"message":"garbage collector deleted  62f4ba56-5921-42cc-9c50-873df0bb0ade.xml on folder: C:\\develop\\nodejs\\projects\\aitam\\work\\, path: C:\\develop\\nodejs\\projects\\aitam\\work\\62f4ba56-5921-42cc-9c50-873df0bb0ade.xml","level":"\u001b[34minfo\u001b[39m","timestamp":"2019-09-29 16:45:42"}
{"message":"garbage collector deleted  7382b02b-9e6c-42db-b16c-a041454c6dbf.xml on folder: C:\\develop\\nodejs\\projects\\aitam\\work\\, path: C:\\develop\\nodejs\\projects\\aitam\\work\\7382b02b-9e6c-42db-b16c-a041454c6dbf.xml","level":"\u001b[34minfo\u001b[39m","timestamp":"2019-09-29 16:45:42"}
{"message":"garbage collector deleted  78f2cac6-7e4f-44e7-925c-217696ee7208.xml on folder: C:\\develop\\nodejs\\projects\\aitam\\work\\, path: C:\\develop\\nodejs\\projects\\aitam\\work\\78f2cac6-7e4f-44e7-925c-217696ee7208.xml","level":"\u001b[34minfo\u001b[39m","timestamp":"2019-09-29 16:45:42"}
{"message":"garbage collector deleted  7ede4299-05d2-4923-8cc4-3da96ce77f31.xml on folder: C:\\develop\\nodejs\\projects\\aitam\\work\\, path: C:\\develop\\nodejs\\projects\\aitam\\work\\7ede4299-05d2-4923-8cc4-3da96ce77f31.xml","level":"\u001b[34minfo\u001b[39m","timestamp":"2019-09-29 16:45:42"}
{"message":"garbage collector deleted  82de72ff-ea4e-4666-afc6-1817d5accf35.odt on folder: C:\\develop\\nodejs\\projects\\aitam\\work\\, path: C:\\develop\\nodejs\\projects\\aitam\\work\\82de72ff-ea4e-4666-afc6-1817d5accf35.odt","level":"\u001b[34minfo\u001b[39m","timestamp":"2019-09-29 16:45:42"}
{"message":"garbage collector deleted  82de72ff-ea4e-4666-afc6-1817d5accf35.xml on folder: C:\\develop\\nodejs\\projects\\aitam\\work\\, path: C:\\develop\\nodejs\\projects\\aitam\\work\\82de72ff-ea4e-4666-afc6-1817d5accf35.xml","level":"\u001b[34minfo\u001b[39m","timestamp":"2019-09-29 16:45:42"}
{"message":"garbage collector deleted  879c6f14-ba64-4c74-8935-c2b45801e7a4.xml on folder: C:\\develop\\nodejs\\projects\\aitam\\work\\, path: C:\\develop\\nodejs\\projects\\aitam\\work\\879c6f14-ba64-4c74-8935-c2b45801e7a4.xml","level":"\u001b[34minfo\u001b[39m","timestamp":"2019-09-29 16:45:42"}
{"message":"garbage collector deleted  8f8cb08b-41dd-49fe-bd57-afb8f0563f37.xml on folder: C:\\develop\\nodejs\\projects\\aitam\\work\\, path: C:\\develop\\nodejs\\projects\\aitam\\work\\8f8cb08b-41dd-49fe-bd57-afb8f0563f37.xml","level":"\u001b[34minfo\u001b[39m","timestamp":"2019-09-29 16:45:42"}
{"message":"garbage collector deleted  936ad7a8-1faf-41fd-be35-a9589ca660af.xml on folder: C:\\develop\\nodejs\\projects\\aitam\\work\\, path: C:\\develop\\nodejs\\projects\\aitam\\work\\936ad7a8-1faf-41fd-be35-a9589ca660af.xml","level":"\u001b[34minfo\u001b[39m","timestamp":"2019-09-29 16:45:42"}
{"message":"garbage collector deleted  99f5b2d2-9a2f-42c8-af95-6500a7908aff.xml on folder: C:\\develop\\nodejs\\projects\\aitam\\work\\, path: C:\\develop\\nodejs\\projects\\aitam\\work\\99f5b2d2-9a2f-42c8-af95-6500a7908aff.xml","level":"\u001b[34minfo\u001b[39m","timestamp":"2019-09-29 16:45:42"}
{"message":"garbage collector deleted  9c38e95c-690c-43ba-90ff-47017a90746f.xml on folder: C:\\develop\\nodejs\\projects\\aitam\\work\\, path: C:\\develop\\nodejs\\projects\\aitam\\work\\9c38e95c-690c-43ba-90ff-47017a90746f.xml","level":"\u001b[34minfo\u001b[39m","timestamp":"2019-09-29 16:45:42"}
{"message":"garbage collector deleted  9eb602ed-d55c-4a75-9bbd-e4bc3796c0ba.odt on folder: C:\\develop\\nodejs\\projects\\aitam\\work\\, path: C:\\develop\\nodejs\\projects\\aitam\\work\\9eb602ed-d55c-4a75-9bbd-e4bc3796c0ba.odt","level":"\u001b[34minfo\u001b[39m","timestamp":"2019-09-29 16:45:42"}
{"message":"garbage collector deleted  9eb602ed-d55c-4a75-9bbd-e4bc3796c0ba.xml on folder: C:\\develop\\nodejs\\projects\\aitam\\work\\, path: C:\\develop\\nodejs\\projects\\aitam\\work\\9eb602ed-d55c-4a75-9bbd-e4bc3796c0ba.xml","level":"\u001b[34minfo\u001b[39m","timestamp":"2019-09-29 16:45:42"}
{"message":"garbage collector deleted  a1ca0de1-283e-48c1-b864-5a066c042adc.xml on folder: C:\\develop\\nodejs\\projects\\aitam\\work\\, path: C:\\develop\\nodejs\\projects\\aitam\\work\\a1ca0de1-283e-48c1-b864-5a066c042adc.xml","level":"\u001b[34minfo\u001b[39m","timestamp":"2019-09-29 16:45:42"}
{"message":"garbage collector deleted  a5980ec4-3412-4218-add8-beed91c7d8ee.xml on folder: C:\\develop\\nodejs\\projects\\aitam\\work\\, path: C:\\develop\\nodejs\\projects\\aitam\\work\\a5980ec4-3412-4218-add8-beed91c7d8ee.xml","level":"\u001b[34minfo\u001b[39m","timestamp":"2019-09-29 16:45:42"}
{"message":"garbage collector deleted  a922ddeb-9cee-4693-8e38-59d4be45022e.xml on folder: C:\\develop\\nodejs\\projects\\aitam\\work\\, path: C:\\develop\\nodejs\\projects\\aitam\\work\\a922ddeb-9cee-4693-8e38-59d4be45022e.xml","level":"\u001b[34minfo\u001b[39m","timestamp":"2019-09-29 16:45:42"}
{"message":"garbage collector deleted  a9bd2398-c56e-4ea8-a6c2-efdfe2d3fdfb.odt on folder: C:\\develop\\nodejs\\projects\\aitam\\work\\, path: C:\\develop\\nodejs\\projects\\aitam\\work\\a9bd2398-c56e-4ea8-a6c2-efdfe2d3fdfb.odt","level":"\u001b[34minfo\u001b[39m","timestamp":"2019-09-29 16:45:42"}
{"message":"garbage collector deleted  a9bd2398-c56e-4ea8-a6c2-efdfe2d3fdfb.xml on folder: C:\\develop\\nodejs\\projects\\aitam\\work\\, path: C:\\develop\\nodejs\\projects\\aitam\\work\\a9bd2398-c56e-4ea8-a6c2-efdfe2d3fdfb.xml","level":"\u001b[34minfo\u001b[39m","timestamp":"2019-09-29 16:45:42"}
{"message":"garbage collector deleted  b985b5d1-d019-42bb-b9a7-a6b44067fcf7.xml on folder: C:\\develop\\nodejs\\projects\\aitam\\work\\, path: C:\\develop\\nodejs\\projects\\aitam\\work\\b985b5d1-d019-42bb-b9a7-a6b44067fcf7.xml","level":"\u001b[34minfo\u001b[39m","timestamp":"2019-09-29 16:45:42"}
{"message":"garbage collector deleted  bbfd24f8-cc92-481c-8816-2e0e9668cb90.xml on folder: C:\\develop\\nodejs\\projects\\aitam\\work\\, path: C:\\develop\\nodejs\\projects\\aitam\\work\\bbfd24f8-cc92-481c-8816-2e0e9668cb90.xml","level":"\u001b[34minfo\u001b[39m","timestamp":"2019-09-29 16:45:42"}
{"message":"garbage collector deleted  c66b1a1c-0bed-43b8-8c5d-b4c45e3fba7c.xml on folder: C:\\develop\\nodejs\\projects\\aitam\\work\\, path: C:\\develop\\nodejs\\projects\\aitam\\work\\c66b1a1c-0bed-43b8-8c5d-b4c45e3fba7c.xml","level":"\u001b[34minfo\u001b[39m","timestamp":"2019-09-29 16:45:42"}
{"message":"garbage collector deleted  ca25f77c-308d-4f51-b699-db90002110f1.xml on folder: C:\\develop\\nodejs\\projects\\aitam\\work\\, path: C:\\develop\\nodejs\\projects\\aitam\\work\\ca25f77c-308d-4f51-b699-db90002110f1.xml","level":"\u001b[34minfo\u001b[39m","timestamp":"2019-09-29 16:45:42"}
{"message":"garbage collector deleted  d047946b-060c-481d-a902-54732475a7a7.xml on folder: C:\\develop\\nodejs\\projects\\aitam\\work\\, path: C:\\develop\\nodejs\\projects\\aitam\\work\\d047946b-060c-481d-a902-54732475a7a7.xml","level":"\u001b[34minfo\u001b[39m","timestamp":"2019-09-29 16:45:42"}
{"message":"garbage collector deleted  d376aeac-4297-4a6b-96f0-aa5aca60e0ff.xml on folder: C:\\develop\\nodejs\\projects\\aitam\\work\\, path: C:\\develop\\nodejs\\projects\\aitam\\work\\d376aeac-4297-4a6b-96f0-aa5aca60e0ff.xml","level":"\u001b[34minfo\u001b[39m","timestamp":"2019-09-29 16:45:42"}
{"message":"garbage collector deleted  d64ab9cd-8931-4e99-95ab-e14893051bc3.xml on folder: C:\\develop\\nodejs\\projects\\aitam\\work\\, path: C:\\develop\\nodejs\\projects\\aitam\\work\\d64ab9cd-8931-4e99-95ab-e14893051bc3.xml","level":"\u001b[34minfo\u001b[39m","timestamp":"2019-09-29 16:45:42"}
{"message":"garbage collector deleted  e0adbce6-d9c0-495d-9813-abd18e79cbbc.xml on folder: C:\\develop\\nodejs\\projects\\aitam\\work\\, path: C:\\develop\\nodejs\\projects\\aitam\\work\\e0adbce6-d9c0-495d-9813-abd18e79cbbc.xml","level":"\u001b[34minfo\u001b[39m","timestamp":"2019-09-29 16:45:42"}
{"message":"garbage collector deleted  e0bd9be5-8016-49cd-a80b-9c5d83b31768.xml on folder: C:\\develop\\nodejs\\projects\\aitam\\work\\, path: C:\\develop\\nodejs\\projects\\aitam\\work\\e0bd9be5-8016-49cd-a80b-9c5d83b31768.xml","level":"\u001b[34minfo\u001b[39m","timestamp":"2019-09-29 16:45:42"}
{"message":"garbage collector deleted  edba8966-3dfe-4749-903f-b49003099f84.xml on folder: C:\\develop\\nodejs\\projects\\aitam\\work\\, path: C:\\develop\\nodejs\\projects\\aitam\\work\\edba8966-3dfe-4749-903f-b49003099f84.xml","level":"\u001b[34minfo\u001b[39m","timestamp":"2019-09-29 16:45:42"}
{"message":"garbage collector deleted  ef06787c-27f1-4947-9ece-8f511422304d.odt on folder: C:\\develop\\nodejs\\projects\\aitam\\work\\, path: C:\\develop\\nodejs\\projects\\aitam\\work\\ef06787c-27f1-4947-9ece-8f511422304d.odt","level":"\u001b[34minfo\u001b[39m","timestamp":"2019-09-29 16:45:42"}
{"message":"garbage collector deleted  ef06787c-27f1-4947-9ece-8f511422304d.xml on folder: C:\\develop\\nodejs\\projects\\aitam\\work\\, path: C:\\develop\\nodejs\\projects\\aitam\\work\\ef06787c-27f1-4947-9ece-8f511422304d.xml","level":"\u001b[34minfo\u001b[39m","timestamp":"2019-09-29 16:45:42"}
{"message":"garbage collector deleted  f389835e-aad1-4e3f-ae04-f39649e65fc6.xml on folder: C:\\develop\\nodejs\\projects\\aitam\\work\\, path: C:\\develop\\nodejs\\projects\\aitam\\work\\f389835e-aad1-4e3f-ae04-f39649e65fc6.xml","level":"\u001b[34minfo\u001b[39m","timestamp":"2019-09-29 16:45:42"}
{"message":"garbage collector deleted  f6507db2-722b-40fd-a710-edaf00fe4ea1.xml on folder: C:\\develop\\nodejs\\projects\\aitam\\work\\, path: C:\\develop\\nodejs\\projects\\aitam\\work\\f6507db2-722b-40fd-a710-edaf00fe4ea1.xml","level":"\u001b[34minfo\u001b[39m","timestamp":"2019-09-29 16:45:42"}
{"message":"garbage collector deleted  f7fe10e9-7806-4324-a3d4-c9b45ce6b871.xml on folder: C:\\develop\\nodejs\\projects\\aitam\\work\\, path: C:\\develop\\nodejs\\projects\\aitam\\work\\f7fe10e9-7806-4324-a3d4-c9b45ce6b871.xml","level":"\u001b[34minfo\u001b[39m","timestamp":"2019-09-29 16:45:42"}
{"message":"garbage collector deleted  fcf7a952-3735-4feb-9023-41f223c5b61d.xml on folder: C:\\develop\\nodejs\\projects\\aitam\\work\\, path: C:\\develop\\nodejs\\projects\\aitam\\work\\fcf7a952-3735-4feb-9023-41f223c5b61d.xml","level":"\u001b[34minfo\u001b[39m","timestamp":"2019-09-29 16:45:42"}
{"message":"garbage collector deleted  fee903d9-9278-4a80-8cca-b4d783a8e7f5.xml on folder: C:\\develop\\nodejs\\projects\\aitam\\work\\, path: C:\\develop\\nodejs\\projects\\aitam\\work\\fee903d9-9278-4a80-8cca-b4d783a8e7f5.xml","level":"\u001b[34minfo\u001b[39m","timestamp":"2019-09-29 16:45:42"}
{"message":"garbage collector error:  Error: Can't delete C:\\develop\\nodejs\\projects\\aitam\\work\\19950101-76b6-4ecc-af45-dc85ae787eec.xml","level":"\u001b[34minfo\u001b[39m","timestamp":"2019-09-29 16:45:42"}
{"message":"garbage collector error:  Error: Can't delete C:\\develop\\nodejs\\projects\\aitam\\work\\1a93f169-c2f8-4a9e-8f8b-a270bcdd12b0.xml","level":"\u001b[34minfo\u001b[39m","timestamp":"2019-09-29 16:45:42"}
{"message":"garbage collector error:  Error: Can't delete C:\\develop\\nodejs\\projects\\aitam\\work\\132e0043-8cb7-4c4b-b596-5977ba32e038.xml","level":"\u001b[34minfo\u001b[39m","timestamp":"2019-09-29 16:45:42"}
{"message":"garbage collector deleted  gazetteer.dic on folder: C:\\develop\\nodejs\\projects\\aitam\\work\\, path: C:\\develop\\nodejs\\projects\\aitam\\work\\gazetteer.dic","level":"\u001b[34minfo\u001b[39m","timestamp":"2019-09-29 16:45:42"}
{"message":"garbage collector error:  Error: Can't delete C:\\develop\\nodejs\\projects\\aitam\\work\\2e133647-6ab6-441f-ad28-29a11235c84b.xml","level":"\u001b[34minfo\u001b[39m","timestamp":"2019-09-29 16:45:42"}
{"message":"garbage collector error:  Error: Can't delete C:\\develop\\nodejs\\projects\\aitam\\work\\20c3c2e6-b982-449f-a898-3b0dbba63bea.xml","level":"\u001b[34minfo\u001b[39m","timestamp":"2019-09-29 16:45:42"}
{"message":"garbage collector error:  Error: Can't delete C:\\develop\\nodejs\\projects\\aitam\\work\\3b533170-fcad-4aa4-83c1-6467b451e405.xml","level":"\u001b[34minfo\u001b[39m","timestamp":"2019-09-29 16:45:42"}
{"message":"garbage collector error:  Error: Can't delete C:\\develop\\nodejs\\projects\\aitam\\work\\3f3f4980-9002-4e2c-bf69-e22159b88f00.xml","level":"\u001b[34minfo\u001b[39m","timestamp":"2019-09-29 16:45:42"}
{"message":"garbage collector error:  Error: Can't delete C:\\develop\\nodejs\\projects\\aitam\\work\\405e0c66-b7e1-4976-829c-3cd576fdf474.xml","level":"\u001b[34minfo\u001b[39m","timestamp":"2019-09-29 16:45:42"}
{"message":"garbage collector error:  Error: Can't delete C:\\develop\\nodejs\\projects\\aitam\\work\\44bb3683-b652-4bfe-b393-b82191e3ad6c.odt","level":"\u001b[34minfo\u001b[39m","timestamp":"2019-09-29 16:45:42"}
{"message":"garbage collector error:  Error: Can't delete C:\\develop\\nodejs\\projects\\aitam\\work\\44bb3683-b652-4bfe-b393-b82191e3ad6c.xml","level":"\u001b[34minfo\u001b[39m","timestamp":"2019-09-29 16:45:42"}
{"message":"garbage collector error:  Error: Can't delete C:\\develop\\nodejs\\projects\\aitam\\work\\46664769-69c6-43a6-ad12-1a77acba822a.xml","level":"\u001b[34minfo\u001b[39m","timestamp":"2019-09-29 16:45:42"}
{"message":"garbage collector error:  Error: Can't delete C:\\develop\\nodejs\\projects\\aitam\\work\\46ede676-65f5-46fb-9366-6f818eb3be2d.xml","level":"\u001b[34minfo\u001b[39m","timestamp":"2019-09-29 16:45:42"}
{"message":"garbage collector error:  Error: Can't delete C:\\develop\\nodejs\\projects\\aitam\\work\\3463ae20-284b-4467-a8dc-015237d8d38a.xml","level":"\u001b[34minfo\u001b[39m","timestamp":"2019-09-29 16:45:42"}
{"message":"garbage collector error:  Error: Can't delete C:\\develop\\nodejs\\projects\\aitam\\work\\4c8ce768-d726-4753-b4a0-eb1c8d54e954.xml","level":"\u001b[34minfo\u001b[39m","timestamp":"2019-09-29 16:45:42"}
{"message":"garbage collector error:  Error: Can't delete C:\\develop\\nodejs\\projects\\aitam\\work\\507a53f0-ba55-4709-b391-a132ce16e9b5.xml","level":"\u001b[34minfo\u001b[39m","timestamp":"2019-09-29 16:45:42"}
{"message":"garbage collector error:  Error: Can't delete C:\\develop\\nodejs\\projects\\aitam\\work\\4dc58b66-d1fc-43de-8259-b77002bfafe0.xml","level":"\u001b[34minfo\u001b[39m","timestamp":"2019-09-29 16:45:42"}
{"message":"garbage collector error:  Error: Can't delete C:\\develop\\nodejs\\projects\\aitam\\work\\502f70d6-bcea-406e-b111-f834ebdb99cb.xml","level":"\u001b[34minfo\u001b[39m","timestamp":"2019-09-29 16:45:42"}
{"message":"garbage collector error:  Error: Can't delete C:\\develop\\nodejs\\projects\\aitam\\work\\5335e329-8e48-499c-bab0-32a95df4a9a3.xml","level":"\u001b[34minfo\u001b[39m","timestamp":"2019-09-29 16:45:42"}
{"message":"garbage collector error:  Error: Can't delete C:\\develop\\nodejs\\projects\\aitam\\work\\596849f4-e759-4bfd-89ee-f605782f8ce4.xml","level":"\u001b[34minfo\u001b[39m","timestamp":"2019-09-29 16:45:42"}
{"message":"garbage collector error:  Error: Can't delete C:\\develop\\nodejs\\projects\\aitam\\work\\537f38f8-b42c-431b-a2ad-0f4169e8c12e.xml","level":"\u001b[34minfo\u001b[39m","timestamp":"2019-09-29 16:45:42"}
{"message":"garbage collector error:  Error: Can't delete C:\\develop\\nodejs\\projects\\aitam\\work\\5f0f72b4-af72-452a-9c77-47b9678d2562.xml","level":"\u001b[34minfo\u001b[39m","timestamp":"2019-09-29 16:45:42"}
{"message":"garbage collector error:  Error: Can't delete C:\\develop\\nodejs\\projects\\aitam\\work\\7382b02b-9e6c-42db-b16c-a041454c6dbf.xml","level":"\u001b[34minfo\u001b[39m","timestamp":"2019-09-29 16:45:42"}
{"message":"garbage collector error:  Error: Can't delete C:\\develop\\nodejs\\projects\\aitam\\work\\62f4ba56-5921-42cc-9c50-873df0bb0ade.xml","level":"\u001b[34minfo\u001b[39m","timestamp":"2019-09-29 16:45:42"}
{"message":"garbage collector error:  Error: Can't delete C:\\develop\\nodejs\\projects\\aitam\\work\\78f2cac6-7e4f-44e7-925c-217696ee7208.xml","level":"\u001b[34minfo\u001b[39m","timestamp":"2019-09-29 16:45:42"}
{"message":"garbage collector error:  Error: Can't delete C:\\develop\\nodejs\\projects\\aitam\\work\\82de72ff-ea4e-4666-afc6-1817d5accf35.odt","level":"\u001b[34minfo\u001b[39m","timestamp":"2019-09-29 16:45:42"}
{"message":"garbage collector error:  Error: Can't delete C:\\develop\\nodejs\\projects\\aitam\\work\\7ede4299-05d2-4923-8cc4-3da96ce77f31.xml","level":"\u001b[34minfo\u001b[39m","timestamp":"2019-09-29 16:45:42"}
{"message":"garbage collector error:  Error: Can't delete C:\\develop\\nodejs\\projects\\aitam\\work\\8f8cb08b-41dd-49fe-bd57-afb8f0563f37.xml","level":"\u001b[34minfo\u001b[39m","timestamp":"2019-09-29 16:45:42"}
{"message":"garbage collector error:  Error: Can't delete C:\\develop\\nodejs\\projects\\aitam\\work\\879c6f14-ba64-4c74-8935-c2b45801e7a4.xml","level":"\u001b[34minfo\u001b[39m","timestamp":"2019-09-29 16:45:42"}
{"message":"garbage collector error:  Error: Can't delete C:\\develop\\nodejs\\projects\\aitam\\work\\82de72ff-ea4e-4666-afc6-1817d5accf35.xml","level":"\u001b[34minfo\u001b[39m","timestamp":"2019-09-29 16:45:42"}
{"message":"garbage collector error:  Error: Can't delete C:\\develop\\nodejs\\projects\\aitam\\work\\936ad7a8-1faf-41fd-be35-a9589ca660af.xml","level":"\u001b[34minfo\u001b[39m","timestamp":"2019-09-29 16:45:42"}
{"message":"garbage collector error:  Error: Can't delete C:\\develop\\nodejs\\projects\\aitam\\work\\99f5b2d2-9a2f-42c8-af95-6500a7908aff.xml","level":"\u001b[34minfo\u001b[39m","timestamp":"2019-09-29 16:45:42"}
{"message":"garbage collector error:  Error: Can't delete C:\\develop\\nodejs\\projects\\aitam\\work\\9c38e95c-690c-43ba-90ff-47017a90746f.xml","level":"\u001b[34minfo\u001b[39m","timestamp":"2019-09-29 16:45:42"}
{"message":"garbage collector error:  Error: Can't delete C:\\develop\\nodejs\\projects\\aitam\\work\\9eb602ed-d55c-4a75-9bbd-e4bc3796c0ba.odt","level":"\u001b[34minfo\u001b[39m","timestamp":"2019-09-29 16:45:42"}
{"message":"garbage collector error:  Error: Can't delete C:\\develop\\nodejs\\projects\\aitam\\work\\9eb602ed-d55c-4a75-9bbd-e4bc3796c0ba.xml","level":"\u001b[34minfo\u001b[39m","timestamp":"2019-09-29 16:45:42"}
{"message":"garbage collector error:  Error: Can't delete C:\\develop\\nodejs\\projects\\aitam\\work\\2f728462-9c54-4d68-a964-f6d657a12fe8.xml","level":"\u001b[34minfo\u001b[39m","timestamp":"2019-09-29 16:45:42"}
{"message":"garbage collector error:  Error: Can't delete C:\\develop\\nodejs\\projects\\aitam\\work\\a1ca0de1-283e-48c1-b864-5a066c042adc.xml","level":"\u001b[34minfo\u001b[39m","timestamp":"2019-09-29 16:45:42"}
{"message":"garbage collector error:  Error: Can't delete C:\\develop\\nodejs\\projects\\aitam\\work\\a5980ec4-3412-4218-add8-beed91c7d8ee.xml","level":"\u001b[34minfo\u001b[39m","timestamp":"2019-09-29 16:45:42"}
{"message":"garbage collector error:  Error: Can't delete C:\\develop\\nodejs\\projects\\aitam\\work\\b985b5d1-d019-42bb-b9a7-a6b44067fcf7.xml","level":"\u001b[34minfo\u001b[39m","timestamp":"2019-09-29 16:45:42"}
{"message":"garbage collector error:  Error: Can't delete C:\\develop\\nodejs\\projects\\aitam\\work\\a9bd2398-c56e-4ea8-a6c2-efdfe2d3fdfb.xml","level":"\u001b[34minfo\u001b[39m","timestamp":"2019-09-29 16:45:42"}
{"message":"garbage collector error:  Error: Can't delete C:\\develop\\nodejs\\projects\\aitam\\work\\a9bd2398-c56e-4ea8-a6c2-efdfe2d3fdfb.odt","level":"\u001b[34minfo\u001b[39m","timestamp":"2019-09-29 16:45:42"}
{"message":"garbage collector error:  Error: Can't delete C:\\develop\\nodejs\\projects\\aitam\\work\\c66b1a1c-0bed-43b8-8c5d-b4c45e3fba7c.xml","level":"\u001b[34minfo\u001b[39m","timestamp":"2019-09-29 16:45:42"}
{"message":"garbage collector error:  Error: Can't delete C:\\develop\\nodejs\\projects\\aitam\\work\\bbfd24f8-cc92-481c-8816-2e0e9668cb90.xml","level":"\u001b[34minfo\u001b[39m","timestamp":"2019-09-29 16:45:42"}
{"message":"garbage collector error:  Error: Can't delete C:\\develop\\nodejs\\projects\\aitam\\work\\ca25f77c-308d-4f51-b699-db90002110f1.xml","level":"\u001b[34minfo\u001b[39m","timestamp":"2019-09-29 16:45:42"}
{"message":"garbage collector error:  Error: Can't delete C:\\develop\\nodejs\\projects\\aitam\\work\\d047946b-060c-481d-a902-54732475a7a7.xml","level":"\u001b[34minfo\u001b[39m","timestamp":"2019-09-29 16:45:42"}
{"message":"garbage collector error:  Error: Can't delete C:\\develop\\nodejs\\projects\\aitam\\work\\d376aeac-4297-4a6b-96f0-aa5aca60e0ff.xml","level":"\u001b[34minfo\u001b[39m","timestamp":"2019-09-29 16:45:42"}
{"message":"garbage collector error:  Error: Can't delete C:\\develop\\nodejs\\projects\\aitam\\work\\d64ab9cd-8931-4e99-95ab-e14893051bc3.xml","level":"\u001b[34minfo\u001b[39m","timestamp":"2019-09-29 16:45:42"}
{"message":"garbage collector error:  Error: Can't delete C:\\develop\\nodejs\\projects\\aitam\\work\\e0bd9be5-8016-49cd-a80b-9c5d83b31768.xml","level":"\u001b[34minfo\u001b[39m","timestamp":"2019-09-29 16:45:42"}
{"message":"garbage collector error:  Error: Can't delete C:\\develop\\nodejs\\projects\\aitam\\work\\e0adbce6-d9c0-495d-9813-abd18e79cbbc.xml","level":"\u001b[34minfo\u001b[39m","timestamp":"2019-09-29 16:45:42"}
{"message":"garbage collector error:  Error: Can't delete C:\\develop\\nodejs\\projects\\aitam\\work\\edba8966-3dfe-4749-903f-b49003099f84.xml","level":"\u001b[34minfo\u001b[39m","timestamp":"2019-09-29 16:45:42"}
{"message":"garbage collector error:  Error: Can't delete C:\\develop\\nodejs\\projects\\aitam\\work\\ef06787c-27f1-4947-9ece-8f511422304d.xml","level":"\u001b[34minfo\u001b[39m","timestamp":"2019-09-29 16:45:42"}
{"message":"garbage collector error:  Error: Can't delete C:\\develop\\nodejs\\projects\\aitam\\work\\ef06787c-27f1-4947-9ece-8f511422304d.odt","level":"\u001b[34minfo\u001b[39m","timestamp":"2019-09-29 16:45:42"}
{"message":"garbage collector error:  Error: Can't delete C:\\develop\\nodejs\\projects\\aitam\\work\\f389835e-aad1-4e3f-ae04-f39649e65fc6.xml","level":"\u001b[34minfo\u001b[39m","timestamp":"2019-09-29 16:45:42"}
{"message":"garbage collector error:  Error: Can't delete C:\\develop\\nodejs\\projects\\aitam\\work\\f7fe10e9-7806-4324-a3d4-c9b45ce6b871.xml","level":"\u001b[34minfo\u001b[39m","timestamp":"2019-09-29 16:45:42"}
{"message":"garbage collector error:  Error: Can't delete C:\\develop\\nodejs\\projects\\aitam\\work\\f6507db2-722b-40fd-a710-edaf00fe4ea1.xml","level":"\u001b[34minfo\u001b[39m","timestamp":"2019-09-29 16:45:42"}
{"message":"garbage collector error:  Error: Can't delete C:\\develop\\nodejs\\projects\\aitam\\work\\fcf7a952-3735-4feb-9023-41f223c5b61d.xml","level":"\u001b[34minfo\u001b[39m","timestamp":"2019-09-29 16:45:42"}
{"message":"garbage collector error:  Error: Can't delete C:\\develop\\nodejs\\projects\\aitam\\work\\a922ddeb-9cee-4693-8e38-59d4be45022e.xml","level":"\u001b[34minfo\u001b[39m","timestamp":"2019-09-29 16:45:42"}
{"message":"garbage collector error:  Error: Can't delete C:\\develop\\nodejs\\projects\\aitam\\work\\fee903d9-9278-4a80-8cca-b4d783a8e7f5.xml","level":"\u001b[34minfo\u001b[39m","timestamp":"2019-09-29 16:45:42"}
{"message":"garbage collector error:  Error: Can't delete C:\\develop\\nodejs\\projects\\aitam\\work\\gazetteer.dic","level":"\u001b[34minfo\u001b[39m","timestamp":"2019-09-29 16:45:42"}
{"message":"Session created received the id:7a946463-f21e-488d-994e-2782ad00d716","level":"\u001b[34minfo\u001b[39m","timestamp":"2019-09-29 16:46:55"}
{"message":"req.user: undefined","level":"\u001b[34minfo\u001b[39m","timestamp":"2019-09-29 16:47:01"}
{"message":"Session id started: {\"user\":\"2f24vvg\"}","level":"\u001b[34minfo\u001b[39m","timestamp":"2019-09-29 16:47:01"}
{"message":"User logged in: {\"id\":\"2f24vvg\",\"email\":\"test@test.com\",\"password\":\"$2a$10$A2g6pbxxhLA9MNYRJ0rnzOf/7Ara76B0KcRdjzUcsIBIclRuas/fG\"}","level":"\u001b[34minfo\u001b[39m","timestamp":"2019-09-29 16:47:01"}
{"message":"User (2f24vvg) uploaded a file: {\"file-upload\":{\"size\":408669,\"path\":\"C:\\\\develop\\\\nodejs\\\\projects\\\\aitam\\\\work\\\\7a946463-f21e-488d-994e-2782ad00d716.xml\",\"name\":\"e0bd9be5-8016-49cd-a80b-9c5d83b31768.xml\",\"type\":\"text/xml\",\"mtime\":\"2019-09-29T15:47:08.361Z\"}}","level":"\u001b[34minfo\u001b[39m","timestamp":"2019-09-29 16:47:08"}
{"message":"Session created received the id:7a946463-f21e-488d-994e-2782ad00d716","level":"\u001b[34minfo\u001b[39m","timestamp":"2019-09-29 17:08:57"}
{"message":"Session created received the id:7a946463-f21e-488d-994e-2782ad00d716","level":"\u001b[34minfo\u001b[39m","timestamp":"2019-09-29 17:09:00"}
{"message":"Session created received the id:a5358a3b-313e-444e-a67b-45d3b3fccf92","level":"\u001b[34minfo\u001b[39m","timestamp":"2019-09-29 17:16:16"}
{"message":"req.user: undefined","level":"\u001b[34minfo\u001b[39m","timestamp":"2019-09-29 17:16:20"}
{"message":"Session id started: {\"user\":\"2f24vvg\"}","level":"\u001b[34minfo\u001b[39m","timestamp":"2019-09-29 17:16:20"}
{"message":"User logged in: {\"id\":\"2f24vvg\",\"email\":\"test@test.com\",\"password\":\"$2a$10$A2g6pbxxhLA9MNYRJ0rnzOf/7Ara76B0KcRdjzUcsIBIclRuas/fG\"}","level":"\u001b[34minfo\u001b[39m","timestamp":"2019-09-29 17:16:20"}
{"message":"User (2f24vvg) uploaded a file: {\"file-upload\":{\"size\":408669,\"path\":\"C:\\\\develop\\\\nodejs\\\\projects\\\\aitam\\\\work\\\\a5358a3b-313e-444e-a67b-45d3b3fccf92.xml\",\"name\":\"e0bd9be5-8016-49cd-a80b-9c5d83b31768.xml\",\"type\":\"text/xml\",\"mtime\":\"2019-09-29T16:16:26.179Z\"}}","level":"\u001b[34minfo\u001b[39m","timestamp":"2019-09-29 17:16:26"}
