{"message":"garbage collector started on path: C:\\develop\\nodejs\\projects\\aitam\\work\\","level":"\u001b[34minfo\u001b[39m","timestamp":"2019-10-15 21:00:58"}
{"message":"garbage collector deleted  9774336c-e570-4e92-8cb1-1718bca07967.sent on folder: C:\\develop\\nodejs\\projects\\aitam\\work\\, path: C:\\develop\\nodejs\\projects\\aitam\\work\\9774336c-e570-4e92-8cb1-1718bca07967.sent","level":"\u001b[34minfo\u001b[39m","timestamp":"2019-10-15 21:00:59"}
{"message":"garbage collector deleted  855f4892-a9a8-4033-832f-7fd308a358f7.sent on folder: C:\\develop\\nodejs\\projects\\aitam\\work\\, path: C:\\develop\\nodejs\\projects\\aitam\\work\\855f4892-a9a8-4033-832f-7fd308a358f7.sent","level":"\u001b[34minfo\u001b[39m","timestamp":"2019-10-15 21:00:59"}
{"message":"garbage collector deleted  855f4892-a9a8-4033-832f-7fd308a358f7.xml on folder: C:\\develop\\nodejs\\projects\\aitam\\work\\, path: C:\\develop\\nodejs\\projects\\aitam\\work\\855f4892-a9a8-4033-832f-7fd308a358f7.xml","level":"\u001b[34minfo\u001b[39m","timestamp":"2019-10-15 21:00:59"}
{"message":"garbage collector deleted  9774336c-e570-4e92-8cb1-1718bca07967.xml on folder: C:\\develop\\nodejs\\projects\\aitam\\work\\, path: C:\\develop\\nodejs\\projects\\aitam\\work\\9774336c-e570-4e92-8cb1-1718bca07967.xml","level":"\u001b[34minfo\u001b[39m","timestamp":"2019-10-15 21:00:59"}
{"message":"garbage collector deleted  ba78410a-2f9a-4810-aa7f-1e636d6528b3.src on folder: C:\\develop\\nodejs\\projects\\aitam\\work\\, path: C:\\develop\\nodejs\\projects\\aitam\\work\\ba78410a-2f9a-4810-aa7f-1e636d6528b3.src","level":"\u001b[34minfo\u001b[39m","timestamp":"2019-10-15 21:00:59"}
{"message":"garbage collector deleted  gazetteer.dic on folder: C:\\develop\\nodejs\\projects\\aitam\\work\\, path: C:\\develop\\nodejs\\projects\\aitam\\work\\gazetteer.dic","level":"\u001b[34minfo\u001b[39m","timestamp":"2019-10-15 21:00:59"}
{"message":"garbage collector deleted  ba78410a-2f9a-4810-aa7f-1e636d6528b3.tkn on folder: C:\\develop\\nodejs\\projects\\aitam\\work\\, path: C:\\develop\\nodejs\\projects\\aitam\\work\\ba78410a-2f9a-4810-aa7f-1e636d6528b3.tkn","level":"\u001b[34minfo\u001b[39m","timestamp":"2019-10-15 21:00:59"}
{"message":"garbage collector error:  Error: Can't delete C:\\develop\\nodejs\\projects\\aitam\\work\\855f4892-a9a8-4033-832f-7fd308a358f7.sent","level":"\u001b[34minfo\u001b[39m","timestamp":"2019-10-15 21:00:59"}
{"message":"garbage collector error:  Error: Can't delete C:\\develop\\nodejs\\projects\\aitam\\work\\855f4892-a9a8-4033-832f-7fd308a358f7.xml","level":"\u001b[34minfo\u001b[39m","timestamp":"2019-10-15 21:00:59"}
{"message":"garbage collector deleted  d25d71ad-0ac2-4163-9862-2d98059a656a.xml on folder: C:\\develop\\nodejs\\projects\\aitam\\work\\, path: C:\\develop\\nodejs\\projects\\aitam\\work\\d25d71ad-0ac2-4163-9862-2d98059a656a.xml","level":"\u001b[34minfo\u001b[39m","timestamp":"2019-10-15 21:00:59"}
{"message":"garbage collector error:  Error: Can't delete C:\\develop\\nodejs\\projects\\aitam\\work\\9774336c-e570-4e92-8cb1-1718bca07967.sent","level":"\u001b[34minfo\u001b[39m","timestamp":"2019-10-15 21:00:59"}
{"message":"garbage collector deleted  ba78410a-2f9a-4810-aa7f-1e636d6528b3.vec on folder: C:\\develop\\nodejs\\projects\\aitam\\work\\, path: C:\\develop\\nodejs\\projects\\aitam\\work\\ba78410a-2f9a-4810-aa7f-1e636d6528b3.vec","level":"\u001b[34minfo\u001b[39m","timestamp":"2019-10-15 21:00:59"}
{"message":"garbage collector error:  Error: Can't delete C:\\develop\\nodejs\\projects\\aitam\\work\\ba78410a-2f9a-4810-aa7f-1e636d6528b3.src","level":"\u001b[34minfo\u001b[39m","timestamp":"2019-10-15 21:00:59"}
{"message":"garbage collector error:  Error: Can't delete C:\\develop\\nodejs\\projects\\aitam\\work\\ba78410a-2f9a-4810-aa7f-1e636d6528b3.tkn","level":"\u001b[34minfo\u001b[39m","timestamp":"2019-10-15 21:00:59"}
{"message":"garbage collector error:  Error: Can't delete C:\\develop\\nodejs\\projects\\aitam\\work\\ba78410a-2f9a-4810-aa7f-1e636d6528b3.vec","level":"\u001b[34minfo\u001b[39m","timestamp":"2019-10-15 21:00:59"}
{"message":"garbage collector error:  Error: Can't delete C:\\develop\\nodejs\\projects\\aitam\\work\\ba78410a-2f9a-4810-aa7f-1e636d6528b3.xml","level":"\u001b[34minfo\u001b[39m","timestamp":"2019-10-15 21:00:59"}
{"message":"garbage collector error:  Error: Can't delete C:\\develop\\nodejs\\projects\\aitam\\work\\d25d71ad-0ac2-4163-9862-2d98059a656a.xml","level":"\u001b[34minfo\u001b[39m","timestamp":"2019-10-15 21:00:59"}
{"message":"garbage collector error:  Error: Can't delete C:\\develop\\nodejs\\projects\\aitam\\work\\gazetteer.dic","level":"\u001b[34minfo\u001b[39m","timestamp":"2019-10-15 21:00:59"}
{"message":"garbage collector error:  Error: Can't delete C:\\develop\\nodejs\\projects\\aitam\\work\\9774336c-e570-4e92-8cb1-1718bca07967.xml","level":"\u001b[34minfo\u001b[39m","timestamp":"2019-10-15 21:00:59"}
{"message":"garbage collector deleted  ba78410a-2f9a-4810-aa7f-1e636d6528b3.xml on folder: C:\\develop\\nodejs\\projects\\aitam\\work\\, path: C:\\develop\\nodejs\\projects\\aitam\\work\\ba78410a-2f9a-4810-aa7f-1e636d6528b3.xml","level":"\u001b[34minfo\u001b[39m","timestamp":"2019-10-15 21:00:59"}
{"message":"Session created received the id:1f43cf75-1460-45f0-8e17-2fc3f4198412","level":"\u001b[34minfo\u001b[39m","timestamp":"2019-10-15 21:01:15"}
{"message":"req.user: undefined","level":"\u001b[34minfo\u001b[39m","timestamp":"2019-10-15 21:01:36"}
{"message":"Session id started: {\"user\":\"2f24vvg\"}","level":"\u001b[34minfo\u001b[39m","timestamp":"2019-10-15 21:01:36"}
{"message":"User logged in: {\"id\":\"2f24vvg\",\"email\":\"test@test.com\",\"password\":\"$2a$10$A2g6pbxxhLA9MNYRJ0rnzOf/7Ara76B0KcRdjzUcsIBIclRuas/fG\"}","level":"\u001b[34minfo\u001b[39m","timestamp":"2019-10-15 21:01:36"}
{"message":"User (2f24vvg) uploaded a file: {\"file-upload\":{\"size\":414566,\"path\":\"C:\\\\develop\\\\nodejs\\\\projects\\\\aitam\\\\work\\\\1f43cf75-1460-45f0-8e17-2fc3f4198412.xml\",\"name\":\"alexandra_Luksander_risk2.xml\",\"type\":\"text/xml\",\"mtime\":\"2019-10-15T20:02:11.146Z\"}}","level":"\u001b[34minfo\u001b[39m","timestamp":"2019-10-15 21:02:11"}
{"message":"garbage collector started on path: C:\\develop\\nodejs\\projects\\aitam\\work\\","level":"\u001b[34minfo\u001b[39m","timestamp":"2019-10-15 21:15:38"}
{"message":"garbage collector started on path: C:\\develop\\nodejs\\projects\\aitam\\work\\","level":"\u001b[34minfo\u001b[39m","timestamp":"2019-10-15 21:15:46"}
{"message":"garbage collector started on path: C:\\develop\\nodejs\\projects\\aitam\\work\\","level":"\u001b[34minfo\u001b[39m","timestamp":"2019-10-15 21:16:01"}
{"message":"req.user: undefined","level":"\u001b[34minfo\u001b[39m","timestamp":"2019-10-15 21:16:06"}
{"message":"Session id started: {\"user\":\"2f24vvg\"}","level":"\u001b[34minfo\u001b[39m","timestamp":"2019-10-15 21:16:06"}
{"message":"User logged in: {\"id\":\"2f24vvg\",\"email\":\"test@test.com\",\"password\":\"$2a$10$A2g6pbxxhLA9MNYRJ0rnzOf/7Ara76B0KcRdjzUcsIBIclRuas/fG\"}","level":"\u001b[34minfo\u001b[39m","timestamp":"2019-10-15 21:16:06"}
{"message":"User (2f24vvg) uploaded a file: {\"file-upload\":{\"size\":414566,\"path\":\"C:\\\\develop\\\\nodejs\\\\projects\\\\aitam\\\\work\\\\7b6b757d-d8f4-4eff-84aa-42aaf13fa584.xml\",\"name\":\"alexandra_Luksander_risk2.xml\",\"type\":\"text/xml\",\"mtime\":\"2019-10-15T20:16:12.181Z\"}}","level":"\u001b[34minfo\u001b[39m","timestamp":"2019-10-15 21:16:12"}
{"message":"garbage collector started on path: C:\\develop\\nodejs\\projects\\aitam\\work\\","level":"\u001b[34minfo\u001b[39m","timestamp":"2019-10-15 21:17:08"}
{"message":"req.user: undefined","level":"\u001b[34minfo\u001b[39m","timestamp":"2019-10-15 21:17:17"}
{"message":"Session id started: {\"user\":\"2f24vvg\"}","level":"\u001b[34minfo\u001b[39m","timestamp":"2019-10-15 21:17:17"}
{"message":"User logged in: {\"id\":\"2f24vvg\",\"email\":\"test@test.com\",\"password\":\"$2a$10$A2g6pbxxhLA9MNYRJ0rnzOf/7Ara76B0KcRdjzUcsIBIclRuas/fG\"}","level":"\u001b[34minfo\u001b[39m","timestamp":"2019-10-15 21:17:17"}
{"message":"User (2f24vvg) uploaded a file: {\"file-upload\":{\"size\":414566,\"path\":\"C:\\\\develop\\\\nodejs\\\\projects\\\\aitam\\\\work\\\\4c22626a-e35b-4830-9b1a-cc547705cc1c.xml\",\"name\":\"alexandra_Luksander_risk2.xml\",\"type\":\"text/xml\",\"mtime\":\"2019-10-15T20:17:25.675Z\"}}","level":"\u001b[34minfo\u001b[39m","timestamp":"2019-10-15 21:17:25"}
{"message":"garbage collector started on path: C:\\develop\\nodejs\\projects\\aitam\\work\\","level":"\u001b[34minfo\u001b[39m","timestamp":"2019-10-15 21:21:53"}
{"message":"garbage collector started on path: C:\\develop\\nodejs\\projects\\aitam\\work\\","level":"\u001b[34minfo\u001b[39m","timestamp":"2019-10-15 21:22:33"}
{"message":"req.user: undefined","level":"\u001b[34minfo\u001b[39m","timestamp":"2019-10-15 21:22:43"}
{"message":"Session id started: {\"user\":\"2f24vvg\"}","level":"\u001b[34minfo\u001b[39m","timestamp":"2019-10-15 21:22:43"}
{"message":"User logged in: {\"id\":\"2f24vvg\",\"email\":\"test@test.com\",\"password\":\"$2a$10$A2g6pbxxhLA9MNYRJ0rnzOf/7Ara76B0KcRdjzUcsIBIclRuas/fG\"}","level":"\u001b[34minfo\u001b[39m","timestamp":"2019-10-15 21:22:43"}
{"message":"User (2f24vvg) uploaded a file: {\"file-upload\":{\"size\":414566,\"path\":\"C:\\\\develop\\\\nodejs\\\\projects\\\\aitam\\\\work\\\\7d891b20-728b-40f5-a939-089d847d0c7b.xml\",\"name\":\"alexandra_Luksander_risk2.xml\",\"type\":\"text/xml\",\"mtime\":\"2019-10-15T20:22:48.209Z\"}}","level":"\u001b[34minfo\u001b[39m","timestamp":"2019-10-15 21:22:48"}
{"message":"audit file download: C:\\develop\\nodejs\\projects\\aitam\\work\\7d891b20-728b-40f5-a939-089d847d0c7b.xml","level":"\u001b[34minfo\u001b[39m","timestamp":"2019-10-15 21:23:03"}
{"message":"audit file download: C:\\develop\\nodejs\\projects\\aitam\\work\\7d891b20-728b-40f5-a939-089d847d0c7b.xml","level":"\u001b[34minfo\u001b[39m","timestamp":"2019-10-15 21:23:21"}
{"message":"garbage collector started on path: C:\\develop\\nodejs\\projects\\aitam\\work\\","level":"\u001b[34minfo\u001b[39m","timestamp":"2019-10-15 21:30:51"}
{"message":"garbage collector started on path: C:\\develop\\nodejs\\projects\\aitam\\work\\","level":"\u001b[34minfo\u001b[39m","timestamp":"2019-10-15 21:36:44"}
{"message":"req.user: undefined","level":"\u001b[34minfo\u001b[39m","timestamp":"2019-10-15 21:36:52"}
{"message":"Session id started: {\"user\":\"2f24vvg\"}","level":"\u001b[34minfo\u001b[39m","timestamp":"2019-10-15 21:36:52"}
{"message":"User logged in: {\"id\":\"2f24vvg\",\"email\":\"test@test.com\",\"password\":\"$2a$10$A2g6pbxxhLA9MNYRJ0rnzOf/7Ara76B0KcRdjzUcsIBIclRuas/fG\"}","level":"\u001b[34minfo\u001b[39m","timestamp":"2019-10-15 21:36:52"}
{"message":"User (2f24vvg) uploaded a file: {\"file-upload\":{\"size\":414850,\"path\":\"C:\\\\develop\\\\nodejs\\\\projects\\\\aitam\\\\work\\\\0b52755b-15bf-4fd2-9c9f-2ec3c3f6a191.xml\",\"name\":\"7d891b20-728b-40f5-a939-089d847d0c7b (1).xml\",\"type\":\"text/xml\",\"mtime\":\"2019-10-15T20:37:01.973Z\"}}","level":"\u001b[34minfo\u001b[39m","timestamp":"2019-10-15 21:37:01"}
{"message":"garbage collector started on path: C:\\develop\\nodejs\\projects\\aitam\\work\\","level":"\u001b[34minfo\u001b[39m","timestamp":"2019-10-15 21:38:31"}
{"message":"garbage collector started on path: C:\\develop\\nodejs\\projects\\aitam\\work\\","level":"\u001b[34minfo\u001b[39m","timestamp":"2019-10-15 21:40:30"}
{"message":"garbage collector started on path: C:\\develop\\nodejs\\projects\\aitam\\work\\","level":"\u001b[34minfo\u001b[39m","timestamp":"2019-10-15 21:41:02"}
{"message":"req.user: undefined","level":"\u001b[34minfo\u001b[39m","timestamp":"2019-10-15 21:41:08"}
{"message":"Session id started: {\"user\":\"2f24vvg\"}","level":"\u001b[34minfo\u001b[39m","timestamp":"2019-10-15 21:41:08"}
{"message":"User logged in: {\"id\":\"2f24vvg\",\"email\":\"test@test.com\",\"password\":\"$2a$10$A2g6pbxxhLA9MNYRJ0rnzOf/7Ara76B0KcRdjzUcsIBIclRuas/fG\"}","level":"\u001b[34minfo\u001b[39m","timestamp":"2019-10-15 21:41:08"}
{"message":"User (2f24vvg) uploaded a file: {\"file-upload\":{\"size\":414850,\"path\":\"C:\\\\develop\\\\nodejs\\\\projects\\\\aitam\\\\work\\\\58145b9e-a359-4a9f-8f4f-fa3efa3f1dc6.xml\",\"name\":\"7d891b20-728b-40f5-a939-089d847d0c7b (1).xml\",\"type\":\"text/xml\",\"mtime\":\"2019-10-15T20:41:15.890Z\"}}","level":"\u001b[34minfo\u001b[39m","timestamp":"2019-10-15 21:41:15"}
{"message":"audit file download: C:\\develop\\nodejs\\projects\\aitam\\work\\58145b9e-a359-4a9f-8f4f-fa3efa3f1dc6.xml","level":"\u001b[34minfo\u001b[39m","timestamp":"2019-10-15 21:42:36"}
{"message":"audit file download: C:\\develop\\nodejs\\projects\\aitam\\work\\58145b9e-a359-4a9f-8f4f-fa3efa3f1dc6.xml","level":"\u001b[34minfo\u001b[39m","timestamp":"2019-10-15 21:43:53"}
{"message":"garbage collector started on path: C:\\develop\\nodejs\\projects\\aitam\\work\\","level":"\u001b[34minfo\u001b[39m","timestamp":"2019-10-15 21:44:31"}
{"message":"req.user: undefined","level":"\u001b[34minfo\u001b[39m","timestamp":"2019-10-15 21:46:08"}
{"message":"Session id started: {\"user\":\"2f24vvg\"}","level":"\u001b[34minfo\u001b[39m","timestamp":"2019-10-15 21:46:08"}
{"message":"User logged in: {\"id\":\"2f24vvg\",\"email\":\"test@test.com\",\"password\":\"$2a$10$A2g6pbxxhLA9MNYRJ0rnzOf/7Ara76B0KcRdjzUcsIBIclRuas/fG\"}","level":"\u001b[34minfo\u001b[39m","timestamp":"2019-10-15 21:46:08"}
{"message":"User (2f24vvg) uploaded a file: {\"file-upload\":{\"size\":414843,\"path\":\"C:\\\\develop\\\\nodejs\\\\projects\\\\aitam\\\\work\\\\0d4aa5b9-1ec3-4c1c-a708-3ca04185f1a1.xml\",\"name\":\"58145b9e-a359-4a9f-8f4f-fa3efa3f1dc6 (1).xml\",\"type\":\"text/xml\",\"mtime\":\"2019-10-15T20:46:13.159Z\"}}","level":"\u001b[34minfo\u001b[39m","timestamp":"2019-10-15 21:46:13"}
