{"message":"garbage collector started on path: C:\\develop\\nodejs\\projects\\aitam\\work\\","level":"\u001b[34minfo\u001b[39m","timestamp":"2019-04-04 06:37:02"}
{"message":"Session created received the id:27a3069b-c87b-4c28-b6e1-29ee1f3db050","level":"\u001b[34minfo\u001b[39m","timestamp":"2019-04-04 06:37:39"}
{"message":"req.user: undefined","level":"\u001b[34minfo\u001b[39m","timestamp":"2019-04-04 06:37:52"}
{"message":"Session id started: {\"user\":\"2f24vvg\"}","level":"\u001b[34minfo\u001b[39m","timestamp":"2019-04-04 06:37:52"}
{"message":"User logged in: {\"id\":\"2f24vvg\",\"email\":\"test@test.com\",\"password\":\"$2a$10$A2g6pbxxhLA9MNYRJ0rnzOf/7Ara76B0KcRdjzUcsIBIclRuas/fG\"}","level":"\u001b[34minfo\u001b[39m","timestamp":"2019-04-04 06:37:52"}
{"message":"User (2f24vvg) uploaded a file: {\"file-upload\":{\"size\":503821,\"path\":\"C:\\\\develop\\\\nodejs\\\\projects\\\\aitam\\\\work\\\\27a3069b-c87b-4c28-b6e1-29ee1f3db050.xml\",\"name\":\"test_site2.xml\",\"type\":\"text/xml\",\"mtime\":\"2019-04-04T05:37:59.929Z\"}}","level":"\u001b[34minfo\u001b[39m","timestamp":"2019-04-04 06:37:59"}
{"message":"garbage collector deleted  049bf36c-3617-4e90-994b-ad13e126dc90.src on folder: C:\\develop\\nodejs\\projects\\aitam\\work\\, path: C:\\develop\\nodejs\\projects\\aitam\\work\\049bf36c-3617-4e90-994b-ad13e126dc90.src","level":"\u001b[34minfo\u001b[39m","timestamp":"2019-04-04 06:45:00"}
{"message":"garbage collector deleted  049bf36c-3617-4e90-994b-ad13e126dc90.tkn on folder: C:\\develop\\nodejs\\projects\\aitam\\work\\, path: C:\\develop\\nodejs\\projects\\aitam\\work\\049bf36c-3617-4e90-994b-ad13e126dc90.tkn","level":"\u001b[34minfo\u001b[39m","timestamp":"2019-04-04 06:45:00"}
{"message":"garbage collector deleted  049bf36c-3617-4e90-994b-ad13e126dc90.xml on folder: C:\\develop\\nodejs\\projects\\aitam\\work\\, path: C:\\develop\\nodejs\\projects\\aitam\\work\\049bf36c-3617-4e90-994b-ad13e126dc90.xml","level":"\u001b[34minfo\u001b[39m","timestamp":"2019-04-04 06:45:00"}
{"message":"garbage collector deleted  049bf36c-3617-4e90-994b-ad13e126dc90.vec on folder: C:\\develop\\nodejs\\projects\\aitam\\work\\, path: C:\\develop\\nodejs\\projects\\aitam\\work\\049bf36c-3617-4e90-994b-ad13e126dc90.vec","level":"\u001b[34minfo\u001b[39m","timestamp":"2019-04-04 06:45:00"}
{"message":"garbage collector deleted  1b3294b5-cd18-4b8c-8201-8e92afca5893.src on folder: C:\\develop\\nodejs\\projects\\aitam\\work\\, path: C:\\develop\\nodejs\\projects\\aitam\\work\\1b3294b5-cd18-4b8c-8201-8e92afca5893.src","level":"\u001b[34minfo\u001b[39m","timestamp":"2019-04-04 06:45:00"}
{"message":"garbage collector deleted  1b3294b5-cd18-4b8c-8201-8e92afca5893.tkn on folder: C:\\develop\\nodejs\\projects\\aitam\\work\\, path: C:\\develop\\nodejs\\projects\\aitam\\work\\1b3294b5-cd18-4b8c-8201-8e92afca5893.tkn","level":"\u001b[34minfo\u001b[39m","timestamp":"2019-04-04 06:45:00"}
{"message":"garbage collector deleted  1b3294b5-cd18-4b8c-8201-8e92afca5893.vec on folder: C:\\develop\\nodejs\\projects\\aitam\\work\\, path: C:\\develop\\nodejs\\projects\\aitam\\work\\1b3294b5-cd18-4b8c-8201-8e92afca5893.vec","level":"\u001b[34minfo\u001b[39m","timestamp":"2019-04-04 06:45:00"}
{"message":"garbage collector deleted  1c6b80b3-fdea-450d-b923-9d7764cbab65.odt on folder: C:\\develop\\nodejs\\projects\\aitam\\work\\, path: C:\\develop\\nodejs\\projects\\aitam\\work\\1c6b80b3-fdea-450d-b923-9d7764cbab65.odt","level":"\u001b[34minfo\u001b[39m","timestamp":"2019-04-04 06:45:00"}
{"message":"garbage collector deleted  23bc4313-649b-480b-8c96-05a306a31ff0.sent on folder: C:\\develop\\nodejs\\projects\\aitam\\work\\, path: C:\\develop\\nodejs\\projects\\aitam\\work\\23bc4313-649b-480b-8c96-05a306a31ff0.sent","level":"\u001b[34minfo\u001b[39m","timestamp":"2019-04-04 06:45:00"}
{"message":"garbage collector deleted  1c6b80b3-fdea-450d-b923-9d7764cbab65.xml on folder: C:\\develop\\nodejs\\projects\\aitam\\work\\, path: C:\\develop\\nodejs\\projects\\aitam\\work\\1c6b80b3-fdea-450d-b923-9d7764cbab65.xml","level":"\u001b[34minfo\u001b[39m","timestamp":"2019-04-04 06:45:00"}
{"message":"garbage collector deleted  23bc4313-649b-480b-8c96-05a306a31ff0.odt on folder: C:\\develop\\nodejs\\projects\\aitam\\work\\, path: C:\\develop\\nodejs\\projects\\aitam\\work\\23bc4313-649b-480b-8c96-05a306a31ff0.odt","level":"\u001b[34minfo\u001b[39m","timestamp":"2019-04-04 06:45:00"}
{"message":"garbage collector deleted  1b3294b5-cd18-4b8c-8201-8e92afca5893.xml on folder: C:\\develop\\nodejs\\projects\\aitam\\work\\, path: C:\\develop\\nodejs\\projects\\aitam\\work\\1b3294b5-cd18-4b8c-8201-8e92afca5893.xml","level":"\u001b[34minfo\u001b[39m","timestamp":"2019-04-04 06:45:00"}
{"message":"garbage collector deleted  23bc4313-649b-480b-8c96-05a306a31ff0.tkn on folder: C:\\develop\\nodejs\\projects\\aitam\\work\\, path: C:\\develop\\nodejs\\projects\\aitam\\work\\23bc4313-649b-480b-8c96-05a306a31ff0.tkn","level":"\u001b[34minfo\u001b[39m","timestamp":"2019-04-04 06:45:00"}
{"message":"garbage collector deleted  23bc4313-649b-480b-8c96-05a306a31ff0.src on folder: C:\\develop\\nodejs\\projects\\aitam\\work\\, path: C:\\develop\\nodejs\\projects\\aitam\\work\\23bc4313-649b-480b-8c96-05a306a31ff0.src","level":"\u001b[34minfo\u001b[39m","timestamp":"2019-04-04 06:45:00"}
{"message":"garbage collector deleted  23bc4313-649b-480b-8c96-05a306a31ff0.vec on folder: C:\\develop\\nodejs\\projects\\aitam\\work\\, path: C:\\develop\\nodejs\\projects\\aitam\\work\\23bc4313-649b-480b-8c96-05a306a31ff0.vec","level":"\u001b[34minfo\u001b[39m","timestamp":"2019-04-04 06:45:00"}
{"message":"garbage collector deleted  23bc4313-649b-480b-8c96-05a306a31ff0.xml on folder: C:\\develop\\nodejs\\projects\\aitam\\work\\, path: C:\\develop\\nodejs\\projects\\aitam\\work\\23bc4313-649b-480b-8c96-05a306a31ff0.xml","level":"\u001b[34minfo\u001b[39m","timestamp":"2019-04-04 06:45:00"}
{"message":"garbage collector deleted  2cd01f38-238e-4c75-964b-7aa3f6ad2baf.tkn on folder: C:\\develop\\nodejs\\projects\\aitam\\work\\, path: C:\\develop\\nodejs\\projects\\aitam\\work\\2cd01f38-238e-4c75-964b-7aa3f6ad2baf.tkn","level":"\u001b[34minfo\u001b[39m","timestamp":"2019-04-04 06:45:00"}
{"message":"garbage collector deleted  2cd01f38-238e-4c75-964b-7aa3f6ad2baf.vec on folder: C:\\develop\\nodejs\\projects\\aitam\\work\\, path: C:\\develop\\nodejs\\projects\\aitam\\work\\2cd01f38-238e-4c75-964b-7aa3f6ad2baf.vec","level":"\u001b[34minfo\u001b[39m","timestamp":"2019-04-04 06:45:00"}
{"message":"garbage collector deleted  2cd01f38-238e-4c75-964b-7aa3f6ad2baf.src on folder: C:\\develop\\nodejs\\projects\\aitam\\work\\, path: C:\\develop\\nodejs\\projects\\aitam\\work\\2cd01f38-238e-4c75-964b-7aa3f6ad2baf.src","level":"\u001b[34minfo\u001b[39m","timestamp":"2019-04-04 06:45:00"}
{"message":"garbage collector deleted  2cd01f38-238e-4c75-964b-7aa3f6ad2baf.xml on folder: C:\\develop\\nodejs\\projects\\aitam\\work\\, path: C:\\develop\\nodejs\\projects\\aitam\\work\\2cd01f38-238e-4c75-964b-7aa3f6ad2baf.xml","level":"\u001b[34minfo\u001b[39m","timestamp":"2019-04-04 06:45:00"}
{"message":"garbage collector deleted  3e7029f8-7570-40bb-a47e-cea3802e48c8.tkn on folder: C:\\develop\\nodejs\\projects\\aitam\\work\\, path: C:\\develop\\nodejs\\projects\\aitam\\work\\3e7029f8-7570-40bb-a47e-cea3802e48c8.tkn","level":"\u001b[34minfo\u001b[39m","timestamp":"2019-04-04 06:45:00"}
{"message":"garbage collector deleted  3e7029f8-7570-40bb-a47e-cea3802e48c8.src on folder: C:\\develop\\nodejs\\projects\\aitam\\work\\, path: C:\\develop\\nodejs\\projects\\aitam\\work\\3e7029f8-7570-40bb-a47e-cea3802e48c8.src","level":"\u001b[34minfo\u001b[39m","timestamp":"2019-04-04 06:45:00"}
{"message":"garbage collector deleted  3e7029f8-7570-40bb-a47e-cea3802e48c8.vec on folder: C:\\develop\\nodejs\\projects\\aitam\\work\\, path: C:\\develop\\nodejs\\projects\\aitam\\work\\3e7029f8-7570-40bb-a47e-cea3802e48c8.vec","level":"\u001b[34minfo\u001b[39m","timestamp":"2019-04-04 06:45:00"}
{"message":"garbage collector deleted  3e7029f8-7570-40bb-a47e-cea3802e48c8.xml on folder: C:\\develop\\nodejs\\projects\\aitam\\work\\, path: C:\\develop\\nodejs\\projects\\aitam\\work\\3e7029f8-7570-40bb-a47e-cea3802e48c8.xml","level":"\u001b[34minfo\u001b[39m","timestamp":"2019-04-04 06:45:00"}
{"message":"garbage collector deleted  466addc9-8acc-4a34-a476-1de7611dd448.tkn on folder: C:\\develop\\nodejs\\projects\\aitam\\work\\, path: C:\\develop\\nodejs\\projects\\aitam\\work\\466addc9-8acc-4a34-a476-1de7611dd448.tkn","level":"\u001b[34minfo\u001b[39m","timestamp":"2019-04-04 06:45:00"}
{"message":"garbage collector deleted  466addc9-8acc-4a34-a476-1de7611dd448.vec on folder: C:\\develop\\nodejs\\projects\\aitam\\work\\, path: C:\\develop\\nodejs\\projects\\aitam\\work\\466addc9-8acc-4a34-a476-1de7611dd448.vec","level":"\u001b[34minfo\u001b[39m","timestamp":"2019-04-04 06:45:00"}
{"message":"garbage collector deleted  466addc9-8acc-4a34-a476-1de7611dd448.src on folder: C:\\develop\\nodejs\\projects\\aitam\\work\\, path: C:\\develop\\nodejs\\projects\\aitam\\work\\466addc9-8acc-4a34-a476-1de7611dd448.src","level":"\u001b[34minfo\u001b[39m","timestamp":"2019-04-04 06:45:00"}
{"message":"garbage collector deleted  466addc9-8acc-4a34-a476-1de7611dd448.xml on folder: C:\\develop\\nodejs\\projects\\aitam\\work\\, path: C:\\develop\\nodejs\\projects\\aitam\\work\\466addc9-8acc-4a34-a476-1de7611dd448.xml","level":"\u001b[34minfo\u001b[39m","timestamp":"2019-04-04 06:45:00"}
{"message":"garbage collector deleted  5779c67e-d9f0-4a76-9bfb-23dfc4b8f19e.tkn on folder: C:\\develop\\nodejs\\projects\\aitam\\work\\, path: C:\\develop\\nodejs\\projects\\aitam\\work\\5779c67e-d9f0-4a76-9bfb-23dfc4b8f19e.tkn","level":"\u001b[34minfo\u001b[39m","timestamp":"2019-04-04 06:45:00"}
{"message":"garbage collector deleted  5779c67e-d9f0-4a76-9bfb-23dfc4b8f19e.src on folder: C:\\develop\\nodejs\\projects\\aitam\\work\\, path: C:\\develop\\nodejs\\projects\\aitam\\work\\5779c67e-d9f0-4a76-9bfb-23dfc4b8f19e.src","level":"\u001b[34minfo\u001b[39m","timestamp":"2019-04-04 06:45:00"}
{"message":"garbage collector deleted  5779c67e-d9f0-4a76-9bfb-23dfc4b8f19e.vec on folder: C:\\develop\\nodejs\\projects\\aitam\\work\\, path: C:\\develop\\nodejs\\projects\\aitam\\work\\5779c67e-d9f0-4a76-9bfb-23dfc4b8f19e.vec","level":"\u001b[34minfo\u001b[39m","timestamp":"2019-04-04 06:45:00"}
{"message":"garbage collector deleted  5779c67e-d9f0-4a76-9bfb-23dfc4b8f19e.xml on folder: C:\\develop\\nodejs\\projects\\aitam\\work\\, path: C:\\develop\\nodejs\\projects\\aitam\\work\\5779c67e-d9f0-4a76-9bfb-23dfc4b8f19e.xml","level":"\u001b[34minfo\u001b[39m","timestamp":"2019-04-04 06:45:00"}
{"message":"garbage collector deleted  57aaaaf6-693b-4ea0-b477-72f691741f72.src on folder: C:\\develop\\nodejs\\projects\\aitam\\work\\, path: C:\\develop\\nodejs\\projects\\aitam\\work\\57aaaaf6-693b-4ea0-b477-72f691741f72.src","level":"\u001b[34minfo\u001b[39m","timestamp":"2019-04-04 06:45:00"}
{"message":"garbage collector deleted  57aaaaf6-693b-4ea0-b477-72f691741f72.tkn on folder: C:\\develop\\nodejs\\projects\\aitam\\work\\, path: C:\\develop\\nodejs\\projects\\aitam\\work\\57aaaaf6-693b-4ea0-b477-72f691741f72.tkn","level":"\u001b[34minfo\u001b[39m","timestamp":"2019-04-04 06:45:00"}
{"message":"garbage collector deleted  57aaaaf6-693b-4ea0-b477-72f691741f72.vec on folder: C:\\develop\\nodejs\\projects\\aitam\\work\\, path: C:\\develop\\nodejs\\projects\\aitam\\work\\57aaaaf6-693b-4ea0-b477-72f691741f72.vec","level":"\u001b[34minfo\u001b[39m","timestamp":"2019-04-04 06:45:00"}
{"message":"garbage collector deleted  57aaaaf6-693b-4ea0-b477-72f691741f72.xml on folder: C:\\develop\\nodejs\\projects\\aitam\\work\\, path: C:\\develop\\nodejs\\projects\\aitam\\work\\57aaaaf6-693b-4ea0-b477-72f691741f72.xml","level":"\u001b[34minfo\u001b[39m","timestamp":"2019-04-04 06:45:00"}
{"message":"garbage collector deleted  93991296-f7b0-4cc5-9f00-c2b194e87c60.src on folder: C:\\develop\\nodejs\\projects\\aitam\\work\\, path: C:\\develop\\nodejs\\projects\\aitam\\work\\93991296-f7b0-4cc5-9f00-c2b194e87c60.src","level":"\u001b[34minfo\u001b[39m","timestamp":"2019-04-04 06:45:00"}
{"message":"garbage collector deleted  93991296-f7b0-4cc5-9f00-c2b194e87c60.tkn on folder: C:\\develop\\nodejs\\projects\\aitam\\work\\, path: C:\\develop\\nodejs\\projects\\aitam\\work\\93991296-f7b0-4cc5-9f00-c2b194e87c60.tkn","level":"\u001b[34minfo\u001b[39m","timestamp":"2019-04-04 06:45:00"}
{"message":"garbage collector deleted  93991296-f7b0-4cc5-9f00-c2b194e87c60.vec on folder: C:\\develop\\nodejs\\projects\\aitam\\work\\, path: C:\\develop\\nodejs\\projects\\aitam\\work\\93991296-f7b0-4cc5-9f00-c2b194e87c60.vec","level":"\u001b[34minfo\u001b[39m","timestamp":"2019-04-04 06:45:00"}
{"message":"garbage collector deleted  93991296-f7b0-4cc5-9f00-c2b194e87c60.xml on folder: C:\\develop\\nodejs\\projects\\aitam\\work\\, path: C:\\develop\\nodejs\\projects\\aitam\\work\\93991296-f7b0-4cc5-9f00-c2b194e87c60.xml","level":"\u001b[34minfo\u001b[39m","timestamp":"2019-04-04 06:45:00"}
{"message":"garbage collector deleted  9535c9a0-e38e-4675-abb0-39d68969d869.src on folder: C:\\develop\\nodejs\\projects\\aitam\\work\\, path: C:\\develop\\nodejs\\projects\\aitam\\work\\9535c9a0-e38e-4675-abb0-39d68969d869.src","level":"\u001b[34minfo\u001b[39m","timestamp":"2019-04-04 06:45:00"}
{"message":"garbage collector deleted  9535c9a0-e38e-4675-abb0-39d68969d869.tkn on folder: C:\\develop\\nodejs\\projects\\aitam\\work\\, path: C:\\develop\\nodejs\\projects\\aitam\\work\\9535c9a0-e38e-4675-abb0-39d68969d869.tkn","level":"\u001b[34minfo\u001b[39m","timestamp":"2019-04-04 06:45:00"}
{"message":"garbage collector deleted  9535c9a0-e38e-4675-abb0-39d68969d869.vec on folder: C:\\develop\\nodejs\\projects\\aitam\\work\\, path: C:\\develop\\nodejs\\projects\\aitam\\work\\9535c9a0-e38e-4675-abb0-39d68969d869.vec","level":"\u001b[34minfo\u001b[39m","timestamp":"2019-04-04 06:45:00"}
{"message":"garbage collector deleted  9535c9a0-e38e-4675-abb0-39d68969d869.xml on folder: C:\\develop\\nodejs\\projects\\aitam\\work\\, path: C:\\develop\\nodejs\\projects\\aitam\\work\\9535c9a0-e38e-4675-abb0-39d68969d869.xml","level":"\u001b[34minfo\u001b[39m","timestamp":"2019-04-04 06:45:00"}
{"message":"garbage collector deleted  b493258a-f312-48de-b275-469ca0242a94.src on folder: C:\\develop\\nodejs\\projects\\aitam\\work\\, path: C:\\develop\\nodejs\\projects\\aitam\\work\\b493258a-f312-48de-b275-469ca0242a94.src","level":"\u001b[34minfo\u001b[39m","timestamp":"2019-04-04 06:45:00"}
{"message":"garbage collector deleted  b493258a-f312-48de-b275-469ca0242a94.tkn on folder: C:\\develop\\nodejs\\projects\\aitam\\work\\, path: C:\\develop\\nodejs\\projects\\aitam\\work\\b493258a-f312-48de-b275-469ca0242a94.tkn","level":"\u001b[34minfo\u001b[39m","timestamp":"2019-04-04 06:45:00"}
{"message":"garbage collector deleted  b493258a-f312-48de-b275-469ca0242a94.vec on folder: C:\\develop\\nodejs\\projects\\aitam\\work\\, path: C:\\develop\\nodejs\\projects\\aitam\\work\\b493258a-f312-48de-b275-469ca0242a94.vec","level":"\u001b[34minfo\u001b[39m","timestamp":"2019-04-04 06:45:00"}
{"message":"garbage collector deleted  bc361876-8bdf-45e6-a6f6-079345e4966f.sent on folder: C:\\develop\\nodejs\\projects\\aitam\\work\\, path: C:\\develop\\nodejs\\projects\\aitam\\work\\bc361876-8bdf-45e6-a6f6-079345e4966f.sent","level":"\u001b[34minfo\u001b[39m","timestamp":"2019-04-04 06:45:00"}
{"message":"garbage collector deleted  cc34eae7-19eb-4bab-b2e5-5163e7ab6279.sent on folder: C:\\develop\\nodejs\\projects\\aitam\\work\\, path: C:\\develop\\nodejs\\projects\\aitam\\work\\cc34eae7-19eb-4bab-b2e5-5163e7ab6279.sent","level":"\u001b[34minfo\u001b[39m","timestamp":"2019-04-04 06:45:00"}
{"message":"garbage collector deleted  b493258a-f312-48de-b275-469ca0242a94.xml on folder: C:\\develop\\nodejs\\projects\\aitam\\work\\, path: C:\\develop\\nodejs\\projects\\aitam\\work\\b493258a-f312-48de-b275-469ca0242a94.xml","level":"\u001b[34minfo\u001b[39m","timestamp":"2019-04-04 06:45:00"}
{"message":"garbage collector deleted  cc34eae7-19eb-4bab-b2e5-5163e7ab6279.tkn on folder: C:\\develop\\nodejs\\projects\\aitam\\work\\, path: C:\\develop\\nodejs\\projects\\aitam\\work\\cc34eae7-19eb-4bab-b2e5-5163e7ab6279.tkn","level":"\u001b[34minfo\u001b[39m","timestamp":"2019-04-04 06:45:00"}
{"message":"garbage collector deleted  cc34eae7-19eb-4bab-b2e5-5163e7ab6279.src on folder: C:\\develop\\nodejs\\projects\\aitam\\work\\, path: C:\\develop\\nodejs\\projects\\aitam\\work\\cc34eae7-19eb-4bab-b2e5-5163e7ab6279.src","level":"\u001b[34minfo\u001b[39m","timestamp":"2019-04-04 06:45:00"}
{"message":"garbage collector deleted  cc34eae7-19eb-4bab-b2e5-5163e7ab6279.vec on folder: C:\\develop\\nodejs\\projects\\aitam\\work\\, path: C:\\develop\\nodejs\\projects\\aitam\\work\\cc34eae7-19eb-4bab-b2e5-5163e7ab6279.vec","level":"\u001b[34minfo\u001b[39m","timestamp":"2019-04-04 06:45:00"}
{"message":"garbage collector deleted  cc34eae7-19eb-4bab-b2e5-5163e7ab6279.xml on folder: C:\\develop\\nodejs\\projects\\aitam\\work\\, path: C:\\develop\\nodejs\\projects\\aitam\\work\\cc34eae7-19eb-4bab-b2e5-5163e7ab6279.xml","level":"\u001b[34minfo\u001b[39m","timestamp":"2019-04-04 06:45:00"}
{"message":"garbage collector deleted  fc8531aa-6d82-4f12-a6de-a99107832b16.src on folder: C:\\develop\\nodejs\\projects\\aitam\\work\\, path: C:\\develop\\nodejs\\projects\\aitam\\work\\fc8531aa-6d82-4f12-a6de-a99107832b16.src","level":"\u001b[34minfo\u001b[39m","timestamp":"2019-04-04 06:45:00"}
{"message":"garbage collector deleted  f18011aa-187d-4870-a42a-b894e60f9345.xml on folder: C:\\develop\\nodejs\\projects\\aitam\\work\\, path: C:\\develop\\nodejs\\projects\\aitam\\work\\f18011aa-187d-4870-a42a-b894e60f9345.xml","level":"\u001b[34minfo\u001b[39m","timestamp":"2019-04-04 06:45:00"}
{"message":"garbage collector deleted  fc8531aa-6d82-4f12-a6de-a99107832b16.tkn on folder: C:\\develop\\nodejs\\projects\\aitam\\work\\, path: C:\\develop\\nodejs\\projects\\aitam\\work\\fc8531aa-6d82-4f12-a6de-a99107832b16.tkn","level":"\u001b[34minfo\u001b[39m","timestamp":"2019-04-04 06:45:00"}
{"message":"garbage collector deleted  fc8531aa-6d82-4f12-a6de-a99107832b16.vec on folder: C:\\develop\\nodejs\\projects\\aitam\\work\\, path: C:\\develop\\nodejs\\projects\\aitam\\work\\fc8531aa-6d82-4f12-a6de-a99107832b16.vec","level":"\u001b[34minfo\u001b[39m","timestamp":"2019-04-04 06:45:00"}
{"message":"garbage collector deleted  fc8531aa-6d82-4f12-a6de-a99107832b16.xml on folder: C:\\develop\\nodejs\\projects\\aitam\\work\\, path: C:\\develop\\nodejs\\projects\\aitam\\work\\fc8531aa-6d82-4f12-a6de-a99107832b16.xml","level":"\u001b[34minfo\u001b[39m","timestamp":"2019-04-04 06:45:00"}
{"message":"garbage collector deleted  fe8cdbc7-c6dc-47d2-bc78-ce8fa97ee647.sent on folder: C:\\develop\\nodejs\\projects\\aitam\\work\\, path: C:\\develop\\nodejs\\projects\\aitam\\work\\fe8cdbc7-c6dc-47d2-bc78-ce8fa97ee647.sent","level":"\u001b[34minfo\u001b[39m","timestamp":"2019-04-04 06:45:00"}
{"message":"garbage collector deleted  fe8cdbc7-c6dc-47d2-bc78-ce8fa97ee647.src on folder: C:\\develop\\nodejs\\projects\\aitam\\work\\, path: C:\\develop\\nodejs\\projects\\aitam\\work\\fe8cdbc7-c6dc-47d2-bc78-ce8fa97ee647.src","level":"\u001b[34minfo\u001b[39m","timestamp":"2019-04-04 06:45:00"}
{"message":"garbage collector deleted  fe8cdbc7-c6dc-47d2-bc78-ce8fa97ee647.tkn on folder: C:\\develop\\nodejs\\projects\\aitam\\work\\, path: C:\\develop\\nodejs\\projects\\aitam\\work\\fe8cdbc7-c6dc-47d2-bc78-ce8fa97ee647.tkn","level":"\u001b[34minfo\u001b[39m","timestamp":"2019-04-04 06:45:00"}
{"message":"garbage collector deleted  fe8cdbc7-c6dc-47d2-bc78-ce8fa97ee647.vec on folder: C:\\develop\\nodejs\\projects\\aitam\\work\\, path: C:\\develop\\nodejs\\projects\\aitam\\work\\fe8cdbc7-c6dc-47d2-bc78-ce8fa97ee647.vec","level":"\u001b[34minfo\u001b[39m","timestamp":"2019-04-04 06:45:00"}
{"message":"garbage collector deleted  fe8cdbc7-c6dc-47d2-bc78-ce8fa97ee647.xml on folder: C:\\develop\\nodejs\\projects\\aitam\\work\\, path: C:\\develop\\nodejs\\projects\\aitam\\work\\fe8cdbc7-c6dc-47d2-bc78-ce8fa97ee647.xml","level":"\u001b[34minfo\u001b[39m","timestamp":"2019-04-04 06:45:00"}
{"message":"garbage collector started on path: C:\\develop\\nodejs\\projects\\aitam\\work\\","level":"\u001b[34minfo\u001b[39m","timestamp":"2019-04-04 08:02:07"}
{"message":"Session created received the id:b13741f9-af60-4524-b7fa-073858034be6","level":"\u001b[34minfo\u001b[39m","timestamp":"2019-04-04 08:22:51"}
{"message":"Session created received the id:b13741f9-af60-4524-b7fa-073858034be6","level":"\u001b[34minfo\u001b[39m","timestamp":"2019-04-04 09:06:37"}
{"message":"req.user: undefined","level":"\u001b[34minfo\u001b[39m","timestamp":"2019-04-04 09:07:05"}
{"message":"Session id started: {\"user\":\"2f24vvg\"}","level":"\u001b[34minfo\u001b[39m","timestamp":"2019-04-04 09:07:05"}
{"message":"User logged in: {\"id\":\"2f24vvg\",\"email\":\"test@test.com\",\"password\":\"$2a$10$A2g6pbxxhLA9MNYRJ0rnzOf/7Ara76B0KcRdjzUcsIBIclRuas/fG\"}","level":"\u001b[34minfo\u001b[39m","timestamp":"2019-04-04 09:07:05"}
{"message":"User (2f24vvg) uploaded a file: {\"file-upload\":{\"size\":503821,\"path\":\"C:\\\\develop\\\\nodejs\\\\projects\\\\aitam\\\\work\\\\b13741f9-af60-4524-b7fa-073858034be6.xml\",\"name\":\"test_site2.xml\",\"type\":\"text/xml\",\"mtime\":\"2019-04-04T08:08:05.441Z\"}}","level":"\u001b[34minfo\u001b[39m","timestamp":"2019-04-04 09:08:05"}
{"message":"Session created received the id:b13741f9-af60-4524-b7fa-073858034be6","level":"\u001b[34minfo\u001b[39m","timestamp":"2019-04-04 09:21:37"}
{"message":"working audit file closed and deleted : C:\\develop\\nodejs\\projects\\aitam\\work\\b13741f9-af60-4524-b7fa-073858034be6.xml","level":"\u001b[34minfo\u001b[39m","timestamp":"2019-04-04 09:29:36"}
{"message":"document audit file closed and deleted : C:\\develop\\nodejs\\projects\\aitam\\work\\b13741f9-af60-4524-b7fa-073858034be6.odt","level":"\u001b[34minfo\u001b[39m","timestamp":"2019-04-04 09:29:36"}
{"message":"Session created received the id:b13741f9-af60-4524-b7fa-073858034be6","level":"\u001b[34minfo\u001b[39m","timestamp":"2019-04-04 09:29:39"}
{"message":"garbage collector started on path: C:\\develop\\nodejs\\projects\\aitam\\work\\","level":"\u001b[34minfo\u001b[39m","timestamp":"2019-04-04 13:37:39"}
{"message":"Graph db error: Neo4jError: connect ECONNREFUSED 127.0.0.1:7687","level":"\u001b[33mwarn\u001b[39m","timestamp":"2019-04-04 13:37:41"}
{"message":"Graph db error: Neo4jError: connect ECONNREFUSED 127.0.0.1:7687","level":"\u001b[33mwarn\u001b[39m","timestamp":"2019-04-04 13:37:41"}
{"message":"Graph db error: Neo4jError: connect ECONNREFUSED 127.0.0.1:7687","level":"\u001b[33mwarn\u001b[39m","timestamp":"2019-04-04 13:37:41"}
{"message":"Graph db error: Neo4jError: connect ECONNREFUSED 127.0.0.1:7687","level":"\u001b[33mwarn\u001b[39m","timestamp":"2019-04-04 13:37:41"}
{"message":"Graph db error: Neo4jError: connect ECONNREFUSED 127.0.0.1:7687","level":"\u001b[33mwarn\u001b[39m","timestamp":"2019-04-04 13:37:41"}
{"message":"Graph db error: Neo4jError: connect ECONNREFUSED 127.0.0.1:7687","level":"\u001b[33mwarn\u001b[39m","timestamp":"2019-04-04 13:37:41"}
{"message":"garbage collector started on path: C:\\develop\\nodejs\\projects\\aitam\\work\\","level":"\u001b[34minfo\u001b[39m","timestamp":"2019-04-04 13:39:46"}
{"message":"Graph db error: Neo4jError: connect ECONNREFUSED 127.0.0.1:7687","level":"\u001b[33mwarn\u001b[39m","timestamp":"2019-04-04 13:39:48"}
{"message":"Graph db error: Neo4jError: connect ECONNREFUSED 127.0.0.1:7687","level":"\u001b[33mwarn\u001b[39m","timestamp":"2019-04-04 13:39:48"}
{"message":"Graph db error: Neo4jError: connect ECONNREFUSED 127.0.0.1:7687","level":"\u001b[33mwarn\u001b[39m","timestamp":"2019-04-04 13:39:48"}
{"message":"Graph db error: Neo4jError: connect ECONNREFUSED 127.0.0.1:7687","level":"\u001b[33mwarn\u001b[39m","timestamp":"2019-04-04 13:39:48"}
{"message":"Graph db error: Neo4jError: connect ECONNREFUSED 127.0.0.1:7687","level":"\u001b[33mwarn\u001b[39m","timestamp":"2019-04-04 13:39:48"}
{"message":"Graph db error: Neo4jError: connect ECONNREFUSED 127.0.0.1:7687","level":"\u001b[33mwarn\u001b[39m","timestamp":"2019-04-04 13:39:48"}
