{"message":"garbage collector started on path: C:\\develop\\nodejs\\projects\\aitam\\work\\","level":"\u001b[34minfo\u001b[39m","timestamp":"2019-01-22 20:09:18"}
{"message":"garbage collector deleted  0505d1c4-848c-4a31-a14f-b9e79b0938d5.src on folder: C:\\develop\\nodejs\\projects\\aitam\\work\\, path: C:\\develop\\nodejs\\projects\\aitam\\work\\0505d1c4-848c-4a31-a14f-b9e79b0938d5.src","level":"\u001b[34minfo\u001b[39m","timestamp":"2019-01-22 20:15:00"}
{"message":"garbage collector deleted  0505d1c4-848c-4a31-a14f-b9e79b0938d5.tkn on folder: C:\\develop\\nodejs\\projects\\aitam\\work\\, path: C:\\develop\\nodejs\\projects\\aitam\\work\\0505d1c4-848c-4a31-a14f-b9e79b0938d5.tkn","level":"\u001b[34minfo\u001b[39m","timestamp":"2019-01-22 20:15:00"}
{"message":"garbage collector deleted  0505d1c4-848c-4a31-a14f-b9e79b0938d5.xml on folder: C:\\develop\\nodejs\\projects\\aitam\\work\\, path: C:\\develop\\nodejs\\projects\\aitam\\work\\0505d1c4-848c-4a31-a14f-b9e79b0938d5.xml","level":"\u001b[34minfo\u001b[39m","timestamp":"2019-01-22 20:15:00"}
{"message":"garbage collector deleted  06d7358c-8eb9-42c5-9be7-0fd81d1931da.src on folder: C:\\develop\\nodejs\\projects\\aitam\\work\\, path: C:\\develop\\nodejs\\projects\\aitam\\work\\06d7358c-8eb9-42c5-9be7-0fd81d1931da.src","level":"\u001b[34minfo\u001b[39m","timestamp":"2019-01-22 20:15:00"}
{"message":"garbage collector deleted  06d7358c-8eb9-42c5-9be7-0fd81d1931da.tkn on folder: C:\\develop\\nodejs\\projects\\aitam\\work\\, path: C:\\develop\\nodejs\\projects\\aitam\\work\\06d7358c-8eb9-42c5-9be7-0fd81d1931da.tkn","level":"\u001b[34minfo\u001b[39m","timestamp":"2019-01-22 20:15:00"}
{"message":"garbage collector deleted  06d7358c-8eb9-42c5-9be7-0fd81d1931da.xml on folder: C:\\develop\\nodejs\\projects\\aitam\\work\\, path: C:\\develop\\nodejs\\projects\\aitam\\work\\06d7358c-8eb9-42c5-9be7-0fd81d1931da.xml","level":"\u001b[34minfo\u001b[39m","timestamp":"2019-01-22 20:15:00"}
{"message":"garbage collector deleted  07a3e20d-39fd-4343-800f-7b46b662af60.src on folder: C:\\develop\\nodejs\\projects\\aitam\\work\\, path: C:\\develop\\nodejs\\projects\\aitam\\work\\07a3e20d-39fd-4343-800f-7b46b662af60.src","level":"\u001b[34minfo\u001b[39m","timestamp":"2019-01-22 20:15:00"}
{"message":"garbage collector deleted  07a3e20d-39fd-4343-800f-7b46b662af60.tkn on folder: C:\\develop\\nodejs\\projects\\aitam\\work\\, path: C:\\develop\\nodejs\\projects\\aitam\\work\\07a3e20d-39fd-4343-800f-7b46b662af60.tkn","level":"\u001b[34minfo\u001b[39m","timestamp":"2019-01-22 20:15:00"}
{"message":"garbage collector deleted  07a3e20d-39fd-4343-800f-7b46b662af60.xml on folder: C:\\develop\\nodejs\\projects\\aitam\\work\\, path: C:\\develop\\nodejs\\projects\\aitam\\work\\07a3e20d-39fd-4343-800f-7b46b662af60.xml","level":"\u001b[34minfo\u001b[39m","timestamp":"2019-01-22 20:15:00"}
{"message":"garbage collector deleted  1be86831-9a99-435c-b891-ea62878221ed.src on folder: C:\\develop\\nodejs\\projects\\aitam\\work\\, path: C:\\develop\\nodejs\\projects\\aitam\\work\\1be86831-9a99-435c-b891-ea62878221ed.src","level":"\u001b[34minfo\u001b[39m","timestamp":"2019-01-22 20:15:00"}
{"message":"garbage collector deleted  1be86831-9a99-435c-b891-ea62878221ed.tkn on folder: C:\\develop\\nodejs\\projects\\aitam\\work\\, path: C:\\develop\\nodejs\\projects\\aitam\\work\\1be86831-9a99-435c-b891-ea62878221ed.tkn","level":"\u001b[34minfo\u001b[39m","timestamp":"2019-01-22 20:15:00"}
{"message":"garbage collector deleted  1be86831-9a99-435c-b891-ea62878221ed.xml on folder: C:\\develop\\nodejs\\projects\\aitam\\work\\, path: C:\\develop\\nodejs\\projects\\aitam\\work\\1be86831-9a99-435c-b891-ea62878221ed.xml","level":"\u001b[34minfo\u001b[39m","timestamp":"2019-01-22 20:15:00"}
{"message":"garbage collector deleted  2636e429-4392-4883-8fca-38ab78dfb3c0.src on folder: C:\\develop\\nodejs\\projects\\aitam\\work\\, path: C:\\develop\\nodejs\\projects\\aitam\\work\\2636e429-4392-4883-8fca-38ab78dfb3c0.src","level":"\u001b[34minfo\u001b[39m","timestamp":"2019-01-22 20:15:00"}
{"message":"garbage collector deleted  2636e429-4392-4883-8fca-38ab78dfb3c0.tkn on folder: C:\\develop\\nodejs\\projects\\aitam\\work\\, path: C:\\develop\\nodejs\\projects\\aitam\\work\\2636e429-4392-4883-8fca-38ab78dfb3c0.tkn","level":"\u001b[34minfo\u001b[39m","timestamp":"2019-01-22 20:15:00"}
{"message":"garbage collector deleted  2636e429-4392-4883-8fca-38ab78dfb3c0.xml on folder: C:\\develop\\nodejs\\projects\\aitam\\work\\, path: C:\\develop\\nodejs\\projects\\aitam\\work\\2636e429-4392-4883-8fca-38ab78dfb3c0.xml","level":"\u001b[34minfo\u001b[39m","timestamp":"2019-01-22 20:15:00"}
{"message":"garbage collector deleted  5efba484-77d2-41c6-8dbf-2db855947b68.src on folder: C:\\develop\\nodejs\\projects\\aitam\\work\\, path: C:\\develop\\nodejs\\projects\\aitam\\work\\5efba484-77d2-41c6-8dbf-2db855947b68.src","level":"\u001b[34minfo\u001b[39m","timestamp":"2019-01-22 20:15:00"}
{"message":"garbage collector deleted  5efba484-77d2-41c6-8dbf-2db855947b68.tkn on folder: C:\\develop\\nodejs\\projects\\aitam\\work\\, path: C:\\develop\\nodejs\\projects\\aitam\\work\\5efba484-77d2-41c6-8dbf-2db855947b68.tkn","level":"\u001b[34minfo\u001b[39m","timestamp":"2019-01-22 20:15:00"}
{"message":"garbage collector deleted  5efba484-77d2-41c6-8dbf-2db855947b68.xml on folder: C:\\develop\\nodejs\\projects\\aitam\\work\\, path: C:\\develop\\nodejs\\projects\\aitam\\work\\5efba484-77d2-41c6-8dbf-2db855947b68.xml","level":"\u001b[34minfo\u001b[39m","timestamp":"2019-01-22 20:15:00"}
{"message":"garbage collector deleted  694ba336-add8-428c-a91f-7e85d4d7eb04.src on folder: C:\\develop\\nodejs\\projects\\aitam\\work\\, path: C:\\develop\\nodejs\\projects\\aitam\\work\\694ba336-add8-428c-a91f-7e85d4d7eb04.src","level":"\u001b[34minfo\u001b[39m","timestamp":"2019-01-22 20:15:00"}
{"message":"garbage collector deleted  694ba336-add8-428c-a91f-7e85d4d7eb04.tkn on folder: C:\\develop\\nodejs\\projects\\aitam\\work\\, path: C:\\develop\\nodejs\\projects\\aitam\\work\\694ba336-add8-428c-a91f-7e85d4d7eb04.tkn","level":"\u001b[34minfo\u001b[39m","timestamp":"2019-01-22 20:15:00"}
{"message":"garbage collector deleted  694ba336-add8-428c-a91f-7e85d4d7eb04.xml on folder: C:\\develop\\nodejs\\projects\\aitam\\work\\, path: C:\\develop\\nodejs\\projects\\aitam\\work\\694ba336-add8-428c-a91f-7e85d4d7eb04.xml","level":"\u001b[34minfo\u001b[39m","timestamp":"2019-01-22 20:15:00"}
{"message":"garbage collector deleted  86032c10-ffb5-4e5d-89e8-9f349e1c83c4.src on folder: C:\\develop\\nodejs\\projects\\aitam\\work\\, path: C:\\develop\\nodejs\\projects\\aitam\\work\\86032c10-ffb5-4e5d-89e8-9f349e1c83c4.src","level":"\u001b[34minfo\u001b[39m","timestamp":"2019-01-22 20:15:00"}
{"message":"garbage collector deleted  86032c10-ffb5-4e5d-89e8-9f349e1c83c4.tkn on folder: C:\\develop\\nodejs\\projects\\aitam\\work\\, path: C:\\develop\\nodejs\\projects\\aitam\\work\\86032c10-ffb5-4e5d-89e8-9f349e1c83c4.tkn","level":"\u001b[34minfo\u001b[39m","timestamp":"2019-01-22 20:15:00"}
{"message":"garbage collector deleted  86032c10-ffb5-4e5d-89e8-9f349e1c83c4.xml on folder: C:\\develop\\nodejs\\projects\\aitam\\work\\, path: C:\\develop\\nodejs\\projects\\aitam\\work\\86032c10-ffb5-4e5d-89e8-9f349e1c83c4.xml","level":"\u001b[34minfo\u001b[39m","timestamp":"2019-01-22 20:15:00"}
{"message":"garbage collector deleted  86307d48-e10f-482c-a069-e20e7d37c01a.src on folder: C:\\develop\\nodejs\\projects\\aitam\\work\\, path: C:\\develop\\nodejs\\projects\\aitam\\work\\86307d48-e10f-482c-a069-e20e7d37c01a.src","level":"\u001b[34minfo\u001b[39m","timestamp":"2019-01-22 20:15:00"}
{"message":"garbage collector deleted  86307d48-e10f-482c-a069-e20e7d37c01a.tkn on folder: C:\\develop\\nodejs\\projects\\aitam\\work\\, path: C:\\develop\\nodejs\\projects\\aitam\\work\\86307d48-e10f-482c-a069-e20e7d37c01a.tkn","level":"\u001b[34minfo\u001b[39m","timestamp":"2019-01-22 20:15:00"}
{"message":"garbage collector deleted  86307d48-e10f-482c-a069-e20e7d37c01a.xml on folder: C:\\develop\\nodejs\\projects\\aitam\\work\\, path: C:\\develop\\nodejs\\projects\\aitam\\work\\86307d48-e10f-482c-a069-e20e7d37c01a.xml","level":"\u001b[34minfo\u001b[39m","timestamp":"2019-01-22 20:15:00"}
{"message":"garbage collector deleted  9577a064-fa0b-414c-ac48-483b0fac1ab8.src on folder: C:\\develop\\nodejs\\projects\\aitam\\work\\, path: C:\\develop\\nodejs\\projects\\aitam\\work\\9577a064-fa0b-414c-ac48-483b0fac1ab8.src","level":"\u001b[34minfo\u001b[39m","timestamp":"2019-01-22 20:15:00"}
{"message":"garbage collector deleted  9577a064-fa0b-414c-ac48-483b0fac1ab8.tkn on folder: C:\\develop\\nodejs\\projects\\aitam\\work\\, path: C:\\develop\\nodejs\\projects\\aitam\\work\\9577a064-fa0b-414c-ac48-483b0fac1ab8.tkn","level":"\u001b[34minfo\u001b[39m","timestamp":"2019-01-22 20:15:00"}
{"message":"garbage collector deleted  9577a064-fa0b-414c-ac48-483b0fac1ab8.xml on folder: C:\\develop\\nodejs\\projects\\aitam\\work\\, path: C:\\develop\\nodejs\\projects\\aitam\\work\\9577a064-fa0b-414c-ac48-483b0fac1ab8.xml","level":"\u001b[34minfo\u001b[39m","timestamp":"2019-01-22 20:15:00"}
{"message":"garbage collector deleted  c0399540-47b8-4d53-b435-74a8997a1fe8.src on folder: C:\\develop\\nodejs\\projects\\aitam\\work\\, path: C:\\develop\\nodejs\\projects\\aitam\\work\\c0399540-47b8-4d53-b435-74a8997a1fe8.src","level":"\u001b[34minfo\u001b[39m","timestamp":"2019-01-22 20:15:00"}
{"message":"garbage collector deleted  c0399540-47b8-4d53-b435-74a8997a1fe8.tkn on folder: C:\\develop\\nodejs\\projects\\aitam\\work\\, path: C:\\develop\\nodejs\\projects\\aitam\\work\\c0399540-47b8-4d53-b435-74a8997a1fe8.tkn","level":"\u001b[34minfo\u001b[39m","timestamp":"2019-01-22 20:15:00"}
{"message":"garbage collector deleted  c0399540-47b8-4d53-b435-74a8997a1fe8.xml on folder: C:\\develop\\nodejs\\projects\\aitam\\work\\, path: C:\\develop\\nodejs\\projects\\aitam\\work\\c0399540-47b8-4d53-b435-74a8997a1fe8.xml","level":"\u001b[34minfo\u001b[39m","timestamp":"2019-01-22 20:15:00"}
{"message":"garbage collector deleted  c0d52a99-1083-4f0f-86f8-50b15d24ccc2.src on folder: C:\\develop\\nodejs\\projects\\aitam\\work\\, path: C:\\develop\\nodejs\\projects\\aitam\\work\\c0d52a99-1083-4f0f-86f8-50b15d24ccc2.src","level":"\u001b[34minfo\u001b[39m","timestamp":"2019-01-22 20:15:00"}
{"message":"garbage collector deleted  c0d52a99-1083-4f0f-86f8-50b15d24ccc2.tkn on folder: C:\\develop\\nodejs\\projects\\aitam\\work\\, path: C:\\develop\\nodejs\\projects\\aitam\\work\\c0d52a99-1083-4f0f-86f8-50b15d24ccc2.tkn","level":"\u001b[34minfo\u001b[39m","timestamp":"2019-01-22 20:15:00"}
{"message":"garbage collector deleted  c0d52a99-1083-4f0f-86f8-50b15d24ccc2.xml on folder: C:\\develop\\nodejs\\projects\\aitam\\work\\, path: C:\\develop\\nodejs\\projects\\aitam\\work\\c0d52a99-1083-4f0f-86f8-50b15d24ccc2.xml","level":"\u001b[34minfo\u001b[39m","timestamp":"2019-01-22 20:15:00"}
{"message":"garbage collector deleted  cdf75370-784d-4c1e-ac25-0e7e79c813ec.src on folder: C:\\develop\\nodejs\\projects\\aitam\\work\\, path: C:\\develop\\nodejs\\projects\\aitam\\work\\cdf75370-784d-4c1e-ac25-0e7e79c813ec.src","level":"\u001b[34minfo\u001b[39m","timestamp":"2019-01-22 20:15:00"}
{"message":"garbage collector deleted  cdf75370-784d-4c1e-ac25-0e7e79c813ec.tkn on folder: C:\\develop\\nodejs\\projects\\aitam\\work\\, path: C:\\develop\\nodejs\\projects\\aitam\\work\\cdf75370-784d-4c1e-ac25-0e7e79c813ec.tkn","level":"\u001b[34minfo\u001b[39m","timestamp":"2019-01-22 20:15:00"}
{"message":"garbage collector deleted  cdf75370-784d-4c1e-ac25-0e7e79c813ec.xml on folder: C:\\develop\\nodejs\\projects\\aitam\\work\\, path: C:\\develop\\nodejs\\projects\\aitam\\work\\cdf75370-784d-4c1e-ac25-0e7e79c813ec.xml","level":"\u001b[34minfo\u001b[39m","timestamp":"2019-01-22 20:15:00"}
{"message":"garbage collector deleted  e30b0c0c-77d0-49e0-8a4a-f77f028ccf18.src on folder: C:\\develop\\nodejs\\projects\\aitam\\work\\, path: C:\\develop\\nodejs\\projects\\aitam\\work\\e30b0c0c-77d0-49e0-8a4a-f77f028ccf18.src","level":"\u001b[34minfo\u001b[39m","timestamp":"2019-01-22 20:15:00"}
{"message":"garbage collector deleted  e30b0c0c-77d0-49e0-8a4a-f77f028ccf18.tkn on folder: C:\\develop\\nodejs\\projects\\aitam\\work\\, path: C:\\develop\\nodejs\\projects\\aitam\\work\\e30b0c0c-77d0-49e0-8a4a-f77f028ccf18.tkn","level":"\u001b[34minfo\u001b[39m","timestamp":"2019-01-22 20:15:00"}
{"message":"garbage collector deleted  e30b0c0c-77d0-49e0-8a4a-f77f028ccf18.xml on folder: C:\\develop\\nodejs\\projects\\aitam\\work\\, path: C:\\develop\\nodejs\\projects\\aitam\\work\\e30b0c0c-77d0-49e0-8a4a-f77f028ccf18.xml","level":"\u001b[34minfo\u001b[39m","timestamp":"2019-01-22 20:15:00"}
{"message":"garbage collector deleted  e5bb528c-1590-4fc2-91b3-7c3e314d9ce2.src on folder: C:\\develop\\nodejs\\projects\\aitam\\work\\, path: C:\\develop\\nodejs\\projects\\aitam\\work\\e5bb528c-1590-4fc2-91b3-7c3e314d9ce2.src","level":"\u001b[34minfo\u001b[39m","timestamp":"2019-01-22 20:15:00"}
{"message":"garbage collector deleted  e5bb528c-1590-4fc2-91b3-7c3e314d9ce2.tkn on folder: C:\\develop\\nodejs\\projects\\aitam\\work\\, path: C:\\develop\\nodejs\\projects\\aitam\\work\\e5bb528c-1590-4fc2-91b3-7c3e314d9ce2.tkn","level":"\u001b[34minfo\u001b[39m","timestamp":"2019-01-22 20:15:00"}
{"message":"garbage collector deleted  e5bb528c-1590-4fc2-91b3-7c3e314d9ce2.xml on folder: C:\\develop\\nodejs\\projects\\aitam\\work\\, path: C:\\develop\\nodejs\\projects\\aitam\\work\\e5bb528c-1590-4fc2-91b3-7c3e314d9ce2.xml","level":"\u001b[34minfo\u001b[39m","timestamp":"2019-01-22 20:15:00"}
{"message":"garbage collector deleted  f8b8e320-90e0-48ee-9ba8-0331e7dedab3.src on folder: C:\\develop\\nodejs\\projects\\aitam\\work\\, path: C:\\develop\\nodejs\\projects\\aitam\\work\\f8b8e320-90e0-48ee-9ba8-0331e7dedab3.src","level":"\u001b[34minfo\u001b[39m","timestamp":"2019-01-22 20:15:00"}
{"message":"garbage collector deleted  f8b8e320-90e0-48ee-9ba8-0331e7dedab3.tkn on folder: C:\\develop\\nodejs\\projects\\aitam\\work\\, path: C:\\develop\\nodejs\\projects\\aitam\\work\\f8b8e320-90e0-48ee-9ba8-0331e7dedab3.tkn","level":"\u001b[34minfo\u001b[39m","timestamp":"2019-01-22 20:15:00"}
{"message":"garbage collector error:  Error: Can't delete C:\\develop\\nodejs\\projects\\aitam\\work\\0505d1c4-848c-4a31-a14f-b9e79b0938d5.src","level":"\u001b[34minfo\u001b[39m","timestamp":"2019-01-22 20:15:00"}
{"message":"garbage collector deleted  f8b8e320-90e0-48ee-9ba8-0331e7dedab3.xml on folder: C:\\develop\\nodejs\\projects\\aitam\\work\\, path: C:\\develop\\nodejs\\projects\\aitam\\work\\f8b8e320-90e0-48ee-9ba8-0331e7dedab3.xml","level":"\u001b[34minfo\u001b[39m","timestamp":"2019-01-22 20:15:00"}
{"message":"garbage collector error:  Error: Can't delete C:\\develop\\nodejs\\projects\\aitam\\work\\0505d1c4-848c-4a31-a14f-b9e79b0938d5.tkn","level":"\u001b[34minfo\u001b[39m","timestamp":"2019-01-22 20:15:00"}
{"message":"garbage collector error:  Error: Can't delete C:\\develop\\nodejs\\projects\\aitam\\work\\0505d1c4-848c-4a31-a14f-b9e79b0938d5.xml","level":"\u001b[34minfo\u001b[39m","timestamp":"2019-01-22 20:15:00"}
{"message":"garbage collector error:  Error: Can't delete C:\\develop\\nodejs\\projects\\aitam\\work\\06d7358c-8eb9-42c5-9be7-0fd81d1931da.src","level":"\u001b[34minfo\u001b[39m","timestamp":"2019-01-22 20:15:00"}
{"message":"garbage collector error:  Error: Can't delete C:\\develop\\nodejs\\projects\\aitam\\work\\06d7358c-8eb9-42c5-9be7-0fd81d1931da.tkn","level":"\u001b[34minfo\u001b[39m","timestamp":"2019-01-22 20:15:00"}
{"message":"garbage collector error:  Error: Can't delete C:\\develop\\nodejs\\projects\\aitam\\work\\06d7358c-8eb9-42c5-9be7-0fd81d1931da.xml","level":"\u001b[34minfo\u001b[39m","timestamp":"2019-01-22 20:15:00"}
{"message":"garbage collector error:  Error: Can't delete C:\\develop\\nodejs\\projects\\aitam\\work\\07a3e20d-39fd-4343-800f-7b46b662af60.src","level":"\u001b[34minfo\u001b[39m","timestamp":"2019-01-22 20:15:00"}
{"message":"garbage collector error:  Error: Can't delete C:\\develop\\nodejs\\projects\\aitam\\work\\07a3e20d-39fd-4343-800f-7b46b662af60.tkn","level":"\u001b[34minfo\u001b[39m","timestamp":"2019-01-22 20:15:00"}
{"message":"garbage collector error:  Error: Can't delete C:\\develop\\nodejs\\projects\\aitam\\work\\07a3e20d-39fd-4343-800f-7b46b662af60.xml","level":"\u001b[34minfo\u001b[39m","timestamp":"2019-01-22 20:15:00"}
{"message":"garbage collector error:  Error: Can't delete C:\\develop\\nodejs\\projects\\aitam\\work\\1be86831-9a99-435c-b891-ea62878221ed.src","level":"\u001b[34minfo\u001b[39m","timestamp":"2019-01-22 20:15:00"}
{"message":"garbage collector error:  Error: Can't delete C:\\develop\\nodejs\\projects\\aitam\\work\\1be86831-9a99-435c-b891-ea62878221ed.tkn","level":"\u001b[34minfo\u001b[39m","timestamp":"2019-01-22 20:15:00"}
{"message":"garbage collector error:  Error: Can't delete C:\\develop\\nodejs\\projects\\aitam\\work\\1be86831-9a99-435c-b891-ea62878221ed.xml","level":"\u001b[34minfo\u001b[39m","timestamp":"2019-01-22 20:15:00"}
{"message":"garbage collector error:  Error: Can't delete C:\\develop\\nodejs\\projects\\aitam\\work\\2636e429-4392-4883-8fca-38ab78dfb3c0.src","level":"\u001b[34minfo\u001b[39m","timestamp":"2019-01-22 20:15:00"}
{"message":"garbage collector error:  Error: Can't delete C:\\develop\\nodejs\\projects\\aitam\\work\\2636e429-4392-4883-8fca-38ab78dfb3c0.tkn","level":"\u001b[34minfo\u001b[39m","timestamp":"2019-01-22 20:15:00"}
{"message":"garbage collector error:  Error: Can't delete C:\\develop\\nodejs\\projects\\aitam\\work\\2636e429-4392-4883-8fca-38ab78dfb3c0.xml","level":"\u001b[34minfo\u001b[39m","timestamp":"2019-01-22 20:15:00"}
{"message":"garbage collector error:  Error: Can't delete C:\\develop\\nodejs\\projects\\aitam\\work\\5efba484-77d2-41c6-8dbf-2db855947b68.src","level":"\u001b[34minfo\u001b[39m","timestamp":"2019-01-22 20:15:00"}
{"message":"garbage collector error:  Error: Can't delete C:\\develop\\nodejs\\projects\\aitam\\work\\5efba484-77d2-41c6-8dbf-2db855947b68.tkn","level":"\u001b[34minfo\u001b[39m","timestamp":"2019-01-22 20:15:00"}
{"message":"garbage collector error:  Error: Can't delete C:\\develop\\nodejs\\projects\\aitam\\work\\5efba484-77d2-41c6-8dbf-2db855947b68.xml","level":"\u001b[34minfo\u001b[39m","timestamp":"2019-01-22 20:15:00"}
{"message":"garbage collector error:  Error: Can't delete C:\\develop\\nodejs\\projects\\aitam\\work\\694ba336-add8-428c-a91f-7e85d4d7eb04.src","level":"\u001b[34minfo\u001b[39m","timestamp":"2019-01-22 20:15:00"}
{"message":"garbage collector error:  Error: Can't delete C:\\develop\\nodejs\\projects\\aitam\\work\\694ba336-add8-428c-a91f-7e85d4d7eb04.tkn","level":"\u001b[34minfo\u001b[39m","timestamp":"2019-01-22 20:15:00"}
{"message":"garbage collector error:  Error: Can't delete C:\\develop\\nodejs\\projects\\aitam\\work\\694ba336-add8-428c-a91f-7e85d4d7eb04.xml","level":"\u001b[34minfo\u001b[39m","timestamp":"2019-01-22 20:15:00"}
{"message":"garbage collector error:  Error: Can't delete C:\\develop\\nodejs\\projects\\aitam\\work\\86032c10-ffb5-4e5d-89e8-9f349e1c83c4.src","level":"\u001b[34minfo\u001b[39m","timestamp":"2019-01-22 20:15:00"}
{"message":"garbage collector error:  Error: Can't delete C:\\develop\\nodejs\\projects\\aitam\\work\\86032c10-ffb5-4e5d-89e8-9f349e1c83c4.tkn","level":"\u001b[34minfo\u001b[39m","timestamp":"2019-01-22 20:15:00"}
{"message":"garbage collector error:  Error: Can't delete C:\\develop\\nodejs\\projects\\aitam\\work\\86032c10-ffb5-4e5d-89e8-9f349e1c83c4.xml","level":"\u001b[34minfo\u001b[39m","timestamp":"2019-01-22 20:15:00"}
{"message":"garbage collector error:  Error: Can't delete C:\\develop\\nodejs\\projects\\aitam\\work\\86307d48-e10f-482c-a069-e20e7d37c01a.src","level":"\u001b[34minfo\u001b[39m","timestamp":"2019-01-22 20:15:00"}
{"message":"garbage collector error:  Error: Can't delete C:\\develop\\nodejs\\projects\\aitam\\work\\86307d48-e10f-482c-a069-e20e7d37c01a.tkn","level":"\u001b[34minfo\u001b[39m","timestamp":"2019-01-22 20:15:00"}
{"message":"garbage collector error:  Error: Can't delete C:\\develop\\nodejs\\projects\\aitam\\work\\86307d48-e10f-482c-a069-e20e7d37c01a.xml","level":"\u001b[34minfo\u001b[39m","timestamp":"2019-01-22 20:15:00"}
{"message":"garbage collector error:  Error: Can't delete C:\\develop\\nodejs\\projects\\aitam\\work\\9577a064-fa0b-414c-ac48-483b0fac1ab8.src","level":"\u001b[34minfo\u001b[39m","timestamp":"2019-01-22 20:15:00"}
{"message":"garbage collector error:  Error: Can't delete C:\\develop\\nodejs\\projects\\aitam\\work\\9577a064-fa0b-414c-ac48-483b0fac1ab8.tkn","level":"\u001b[34minfo\u001b[39m","timestamp":"2019-01-22 20:15:00"}
{"message":"garbage collector error:  Error: Can't delete C:\\develop\\nodejs\\projects\\aitam\\work\\9577a064-fa0b-414c-ac48-483b0fac1ab8.xml","level":"\u001b[34minfo\u001b[39m","timestamp":"2019-01-22 20:15:00"}
{"message":"garbage collector error:  Error: Can't delete C:\\develop\\nodejs\\projects\\aitam\\work\\c0399540-47b8-4d53-b435-74a8997a1fe8.src","level":"\u001b[34minfo\u001b[39m","timestamp":"2019-01-22 20:15:00"}
{"message":"garbage collector error:  Error: Can't delete C:\\develop\\nodejs\\projects\\aitam\\work\\c0399540-47b8-4d53-b435-74a8997a1fe8.tkn","level":"\u001b[34minfo\u001b[39m","timestamp":"2019-01-22 20:15:00"}
{"message":"garbage collector error:  Error: Can't delete C:\\develop\\nodejs\\projects\\aitam\\work\\c0399540-47b8-4d53-b435-74a8997a1fe8.xml","level":"\u001b[34minfo\u001b[39m","timestamp":"2019-01-22 20:15:00"}
{"message":"garbage collector error:  Error: Can't delete C:\\develop\\nodejs\\projects\\aitam\\work\\c0d52a99-1083-4f0f-86f8-50b15d24ccc2.src","level":"\u001b[34minfo\u001b[39m","timestamp":"2019-01-22 20:15:00"}
{"message":"garbage collector error:  Error: Can't delete C:\\develop\\nodejs\\projects\\aitam\\work\\c0d52a99-1083-4f0f-86f8-50b15d24ccc2.tkn","level":"\u001b[34minfo\u001b[39m","timestamp":"2019-01-22 20:15:00"}
{"message":"garbage collector error:  Error: Can't delete C:\\develop\\nodejs\\projects\\aitam\\work\\c0d52a99-1083-4f0f-86f8-50b15d24ccc2.xml","level":"\u001b[34minfo\u001b[39m","timestamp":"2019-01-22 20:15:00"}
{"message":"garbage collector error:  Error: Can't delete C:\\develop\\nodejs\\projects\\aitam\\work\\cdf75370-784d-4c1e-ac25-0e7e79c813ec.src","level":"\u001b[34minfo\u001b[39m","timestamp":"2019-01-22 20:15:00"}
{"message":"garbage collector error:  Error: Can't delete C:\\develop\\nodejs\\projects\\aitam\\work\\cdf75370-784d-4c1e-ac25-0e7e79c813ec.tkn","level":"\u001b[34minfo\u001b[39m","timestamp":"2019-01-22 20:15:00"}
{"message":"garbage collector error:  Error: Can't delete C:\\develop\\nodejs\\projects\\aitam\\work\\cdf75370-784d-4c1e-ac25-0e7e79c813ec.xml","level":"\u001b[34minfo\u001b[39m","timestamp":"2019-01-22 20:15:00"}
{"message":"garbage collector error:  Error: Can't delete C:\\develop\\nodejs\\projects\\aitam\\work\\e30b0c0c-77d0-49e0-8a4a-f77f028ccf18.src","level":"\u001b[34minfo\u001b[39m","timestamp":"2019-01-22 20:15:00"}
{"message":"garbage collector error:  Error: Can't delete C:\\develop\\nodejs\\projects\\aitam\\work\\e30b0c0c-77d0-49e0-8a4a-f77f028ccf18.tkn","level":"\u001b[34minfo\u001b[39m","timestamp":"2019-01-22 20:15:00"}
{"message":"garbage collector error:  Error: Can't delete C:\\develop\\nodejs\\projects\\aitam\\work\\e30b0c0c-77d0-49e0-8a4a-f77f028ccf18.xml","level":"\u001b[34minfo\u001b[39m","timestamp":"2019-01-22 20:15:00"}
{"message":"garbage collector error:  Error: Can't delete C:\\develop\\nodejs\\projects\\aitam\\work\\e5bb528c-1590-4fc2-91b3-7c3e314d9ce2.src","level":"\u001b[34minfo\u001b[39m","timestamp":"2019-01-22 20:15:00"}
{"message":"garbage collector error:  Error: Can't delete C:\\develop\\nodejs\\projects\\aitam\\work\\e5bb528c-1590-4fc2-91b3-7c3e314d9ce2.tkn","level":"\u001b[34minfo\u001b[39m","timestamp":"2019-01-22 20:15:00"}
{"message":"garbage collector error:  Error: Can't delete C:\\develop\\nodejs\\projects\\aitam\\work\\e5bb528c-1590-4fc2-91b3-7c3e314d9ce2.xml","level":"\u001b[34minfo\u001b[39m","timestamp":"2019-01-22 20:15:00"}
{"message":"garbage collector error:  Error: Can't delete C:\\develop\\nodejs\\projects\\aitam\\work\\f8b8e320-90e0-48ee-9ba8-0331e7dedab3.src","level":"\u001b[34minfo\u001b[39m","timestamp":"2019-01-22 20:15:00"}
{"message":"garbage collector error:  Error: Can't delete C:\\develop\\nodejs\\projects\\aitam\\work\\f8b8e320-90e0-48ee-9ba8-0331e7dedab3.tkn","level":"\u001b[34minfo\u001b[39m","timestamp":"2019-01-22 20:15:00"}
{"message":"garbage collector error:  Error: Can't delete C:\\develop\\nodejs\\projects\\aitam\\work\\f8b8e320-90e0-48ee-9ba8-0331e7dedab3.xml","level":"\u001b[34minfo\u001b[39m","timestamp":"2019-01-22 20:15:00"}
{"message":"garbage collector started on path: C:\\develop\\nodejs\\projects\\aitam\\work\\","level":"\u001b[34minfo\u001b[39m","timestamp":"2019-01-22 20:16:01"}
{"message":"Session created received the id:0ddace31-4dcd-49f2-9586-a8c8c70b89cb","level":"\u001b[34minfo\u001b[39m","timestamp":"2019-01-22 20:16:43"}
{"message":"req.user: undefined","level":"\u001b[34minfo\u001b[39m","timestamp":"2019-01-22 20:16:48"}
{"message":"Session id started: {\"user\":\"2f24vvg\"}","level":"\u001b[34minfo\u001b[39m","timestamp":"2019-01-22 20:16:48"}
{"message":"User logged in: {\"id\":\"2f24vvg\",\"email\":\"test@test.com\",\"password\":\"$2a$10$A2g6pbxxhLA9MNYRJ0rnzOf/7Ara76B0KcRdjzUcsIBIclRuas/fG\"}","level":"\u001b[34minfo\u001b[39m","timestamp":"2019-01-22 20:16:48"}
{"message":"User (2f24vvg) uploaded a file: {\"file-upload\":{\"size\":454120,\"path\":\"C:\\\\develop\\\\nodejs\\\\projects\\\\aitam\\\\work\\\\0ddace31-4dcd-49f2-9586-a8c8c70b89cb.xml\",\"name\":\"test_site2.xml\",\"type\":\"text/xml\",\"mtime\":\"2019-01-22T20:16:55.960Z\"}}","level":"\u001b[34minfo\u001b[39m","timestamp":"2019-01-22 20:16:55"}
{"message":"garbage collector started on path: C:\\develop\\nodejs\\projects\\aitam\\work\\","level":"\u001b[34minfo\u001b[39m","timestamp":"2019-01-22 20:20:18"}
{"message":"req.user: undefined","level":"\u001b[34minfo\u001b[39m","timestamp":"2019-01-22 20:20:25"}
{"message":"Session id started: {\"user\":\"2f24vvg\"}","level":"\u001b[34minfo\u001b[39m","timestamp":"2019-01-22 20:20:25"}
{"message":"User logged in: {\"id\":\"2f24vvg\",\"email\":\"test@test.com\",\"password\":\"$2a$10$A2g6pbxxhLA9MNYRJ0rnzOf/7Ara76B0KcRdjzUcsIBIclRuas/fG\"}","level":"\u001b[34minfo\u001b[39m","timestamp":"2019-01-22 20:20:25"}
{"message":"User (2f24vvg) uploaded a file: {\"file-upload\":{\"size\":454120,\"path\":\"C:\\\\develop\\\\nodejs\\\\projects\\\\aitam\\\\work\\\\f062b760-0de7-4c80-a0f6-308be8e6774e.xml\",\"name\":\"test_site2.xml\",\"type\":\"text/xml\",\"mtime\":\"2019-01-22T20:20:32.684Z\"}}","level":"\u001b[34minfo\u001b[39m","timestamp":"2019-01-22 20:20:32"}
{"message":"garbage collector started on path: C:\\develop\\nodejs\\projects\\aitam\\work\\","level":"\u001b[34minfo\u001b[39m","timestamp":"2019-01-22 20:21:52"}
{"message":"req.user: undefined","level":"\u001b[34minfo\u001b[39m","timestamp":"2019-01-22 20:21:56"}
{"message":"Session id started: {\"user\":\"2f24vvg\"}","level":"\u001b[34minfo\u001b[39m","timestamp":"2019-01-22 20:21:56"}
{"message":"User logged in: {\"id\":\"2f24vvg\",\"email\":\"test@test.com\",\"password\":\"$2a$10$A2g6pbxxhLA9MNYRJ0rnzOf/7Ara76B0KcRdjzUcsIBIclRuas/fG\"}","level":"\u001b[34minfo\u001b[39m","timestamp":"2019-01-22 20:21:56"}
{"message":"User (2f24vvg) uploaded a file: {\"file-upload\":{\"size\":454120,\"path\":\"C:\\\\develop\\\\nodejs\\\\projects\\\\aitam\\\\work\\\\b88dd5d4-e5d6-45b9-a02b-54ec191b98c2.xml\",\"name\":\"test_site2.xml\",\"type\":\"text/xml\",\"mtime\":\"2019-01-22T20:22:02.065Z\"}}","level":"\u001b[34minfo\u001b[39m","timestamp":"2019-01-22 20:22:02"}
{"message":"garbage collector started on path: C:\\develop\\nodejs\\projects\\aitam\\work\\","level":"\u001b[34minfo\u001b[39m","timestamp":"2019-01-22 20:26:35"}
{"message":"garbage collector started on path: C:\\develop\\nodejs\\projects\\aitam\\work\\","level":"\u001b[34minfo\u001b[39m","timestamp":"2019-01-22 20:29:03"}
{"message":"garbage collector started on path: C:\\develop\\nodejs\\projects\\aitam\\work\\","level":"\u001b[34minfo\u001b[39m","timestamp":"2019-01-22 20:29:56"}
{"message":"garbage collector started on path: C:\\develop\\nodejs\\projects\\aitam\\work\\","level":"\u001b[34minfo\u001b[39m","timestamp":"2019-01-22 20:30:30"}
{"message":"req.user: undefined","level":"\u001b[34minfo\u001b[39m","timestamp":"2019-01-22 20:30:37"}
{"message":"Session id started: {\"user\":\"2f24vvg\"}","level":"\u001b[34minfo\u001b[39m","timestamp":"2019-01-22 20:30:37"}
{"message":"User logged in: {\"id\":\"2f24vvg\",\"email\":\"test@test.com\",\"password\":\"$2a$10$A2g6pbxxhLA9MNYRJ0rnzOf/7Ara76B0KcRdjzUcsIBIclRuas/fG\"}","level":"\u001b[34minfo\u001b[39m","timestamp":"2019-01-22 20:30:37"}
{"message":"User (2f24vvg) uploaded a file: {\"file-upload\":{\"size\":454120,\"path\":\"C:\\\\develop\\\\nodejs\\\\projects\\\\aitam\\\\work\\\\4dcd6fd4-4599-4e4e-b4c1-00e2dd0c0bd9.xml\",\"name\":\"test_site2.xml\",\"type\":\"text/xml\",\"mtime\":\"2019-01-22T20:30:46.425Z\"}}","level":"\u001b[34minfo\u001b[39m","timestamp":"2019-01-22 20:30:46"}
{"message":"garbage collector started on path: C:\\develop\\nodejs\\projects\\aitam\\work\\","level":"\u001b[34minfo\u001b[39m","timestamp":"2019-01-22 20:43:00"}
{"message":"Session created received the id:b5aa8f49-8ff9-4b7e-a192-a194b772b314","level":"\u001b[34minfo\u001b[39m","timestamp":"2019-01-22 20:43:08"}
{"message":"garbage collector started on path: C:\\develop\\nodejs\\projects\\aitam\\work\\","level":"\u001b[34minfo\u001b[39m","timestamp":"2019-01-22 20:44:25"}
{"message":"garbage collector started on path: C:\\develop\\nodejs\\projects\\aitam\\work\\","level":"\u001b[34minfo\u001b[39m","timestamp":"2019-01-22 20:45:09"}
{"message":"garbage collector started on path: C:\\develop\\nodejs\\projects\\aitam\\work\\","level":"\u001b[34minfo\u001b[39m","timestamp":"2019-01-22 20:55:02"}
{"message":"garbage collector started on path: C:\\develop\\nodejs\\projects\\aitam\\work\\","level":"\u001b[34minfo\u001b[39m","timestamp":"2019-01-22 21:18:43"}
{"message":"Session created received the id:b2281258-3ec8-46e7-a9a3-3256d376fd7c","level":"\u001b[34minfo\u001b[39m","timestamp":"2019-01-22 21:18:45"}
{"message":"req.user: undefined","level":"\u001b[34minfo\u001b[39m","timestamp":"2019-01-22 21:18:50"}
{"message":"Session id started: {\"user\":\"2f24vvg\"}","level":"\u001b[34minfo\u001b[39m","timestamp":"2019-01-22 21:18:50"}
{"message":"User logged in: {\"id\":\"2f24vvg\",\"email\":\"test@test.com\",\"password\":\"$2a$10$A2g6pbxxhLA9MNYRJ0rnzOf/7Ara76B0KcRdjzUcsIBIclRuas/fG\"}","level":"\u001b[34minfo\u001b[39m","timestamp":"2019-01-22 21:18:50"}
{"message":"User (2f24vvg) uploaded a file: {\"file-upload\":{\"size\":454120,\"path\":\"C:\\\\develop\\\\nodejs\\\\projects\\\\aitam\\\\work\\\\b2281258-3ec8-46e7-a9a3-3256d376fd7c.xml\",\"name\":\"test_site2.xml\",\"type\":\"text/xml\",\"mtime\":\"2019-01-22T21:18:57.757Z\"}}","level":"\u001b[34minfo\u001b[39m","timestamp":"2019-01-22 21:18:57"}
{"message":"garbage collector started on path: C:\\develop\\nodejs\\projects\\aitam\\work\\","level":"\u001b[34minfo\u001b[39m","timestamp":"2019-01-22 21:20:08"}
{"message":"garbage collector started on path: C:\\develop\\nodejs\\projects\\aitam\\work\\","level":"\u001b[34minfo\u001b[39m","timestamp":"2019-01-22 21:20:28"}
{"message":"req.user: undefined","level":"\u001b[34minfo\u001b[39m","timestamp":"2019-01-22 21:20:32"}
{"message":"Session id started: {\"user\":\"2f24vvg\"}","level":"\u001b[34minfo\u001b[39m","timestamp":"2019-01-22 21:20:32"}
{"message":"User logged in: {\"id\":\"2f24vvg\",\"email\":\"test@test.com\",\"password\":\"$2a$10$A2g6pbxxhLA9MNYRJ0rnzOf/7Ara76B0KcRdjzUcsIBIclRuas/fG\"}","level":"\u001b[34minfo\u001b[39m","timestamp":"2019-01-22 21:20:32"}
{"message":"User (2f24vvg) uploaded a file: {\"file-upload\":{\"size\":454120,\"path\":\"C:\\\\develop\\\\nodejs\\\\projects\\\\aitam\\\\work\\\\55100cfb-021d-4b83-a3c4-91cf1f5522db.xml\",\"name\":\"test_site2.xml\",\"type\":\"text/xml\",\"mtime\":\"2019-01-22T21:20:38.844Z\"}}","level":"\u001b[34minfo\u001b[39m","timestamp":"2019-01-22 21:20:38"}
{"message":"garbage collector started on path: C:\\develop\\nodejs\\projects\\aitam\\work\\","level":"\u001b[34minfo\u001b[39m","timestamp":"2019-01-22 21:27:53"}
{"message":"req.user: undefined","level":"\u001b[34minfo\u001b[39m","timestamp":"2019-01-22 21:28:04"}
{"message":"Session id started: {\"user\":\"2f24vvg\"}","level":"\u001b[34minfo\u001b[39m","timestamp":"2019-01-22 21:28:04"}
{"message":"User logged in: {\"id\":\"2f24vvg\",\"email\":\"test@test.com\",\"password\":\"$2a$10$A2g6pbxxhLA9MNYRJ0rnzOf/7Ara76B0KcRdjzUcsIBIclRuas/fG\"}","level":"\u001b[34minfo\u001b[39m","timestamp":"2019-01-22 21:28:04"}
{"message":"User (2f24vvg) uploaded a file: {\"file-upload\":{\"size\":454120,\"path\":\"C:\\\\develop\\\\nodejs\\\\projects\\\\aitam\\\\work\\\\685c98b3-dac2-4fca-b933-47a600bf15fc.xml\",\"name\":\"test_site2.xml\",\"type\":\"text/xml\",\"mtime\":\"2019-01-22T21:28:17.791Z\"}}","level":"\u001b[34minfo\u001b[39m","timestamp":"2019-01-22 21:28:17"}
{"message":"garbage collector started on path: C:\\develop\\nodejs\\projects\\aitam\\work\\","level":"\u001b[34minfo\u001b[39m","timestamp":"2019-01-22 21:31:12"}
{"message":"req.user: undefined","level":"\u001b[34minfo\u001b[39m","timestamp":"2019-01-22 21:31:18"}
{"message":"Session id started: {\"user\":\"2f24vvg\"}","level":"\u001b[34minfo\u001b[39m","timestamp":"2019-01-22 21:31:18"}
{"message":"User logged in: {\"id\":\"2f24vvg\",\"email\":\"test@test.com\",\"password\":\"$2a$10$A2g6pbxxhLA9MNYRJ0rnzOf/7Ara76B0KcRdjzUcsIBIclRuas/fG\"}","level":"\u001b[34minfo\u001b[39m","timestamp":"2019-01-22 21:31:18"}
{"message":"User (2f24vvg) uploaded a file: {\"file-upload\":{\"size\":454120,\"path\":\"C:\\\\develop\\\\nodejs\\\\projects\\\\aitam\\\\work\\\\6a054f4a-2862-4cbd-953e-dd676e0745ed.xml\",\"name\":\"test_site2.xml\",\"type\":\"text/xml\",\"mtime\":\"2019-01-22T21:31:23.894Z\"}}","level":"\u001b[34minfo\u001b[39m","timestamp":"2019-01-22 21:31:23"}
