{"message":"garbage collector started on path: C:\\develop\\nodejs\\projects\\aitam\\work\\","level":"\u001b[34minfo\u001b[39m","timestamp":"2019-02-15 21:04:47"}
{"message":"Session created received the id:049bf36c-3617-4e90-994b-ad13e126dc90","level":"\u001b[34minfo\u001b[39m","timestamp":"2019-02-15 21:04:57"}
{"message":"req.user: undefined","level":"\u001b[34minfo\u001b[39m","timestamp":"2019-02-15 21:05:04"}
{"message":"Session id started: {\"user\":\"2f24vvg\"}","level":"\u001b[34minfo\u001b[39m","timestamp":"2019-02-15 21:05:04"}
{"message":"User logged in: {\"id\":\"2f24vvg\",\"email\":\"test@test.com\",\"password\":\"$2a$10$A2g6pbxxhLA9MNYRJ0rnzOf/7Ara76B0KcRdjzUcsIBIclRuas/fG\"}","level":"\u001b[34minfo\u001b[39m","timestamp":"2019-02-15 21:05:04"}
{"message":"User (2f24vvg) uploaded a file: {\"file-upload\":{\"size\":477123,\"path\":\"C:\\\\develop\\\\nodejs\\\\projects\\\\aitam\\\\work\\\\049bf36c-3617-4e90-994b-ad13e126dc90.xml\",\"name\":\"test_site2.xml\",\"type\":\"text/xml\",\"mtime\":\"2019-02-15T21:05:14.762Z\"}}","level":"\u001b[34minfo\u001b[39m","timestamp":"2019-02-15 21:05:14"}
{"message":"garbage collector started on path: C:\\develop\\nodejs\\projects\\aitam\\work\\","level":"\u001b[34minfo\u001b[39m","timestamp":"2019-02-15 21:12:13"}
{"message":"req.user: undefined","level":"\u001b[34minfo\u001b[39m","timestamp":"2019-02-15 21:12:23"}
{"message":"Session id started: {\"user\":\"2f24vvg\"}","level":"\u001b[34minfo\u001b[39m","timestamp":"2019-02-15 21:12:23"}
{"message":"User logged in: {\"id\":\"2f24vvg\",\"email\":\"test@test.com\",\"password\":\"$2a$10$A2g6pbxxhLA9MNYRJ0rnzOf/7Ara76B0KcRdjzUcsIBIclRuas/fG\"}","level":"\u001b[34minfo\u001b[39m","timestamp":"2019-02-15 21:12:23"}
{"message":"User (2f24vvg) uploaded a file: {\"file-upload\":{\"size\":477123,\"path\":\"C:\\\\develop\\\\nodejs\\\\projects\\\\aitam\\\\work\\\\57aaaaf6-693b-4ea0-b477-72f691741f72.xml\",\"name\":\"test_site2.xml\",\"type\":\"text/xml\",\"mtime\":\"2019-02-15T21:12:31.694Z\"}}","level":"\u001b[34minfo\u001b[39m","timestamp":"2019-02-15 21:12:31"}
{"message":"garbage collector started on path: C:\\develop\\nodejs\\projects\\aitam\\work\\","level":"\u001b[34minfo\u001b[39m","timestamp":"2019-02-15 21:13:56"}
{"message":"req.user: undefined","level":"\u001b[34minfo\u001b[39m","timestamp":"2019-02-15 21:14:04"}
{"message":"Session id started: {\"user\":\"2f24vvg\"}","level":"\u001b[34minfo\u001b[39m","timestamp":"2019-02-15 21:14:04"}
{"message":"User logged in: {\"id\":\"2f24vvg\",\"email\":\"test@test.com\",\"password\":\"$2a$10$A2g6pbxxhLA9MNYRJ0rnzOf/7Ara76B0KcRdjzUcsIBIclRuas/fG\"}","level":"\u001b[34minfo\u001b[39m","timestamp":"2019-02-15 21:14:04"}
{"message":"User (2f24vvg) uploaded a file: {\"file-upload\":{\"size\":477123,\"path\":\"C:\\\\develop\\\\nodejs\\\\projects\\\\aitam\\\\work\\\\466addc9-8acc-4a34-a476-1de7611dd448.xml\",\"name\":\"test_site2.xml\",\"type\":\"text/xml\",\"mtime\":\"2019-02-15T21:14:10.790Z\"}}","level":"\u001b[34minfo\u001b[39m","timestamp":"2019-02-15 21:14:10"}
{"message":"garbage collector deleted  48a3d50f-c3ee-4da6-be92-b329ecf674e3.sent on folder: C:\\develop\\nodejs\\projects\\aitam\\work\\, path: C:\\develop\\nodejs\\projects\\aitam\\work\\48a3d50f-c3ee-4da6-be92-b329ecf674e3.sent","level":"\u001b[34minfo\u001b[39m","timestamp":"2019-02-15 21:15:00"}
{"message":"garbage collector deleted  48a3d50f-c3ee-4da6-be92-b329ecf674e3.xml on folder: C:\\develop\\nodejs\\projects\\aitam\\work\\, path: C:\\develop\\nodejs\\projects\\aitam\\work\\48a3d50f-c3ee-4da6-be92-b329ecf674e3.xml","level":"\u001b[34minfo\u001b[39m","timestamp":"2019-02-15 21:15:00"}
{"message":"garbage collector started on path: C:\\develop\\nodejs\\projects\\aitam\\work\\","level":"\u001b[34minfo\u001b[39m","timestamp":"2019-02-15 21:16:28"}
{"message":"garbage collector started on path: C:\\develop\\nodejs\\projects\\aitam\\work\\","level":"\u001b[34minfo\u001b[39m","timestamp":"2019-02-15 21:22:29"}
{"message":"req.user: undefined","level":"\u001b[34minfo\u001b[39m","timestamp":"2019-02-15 21:22:40"}
{"message":"Session id started: {\"user\":\"2f24vvg\"}","level":"\u001b[34minfo\u001b[39m","timestamp":"2019-02-15 21:22:40"}
{"message":"User logged in: {\"id\":\"2f24vvg\",\"email\":\"test@test.com\",\"password\":\"$2a$10$A2g6pbxxhLA9MNYRJ0rnzOf/7Ara76B0KcRdjzUcsIBIclRuas/fG\"}","level":"\u001b[34minfo\u001b[39m","timestamp":"2019-02-15 21:22:40"}
{"message":"User (2f24vvg) uploaded a file: {\"file-upload\":{\"size\":477123,\"path\":\"C:\\\\develop\\\\nodejs\\\\projects\\\\aitam\\\\work\\\\fc8531aa-6d82-4f12-a6de-a99107832b16.xml\",\"name\":\"test_site2.xml\",\"type\":\"text/xml\",\"mtime\":\"2019-02-15T21:22:47.040Z\"}}","level":"\u001b[34minfo\u001b[39m","timestamp":"2019-02-15 21:22:47"}
{"message":"Graph db error: TypeError: Cannot read property 'Definition' of undefined","level":"\u001b[33mwarn\u001b[39m","timestamp":"2019-02-15 21:22:55"}
{"message":"garbage collector started on path: C:\\develop\\nodejs\\projects\\aitam\\work\\","level":"\u001b[34minfo\u001b[39m","timestamp":"2019-02-15 21:23:43"}
{"message":"req.user: undefined","level":"\u001b[34minfo\u001b[39m","timestamp":"2019-02-15 21:23:47"}
{"message":"Session id started: {\"user\":\"2f24vvg\"}","level":"\u001b[34minfo\u001b[39m","timestamp":"2019-02-15 21:23:47"}
{"message":"User logged in: {\"id\":\"2f24vvg\",\"email\":\"test@test.com\",\"password\":\"$2a$10$A2g6pbxxhLA9MNYRJ0rnzOf/7Ara76B0KcRdjzUcsIBIclRuas/fG\"}","level":"\u001b[34minfo\u001b[39m","timestamp":"2019-02-15 21:23:47"}
{"message":"User (2f24vvg) uploaded a file: {\"file-upload\":{\"size\":477123,\"path\":\"C:\\\\develop\\\\nodejs\\\\projects\\\\aitam\\\\work\\\\1b3294b5-cd18-4b8c-8201-8e92afca5893.xml\",\"name\":\"test_site2.xml\",\"type\":\"text/xml\",\"mtime\":\"2019-02-15T21:24:05.643Z\"}}","level":"\u001b[34minfo\u001b[39m","timestamp":"2019-02-15 21:24:05"}
{"message":"Graph db error: TypeError: Cannot read property 'low' of undefined","level":"\u001b[33mwarn\u001b[39m","timestamp":"2019-02-15 21:24:19"}
{"message":"garbage collector started on path: C:\\develop\\nodejs\\projects\\aitam\\work\\","level":"\u001b[34minfo\u001b[39m","timestamp":"2019-02-15 21:25:31"}
{"message":"req.user: undefined","level":"\u001b[34minfo\u001b[39m","timestamp":"2019-02-15 21:25:35"}
{"message":"Session id started: {\"user\":\"2f24vvg\"}","level":"\u001b[34minfo\u001b[39m","timestamp":"2019-02-15 21:25:35"}
{"message":"User logged in: {\"id\":\"2f24vvg\",\"email\":\"test@test.com\",\"password\":\"$2a$10$A2g6pbxxhLA9MNYRJ0rnzOf/7Ara76B0KcRdjzUcsIBIclRuas/fG\"}","level":"\u001b[34minfo\u001b[39m","timestamp":"2019-02-15 21:25:35"}
{"message":"User (2f24vvg) uploaded a file: {\"file-upload\":{\"size\":477123,\"path\":\"C:\\\\develop\\\\nodejs\\\\projects\\\\aitam\\\\work\\\\b493258a-f312-48de-b275-469ca0242a94.xml\",\"name\":\"test_site2.xml\",\"type\":\"text/xml\",\"mtime\":\"2019-02-15T21:25:41.291Z\"}}","level":"\u001b[34minfo\u001b[39m","timestamp":"2019-02-15 21:25:41"}
{"message":"garbage collector started on path: C:\\develop\\nodejs\\projects\\aitam\\work\\","level":"\u001b[34minfo\u001b[39m","timestamp":"2019-02-15 21:28:36"}
{"message":"req.user: undefined","level":"\u001b[34minfo\u001b[39m","timestamp":"2019-02-15 21:28:51"}
{"message":"Session id started: {\"user\":\"2f24vvg\"}","level":"\u001b[34minfo\u001b[39m","timestamp":"2019-02-15 21:28:51"}
{"message":"User logged in: {\"id\":\"2f24vvg\",\"email\":\"test@test.com\",\"password\":\"$2a$10$A2g6pbxxhLA9MNYRJ0rnzOf/7Ara76B0KcRdjzUcsIBIclRuas/fG\"}","level":"\u001b[34minfo\u001b[39m","timestamp":"2019-02-15 21:28:51"}
{"message":"User (2f24vvg) uploaded a file: {\"file-upload\":{\"size\":477123,\"path\":\"C:\\\\develop\\\\nodejs\\\\projects\\\\aitam\\\\work\\\\93991296-f7b0-4cc5-9f00-c2b194e87c60.xml\",\"name\":\"test_site2.xml\",\"type\":\"text/xml\",\"mtime\":\"2019-02-15T21:29:00.002Z\"}}","level":"\u001b[34minfo\u001b[39m","timestamp":"2019-02-15 21:29:00"}
{"message":"garbage collector deleted  629b55ed-fd80-44a2-a5e8-c90cf503e068.src on folder: C:\\develop\\nodejs\\projects\\aitam\\work\\, path: C:\\develop\\nodejs\\projects\\aitam\\work\\629b55ed-fd80-44a2-a5e8-c90cf503e068.src","level":"\u001b[34minfo\u001b[39m","timestamp":"2019-02-15 21:30:00"}
{"message":"garbage collector deleted  629b55ed-fd80-44a2-a5e8-c90cf503e068.tkn on folder: C:\\develop\\nodejs\\projects\\aitam\\work\\, path: C:\\develop\\nodejs\\projects\\aitam\\work\\629b55ed-fd80-44a2-a5e8-c90cf503e068.tkn","level":"\u001b[34minfo\u001b[39m","timestamp":"2019-02-15 21:30:00"}
{"message":"garbage collector deleted  629b55ed-fd80-44a2-a5e8-c90cf503e068.vec on folder: C:\\develop\\nodejs\\projects\\aitam\\work\\, path: C:\\develop\\nodejs\\projects\\aitam\\work\\629b55ed-fd80-44a2-a5e8-c90cf503e068.vec","level":"\u001b[34minfo\u001b[39m","timestamp":"2019-02-15 21:30:00"}
{"message":"garbage collector deleted  74ac88e0-f588-4b0d-ad7e-0267946960a3.src on folder: C:\\develop\\nodejs\\projects\\aitam\\work\\, path: C:\\develop\\nodejs\\projects\\aitam\\work\\74ac88e0-f588-4b0d-ad7e-0267946960a3.src","level":"\u001b[34minfo\u001b[39m","timestamp":"2019-02-15 21:30:00"}
{"message":"garbage collector deleted  74ac88e0-f588-4b0d-ad7e-0267946960a3.vec on folder: C:\\develop\\nodejs\\projects\\aitam\\work\\, path: C:\\develop\\nodejs\\projects\\aitam\\work\\74ac88e0-f588-4b0d-ad7e-0267946960a3.vec","level":"\u001b[34minfo\u001b[39m","timestamp":"2019-02-15 21:30:00"}
{"message":"garbage collector deleted  74ac88e0-f588-4b0d-ad7e-0267946960a3.tkn on folder: C:\\develop\\nodejs\\projects\\aitam\\work\\, path: C:\\develop\\nodejs\\projects\\aitam\\work\\74ac88e0-f588-4b0d-ad7e-0267946960a3.tkn","level":"\u001b[34minfo\u001b[39m","timestamp":"2019-02-15 21:30:00"}
{"message":"garbage collector deleted  74ac88e0-f588-4b0d-ad7e-0267946960a3.xml on folder: C:\\develop\\nodejs\\projects\\aitam\\work\\, path: C:\\develop\\nodejs\\projects\\aitam\\work\\74ac88e0-f588-4b0d-ad7e-0267946960a3.xml","level":"\u001b[34minfo\u001b[39m","timestamp":"2019-02-15 21:30:00"}
{"message":"garbage collector deleted  ca3419bc-c6c1-4f46-9e34-94411eda2214.src on folder: C:\\develop\\nodejs\\projects\\aitam\\work\\, path: C:\\develop\\nodejs\\projects\\aitam\\work\\ca3419bc-c6c1-4f46-9e34-94411eda2214.src","level":"\u001b[34minfo\u001b[39m","timestamp":"2019-02-15 21:30:00"}
{"message":"garbage collector deleted  ca3419bc-c6c1-4f46-9e34-94411eda2214.tkn on folder: C:\\develop\\nodejs\\projects\\aitam\\work\\, path: C:\\develop\\nodejs\\projects\\aitam\\work\\ca3419bc-c6c1-4f46-9e34-94411eda2214.tkn","level":"\u001b[34minfo\u001b[39m","timestamp":"2019-02-15 21:30:00"}
{"message":"garbage collector deleted  ca3419bc-c6c1-4f46-9e34-94411eda2214.vec on folder: C:\\develop\\nodejs\\projects\\aitam\\work\\, path: C:\\develop\\nodejs\\projects\\aitam\\work\\ca3419bc-c6c1-4f46-9e34-94411eda2214.vec","level":"\u001b[34minfo\u001b[39m","timestamp":"2019-02-15 21:30:00"}
{"message":"garbage collector deleted  ca3419bc-c6c1-4f46-9e34-94411eda2214.xml on folder: C:\\develop\\nodejs\\projects\\aitam\\work\\, path: C:\\develop\\nodejs\\projects\\aitam\\work\\ca3419bc-c6c1-4f46-9e34-94411eda2214.xml","level":"\u001b[34minfo\u001b[39m","timestamp":"2019-02-15 21:30:00"}
{"message":"garbage collector deleted  bc361876-8bdf-45e6-a6f6-079345e4966f.xml on folder: C:\\develop\\nodejs\\projects\\aitam\\work\\, path: C:\\develop\\nodejs\\projects\\aitam\\work\\bc361876-8bdf-45e6-a6f6-079345e4966f.xml","level":"\u001b[34minfo\u001b[39m","timestamp":"2019-02-15 21:30:32"}
{"message":"garbage collector error:  Error: Can't read file C:\\develop\\nodejs\\projects\\aitam\\work\\bc361876-8bdf-45e6-a6f6-079345e4966f.xml","level":"\u001b[34minfo\u001b[39m","timestamp":"2019-02-15 21:30:32"}
{"message":"garbage collector deleted  bc361876-8bdf-45e6-a6f6-079345e4966f.src on folder: C:\\develop\\nodejs\\projects\\aitam\\work\\, path: C:\\develop\\nodejs\\projects\\aitam\\work\\bc361876-8bdf-45e6-a6f6-079345e4966f.src","level":"\u001b[34minfo\u001b[39m","timestamp":"2019-02-15 21:30:38"}
{"message":"garbage collector deleted  bc361876-8bdf-45e6-a6f6-079345e4966f.tkn on folder: C:\\develop\\nodejs\\projects\\aitam\\work\\, path: C:\\develop\\nodejs\\projects\\aitam\\work\\bc361876-8bdf-45e6-a6f6-079345e4966f.tkn","level":"\u001b[34minfo\u001b[39m","timestamp":"2019-02-15 21:30:38"}
{"message":"garbage collector deleted  bc361876-8bdf-45e6-a6f6-079345e4966f.vec on folder: C:\\develop\\nodejs\\projects\\aitam\\work\\, path: C:\\develop\\nodejs\\projects\\aitam\\work\\bc361876-8bdf-45e6-a6f6-079345e4966f.vec","level":"\u001b[34minfo\u001b[39m","timestamp":"2019-02-15 21:30:38"}
{"message":"garbage collector error:  Error: Can't delete C:\\develop\\nodejs\\projects\\aitam\\work\\bc361876-8bdf-45e6-a6f6-079345e4966f.src","level":"\u001b[34minfo\u001b[39m","timestamp":"2019-02-15 21:30:38"}
{"message":"garbage collector error:  Error: Can't delete C:\\develop\\nodejs\\projects\\aitam\\work\\bc361876-8bdf-45e6-a6f6-079345e4966f.tkn","level":"\u001b[34minfo\u001b[39m","timestamp":"2019-02-15 21:30:38"}
{"message":"garbage collector error:  Error: Can't delete C:\\develop\\nodejs\\projects\\aitam\\work\\bc361876-8bdf-45e6-a6f6-079345e4966f.vec","level":"\u001b[34minfo\u001b[39m","timestamp":"2019-02-15 21:30:38"}
{"message":"garbage collector started on path: C:\\develop\\nodejs\\projects\\aitam\\work\\","level":"\u001b[34minfo\u001b[39m","timestamp":"2019-02-15 21:32:40"}
{"message":"req.user: undefined","level":"\u001b[34minfo\u001b[39m","timestamp":"2019-02-15 21:32:48"}
{"message":"Session id started: {\"user\":\"2f24vvg\"}","level":"\u001b[34minfo\u001b[39m","timestamp":"2019-02-15 21:32:48"}
{"message":"User logged in: {\"id\":\"2f24vvg\",\"email\":\"test@test.com\",\"password\":\"$2a$10$A2g6pbxxhLA9MNYRJ0rnzOf/7Ara76B0KcRdjzUcsIBIclRuas/fG\"}","level":"\u001b[34minfo\u001b[39m","timestamp":"2019-02-15 21:32:48"}
{"message":"User (2f24vvg) uploaded a file: {\"file-upload\":{\"size\":477123,\"path\":\"C:\\\\develop\\\\nodejs\\\\projects\\\\aitam\\\\work\\\\3e7029f8-7570-40bb-a47e-cea3802e48c8.xml\",\"name\":\"test_site2.xml\",\"type\":\"text/xml\",\"mtime\":\"2019-02-15T21:32:53.939Z\"}}","level":"\u001b[34minfo\u001b[39m","timestamp":"2019-02-15 21:32:53"}
{"message":"garbage collector started on path: C:\\develop\\nodejs\\projects\\aitam\\work\\","level":"\u001b[34minfo\u001b[39m","timestamp":"2019-02-15 21:35:41"}
{"message":"garbage collector started on path: C:\\develop\\nodejs\\projects\\aitam\\work\\","level":"\u001b[34minfo\u001b[39m","timestamp":"2019-02-15 21:35:49"}
{"message":"req.user: undefined","level":"\u001b[34minfo\u001b[39m","timestamp":"2019-02-15 21:35:58"}
{"message":"Session id started: {\"user\":\"2f24vvg\"}","level":"\u001b[34minfo\u001b[39m","timestamp":"2019-02-15 21:35:58"}
{"message":"User logged in: {\"id\":\"2f24vvg\",\"email\":\"test@test.com\",\"password\":\"$2a$10$A2g6pbxxhLA9MNYRJ0rnzOf/7Ara76B0KcRdjzUcsIBIclRuas/fG\"}","level":"\u001b[34minfo\u001b[39m","timestamp":"2019-02-15 21:35:58"}
{"message":"User (2f24vvg) uploaded a file: {\"file-upload\":{\"size\":477123,\"path\":\"C:\\\\develop\\\\nodejs\\\\projects\\\\aitam\\\\work\\\\5779c67e-d9f0-4a76-9bfb-23dfc4b8f19e.xml\",\"name\":\"test_site2.xml\",\"type\":\"text/xml\",\"mtime\":\"2019-02-15T21:36:04.110Z\"}}","level":"\u001b[34minfo\u001b[39m","timestamp":"2019-02-15 21:36:04"}
{"message":"garbage collector started on path: C:\\develop\\nodejs\\projects\\aitam\\work\\","level":"\u001b[34minfo\u001b[39m","timestamp":"2019-02-15 21:36:32"}
{"message":"garbage collector started on path: C:\\develop\\nodejs\\projects\\aitam\\work\\","level":"\u001b[34minfo\u001b[39m","timestamp":"2019-02-15 21:36:41"}
