{"message":"garbage collector started on path: C:\\develop\\nodejs\\projects\\aitam\\work\\","level":"\u001b[34minfo\u001b[39m","timestamp":"2019-12-30 09:47:58"}
{"message":"Session created received the id:a4c74137-a539-4650-9748-6258a626e93b","level":"\u001b[34minfo\u001b[39m","timestamp":"2019-12-30 09:49:54"}
{"message":"req.user: undefined","level":"\u001b[34minfo\u001b[39m","timestamp":"2019-12-30 09:49:59"}
{"message":"Session id started: {\"user\":\"2f24vvg\"}","level":"\u001b[34minfo\u001b[39m","timestamp":"2019-12-30 09:49:59"}
{"message":"User logged in: {\"id\":\"2f24vvg\",\"email\":\"test@test.com\",\"password\":\"$2a$10$A2g6pbxxhLA9MNYRJ0rnzOf/7Ara76B0KcRdjzUcsIBIclRuas/fG\"}","level":"\u001b[34minfo\u001b[39m","timestamp":"2019-12-30 09:49:59"}
{"message":"User (2f24vvg) uploaded a file: {\"file-upload\":{\"size\":439241,\"path\":\"C:\\\\develop\\\\nodejs\\\\projects\\\\aitam\\\\work\\\\a4c74137-a539-4650-9748-6258a626e93b.xml\",\"name\":\"test_site3.xml\",\"type\":\"text/xml\",\"mtime\":\"2019-12-30T09:50:04.741Z\"}}","level":"\u001b[34minfo\u001b[39m","timestamp":"2019-12-30 09:50:04"}
{"message":"garbage collector deleted  58339d3d-2c63-4d85-89cd-3435e6c510b5.odt on folder: C:\\develop\\nodejs\\projects\\aitam\\work\\, path: C:\\develop\\nodejs\\projects\\aitam\\work\\58339d3d-2c63-4d85-89cd-3435e6c510b5.odt","level":"\u001b[34minfo\u001b[39m","timestamp":"2019-12-30 10:00:00"}
{"message":"garbage collector deleted  2d77e384-897f-456c-9e36-56641ef7e2a7.xml on folder: C:\\develop\\nodejs\\projects\\aitam\\work\\, path: C:\\develop\\nodejs\\projects\\aitam\\work\\2d77e384-897f-456c-9e36-56641ef7e2a7.xml","level":"\u001b[34minfo\u001b[39m","timestamp":"2019-12-30 10:00:00"}
{"message":"garbage collector deleted  4610b635-50c7-4a7d-bdab-00dc8849c470.xml on folder: C:\\develop\\nodejs\\projects\\aitam\\work\\, path: C:\\develop\\nodejs\\projects\\aitam\\work\\4610b635-50c7-4a7d-bdab-00dc8849c470.xml","level":"\u001b[34minfo\u001b[39m","timestamp":"2019-12-30 10:00:00"}
{"message":"garbage collector deleted  69eceee2-1eb0-49ab-9b71-6cc53cc24ef3.xml on folder: C:\\develop\\nodejs\\projects\\aitam\\work\\, path: C:\\develop\\nodejs\\projects\\aitam\\work\\69eceee2-1eb0-49ab-9b71-6cc53cc24ef3.xml","level":"\u001b[34minfo\u001b[39m","timestamp":"2019-12-30 10:00:00"}
{"message":"garbage collector deleted  58339d3d-2c63-4d85-89cd-3435e6c510b5.xml on folder: C:\\develop\\nodejs\\projects\\aitam\\work\\, path: C:\\develop\\nodejs\\projects\\aitam\\work\\58339d3d-2c63-4d85-89cd-3435e6c510b5.xml","level":"\u001b[34minfo\u001b[39m","timestamp":"2019-12-30 10:00:00"}
{"message":"garbage collector deleted  809f510a-1f34-4590-96cb-1178cc957094.xml on folder: C:\\develop\\nodejs\\projects\\aitam\\work\\, path: C:\\develop\\nodejs\\projects\\aitam\\work\\809f510a-1f34-4590-96cb-1178cc957094.xml","level":"\u001b[34minfo\u001b[39m","timestamp":"2019-12-30 10:00:00"}
{"message":"garbage collector deleted  b672eee2-b32d-4696-a401-6516fb830e63.odt on folder: C:\\develop\\nodejs\\projects\\aitam\\work\\, path: C:\\develop\\nodejs\\projects\\aitam\\work\\b672eee2-b32d-4696-a401-6516fb830e63.odt","level":"\u001b[34minfo\u001b[39m","timestamp":"2019-12-30 10:00:00"}
{"message":"garbage collector deleted  b672eee2-b32d-4696-a401-6516fb830e63.sent on folder: C:\\develop\\nodejs\\projects\\aitam\\work\\, path: C:\\develop\\nodejs\\projects\\aitam\\work\\b672eee2-b32d-4696-a401-6516fb830e63.sent","level":"\u001b[34minfo\u001b[39m","timestamp":"2019-12-30 10:00:00"}
{"message":"garbage collector deleted  b672eee2-b32d-4696-a401-6516fb830e63.src on folder: C:\\develop\\nodejs\\projects\\aitam\\work\\, path: C:\\develop\\nodejs\\projects\\aitam\\work\\b672eee2-b32d-4696-a401-6516fb830e63.src","level":"\u001b[34minfo\u001b[39m","timestamp":"2019-12-30 10:00:00"}
{"message":"garbage collector deleted  b672eee2-b32d-4696-a401-6516fb830e63.tkn on folder: C:\\develop\\nodejs\\projects\\aitam\\work\\, path: C:\\develop\\nodejs\\projects\\aitam\\work\\b672eee2-b32d-4696-a401-6516fb830e63.tkn","level":"\u001b[34minfo\u001b[39m","timestamp":"2019-12-30 10:00:00"}
{"message":"garbage collector deleted  b672eee2-b32d-4696-a401-6516fb830e63.vec on folder: C:\\develop\\nodejs\\projects\\aitam\\work\\, path: C:\\develop\\nodejs\\projects\\aitam\\work\\b672eee2-b32d-4696-a401-6516fb830e63.vec","level":"\u001b[34minfo\u001b[39m","timestamp":"2019-12-30 10:00:00"}
{"message":"garbage collector deleted  b672eee2-b32d-4696-a401-6516fb830e63.xml on folder: C:\\develop\\nodejs\\projects\\aitam\\work\\, path: C:\\develop\\nodejs\\projects\\aitam\\work\\b672eee2-b32d-4696-a401-6516fb830e63.xml","level":"\u001b[34minfo\u001b[39m","timestamp":"2019-12-30 10:00:00"}
{"message":"garbage collector deleted  c4bc4e64-24e7-4a54-8a40-600202add389.xml on folder: C:\\develop\\nodejs\\projects\\aitam\\work\\, path: C:\\develop\\nodejs\\projects\\aitam\\work\\c4bc4e64-24e7-4a54-8a40-600202add389.xml","level":"\u001b[34minfo\u001b[39m","timestamp":"2019-12-30 10:00:00"}
{"message":"garbage collector deleted  c4d7ef14-9592-45a0-8b1e-e7533f47a806.xml on folder: C:\\develop\\nodejs\\projects\\aitam\\work\\, path: C:\\develop\\nodejs\\projects\\aitam\\work\\c4d7ef14-9592-45a0-8b1e-e7533f47a806.xml","level":"\u001b[34minfo\u001b[39m","timestamp":"2019-12-30 10:00:00"}
{"message":"garbage collector deleted  da50275d-cf63-4f5f-8cef-615b39e3d6cb.xml on folder: C:\\develop\\nodejs\\projects\\aitam\\work\\, path: C:\\develop\\nodejs\\projects\\aitam\\work\\da50275d-cf63-4f5f-8cef-615b39e3d6cb.xml","level":"\u001b[34minfo\u001b[39m","timestamp":"2019-12-30 10:00:00"}
{"message":"garbage collector deleted  de40c1e1-17f4-411b-bbd1-2f5de9043fac.xml on folder: C:\\develop\\nodejs\\projects\\aitam\\work\\, path: C:\\develop\\nodejs\\projects\\aitam\\work\\de40c1e1-17f4-411b-bbd1-2f5de9043fac.xml","level":"\u001b[34minfo\u001b[39m","timestamp":"2019-12-30 10:00:00"}
{"message":"garbage collector deleted  ed4b9f58-81f4-4f29-95e9-11d548634032.odt on folder: C:\\develop\\nodejs\\projects\\aitam\\work\\, path: C:\\develop\\nodejs\\projects\\aitam\\work\\ed4b9f58-81f4-4f29-95e9-11d548634032.odt","level":"\u001b[34minfo\u001b[39m","timestamp":"2019-12-30 10:00:00"}
{"message":"garbage collector deleted  ed4b9f58-81f4-4f29-95e9-11d548634032.xml on folder: C:\\develop\\nodejs\\projects\\aitam\\work\\, path: C:\\develop\\nodejs\\projects\\aitam\\work\\ed4b9f58-81f4-4f29-95e9-11d548634032.xml","level":"\u001b[34minfo\u001b[39m","timestamp":"2019-12-30 10:00:00"}
{"message":"garbage collector error:  Error: Can't delete C:\\develop\\nodejs\\projects\\aitam\\work\\2d77e384-897f-456c-9e36-56641ef7e2a7.xml","level":"\u001b[34minfo\u001b[39m","timestamp":"2019-12-30 10:00:00"}
{"message":"garbage collector error:  Error: Can't delete C:\\develop\\nodejs\\projects\\aitam\\work\\58339d3d-2c63-4d85-89cd-3435e6c510b5.xml","level":"\u001b[34minfo\u001b[39m","timestamp":"2019-12-30 10:00:00"}
{"message":"garbage collector error:  Error: Can't delete C:\\develop\\nodejs\\projects\\aitam\\work\\4610b635-50c7-4a7d-bdab-00dc8849c470.xml","level":"\u001b[34minfo\u001b[39m","timestamp":"2019-12-30 10:00:00"}
{"message":"garbage collector deleted  gazetteer.dic on folder: C:\\develop\\nodejs\\projects\\aitam\\work\\, path: C:\\develop\\nodejs\\projects\\aitam\\work\\gazetteer.dic","level":"\u001b[34minfo\u001b[39m","timestamp":"2019-12-30 10:00:00"}
{"message":"garbage collector error:  Error: Can't delete C:\\develop\\nodejs\\projects\\aitam\\work\\69eceee2-1eb0-49ab-9b71-6cc53cc24ef3.xml","level":"\u001b[34minfo\u001b[39m","timestamp":"2019-12-30 10:00:00"}
{"message":"garbage collector error:  Error: Can't delete C:\\develop\\nodejs\\projects\\aitam\\work\\b672eee2-b32d-4696-a401-6516fb830e63.sent","level":"\u001b[34minfo\u001b[39m","timestamp":"2019-12-30 10:00:00"}
{"message":"garbage collector error:  Error: Can't delete C:\\develop\\nodejs\\projects\\aitam\\work\\b672eee2-b32d-4696-a401-6516fb830e63.src","level":"\u001b[34minfo\u001b[39m","timestamp":"2019-12-30 10:00:00"}
{"message":"garbage collector error:  Error: Can't delete C:\\develop\\nodejs\\projects\\aitam\\work\\b672eee2-b32d-4696-a401-6516fb830e63.tkn","level":"\u001b[34minfo\u001b[39m","timestamp":"2019-12-30 10:00:00"}
{"message":"garbage collector error:  Error: Can't delete C:\\develop\\nodejs\\projects\\aitam\\work\\b672eee2-b32d-4696-a401-6516fb830e63.vec","level":"\u001b[34minfo\u001b[39m","timestamp":"2019-12-30 10:00:00"}
{"message":"garbage collector error:  Error: Can't delete C:\\develop\\nodejs\\projects\\aitam\\work\\b672eee2-b32d-4696-a401-6516fb830e63.xml","level":"\u001b[34minfo\u001b[39m","timestamp":"2019-12-30 10:00:00"}
{"message":"garbage collector error:  Error: Can't delete C:\\develop\\nodejs\\projects\\aitam\\work\\c4bc4e64-24e7-4a54-8a40-600202add389.xml","level":"\u001b[34minfo\u001b[39m","timestamp":"2019-12-30 10:00:00"}
{"message":"garbage collector error:  Error: Can't delete C:\\develop\\nodejs\\projects\\aitam\\work\\c4d7ef14-9592-45a0-8b1e-e7533f47a806.xml","level":"\u001b[34minfo\u001b[39m","timestamp":"2019-12-30 10:00:00"}
{"message":"garbage collector error:  Error: Can't delete C:\\develop\\nodejs\\projects\\aitam\\work\\da50275d-cf63-4f5f-8cef-615b39e3d6cb.xml","level":"\u001b[34minfo\u001b[39m","timestamp":"2019-12-30 10:00:00"}
{"message":"garbage collector error:  Error: Can't delete C:\\develop\\nodejs\\projects\\aitam\\work\\809f510a-1f34-4590-96cb-1178cc957094.xml","level":"\u001b[34minfo\u001b[39m","timestamp":"2019-12-30 10:00:00"}
{"message":"garbage collector error:  Error: Can't delete C:\\develop\\nodejs\\projects\\aitam\\work\\de40c1e1-17f4-411b-bbd1-2f5de9043fac.xml","level":"\u001b[34minfo\u001b[39m","timestamp":"2019-12-30 10:00:00"}
{"message":"garbage collector error:  Error: Can't delete C:\\develop\\nodejs\\projects\\aitam\\work\\ed4b9f58-81f4-4f29-95e9-11d548634032.odt","level":"\u001b[34minfo\u001b[39m","timestamp":"2019-12-30 10:00:00"}
{"message":"garbage collector error:  Error: Can't delete C:\\develop\\nodejs\\projects\\aitam\\work\\ed4b9f58-81f4-4f29-95e9-11d548634032.xml","level":"\u001b[34minfo\u001b[39m","timestamp":"2019-12-30 10:00:00"}
{"message":"garbage collector error:  Error: Can't delete C:\\develop\\nodejs\\projects\\aitam\\work\\gazetteer.dic","level":"\u001b[34minfo\u001b[39m","timestamp":"2019-12-30 10:00:00"}
{"message":"garbage collector error:  Error: Can't delete C:\\develop\\nodejs\\projects\\aitam\\work\\b672eee2-b32d-4696-a401-6516fb830e63.odt","level":"\u001b[34minfo\u001b[39m","timestamp":"2019-12-30 10:00:00"}
{"message":"garbage collector error:  Error: Can't delete C:\\develop\\nodejs\\projects\\aitam\\work\\58339d3d-2c63-4d85-89cd-3435e6c510b5.odt","level":"\u001b[34minfo\u001b[39m","timestamp":"2019-12-30 10:00:00"}
{"message":"User (2f24vvg) uploaded a file: {\"file-upload\":{\"size\":439241,\"path\":\"C:\\\\develop\\\\nodejs\\\\projects\\\\aitam\\\\work\\\\a4c74137-a539-4650-9748-6258a626e93b.xml\",\"name\":\"test_site3.xml\",\"type\":\"text/xml\",\"mtime\":\"2019-12-30T10:22:46.647Z\"}}","level":"\u001b[34minfo\u001b[39m","timestamp":"2019-12-30 10:22:46"}
{"message":"garbage collector started on path: C:\\develop\\nodejs\\projects\\aitam\\work\\","level":"\u001b[34minfo\u001b[39m","timestamp":"2019-12-30 10:23:14"}
{"message":"req.user: undefined","level":"\u001b[34minfo\u001b[39m","timestamp":"2019-12-30 10:23:50"}
{"message":"Session id started: {\"user\":\"2f24vvg\"}","level":"\u001b[34minfo\u001b[39m","timestamp":"2019-12-30 10:23:50"}
{"message":"User logged in: {\"id\":\"2f24vvg\",\"email\":\"test@test.com\",\"password\":\"$2a$10$A2g6pbxxhLA9MNYRJ0rnzOf/7Ara76B0KcRdjzUcsIBIclRuas/fG\"}","level":"\u001b[34minfo\u001b[39m","timestamp":"2019-12-30 10:23:50"}
{"message":"User (2f24vvg) uploaded a file: {\"file-upload\":{\"size\":439241,\"path\":\"C:\\\\develop\\\\nodejs\\\\projects\\\\aitam\\\\work\\\\f5586a2f-563f-4591-9fd7-a102f875a3c8.xml\",\"name\":\"test_site3.xml\",\"type\":\"text/xml\",\"mtime\":\"2019-12-30T10:23:56.257Z\"}}","level":"\u001b[34minfo\u001b[39m","timestamp":"2019-12-30 10:23:56"}
{"message":"garbage collector started on path: C:\\develop\\nodejs\\projects\\aitam\\work\\","level":"\u001b[34minfo\u001b[39m","timestamp":"2019-12-30 10:29:07"}
{"message":"garbage collector started on path: C:\\develop\\nodejs\\projects\\aitam\\work\\","level":"\u001b[34minfo\u001b[39m","timestamp":"2019-12-30 10:38:43"}
{"message":"req.user: undefined","level":"\u001b[34minfo\u001b[39m","timestamp":"2019-12-30 10:38:49"}
{"message":"Session id started: {\"user\":\"2f24vvg\"}","level":"\u001b[34minfo\u001b[39m","timestamp":"2019-12-30 10:38:49"}
{"message":"User logged in: {\"id\":\"2f24vvg\",\"email\":\"test@test.com\",\"password\":\"$2a$10$A2g6pbxxhLA9MNYRJ0rnzOf/7Ara76B0KcRdjzUcsIBIclRuas/fG\"}","level":"\u001b[34minfo\u001b[39m","timestamp":"2019-12-30 10:38:49"}
{"message":"User (2f24vvg) uploaded a file: {\"file-upload\":{\"size\":439241,\"path\":\"C:\\\\develop\\\\nodejs\\\\projects\\\\aitam\\\\work\\\\4d56ea05-9538-4c98-b8ca-aaf7032058d4.xml\",\"name\":\"test_site3.xml\",\"type\":\"text/xml\",\"mtime\":\"2019-12-30T10:38:55.576Z\"}}","level":"\u001b[34minfo\u001b[39m","timestamp":"2019-12-30 10:38:55"}
{"message":"404 - Not Found","level":"\u001b[33mwarn\u001b[39m","timestamp":"2019-12-30 10:38:58"}
{"message":"404 - Not Found","level":"\u001b[33mwarn\u001b[39m","timestamp":"2019-12-30 10:39:46"}
{"message":"404 - Not Found","level":"\u001b[33mwarn\u001b[39m","timestamp":"2019-12-30 10:39:49"}
{"message":"Session created received the id:4d56ea05-9538-4c98-b8ca-aaf7032058d4","level":"\u001b[34minfo\u001b[39m","timestamp":"2019-12-30 10:39:57"}
{"message":"garbage collector started on path: C:\\develop\\nodejs\\projects\\aitam\\work\\","level":"\u001b[34minfo\u001b[39m","timestamp":"2019-12-30 10:44:26"}
{"message":"Session created received the id:8bdb9141-8669-4914-a5e3-43571b08c32f","level":"\u001b[34minfo\u001b[39m","timestamp":"2019-12-30 10:44:45"}
{"message":"req.user: undefined","level":"\u001b[34minfo\u001b[39m","timestamp":"2019-12-30 10:44:49"}
{"message":"Session id started: {\"user\":\"2f24vvg\"}","level":"\u001b[34minfo\u001b[39m","timestamp":"2019-12-30 10:44:49"}
{"message":"User logged in: {\"id\":\"2f24vvg\",\"email\":\"test@test.com\",\"password\":\"$2a$10$A2g6pbxxhLA9MNYRJ0rnzOf/7Ara76B0KcRdjzUcsIBIclRuas/fG\"}","level":"\u001b[34minfo\u001b[39m","timestamp":"2019-12-30 10:44:49"}
{"message":"User (2f24vvg) uploaded a file: {\"file-upload\":{\"size\":439241,\"path\":\"C:\\\\develop\\\\nodejs\\\\projects\\\\aitam\\\\work\\\\8bdb9141-8669-4914-a5e3-43571b08c32f.xml\",\"name\":\"test_site3.xml\",\"type\":\"text/xml\",\"mtime\":\"2019-12-30T10:44:55.167Z\"}}","level":"\u001b[34minfo\u001b[39m","timestamp":"2019-12-30 10:44:55"}
{"message":"Session created received the id:8bdb9141-8669-4914-a5e3-43571b08c32f","level":"\u001b[34minfo\u001b[39m","timestamp":"2019-12-30 10:46:41"}
{"message":"garbage collector started on path: C:\\develop\\nodejs\\projects\\aitam\\work\\","level":"\u001b[34minfo\u001b[39m","timestamp":"2019-12-30 10:55:04"}
{"message":"Session created received the id:48ad81c1-2e11-4e73-961c-09d21818c293","level":"\u001b[34minfo\u001b[39m","timestamp":"2019-12-30 10:55:21"}
{"message":"req.user: undefined","level":"\u001b[34minfo\u001b[39m","timestamp":"2019-12-30 10:55:26"}
{"message":"Session id started: {\"user\":\"2f24vvg\"}","level":"\u001b[34minfo\u001b[39m","timestamp":"2019-12-30 10:55:26"}
{"message":"User logged in: {\"id\":\"2f24vvg\",\"email\":\"test@test.com\",\"password\":\"$2a$10$A2g6pbxxhLA9MNYRJ0rnzOf/7Ara76B0KcRdjzUcsIBIclRuas/fG\"}","level":"\u001b[34minfo\u001b[39m","timestamp":"2019-12-30 10:55:26"}
{"message":"User (2f24vvg) uploaded a file: {\"file-upload\":{\"size\":439241,\"path\":\"C:\\\\develop\\\\nodejs\\\\projects\\\\aitam\\\\work\\\\48ad81c1-2e11-4e73-961c-09d21818c293.xml\",\"name\":\"test_site3.xml\",\"type\":\"text/xml\",\"mtime\":\"2019-12-30T10:55:31.870Z\"}}","level":"\u001b[34minfo\u001b[39m","timestamp":"2019-12-30 10:55:31"}
{"message":"Session created received the id:48ad81c1-2e11-4e73-961c-09d21818c293","level":"\u001b[34minfo\u001b[39m","timestamp":"2019-12-30 10:56:31"}
{"message":"garbage collector started on path: C:\\develop\\nodejs\\projects\\aitam\\work\\","level":"\u001b[34minfo\u001b[39m","timestamp":"2019-12-30 10:56:46"}
{"message":"Session created received the id:7bf8d905-40e5-4c6d-bed1-da782c0b2044","level":"\u001b[34minfo\u001b[39m","timestamp":"2019-12-30 10:56:48"}
{"message":"req.user: undefined","level":"\u001b[34minfo\u001b[39m","timestamp":"2019-12-30 10:56:53"}
{"message":"Session id started: {\"user\":\"2f24vvg\"}","level":"\u001b[34minfo\u001b[39m","timestamp":"2019-12-30 10:56:53"}
{"message":"User logged in: {\"id\":\"2f24vvg\",\"email\":\"test@test.com\",\"password\":\"$2a$10$A2g6pbxxhLA9MNYRJ0rnzOf/7Ara76B0KcRdjzUcsIBIclRuas/fG\"}","level":"\u001b[34minfo\u001b[39m","timestamp":"2019-12-30 10:56:53"}
{"message":"User (2f24vvg) uploaded a file: {\"file-upload\":{\"size\":439241,\"path\":\"C:\\\\develop\\\\nodejs\\\\projects\\\\aitam\\\\work\\\\7bf8d905-40e5-4c6d-bed1-da782c0b2044.xml\",\"name\":\"test_site3.xml\",\"type\":\"text/xml\",\"mtime\":\"2019-12-30T10:56:58.403Z\"}}","level":"\u001b[34minfo\u001b[39m","timestamp":"2019-12-30 10:56:58"}
{"message":"garbage collector started on path: C:\\develop\\nodejs\\projects\\aitam\\work\\","level":"\u001b[34minfo\u001b[39m","timestamp":"2019-12-30 11:02:42"}
{"message":"Session created received the id:1b710d0b-fba1-4b0e-ace5-562aa74abdae","level":"\u001b[34minfo\u001b[39m","timestamp":"2019-12-30 11:02:47"}
{"message":"req.user: undefined","level":"\u001b[34minfo\u001b[39m","timestamp":"2019-12-30 11:02:52"}
{"message":"Session id started: {\"user\":\"2f24vvg\"}","level":"\u001b[34minfo\u001b[39m","timestamp":"2019-12-30 11:02:52"}
{"message":"User logged in: {\"id\":\"2f24vvg\",\"email\":\"test@test.com\",\"password\":\"$2a$10$A2g6pbxxhLA9MNYRJ0rnzOf/7Ara76B0KcRdjzUcsIBIclRuas/fG\"}","level":"\u001b[34minfo\u001b[39m","timestamp":"2019-12-30 11:02:52"}
{"message":"User (2f24vvg) uploaded a file: {\"file-upload\":{\"size\":439241,\"path\":\"C:\\\\develop\\\\nodejs\\\\projects\\\\aitam\\\\work\\\\1b710d0b-fba1-4b0e-ace5-562aa74abdae.xml\",\"name\":\"test_site3.xml\",\"type\":\"text/xml\",\"mtime\":\"2019-12-30T11:02:56.668Z\"}}","level":"\u001b[34minfo\u001b[39m","timestamp":"2019-12-30 11:02:56"}
{"message":"404 - Not Found","level":"\u001b[33mwarn\u001b[39m","timestamp":"2019-12-30 11:16:28"}
{"message":"404 - Not Found","level":"\u001b[33mwarn\u001b[39m","timestamp":"2019-12-30 11:16:59"}
{"message":"404 - Not Found","level":"\u001b[33mwarn\u001b[39m","timestamp":"2019-12-30 12:04:15"}
{"message":"garbage collector started on path: C:\\develop\\nodejs\\projects\\aitam\\work\\","level":"\u001b[34minfo\u001b[39m","timestamp":"2019-12-30 14:00:53"}
{"message":"req.user: undefined","level":"\u001b[34minfo\u001b[39m","timestamp":"2019-12-30 14:01:03"}
{"message":"Session id started: {\"user\":\"2f24vvg\"}","level":"\u001b[34minfo\u001b[39m","timestamp":"2019-12-30 14:01:03"}
{"message":"User logged in: {\"id\":\"2f24vvg\",\"email\":\"test@test.com\",\"password\":\"$2a$10$A2g6pbxxhLA9MNYRJ0rnzOf/7Ara76B0KcRdjzUcsIBIclRuas/fG\"}","level":"\u001b[34minfo\u001b[39m","timestamp":"2019-12-30 14:01:03"}
{"message":"User (2f24vvg) uploaded a file: {\"file-upload\":{\"size\":439241,\"path\":\"C:\\\\develop\\\\nodejs\\\\projects\\\\aitam\\\\work\\\\a56053c0-f1c3-4d90-8f6c-2465084d5dd9.xml\",\"name\":\"test_site3.xml\",\"type\":\"text/xml\",\"mtime\":\"2019-12-30T14:01:10.116Z\"}}","level":"\u001b[34minfo\u001b[39m","timestamp":"2019-12-30 14:01:10"}
{"message":"garbage collector started on path: C:\\develop\\nodejs\\projects\\aitam\\work\\","level":"\u001b[34minfo\u001b[39m","timestamp":"2019-12-30 14:23:20"}
{"message":"Session created received the id:3df723ca-c634-40ff-a327-9d598d8f7dfc","level":"\u001b[34minfo\u001b[39m","timestamp":"2019-12-30 14:23:24"}
{"message":"req.user: undefined","level":"\u001b[34minfo\u001b[39m","timestamp":"2019-12-30 14:23:28"}
{"message":"Session id started: {\"user\":\"2f24vvg\"}","level":"\u001b[34minfo\u001b[39m","timestamp":"2019-12-30 14:23:28"}
{"message":"User logged in: {\"id\":\"2f24vvg\",\"email\":\"test@test.com\",\"password\":\"$2a$10$A2g6pbxxhLA9MNYRJ0rnzOf/7Ara76B0KcRdjzUcsIBIclRuas/fG\"}","level":"\u001b[34minfo\u001b[39m","timestamp":"2019-12-30 14:23:28"}
{"message":"User (2f24vvg) uploaded a file: {\"file-upload\":{\"size\":439241,\"path\":\"C:\\\\develop\\\\nodejs\\\\projects\\\\aitam\\\\work\\\\3df723ca-c634-40ff-a327-9d598d8f7dfc.xml\",\"name\":\"test_site3.xml\",\"type\":\"text/xml\",\"mtime\":\"2019-12-30T14:23:33.845Z\"}}","level":"\u001b[34minfo\u001b[39m","timestamp":"2019-12-30 14:23:33"}
{"message":"404 - Not Found","level":"\u001b[33mwarn\u001b[39m","timestamp":"2019-12-30 14:23:37"}
{"message":"User (2f24vvg) uploaded a file: {\"file-upload\":{\"size\":439241,\"path\":\"C:\\\\develop\\\\nodejs\\\\projects\\\\aitam\\\\work\\\\3df723ca-c634-40ff-a327-9d598d8f7dfc.xml\",\"name\":\"test_site3.xml\",\"type\":\"text/xml\",\"mtime\":\"2019-12-30T14:24:04.343Z\"}}","level":"\u001b[34minfo\u001b[39m","timestamp":"2019-12-30 14:24:04"}
{"message":"Session created received the id:3df723ca-c634-40ff-a327-9d598d8f7dfc","level":"\u001b[34minfo\u001b[39m","timestamp":"2019-12-30 14:54:11"}
{"message":"garbage collector started on path: C:\\develop\\nodejs\\projects\\aitam\\work\\","level":"\u001b[34minfo\u001b[39m","timestamp":"2019-12-30 14:56:43"}
{"message":"Session created received the id:cc208135-9610-4974-b3c1-f079e006b44c","level":"\u001b[34minfo\u001b[39m","timestamp":"2019-12-30 14:56:50"}
{"message":"req.user: undefined","level":"\u001b[34minfo\u001b[39m","timestamp":"2019-12-30 14:56:54"}
{"message":"Session id started: {\"user\":\"2f24vvg\"}","level":"\u001b[34minfo\u001b[39m","timestamp":"2019-12-30 14:56:54"}
{"message":"User logged in: {\"id\":\"2f24vvg\",\"email\":\"test@test.com\",\"password\":\"$2a$10$A2g6pbxxhLA9MNYRJ0rnzOf/7Ara76B0KcRdjzUcsIBIclRuas/fG\"}","level":"\u001b[34minfo\u001b[39m","timestamp":"2019-12-30 14:56:54"}
{"message":"User (2f24vvg) uploaded a file: {\"file-upload\":{\"size\":439241,\"path\":\"C:\\\\develop\\\\nodejs\\\\projects\\\\aitam\\\\work\\\\cc208135-9610-4974-b3c1-f079e006b44c.xml\",\"name\":\"test_site3.xml\",\"type\":\"text/xml\",\"mtime\":\"2019-12-30T14:57:10.856Z\"}}","level":"\u001b[34minfo\u001b[39m","timestamp":"2019-12-30 14:57:10"}
{"message":"garbage collector started on path: C:\\develop\\nodejs\\projects\\aitam\\work\\","level":"\u001b[34minfo\u001b[39m","timestamp":"2019-12-30 15:00:43"}
{"message":"req.user: undefined","level":"\u001b[34minfo\u001b[39m","timestamp":"2019-12-30 15:04:42"}
{"message":"Session id started: {\"user\":\"2f24vvg\"}","level":"\u001b[34minfo\u001b[39m","timestamp":"2019-12-30 15:04:42"}
{"message":"User logged in: {\"id\":\"2f24vvg\",\"email\":\"test@test.com\",\"password\":\"$2a$10$A2g6pbxxhLA9MNYRJ0rnzOf/7Ara76B0KcRdjzUcsIBIclRuas/fG\"}","level":"\u001b[34minfo\u001b[39m","timestamp":"2019-12-30 15:04:42"}
{"message":"User (2f24vvg) uploaded a file: {\"file-upload\":{\"size\":439241,\"path\":\"C:\\\\develop\\\\nodejs\\\\projects\\\\aitam\\\\work\\\\54820579-9da1-423e-a4ae-910702fc9b28.xml\",\"name\":\"test_site3.xml\",\"type\":\"text/xml\",\"mtime\":\"2019-12-30T15:04:48.211Z\"}}","level":"\u001b[34minfo\u001b[39m","timestamp":"2019-12-30 15:04:48"}
{"message":"garbage collector started on path: C:\\develop\\nodejs\\projects\\aitam\\work\\","level":"\u001b[34minfo\u001b[39m","timestamp":"2019-12-30 16:10:07"}
{"message":"req.user: undefined","level":"\u001b[34minfo\u001b[39m","timestamp":"2019-12-30 16:10:12"}
{"message":"Session id started: {\"user\":\"2f24vvg\"}","level":"\u001b[34minfo\u001b[39m","timestamp":"2019-12-30 16:10:12"}
{"message":"User logged in: {\"id\":\"2f24vvg\",\"email\":\"test@test.com\",\"password\":\"$2a$10$A2g6pbxxhLA9MNYRJ0rnzOf/7Ara76B0KcRdjzUcsIBIclRuas/fG\"}","level":"\u001b[34minfo\u001b[39m","timestamp":"2019-12-30 16:10:12"}
{"message":"User (2f24vvg) uploaded a file: {\"file-upload\":{\"size\":439241,\"path\":\"C:\\\\develop\\\\nodejs\\\\projects\\\\aitam\\\\work\\\\553c43cf-32ee-4afb-ada9-83ea2d902bea.xml\",\"name\":\"test_site3.xml\",\"type\":\"text/xml\",\"mtime\":\"2019-12-30T16:10:18.309Z\"}}","level":"\u001b[34minfo\u001b[39m","timestamp":"2019-12-30 16:10:18"}
{"message":"audit file download: C:\\develop\\nodejs\\projects\\aitam\\work\\553c43cf-32ee-4afb-ada9-83ea2d902bea.xml","level":"\u001b[34minfo\u001b[39m","timestamp":"2019-12-30 16:10:51"}
{"message":"garbage collector started on path: C:\\develop\\nodejs\\projects\\aitam\\work\\","level":"\u001b[34minfo\u001b[39m","timestamp":"2019-12-30 16:26:41"}
{"message":"garbage collector started on path: C:\\develop\\nodejs\\projects\\aitam\\work\\","level":"\u001b[34minfo\u001b[39m","timestamp":"2019-12-30 16:29:34"}
{"message":"garbage collector started on path: C:\\develop\\nodejs\\projects\\aitam\\work\\","level":"\u001b[34minfo\u001b[39m","timestamp":"2019-12-30 16:31:09"}
{"message":"req.user: undefined","level":"\u001b[34minfo\u001b[39m","timestamp":"2019-12-30 16:34:24"}
{"message":"Session id started: {\"user\":\"2f24vvg\"}","level":"\u001b[34minfo\u001b[39m","timestamp":"2019-12-30 16:34:24"}
{"message":"User logged in: {\"id\":\"2f24vvg\",\"email\":\"test@test.com\",\"password\":\"$2a$10$A2g6pbxxhLA9MNYRJ0rnzOf/7Ara76B0KcRdjzUcsIBIclRuas/fG\"}","level":"\u001b[34minfo\u001b[39m","timestamp":"2019-12-30 16:34:24"}
{"message":"User (2f24vvg) uploaded a file: {\"file-upload\":{\"size\":439277,\"path\":\"C:\\\\develop\\\\nodejs\\\\projects\\\\aitam\\\\work\\\\56e6249b-5a56-4a2a-bf0e-4be8c8226536.xml\",\"name\":\"test_site3.xml\",\"type\":\"text/xml\",\"mtime\":\"2019-12-30T16:34:30.354Z\"}}","level":"\u001b[34minfo\u001b[39m","timestamp":"2019-12-30 16:34:30"}
{"message":"garbage collector started on path: C:\\develop\\nodejs\\projects\\aitam\\work\\","level":"\u001b[34minfo\u001b[39m","timestamp":"2019-12-30 19:01:10"}
{"message":"Session created received the id:923541db-dbd0-40ec-9f0d-064c58442d44","level":"\u001b[34minfo\u001b[39m","timestamp":"2019-12-30 19:05:44"}
{"message":"req.user: undefined","level":"\u001b[34minfo\u001b[39m","timestamp":"2019-12-30 19:05:52"}
{"message":"Session id started: {\"user\":\"2f24vvg\"}","level":"\u001b[34minfo\u001b[39m","timestamp":"2019-12-30 19:05:52"}
{"message":"User logged in: {\"id\":\"2f24vvg\",\"email\":\"test@test.com\",\"password\":\"$2a$10$A2g6pbxxhLA9MNYRJ0rnzOf/7Ara76B0KcRdjzUcsIBIclRuas/fG\"}","level":"\u001b[34minfo\u001b[39m","timestamp":"2019-12-30 19:05:52"}
{"message":"User (2f24vvg) uploaded a file: {\"file-upload\":{\"size\":439277,\"path\":\"C:\\\\develop\\\\nodejs\\\\projects\\\\aitam\\\\work\\\\923541db-dbd0-40ec-9f0d-064c58442d44.xml\",\"name\":\"test_site3.xml\",\"type\":\"text/xml\",\"mtime\":\"2019-12-30T19:06:01.385Z\"}}","level":"\u001b[34minfo\u001b[39m","timestamp":"2019-12-30 19:06:01"}
{"message":"Session created received the id:b85c59e2-bae1-43eb-b8fc-4ce5684cf965","level":"\u001b[34minfo\u001b[39m","timestamp":"2019-12-30 19:40:37"}
{"message":"req.user: undefined","level":"\u001b[34minfo\u001b[39m","timestamp":"2019-12-30 19:40:41"}
{"message":"Session id started: {\"user\":\"2f24vvg\"}","level":"\u001b[34minfo\u001b[39m","timestamp":"2019-12-30 19:40:41"}
{"message":"User logged in: {\"id\":\"2f24vvg\",\"email\":\"test@test.com\",\"password\":\"$2a$10$A2g6pbxxhLA9MNYRJ0rnzOf/7Ara76B0KcRdjzUcsIBIclRuas/fG\"}","level":"\u001b[34minfo\u001b[39m","timestamp":"2019-12-30 19:40:41"}
{"message":"User (2f24vvg) uploaded a file: {\"file-upload\":{\"size\":439275,\"path\":\"C:\\\\develop\\\\nodejs\\\\projects\\\\aitam\\\\work\\\\b85c59e2-bae1-43eb-b8fc-4ce5684cf965.xml\",\"name\":\"test_site3.xml\",\"type\":\"text/xml\",\"mtime\":\"2019-12-30T19:40:47.268Z\"}}","level":"\u001b[34minfo\u001b[39m","timestamp":"2019-12-30 19:40:47"}
