{"message":"garbage collector started on path: C:\\develop\\nodejs\\projects\\aitam\\work\\","level":"\u001b[34minfo\u001b[39m","timestamp":"2019-01-26 12:53:43"}
{"message":"Session created received the id:e04beb74-270f-4a0e-a6fe-29bf146b997a","level":"\u001b[34minfo\u001b[39m","timestamp":"2019-01-26 12:54:07"}
{"message":"req.user: undefined","level":"\u001b[34minfo\u001b[39m","timestamp":"2019-01-26 12:54:12"}
{"message":"Session id started: {\"user\":\"2f24vvg\"}","level":"\u001b[34minfo\u001b[39m","timestamp":"2019-01-26 12:54:12"}
{"message":"User logged in: {\"id\":\"2f24vvg\",\"email\":\"test@test.com\",\"password\":\"$2a$10$A2g6pbxxhLA9MNYRJ0rnzOf/7Ara76B0KcRdjzUcsIBIclRuas/fG\"}","level":"\u001b[34minfo\u001b[39m","timestamp":"2019-01-26 12:54:12"}
{"message":"User (2f24vvg) uploaded a file: {\"file-upload\":{\"size\":454120,\"path\":\"C:\\\\develop\\\\nodejs\\\\projects\\\\aitam\\\\work\\\\e04beb74-270f-4a0e-a6fe-29bf146b997a.xml\",\"name\":\"test_site2.xml\",\"type\":\"text/xml\",\"mtime\":\"2019-01-26T12:54:21.434Z\"}}","level":"\u001b[34minfo\u001b[39m","timestamp":"2019-01-26 12:54:21"}
{"message":"garbage collector started on path: C:\\develop\\nodejs\\projects\\aitam\\work\\","level":"\u001b[34minfo\u001b[39m","timestamp":"2019-01-26 12:56:44"}
{"message":"garbage collector started on path: C:\\develop\\nodejs\\projects\\aitam\\work\\","level":"\u001b[34minfo\u001b[39m","timestamp":"2019-01-26 13:01:30"}
{"message":"garbage collector started on path: C:\\develop\\nodejs\\projects\\aitam\\work\\","level":"\u001b[34minfo\u001b[39m","timestamp":"2019-01-26 13:04:55"}
{"message":"garbage collector deleted  0ddace31-4dcd-49f2-9586-a8c8c70b89cb.src on folder: C:\\develop\\nodejs\\projects\\aitam\\work\\, path: C:\\develop\\nodejs\\projects\\aitam\\work\\0ddace31-4dcd-49f2-9586-a8c8c70b89cb.src","level":"\u001b[34minfo\u001b[39m","timestamp":"2019-01-26 13:15:00"}
{"message":"garbage collector deleted  0ddace31-4dcd-49f2-9586-a8c8c70b89cb.xml on folder: C:\\develop\\nodejs\\projects\\aitam\\work\\, path: C:\\develop\\nodejs\\projects\\aitam\\work\\0ddace31-4dcd-49f2-9586-a8c8c70b89cb.xml","level":"\u001b[34minfo\u001b[39m","timestamp":"2019-01-26 13:15:00"}
{"message":"garbage collector deleted  0ddace31-4dcd-49f2-9586-a8c8c70b89cb.tkn on folder: C:\\develop\\nodejs\\projects\\aitam\\work\\, path: C:\\develop\\nodejs\\projects\\aitam\\work\\0ddace31-4dcd-49f2-9586-a8c8c70b89cb.tkn","level":"\u001b[34minfo\u001b[39m","timestamp":"2019-01-26 13:15:00"}
{"message":"garbage collector deleted  3f3b8c0a-c9a9-4b6b-9ff7-db614148d5c2.tkn on folder: C:\\develop\\nodejs\\projects\\aitam\\work\\, path: C:\\develop\\nodejs\\projects\\aitam\\work\\3f3b8c0a-c9a9-4b6b-9ff7-db614148d5c2.tkn","level":"\u001b[34minfo\u001b[39m","timestamp":"2019-01-26 13:15:00"}
{"message":"garbage collector deleted  3f3b8c0a-c9a9-4b6b-9ff7-db614148d5c2.xml on folder: C:\\develop\\nodejs\\projects\\aitam\\work\\, path: C:\\develop\\nodejs\\projects\\aitam\\work\\3f3b8c0a-c9a9-4b6b-9ff7-db614148d5c2.xml","level":"\u001b[34minfo\u001b[39m","timestamp":"2019-01-26 13:15:00"}
{"message":"garbage collector deleted  3f3b8c0a-c9a9-4b6b-9ff7-db614148d5c2.src on folder: C:\\develop\\nodejs\\projects\\aitam\\work\\, path: C:\\develop\\nodejs\\projects\\aitam\\work\\3f3b8c0a-c9a9-4b6b-9ff7-db614148d5c2.src","level":"\u001b[34minfo\u001b[39m","timestamp":"2019-01-26 13:15:00"}
{"message":"garbage collector deleted  4dcd6fd4-4599-4e4e-b4c1-00e2dd0c0bd9.src on folder: C:\\develop\\nodejs\\projects\\aitam\\work\\, path: C:\\develop\\nodejs\\projects\\aitam\\work\\4dcd6fd4-4599-4e4e-b4c1-00e2dd0c0bd9.src","level":"\u001b[34minfo\u001b[39m","timestamp":"2019-01-26 13:15:00"}
{"message":"garbage collector deleted  4dcd6fd4-4599-4e4e-b4c1-00e2dd0c0bd9.tkn on folder: C:\\develop\\nodejs\\projects\\aitam\\work\\, path: C:\\develop\\nodejs\\projects\\aitam\\work\\4dcd6fd4-4599-4e4e-b4c1-00e2dd0c0bd9.tkn","level":"\u001b[34minfo\u001b[39m","timestamp":"2019-01-26 13:15:00"}
{"message":"garbage collector deleted  4dcd6fd4-4599-4e4e-b4c1-00e2dd0c0bd9.vec on folder: C:\\develop\\nodejs\\projects\\aitam\\work\\, path: C:\\develop\\nodejs\\projects\\aitam\\work\\4dcd6fd4-4599-4e4e-b4c1-00e2dd0c0bd9.vec","level":"\u001b[34minfo\u001b[39m","timestamp":"2019-01-26 13:15:00"}
{"message":"garbage collector deleted  4dcd6fd4-4599-4e4e-b4c1-00e2dd0c0bd9.xml on folder: C:\\develop\\nodejs\\projects\\aitam\\work\\, path: C:\\develop\\nodejs\\projects\\aitam\\work\\4dcd6fd4-4599-4e4e-b4c1-00e2dd0c0bd9.xml","level":"\u001b[34minfo\u001b[39m","timestamp":"2019-01-26 13:15:00"}
{"message":"garbage collector deleted  55100cfb-021d-4b83-a3c4-91cf1f5522db.src on folder: C:\\develop\\nodejs\\projects\\aitam\\work\\, path: C:\\develop\\nodejs\\projects\\aitam\\work\\55100cfb-021d-4b83-a3c4-91cf1f5522db.src","level":"\u001b[34minfo\u001b[39m","timestamp":"2019-01-26 13:15:00"}
{"message":"garbage collector deleted  55100cfb-021d-4b83-a3c4-91cf1f5522db.tkn on folder: C:\\develop\\nodejs\\projects\\aitam\\work\\, path: C:\\develop\\nodejs\\projects\\aitam\\work\\55100cfb-021d-4b83-a3c4-91cf1f5522db.tkn","level":"\u001b[34minfo\u001b[39m","timestamp":"2019-01-26 13:15:00"}
{"message":"garbage collector deleted  55100cfb-021d-4b83-a3c4-91cf1f5522db.vec on folder: C:\\develop\\nodejs\\projects\\aitam\\work\\, path: C:\\develop\\nodejs\\projects\\aitam\\work\\55100cfb-021d-4b83-a3c4-91cf1f5522db.vec","level":"\u001b[34minfo\u001b[39m","timestamp":"2019-01-26 13:15:00"}
{"message":"garbage collector deleted  685c98b3-dac2-4fca-b933-47a600bf15fc.src on folder: C:\\develop\\nodejs\\projects\\aitam\\work\\, path: C:\\develop\\nodejs\\projects\\aitam\\work\\685c98b3-dac2-4fca-b933-47a600bf15fc.src","level":"\u001b[34minfo\u001b[39m","timestamp":"2019-01-26 13:15:00"}
{"message":"garbage collector deleted  55100cfb-021d-4b83-a3c4-91cf1f5522db.xml on folder: C:\\develop\\nodejs\\projects\\aitam\\work\\, path: C:\\develop\\nodejs\\projects\\aitam\\work\\55100cfb-021d-4b83-a3c4-91cf1f5522db.xml","level":"\u001b[34minfo\u001b[39m","timestamp":"2019-01-26 13:15:00"}
{"message":"garbage collector deleted  685c98b3-dac2-4fca-b933-47a600bf15fc.tkn on folder: C:\\develop\\nodejs\\projects\\aitam\\work\\, path: C:\\develop\\nodejs\\projects\\aitam\\work\\685c98b3-dac2-4fca-b933-47a600bf15fc.tkn","level":"\u001b[34minfo\u001b[39m","timestamp":"2019-01-26 13:15:00"}
{"message":"garbage collector deleted  685c98b3-dac2-4fca-b933-47a600bf15fc.vec on folder: C:\\develop\\nodejs\\projects\\aitam\\work\\, path: C:\\develop\\nodejs\\projects\\aitam\\work\\685c98b3-dac2-4fca-b933-47a600bf15fc.vec","level":"\u001b[34minfo\u001b[39m","timestamp":"2019-01-26 13:15:00"}
{"message":"garbage collector deleted  685c98b3-dac2-4fca-b933-47a600bf15fc.xml on folder: C:\\develop\\nodejs\\projects\\aitam\\work\\, path: C:\\develop\\nodejs\\projects\\aitam\\work\\685c98b3-dac2-4fca-b933-47a600bf15fc.xml","level":"\u001b[34minfo\u001b[39m","timestamp":"2019-01-26 13:15:00"}
{"message":"garbage collector deleted  6a054f4a-2862-4cbd-953e-dd676e0745ed.src on folder: C:\\develop\\nodejs\\projects\\aitam\\work\\, path: C:\\develop\\nodejs\\projects\\aitam\\work\\6a054f4a-2862-4cbd-953e-dd676e0745ed.src","level":"\u001b[34minfo\u001b[39m","timestamp":"2019-01-26 13:15:00"}
{"message":"garbage collector deleted  6a054f4a-2862-4cbd-953e-dd676e0745ed.tkn on folder: C:\\develop\\nodejs\\projects\\aitam\\work\\, path: C:\\develop\\nodejs\\projects\\aitam\\work\\6a054f4a-2862-4cbd-953e-dd676e0745ed.tkn","level":"\u001b[34minfo\u001b[39m","timestamp":"2019-01-26 13:15:00"}
{"message":"garbage collector deleted  6a054f4a-2862-4cbd-953e-dd676e0745ed.vec on folder: C:\\develop\\nodejs\\projects\\aitam\\work\\, path: C:\\develop\\nodejs\\projects\\aitam\\work\\6a054f4a-2862-4cbd-953e-dd676e0745ed.vec","level":"\u001b[34minfo\u001b[39m","timestamp":"2019-01-26 13:15:00"}
{"message":"garbage collector deleted  6a054f4a-2862-4cbd-953e-dd676e0745ed.xml on folder: C:\\develop\\nodejs\\projects\\aitam\\work\\, path: C:\\develop\\nodejs\\projects\\aitam\\work\\6a054f4a-2862-4cbd-953e-dd676e0745ed.xml","level":"\u001b[34minfo\u001b[39m","timestamp":"2019-01-26 13:15:00"}
{"message":"garbage collector deleted  b2281258-3ec8-46e7-a9a3-3256d376fd7c.src on folder: C:\\develop\\nodejs\\projects\\aitam\\work\\, path: C:\\develop\\nodejs\\projects\\aitam\\work\\b2281258-3ec8-46e7-a9a3-3256d376fd7c.src","level":"\u001b[34minfo\u001b[39m","timestamp":"2019-01-26 13:15:00"}
{"message":"garbage collector deleted  b2281258-3ec8-46e7-a9a3-3256d376fd7c.vec on folder: C:\\develop\\nodejs\\projects\\aitam\\work\\, path: C:\\develop\\nodejs\\projects\\aitam\\work\\b2281258-3ec8-46e7-a9a3-3256d376fd7c.vec","level":"\u001b[34minfo\u001b[39m","timestamp":"2019-01-26 13:15:00"}
{"message":"garbage collector deleted  b2281258-3ec8-46e7-a9a3-3256d376fd7c.xml on folder: C:\\develop\\nodejs\\projects\\aitam\\work\\, path: C:\\develop\\nodejs\\projects\\aitam\\work\\b2281258-3ec8-46e7-a9a3-3256d376fd7c.xml","level":"\u001b[34minfo\u001b[39m","timestamp":"2019-01-26 13:15:00"}
{"message":"garbage collector deleted  b88dd5d4-e5d6-45b9-a02b-54ec191b98c2.src on folder: C:\\develop\\nodejs\\projects\\aitam\\work\\, path: C:\\develop\\nodejs\\projects\\aitam\\work\\b88dd5d4-e5d6-45b9-a02b-54ec191b98c2.src","level":"\u001b[34minfo\u001b[39m","timestamp":"2019-01-26 13:15:00"}
{"message":"garbage collector deleted  b88dd5d4-e5d6-45b9-a02b-54ec191b98c2.tkn on folder: C:\\develop\\nodejs\\projects\\aitam\\work\\, path: C:\\develop\\nodejs\\projects\\aitam\\work\\b88dd5d4-e5d6-45b9-a02b-54ec191b98c2.tkn","level":"\u001b[34minfo\u001b[39m","timestamp":"2019-01-26 13:15:00"}
{"message":"garbage collector deleted  b88dd5d4-e5d6-45b9-a02b-54ec191b98c2.xml on folder: C:\\develop\\nodejs\\projects\\aitam\\work\\, path: C:\\develop\\nodejs\\projects\\aitam\\work\\b88dd5d4-e5d6-45b9-a02b-54ec191b98c2.xml","level":"\u001b[34minfo\u001b[39m","timestamp":"2019-01-26 13:15:00"}
{"message":"garbage collector deleted  cc7958c1-2ee4-49fa-93b2-2abfe46cab2a.src on folder: C:\\develop\\nodejs\\projects\\aitam\\work\\, path: C:\\develop\\nodejs\\projects\\aitam\\work\\cc7958c1-2ee4-49fa-93b2-2abfe46cab2a.src","level":"\u001b[34minfo\u001b[39m","timestamp":"2019-01-26 13:15:00"}
{"message":"garbage collector deleted  cc7958c1-2ee4-49fa-93b2-2abfe46cab2a.tkn on folder: C:\\develop\\nodejs\\projects\\aitam\\work\\, path: C:\\develop\\nodejs\\projects\\aitam\\work\\cc7958c1-2ee4-49fa-93b2-2abfe46cab2a.tkn","level":"\u001b[34minfo\u001b[39m","timestamp":"2019-01-26 13:15:00"}
{"message":"garbage collector deleted  cc7958c1-2ee4-49fa-93b2-2abfe46cab2a.xml on folder: C:\\develop\\nodejs\\projects\\aitam\\work\\, path: C:\\develop\\nodejs\\projects\\aitam\\work\\cc7958c1-2ee4-49fa-93b2-2abfe46cab2a.xml","level":"\u001b[34minfo\u001b[39m","timestamp":"2019-01-26 13:15:00"}
{"message":"garbage collector deleted  f062b760-0de7-4c80-a0f6-308be8e6774e.src on folder: C:\\develop\\nodejs\\projects\\aitam\\work\\, path: C:\\develop\\nodejs\\projects\\aitam\\work\\f062b760-0de7-4c80-a0f6-308be8e6774e.src","level":"\u001b[34minfo\u001b[39m","timestamp":"2019-01-26 13:15:00"}
{"message":"garbage collector deleted  f062b760-0de7-4c80-a0f6-308be8e6774e.tkn on folder: C:\\develop\\nodejs\\projects\\aitam\\work\\, path: C:\\develop\\nodejs\\projects\\aitam\\work\\f062b760-0de7-4c80-a0f6-308be8e6774e.tkn","level":"\u001b[34minfo\u001b[39m","timestamp":"2019-01-26 13:15:00"}
{"message":"garbage collector deleted  b2281258-3ec8-46e7-a9a3-3256d376fd7c.tkn on folder: C:\\develop\\nodejs\\projects\\aitam\\work\\, path: C:\\develop\\nodejs\\projects\\aitam\\work\\b2281258-3ec8-46e7-a9a3-3256d376fd7c.tkn","level":"\u001b[34minfo\u001b[39m","timestamp":"2019-01-26 13:15:00"}
{"message":"garbage collector deleted  f062b760-0de7-4c80-a0f6-308be8e6774e.xml on folder: C:\\develop\\nodejs\\projects\\aitam\\work\\, path: C:\\develop\\nodejs\\projects\\aitam\\work\\f062b760-0de7-4c80-a0f6-308be8e6774e.xml","level":"\u001b[34minfo\u001b[39m","timestamp":"2019-01-26 13:15:00"}
{"message":"garbage collector error:  Error: Can't read file C:\\develop\\nodejs\\projects\\aitam\\work\\b2281258-3ec8-46e7-a9a3-3256d376fd7c.tkn","level":"\u001b[34minfo\u001b[39m","timestamp":"2019-01-26 13:15:00"}
{"message":"garbage collector error:  Error: Can't read file C:\\develop\\nodejs\\projects\\aitam\\work\\f062b760-0de7-4c80-a0f6-308be8e6774e.tkn","level":"\u001b[34minfo\u001b[39m","timestamp":"2019-01-26 13:15:00"}
{"message":"garbage collector error:  Error: Can't read file C:\\develop\\nodejs\\projects\\aitam\\work\\f062b760-0de7-4c80-a0f6-308be8e6774e.xml","level":"\u001b[34minfo\u001b[39m","timestamp":"2019-01-26 13:15:00"}
{"message":"garbage collector started on path: C:\\develop\\nodejs\\projects\\aitam\\work\\","level":"\u001b[34minfo\u001b[39m","timestamp":"2019-01-26 13:17:08"}
{"message":"garbage collector started on path: C:\\develop\\nodejs\\projects\\aitam\\work\\","level":"\u001b[34minfo\u001b[39m","timestamp":"2019-01-26 13:18:29"}
{"message":"garbage collector started on path: C:\\develop\\nodejs\\projects\\aitam\\work\\","level":"\u001b[34minfo\u001b[39m","timestamp":"2019-01-26 13:20:52"}
{"message":"garbage collector started on path: C:\\develop\\nodejs\\projects\\aitam\\work\\","level":"\u001b[34minfo\u001b[39m","timestamp":"2019-01-26 13:24:07"}
{"message":"garbage collector started on path: C:\\develop\\nodejs\\projects\\aitam\\work\\","level":"\u001b[34minfo\u001b[39m","timestamp":"2019-01-26 13:27:01"}
{"message":"garbage collector started on path: C:\\develop\\nodejs\\projects\\aitam\\work\\","level":"\u001b[34minfo\u001b[39m","timestamp":"2019-01-26 13:35:51"}
{"message":"garbage collector started on path: C:\\develop\\nodejs\\projects\\aitam\\work\\","level":"\u001b[34minfo\u001b[39m","timestamp":"2019-01-26 13:49:39"}
{"message":"garbage collector started on path: C:\\develop\\nodejs\\projects\\aitam\\work\\","level":"\u001b[34minfo\u001b[39m","timestamp":"2019-01-26 13:53:36"}
{"message":"garbage collector started on path: C:\\develop\\nodejs\\projects\\aitam\\work\\","level":"\u001b[34minfo\u001b[39m","timestamp":"2019-01-26 13:58:13"}
{"message":"req.user: undefined","level":"\u001b[34minfo\u001b[39m","timestamp":"2019-01-26 14:04:47"}
{"message":"Session id started: {\"user\":\"2f24vvg\"}","level":"\u001b[34minfo\u001b[39m","timestamp":"2019-01-26 14:04:47"}
{"message":"User logged in: {\"id\":\"2f24vvg\",\"email\":\"test@test.com\",\"password\":\"$2a$10$A2g6pbxxhLA9MNYRJ0rnzOf/7Ara76B0KcRdjzUcsIBIclRuas/fG\"}","level":"\u001b[34minfo\u001b[39m","timestamp":"2019-01-26 14:04:47"}
{"message":"User (2f24vvg) uploaded a file: {\"file-upload\":{\"size\":454120,\"path\":\"C:\\\\develop\\\\nodejs\\\\projects\\\\aitam\\\\work\\\\d2068e4f-4a53-46bd-a8e1-0a464ec1593c.xml\",\"name\":\"test_site2.xml\",\"type\":\"text/xml\",\"mtime\":\"2019-01-26T14:05:21.419Z\"}}","level":"\u001b[34minfo\u001b[39m","timestamp":"2019-01-26 14:05:21"}
{"message":"Session created received the id:d2068e4f-4a53-46bd-a8e1-0a464ec1593c","level":"\u001b[34minfo\u001b[39m","timestamp":"2019-01-26 14:25:08"}
{"message":"404 - Not Found","level":"\u001b[33mwarn\u001b[39m","timestamp":"2019-01-26 15:25:08"}
{"message":"garbage collector started on path: C:\\develop\\nodejs\\projects\\aitam\\work\\","level":"\u001b[34minfo\u001b[39m","timestamp":"2019-01-26 15:26:36"}
{"message":"req.user: undefined","level":"\u001b[34minfo\u001b[39m","timestamp":"2019-01-26 15:26:43"}
{"message":"Session id started: {\"user\":\"2f24vvg\"}","level":"\u001b[34minfo\u001b[39m","timestamp":"2019-01-26 15:26:43"}
{"message":"User logged in: {\"id\":\"2f24vvg\",\"email\":\"test@test.com\",\"password\":\"$2a$10$A2g6pbxxhLA9MNYRJ0rnzOf/7Ara76B0KcRdjzUcsIBIclRuas/fG\"}","level":"\u001b[34minfo\u001b[39m","timestamp":"2019-01-26 15:26:43"}
{"message":"User (2f24vvg) uploaded a file: {\"file-upload\":{\"size\":454120,\"path\":\"C:\\\\develop\\\\nodejs\\\\projects\\\\aitam\\\\work\\\\8decf509-9090-4003-9179-5054cb75526d.xml\",\"name\":\"test_site2.xml\",\"type\":\"text/xml\",\"mtime\":\"2019-01-26T15:27:00.113Z\"}}","level":"\u001b[34minfo\u001b[39m","timestamp":"2019-01-26 15:27:00"}
{"message":"garbage collector started on path: C:\\develop\\nodejs\\projects\\aitam\\work\\","level":"\u001b[34minfo\u001b[39m","timestamp":"2019-01-26 15:29:47"}
{"message":"req.user: undefined","level":"\u001b[34minfo\u001b[39m","timestamp":"2019-01-26 15:31:56"}
{"message":"Session id started: {\"user\":\"2f24vvg\"}","level":"\u001b[34minfo\u001b[39m","timestamp":"2019-01-26 15:31:56"}
{"message":"User logged in: {\"id\":\"2f24vvg\",\"email\":\"test@test.com\",\"password\":\"$2a$10$A2g6pbxxhLA9MNYRJ0rnzOf/7Ara76B0KcRdjzUcsIBIclRuas/fG\"}","level":"\u001b[34minfo\u001b[39m","timestamp":"2019-01-26 15:31:56"}
{"message":"User (2f24vvg) uploaded a file: {\"file-upload\":{\"size\":454120,\"path\":\"C:\\\\develop\\\\nodejs\\\\projects\\\\aitam\\\\work\\\\675e7518-34e1-4b27-a8ed-dcbfbff8c5a6.xml\",\"name\":\"test_site2.xml\",\"type\":\"text/xml\",\"mtime\":\"2019-01-26T15:32:01.942Z\"}}","level":"\u001b[34minfo\u001b[39m","timestamp":"2019-01-26 15:32:01"}
{"message":"Session created received the id:675e7518-34e1-4b27-a8ed-dcbfbff8c5a6","level":"\u001b[34minfo\u001b[39m","timestamp":"2019-01-26 16:12:04"}
{"message":"Session created received the id:675e7518-34e1-4b27-a8ed-dcbfbff8c5a6","level":"\u001b[34minfo\u001b[39m","timestamp":"2019-01-26 16:17:11"}
{"message":"Session created received the id:675e7518-34e1-4b27-a8ed-dcbfbff8c5a6","level":"\u001b[34minfo\u001b[39m","timestamp":"2019-01-26 16:18:29"}
{"message":"Session created received the id:675e7518-34e1-4b27-a8ed-dcbfbff8c5a6","level":"\u001b[34minfo\u001b[39m","timestamp":"2019-01-26 16:18:37"}
