{"message":"garbage collector started on path: C:\\develop\\nodejs\\projects\\aitam\\work\\","level":"\u001b[34minfo\u001b[39m","timestamp":"2019-09-19 08:14:05"}
{"message":"garbage collector started on path: C:\\develop\\nodejs\\projects\\aitam\\work\\","level":"\u001b[34minfo\u001b[39m","timestamp":"2019-09-19 08:15:33"}
{"message":"Session created received the id:1f8bdfaa-c523-4ac7-8982-843aa9599e19","level":"\u001b[34minfo\u001b[39m","timestamp":"2019-09-19 08:15:41"}
{"message":"req.user: undefined","level":"\u001b[34minfo\u001b[39m","timestamp":"2019-09-19 08:15:46"}
{"message":"Session id started: {\"user\":\"2f24vvg\"}","level":"\u001b[34minfo\u001b[39m","timestamp":"2019-09-19 08:15:46"}
{"message":"User logged in: {\"id\":\"2f24vvg\",\"email\":\"test@test.com\",\"password\":\"$2a$10$A2g6pbxxhLA9MNYRJ0rnzOf/7Ara76B0KcRdjzUcsIBIclRuas/fG\"}","level":"\u001b[34minfo\u001b[39m","timestamp":"2019-09-19 08:15:46"}
{"message":"User (2f24vvg) uploaded a file: {\"file-upload\":{\"size\":527710,\"path\":\"C:\\\\develop\\\\nodejs\\\\projects\\\\aitam\\\\work\\\\1f8bdfaa-c523-4ac7-8982-843aa9599e19.xml\",\"name\":\"5161285c-fcce-49a6-bf8a-695c37390dfd.xml\",\"type\":\"text/xml\",\"mtime\":\"2019-09-19T07:15:57.258Z\"}}","level":"\u001b[34minfo\u001b[39m","timestamp":"2019-09-19 08:15:57"}
{"message":"garbage collector started on path: C:\\develop\\nodejs\\projects\\aitam\\work\\","level":"\u001b[34minfo\u001b[39m","timestamp":"2019-09-19 08:48:29"}
{"message":"req.user: undefined","level":"\u001b[34minfo\u001b[39m","timestamp":"2019-09-19 08:48:37"}
{"message":"Session id started: {\"user\":\"2f24vvg\"}","level":"\u001b[34minfo\u001b[39m","timestamp":"2019-09-19 08:48:37"}
{"message":"User logged in: {\"id\":\"2f24vvg\",\"email\":\"test@test.com\",\"password\":\"$2a$10$A2g6pbxxhLA9MNYRJ0rnzOf/7Ara76B0KcRdjzUcsIBIclRuas/fG\"}","level":"\u001b[34minfo\u001b[39m","timestamp":"2019-09-19 08:48:37"}
{"message":"User (2f24vvg) uploaded a file: {\"file-upload\":{\"size\":527710,\"path\":\"C:\\\\develop\\\\nodejs\\\\projects\\\\aitam\\\\work\\\\e860b396-338e-4637-bbef-f012106fbbb7.xml\",\"name\":\"5161285c-fcce-49a6-bf8a-695c37390dfd.xml\",\"type\":\"text/xml\",\"mtime\":\"2019-09-19T07:48:45.120Z\"}}","level":"\u001b[34minfo\u001b[39m","timestamp":"2019-09-19 08:48:45"}
{"message":"garbage collector started on path: C:\\develop\\nodejs\\projects\\aitam\\work\\","level":"\u001b[34minfo\u001b[39m","timestamp":"2019-09-19 08:49:55"}
{"message":"req.user: undefined","level":"\u001b[34minfo\u001b[39m","timestamp":"2019-09-19 08:50:06"}
{"message":"Session id started: {\"user\":\"2f24vvg\"}","level":"\u001b[34minfo\u001b[39m","timestamp":"2019-09-19 08:50:06"}
{"message":"User logged in: {\"id\":\"2f24vvg\",\"email\":\"test@test.com\",\"password\":\"$2a$10$A2g6pbxxhLA9MNYRJ0rnzOf/7Ara76B0KcRdjzUcsIBIclRuas/fG\"}","level":"\u001b[34minfo\u001b[39m","timestamp":"2019-09-19 08:50:06"}
{"message":"User (2f24vvg) uploaded a file: {\"file-upload\":{\"size\":527710,\"path\":\"C:\\\\develop\\\\nodejs\\\\projects\\\\aitam\\\\work\\\\09f85110-6daf-45c4-b101-56cb31c377a9.xml\",\"name\":\"5161285c-fcce-49a6-bf8a-695c37390dfd.xml\",\"type\":\"text/xml\",\"mtime\":\"2019-09-19T07:50:13.758Z\"}}","level":"\u001b[34minfo\u001b[39m","timestamp":"2019-09-19 08:50:13"}
{"message":"garbage collector started on path: C:\\develop\\nodejs\\projects\\aitam\\work\\","level":"\u001b[34minfo\u001b[39m","timestamp":"2019-09-19 08:53:26"}
{"message":"req.user: undefined","level":"\u001b[34minfo\u001b[39m","timestamp":"2019-09-19 08:53:31"}
{"message":"Session id started: {\"user\":\"2f24vvg\"}","level":"\u001b[34minfo\u001b[39m","timestamp":"2019-09-19 08:53:31"}
{"message":"User logged in: {\"id\":\"2f24vvg\",\"email\":\"test@test.com\",\"password\":\"$2a$10$A2g6pbxxhLA9MNYRJ0rnzOf/7Ara76B0KcRdjzUcsIBIclRuas/fG\"}","level":"\u001b[34minfo\u001b[39m","timestamp":"2019-09-19 08:53:31"}
{"message":"User (2f24vvg) uploaded a file: {\"file-upload\":{\"size\":527710,\"path\":\"C:\\\\develop\\\\nodejs\\\\projects\\\\aitam\\\\work\\\\b9e33194-0e3a-49ce-8fa1-aac7909ea8ba.xml\",\"name\":\"5161285c-fcce-49a6-bf8a-695c37390dfd.xml\",\"type\":\"text/xml\",\"mtime\":\"2019-09-19T07:53:37.044Z\"}}","level":"\u001b[34minfo\u001b[39m","timestamp":"2019-09-19 08:53:37"}
{"message":"garbage collector started on path: C:\\develop\\nodejs\\projects\\aitam\\work\\","level":"\u001b[34minfo\u001b[39m","timestamp":"2019-09-19 08:57:36"}
{"message":"req.user: undefined","level":"\u001b[34minfo\u001b[39m","timestamp":"2019-09-19 08:57:49"}
{"message":"Session id started: {\"user\":\"2f24vvg\"}","level":"\u001b[34minfo\u001b[39m","timestamp":"2019-09-19 08:57:49"}
{"message":"User logged in: {\"id\":\"2f24vvg\",\"email\":\"test@test.com\",\"password\":\"$2a$10$A2g6pbxxhLA9MNYRJ0rnzOf/7Ara76B0KcRdjzUcsIBIclRuas/fG\"}","level":"\u001b[34minfo\u001b[39m","timestamp":"2019-09-19 08:57:49"}
{"message":"User (2f24vvg) uploaded a file: {\"file-upload\":{\"size\":527710,\"path\":\"C:\\\\develop\\\\nodejs\\\\projects\\\\aitam\\\\work\\\\253a9c5c-a086-42c9-a2ad-8f62aa26f836.xml\",\"name\":\"5161285c-fcce-49a6-bf8a-695c37390dfd.xml\",\"type\":\"text/xml\",\"mtime\":\"2019-09-19T07:57:59.448Z\"}}","level":"\u001b[34minfo\u001b[39m","timestamp":"2019-09-19 08:57:59"}
{"message":"garbage collector started on path: C:\\develop\\nodejs\\projects\\aitam\\work\\","level":"\u001b[34minfo\u001b[39m","timestamp":"2019-09-19 09:03:52"}
{"message":"req.user: undefined","level":"\u001b[34minfo\u001b[39m","timestamp":"2019-09-19 09:03:56"}
{"message":"Session id started: {\"user\":\"2f24vvg\"}","level":"\u001b[34minfo\u001b[39m","timestamp":"2019-09-19 09:03:56"}
{"message":"User logged in: {\"id\":\"2f24vvg\",\"email\":\"test@test.com\",\"password\":\"$2a$10$A2g6pbxxhLA9MNYRJ0rnzOf/7Ara76B0KcRdjzUcsIBIclRuas/fG\"}","level":"\u001b[34minfo\u001b[39m","timestamp":"2019-09-19 09:03:56"}
{"message":"User (2f24vvg) uploaded a file: {\"file-upload\":{\"size\":527710,\"path\":\"C:\\\\develop\\\\nodejs\\\\projects\\\\aitam\\\\work\\\\02b3acc6-2425-4452-bc5e-2692914e1980.xml\",\"name\":\"5161285c-fcce-49a6-bf8a-695c37390dfd.xml\",\"type\":\"text/xml\",\"mtime\":\"2019-09-19T08:04:02.708Z\"}}","level":"\u001b[34minfo\u001b[39m","timestamp":"2019-09-19 09:04:02"}
{"message":"garbage collector started on path: C:\\develop\\nodejs\\projects\\aitam\\work\\","level":"\u001b[34minfo\u001b[39m","timestamp":"2019-09-19 09:05:25"}
{"message":"req.user: undefined","level":"\u001b[34minfo\u001b[39m","timestamp":"2019-09-19 09:05:33"}
{"message":"Session id started: {\"user\":\"2f24vvg\"}","level":"\u001b[34minfo\u001b[39m","timestamp":"2019-09-19 09:05:33"}
{"message":"User logged in: {\"id\":\"2f24vvg\",\"email\":\"test@test.com\",\"password\":\"$2a$10$A2g6pbxxhLA9MNYRJ0rnzOf/7Ara76B0KcRdjzUcsIBIclRuas/fG\"}","level":"\u001b[34minfo\u001b[39m","timestamp":"2019-09-19 09:05:33"}
{"message":"User (2f24vvg) uploaded a file: {\"file-upload\":{\"size\":527710,\"path\":\"C:\\\\develop\\\\nodejs\\\\projects\\\\aitam\\\\work\\\\2d577ece-b2bd-4c45-a7e4-f7c9f4e6bfa9.xml\",\"name\":\"5161285c-fcce-49a6-bf8a-695c37390dfd.xml\",\"type\":\"text/xml\",\"mtime\":\"2019-09-19T08:05:44.139Z\"}}","level":"\u001b[34minfo\u001b[39m","timestamp":"2019-09-19 09:05:44"}
