{"message":"garbage collector started on path: C:\\develop\\nodejs\\projects\\aitam\\work\\","level":"\u001b[34minfo\u001b[39m","timestamp":"2019-01-28 21:13:50"}
{"message":"garbage collector deleted  092b39d8-7d21-4269-9de9-b91536d6adad.odt on folder: C:\\develop\\nodejs\\projects\\aitam\\work\\, path: C:\\develop\\nodejs\\projects\\aitam\\work\\092b39d8-7d21-4269-9de9-b91536d6adad.odt","level":"\u001b[34minfo\u001b[39m","timestamp":"2019-01-28 21:15:00"}
{"message":"garbage collector deleted  092b39d8-7d21-4269-9de9-b91536d6adad.src on folder: C:\\develop\\nodejs\\projects\\aitam\\work\\, path: C:\\develop\\nodejs\\projects\\aitam\\work\\092b39d8-7d21-4269-9de9-b91536d6adad.src","level":"\u001b[34minfo\u001b[39m","timestamp":"2019-01-28 21:15:00"}
{"message":"garbage collector deleted  092b39d8-7d21-4269-9de9-b91536d6adad.tkn on folder: C:\\develop\\nodejs\\projects\\aitam\\work\\, path: C:\\develop\\nodejs\\projects\\aitam\\work\\092b39d8-7d21-4269-9de9-b91536d6adad.tkn","level":"\u001b[34minfo\u001b[39m","timestamp":"2019-01-28 21:15:00"}
{"message":"garbage collector deleted  092b39d8-7d21-4269-9de9-b91536d6adad.vec on folder: C:\\develop\\nodejs\\projects\\aitam\\work\\, path: C:\\develop\\nodejs\\projects\\aitam\\work\\092b39d8-7d21-4269-9de9-b91536d6adad.vec","level":"\u001b[34minfo\u001b[39m","timestamp":"2019-01-28 21:15:00"}
{"message":"garbage collector deleted  092b39d8-7d21-4269-9de9-b91536d6adad.xml on folder: C:\\develop\\nodejs\\projects\\aitam\\work\\, path: C:\\develop\\nodejs\\projects\\aitam\\work\\092b39d8-7d21-4269-9de9-b91536d6adad.xml","level":"\u001b[34minfo\u001b[39m","timestamp":"2019-01-28 21:15:00"}
{"message":"garbage collector deleted  675e7518-34e1-4b27-a8ed-dcbfbff8c5a6.src on folder: C:\\develop\\nodejs\\projects\\aitam\\work\\, path: C:\\develop\\nodejs\\projects\\aitam\\work\\675e7518-34e1-4b27-a8ed-dcbfbff8c5a6.src","level":"\u001b[34minfo\u001b[39m","timestamp":"2019-01-28 21:15:00"}
{"message":"garbage collector deleted  675e7518-34e1-4b27-a8ed-dcbfbff8c5a6.tkn on folder: C:\\develop\\nodejs\\projects\\aitam\\work\\, path: C:\\develop\\nodejs\\projects\\aitam\\work\\675e7518-34e1-4b27-a8ed-dcbfbff8c5a6.tkn","level":"\u001b[34minfo\u001b[39m","timestamp":"2019-01-28 21:15:00"}
{"message":"garbage collector deleted  675e7518-34e1-4b27-a8ed-dcbfbff8c5a6.vec on folder: C:\\develop\\nodejs\\projects\\aitam\\work\\, path: C:\\develop\\nodejs\\projects\\aitam\\work\\675e7518-34e1-4b27-a8ed-dcbfbff8c5a6.vec","level":"\u001b[34minfo\u001b[39m","timestamp":"2019-01-28 21:15:00"}
{"message":"garbage collector deleted  675e7518-34e1-4b27-a8ed-dcbfbff8c5a6.xml on folder: C:\\develop\\nodejs\\projects\\aitam\\work\\, path: C:\\develop\\nodejs\\projects\\aitam\\work\\675e7518-34e1-4b27-a8ed-dcbfbff8c5a6.xml","level":"\u001b[34minfo\u001b[39m","timestamp":"2019-01-28 21:15:00"}
{"message":"garbage collector deleted  8decf509-9090-4003-9179-5054cb75526d.src on folder: C:\\develop\\nodejs\\projects\\aitam\\work\\, path: C:\\develop\\nodejs\\projects\\aitam\\work\\8decf509-9090-4003-9179-5054cb75526d.src","level":"\u001b[34minfo\u001b[39m","timestamp":"2019-01-28 21:15:00"}
{"message":"garbage collector deleted  8decf509-9090-4003-9179-5054cb75526d.tkn on folder: C:\\develop\\nodejs\\projects\\aitam\\work\\, path: C:\\develop\\nodejs\\projects\\aitam\\work\\8decf509-9090-4003-9179-5054cb75526d.tkn","level":"\u001b[34minfo\u001b[39m","timestamp":"2019-01-28 21:15:00"}
{"message":"garbage collector deleted  8decf509-9090-4003-9179-5054cb75526d.vec on folder: C:\\develop\\nodejs\\projects\\aitam\\work\\, path: C:\\develop\\nodejs\\projects\\aitam\\work\\8decf509-9090-4003-9179-5054cb75526d.vec","level":"\u001b[34minfo\u001b[39m","timestamp":"2019-01-28 21:15:00"}
{"message":"garbage collector deleted  8decf509-9090-4003-9179-5054cb75526d.xml on folder: C:\\develop\\nodejs\\projects\\aitam\\work\\, path: C:\\develop\\nodejs\\projects\\aitam\\work\\8decf509-9090-4003-9179-5054cb75526d.xml","level":"\u001b[34minfo\u001b[39m","timestamp":"2019-01-28 21:15:00"}
{"message":"garbage collector deleted  d2068e4f-4a53-46bd-a8e1-0a464ec1593c.src on folder: C:\\develop\\nodejs\\projects\\aitam\\work\\, path: C:\\develop\\nodejs\\projects\\aitam\\work\\d2068e4f-4a53-46bd-a8e1-0a464ec1593c.src","level":"\u001b[34minfo\u001b[39m","timestamp":"2019-01-28 21:15:00"}
{"message":"garbage collector deleted  d2068e4f-4a53-46bd-a8e1-0a464ec1593c.tkn on folder: C:\\develop\\nodejs\\projects\\aitam\\work\\, path: C:\\develop\\nodejs\\projects\\aitam\\work\\d2068e4f-4a53-46bd-a8e1-0a464ec1593c.tkn","level":"\u001b[34minfo\u001b[39m","timestamp":"2019-01-28 21:15:00"}
{"message":"garbage collector deleted  d2068e4f-4a53-46bd-a8e1-0a464ec1593c.vec on folder: C:\\develop\\nodejs\\projects\\aitam\\work\\, path: C:\\develop\\nodejs\\projects\\aitam\\work\\d2068e4f-4a53-46bd-a8e1-0a464ec1593c.vec","level":"\u001b[34minfo\u001b[39m","timestamp":"2019-01-28 21:15:00"}
{"message":"garbage collector deleted  d2068e4f-4a53-46bd-a8e1-0a464ec1593c.xml on folder: C:\\develop\\nodejs\\projects\\aitam\\work\\, path: C:\\develop\\nodejs\\projects\\aitam\\work\\d2068e4f-4a53-46bd-a8e1-0a464ec1593c.xml","level":"\u001b[34minfo\u001b[39m","timestamp":"2019-01-28 21:15:00"}
{"message":"garbage collector deleted  e04beb74-270f-4a0e-a6fe-29bf146b997a.xml on folder: C:\\develop\\nodejs\\projects\\aitam\\work\\, path: C:\\develop\\nodejs\\projects\\aitam\\work\\e04beb74-270f-4a0e-a6fe-29bf146b997a.xml","level":"\u001b[34minfo\u001b[39m","timestamp":"2019-01-28 21:15:00"}
{"message":"garbage collector error:  Error: Can't read file C:\\develop\\nodejs\\projects\\aitam\\work\\092b39d8-7d21-4269-9de9-b91536d6adad.odt","level":"\u001b[34minfo\u001b[39m","timestamp":"2019-01-28 21:15:00"}
{"message":"garbage collector error:  Error: Can't read file C:\\develop\\nodejs\\projects\\aitam\\work\\092b39d8-7d21-4269-9de9-b91536d6adad.src","level":"\u001b[34minfo\u001b[39m","timestamp":"2019-01-28 21:15:00"}
{"message":"garbage collector error:  Error: Can't read file C:\\develop\\nodejs\\projects\\aitam\\work\\092b39d8-7d21-4269-9de9-b91536d6adad.tkn","level":"\u001b[34minfo\u001b[39m","timestamp":"2019-01-28 21:15:00"}
{"message":"garbage collector error:  Error: Can't read file C:\\develop\\nodejs\\projects\\aitam\\work\\092b39d8-7d21-4269-9de9-b91536d6adad.vec","level":"\u001b[34minfo\u001b[39m","timestamp":"2019-01-28 21:15:00"}
{"message":"garbage collector error:  Error: Can't read file C:\\develop\\nodejs\\projects\\aitam\\work\\092b39d8-7d21-4269-9de9-b91536d6adad.xml","level":"\u001b[34minfo\u001b[39m","timestamp":"2019-01-28 21:15:00"}
{"message":"garbage collector error:  Error: Can't read file C:\\develop\\nodejs\\projects\\aitam\\work\\675e7518-34e1-4b27-a8ed-dcbfbff8c5a6.src","level":"\u001b[34minfo\u001b[39m","timestamp":"2019-01-28 21:15:00"}
{"message":"garbage collector error:  Error: Can't read file C:\\develop\\nodejs\\projects\\aitam\\work\\675e7518-34e1-4b27-a8ed-dcbfbff8c5a6.tkn","level":"\u001b[34minfo\u001b[39m","timestamp":"2019-01-28 21:15:00"}
{"message":"garbage collector error:  Error: Can't read file C:\\develop\\nodejs\\projects\\aitam\\work\\675e7518-34e1-4b27-a8ed-dcbfbff8c5a6.vec","level":"\u001b[34minfo\u001b[39m","timestamp":"2019-01-28 21:15:00"}
{"message":"garbage collector error:  Error: Can't read file C:\\develop\\nodejs\\projects\\aitam\\work\\675e7518-34e1-4b27-a8ed-dcbfbff8c5a6.xml","level":"\u001b[34minfo\u001b[39m","timestamp":"2019-01-28 21:15:00"}
{"message":"garbage collector error:  Error: Can't read file C:\\develop\\nodejs\\projects\\aitam\\work\\8decf509-9090-4003-9179-5054cb75526d.src","level":"\u001b[34minfo\u001b[39m","timestamp":"2019-01-28 21:15:00"}
{"message":"garbage collector error:  Error: Can't read file C:\\develop\\nodejs\\projects\\aitam\\work\\8decf509-9090-4003-9179-5054cb75526d.tkn","level":"\u001b[34minfo\u001b[39m","timestamp":"2019-01-28 21:15:00"}
{"message":"garbage collector error:  Error: Can't read file C:\\develop\\nodejs\\projects\\aitam\\work\\8decf509-9090-4003-9179-5054cb75526d.vec","level":"\u001b[34minfo\u001b[39m","timestamp":"2019-01-28 21:15:00"}
{"message":"garbage collector error:  Error: Can't read file C:\\develop\\nodejs\\projects\\aitam\\work\\8decf509-9090-4003-9179-5054cb75526d.xml","level":"\u001b[34minfo\u001b[39m","timestamp":"2019-01-28 21:15:00"}
{"message":"garbage collector error:  Error: Can't read file C:\\develop\\nodejs\\projects\\aitam\\work\\d2068e4f-4a53-46bd-a8e1-0a464ec1593c.src","level":"\u001b[34minfo\u001b[39m","timestamp":"2019-01-28 21:15:00"}
{"message":"garbage collector error:  Error: Can't read file C:\\develop\\nodejs\\projects\\aitam\\work\\d2068e4f-4a53-46bd-a8e1-0a464ec1593c.tkn","level":"\u001b[34minfo\u001b[39m","timestamp":"2019-01-28 21:15:00"}
{"message":"garbage collector error:  Error: Can't read file C:\\develop\\nodejs\\projects\\aitam\\work\\d2068e4f-4a53-46bd-a8e1-0a464ec1593c.vec","level":"\u001b[34minfo\u001b[39m","timestamp":"2019-01-28 21:15:00"}
{"message":"garbage collector error:  Error: Can't read file C:\\develop\\nodejs\\projects\\aitam\\work\\d2068e4f-4a53-46bd-a8e1-0a464ec1593c.xml","level":"\u001b[34minfo\u001b[39m","timestamp":"2019-01-28 21:15:00"}
{"message":"garbage collector error:  Error: Can't read file C:\\develop\\nodejs\\projects\\aitam\\work\\e04beb74-270f-4a0e-a6fe-29bf146b997a.xml","level":"\u001b[34minfo\u001b[39m","timestamp":"2019-01-28 21:15:00"}
{"message":"Session created received the id:d52cc295-c507-4b7a-82e1-111d3cc25f1f","level":"\u001b[34minfo\u001b[39m","timestamp":"2019-01-28 21:22:15"}
{"message":"req.user: undefined","level":"\u001b[34minfo\u001b[39m","timestamp":"2019-01-28 21:22:22"}
{"message":"Session id started: {\"user\":\"2f24vvg\"}","level":"\u001b[34minfo\u001b[39m","timestamp":"2019-01-28 21:22:22"}
{"message":"User logged in: {\"id\":\"2f24vvg\",\"email\":\"test@test.com\",\"password\":\"$2a$10$A2g6pbxxhLA9MNYRJ0rnzOf/7Ara76B0KcRdjzUcsIBIclRuas/fG\"}","level":"\u001b[34minfo\u001b[39m","timestamp":"2019-01-28 21:22:22"}
{"message":"User (2f24vvg) uploaded a file: {\"file-upload\":{\"size\":454120,\"path\":\"C:\\\\develop\\\\nodejs\\\\projects\\\\aitam\\\\work\\\\d52cc295-c507-4b7a-82e1-111d3cc25f1f.xml\",\"name\":\"test_site2.xml\",\"type\":\"text/xml\",\"mtime\":\"2019-01-28T21:22:29.802Z\"}}","level":"\u001b[34minfo\u001b[39m","timestamp":"2019-01-28 21:22:29"}
