{"message":"garbage collector started on path: C:\\develop\\nodejs\\projects\\aitam\\work\\","level":"\u001b[34minfo\u001b[39m","timestamp":"2019-02-02 00:16:00"}
{"message":"Session created received the id:d68ed7ad-ed03-4f6c-88ef-ab306470f0ce","level":"\u001b[34minfo\u001b[39m","timestamp":"2019-02-02 00:16:20"}
{"message":"req.user: undefined","level":"\u001b[34minfo\u001b[39m","timestamp":"2019-02-02 00:16:27"}
{"message":"Session id started: {\"user\":\"2f24vvg\"}","level":"\u001b[34minfo\u001b[39m","timestamp":"2019-02-02 00:16:27"}
{"message":"User logged in: {\"id\":\"2f24vvg\",\"email\":\"test@test.com\",\"password\":\"$2a$10$A2g6pbxxhLA9MNYRJ0rnzOf/7Ara76B0KcRdjzUcsIBIclRuas/fG\"}","level":"\u001b[34minfo\u001b[39m","timestamp":"2019-02-02 00:16:27"}
{"message":"User (2f24vvg) uploaded a file: {\"file-upload\":{\"size\":454120,\"path\":\"C:\\\\develop\\\\nodejs\\\\projects\\\\aitam\\\\work\\\\d68ed7ad-ed03-4f6c-88ef-ab306470f0ce.xml\",\"name\":\"test_site2.xml\",\"type\":\"text/xml\",\"mtime\":\"2019-02-02T00:16:34.426Z\"}}","level":"\u001b[34minfo\u001b[39m","timestamp":"2019-02-02 00:16:34"}
{"message":"Session created received the id:d68ed7ad-ed03-4f6c-88ef-ab306470f0ce","level":"\u001b[34minfo\u001b[39m","timestamp":"2019-02-02 00:27:17"}
{"message":"garbage collector deleted  18beae3a-09a1-455b-8887-87f62f67da58.src on folder: C:\\develop\\nodejs\\projects\\aitam\\work\\, path: C:\\develop\\nodejs\\projects\\aitam\\work\\18beae3a-09a1-455b-8887-87f62f67da58.src","level":"\u001b[34minfo\u001b[39m","timestamp":"2019-02-02 00:30:00"}
{"message":"garbage collector deleted  18beae3a-09a1-455b-8887-87f62f67da58.tkn on folder: C:\\develop\\nodejs\\projects\\aitam\\work\\, path: C:\\develop\\nodejs\\projects\\aitam\\work\\18beae3a-09a1-455b-8887-87f62f67da58.tkn","level":"\u001b[34minfo\u001b[39m","timestamp":"2019-02-02 00:30:00"}
{"message":"garbage collector deleted  18beae3a-09a1-455b-8887-87f62f67da58.vec on folder: C:\\develop\\nodejs\\projects\\aitam\\work\\, path: C:\\develop\\nodejs\\projects\\aitam\\work\\18beae3a-09a1-455b-8887-87f62f67da58.vec","level":"\u001b[34minfo\u001b[39m","timestamp":"2019-02-02 00:30:00"}
{"message":"garbage collector deleted  18beae3a-09a1-455b-8887-87f62f67da58.xml on folder: C:\\develop\\nodejs\\projects\\aitam\\work\\, path: C:\\develop\\nodejs\\projects\\aitam\\work\\18beae3a-09a1-455b-8887-87f62f67da58.xml","level":"\u001b[34minfo\u001b[39m","timestamp":"2019-02-02 00:30:00"}
{"message":"garbage collector deleted  228c70c3-abca-47f6-88a4-e283bb2aa9cc.src on folder: C:\\develop\\nodejs\\projects\\aitam\\work\\, path: C:\\develop\\nodejs\\projects\\aitam\\work\\228c70c3-abca-47f6-88a4-e283bb2aa9cc.src","level":"\u001b[34minfo\u001b[39m","timestamp":"2019-02-02 00:30:00"}
{"message":"garbage collector deleted  228c70c3-abca-47f6-88a4-e283bb2aa9cc.tkn on folder: C:\\develop\\nodejs\\projects\\aitam\\work\\, path: C:\\develop\\nodejs\\projects\\aitam\\work\\228c70c3-abca-47f6-88a4-e283bb2aa9cc.tkn","level":"\u001b[34minfo\u001b[39m","timestamp":"2019-02-02 00:30:00"}
{"message":"garbage collector deleted  228c70c3-abca-47f6-88a4-e283bb2aa9cc.vec on folder: C:\\develop\\nodejs\\projects\\aitam\\work\\, path: C:\\develop\\nodejs\\projects\\aitam\\work\\228c70c3-abca-47f6-88a4-e283bb2aa9cc.vec","level":"\u001b[34minfo\u001b[39m","timestamp":"2019-02-02 00:30:00"}
{"message":"garbage collector deleted  228c70c3-abca-47f6-88a4-e283bb2aa9cc.xml on folder: C:\\develop\\nodejs\\projects\\aitam\\work\\, path: C:\\develop\\nodejs\\projects\\aitam\\work\\228c70c3-abca-47f6-88a4-e283bb2aa9cc.xml","level":"\u001b[34minfo\u001b[39m","timestamp":"2019-02-02 00:30:00"}
{"message":"garbage collector deleted  2a75a5a4-7873-438a-9bb3-dfaa8b4ea037.tkn on folder: C:\\develop\\nodejs\\projects\\aitam\\work\\, path: C:\\develop\\nodejs\\projects\\aitam\\work\\2a75a5a4-7873-438a-9bb3-dfaa8b4ea037.tkn","level":"\u001b[34minfo\u001b[39m","timestamp":"2019-02-02 00:30:00"}
{"message":"garbage collector deleted  2a75a5a4-7873-438a-9bb3-dfaa8b4ea037.src on folder: C:\\develop\\nodejs\\projects\\aitam\\work\\, path: C:\\develop\\nodejs\\projects\\aitam\\work\\2a75a5a4-7873-438a-9bb3-dfaa8b4ea037.src","level":"\u001b[34minfo\u001b[39m","timestamp":"2019-02-02 00:30:00"}
{"message":"garbage collector deleted  2a75a5a4-7873-438a-9bb3-dfaa8b4ea037.vec on folder: C:\\develop\\nodejs\\projects\\aitam\\work\\, path: C:\\develop\\nodejs\\projects\\aitam\\work\\2a75a5a4-7873-438a-9bb3-dfaa8b4ea037.vec","level":"\u001b[34minfo\u001b[39m","timestamp":"2019-02-02 00:30:00"}
{"message":"garbage collector deleted  2a75a5a4-7873-438a-9bb3-dfaa8b4ea037.xml on folder: C:\\develop\\nodejs\\projects\\aitam\\work\\, path: C:\\develop\\nodejs\\projects\\aitam\\work\\2a75a5a4-7873-438a-9bb3-dfaa8b4ea037.xml","level":"\u001b[34minfo\u001b[39m","timestamp":"2019-02-02 00:30:00"}
{"message":"garbage collector deleted  301683ea-af2e-450e-82fc-c7b21333d4ac.src on folder: C:\\develop\\nodejs\\projects\\aitam\\work\\, path: C:\\develop\\nodejs\\projects\\aitam\\work\\301683ea-af2e-450e-82fc-c7b21333d4ac.src","level":"\u001b[34minfo\u001b[39m","timestamp":"2019-02-02 00:30:00"}
{"message":"garbage collector deleted  301683ea-af2e-450e-82fc-c7b21333d4ac.tkn on folder: C:\\develop\\nodejs\\projects\\aitam\\work\\, path: C:\\develop\\nodejs\\projects\\aitam\\work\\301683ea-af2e-450e-82fc-c7b21333d4ac.tkn","level":"\u001b[34minfo\u001b[39m","timestamp":"2019-02-02 00:30:00"}
{"message":"garbage collector deleted  301683ea-af2e-450e-82fc-c7b21333d4ac.xml on folder: C:\\develop\\nodejs\\projects\\aitam\\work\\, path: C:\\develop\\nodejs\\projects\\aitam\\work\\301683ea-af2e-450e-82fc-c7b21333d4ac.xml","level":"\u001b[34minfo\u001b[39m","timestamp":"2019-02-02 00:30:00"}
{"message":"garbage collector deleted  301683ea-af2e-450e-82fc-c7b21333d4ac.vec on folder: C:\\develop\\nodejs\\projects\\aitam\\work\\, path: C:\\develop\\nodejs\\projects\\aitam\\work\\301683ea-af2e-450e-82fc-c7b21333d4ac.vec","level":"\u001b[34minfo\u001b[39m","timestamp":"2019-02-02 00:30:00"}
{"message":"garbage collector deleted  30ac688d-1fa0-4c90-9dc3-e29b83d4bdc5.src on folder: C:\\develop\\nodejs\\projects\\aitam\\work\\, path: C:\\develop\\nodejs\\projects\\aitam\\work\\30ac688d-1fa0-4c90-9dc3-e29b83d4bdc5.src","level":"\u001b[34minfo\u001b[39m","timestamp":"2019-02-02 00:30:00"}
{"message":"garbage collector deleted  30ac688d-1fa0-4c90-9dc3-e29b83d4bdc5.tkn on folder: C:\\develop\\nodejs\\projects\\aitam\\work\\, path: C:\\develop\\nodejs\\projects\\aitam\\work\\30ac688d-1fa0-4c90-9dc3-e29b83d4bdc5.tkn","level":"\u001b[34minfo\u001b[39m","timestamp":"2019-02-02 00:30:00"}
{"message":"garbage collector deleted  30ac688d-1fa0-4c90-9dc3-e29b83d4bdc5.vec on folder: C:\\develop\\nodejs\\projects\\aitam\\work\\, path: C:\\develop\\nodejs\\projects\\aitam\\work\\30ac688d-1fa0-4c90-9dc3-e29b83d4bdc5.vec","level":"\u001b[34minfo\u001b[39m","timestamp":"2019-02-02 00:30:00"}
{"message":"garbage collector deleted  30ac688d-1fa0-4c90-9dc3-e29b83d4bdc5.xml on folder: C:\\develop\\nodejs\\projects\\aitam\\work\\, path: C:\\develop\\nodejs\\projects\\aitam\\work\\30ac688d-1fa0-4c90-9dc3-e29b83d4bdc5.xml","level":"\u001b[34minfo\u001b[39m","timestamp":"2019-02-02 00:30:00"}
{"message":"garbage collector deleted  45990181-44ce-4188-b7b5-fba748f9484e.src on folder: C:\\develop\\nodejs\\projects\\aitam\\work\\, path: C:\\develop\\nodejs\\projects\\aitam\\work\\45990181-44ce-4188-b7b5-fba748f9484e.src","level":"\u001b[34minfo\u001b[39m","timestamp":"2019-02-02 00:30:00"}
{"message":"garbage collector deleted  45990181-44ce-4188-b7b5-fba748f9484e.tkn on folder: C:\\develop\\nodejs\\projects\\aitam\\work\\, path: C:\\develop\\nodejs\\projects\\aitam\\work\\45990181-44ce-4188-b7b5-fba748f9484e.tkn","level":"\u001b[34minfo\u001b[39m","timestamp":"2019-02-02 00:30:00"}
{"message":"garbage collector deleted  45990181-44ce-4188-b7b5-fba748f9484e.vec on folder: C:\\develop\\nodejs\\projects\\aitam\\work\\, path: C:\\develop\\nodejs\\projects\\aitam\\work\\45990181-44ce-4188-b7b5-fba748f9484e.vec","level":"\u001b[34minfo\u001b[39m","timestamp":"2019-02-02 00:30:00"}
{"message":"garbage collector deleted  45990181-44ce-4188-b7b5-fba748f9484e.xml on folder: C:\\develop\\nodejs\\projects\\aitam\\work\\, path: C:\\develop\\nodejs\\projects\\aitam\\work\\45990181-44ce-4188-b7b5-fba748f9484e.xml","level":"\u001b[34minfo\u001b[39m","timestamp":"2019-02-02 00:30:00"}
{"message":"garbage collector deleted  46fecd65-134b-4fe2-9f78-c1117bf2841c.src on folder: C:\\develop\\nodejs\\projects\\aitam\\work\\, path: C:\\develop\\nodejs\\projects\\aitam\\work\\46fecd65-134b-4fe2-9f78-c1117bf2841c.src","level":"\u001b[34minfo\u001b[39m","timestamp":"2019-02-02 00:30:00"}
{"message":"garbage collector deleted  46fecd65-134b-4fe2-9f78-c1117bf2841c.tkn on folder: C:\\develop\\nodejs\\projects\\aitam\\work\\, path: C:\\develop\\nodejs\\projects\\aitam\\work\\46fecd65-134b-4fe2-9f78-c1117bf2841c.tkn","level":"\u001b[34minfo\u001b[39m","timestamp":"2019-02-02 00:30:00"}
{"message":"garbage collector deleted  46fecd65-134b-4fe2-9f78-c1117bf2841c.vec on folder: C:\\develop\\nodejs\\projects\\aitam\\work\\, path: C:\\develop\\nodejs\\projects\\aitam\\work\\46fecd65-134b-4fe2-9f78-c1117bf2841c.vec","level":"\u001b[34minfo\u001b[39m","timestamp":"2019-02-02 00:30:00"}
{"message":"garbage collector deleted  46fecd65-134b-4fe2-9f78-c1117bf2841c.xml on folder: C:\\develop\\nodejs\\projects\\aitam\\work\\, path: C:\\develop\\nodejs\\projects\\aitam\\work\\46fecd65-134b-4fe2-9f78-c1117bf2841c.xml","level":"\u001b[34minfo\u001b[39m","timestamp":"2019-02-02 00:30:00"}
{"message":"garbage collector deleted  486b11a1-3166-444a-b8c7-e8e32cb57c2a.xml on folder: C:\\develop\\nodejs\\projects\\aitam\\work\\, path: C:\\develop\\nodejs\\projects\\aitam\\work\\486b11a1-3166-444a-b8c7-e8e32cb57c2a.xml","level":"\u001b[34minfo\u001b[39m","timestamp":"2019-02-02 00:30:00"}
{"message":"garbage collector deleted  486b11a1-3166-444a-b8c7-e8e32cb57c2a.src on folder: C:\\develop\\nodejs\\projects\\aitam\\work\\, path: C:\\develop\\nodejs\\projects\\aitam\\work\\486b11a1-3166-444a-b8c7-e8e32cb57c2a.src","level":"\u001b[34minfo\u001b[39m","timestamp":"2019-02-02 00:30:00"}
{"message":"garbage collector deleted  486b11a1-3166-444a-b8c7-e8e32cb57c2a.vec on folder: C:\\develop\\nodejs\\projects\\aitam\\work\\, path: C:\\develop\\nodejs\\projects\\aitam\\work\\486b11a1-3166-444a-b8c7-e8e32cb57c2a.vec","level":"\u001b[34minfo\u001b[39m","timestamp":"2019-02-02 00:30:00"}
{"message":"garbage collector deleted  486b11a1-3166-444a-b8c7-e8e32cb57c2a.tkn on folder: C:\\develop\\nodejs\\projects\\aitam\\work\\, path: C:\\develop\\nodejs\\projects\\aitam\\work\\486b11a1-3166-444a-b8c7-e8e32cb57c2a.tkn","level":"\u001b[34minfo\u001b[39m","timestamp":"2019-02-02 00:30:00"}
{"message":"garbage collector deleted  4f922970-8f21-41d8-89ea-d55e8ebc0bba.src on folder: C:\\develop\\nodejs\\projects\\aitam\\work\\, path: C:\\develop\\nodejs\\projects\\aitam\\work\\4f922970-8f21-41d8-89ea-d55e8ebc0bba.src","level":"\u001b[34minfo\u001b[39m","timestamp":"2019-02-02 00:30:00"}
{"message":"garbage collector deleted  4f922970-8f21-41d8-89ea-d55e8ebc0bba.tkn on folder: C:\\develop\\nodejs\\projects\\aitam\\work\\, path: C:\\develop\\nodejs\\projects\\aitam\\work\\4f922970-8f21-41d8-89ea-d55e8ebc0bba.tkn","level":"\u001b[34minfo\u001b[39m","timestamp":"2019-02-02 00:30:00"}
{"message":"garbage collector deleted  4f922970-8f21-41d8-89ea-d55e8ebc0bba.vec on folder: C:\\develop\\nodejs\\projects\\aitam\\work\\, path: C:\\develop\\nodejs\\projects\\aitam\\work\\4f922970-8f21-41d8-89ea-d55e8ebc0bba.vec","level":"\u001b[34minfo\u001b[39m","timestamp":"2019-02-02 00:30:00"}
{"message":"garbage collector deleted  53e9d9a8-4673-41cd-bd5f-bb4fca6e4623.src on folder: C:\\develop\\nodejs\\projects\\aitam\\work\\, path: C:\\develop\\nodejs\\projects\\aitam\\work\\53e9d9a8-4673-41cd-bd5f-bb4fca6e4623.src","level":"\u001b[34minfo\u001b[39m","timestamp":"2019-02-02 00:30:00"}
{"message":"garbage collector deleted  53e9d9a8-4673-41cd-bd5f-bb4fca6e4623.tkn on folder: C:\\develop\\nodejs\\projects\\aitam\\work\\, path: C:\\develop\\nodejs\\projects\\aitam\\work\\53e9d9a8-4673-41cd-bd5f-bb4fca6e4623.tkn","level":"\u001b[34minfo\u001b[39m","timestamp":"2019-02-02 00:30:00"}
{"message":"garbage collector deleted  4f922970-8f21-41d8-89ea-d55e8ebc0bba.xml on folder: C:\\develop\\nodejs\\projects\\aitam\\work\\, path: C:\\develop\\nodejs\\projects\\aitam\\work\\4f922970-8f21-41d8-89ea-d55e8ebc0bba.xml","level":"\u001b[34minfo\u001b[39m","timestamp":"2019-02-02 00:30:00"}
{"message":"garbage collector deleted  53e9d9a8-4673-41cd-bd5f-bb4fca6e4623.vec on folder: C:\\develop\\nodejs\\projects\\aitam\\work\\, path: C:\\develop\\nodejs\\projects\\aitam\\work\\53e9d9a8-4673-41cd-bd5f-bb4fca6e4623.vec","level":"\u001b[34minfo\u001b[39m","timestamp":"2019-02-02 00:30:00"}
{"message":"garbage collector deleted  71423231-17df-4bbf-864d-f7fe9a39cac0.src on folder: C:\\develop\\nodejs\\projects\\aitam\\work\\, path: C:\\develop\\nodejs\\projects\\aitam\\work\\71423231-17df-4bbf-864d-f7fe9a39cac0.src","level":"\u001b[34minfo\u001b[39m","timestamp":"2019-02-02 00:30:00"}
{"message":"garbage collector deleted  53e9d9a8-4673-41cd-bd5f-bb4fca6e4623.xml on folder: C:\\develop\\nodejs\\projects\\aitam\\work\\, path: C:\\develop\\nodejs\\projects\\aitam\\work\\53e9d9a8-4673-41cd-bd5f-bb4fca6e4623.xml","level":"\u001b[34minfo\u001b[39m","timestamp":"2019-02-02 00:30:00"}
{"message":"garbage collector deleted  71423231-17df-4bbf-864d-f7fe9a39cac0.tkn on folder: C:\\develop\\nodejs\\projects\\aitam\\work\\, path: C:\\develop\\nodejs\\projects\\aitam\\work\\71423231-17df-4bbf-864d-f7fe9a39cac0.tkn","level":"\u001b[34minfo\u001b[39m","timestamp":"2019-02-02 00:30:00"}
{"message":"garbage collector deleted  71423231-17df-4bbf-864d-f7fe9a39cac0.vec on folder: C:\\develop\\nodejs\\projects\\aitam\\work\\, path: C:\\develop\\nodejs\\projects\\aitam\\work\\71423231-17df-4bbf-864d-f7fe9a39cac0.vec","level":"\u001b[34minfo\u001b[39m","timestamp":"2019-02-02 00:30:00"}
{"message":"garbage collector deleted  73ff62f4-efe1-4637-9a8a-0eb91c4a947c.tkn on folder: C:\\develop\\nodejs\\projects\\aitam\\work\\, path: C:\\develop\\nodejs\\projects\\aitam\\work\\73ff62f4-efe1-4637-9a8a-0eb91c4a947c.tkn","level":"\u001b[34minfo\u001b[39m","timestamp":"2019-02-02 00:30:00"}
{"message":"garbage collector deleted  73ff62f4-efe1-4637-9a8a-0eb91c4a947c.src on folder: C:\\develop\\nodejs\\projects\\aitam\\work\\, path: C:\\develop\\nodejs\\projects\\aitam\\work\\73ff62f4-efe1-4637-9a8a-0eb91c4a947c.src","level":"\u001b[34minfo\u001b[39m","timestamp":"2019-02-02 00:30:00"}
{"message":"garbage collector deleted  71423231-17df-4bbf-864d-f7fe9a39cac0.xml on folder: C:\\develop\\nodejs\\projects\\aitam\\work\\, path: C:\\develop\\nodejs\\projects\\aitam\\work\\71423231-17df-4bbf-864d-f7fe9a39cac0.xml","level":"\u001b[34minfo\u001b[39m","timestamp":"2019-02-02 00:30:00"}
{"message":"garbage collector deleted  73ff62f4-efe1-4637-9a8a-0eb91c4a947c.vec on folder: C:\\develop\\nodejs\\projects\\aitam\\work\\, path: C:\\develop\\nodejs\\projects\\aitam\\work\\73ff62f4-efe1-4637-9a8a-0eb91c4a947c.vec","level":"\u001b[34minfo\u001b[39m","timestamp":"2019-02-02 00:30:00"}
{"message":"garbage collector deleted  7f0cc8e0-e2b4-4261-99aa-e2bd52bb8177.src on folder: C:\\develop\\nodejs\\projects\\aitam\\work\\, path: C:\\develop\\nodejs\\projects\\aitam\\work\\7f0cc8e0-e2b4-4261-99aa-e2bd52bb8177.src","level":"\u001b[34minfo\u001b[39m","timestamp":"2019-02-02 00:30:00"}
{"message":"garbage collector deleted  73ff62f4-efe1-4637-9a8a-0eb91c4a947c.xml on folder: C:\\develop\\nodejs\\projects\\aitam\\work\\, path: C:\\develop\\nodejs\\projects\\aitam\\work\\73ff62f4-efe1-4637-9a8a-0eb91c4a947c.xml","level":"\u001b[34minfo\u001b[39m","timestamp":"2019-02-02 00:30:00"}
{"message":"garbage collector deleted  7f0cc8e0-e2b4-4261-99aa-e2bd52bb8177.tkn on folder: C:\\develop\\nodejs\\projects\\aitam\\work\\, path: C:\\develop\\nodejs\\projects\\aitam\\work\\7f0cc8e0-e2b4-4261-99aa-e2bd52bb8177.tkn","level":"\u001b[34minfo\u001b[39m","timestamp":"2019-02-02 00:30:00"}
{"message":"garbage collector deleted  7f0cc8e0-e2b4-4261-99aa-e2bd52bb8177.vec on folder: C:\\develop\\nodejs\\projects\\aitam\\work\\, path: C:\\develop\\nodejs\\projects\\aitam\\work\\7f0cc8e0-e2b4-4261-99aa-e2bd52bb8177.vec","level":"\u001b[34minfo\u001b[39m","timestamp":"2019-02-02 00:30:00"}
{"message":"garbage collector deleted  7f0cc8e0-e2b4-4261-99aa-e2bd52bb8177.xml on folder: C:\\develop\\nodejs\\projects\\aitam\\work\\, path: C:\\develop\\nodejs\\projects\\aitam\\work\\7f0cc8e0-e2b4-4261-99aa-e2bd52bb8177.xml","level":"\u001b[34minfo\u001b[39m","timestamp":"2019-02-02 00:30:00"}
{"message":"garbage collector deleted  892d0f08-1b33-4d8a-82b3-0e4b8c4353af.src on folder: C:\\develop\\nodejs\\projects\\aitam\\work\\, path: C:\\develop\\nodejs\\projects\\aitam\\work\\892d0f08-1b33-4d8a-82b3-0e4b8c4353af.src","level":"\u001b[34minfo\u001b[39m","timestamp":"2019-02-02 00:30:00"}
{"message":"garbage collector deleted  892d0f08-1b33-4d8a-82b3-0e4b8c4353af.tkn on folder: C:\\develop\\nodejs\\projects\\aitam\\work\\, path: C:\\develop\\nodejs\\projects\\aitam\\work\\892d0f08-1b33-4d8a-82b3-0e4b8c4353af.tkn","level":"\u001b[34minfo\u001b[39m","timestamp":"2019-02-02 00:30:00"}
{"message":"garbage collector deleted  892d0f08-1b33-4d8a-82b3-0e4b8c4353af.vec on folder: C:\\develop\\nodejs\\projects\\aitam\\work\\, path: C:\\develop\\nodejs\\projects\\aitam\\work\\892d0f08-1b33-4d8a-82b3-0e4b8c4353af.vec","level":"\u001b[34minfo\u001b[39m","timestamp":"2019-02-02 00:30:00"}
{"message":"garbage collector deleted  8d20f0ef-7843-45c5-a7e6-50fac2c4ce43.tkn on folder: C:\\develop\\nodejs\\projects\\aitam\\work\\, path: C:\\develop\\nodejs\\projects\\aitam\\work\\8d20f0ef-7843-45c5-a7e6-50fac2c4ce43.tkn","level":"\u001b[34minfo\u001b[39m","timestamp":"2019-02-02 00:30:00"}
{"message":"garbage collector deleted  8d20f0ef-7843-45c5-a7e6-50fac2c4ce43.src on folder: C:\\develop\\nodejs\\projects\\aitam\\work\\, path: C:\\develop\\nodejs\\projects\\aitam\\work\\8d20f0ef-7843-45c5-a7e6-50fac2c4ce43.src","level":"\u001b[34minfo\u001b[39m","timestamp":"2019-02-02 00:30:00"}
{"message":"garbage collector deleted  8d20f0ef-7843-45c5-a7e6-50fac2c4ce43.vec on folder: C:\\develop\\nodejs\\projects\\aitam\\work\\, path: C:\\develop\\nodejs\\projects\\aitam\\work\\8d20f0ef-7843-45c5-a7e6-50fac2c4ce43.vec","level":"\u001b[34minfo\u001b[39m","timestamp":"2019-02-02 00:30:00"}
{"message":"garbage collector deleted  892d0f08-1b33-4d8a-82b3-0e4b8c4353af.xml on folder: C:\\develop\\nodejs\\projects\\aitam\\work\\, path: C:\\develop\\nodejs\\projects\\aitam\\work\\892d0f08-1b33-4d8a-82b3-0e4b8c4353af.xml","level":"\u001b[34minfo\u001b[39m","timestamp":"2019-02-02 00:30:00"}
{"message":"garbage collector deleted  8d20f0ef-7843-45c5-a7e6-50fac2c4ce43.xml on folder: C:\\develop\\nodejs\\projects\\aitam\\work\\, path: C:\\develop\\nodejs\\projects\\aitam\\work\\8d20f0ef-7843-45c5-a7e6-50fac2c4ce43.xml","level":"\u001b[34minfo\u001b[39m","timestamp":"2019-02-02 00:30:00"}
{"message":"garbage collector deleted  90bfb4bd-6147-4460-b40f-c6ede22f99ba.src on folder: C:\\develop\\nodejs\\projects\\aitam\\work\\, path: C:\\develop\\nodejs\\projects\\aitam\\work\\90bfb4bd-6147-4460-b40f-c6ede22f99ba.src","level":"\u001b[34minfo\u001b[39m","timestamp":"2019-02-02 00:30:00"}
{"message":"garbage collector deleted  90bfb4bd-6147-4460-b40f-c6ede22f99ba.tkn on folder: C:\\develop\\nodejs\\projects\\aitam\\work\\, path: C:\\develop\\nodejs\\projects\\aitam\\work\\90bfb4bd-6147-4460-b40f-c6ede22f99ba.tkn","level":"\u001b[34minfo\u001b[39m","timestamp":"2019-02-02 00:30:00"}
{"message":"garbage collector deleted  90bfb4bd-6147-4460-b40f-c6ede22f99ba.vec on folder: C:\\develop\\nodejs\\projects\\aitam\\work\\, path: C:\\develop\\nodejs\\projects\\aitam\\work\\90bfb4bd-6147-4460-b40f-c6ede22f99ba.vec","level":"\u001b[34minfo\u001b[39m","timestamp":"2019-02-02 00:30:00"}
{"message":"garbage collector deleted  90bfb4bd-6147-4460-b40f-c6ede22f99ba.xml on folder: C:\\develop\\nodejs\\projects\\aitam\\work\\, path: C:\\develop\\nodejs\\projects\\aitam\\work\\90bfb4bd-6147-4460-b40f-c6ede22f99ba.xml","level":"\u001b[34minfo\u001b[39m","timestamp":"2019-02-02 00:30:00"}
{"message":"garbage collector deleted  93c411a2-0675-4e26-97dc-6dcf7be0477d.src on folder: C:\\develop\\nodejs\\projects\\aitam\\work\\, path: C:\\develop\\nodejs\\projects\\aitam\\work\\93c411a2-0675-4e26-97dc-6dcf7be0477d.src","level":"\u001b[34minfo\u001b[39m","timestamp":"2019-02-02 00:30:00"}
{"message":"garbage collector deleted  93c411a2-0675-4e26-97dc-6dcf7be0477d.tkn on folder: C:\\develop\\nodejs\\projects\\aitam\\work\\, path: C:\\develop\\nodejs\\projects\\aitam\\work\\93c411a2-0675-4e26-97dc-6dcf7be0477d.tkn","level":"\u001b[34minfo\u001b[39m","timestamp":"2019-02-02 00:30:00"}
{"message":"garbage collector deleted  93c411a2-0675-4e26-97dc-6dcf7be0477d.vec on folder: C:\\develop\\nodejs\\projects\\aitam\\work\\, path: C:\\develop\\nodejs\\projects\\aitam\\work\\93c411a2-0675-4e26-97dc-6dcf7be0477d.vec","level":"\u001b[34minfo\u001b[39m","timestamp":"2019-02-02 00:30:00"}
{"message":"garbage collector deleted  93c411a2-0675-4e26-97dc-6dcf7be0477d.xml on folder: C:\\develop\\nodejs\\projects\\aitam\\work\\, path: C:\\develop\\nodejs\\projects\\aitam\\work\\93c411a2-0675-4e26-97dc-6dcf7be0477d.xml","level":"\u001b[34minfo\u001b[39m","timestamp":"2019-02-02 00:30:00"}
{"message":"garbage collector deleted  98e9b6e2-2caa-4393-8d78-f10f33bb29f4.src on folder: C:\\develop\\nodejs\\projects\\aitam\\work\\, path: C:\\develop\\nodejs\\projects\\aitam\\work\\98e9b6e2-2caa-4393-8d78-f10f33bb29f4.src","level":"\u001b[34minfo\u001b[39m","timestamp":"2019-02-02 00:30:00"}
{"message":"garbage collector deleted  98e9b6e2-2caa-4393-8d78-f10f33bb29f4.tkn on folder: C:\\develop\\nodejs\\projects\\aitam\\work\\, path: C:\\develop\\nodejs\\projects\\aitam\\work\\98e9b6e2-2caa-4393-8d78-f10f33bb29f4.tkn","level":"\u001b[34minfo\u001b[39m","timestamp":"2019-02-02 00:30:00"}
{"message":"garbage collector deleted  98e9b6e2-2caa-4393-8d78-f10f33bb29f4.vec on folder: C:\\develop\\nodejs\\projects\\aitam\\work\\, path: C:\\develop\\nodejs\\projects\\aitam\\work\\98e9b6e2-2caa-4393-8d78-f10f33bb29f4.vec","level":"\u001b[34minfo\u001b[39m","timestamp":"2019-02-02 00:30:00"}
{"message":"garbage collector deleted  98e9b6e2-2caa-4393-8d78-f10f33bb29f4.xml on folder: C:\\develop\\nodejs\\projects\\aitam\\work\\, path: C:\\develop\\nodejs\\projects\\aitam\\work\\98e9b6e2-2caa-4393-8d78-f10f33bb29f4.xml","level":"\u001b[34minfo\u001b[39m","timestamp":"2019-02-02 00:30:00"}
{"message":"garbage collector deleted  9acc10cb-b6e9-42dd-bb61-88775d8017d5.src on folder: C:\\develop\\nodejs\\projects\\aitam\\work\\, path: C:\\develop\\nodejs\\projects\\aitam\\work\\9acc10cb-b6e9-42dd-bb61-88775d8017d5.src","level":"\u001b[34minfo\u001b[39m","timestamp":"2019-02-02 00:30:00"}
{"message":"garbage collector deleted  9acc10cb-b6e9-42dd-bb61-88775d8017d5.vec on folder: C:\\develop\\nodejs\\projects\\aitam\\work\\, path: C:\\develop\\nodejs\\projects\\aitam\\work\\9acc10cb-b6e9-42dd-bb61-88775d8017d5.vec","level":"\u001b[34minfo\u001b[39m","timestamp":"2019-02-02 00:30:00"}
{"message":"garbage collector deleted  9acc10cb-b6e9-42dd-bb61-88775d8017d5.tkn on folder: C:\\develop\\nodejs\\projects\\aitam\\work\\, path: C:\\develop\\nodejs\\projects\\aitam\\work\\9acc10cb-b6e9-42dd-bb61-88775d8017d5.tkn","level":"\u001b[34minfo\u001b[39m","timestamp":"2019-02-02 00:30:00"}
{"message":"garbage collector deleted  9acc10cb-b6e9-42dd-bb61-88775d8017d5.xml on folder: C:\\develop\\nodejs\\projects\\aitam\\work\\, path: C:\\develop\\nodejs\\projects\\aitam\\work\\9acc10cb-b6e9-42dd-bb61-88775d8017d5.xml","level":"\u001b[34minfo\u001b[39m","timestamp":"2019-02-02 00:30:00"}
{"message":"garbage collector deleted  a1b1a225-cc01-430b-8e9c-13f355d034bc.src on folder: C:\\develop\\nodejs\\projects\\aitam\\work\\, path: C:\\develop\\nodejs\\projects\\aitam\\work\\a1b1a225-cc01-430b-8e9c-13f355d034bc.src","level":"\u001b[34minfo\u001b[39m","timestamp":"2019-02-02 00:30:00"}
{"message":"garbage collector deleted  a1b1a225-cc01-430b-8e9c-13f355d034bc.tkn on folder: C:\\develop\\nodejs\\projects\\aitam\\work\\, path: C:\\develop\\nodejs\\projects\\aitam\\work\\a1b1a225-cc01-430b-8e9c-13f355d034bc.tkn","level":"\u001b[34minfo\u001b[39m","timestamp":"2019-02-02 00:30:00"}
{"message":"garbage collector deleted  a1b1a225-cc01-430b-8e9c-13f355d034bc.xml on folder: C:\\develop\\nodejs\\projects\\aitam\\work\\, path: C:\\develop\\nodejs\\projects\\aitam\\work\\a1b1a225-cc01-430b-8e9c-13f355d034bc.xml","level":"\u001b[34minfo\u001b[39m","timestamp":"2019-02-02 00:30:00"}
{"message":"garbage collector deleted  a3b99e65-c8b1-4c3c-9804-6d91803d8241.src on folder: C:\\develop\\nodejs\\projects\\aitam\\work\\, path: C:\\develop\\nodejs\\projects\\aitam\\work\\a3b99e65-c8b1-4c3c-9804-6d91803d8241.src","level":"\u001b[34minfo\u001b[39m","timestamp":"2019-02-02 00:30:00"}
{"message":"garbage collector deleted  a3b99e65-c8b1-4c3c-9804-6d91803d8241.tkn on folder: C:\\develop\\nodejs\\projects\\aitam\\work\\, path: C:\\develop\\nodejs\\projects\\aitam\\work\\a3b99e65-c8b1-4c3c-9804-6d91803d8241.tkn","level":"\u001b[34minfo\u001b[39m","timestamp":"2019-02-02 00:30:00"}
{"message":"garbage collector deleted  a3b99e65-c8b1-4c3c-9804-6d91803d8241.vec on folder: C:\\develop\\nodejs\\projects\\aitam\\work\\, path: C:\\develop\\nodejs\\projects\\aitam\\work\\a3b99e65-c8b1-4c3c-9804-6d91803d8241.vec","level":"\u001b[34minfo\u001b[39m","timestamp":"2019-02-02 00:30:00"}
{"message":"garbage collector deleted  a3b99e65-c8b1-4c3c-9804-6d91803d8241.xml on folder: C:\\develop\\nodejs\\projects\\aitam\\work\\, path: C:\\develop\\nodejs\\projects\\aitam\\work\\a3b99e65-c8b1-4c3c-9804-6d91803d8241.xml","level":"\u001b[34minfo\u001b[39m","timestamp":"2019-02-02 00:30:00"}
{"message":"garbage collector deleted  a6ec5b73-2021-4dc3-9f7b-a7727b8d2c55.src on folder: C:\\develop\\nodejs\\projects\\aitam\\work\\, path: C:\\develop\\nodejs\\projects\\aitam\\work\\a6ec5b73-2021-4dc3-9f7b-a7727b8d2c55.src","level":"\u001b[34minfo\u001b[39m","timestamp":"2019-02-02 00:30:00"}
{"message":"garbage collector deleted  a6ec5b73-2021-4dc3-9f7b-a7727b8d2c55.tkn on folder: C:\\develop\\nodejs\\projects\\aitam\\work\\, path: C:\\develop\\nodejs\\projects\\aitam\\work\\a6ec5b73-2021-4dc3-9f7b-a7727b8d2c55.tkn","level":"\u001b[34minfo\u001b[39m","timestamp":"2019-02-02 00:30:00"}
{"message":"garbage collector deleted  a6ec5b73-2021-4dc3-9f7b-a7727b8d2c55.vec on folder: C:\\develop\\nodejs\\projects\\aitam\\work\\, path: C:\\develop\\nodejs\\projects\\aitam\\work\\a6ec5b73-2021-4dc3-9f7b-a7727b8d2c55.vec","level":"\u001b[34minfo\u001b[39m","timestamp":"2019-02-02 00:30:00"}
{"message":"garbage collector deleted  a6ec5b73-2021-4dc3-9f7b-a7727b8d2c55.xml on folder: C:\\develop\\nodejs\\projects\\aitam\\work\\, path: C:\\develop\\nodejs\\projects\\aitam\\work\\a6ec5b73-2021-4dc3-9f7b-a7727b8d2c55.xml","level":"\u001b[34minfo\u001b[39m","timestamp":"2019-02-02 00:30:00"}
{"message":"garbage collector deleted  b2e667af-3985-4fb9-8761-fbcafb6c2a29.src on folder: C:\\develop\\nodejs\\projects\\aitam\\work\\, path: C:\\develop\\nodejs\\projects\\aitam\\work\\b2e667af-3985-4fb9-8761-fbcafb6c2a29.src","level":"\u001b[34minfo\u001b[39m","timestamp":"2019-02-02 00:30:00"}
{"message":"garbage collector deleted  b2e667af-3985-4fb9-8761-fbcafb6c2a29.vec on folder: C:\\develop\\nodejs\\projects\\aitam\\work\\, path: C:\\develop\\nodejs\\projects\\aitam\\work\\b2e667af-3985-4fb9-8761-fbcafb6c2a29.vec","level":"\u001b[34minfo\u001b[39m","timestamp":"2019-02-02 00:30:00"}
{"message":"garbage collector deleted  b2e667af-3985-4fb9-8761-fbcafb6c2a29.tkn on folder: C:\\develop\\nodejs\\projects\\aitam\\work\\, path: C:\\develop\\nodejs\\projects\\aitam\\work\\b2e667af-3985-4fb9-8761-fbcafb6c2a29.tkn","level":"\u001b[34minfo\u001b[39m","timestamp":"2019-02-02 00:30:00"}
{"message":"garbage collector deleted  b2e667af-3985-4fb9-8761-fbcafb6c2a29.xml on folder: C:\\develop\\nodejs\\projects\\aitam\\work\\, path: C:\\develop\\nodejs\\projects\\aitam\\work\\b2e667af-3985-4fb9-8761-fbcafb6c2a29.xml","level":"\u001b[34minfo\u001b[39m","timestamp":"2019-02-02 00:30:00"}
{"message":"garbage collector deleted  be8a8aa1-3be9-4fef-ace0-83f64ed44aa7.src on folder: C:\\develop\\nodejs\\projects\\aitam\\work\\, path: C:\\develop\\nodejs\\projects\\aitam\\work\\be8a8aa1-3be9-4fef-ace0-83f64ed44aa7.src","level":"\u001b[34minfo\u001b[39m","timestamp":"2019-02-02 00:30:00"}
{"message":"garbage collector deleted  be8a8aa1-3be9-4fef-ace0-83f64ed44aa7.tkn on folder: C:\\develop\\nodejs\\projects\\aitam\\work\\, path: C:\\develop\\nodejs\\projects\\aitam\\work\\be8a8aa1-3be9-4fef-ace0-83f64ed44aa7.tkn","level":"\u001b[34minfo\u001b[39m","timestamp":"2019-02-02 00:30:00"}
{"message":"garbage collector deleted  be8a8aa1-3be9-4fef-ace0-83f64ed44aa7.vec on folder: C:\\develop\\nodejs\\projects\\aitam\\work\\, path: C:\\develop\\nodejs\\projects\\aitam\\work\\be8a8aa1-3be9-4fef-ace0-83f64ed44aa7.vec","level":"\u001b[34minfo\u001b[39m","timestamp":"2019-02-02 00:30:00"}
{"message":"garbage collector deleted  be8a8aa1-3be9-4fef-ace0-83f64ed44aa7.xml on folder: C:\\develop\\nodejs\\projects\\aitam\\work\\, path: C:\\develop\\nodejs\\projects\\aitam\\work\\be8a8aa1-3be9-4fef-ace0-83f64ed44aa7.xml","level":"\u001b[34minfo\u001b[39m","timestamp":"2019-02-02 00:30:00"}
{"message":"garbage collector deleted  ce52deb6-a621-4e97-9589-c60d18e4dc44.src on folder: C:\\develop\\nodejs\\projects\\aitam\\work\\, path: C:\\develop\\nodejs\\projects\\aitam\\work\\ce52deb6-a621-4e97-9589-c60d18e4dc44.src","level":"\u001b[34minfo\u001b[39m","timestamp":"2019-02-02 00:30:00"}
{"message":"garbage collector deleted  ce52deb6-a621-4e97-9589-c60d18e4dc44.vec on folder: C:\\develop\\nodejs\\projects\\aitam\\work\\, path: C:\\develop\\nodejs\\projects\\aitam\\work\\ce52deb6-a621-4e97-9589-c60d18e4dc44.vec","level":"\u001b[34minfo\u001b[39m","timestamp":"2019-02-02 00:30:00"}
{"message":"garbage collector deleted  ce52deb6-a621-4e97-9589-c60d18e4dc44.tkn on folder: C:\\develop\\nodejs\\projects\\aitam\\work\\, path: C:\\develop\\nodejs\\projects\\aitam\\work\\ce52deb6-a621-4e97-9589-c60d18e4dc44.tkn","level":"\u001b[34minfo\u001b[39m","timestamp":"2019-02-02 00:30:00"}
{"message":"garbage collector deleted  ce52deb6-a621-4e97-9589-c60d18e4dc44.xml on folder: C:\\develop\\nodejs\\projects\\aitam\\work\\, path: C:\\develop\\nodejs\\projects\\aitam\\work\\ce52deb6-a621-4e97-9589-c60d18e4dc44.xml","level":"\u001b[34minfo\u001b[39m","timestamp":"2019-02-02 00:30:00"}
{"message":"garbage collector deleted  d11d8624-4d62-42ae-8dd3-1619ec493c8b.src on folder: C:\\develop\\nodejs\\projects\\aitam\\work\\, path: C:\\develop\\nodejs\\projects\\aitam\\work\\d11d8624-4d62-42ae-8dd3-1619ec493c8b.src","level":"\u001b[34minfo\u001b[39m","timestamp":"2019-02-02 00:30:00"}
{"message":"garbage collector deleted  d11d8624-4d62-42ae-8dd3-1619ec493c8b.tkn on folder: C:\\develop\\nodejs\\projects\\aitam\\work\\, path: C:\\develop\\nodejs\\projects\\aitam\\work\\d11d8624-4d62-42ae-8dd3-1619ec493c8b.tkn","level":"\u001b[34minfo\u001b[39m","timestamp":"2019-02-02 00:30:00"}
{"message":"garbage collector deleted  d11d8624-4d62-42ae-8dd3-1619ec493c8b.vec on folder: C:\\develop\\nodejs\\projects\\aitam\\work\\, path: C:\\develop\\nodejs\\projects\\aitam\\work\\d11d8624-4d62-42ae-8dd3-1619ec493c8b.vec","level":"\u001b[34minfo\u001b[39m","timestamp":"2019-02-02 00:30:00"}
{"message":"garbage collector deleted  d11d8624-4d62-42ae-8dd3-1619ec493c8b.xml on folder: C:\\develop\\nodejs\\projects\\aitam\\work\\, path: C:\\develop\\nodejs\\projects\\aitam\\work\\d11d8624-4d62-42ae-8dd3-1619ec493c8b.xml","level":"\u001b[34minfo\u001b[39m","timestamp":"2019-02-02 00:30:00"}
{"message":"garbage collector deleted  d345b2eb-d9e2-4f80-9959-f44422f37ed6.src on folder: C:\\develop\\nodejs\\projects\\aitam\\work\\, path: C:\\develop\\nodejs\\projects\\aitam\\work\\d345b2eb-d9e2-4f80-9959-f44422f37ed6.src","level":"\u001b[34minfo\u001b[39m","timestamp":"2019-02-02 00:30:00"}
{"message":"garbage collector deleted  d345b2eb-d9e2-4f80-9959-f44422f37ed6.tkn on folder: C:\\develop\\nodejs\\projects\\aitam\\work\\, path: C:\\develop\\nodejs\\projects\\aitam\\work\\d345b2eb-d9e2-4f80-9959-f44422f37ed6.tkn","level":"\u001b[34minfo\u001b[39m","timestamp":"2019-02-02 00:30:00"}
{"message":"garbage collector deleted  d345b2eb-d9e2-4f80-9959-f44422f37ed6.vec on folder: C:\\develop\\nodejs\\projects\\aitam\\work\\, path: C:\\develop\\nodejs\\projects\\aitam\\work\\d345b2eb-d9e2-4f80-9959-f44422f37ed6.vec","level":"\u001b[34minfo\u001b[39m","timestamp":"2019-02-02 00:30:00"}
{"message":"garbage collector deleted  d345b2eb-d9e2-4f80-9959-f44422f37ed6.xml on folder: C:\\develop\\nodejs\\projects\\aitam\\work\\, path: C:\\develop\\nodejs\\projects\\aitam\\work\\d345b2eb-d9e2-4f80-9959-f44422f37ed6.xml","level":"\u001b[34minfo\u001b[39m","timestamp":"2019-02-02 00:30:00"}
{"message":"garbage collector deleted  d539ca6b-a939-4a2a-8dd6-0d03fffe5329.src on folder: C:\\develop\\nodejs\\projects\\aitam\\work\\, path: C:\\develop\\nodejs\\projects\\aitam\\work\\d539ca6b-a939-4a2a-8dd6-0d03fffe5329.src","level":"\u001b[34minfo\u001b[39m","timestamp":"2019-02-02 00:30:00"}
{"message":"garbage collector deleted  d539ca6b-a939-4a2a-8dd6-0d03fffe5329.tkn on folder: C:\\develop\\nodejs\\projects\\aitam\\work\\, path: C:\\develop\\nodejs\\projects\\aitam\\work\\d539ca6b-a939-4a2a-8dd6-0d03fffe5329.tkn","level":"\u001b[34minfo\u001b[39m","timestamp":"2019-02-02 00:30:00"}
{"message":"garbage collector deleted  db597d5d-8bed-4924-ab4d-8492d80ca688.src on folder: C:\\develop\\nodejs\\projects\\aitam\\work\\, path: C:\\develop\\nodejs\\projects\\aitam\\work\\db597d5d-8bed-4924-ab4d-8492d80ca688.src","level":"\u001b[34minfo\u001b[39m","timestamp":"2019-02-02 00:30:00"}
{"message":"garbage collector deleted  d539ca6b-a939-4a2a-8dd6-0d03fffe5329.xml on folder: C:\\develop\\nodejs\\projects\\aitam\\work\\, path: C:\\develop\\nodejs\\projects\\aitam\\work\\d539ca6b-a939-4a2a-8dd6-0d03fffe5329.xml","level":"\u001b[34minfo\u001b[39m","timestamp":"2019-02-02 00:30:00"}
{"message":"garbage collector deleted  db597d5d-8bed-4924-ab4d-8492d80ca688.tkn on folder: C:\\develop\\nodejs\\projects\\aitam\\work\\, path: C:\\develop\\nodejs\\projects\\aitam\\work\\db597d5d-8bed-4924-ab4d-8492d80ca688.tkn","level":"\u001b[34minfo\u001b[39m","timestamp":"2019-02-02 00:30:00"}
{"message":"garbage collector deleted  db597d5d-8bed-4924-ab4d-8492d80ca688.vec on folder: C:\\develop\\nodejs\\projects\\aitam\\work\\, path: C:\\develop\\nodejs\\projects\\aitam\\work\\db597d5d-8bed-4924-ab4d-8492d80ca688.vec","level":"\u001b[34minfo\u001b[39m","timestamp":"2019-02-02 00:30:00"}
{"message":"garbage collector deleted  db597d5d-8bed-4924-ab4d-8492d80ca688.xml on folder: C:\\develop\\nodejs\\projects\\aitam\\work\\, path: C:\\develop\\nodejs\\projects\\aitam\\work\\db597d5d-8bed-4924-ab4d-8492d80ca688.xml","level":"\u001b[34minfo\u001b[39m","timestamp":"2019-02-02 00:30:00"}
{"message":"garbage collector deleted  dd7971f5-0376-45ff-a191-01277541179e.src on folder: C:\\develop\\nodejs\\projects\\aitam\\work\\, path: C:\\develop\\nodejs\\projects\\aitam\\work\\dd7971f5-0376-45ff-a191-01277541179e.src","level":"\u001b[34minfo\u001b[39m","timestamp":"2019-02-02 00:30:00"}
{"message":"garbage collector deleted  dd7971f5-0376-45ff-a191-01277541179e.tkn on folder: C:\\develop\\nodejs\\projects\\aitam\\work\\, path: C:\\develop\\nodejs\\projects\\aitam\\work\\dd7971f5-0376-45ff-a191-01277541179e.tkn","level":"\u001b[34minfo\u001b[39m","timestamp":"2019-02-02 00:30:00"}
{"message":"garbage collector deleted  dd7971f5-0376-45ff-a191-01277541179e.vec on folder: C:\\develop\\nodejs\\projects\\aitam\\work\\, path: C:\\develop\\nodejs\\projects\\aitam\\work\\dd7971f5-0376-45ff-a191-01277541179e.vec","level":"\u001b[34minfo\u001b[39m","timestamp":"2019-02-02 00:30:00"}
{"message":"garbage collector deleted  dd7971f5-0376-45ff-a191-01277541179e.xml on folder: C:\\develop\\nodejs\\projects\\aitam\\work\\, path: C:\\develop\\nodejs\\projects\\aitam\\work\\dd7971f5-0376-45ff-a191-01277541179e.xml","level":"\u001b[34minfo\u001b[39m","timestamp":"2019-02-02 00:30:00"}
{"message":"garbage collector deleted  dfbecdd3-bdd9-43d9-a789-503c7959d2db.src on folder: C:\\develop\\nodejs\\projects\\aitam\\work\\, path: C:\\develop\\nodejs\\projects\\aitam\\work\\dfbecdd3-bdd9-43d9-a789-503c7959d2db.src","level":"\u001b[34minfo\u001b[39m","timestamp":"2019-02-02 00:30:00"}
{"message":"garbage collector deleted  dfbecdd3-bdd9-43d9-a789-503c7959d2db.tkn on folder: C:\\develop\\nodejs\\projects\\aitam\\work\\, path: C:\\develop\\nodejs\\projects\\aitam\\work\\dfbecdd3-bdd9-43d9-a789-503c7959d2db.tkn","level":"\u001b[34minfo\u001b[39m","timestamp":"2019-02-02 00:30:00"}
{"message":"garbage collector deleted  dfbecdd3-bdd9-43d9-a789-503c7959d2db.vec on folder: C:\\develop\\nodejs\\projects\\aitam\\work\\, path: C:\\develop\\nodejs\\projects\\aitam\\work\\dfbecdd3-bdd9-43d9-a789-503c7959d2db.vec","level":"\u001b[34minfo\u001b[39m","timestamp":"2019-02-02 00:30:00"}
{"message":"garbage collector deleted  dfbecdd3-bdd9-43d9-a789-503c7959d2db.xml on folder: C:\\develop\\nodejs\\projects\\aitam\\work\\, path: C:\\develop\\nodejs\\projects\\aitam\\work\\dfbecdd3-bdd9-43d9-a789-503c7959d2db.xml","level":"\u001b[34minfo\u001b[39m","timestamp":"2019-02-02 00:30:00"}
{"message":"garbage collector deleted  e584b912-c014-4147-99a7-71a0c98aa0c4.src on folder: C:\\develop\\nodejs\\projects\\aitam\\work\\, path: C:\\develop\\nodejs\\projects\\aitam\\work\\e584b912-c014-4147-99a7-71a0c98aa0c4.src","level":"\u001b[34minfo\u001b[39m","timestamp":"2019-02-02 00:30:00"}
{"message":"garbage collector deleted  e584b912-c014-4147-99a7-71a0c98aa0c4.tkn on folder: C:\\develop\\nodejs\\projects\\aitam\\work\\, path: C:\\develop\\nodejs\\projects\\aitam\\work\\e584b912-c014-4147-99a7-71a0c98aa0c4.tkn","level":"\u001b[34minfo\u001b[39m","timestamp":"2019-02-02 00:30:00"}
{"message":"garbage collector deleted  e584b912-c014-4147-99a7-71a0c98aa0c4.vec on folder: C:\\develop\\nodejs\\projects\\aitam\\work\\, path: C:\\develop\\nodejs\\projects\\aitam\\work\\e584b912-c014-4147-99a7-71a0c98aa0c4.vec","level":"\u001b[34minfo\u001b[39m","timestamp":"2019-02-02 00:30:00"}
{"message":"garbage collector deleted  e584b912-c014-4147-99a7-71a0c98aa0c4.xml on folder: C:\\develop\\nodejs\\projects\\aitam\\work\\, path: C:\\develop\\nodejs\\projects\\aitam\\work\\e584b912-c014-4147-99a7-71a0c98aa0c4.xml","level":"\u001b[34minfo\u001b[39m","timestamp":"2019-02-02 00:30:00"}
{"message":"garbage collector deleted  f4a3b6af-922b-4f99-b82d-76936de3d3f7.src on folder: C:\\develop\\nodejs\\projects\\aitam\\work\\, path: C:\\develop\\nodejs\\projects\\aitam\\work\\f4a3b6af-922b-4f99-b82d-76936de3d3f7.src","level":"\u001b[34minfo\u001b[39m","timestamp":"2019-02-02 00:30:00"}
{"message":"garbage collector deleted  f4a3b6af-922b-4f99-b82d-76936de3d3f7.tkn on folder: C:\\develop\\nodejs\\projects\\aitam\\work\\, path: C:\\develop\\nodejs\\projects\\aitam\\work\\f4a3b6af-922b-4f99-b82d-76936de3d3f7.tkn","level":"\u001b[34minfo\u001b[39m","timestamp":"2019-02-02 00:30:00"}
{"message":"garbage collector deleted  f4a3b6af-922b-4f99-b82d-76936de3d3f7.vec on folder: C:\\develop\\nodejs\\projects\\aitam\\work\\, path: C:\\develop\\nodejs\\projects\\aitam\\work\\f4a3b6af-922b-4f99-b82d-76936de3d3f7.vec","level":"\u001b[34minfo\u001b[39m","timestamp":"2019-02-02 00:30:00"}
{"message":"garbage collector deleted  d539ca6b-a939-4a2a-8dd6-0d03fffe5329.vec on folder: C:\\develop\\nodejs\\projects\\aitam\\work\\, path: C:\\develop\\nodejs\\projects\\aitam\\work\\d539ca6b-a939-4a2a-8dd6-0d03fffe5329.vec","level":"\u001b[34minfo\u001b[39m","timestamp":"2019-02-02 00:30:00"}
{"message":"garbage collector deleted  f4a3b6af-922b-4f99-b82d-76936de3d3f7.xml on folder: C:\\develop\\nodejs\\projects\\aitam\\work\\, path: C:\\develop\\nodejs\\projects\\aitam\\work\\f4a3b6af-922b-4f99-b82d-76936de3d3f7.xml","level":"\u001b[34minfo\u001b[39m","timestamp":"2019-02-02 00:30:00"}
{"message":"garbage collector deleted  f957f300-0a62-49fa-9ec4-be96866288ae.src on folder: C:\\develop\\nodejs\\projects\\aitam\\work\\, path: C:\\develop\\nodejs\\projects\\aitam\\work\\f957f300-0a62-49fa-9ec4-be96866288ae.src","level":"\u001b[34minfo\u001b[39m","timestamp":"2019-02-02 00:30:00"}
{"message":"garbage collector deleted  f957f300-0a62-49fa-9ec4-be96866288ae.xml on folder: C:\\develop\\nodejs\\projects\\aitam\\work\\, path: C:\\develop\\nodejs\\projects\\aitam\\work\\f957f300-0a62-49fa-9ec4-be96866288ae.xml","level":"\u001b[34minfo\u001b[39m","timestamp":"2019-02-02 00:30:00"}
{"message":"garbage collector deleted  f957f300-0a62-49fa-9ec4-be96866288ae.vec on folder: C:\\develop\\nodejs\\projects\\aitam\\work\\, path: C:\\develop\\nodejs\\projects\\aitam\\work\\f957f300-0a62-49fa-9ec4-be96866288ae.vec","level":"\u001b[34minfo\u001b[39m","timestamp":"2019-02-02 00:30:00"}
{"message":"garbage collector error:  Error: Can't read file C:\\develop\\nodejs\\projects\\aitam\\work\\18beae3a-09a1-455b-8887-87f62f67da58.src","level":"\u001b[34minfo\u001b[39m","timestamp":"2019-02-02 00:30:00"}
{"message":"garbage collector error:  Error: Can't read file C:\\develop\\nodejs\\projects\\aitam\\work\\18beae3a-09a1-455b-8887-87f62f67da58.vec","level":"\u001b[34minfo\u001b[39m","timestamp":"2019-02-02 00:30:00"}
{"message":"garbage collector error:  Error: Can't read file C:\\develop\\nodejs\\projects\\aitam\\work\\18beae3a-09a1-455b-8887-87f62f67da58.xml","level":"\u001b[34minfo\u001b[39m","timestamp":"2019-02-02 00:30:00"}
{"message":"garbage collector error:  Error: Can't read file C:\\develop\\nodejs\\projects\\aitam\\work\\18beae3a-09a1-455b-8887-87f62f67da58.tkn","level":"\u001b[34minfo\u001b[39m","timestamp":"2019-02-02 00:30:00"}
{"message":"garbage collector error:  Error: Can't read file C:\\develop\\nodejs\\projects\\aitam\\work\\228c70c3-abca-47f6-88a4-e283bb2aa9cc.src","level":"\u001b[34minfo\u001b[39m","timestamp":"2019-02-02 00:30:00"}
{"message":"garbage collector error:  Error: Can't read file C:\\develop\\nodejs\\projects\\aitam\\work\\228c70c3-abca-47f6-88a4-e283bb2aa9cc.tkn","level":"\u001b[34minfo\u001b[39m","timestamp":"2019-02-02 00:30:00"}
{"message":"garbage collector error:  Error: Can't read file C:\\develop\\nodejs\\projects\\aitam\\work\\228c70c3-abca-47f6-88a4-e283bb2aa9cc.vec","level":"\u001b[34minfo\u001b[39m","timestamp":"2019-02-02 00:30:00"}
{"message":"garbage collector error:  Error: Can't read file C:\\develop\\nodejs\\projects\\aitam\\work\\228c70c3-abca-47f6-88a4-e283bb2aa9cc.xml","level":"\u001b[34minfo\u001b[39m","timestamp":"2019-02-02 00:30:00"}
{"message":"garbage collector error:  Error: Can't read file C:\\develop\\nodejs\\projects\\aitam\\work\\2a75a5a4-7873-438a-9bb3-dfaa8b4ea037.src","level":"\u001b[34minfo\u001b[39m","timestamp":"2019-02-02 00:30:00"}
{"message":"garbage collector error:  Error: Can't read file C:\\develop\\nodejs\\projects\\aitam\\work\\2a75a5a4-7873-438a-9bb3-dfaa8b4ea037.vec","level":"\u001b[34minfo\u001b[39m","timestamp":"2019-02-02 00:30:00"}
{"message":"garbage collector error:  Error: Can't read file C:\\develop\\nodejs\\projects\\aitam\\work\\2a75a5a4-7873-438a-9bb3-dfaa8b4ea037.tkn","level":"\u001b[34minfo\u001b[39m","timestamp":"2019-02-02 00:30:00"}
{"message":"garbage collector error:  Error: Can't read file C:\\develop\\nodejs\\projects\\aitam\\work\\2a75a5a4-7873-438a-9bb3-dfaa8b4ea037.xml","level":"\u001b[34minfo\u001b[39m","timestamp":"2019-02-02 00:30:00"}
{"message":"garbage collector error:  Error: Can't read file C:\\develop\\nodejs\\projects\\aitam\\work\\301683ea-af2e-450e-82fc-c7b21333d4ac.src","level":"\u001b[34minfo\u001b[39m","timestamp":"2019-02-02 00:30:00"}
{"message":"garbage collector error:  Error: Can't read file C:\\develop\\nodejs\\projects\\aitam\\work\\301683ea-af2e-450e-82fc-c7b21333d4ac.tkn","level":"\u001b[34minfo\u001b[39m","timestamp":"2019-02-02 00:30:00"}
{"message":"garbage collector error:  Error: Can't read file C:\\develop\\nodejs\\projects\\aitam\\work\\301683ea-af2e-450e-82fc-c7b21333d4ac.vec","level":"\u001b[34minfo\u001b[39m","timestamp":"2019-02-02 00:30:00"}
{"message":"garbage collector error:  Error: Can't read file C:\\develop\\nodejs\\projects\\aitam\\work\\301683ea-af2e-450e-82fc-c7b21333d4ac.xml","level":"\u001b[34minfo\u001b[39m","timestamp":"2019-02-02 00:30:00"}
{"message":"garbage collector error:  Error: Can't read file C:\\develop\\nodejs\\projects\\aitam\\work\\30ac688d-1fa0-4c90-9dc3-e29b83d4bdc5.src","level":"\u001b[34minfo\u001b[39m","timestamp":"2019-02-02 00:30:00"}
{"message":"garbage collector error:  Error: Can't read file C:\\develop\\nodejs\\projects\\aitam\\work\\30ac688d-1fa0-4c90-9dc3-e29b83d4bdc5.tkn","level":"\u001b[34minfo\u001b[39m","timestamp":"2019-02-02 00:30:00"}
{"message":"garbage collector error:  Error: Can't read file C:\\develop\\nodejs\\projects\\aitam\\work\\30ac688d-1fa0-4c90-9dc3-e29b83d4bdc5.vec","level":"\u001b[34minfo\u001b[39m","timestamp":"2019-02-02 00:30:00"}
{"message":"garbage collector error:  Error: Can't read file C:\\develop\\nodejs\\projects\\aitam\\work\\30ac688d-1fa0-4c90-9dc3-e29b83d4bdc5.xml","level":"\u001b[34minfo\u001b[39m","timestamp":"2019-02-02 00:30:00"}
{"message":"garbage collector error:  Error: Can't read file C:\\develop\\nodejs\\projects\\aitam\\work\\45990181-44ce-4188-b7b5-fba748f9484e.src","level":"\u001b[34minfo\u001b[39m","timestamp":"2019-02-02 00:30:00"}
{"message":"garbage collector error:  Error: Can't read file C:\\develop\\nodejs\\projects\\aitam\\work\\45990181-44ce-4188-b7b5-fba748f9484e.tkn","level":"\u001b[34minfo\u001b[39m","timestamp":"2019-02-02 00:30:00"}
{"message":"garbage collector error:  Error: Can't read file C:\\develop\\nodejs\\projects\\aitam\\work\\45990181-44ce-4188-b7b5-fba748f9484e.vec","level":"\u001b[34minfo\u001b[39m","timestamp":"2019-02-02 00:30:00"}
{"message":"garbage collector error:  Error: Can't read file C:\\develop\\nodejs\\projects\\aitam\\work\\45990181-44ce-4188-b7b5-fba748f9484e.xml","level":"\u001b[34minfo\u001b[39m","timestamp":"2019-02-02 00:30:00"}
{"message":"garbage collector error:  Error: Can't read file C:\\develop\\nodejs\\projects\\aitam\\work\\46fecd65-134b-4fe2-9f78-c1117bf2841c.src","level":"\u001b[34minfo\u001b[39m","timestamp":"2019-02-02 00:30:00"}
{"message":"garbage collector error:  Error: Can't read file C:\\develop\\nodejs\\projects\\aitam\\work\\46fecd65-134b-4fe2-9f78-c1117bf2841c.tkn","level":"\u001b[34minfo\u001b[39m","timestamp":"2019-02-02 00:30:00"}
{"message":"garbage collector error:  Error: Can't read file C:\\develop\\nodejs\\projects\\aitam\\work\\46fecd65-134b-4fe2-9f78-c1117bf2841c.xml","level":"\u001b[34minfo\u001b[39m","timestamp":"2019-02-02 00:30:00"}
{"message":"garbage collector error:  Error: Can't read file C:\\develop\\nodejs\\projects\\aitam\\work\\46fecd65-134b-4fe2-9f78-c1117bf2841c.vec","level":"\u001b[34minfo\u001b[39m","timestamp":"2019-02-02 00:30:00"}
{"message":"garbage collector error:  Error: Can't read file C:\\develop\\nodejs\\projects\\aitam\\work\\486b11a1-3166-444a-b8c7-e8e32cb57c2a.src","level":"\u001b[34minfo\u001b[39m","timestamp":"2019-02-02 00:30:00"}
{"message":"garbage collector error:  Error: Can't read file C:\\develop\\nodejs\\projects\\aitam\\work\\486b11a1-3166-444a-b8c7-e8e32cb57c2a.vec","level":"\u001b[34minfo\u001b[39m","timestamp":"2019-02-02 00:30:00"}
{"message":"garbage collector error:  Error: Can't read file C:\\develop\\nodejs\\projects\\aitam\\work\\486b11a1-3166-444a-b8c7-e8e32cb57c2a.tkn","level":"\u001b[34minfo\u001b[39m","timestamp":"2019-02-02 00:30:00"}
{"message":"garbage collector error:  Error: Can't read file C:\\develop\\nodejs\\projects\\aitam\\work\\486b11a1-3166-444a-b8c7-e8e32cb57c2a.xml","level":"\u001b[34minfo\u001b[39m","timestamp":"2019-02-02 00:30:00"}
{"message":"garbage collector error:  Error: Can't read file C:\\develop\\nodejs\\projects\\aitam\\work\\4f922970-8f21-41d8-89ea-d55e8ebc0bba.tkn","level":"\u001b[34minfo\u001b[39m","timestamp":"2019-02-02 00:30:00"}
{"message":"garbage collector error:  Error: Can't read file C:\\develop\\nodejs\\projects\\aitam\\work\\4f922970-8f21-41d8-89ea-d55e8ebc0bba.src","level":"\u001b[34minfo\u001b[39m","timestamp":"2019-02-02 00:30:00"}
{"message":"garbage collector error:  Error: Can't read file C:\\develop\\nodejs\\projects\\aitam\\work\\4f922970-8f21-41d8-89ea-d55e8ebc0bba.vec","level":"\u001b[34minfo\u001b[39m","timestamp":"2019-02-02 00:30:00"}
{"message":"garbage collector error:  Error: Can't read file C:\\develop\\nodejs\\projects\\aitam\\work\\4f922970-8f21-41d8-89ea-d55e8ebc0bba.xml","level":"\u001b[34minfo\u001b[39m","timestamp":"2019-02-02 00:30:00"}
{"message":"garbage collector error:  Error: Can't read file C:\\develop\\nodejs\\projects\\aitam\\work\\53e9d9a8-4673-41cd-bd5f-bb4fca6e4623.src","level":"\u001b[34minfo\u001b[39m","timestamp":"2019-02-02 00:30:00"}
{"message":"garbage collector error:  Error: Can't read file C:\\develop\\nodejs\\projects\\aitam\\work\\53e9d9a8-4673-41cd-bd5f-bb4fca6e4623.tkn","level":"\u001b[34minfo\u001b[39m","timestamp":"2019-02-02 00:30:00"}
{"message":"garbage collector error:  Error: Can't read file C:\\develop\\nodejs\\projects\\aitam\\work\\53e9d9a8-4673-41cd-bd5f-bb4fca6e4623.vec","level":"\u001b[34minfo\u001b[39m","timestamp":"2019-02-02 00:30:00"}
{"message":"garbage collector error:  Error: Can't read file C:\\develop\\nodejs\\projects\\aitam\\work\\53e9d9a8-4673-41cd-bd5f-bb4fca6e4623.xml","level":"\u001b[34minfo\u001b[39m","timestamp":"2019-02-02 00:30:00"}
{"message":"garbage collector error:  Error: Can't read file C:\\develop\\nodejs\\projects\\aitam\\work\\71423231-17df-4bbf-864d-f7fe9a39cac0.src","level":"\u001b[34minfo\u001b[39m","timestamp":"2019-02-02 00:30:00"}
{"message":"garbage collector error:  Error: Can't read file C:\\develop\\nodejs\\projects\\aitam\\work\\71423231-17df-4bbf-864d-f7fe9a39cac0.tkn","level":"\u001b[34minfo\u001b[39m","timestamp":"2019-02-02 00:30:00"}
{"message":"garbage collector error:  Error: Can't read file C:\\develop\\nodejs\\projects\\aitam\\work\\71423231-17df-4bbf-864d-f7fe9a39cac0.vec","level":"\u001b[34minfo\u001b[39m","timestamp":"2019-02-02 00:30:00"}
{"message":"garbage collector error:  Error: Can't read file C:\\develop\\nodejs\\projects\\aitam\\work\\71423231-17df-4bbf-864d-f7fe9a39cac0.xml","level":"\u001b[34minfo\u001b[39m","timestamp":"2019-02-02 00:30:00"}
{"message":"garbage collector error:  Error: Can't read file C:\\develop\\nodejs\\projects\\aitam\\work\\73ff62f4-efe1-4637-9a8a-0eb91c4a947c.src","level":"\u001b[34minfo\u001b[39m","timestamp":"2019-02-02 00:30:00"}
{"message":"garbage collector error:  Error: Can't read file C:\\develop\\nodejs\\projects\\aitam\\work\\73ff62f4-efe1-4637-9a8a-0eb91c4a947c.tkn","level":"\u001b[34minfo\u001b[39m","timestamp":"2019-02-02 00:30:00"}
{"message":"garbage collector error:  Error: Can't read file C:\\develop\\nodejs\\projects\\aitam\\work\\73ff62f4-efe1-4637-9a8a-0eb91c4a947c.vec","level":"\u001b[34minfo\u001b[39m","timestamp":"2019-02-02 00:30:00"}
{"message":"garbage collector error:  Error: Can't read file C:\\develop\\nodejs\\projects\\aitam\\work\\73ff62f4-efe1-4637-9a8a-0eb91c4a947c.xml","level":"\u001b[34minfo\u001b[39m","timestamp":"2019-02-02 00:30:00"}
{"message":"garbage collector error:  Error: Can't read file C:\\develop\\nodejs\\projects\\aitam\\work\\7f0cc8e0-e2b4-4261-99aa-e2bd52bb8177.src","level":"\u001b[34minfo\u001b[39m","timestamp":"2019-02-02 00:30:00"}
{"message":"garbage collector error:  Error: Can't read file C:\\develop\\nodejs\\projects\\aitam\\work\\7f0cc8e0-e2b4-4261-99aa-e2bd52bb8177.tkn","level":"\u001b[34minfo\u001b[39m","timestamp":"2019-02-02 00:30:00"}
{"message":"garbage collector error:  Error: Can't read file C:\\develop\\nodejs\\projects\\aitam\\work\\7f0cc8e0-e2b4-4261-99aa-e2bd52bb8177.vec","level":"\u001b[34minfo\u001b[39m","timestamp":"2019-02-02 00:30:00"}
{"message":"garbage collector error:  Error: Can't read file C:\\develop\\nodejs\\projects\\aitam\\work\\7f0cc8e0-e2b4-4261-99aa-e2bd52bb8177.xml","level":"\u001b[34minfo\u001b[39m","timestamp":"2019-02-02 00:30:00"}
{"message":"garbage collector error:  Error: Can't read file C:\\develop\\nodejs\\projects\\aitam\\work\\892d0f08-1b33-4d8a-82b3-0e4b8c4353af.tkn","level":"\u001b[34minfo\u001b[39m","timestamp":"2019-02-02 00:30:00"}
{"message":"garbage collector error:  Error: Can't read file C:\\develop\\nodejs\\projects\\aitam\\work\\892d0f08-1b33-4d8a-82b3-0e4b8c4353af.vec","level":"\u001b[34minfo\u001b[39m","timestamp":"2019-02-02 00:30:00"}
{"message":"garbage collector error:  Error: Can't read file C:\\develop\\nodejs\\projects\\aitam\\work\\892d0f08-1b33-4d8a-82b3-0e4b8c4353af.xml","level":"\u001b[34minfo\u001b[39m","timestamp":"2019-02-02 00:30:00"}
{"message":"garbage collector error:  Error: Can't read file C:\\develop\\nodejs\\projects\\aitam\\work\\8d20f0ef-7843-45c5-a7e6-50fac2c4ce43.src","level":"\u001b[34minfo\u001b[39m","timestamp":"2019-02-02 00:30:00"}
{"message":"garbage collector error:  Error: Can't read file C:\\develop\\nodejs\\projects\\aitam\\work\\8d20f0ef-7843-45c5-a7e6-50fac2c4ce43.tkn","level":"\u001b[34minfo\u001b[39m","timestamp":"2019-02-02 00:30:00"}
{"message":"garbage collector error:  Error: Can't read file C:\\develop\\nodejs\\projects\\aitam\\work\\8d20f0ef-7843-45c5-a7e6-50fac2c4ce43.vec","level":"\u001b[34minfo\u001b[39m","timestamp":"2019-02-02 00:30:00"}
{"message":"garbage collector error:  Error: Can't read file C:\\develop\\nodejs\\projects\\aitam\\work\\8d20f0ef-7843-45c5-a7e6-50fac2c4ce43.xml","level":"\u001b[34minfo\u001b[39m","timestamp":"2019-02-02 00:30:00"}
{"message":"garbage collector error:  Error: Can't read file C:\\develop\\nodejs\\projects\\aitam\\work\\90bfb4bd-6147-4460-b40f-c6ede22f99ba.src","level":"\u001b[34minfo\u001b[39m","timestamp":"2019-02-02 00:30:00"}
{"message":"garbage collector error:  Error: Can't read file C:\\develop\\nodejs\\projects\\aitam\\work\\90bfb4bd-6147-4460-b40f-c6ede22f99ba.tkn","level":"\u001b[34minfo\u001b[39m","timestamp":"2019-02-02 00:30:00"}
{"message":"garbage collector error:  Error: Can't read file C:\\develop\\nodejs\\projects\\aitam\\work\\892d0f08-1b33-4d8a-82b3-0e4b8c4353af.src","level":"\u001b[34minfo\u001b[39m","timestamp":"2019-02-02 00:30:00"}
{"message":"garbage collector error:  Error: Can't read file C:\\develop\\nodejs\\projects\\aitam\\work\\90bfb4bd-6147-4460-b40f-c6ede22f99ba.vec","level":"\u001b[34minfo\u001b[39m","timestamp":"2019-02-02 00:30:00"}
{"message":"garbage collector error:  Error: Can't read file C:\\develop\\nodejs\\projects\\aitam\\work\\93c411a2-0675-4e26-97dc-6dcf7be0477d.src","level":"\u001b[34minfo\u001b[39m","timestamp":"2019-02-02 00:30:00"}
{"message":"garbage collector error:  Error: Can't read file C:\\develop\\nodejs\\projects\\aitam\\work\\93c411a2-0675-4e26-97dc-6dcf7be0477d.tkn","level":"\u001b[34minfo\u001b[39m","timestamp":"2019-02-02 00:30:00"}
{"message":"garbage collector error:  Error: Can't read file C:\\develop\\nodejs\\projects\\aitam\\work\\93c411a2-0675-4e26-97dc-6dcf7be0477d.vec","level":"\u001b[34minfo\u001b[39m","timestamp":"2019-02-02 00:30:00"}
{"message":"garbage collector error:  Error: Can't read file C:\\develop\\nodejs\\projects\\aitam\\work\\93c411a2-0675-4e26-97dc-6dcf7be0477d.xml","level":"\u001b[34minfo\u001b[39m","timestamp":"2019-02-02 00:30:00"}
{"message":"garbage collector error:  Error: Can't read file C:\\develop\\nodejs\\projects\\aitam\\work\\90bfb4bd-6147-4460-b40f-c6ede22f99ba.xml","level":"\u001b[34minfo\u001b[39m","timestamp":"2019-02-02 00:30:00"}
{"message":"garbage collector error:  Error: Can't read file C:\\develop\\nodejs\\projects\\aitam\\work\\98e9b6e2-2caa-4393-8d78-f10f33bb29f4.src","level":"\u001b[34minfo\u001b[39m","timestamp":"2019-02-02 00:30:00"}
{"message":"garbage collector error:  Error: Can't read file C:\\develop\\nodejs\\projects\\aitam\\work\\98e9b6e2-2caa-4393-8d78-f10f33bb29f4.tkn","level":"\u001b[34minfo\u001b[39m","timestamp":"2019-02-02 00:30:00"}
{"message":"garbage collector error:  Error: Can't read file C:\\develop\\nodejs\\projects\\aitam\\work\\98e9b6e2-2caa-4393-8d78-f10f33bb29f4.vec","level":"\u001b[34minfo\u001b[39m","timestamp":"2019-02-02 00:30:00"}
{"message":"garbage collector error:  Error: Can't read file C:\\develop\\nodejs\\projects\\aitam\\work\\98e9b6e2-2caa-4393-8d78-f10f33bb29f4.xml","level":"\u001b[34minfo\u001b[39m","timestamp":"2019-02-02 00:30:00"}
{"message":"garbage collector error:  Error: Can't read file C:\\develop\\nodejs\\projects\\aitam\\work\\9acc10cb-b6e9-42dd-bb61-88775d8017d5.src","level":"\u001b[34minfo\u001b[39m","timestamp":"2019-02-02 00:30:00"}
{"message":"garbage collector error:  Error: Can't read file C:\\develop\\nodejs\\projects\\aitam\\work\\9acc10cb-b6e9-42dd-bb61-88775d8017d5.tkn","level":"\u001b[34minfo\u001b[39m","timestamp":"2019-02-02 00:30:00"}
{"message":"garbage collector error:  Error: Can't read file C:\\develop\\nodejs\\projects\\aitam\\work\\9acc10cb-b6e9-42dd-bb61-88775d8017d5.vec","level":"\u001b[34minfo\u001b[39m","timestamp":"2019-02-02 00:30:00"}
{"message":"garbage collector error:  Error: Can't read file C:\\develop\\nodejs\\projects\\aitam\\work\\9acc10cb-b6e9-42dd-bb61-88775d8017d5.xml","level":"\u001b[34minfo\u001b[39m","timestamp":"2019-02-02 00:30:00"}
{"message":"garbage collector error:  Error: Can't read file C:\\develop\\nodejs\\projects\\aitam\\work\\a1b1a225-cc01-430b-8e9c-13f355d034bc.src","level":"\u001b[34minfo\u001b[39m","timestamp":"2019-02-02 00:30:00"}
{"message":"garbage collector error:  Error: Can't read file C:\\develop\\nodejs\\projects\\aitam\\work\\a1b1a225-cc01-430b-8e9c-13f355d034bc.tkn","level":"\u001b[34minfo\u001b[39m","timestamp":"2019-02-02 00:30:00"}
{"message":"garbage collector error:  Error: Can't read file C:\\develop\\nodejs\\projects\\aitam\\work\\a1b1a225-cc01-430b-8e9c-13f355d034bc.xml","level":"\u001b[34minfo\u001b[39m","timestamp":"2019-02-02 00:30:00"}
{"message":"garbage collector error:  Error: Can't read file C:\\develop\\nodejs\\projects\\aitam\\work\\a3b99e65-c8b1-4c3c-9804-6d91803d8241.src","level":"\u001b[34minfo\u001b[39m","timestamp":"2019-02-02 00:30:00"}
{"message":"garbage collector error:  Error: Can't read file C:\\develop\\nodejs\\projects\\aitam\\work\\a3b99e65-c8b1-4c3c-9804-6d91803d8241.tkn","level":"\u001b[34minfo\u001b[39m","timestamp":"2019-02-02 00:30:00"}
{"message":"garbage collector error:  Error: Can't read file C:\\develop\\nodejs\\projects\\aitam\\work\\a3b99e65-c8b1-4c3c-9804-6d91803d8241.vec","level":"\u001b[34minfo\u001b[39m","timestamp":"2019-02-02 00:30:00"}
{"message":"garbage collector error:  Error: Can't read file C:\\develop\\nodejs\\projects\\aitam\\work\\a3b99e65-c8b1-4c3c-9804-6d91803d8241.xml","level":"\u001b[34minfo\u001b[39m","timestamp":"2019-02-02 00:30:00"}
{"message":"garbage collector error:  Error: Can't read file C:\\develop\\nodejs\\projects\\aitam\\work\\a6ec5b73-2021-4dc3-9f7b-a7727b8d2c55.src","level":"\u001b[34minfo\u001b[39m","timestamp":"2019-02-02 00:30:00"}
{"message":"garbage collector error:  Error: Can't read file C:\\develop\\nodejs\\projects\\aitam\\work\\a6ec5b73-2021-4dc3-9f7b-a7727b8d2c55.tkn","level":"\u001b[34minfo\u001b[39m","timestamp":"2019-02-02 00:30:00"}
{"message":"garbage collector error:  Error: Can't read file C:\\develop\\nodejs\\projects\\aitam\\work\\a6ec5b73-2021-4dc3-9f7b-a7727b8d2c55.vec","level":"\u001b[34minfo\u001b[39m","timestamp":"2019-02-02 00:30:00"}
{"message":"garbage collector error:  Error: Can't read file C:\\develop\\nodejs\\projects\\aitam\\work\\a6ec5b73-2021-4dc3-9f7b-a7727b8d2c55.xml","level":"\u001b[34minfo\u001b[39m","timestamp":"2019-02-02 00:30:00"}
{"message":"garbage collector error:  Error: Can't read file C:\\develop\\nodejs\\projects\\aitam\\work\\b2e667af-3985-4fb9-8761-fbcafb6c2a29.src","level":"\u001b[34minfo\u001b[39m","timestamp":"2019-02-02 00:30:00"}
{"message":"garbage collector error:  Error: Can't read file C:\\develop\\nodejs\\projects\\aitam\\work\\b2e667af-3985-4fb9-8761-fbcafb6c2a29.tkn","level":"\u001b[34minfo\u001b[39m","timestamp":"2019-02-02 00:30:00"}
{"message":"garbage collector error:  Error: Can't read file C:\\develop\\nodejs\\projects\\aitam\\work\\b2e667af-3985-4fb9-8761-fbcafb6c2a29.vec","level":"\u001b[34minfo\u001b[39m","timestamp":"2019-02-02 00:30:00"}
{"message":"garbage collector error:  Error: Can't read file C:\\develop\\nodejs\\projects\\aitam\\work\\b2e667af-3985-4fb9-8761-fbcafb6c2a29.xml","level":"\u001b[34minfo\u001b[39m","timestamp":"2019-02-02 00:30:00"}
{"message":"garbage collector error:  Error: Can't read file C:\\develop\\nodejs\\projects\\aitam\\work\\be8a8aa1-3be9-4fef-ace0-83f64ed44aa7.src","level":"\u001b[34minfo\u001b[39m","timestamp":"2019-02-02 00:30:00"}
{"message":"garbage collector error:  Error: Can't read file C:\\develop\\nodejs\\projects\\aitam\\work\\be8a8aa1-3be9-4fef-ace0-83f64ed44aa7.tkn","level":"\u001b[34minfo\u001b[39m","timestamp":"2019-02-02 00:30:00"}
{"message":"garbage collector error:  Error: Can't read file C:\\develop\\nodejs\\projects\\aitam\\work\\be8a8aa1-3be9-4fef-ace0-83f64ed44aa7.vec","level":"\u001b[34minfo\u001b[39m","timestamp":"2019-02-02 00:30:00"}
{"message":"garbage collector error:  Error: Can't read file C:\\develop\\nodejs\\projects\\aitam\\work\\be8a8aa1-3be9-4fef-ace0-83f64ed44aa7.xml","level":"\u001b[34minfo\u001b[39m","timestamp":"2019-02-02 00:30:00"}
{"message":"garbage collector error:  Error: Can't read file C:\\develop\\nodejs\\projects\\aitam\\work\\ce52deb6-a621-4e97-9589-c60d18e4dc44.src","level":"\u001b[34minfo\u001b[39m","timestamp":"2019-02-02 00:30:00"}
{"message":"garbage collector error:  Error: Can't read file C:\\develop\\nodejs\\projects\\aitam\\work\\ce52deb6-a621-4e97-9589-c60d18e4dc44.tkn","level":"\u001b[34minfo\u001b[39m","timestamp":"2019-02-02 00:30:00"}
{"message":"garbage collector error:  Error: Can't read file C:\\develop\\nodejs\\projects\\aitam\\work\\ce52deb6-a621-4e97-9589-c60d18e4dc44.vec","level":"\u001b[34minfo\u001b[39m","timestamp":"2019-02-02 00:30:00"}
{"message":"garbage collector error:  Error: Can't read file C:\\develop\\nodejs\\projects\\aitam\\work\\ce52deb6-a621-4e97-9589-c60d18e4dc44.xml","level":"\u001b[34minfo\u001b[39m","timestamp":"2019-02-02 00:30:00"}
{"message":"garbage collector error:  Error: Can't read file C:\\develop\\nodejs\\projects\\aitam\\work\\d11d8624-4d62-42ae-8dd3-1619ec493c8b.tkn","level":"\u001b[34minfo\u001b[39m","timestamp":"2019-02-02 00:30:00"}
{"message":"garbage collector error:  Error: Can't read file C:\\develop\\nodejs\\projects\\aitam\\work\\d11d8624-4d62-42ae-8dd3-1619ec493c8b.vec","level":"\u001b[34minfo\u001b[39m","timestamp":"2019-02-02 00:30:00"}
{"message":"garbage collector error:  Error: Can't read file C:\\develop\\nodejs\\projects\\aitam\\work\\d11d8624-4d62-42ae-8dd3-1619ec493c8b.src","level":"\u001b[34minfo\u001b[39m","timestamp":"2019-02-02 00:30:00"}
{"message":"garbage collector error:  Error: Can't read file C:\\develop\\nodejs\\projects\\aitam\\work\\d11d8624-4d62-42ae-8dd3-1619ec493c8b.xml","level":"\u001b[34minfo\u001b[39m","timestamp":"2019-02-02 00:30:00"}
{"message":"garbage collector error:  Error: Can't read file C:\\develop\\nodejs\\projects\\aitam\\work\\d345b2eb-d9e2-4f80-9959-f44422f37ed6.src","level":"\u001b[34minfo\u001b[39m","timestamp":"2019-02-02 00:30:00"}
{"message":"garbage collector error:  Error: Can't read file C:\\develop\\nodejs\\projects\\aitam\\work\\d345b2eb-d9e2-4f80-9959-f44422f37ed6.tkn","level":"\u001b[34minfo\u001b[39m","timestamp":"2019-02-02 00:30:00"}
{"message":"garbage collector error:  Error: Can't read file C:\\develop\\nodejs\\projects\\aitam\\work\\d345b2eb-d9e2-4f80-9959-f44422f37ed6.vec","level":"\u001b[34minfo\u001b[39m","timestamp":"2019-02-02 00:30:00"}
{"message":"garbage collector error:  Error: Can't read file C:\\develop\\nodejs\\projects\\aitam\\work\\d345b2eb-d9e2-4f80-9959-f44422f37ed6.xml","level":"\u001b[34minfo\u001b[39m","timestamp":"2019-02-02 00:30:00"}
{"message":"garbage collector error:  Error: Can't read file C:\\develop\\nodejs\\projects\\aitam\\work\\d539ca6b-a939-4a2a-8dd6-0d03fffe5329.src","level":"\u001b[34minfo\u001b[39m","timestamp":"2019-02-02 00:30:00"}
{"message":"garbage collector error:  Error: Can't read file C:\\develop\\nodejs\\projects\\aitam\\work\\d539ca6b-a939-4a2a-8dd6-0d03fffe5329.tkn","level":"\u001b[34minfo\u001b[39m","timestamp":"2019-02-02 00:30:00"}
{"message":"garbage collector error:  Error: Can't read file C:\\develop\\nodejs\\projects\\aitam\\work\\d539ca6b-a939-4a2a-8dd6-0d03fffe5329.vec","level":"\u001b[34minfo\u001b[39m","timestamp":"2019-02-02 00:30:00"}
{"message":"garbage collector deleted  f957f300-0a62-49fa-9ec4-be96866288ae.tkn on folder: C:\\develop\\nodejs\\projects\\aitam\\work\\, path: C:\\develop\\nodejs\\projects\\aitam\\work\\f957f300-0a62-49fa-9ec4-be96866288ae.tkn","level":"\u001b[34minfo\u001b[39m","timestamp":"2019-02-02 00:30:00"}
{"message":"garbage collector error:  Error: Can't read file C:\\develop\\nodejs\\projects\\aitam\\work\\d539ca6b-a939-4a2a-8dd6-0d03fffe5329.xml","level":"\u001b[34minfo\u001b[39m","timestamp":"2019-02-02 00:30:00"}
{"message":"garbage collector error:  Error: Can't read file C:\\develop\\nodejs\\projects\\aitam\\work\\db597d5d-8bed-4924-ab4d-8492d80ca688.src","level":"\u001b[34minfo\u001b[39m","timestamp":"2019-02-02 00:30:00"}
{"message":"garbage collector error:  Error: Can't read file C:\\develop\\nodejs\\projects\\aitam\\work\\db597d5d-8bed-4924-ab4d-8492d80ca688.tkn","level":"\u001b[34minfo\u001b[39m","timestamp":"2019-02-02 00:30:00"}
{"message":"garbage collector error:  Error: Can't read file C:\\develop\\nodejs\\projects\\aitam\\work\\db597d5d-8bed-4924-ab4d-8492d80ca688.vec","level":"\u001b[34minfo\u001b[39m","timestamp":"2019-02-02 00:30:00"}
{"message":"garbage collector error:  Error: Can't read file C:\\develop\\nodejs\\projects\\aitam\\work\\db597d5d-8bed-4924-ab4d-8492d80ca688.xml","level":"\u001b[34minfo\u001b[39m","timestamp":"2019-02-02 00:30:00"}
{"message":"garbage collector error:  Error: Can't read file C:\\develop\\nodejs\\projects\\aitam\\work\\dd7971f5-0376-45ff-a191-01277541179e.src","level":"\u001b[34minfo\u001b[39m","timestamp":"2019-02-02 00:30:00"}
{"message":"garbage collector error:  Error: Can't read file C:\\develop\\nodejs\\projects\\aitam\\work\\dd7971f5-0376-45ff-a191-01277541179e.tkn","level":"\u001b[34minfo\u001b[39m","timestamp":"2019-02-02 00:30:00"}
{"message":"garbage collector error:  Error: Can't read file C:\\develop\\nodejs\\projects\\aitam\\work\\dd7971f5-0376-45ff-a191-01277541179e.vec","level":"\u001b[34minfo\u001b[39m","timestamp":"2019-02-02 00:30:00"}
{"message":"garbage collector error:  Error: Can't read file C:\\develop\\nodejs\\projects\\aitam\\work\\dd7971f5-0376-45ff-a191-01277541179e.xml","level":"\u001b[34minfo\u001b[39m","timestamp":"2019-02-02 00:30:00"}
{"message":"garbage collector error:  Error: Can't read file C:\\develop\\nodejs\\projects\\aitam\\work\\dfbecdd3-bdd9-43d9-a789-503c7959d2db.src","level":"\u001b[34minfo\u001b[39m","timestamp":"2019-02-02 00:30:00"}
{"message":"garbage collector error:  Error: Can't read file C:\\develop\\nodejs\\projects\\aitam\\work\\dfbecdd3-bdd9-43d9-a789-503c7959d2db.tkn","level":"\u001b[34minfo\u001b[39m","timestamp":"2019-02-02 00:30:00"}
{"message":"garbage collector error:  Error: Can't read file C:\\develop\\nodejs\\projects\\aitam\\work\\dfbecdd3-bdd9-43d9-a789-503c7959d2db.vec","level":"\u001b[34minfo\u001b[39m","timestamp":"2019-02-02 00:30:00"}
{"message":"garbage collector error:  Error: Can't read file C:\\develop\\nodejs\\projects\\aitam\\work\\dfbecdd3-bdd9-43d9-a789-503c7959d2db.xml","level":"\u001b[34minfo\u001b[39m","timestamp":"2019-02-02 00:30:00"}
{"message":"garbage collector error:  Error: Can't read file C:\\develop\\nodejs\\projects\\aitam\\work\\e584b912-c014-4147-99a7-71a0c98aa0c4.src","level":"\u001b[34minfo\u001b[39m","timestamp":"2019-02-02 00:30:00"}
{"message":"garbage collector error:  Error: Can't read file C:\\develop\\nodejs\\projects\\aitam\\work\\e584b912-c014-4147-99a7-71a0c98aa0c4.tkn","level":"\u001b[34minfo\u001b[39m","timestamp":"2019-02-02 00:30:00"}
{"message":"garbage collector error:  Error: Can't read file C:\\develop\\nodejs\\projects\\aitam\\work\\e584b912-c014-4147-99a7-71a0c98aa0c4.vec","level":"\u001b[34minfo\u001b[39m","timestamp":"2019-02-02 00:30:00"}
{"message":"garbage collector error:  Error: Can't read file C:\\develop\\nodejs\\projects\\aitam\\work\\f4a3b6af-922b-4f99-b82d-76936de3d3f7.src","level":"\u001b[34minfo\u001b[39m","timestamp":"2019-02-02 00:30:00"}
{"message":"garbage collector error:  Error: Can't read file C:\\develop\\nodejs\\projects\\aitam\\work\\e584b912-c014-4147-99a7-71a0c98aa0c4.xml","level":"\u001b[34minfo\u001b[39m","timestamp":"2019-02-02 00:30:00"}
{"message":"garbage collector error:  Error: Can't read file C:\\develop\\nodejs\\projects\\aitam\\work\\f4a3b6af-922b-4f99-b82d-76936de3d3f7.tkn","level":"\u001b[34minfo\u001b[39m","timestamp":"2019-02-02 00:30:00"}
{"message":"garbage collector error:  Error: Can't read file C:\\develop\\nodejs\\projects\\aitam\\work\\f4a3b6af-922b-4f99-b82d-76936de3d3f7.xml","level":"\u001b[34minfo\u001b[39m","timestamp":"2019-02-02 00:30:00"}
{"message":"garbage collector error:  Error: Can't read file C:\\develop\\nodejs\\projects\\aitam\\work\\f4a3b6af-922b-4f99-b82d-76936de3d3f7.vec","level":"\u001b[34minfo\u001b[39m","timestamp":"2019-02-02 00:30:00"}
{"message":"garbage collector error:  Error: Can't read file C:\\develop\\nodejs\\projects\\aitam\\work\\f957f300-0a62-49fa-9ec4-be96866288ae.src","level":"\u001b[34minfo\u001b[39m","timestamp":"2019-02-02 00:30:00"}
{"message":"garbage collector error:  Error: Can't read file C:\\develop\\nodejs\\projects\\aitam\\work\\f957f300-0a62-49fa-9ec4-be96866288ae.tkn","level":"\u001b[34minfo\u001b[39m","timestamp":"2019-02-02 00:30:00"}
{"message":"garbage collector error:  Error: Can't read file C:\\develop\\nodejs\\projects\\aitam\\work\\f957f300-0a62-49fa-9ec4-be96866288ae.vec","level":"\u001b[34minfo\u001b[39m","timestamp":"2019-02-02 00:30:00"}
{"message":"garbage collector error:  Error: Can't read file C:\\develop\\nodejs\\projects\\aitam\\work\\f957f300-0a62-49fa-9ec4-be96866288ae.xml","level":"\u001b[34minfo\u001b[39m","timestamp":"2019-02-02 00:30:00"}
{"message":"garbage collector deleted  a1b1a225-cc01-430b-8e9c-13f355d034bc.vec on folder: C:\\develop\\nodejs\\projects\\aitam\\work\\, path: C:\\develop\\nodejs\\projects\\aitam\\work\\a1b1a225-cc01-430b-8e9c-13f355d034bc.vec","level":"\u001b[34minfo\u001b[39m","timestamp":"2019-02-02 00:30:00"}
{"message":"garbage collector error:  Error: Can't delete C:\\develop\\nodejs\\projects\\aitam\\work\\a1b1a225-cc01-430b-8e9c-13f355d034bc.vec","level":"\u001b[34minfo\u001b[39m","timestamp":"2019-02-02 00:30:00"}
{"message":"Session created received the id:4bab9084-4883-4274-8967-0772b8b9e764","level":"\u001b[34minfo\u001b[39m","timestamp":"2019-02-02 00:42:30"}
{"message":"404 - Not Found","level":"\u001b[33mwarn\u001b[39m","timestamp":"2019-02-02 00:42:31"}
{"message":"req.user: undefined","level":"\u001b[34minfo\u001b[39m","timestamp":"2019-02-02 00:42:34"}
{"message":"Session id started: {\"user\":\"2f24vvg\"}","level":"\u001b[34minfo\u001b[39m","timestamp":"2019-02-02 00:42:34"}
{"message":"User logged in: {\"id\":\"2f24vvg\",\"email\":\"test@test.com\",\"password\":\"$2a$10$A2g6pbxxhLA9MNYRJ0rnzOf/7Ara76B0KcRdjzUcsIBIclRuas/fG\"}","level":"\u001b[34minfo\u001b[39m","timestamp":"2019-02-02 00:42:34"}
{"message":"User (2f24vvg) uploaded a file: {\"file-upload\":{\"size\":454120,\"path\":\"C:\\\\develop\\\\nodejs\\\\projects\\\\aitam\\\\work\\\\4bab9084-4883-4274-8967-0772b8b9e764.xml\",\"name\":\"test_site2.xml\",\"type\":\"text/xml\",\"mtime\":\"2019-02-02T00:42:41.212Z\"}}","level":"\u001b[34minfo\u001b[39m","timestamp":"2019-02-02 00:42:41"}
{"message":"garbage collector started on path: C:\\develop\\nodejs\\projects\\aitam\\work\\","level":"\u001b[34minfo\u001b[39m","timestamp":"2019-02-02 02:13:52"}
{"message":"Session created received the id:204aeb57-793f-45d1-9737-a01b9eb6b3a6","level":"\u001b[34minfo\u001b[39m","timestamp":"2019-02-02 02:14:28"}
{"message":"req.user: undefined","level":"\u001b[34minfo\u001b[39m","timestamp":"2019-02-02 02:14:34"}
{"message":"Session id started: {\"user\":\"2f24vvg\"}","level":"\u001b[34minfo\u001b[39m","timestamp":"2019-02-02 02:14:34"}
{"message":"User logged in: {\"id\":\"2f24vvg\",\"email\":\"test@test.com\",\"password\":\"$2a$10$A2g6pbxxhLA9MNYRJ0rnzOf/7Ara76B0KcRdjzUcsIBIclRuas/fG\"}","level":"\u001b[34minfo\u001b[39m","timestamp":"2019-02-02 02:14:34"}
{"message":"User (2f24vvg) uploaded a file: {\"file-upload\":{\"size\":454120,\"path\":\"C:\\\\develop\\\\nodejs\\\\projects\\\\aitam\\\\work\\\\204aeb57-793f-45d1-9737-a01b9eb6b3a6.xml\",\"name\":\"test_site2.xml\",\"type\":\"text/xml\",\"mtime\":\"2019-02-02T02:14:42.024Z\"}}","level":"\u001b[34minfo\u001b[39m","timestamp":"2019-02-02 02:14:42"}
{"message":"garbage collector started on path: C:\\develop\\nodejs\\projects\\aitam\\work\\","level":"\u001b[34minfo\u001b[39m","timestamp":"2019-02-02 02:15:39"}
{"message":"req.user: undefined","level":"\u001b[34minfo\u001b[39m","timestamp":"2019-02-02 02:15:56"}
{"message":"Session id started: {\"user\":\"2f24vvg\"}","level":"\u001b[34minfo\u001b[39m","timestamp":"2019-02-02 02:15:56"}
{"message":"User logged in: {\"id\":\"2f24vvg\",\"email\":\"test@test.com\",\"password\":\"$2a$10$A2g6pbxxhLA9MNYRJ0rnzOf/7Ara76B0KcRdjzUcsIBIclRuas/fG\"}","level":"\u001b[34minfo\u001b[39m","timestamp":"2019-02-02 02:15:56"}
{"message":"User (2f24vvg) uploaded a file: {\"file-upload\":{\"size\":454120,\"path\":\"C:\\\\develop\\\\nodejs\\\\projects\\\\aitam\\\\work\\\\ccb706b4-a4ff-4a37-8e23-934c11e8e68b.xml\",\"name\":\"test_site2.xml\",\"type\":\"text/xml\",\"mtime\":\"2019-02-02T02:16:08.835Z\"}}","level":"\u001b[34minfo\u001b[39m","timestamp":"2019-02-02 02:16:08"}
