{"message":"garbage collector started on path: C:\\develop\\nodejs\\projects\\aitam\\work\\","level":"\u001b[34minfo\u001b[39m","timestamp":"2019-02-13 21:15:41"}
{"message":"garbage collector deleted  03f995ac-f9aa-4552-9806-16c9e919cf44.src on folder: C:\\develop\\nodejs\\projects\\aitam\\work\\, path: C:\\develop\\nodejs\\projects\\aitam\\work\\03f995ac-f9aa-4552-9806-16c9e919cf44.src","level":"\u001b[34minfo\u001b[39m","timestamp":"2019-02-13 21:15:42"}
{"message":"garbage collector deleted  03f995ac-f9aa-4552-9806-16c9e919cf44.tkn on folder: C:\\develop\\nodejs\\projects\\aitam\\work\\, path: C:\\develop\\nodejs\\projects\\aitam\\work\\03f995ac-f9aa-4552-9806-16c9e919cf44.tkn","level":"\u001b[34minfo\u001b[39m","timestamp":"2019-02-13 21:15:42"}
{"message":"garbage collector deleted  03f995ac-f9aa-4552-9806-16c9e919cf44.vec on folder: C:\\develop\\nodejs\\projects\\aitam\\work\\, path: C:\\develop\\nodejs\\projects\\aitam\\work\\03f995ac-f9aa-4552-9806-16c9e919cf44.vec","level":"\u001b[34minfo\u001b[39m","timestamp":"2019-02-13 21:15:42"}
{"message":"garbage collector deleted  288a0bc2-fa6e-49d1-ad9a-db25f5aa9330.sent on folder: C:\\develop\\nodejs\\projects\\aitam\\work\\, path: C:\\develop\\nodejs\\projects\\aitam\\work\\288a0bc2-fa6e-49d1-ad9a-db25f5aa9330.sent","level":"\u001b[34minfo\u001b[39m","timestamp":"2019-02-13 21:15:42"}
{"message":"garbage collector deleted  288a0bc2-fa6e-49d1-ad9a-db25f5aa9330.xml on folder: C:\\develop\\nodejs\\projects\\aitam\\work\\, path: C:\\develop\\nodejs\\projects\\aitam\\work\\288a0bc2-fa6e-49d1-ad9a-db25f5aa9330.xml","level":"\u001b[34minfo\u001b[39m","timestamp":"2019-02-13 21:15:42"}
{"message":"garbage collector deleted  4cd199af-42d1-466c-b1a6-06f65cd503bd.tkn on folder: C:\\develop\\nodejs\\projects\\aitam\\work\\, path: C:\\develop\\nodejs\\projects\\aitam\\work\\4cd199af-42d1-466c-b1a6-06f65cd503bd.tkn","level":"\u001b[34minfo\u001b[39m","timestamp":"2019-02-13 21:15:42"}
{"message":"garbage collector deleted  4cd199af-42d1-466c-b1a6-06f65cd503bd.src on folder: C:\\develop\\nodejs\\projects\\aitam\\work\\, path: C:\\develop\\nodejs\\projects\\aitam\\work\\4cd199af-42d1-466c-b1a6-06f65cd503bd.src","level":"\u001b[34minfo\u001b[39m","timestamp":"2019-02-13 21:15:42"}
{"message":"garbage collector deleted  03f995ac-f9aa-4552-9806-16c9e919cf44.xml on folder: C:\\develop\\nodejs\\projects\\aitam\\work\\, path: C:\\develop\\nodejs\\projects\\aitam\\work\\03f995ac-f9aa-4552-9806-16c9e919cf44.xml","level":"\u001b[34minfo\u001b[39m","timestamp":"2019-02-13 21:15:42"}
{"message":"garbage collector deleted  4cd199af-42d1-466c-b1a6-06f65cd503bd.vec on folder: C:\\develop\\nodejs\\projects\\aitam\\work\\, path: C:\\develop\\nodejs\\projects\\aitam\\work\\4cd199af-42d1-466c-b1a6-06f65cd503bd.vec","level":"\u001b[34minfo\u001b[39m","timestamp":"2019-02-13 21:15:42"}
{"message":"garbage collector deleted  4cd199af-42d1-466c-b1a6-06f65cd503bd.xml on folder: C:\\develop\\nodejs\\projects\\aitam\\work\\, path: C:\\develop\\nodejs\\projects\\aitam\\work\\4cd199af-42d1-466c-b1a6-06f65cd503bd.xml","level":"\u001b[34minfo\u001b[39m","timestamp":"2019-02-13 21:15:42"}
{"message":"garbage collector deleted  56606861-5aaf-4d2e-b845-cdaf65a4fc83.tkn on folder: C:\\develop\\nodejs\\projects\\aitam\\work\\, path: C:\\develop\\nodejs\\projects\\aitam\\work\\56606861-5aaf-4d2e-b845-cdaf65a4fc83.tkn","level":"\u001b[34minfo\u001b[39m","timestamp":"2019-02-13 21:15:42"}
{"message":"garbage collector deleted  56606861-5aaf-4d2e-b845-cdaf65a4fc83.src on folder: C:\\develop\\nodejs\\projects\\aitam\\work\\, path: C:\\develop\\nodejs\\projects\\aitam\\work\\56606861-5aaf-4d2e-b845-cdaf65a4fc83.src","level":"\u001b[34minfo\u001b[39m","timestamp":"2019-02-13 21:15:42"}
{"message":"garbage collector deleted  56606861-5aaf-4d2e-b845-cdaf65a4fc83.vec on folder: C:\\develop\\nodejs\\projects\\aitam\\work\\, path: C:\\develop\\nodejs\\projects\\aitam\\work\\56606861-5aaf-4d2e-b845-cdaf65a4fc83.vec","level":"\u001b[34minfo\u001b[39m","timestamp":"2019-02-13 21:15:42"}
{"message":"garbage collector deleted  56606861-5aaf-4d2e-b845-cdaf65a4fc83.xml on folder: C:\\develop\\nodejs\\projects\\aitam\\work\\, path: C:\\develop\\nodejs\\projects\\aitam\\work\\56606861-5aaf-4d2e-b845-cdaf65a4fc83.xml","level":"\u001b[34minfo\u001b[39m","timestamp":"2019-02-13 21:15:42"}
{"message":"garbage collector deleted  6750cadb-a739-4b8f-9320-d2adbf81f8ef.sent on folder: C:\\develop\\nodejs\\projects\\aitam\\work\\, path: C:\\develop\\nodejs\\projects\\aitam\\work\\6750cadb-a739-4b8f-9320-d2adbf81f8ef.sent","level":"\u001b[34minfo\u001b[39m","timestamp":"2019-02-13 21:15:42"}
{"message":"garbage collector deleted  6750cadb-a739-4b8f-9320-d2adbf81f8ef.vec on folder: C:\\develop\\nodejs\\projects\\aitam\\work\\, path: C:\\develop\\nodejs\\projects\\aitam\\work\\6750cadb-a739-4b8f-9320-d2adbf81f8ef.vec","level":"\u001b[34minfo\u001b[39m","timestamp":"2019-02-13 21:15:42"}
{"message":"garbage collector deleted  6ec2eb18-2fee-4ad5-bc40-757a0427d65c.sent on folder: C:\\develop\\nodejs\\projects\\aitam\\work\\, path: C:\\develop\\nodejs\\projects\\aitam\\work\\6ec2eb18-2fee-4ad5-bc40-757a0427d65c.sent","level":"\u001b[34minfo\u001b[39m","timestamp":"2019-02-13 21:15:42"}
{"message":"garbage collector deleted  6750cadb-a739-4b8f-9320-d2adbf81f8ef.tkn on folder: C:\\develop\\nodejs\\projects\\aitam\\work\\, path: C:\\develop\\nodejs\\projects\\aitam\\work\\6750cadb-a739-4b8f-9320-d2adbf81f8ef.tkn","level":"\u001b[34minfo\u001b[39m","timestamp":"2019-02-13 21:15:42"}
{"message":"garbage collector deleted  6750cadb-a739-4b8f-9320-d2adbf81f8ef.src on folder: C:\\develop\\nodejs\\projects\\aitam\\work\\, path: C:\\develop\\nodejs\\projects\\aitam\\work\\6750cadb-a739-4b8f-9320-d2adbf81f8ef.src","level":"\u001b[34minfo\u001b[39m","timestamp":"2019-02-13 21:15:42"}
{"message":"garbage collector deleted  6750cadb-a739-4b8f-9320-d2adbf81f8ef.xml on folder: C:\\develop\\nodejs\\projects\\aitam\\work\\, path: C:\\develop\\nodejs\\projects\\aitam\\work\\6750cadb-a739-4b8f-9320-d2adbf81f8ef.xml","level":"\u001b[34minfo\u001b[39m","timestamp":"2019-02-13 21:15:42"}
{"message":"garbage collector deleted  79dd9263-20ab-4f6b-a025-67e79ead835e.tkn on folder: C:\\develop\\nodejs\\projects\\aitam\\work\\, path: C:\\develop\\nodejs\\projects\\aitam\\work\\79dd9263-20ab-4f6b-a025-67e79ead835e.tkn","level":"\u001b[34minfo\u001b[39m","timestamp":"2019-02-13 21:15:42"}
{"message":"garbage collector deleted  79dd9263-20ab-4f6b-a025-67e79ead835e.src on folder: C:\\develop\\nodejs\\projects\\aitam\\work\\, path: C:\\develop\\nodejs\\projects\\aitam\\work\\79dd9263-20ab-4f6b-a025-67e79ead835e.src","level":"\u001b[34minfo\u001b[39m","timestamp":"2019-02-13 21:15:42"}
{"message":"garbage collector deleted  79dd9263-20ab-4f6b-a025-67e79ead835e.vec on folder: C:\\develop\\nodejs\\projects\\aitam\\work\\, path: C:\\develop\\nodejs\\projects\\aitam\\work\\79dd9263-20ab-4f6b-a025-67e79ead835e.vec","level":"\u001b[34minfo\u001b[39m","timestamp":"2019-02-13 21:15:42"}
{"message":"garbage collector deleted  79dd9263-20ab-4f6b-a025-67e79ead835e.xml on folder: C:\\develop\\nodejs\\projects\\aitam\\work\\, path: C:\\develop\\nodejs\\projects\\aitam\\work\\79dd9263-20ab-4f6b-a025-67e79ead835e.xml","level":"\u001b[34minfo\u001b[39m","timestamp":"2019-02-13 21:15:42"}
{"message":"garbage collector deleted  7a4926f6-6f22-4089-a953-e325a3b2490a.sent on folder: C:\\develop\\nodejs\\projects\\aitam\\work\\, path: C:\\develop\\nodejs\\projects\\aitam\\work\\7a4926f6-6f22-4089-a953-e325a3b2490a.sent","level":"\u001b[34minfo\u001b[39m","timestamp":"2019-02-13 21:15:42"}
{"message":"garbage collector deleted  7a4926f6-6f22-4089-a953-e325a3b2490a.xml on folder: C:\\develop\\nodejs\\projects\\aitam\\work\\, path: C:\\develop\\nodejs\\projects\\aitam\\work\\7a4926f6-6f22-4089-a953-e325a3b2490a.xml","level":"\u001b[34minfo\u001b[39m","timestamp":"2019-02-13 21:15:42"}
{"message":"garbage collector deleted  7b85f337-a952-428d-9227-3140a274ae72.src on folder: C:\\develop\\nodejs\\projects\\aitam\\work\\, path: C:\\develop\\nodejs\\projects\\aitam\\work\\7b85f337-a952-428d-9227-3140a274ae72.src","level":"\u001b[34minfo\u001b[39m","timestamp":"2019-02-13 21:15:42"}
{"message":"garbage collector deleted  7b85f337-a952-428d-9227-3140a274ae72.tkn on folder: C:\\develop\\nodejs\\projects\\aitam\\work\\, path: C:\\develop\\nodejs\\projects\\aitam\\work\\7b85f337-a952-428d-9227-3140a274ae72.tkn","level":"\u001b[34minfo\u001b[39m","timestamp":"2019-02-13 21:15:42"}
{"message":"garbage collector deleted  7b85f337-a952-428d-9227-3140a274ae72.vec on folder: C:\\develop\\nodejs\\projects\\aitam\\work\\, path: C:\\develop\\nodejs\\projects\\aitam\\work\\7b85f337-a952-428d-9227-3140a274ae72.vec","level":"\u001b[34minfo\u001b[39m","timestamp":"2019-02-13 21:15:42"}
{"message":"garbage collector deleted  6ec2eb18-2fee-4ad5-bc40-757a0427d65c.xml on folder: C:\\develop\\nodejs\\projects\\aitam\\work\\, path: C:\\develop\\nodejs\\projects\\aitam\\work\\6ec2eb18-2fee-4ad5-bc40-757a0427d65c.xml","level":"\u001b[34minfo\u001b[39m","timestamp":"2019-02-13 21:15:42"}
{"message":"garbage collector deleted  7b85f337-a952-428d-9227-3140a274ae72.xml on folder: C:\\develop\\nodejs\\projects\\aitam\\work\\, path: C:\\develop\\nodejs\\projects\\aitam\\work\\7b85f337-a952-428d-9227-3140a274ae72.xml","level":"\u001b[34minfo\u001b[39m","timestamp":"2019-02-13 21:15:42"}
{"message":"garbage collector deleted  7dfa1c74-8ec7-4d17-b694-a87b2d526d28.src on folder: C:\\develop\\nodejs\\projects\\aitam\\work\\, path: C:\\develop\\nodejs\\projects\\aitam\\work\\7dfa1c74-8ec7-4d17-b694-a87b2d526d28.src","level":"\u001b[34minfo\u001b[39m","timestamp":"2019-02-13 21:15:42"}
{"message":"garbage collector deleted  7dfa1c74-8ec7-4d17-b694-a87b2d526d28.tkn on folder: C:\\develop\\nodejs\\projects\\aitam\\work\\, path: C:\\develop\\nodejs\\projects\\aitam\\work\\7dfa1c74-8ec7-4d17-b694-a87b2d526d28.tkn","level":"\u001b[34minfo\u001b[39m","timestamp":"2019-02-13 21:15:42"}
{"message":"garbage collector deleted  7dfa1c74-8ec7-4d17-b694-a87b2d526d28.vec on folder: C:\\develop\\nodejs\\projects\\aitam\\work\\, path: C:\\develop\\nodejs\\projects\\aitam\\work\\7dfa1c74-8ec7-4d17-b694-a87b2d526d28.vec","level":"\u001b[34minfo\u001b[39m","timestamp":"2019-02-13 21:15:42"}
{"message":"garbage collector deleted  7dfa1c74-8ec7-4d17-b694-a87b2d526d28.xml on folder: C:\\develop\\nodejs\\projects\\aitam\\work\\, path: C:\\develop\\nodejs\\projects\\aitam\\work\\7dfa1c74-8ec7-4d17-b694-a87b2d526d28.xml","level":"\u001b[34minfo\u001b[39m","timestamp":"2019-02-13 21:15:42"}
{"message":"garbage collector deleted  a1ae860c-e7fb-490b-a5bb-2d125fcbcc0d.xml on folder: C:\\develop\\nodejs\\projects\\aitam\\work\\, path: C:\\develop\\nodejs\\projects\\aitam\\work\\a1ae860c-e7fb-490b-a5bb-2d125fcbcc0d.xml","level":"\u001b[34minfo\u001b[39m","timestamp":"2019-02-13 21:15:42"}
{"message":"garbage collector deleted  a3542b79-7f9b-414c-af9a-007ee416a511.sent on folder: C:\\develop\\nodejs\\projects\\aitam\\work\\, path: C:\\develop\\nodejs\\projects\\aitam\\work\\a3542b79-7f9b-414c-af9a-007ee416a511.sent","level":"\u001b[34minfo\u001b[39m","timestamp":"2019-02-13 21:15:42"}
{"message":"garbage collector deleted  a3542b79-7f9b-414c-af9a-007ee416a511.src on folder: C:\\develop\\nodejs\\projects\\aitam\\work\\, path: C:\\develop\\nodejs\\projects\\aitam\\work\\a3542b79-7f9b-414c-af9a-007ee416a511.src","level":"\u001b[34minfo\u001b[39m","timestamp":"2019-02-13 21:15:42"}
{"message":"garbage collector deleted  a3542b79-7f9b-414c-af9a-007ee416a511.tkn on folder: C:\\develop\\nodejs\\projects\\aitam\\work\\, path: C:\\develop\\nodejs\\projects\\aitam\\work\\a3542b79-7f9b-414c-af9a-007ee416a511.tkn","level":"\u001b[34minfo\u001b[39m","timestamp":"2019-02-13 21:15:42"}
{"message":"garbage collector deleted  a3542b79-7f9b-414c-af9a-007ee416a511.vec on folder: C:\\develop\\nodejs\\projects\\aitam\\work\\, path: C:\\develop\\nodejs\\projects\\aitam\\work\\a3542b79-7f9b-414c-af9a-007ee416a511.vec","level":"\u001b[34minfo\u001b[39m","timestamp":"2019-02-13 21:15:42"}
{"message":"garbage collector deleted  a3542b79-7f9b-414c-af9a-007ee416a511.xml on folder: C:\\develop\\nodejs\\projects\\aitam\\work\\, path: C:\\develop\\nodejs\\projects\\aitam\\work\\a3542b79-7f9b-414c-af9a-007ee416a511.xml","level":"\u001b[34minfo\u001b[39m","timestamp":"2019-02-13 21:15:42"}
{"message":"garbage collector deleted  d007a6ea-bb26-4e69-b961-7c9e72053189.src on folder: C:\\develop\\nodejs\\projects\\aitam\\work\\, path: C:\\develop\\nodejs\\projects\\aitam\\work\\d007a6ea-bb26-4e69-b961-7c9e72053189.src","level":"\u001b[34minfo\u001b[39m","timestamp":"2019-02-13 21:15:42"}
{"message":"garbage collector deleted  d007a6ea-bb26-4e69-b961-7c9e72053189.tkn on folder: C:\\develop\\nodejs\\projects\\aitam\\work\\, path: C:\\develop\\nodejs\\projects\\aitam\\work\\d007a6ea-bb26-4e69-b961-7c9e72053189.tkn","level":"\u001b[34minfo\u001b[39m","timestamp":"2019-02-13 21:15:42"}
{"message":"garbage collector error:  Error: Can't delete C:\\develop\\nodejs\\projects\\aitam\\work\\03f995ac-f9aa-4552-9806-16c9e919cf44.src","level":"\u001b[34minfo\u001b[39m","timestamp":"2019-02-13 21:15:42"}
{"message":"garbage collector deleted  d007a6ea-bb26-4e69-b961-7c9e72053189.vec on folder: C:\\develop\\nodejs\\projects\\aitam\\work\\, path: C:\\develop\\nodejs\\projects\\aitam\\work\\d007a6ea-bb26-4e69-b961-7c9e72053189.vec","level":"\u001b[34minfo\u001b[39m","timestamp":"2019-02-13 21:15:42"}
{"message":"garbage collector error:  Error: Can't delete C:\\develop\\nodejs\\projects\\aitam\\work\\03f995ac-f9aa-4552-9806-16c9e919cf44.tkn","level":"\u001b[34minfo\u001b[39m","timestamp":"2019-02-13 21:15:42"}
{"message":"garbage collector deleted  d007a6ea-bb26-4e69-b961-7c9e72053189.xml on folder: C:\\develop\\nodejs\\projects\\aitam\\work\\, path: C:\\develop\\nodejs\\projects\\aitam\\work\\d007a6ea-bb26-4e69-b961-7c9e72053189.xml","level":"\u001b[34minfo\u001b[39m","timestamp":"2019-02-13 21:15:42"}
{"message":"garbage collector error:  Error: Can't delete C:\\develop\\nodejs\\projects\\aitam\\work\\03f995ac-f9aa-4552-9806-16c9e919cf44.vec","level":"\u001b[34minfo\u001b[39m","timestamp":"2019-02-13 21:15:42"}
{"message":"garbage collector error:  Error: Can't delete C:\\develop\\nodejs\\projects\\aitam\\work\\03f995ac-f9aa-4552-9806-16c9e919cf44.xml","level":"\u001b[34minfo\u001b[39m","timestamp":"2019-02-13 21:15:42"}
{"message":"garbage collector deleted  eda9128e-2290-4428-8f93-a2d391827b23.xml on folder: C:\\develop\\nodejs\\projects\\aitam\\work\\, path: C:\\develop\\nodejs\\projects\\aitam\\work\\eda9128e-2290-4428-8f93-a2d391827b23.xml","level":"\u001b[34minfo\u001b[39m","timestamp":"2019-02-13 21:15:42"}
{"message":"garbage collector error:  Error: Can't delete C:\\develop\\nodejs\\projects\\aitam\\work\\288a0bc2-fa6e-49d1-ad9a-db25f5aa9330.xml","level":"\u001b[34minfo\u001b[39m","timestamp":"2019-02-13 21:15:42"}
{"message":"garbage collector error:  Error: Can't delete C:\\develop\\nodejs\\projects\\aitam\\work\\4cd199af-42d1-466c-b1a6-06f65cd503bd.src","level":"\u001b[34minfo\u001b[39m","timestamp":"2019-02-13 21:15:42"}
{"message":"garbage collector error:  Error: Can't delete C:\\develop\\nodejs\\projects\\aitam\\work\\4cd199af-42d1-466c-b1a6-06f65cd503bd.tkn","level":"\u001b[34minfo\u001b[39m","timestamp":"2019-02-13 21:15:42"}
{"message":"garbage collector error:  Error: Can't delete C:\\develop\\nodejs\\projects\\aitam\\work\\4cd199af-42d1-466c-b1a6-06f65cd503bd.xml","level":"\u001b[34minfo\u001b[39m","timestamp":"2019-02-13 21:15:42"}
{"message":"garbage collector error:  Error: Can't delete C:\\develop\\nodejs\\projects\\aitam\\work\\4cd199af-42d1-466c-b1a6-06f65cd503bd.vec","level":"\u001b[34minfo\u001b[39m","timestamp":"2019-02-13 21:15:42"}
{"message":"garbage collector error:  Error: Can't delete C:\\develop\\nodejs\\projects\\aitam\\work\\56606861-5aaf-4d2e-b845-cdaf65a4fc83.src","level":"\u001b[34minfo\u001b[39m","timestamp":"2019-02-13 21:15:42"}
{"message":"garbage collector error:  Error: Can't delete C:\\develop\\nodejs\\projects\\aitam\\work\\56606861-5aaf-4d2e-b845-cdaf65a4fc83.tkn","level":"\u001b[34minfo\u001b[39m","timestamp":"2019-02-13 21:15:42"}
{"message":"garbage collector error:  Error: Can't delete C:\\develop\\nodejs\\projects\\aitam\\work\\56606861-5aaf-4d2e-b845-cdaf65a4fc83.vec","level":"\u001b[34minfo\u001b[39m","timestamp":"2019-02-13 21:15:42"}
{"message":"garbage collector error:  Error: Can't delete C:\\develop\\nodejs\\projects\\aitam\\work\\56606861-5aaf-4d2e-b845-cdaf65a4fc83.xml","level":"\u001b[34minfo\u001b[39m","timestamp":"2019-02-13 21:15:42"}
{"message":"garbage collector error:  Error: Can't delete C:\\develop\\nodejs\\projects\\aitam\\work\\6750cadb-a739-4b8f-9320-d2adbf81f8ef.sent","level":"\u001b[34minfo\u001b[39m","timestamp":"2019-02-13 21:15:42"}
{"message":"garbage collector error:  Error: Can't delete C:\\develop\\nodejs\\projects\\aitam\\work\\6750cadb-a739-4b8f-9320-d2adbf81f8ef.src","level":"\u001b[34minfo\u001b[39m","timestamp":"2019-02-13 21:15:42"}
{"message":"garbage collector error:  Error: Can't delete C:\\develop\\nodejs\\projects\\aitam\\work\\6750cadb-a739-4b8f-9320-d2adbf81f8ef.tkn","level":"\u001b[34minfo\u001b[39m","timestamp":"2019-02-13 21:15:42"}
{"message":"garbage collector error:  Error: Can't delete C:\\develop\\nodejs\\projects\\aitam\\work\\6750cadb-a739-4b8f-9320-d2adbf81f8ef.vec","level":"\u001b[34minfo\u001b[39m","timestamp":"2019-02-13 21:15:42"}
{"message":"garbage collector error:  Error: Can't delete C:\\develop\\nodejs\\projects\\aitam\\work\\6750cadb-a739-4b8f-9320-d2adbf81f8ef.xml","level":"\u001b[34minfo\u001b[39m","timestamp":"2019-02-13 21:15:42"}
{"message":"garbage collector error:  Error: Can't delete C:\\develop\\nodejs\\projects\\aitam\\work\\6ec2eb18-2fee-4ad5-bc40-757a0427d65c.sent","level":"\u001b[34minfo\u001b[39m","timestamp":"2019-02-13 21:15:42"}
{"message":"garbage collector error:  Error: Can't delete C:\\develop\\nodejs\\projects\\aitam\\work\\6ec2eb18-2fee-4ad5-bc40-757a0427d65c.xml","level":"\u001b[34minfo\u001b[39m","timestamp":"2019-02-13 21:15:42"}
{"message":"garbage collector error:  Error: Can't delete C:\\develop\\nodejs\\projects\\aitam\\work\\79dd9263-20ab-4f6b-a025-67e79ead835e.src","level":"\u001b[34minfo\u001b[39m","timestamp":"2019-02-13 21:15:42"}
{"message":"garbage collector error:  Error: Can't delete C:\\develop\\nodejs\\projects\\aitam\\work\\79dd9263-20ab-4f6b-a025-67e79ead835e.tkn","level":"\u001b[34minfo\u001b[39m","timestamp":"2019-02-13 21:15:42"}
{"message":"garbage collector error:  Error: Can't delete C:\\develop\\nodejs\\projects\\aitam\\work\\79dd9263-20ab-4f6b-a025-67e79ead835e.vec","level":"\u001b[34minfo\u001b[39m","timestamp":"2019-02-13 21:15:42"}
{"message":"garbage collector error:  Error: Can't delete C:\\develop\\nodejs\\projects\\aitam\\work\\79dd9263-20ab-4f6b-a025-67e79ead835e.xml","level":"\u001b[34minfo\u001b[39m","timestamp":"2019-02-13 21:15:42"}
{"message":"garbage collector error:  Error: Can't delete C:\\develop\\nodejs\\projects\\aitam\\work\\7a4926f6-6f22-4089-a953-e325a3b2490a.sent","level":"\u001b[34minfo\u001b[39m","timestamp":"2019-02-13 21:15:42"}
{"message":"garbage collector error:  Error: Can't delete C:\\develop\\nodejs\\projects\\aitam\\work\\7a4926f6-6f22-4089-a953-e325a3b2490a.xml","level":"\u001b[34minfo\u001b[39m","timestamp":"2019-02-13 21:15:42"}
{"message":"garbage collector error:  Error: Can't delete C:\\develop\\nodejs\\projects\\aitam\\work\\7b85f337-a952-428d-9227-3140a274ae72.src","level":"\u001b[34minfo\u001b[39m","timestamp":"2019-02-13 21:15:42"}
{"message":"garbage collector error:  Error: Can't delete C:\\develop\\nodejs\\projects\\aitam\\work\\7b85f337-a952-428d-9227-3140a274ae72.tkn","level":"\u001b[34minfo\u001b[39m","timestamp":"2019-02-13 21:15:42"}
{"message":"garbage collector error:  Error: Can't delete C:\\develop\\nodejs\\projects\\aitam\\work\\7b85f337-a952-428d-9227-3140a274ae72.vec","level":"\u001b[34minfo\u001b[39m","timestamp":"2019-02-13 21:15:42"}
{"message":"garbage collector error:  Error: Can't delete C:\\develop\\nodejs\\projects\\aitam\\work\\7b85f337-a952-428d-9227-3140a274ae72.xml","level":"\u001b[34minfo\u001b[39m","timestamp":"2019-02-13 21:15:42"}
{"message":"garbage collector error:  Error: Can't delete C:\\develop\\nodejs\\projects\\aitam\\work\\7dfa1c74-8ec7-4d17-b694-a87b2d526d28.src","level":"\u001b[34minfo\u001b[39m","timestamp":"2019-02-13 21:15:42"}
{"message":"garbage collector error:  Error: Can't delete C:\\develop\\nodejs\\projects\\aitam\\work\\7dfa1c74-8ec7-4d17-b694-a87b2d526d28.tkn","level":"\u001b[34minfo\u001b[39m","timestamp":"2019-02-13 21:15:42"}
{"message":"garbage collector error:  Error: Can't delete C:\\develop\\nodejs\\projects\\aitam\\work\\7dfa1c74-8ec7-4d17-b694-a87b2d526d28.vec","level":"\u001b[34minfo\u001b[39m","timestamp":"2019-02-13 21:15:42"}
{"message":"garbage collector error:  Error: Can't delete C:\\develop\\nodejs\\projects\\aitam\\work\\7dfa1c74-8ec7-4d17-b694-a87b2d526d28.xml","level":"\u001b[34minfo\u001b[39m","timestamp":"2019-02-13 21:15:42"}
{"message":"garbage collector error:  Error: Can't delete C:\\develop\\nodejs\\projects\\aitam\\work\\a1ae860c-e7fb-490b-a5bb-2d125fcbcc0d.xml","level":"\u001b[34minfo\u001b[39m","timestamp":"2019-02-13 21:15:42"}
{"message":"garbage collector error:  Error: Can't delete C:\\develop\\nodejs\\projects\\aitam\\work\\a3542b79-7f9b-414c-af9a-007ee416a511.sent","level":"\u001b[34minfo\u001b[39m","timestamp":"2019-02-13 21:15:42"}
{"message":"garbage collector error:  Error: Can't delete C:\\develop\\nodejs\\projects\\aitam\\work\\a3542b79-7f9b-414c-af9a-007ee416a511.src","level":"\u001b[34minfo\u001b[39m","timestamp":"2019-02-13 21:15:42"}
{"message":"garbage collector error:  Error: Can't delete C:\\develop\\nodejs\\projects\\aitam\\work\\a3542b79-7f9b-414c-af9a-007ee416a511.tkn","level":"\u001b[34minfo\u001b[39m","timestamp":"2019-02-13 21:15:42"}
{"message":"garbage collector error:  Error: Can't delete C:\\develop\\nodejs\\projects\\aitam\\work\\a3542b79-7f9b-414c-af9a-007ee416a511.vec","level":"\u001b[34minfo\u001b[39m","timestamp":"2019-02-13 21:15:42"}
{"message":"garbage collector error:  Error: Can't delete C:\\develop\\nodejs\\projects\\aitam\\work\\a3542b79-7f9b-414c-af9a-007ee416a511.xml","level":"\u001b[34minfo\u001b[39m","timestamp":"2019-02-13 21:15:42"}
{"message":"garbage collector error:  Error: Can't delete C:\\develop\\nodejs\\projects\\aitam\\work\\d007a6ea-bb26-4e69-b961-7c9e72053189.src","level":"\u001b[34minfo\u001b[39m","timestamp":"2019-02-13 21:15:42"}
{"message":"garbage collector error:  Error: Can't delete C:\\develop\\nodejs\\projects\\aitam\\work\\d007a6ea-bb26-4e69-b961-7c9e72053189.vec","level":"\u001b[34minfo\u001b[39m","timestamp":"2019-02-13 21:15:42"}
{"message":"garbage collector error:  Error: Can't delete C:\\develop\\nodejs\\projects\\aitam\\work\\d007a6ea-bb26-4e69-b961-7c9e72053189.xml","level":"\u001b[34minfo\u001b[39m","timestamp":"2019-02-13 21:15:42"}
{"message":"garbage collector error:  Error: Can't delete C:\\develop\\nodejs\\projects\\aitam\\work\\d007a6ea-bb26-4e69-b961-7c9e72053189.tkn","level":"\u001b[34minfo\u001b[39m","timestamp":"2019-02-13 21:15:42"}
{"message":"garbage collector error:  Error: Can't delete C:\\develop\\nodejs\\projects\\aitam\\work\\eda9128e-2290-4428-8f93-a2d391827b23.xml","level":"\u001b[34minfo\u001b[39m","timestamp":"2019-02-13 21:15:42"}
{"message":"garbage collector error:  Error: Can't delete C:\\develop\\nodejs\\projects\\aitam\\work\\288a0bc2-fa6e-49d1-ad9a-db25f5aa9330.sent","level":"\u001b[34minfo\u001b[39m","timestamp":"2019-02-13 21:15:42"}
{"message":"garbage collector deleted  eda9128e-2290-4428-8f93-a2d391827b23.sent on folder: C:\\develop\\nodejs\\projects\\aitam\\work\\, path: C:\\develop\\nodejs\\projects\\aitam\\work\\eda9128e-2290-4428-8f93-a2d391827b23.sent","level":"\u001b[34minfo\u001b[39m","timestamp":"2019-02-13 21:15:42"}
{"message":"garbage collector deleted  eda9128e-2290-4428-8f93-a2d391827b23.sent on folder: C:\\develop\\nodejs\\projects\\aitam\\work\\, path: C:\\develop\\nodejs\\projects\\aitam\\work\\eda9128e-2290-4428-8f93-a2d391827b23.sent","level":"\u001b[34minfo\u001b[39m","timestamp":"2019-02-13 21:15:42"}
{"message":"Session created received the id:ca3419bc-c6c1-4f46-9e34-94411eda2214","level":"\u001b[34minfo\u001b[39m","timestamp":"2019-02-13 21:16:39"}
{"message":"req.user: undefined","level":"\u001b[34minfo\u001b[39m","timestamp":"2019-02-13 21:17:10"}
{"message":"Session id started: {\"user\":\"2f24vvg\"}","level":"\u001b[34minfo\u001b[39m","timestamp":"2019-02-13 21:17:10"}
{"message":"User logged in: {\"id\":\"2f24vvg\",\"email\":\"test@test.com\",\"password\":\"$2a$10$A2g6pbxxhLA9MNYRJ0rnzOf/7Ara76B0KcRdjzUcsIBIclRuas/fG\"}","level":"\u001b[34minfo\u001b[39m","timestamp":"2019-02-13 21:17:10"}
{"message":"User (2f24vvg) uploaded a file: {\"file-upload\":{\"size\":479543,\"path\":\"C:\\\\develop\\\\nodejs\\\\projects\\\\aitam\\\\work\\\\ca3419bc-c6c1-4f46-9e34-94411eda2214.xml\",\"name\":\"test_site2.xml\",\"type\":\"text/xml\",\"mtime\":\"2019-02-13T21:17:16.318Z\"}}","level":"\u001b[34minfo\u001b[39m","timestamp":"2019-02-13 21:17:16"}
{"message":"User (2f24vvg) uploaded a file: {\"file-upload\":{\"size\":479544,\"path\":\"C:\\\\develop\\\\nodejs\\\\projects\\\\aitam\\\\work\\\\ca3419bc-c6c1-4f46-9e34-94411eda2214.xml\",\"name\":\"test_site2.xml\",\"type\":\"text/xml\",\"mtime\":\"2019-02-13T21:22:59.241Z\"}}","level":"\u001b[34minfo\u001b[39m","timestamp":"2019-02-13 21:22:59"}
{"message":"Session created received the id:a3ad9e43-5189-4827-b3b4-362727d57f3a","level":"\u001b[34minfo\u001b[39m","timestamp":"2019-02-13 21:25:34"}
{"message":"404 - Not Found","level":"\u001b[33mwarn\u001b[39m","timestamp":"2019-02-13 21:25:35"}
{"message":"404 - Not Found","level":"\u001b[33mwarn\u001b[39m","timestamp":"2019-02-13 21:25:38"}
{"message":"Session created received the id:629b55ed-fd80-44a2-a5e8-c90cf503e068","level":"\u001b[34minfo\u001b[39m","timestamp":"2019-02-13 21:25:57"}
{"message":"404 - Not Found","level":"\u001b[33mwarn\u001b[39m","timestamp":"2019-02-13 21:25:58"}
{"message":"req.user: undefined","level":"\u001b[34minfo\u001b[39m","timestamp":"2019-02-13 21:26:06"}
{"message":"Session id started: {\"user\":\"2f24vvg\"}","level":"\u001b[34minfo\u001b[39m","timestamp":"2019-02-13 21:26:06"}
{"message":"User logged in: {\"id\":\"2f24vvg\",\"email\":\"test@test.com\",\"password\":\"$2a$10$A2g6pbxxhLA9MNYRJ0rnzOf/7Ara76B0KcRdjzUcsIBIclRuas/fG\"}","level":"\u001b[34minfo\u001b[39m","timestamp":"2019-02-13 21:26:06"}
{"message":"User (2f24vvg) uploaded a file: {\"file-upload\":{\"size\":479544,\"path\":\"C:\\\\develop\\\\nodejs\\\\projects\\\\aitam\\\\work\\\\629b55ed-fd80-44a2-a5e8-c90cf503e068.xml\",\"name\":\"test_site2.xml\",\"type\":\"text/xml\",\"mtime\":\"2019-02-13T21:26:13.473Z\"}}","level":"\u001b[34minfo\u001b[39m","timestamp":"2019-02-13 21:26:13"}
{"message":"Session created received the id:74ac88e0-f588-4b0d-ad7e-0267946960a3","level":"\u001b[34minfo\u001b[39m","timestamp":"2019-02-13 21:27:23"}
{"message":"Session created received the id:629b55ed-fd80-44a2-a5e8-c90cf503e068","level":"\u001b[34minfo\u001b[39m","timestamp":"2019-02-13 21:27:35"}
{"message":"working audit file closed and deleted : C:\\develop\\nodejs\\projects\\aitam\\work\\629b55ed-fd80-44a2-a5e8-c90cf503e068.xml","level":"\u001b[34minfo\u001b[39m","timestamp":"2019-02-13 21:27:39"}
{"message":"Session created received the id:bc361876-8bdf-45e6-a6f6-079345e4966f","level":"\u001b[34minfo\u001b[39m","timestamp":"2019-02-13 21:27:56"}
{"message":"404 - Not Found","level":"\u001b[33mwarn\u001b[39m","timestamp":"2019-02-13 21:27:56"}
{"message":"req.user: undefined","level":"\u001b[34minfo\u001b[39m","timestamp":"2019-02-13 21:28:05"}
{"message":"Session id started: {\"user\":\"2f24vvg\"}","level":"\u001b[34minfo\u001b[39m","timestamp":"2019-02-13 21:28:05"}
{"message":"User logged in: {\"id\":\"2f24vvg\",\"email\":\"test@test.com\",\"password\":\"$2a$10$A2g6pbxxhLA9MNYRJ0rnzOf/7Ara76B0KcRdjzUcsIBIclRuas/fG\"}","level":"\u001b[34minfo\u001b[39m","timestamp":"2019-02-13 21:28:05"}
{"message":"User (2f24vvg) uploaded a file: {\"file-upload\":{\"size\":479544,\"path\":\"C:\\\\develop\\\\nodejs\\\\projects\\\\aitam\\\\work\\\\74ac88e0-f588-4b0d-ad7e-0267946960a3.xml\",\"name\":\"test_site2.xml\",\"type\":\"text/xml\",\"mtime\":\"2019-02-13T21:28:12.896Z\"}}","level":"\u001b[34minfo\u001b[39m","timestamp":"2019-02-13 21:28:12"}
{"message":"req.user: undefined","level":"\u001b[34minfo\u001b[39m","timestamp":"2019-02-13 21:30:26"}
{"message":"Session id started: {\"user\":\"2f24vvg\"}","level":"\u001b[34minfo\u001b[39m","timestamp":"2019-02-13 21:30:26"}
{"message":"User logged in: {\"id\":\"2f24vvg\",\"email\":\"test@test.com\",\"password\":\"$2a$10$A2g6pbxxhLA9MNYRJ0rnzOf/7Ara76B0KcRdjzUcsIBIclRuas/fG\"}","level":"\u001b[34minfo\u001b[39m","timestamp":"2019-02-13 21:30:26"}
{"message":"User (2f24vvg) uploaded a file: {\"file-upload\":{\"size\":479544,\"path\":\"C:\\\\develop\\\\nodejs\\\\projects\\\\aitam\\\\work\\\\bc361876-8bdf-45e6-a6f6-079345e4966f.xml\",\"name\":\"test_site2.xml\",\"type\":\"text/xml\",\"mtime\":\"2019-02-13T21:30:32.108Z\"}}","level":"\u001b[34minfo\u001b[39m","timestamp":"2019-02-13 21:30:32"}
