{"message":"garbage collector started on path: C:\\develop\\nodejs\\projects\\aitam\\work\\","level":"\u001b[34minfo\u001b[39m","timestamp":"2019-11-07 07:33:36"}
{"message":"404 - Not Found","level":"\u001b[33mwarn\u001b[39m","timestamp":"2019-11-07 07:33:56"}
{"message":"404 - Not Found","level":"\u001b[33mwarn\u001b[39m","timestamp":"2019-11-07 07:34:02"}
{"message":"404 - Not Found","level":"\u001b[33mwarn\u001b[39m","timestamp":"2019-11-07 07:34:07"}
{"message":"Session created received the id:ade4338a-76a7-468b-8a95-51353b0224fb","level":"\u001b[34minfo\u001b[39m","timestamp":"2019-11-07 07:34:15"}
{"message":"404 - Not Found","level":"\u001b[33mwarn\u001b[39m","timestamp":"2019-11-07 07:34:38"}
{"message":"garbage collector started on path: C:\\develop\\nodejs\\projects\\aitam\\work\\","level":"\u001b[34minfo\u001b[39m","timestamp":"2019-11-07 07:35:28"}
{"message":"404 - Not Found","level":"\u001b[33mwarn\u001b[39m","timestamp":"2019-11-07 07:35:33"}
{"message":"Session created received the id:ccc91a41-cbdb-4db5-a5ad-20fd88eb9b16","level":"\u001b[34minfo\u001b[39m","timestamp":"2019-11-07 07:35:38"}
{"message":"404 - Not Found","level":"\u001b[33mwarn\u001b[39m","timestamp":"2019-11-07 07:35:45"}
{"message":"404 - Not Found","level":"\u001b[33mwarn\u001b[39m","timestamp":"2019-11-07 07:37:00"}
{"message":"Session created received the id:ccc91a41-cbdb-4db5-a5ad-20fd88eb9b16","level":"\u001b[34minfo\u001b[39m","timestamp":"2019-11-07 07:37:05"}
{"message":"garbage collector started on path: C:\\develop\\nodejs\\projects\\aitam\\work\\","level":"\u001b[34minfo\u001b[39m","timestamp":"2019-11-07 07:37:33"}
{"message":"404 - Not Found","level":"\u001b[33mwarn\u001b[39m","timestamp":"2019-11-07 07:37:41"}
{"message":"404 - Not Found","level":"\u001b[33mwarn\u001b[39m","timestamp":"2019-11-07 07:37:48"}
{"message":"garbage collector started on path: C:\\develop\\nodejs\\projects\\aitam\\work\\","level":"\u001b[34minfo\u001b[39m","timestamp":"2019-11-07 07:37:56"}
{"message":"Session created received the id:1ee5482a-6dd6-43bc-8bd0-4ed120c46cf1","level":"\u001b[34minfo\u001b[39m","timestamp":"2019-11-07 07:38:48"}
{"message":"404 - Not Found","level":"\u001b[33mwarn\u001b[39m","timestamp":"2019-11-07 07:38:53"}
{"message":"404 - Not Found","level":"\u001b[33mwarn\u001b[39m","timestamp":"2019-11-07 07:38:58"}
{"message":"404 - Not Found","level":"\u001b[33mwarn\u001b[39m","timestamp":"2019-11-07 07:39:03"}
{"message":"404 - Not Found","level":"\u001b[33mwarn\u001b[39m","timestamp":"2019-11-07 07:39:22"}
{"message":"404 - Not Found","level":"\u001b[33mwarn\u001b[39m","timestamp":"2019-11-07 07:39:54"}
{"message":"404 - Not Found","level":"\u001b[33mwarn\u001b[39m","timestamp":"2019-11-07 07:40:04"}
{"message":"404 - Not Found","level":"\u001b[33mwarn\u001b[39m","timestamp":"2019-11-07 07:41:39"}
{"message":"garbage collector started on path: C:\\develop\\nodejs\\projects\\aitam\\work\\","level":"\u001b[34minfo\u001b[39m","timestamp":"2019-11-07 07:42:11"}
{"message":"Session created received the id:fffbb1ea-1fba-49e4-9257-ed45ab203a0b","level":"\u001b[34minfo\u001b[39m","timestamp":"2019-11-07 07:42:33"}
{"message":"garbage collector started on path: C:\\develop\\nodejs\\projects\\aitam\\work\\","level":"\u001b[34minfo\u001b[39m","timestamp":"2019-11-07 07:43:29"}
{"message":"garbage collector started on path: C:\\develop\\nodejs\\projects\\aitam\\work\\","level":"\u001b[34minfo\u001b[39m","timestamp":"2019-11-07 07:43:47"}
{"message":"404 - Not Found","level":"\u001b[33mwarn\u001b[39m","timestamp":"2019-11-07 07:43:49"}
{"message":"garbage collector deleted  0b52755b-15bf-4fd2-9c9f-2ec3c3f6a191.xml on folder: C:\\develop\\nodejs\\projects\\aitam\\work\\, path: C:\\develop\\nodejs\\projects\\aitam\\work\\0b52755b-15bf-4fd2-9c9f-2ec3c3f6a191.xml","level":"\u001b[34minfo\u001b[39m","timestamp":"2019-11-07 07:45:00"}
{"message":"garbage collector deleted  0d4aa5b9-1ec3-4c1c-a708-3ca04185f1a1.odt on folder: C:\\develop\\nodejs\\projects\\aitam\\work\\, path: C:\\develop\\nodejs\\projects\\aitam\\work\\0d4aa5b9-1ec3-4c1c-a708-3ca04185f1a1.odt","level":"\u001b[34minfo\u001b[39m","timestamp":"2019-11-07 07:45:00"}
{"message":"garbage collector deleted  10676647-002c-4378-bb62-7037d1e08b10.src on folder: C:\\develop\\nodejs\\projects\\aitam\\work\\, path: C:\\develop\\nodejs\\projects\\aitam\\work\\10676647-002c-4378-bb62-7037d1e08b10.src","level":"\u001b[34minfo\u001b[39m","timestamp":"2019-11-07 07:45:00"}
{"message":"garbage collector deleted  0d4aa5b9-1ec3-4c1c-a708-3ca04185f1a1.xml on folder: C:\\develop\\nodejs\\projects\\aitam\\work\\, path: C:\\develop\\nodejs\\projects\\aitam\\work\\0d4aa5b9-1ec3-4c1c-a708-3ca04185f1a1.xml","level":"\u001b[34minfo\u001b[39m","timestamp":"2019-11-07 07:45:00"}
{"message":"garbage collector deleted  10676647-002c-4378-bb62-7037d1e08b10.vec on folder: C:\\develop\\nodejs\\projects\\aitam\\work\\, path: C:\\develop\\nodejs\\projects\\aitam\\work\\10676647-002c-4378-bb62-7037d1e08b10.vec","level":"\u001b[34minfo\u001b[39m","timestamp":"2019-11-07 07:45:00"}
{"message":"garbage collector deleted  10676647-002c-4378-bb62-7037d1e08b10.xml on folder: C:\\develop\\nodejs\\projects\\aitam\\work\\, path: C:\\develop\\nodejs\\projects\\aitam\\work\\10676647-002c-4378-bb62-7037d1e08b10.xml","level":"\u001b[34minfo\u001b[39m","timestamp":"2019-11-07 07:45:00"}
{"message":"garbage collector deleted  1f43cf75-1460-45f0-8e17-2fc3f4198412.xml on folder: C:\\develop\\nodejs\\projects\\aitam\\work\\, path: C:\\develop\\nodejs\\projects\\aitam\\work\\1f43cf75-1460-45f0-8e17-2fc3f4198412.xml","level":"\u001b[34minfo\u001b[39m","timestamp":"2019-11-07 07:45:00"}
{"message":"garbage collector deleted  10676647-002c-4378-bb62-7037d1e08b10.tkn on folder: C:\\develop\\nodejs\\projects\\aitam\\work\\, path: C:\\develop\\nodejs\\projects\\aitam\\work\\10676647-002c-4378-bb62-7037d1e08b10.tkn","level":"\u001b[34minfo\u001b[39m","timestamp":"2019-11-07 07:45:00"}
{"message":"garbage collector deleted  4c22626a-e35b-4830-9b1a-cc547705cc1c.xml on folder: C:\\develop\\nodejs\\projects\\aitam\\work\\, path: C:\\develop\\nodejs\\projects\\aitam\\work\\4c22626a-e35b-4830-9b1a-cc547705cc1c.xml","level":"\u001b[34minfo\u001b[39m","timestamp":"2019-11-07 07:45:00"}
{"message":"garbage collector deleted  7d891b20-728b-40f5-a939-089d847d0c7b.odt on folder: C:\\develop\\nodejs\\projects\\aitam\\work\\, path: C:\\develop\\nodejs\\projects\\aitam\\work\\7d891b20-728b-40f5-a939-089d847d0c7b.odt","level":"\u001b[34minfo\u001b[39m","timestamp":"2019-11-07 07:45:00"}
{"message":"garbage collector deleted  58145b9e-a359-4a9f-8f4f-fa3efa3f1dc6.xml on folder: C:\\develop\\nodejs\\projects\\aitam\\work\\, path: C:\\develop\\nodejs\\projects\\aitam\\work\\58145b9e-a359-4a9f-8f4f-fa3efa3f1dc6.xml","level":"\u001b[34minfo\u001b[39m","timestamp":"2019-11-07 07:45:00"}
{"message":"garbage collector deleted  7b6b757d-d8f4-4eff-84aa-42aaf13fa584.xml on folder: C:\\develop\\nodejs\\projects\\aitam\\work\\, path: C:\\develop\\nodejs\\projects\\aitam\\work\\7b6b757d-d8f4-4eff-84aa-42aaf13fa584.xml","level":"\u001b[34minfo\u001b[39m","timestamp":"2019-11-07 07:45:00"}
{"message":"garbage collector deleted  7d891b20-728b-40f5-a939-089d847d0c7b.xml on folder: C:\\develop\\nodejs\\projects\\aitam\\work\\, path: C:\\develop\\nodejs\\projects\\aitam\\work\\7d891b20-728b-40f5-a939-089d847d0c7b.xml","level":"\u001b[34minfo\u001b[39m","timestamp":"2019-11-07 07:45:00"}
{"message":"garbage collector deleted  9b06032d-f3f3-4052-8db5-5761af631098.xml on folder: C:\\develop\\nodejs\\projects\\aitam\\work\\, path: C:\\develop\\nodejs\\projects\\aitam\\work\\9b06032d-f3f3-4052-8db5-5761af631098.xml","level":"\u001b[34minfo\u001b[39m","timestamp":"2019-11-07 07:45:00"}
{"message":"garbage collector deleted  9b06032d-f3f3-4052-8db5-5761af631098.src on folder: C:\\develop\\nodejs\\projects\\aitam\\work\\, path: C:\\develop\\nodejs\\projects\\aitam\\work\\9b06032d-f3f3-4052-8db5-5761af631098.src","level":"\u001b[34minfo\u001b[39m","timestamp":"2019-11-07 07:45:00"}
{"message":"garbage collector deleted  b4d624f2-b4d2-44fa-9511-b3e443c1c42d.xml on folder: C:\\develop\\nodejs\\projects\\aitam\\work\\, path: C:\\develop\\nodejs\\projects\\aitam\\work\\b4d624f2-b4d2-44fa-9511-b3e443c1c42d.xml","level":"\u001b[34minfo\u001b[39m","timestamp":"2019-11-07 07:45:00"}
{"message":"garbage collector deleted  b93da48e-207c-4ee3-bceb-c81082357965.sent on folder: C:\\develop\\nodejs\\projects\\aitam\\work\\, path: C:\\develop\\nodejs\\projects\\aitam\\work\\b93da48e-207c-4ee3-bceb-c81082357965.sent","level":"\u001b[34minfo\u001b[39m","timestamp":"2019-11-07 07:45:00"}
{"message":"garbage collector deleted  b93da48e-207c-4ee3-bceb-c81082357965.xml on folder: C:\\develop\\nodejs\\projects\\aitam\\work\\, path: C:\\develop\\nodejs\\projects\\aitam\\work\\b93da48e-207c-4ee3-bceb-c81082357965.xml","level":"\u001b[34minfo\u001b[39m","timestamp":"2019-11-07 07:45:00"}
{"message":"garbage collector deleted  d34834fe-f0be-4fa7-986b-6414176175dc.src on folder: C:\\develop\\nodejs\\projects\\aitam\\work\\, path: C:\\develop\\nodejs\\projects\\aitam\\work\\d34834fe-f0be-4fa7-986b-6414176175dc.src","level":"\u001b[34minfo\u001b[39m","timestamp":"2019-11-07 07:45:00"}
{"message":"garbage collector deleted  d34834fe-f0be-4fa7-986b-6414176175dc.xml on folder: C:\\develop\\nodejs\\projects\\aitam\\work\\, path: C:\\develop\\nodejs\\projects\\aitam\\work\\d34834fe-f0be-4fa7-986b-6414176175dc.xml","level":"\u001b[34minfo\u001b[39m","timestamp":"2019-11-07 07:45:00"}
{"message":"garbage collector deleted  gazetteer.dic on folder: C:\\develop\\nodejs\\projects\\aitam\\work\\, path: C:\\develop\\nodejs\\projects\\aitam\\work\\gazetteer.dic","level":"\u001b[34minfo\u001b[39m","timestamp":"2019-11-07 07:45:00"}
{"message":"garbage collector deleted  4c22626a-e35b-4830-9b1a-cc547705cc1c.odt on folder: C:\\develop\\nodejs\\projects\\aitam\\work\\, path: C:\\develop\\nodejs\\projects\\aitam\\work\\4c22626a-e35b-4830-9b1a-cc547705cc1c.odt","level":"\u001b[34minfo\u001b[39m","timestamp":"2019-11-07 07:45:00"}
{"message":"garbage collector error:  Error: Can't read file C:\\develop\\nodejs\\projects\\aitam\\work\\4c22626a-e35b-4830-9b1a-cc547705cc1c.odt","level":"\u001b[34minfo\u001b[39m","timestamp":"2019-11-07 07:45:00"}
{"message":"garbage collector error:  Error: Can't read file C:\\develop\\nodejs\\projects\\aitam\\work\\d34834fe-f0be-4fa7-986b-6414176175dc.xml","level":"\u001b[34minfo\u001b[39m","timestamp":"2019-11-07 07:45:00"}
{"message":"garbage collector error:  Error: Can't read file C:\\develop\\nodejs\\projects\\aitam\\work\\gazetteer.dic","level":"\u001b[34minfo\u001b[39m","timestamp":"2019-11-07 07:45:00"}
{"message":"garbage collector started on path: C:\\develop\\nodejs\\projects\\aitam\\work\\","level":"\u001b[34minfo\u001b[39m","timestamp":"2019-11-07 07:45:03"}
{"message":"garbage collector started on path: C:\\develop\\nodejs\\projects\\aitam\\work\\","level":"\u001b[34minfo\u001b[39m","timestamp":"2019-11-07 07:45:11"}
{"message":"Session created received the id:287fa85d-a512-4b2f-b8a0-879148a2104f","level":"\u001b[34minfo\u001b[39m","timestamp":"2019-11-07 07:45:16"}
{"message":"404 - Not Found","level":"\u001b[33mwarn\u001b[39m","timestamp":"2019-11-07 07:45:20"}
{"message":"Session created received the id:287fa85d-a512-4b2f-b8a0-879148a2104f","level":"\u001b[34minfo\u001b[39m","timestamp":"2019-11-07 07:45:45"}
{"message":"Session created received the id:287fa85d-a512-4b2f-b8a0-879148a2104f","level":"\u001b[34minfo\u001b[39m","timestamp":"2019-11-07 07:46:01"}
{"message":"Session created received the id:287fa85d-a512-4b2f-b8a0-879148a2104f","level":"\u001b[34minfo\u001b[39m","timestamp":"2019-11-07 07:46:17"}
{"message":"garbage collector started on path: C:\\develop\\nodejs\\projects\\aitam\\work\\","level":"\u001b[34minfo\u001b[39m","timestamp":"2019-11-07 07:48:18"}
{"message":"garbage collector started on path: C:\\develop\\nodejs\\projects\\aitam\\work\\","level":"\u001b[34minfo\u001b[39m","timestamp":"2019-11-07 07:48:39"}
{"message":"404 - Not Found","level":"\u001b[33mwarn\u001b[39m","timestamp":"2019-11-07 07:48:40"}
{"message":"garbage collector started on path: C:\\develop\\nodejs\\projects\\aitam\\work\\","level":"\u001b[34minfo\u001b[39m","timestamp":"2019-11-07 07:48:50"}
{"message":"garbage collector started on path: C:\\develop\\nodejs\\projects\\aitam\\work\\","level":"\u001b[34minfo\u001b[39m","timestamp":"2019-11-07 07:50:26"}
{"message":"404 - Not Found","level":"\u001b[33mwarn\u001b[39m","timestamp":"2019-11-07 07:50:38"}
{"message":"garbage collector started on path: C:\\develop\\nodejs\\projects\\aitam\\work\\","level":"\u001b[34minfo\u001b[39m","timestamp":"2019-11-07 07:53:22"}
{"message":"garbage collector started on path: C:\\develop\\nodejs\\projects\\aitam\\work\\","level":"\u001b[34minfo\u001b[39m","timestamp":"2019-11-07 07:54:14"}
{"message":"garbage collector started on path: C:\\develop\\nodejs\\projects\\aitam\\work\\","level":"\u001b[34minfo\u001b[39m","timestamp":"2019-11-07 07:54:53"}
{"message":"garbage collector started on path: C:\\develop\\nodejs\\projects\\aitam\\work\\","level":"\u001b[34minfo\u001b[39m","timestamp":"2019-11-07 07:55:29"}
{"message":"404 - Not Found","level":"\u001b[33mwarn\u001b[39m","timestamp":"2019-11-07 07:55:36"}
{"message":"404 - Not Found","level":"\u001b[33mwarn\u001b[39m","timestamp":"2019-11-07 07:55:36"}
{"message":"garbage collector started on path: C:\\develop\\nodejs\\projects\\aitam\\work\\","level":"\u001b[34minfo\u001b[39m","timestamp":"2019-11-07 07:55:47"}
{"message":"404 - Not Found","level":"\u001b[33mwarn\u001b[39m","timestamp":"2019-11-07 07:55:48"}
{"message":"garbage collector started on path: C:\\develop\\nodejs\\projects\\aitam\\work\\","level":"\u001b[34minfo\u001b[39m","timestamp":"2019-11-07 07:56:10"}
