{"message":"garbage collector started on path: C:\\develop\\nodejs\\projects\\aitam\\work\\","level":"\u001b[34minfo\u001b[39m","timestamp":"2019-11-12 19:27:02"}
{"message":"garbage collector deleted  1de3dc56-8443-41f7-99b5-a1266a69c4ce.odt on folder: C:\\develop\\nodejs\\projects\\aitam\\work\\, path: C:\\develop\\nodejs\\projects\\aitam\\work\\1de3dc56-8443-41f7-99b5-a1266a69c4ce.odt","level":"\u001b[34minfo\u001b[39m","timestamp":"2019-11-12 19:30:00"}
{"message":"garbage collector deleted  1de3dc56-8443-41f7-99b5-a1266a69c4ce.xml on folder: C:\\develop\\nodejs\\projects\\aitam\\work\\, path: C:\\develop\\nodejs\\projects\\aitam\\work\\1de3dc56-8443-41f7-99b5-a1266a69c4ce.xml","level":"\u001b[34minfo\u001b[39m","timestamp":"2019-11-12 19:30:00"}
{"message":"garbage collector deleted  06ebddc0-8edb-4007-a513-1e53b319ccd5.odt on folder: C:\\develop\\nodejs\\projects\\aitam\\work\\, path: C:\\develop\\nodejs\\projects\\aitam\\work\\06ebddc0-8edb-4007-a513-1e53b319ccd5.odt","level":"\u001b[34minfo\u001b[39m","timestamp":"2019-11-12 19:30:00"}
{"message":"garbage collector deleted  06ebddc0-8edb-4007-a513-1e53b319ccd5.xml on folder: C:\\develop\\nodejs\\projects\\aitam\\work\\, path: C:\\develop\\nodejs\\projects\\aitam\\work\\06ebddc0-8edb-4007-a513-1e53b319ccd5.xml","level":"\u001b[34minfo\u001b[39m","timestamp":"2019-11-12 19:30:00"}
{"message":"garbage collector deleted  207afe95-769f-43dd-9e0f-71709e567c64.xml on folder: C:\\develop\\nodejs\\projects\\aitam\\work\\, path: C:\\develop\\nodejs\\projects\\aitam\\work\\207afe95-769f-43dd-9e0f-71709e567c64.xml","level":"\u001b[34minfo\u001b[39m","timestamp":"2019-11-12 19:30:00"}
{"message":"garbage collector deleted  38324520-7a87-46f0-af98-c11eb7a54e0c.xml on folder: C:\\develop\\nodejs\\projects\\aitam\\work\\, path: C:\\develop\\nodejs\\projects\\aitam\\work\\38324520-7a87-46f0-af98-c11eb7a54e0c.xml","level":"\u001b[34minfo\u001b[39m","timestamp":"2019-11-12 19:30:00"}
{"message":"garbage collector deleted  4bb3a0ba-ac51-406d-8db6-5af568f80c72.xml on folder: C:\\develop\\nodejs\\projects\\aitam\\work\\, path: C:\\develop\\nodejs\\projects\\aitam\\work\\4bb3a0ba-ac51-406d-8db6-5af568f80c72.xml","level":"\u001b[34minfo\u001b[39m","timestamp":"2019-11-12 19:30:00"}
{"message":"garbage collector deleted  577e6133-09af-4a4d-83b0-902d893498ec.xml on folder: C:\\develop\\nodejs\\projects\\aitam\\work\\, path: C:\\develop\\nodejs\\projects\\aitam\\work\\577e6133-09af-4a4d-83b0-902d893498ec.xml","level":"\u001b[34minfo\u001b[39m","timestamp":"2019-11-12 19:30:00"}
{"message":"garbage collector deleted  5cc8ae52-a418-499c-aad0-f688aa857916.odt on folder: C:\\develop\\nodejs\\projects\\aitam\\work\\, path: C:\\develop\\nodejs\\projects\\aitam\\work\\5cc8ae52-a418-499c-aad0-f688aa857916.odt","level":"\u001b[34minfo\u001b[39m","timestamp":"2019-11-12 19:30:00"}
{"message":"garbage collector deleted  5cc8ae52-a418-499c-aad0-f688aa857916.xml on folder: C:\\develop\\nodejs\\projects\\aitam\\work\\, path: C:\\develop\\nodejs\\projects\\aitam\\work\\5cc8ae52-a418-499c-aad0-f688aa857916.xml","level":"\u001b[34minfo\u001b[39m","timestamp":"2019-11-12 19:30:00"}
{"message":"garbage collector deleted  658484c4-fbdf-4afb-ba80-21ec467a80bf.odt on folder: C:\\develop\\nodejs\\projects\\aitam\\work\\, path: C:\\develop\\nodejs\\projects\\aitam\\work\\658484c4-fbdf-4afb-ba80-21ec467a80bf.odt","level":"\u001b[34minfo\u001b[39m","timestamp":"2019-11-12 19:30:00"}
{"message":"garbage collector deleted  658484c4-fbdf-4afb-ba80-21ec467a80bf.xml on folder: C:\\develop\\nodejs\\projects\\aitam\\work\\, path: C:\\develop\\nodejs\\projects\\aitam\\work\\658484c4-fbdf-4afb-ba80-21ec467a80bf.xml","level":"\u001b[34minfo\u001b[39m","timestamp":"2019-11-12 19:30:00"}
{"message":"garbage collector deleted  6b2a6bb5-b9ea-4fea-92f5-bf01c637f1e7.odt on folder: C:\\develop\\nodejs\\projects\\aitam\\work\\, path: C:\\develop\\nodejs\\projects\\aitam\\work\\6b2a6bb5-b9ea-4fea-92f5-bf01c637f1e7.odt","level":"\u001b[34minfo\u001b[39m","timestamp":"2019-11-12 19:30:00"}
{"message":"garbage collector deleted  6b2a6bb5-b9ea-4fea-92f5-bf01c637f1e7.xml on folder: C:\\develop\\nodejs\\projects\\aitam\\work\\, path: C:\\develop\\nodejs\\projects\\aitam\\work\\6b2a6bb5-b9ea-4fea-92f5-bf01c637f1e7.xml","level":"\u001b[34minfo\u001b[39m","timestamp":"2019-11-12 19:30:00"}
{"message":"garbage collector deleted  afda71d8-35d7-4eb3-a208-a389990682d0.src on folder: C:\\develop\\nodejs\\projects\\aitam\\work\\, path: C:\\develop\\nodejs\\projects\\aitam\\work\\afda71d8-35d7-4eb3-a208-a389990682d0.src","level":"\u001b[34minfo\u001b[39m","timestamp":"2019-11-12 19:30:00"}
{"message":"garbage collector deleted  afda71d8-35d7-4eb3-a208-a389990682d0.tkn on folder: C:\\develop\\nodejs\\projects\\aitam\\work\\, path: C:\\develop\\nodejs\\projects\\aitam\\work\\afda71d8-35d7-4eb3-a208-a389990682d0.tkn","level":"\u001b[34minfo\u001b[39m","timestamp":"2019-11-12 19:30:00"}
{"message":"garbage collector deleted  846bbd6a-6e62-41f9-9ff3-b1dc30999f04.xml on folder: C:\\develop\\nodejs\\projects\\aitam\\work\\, path: C:\\develop\\nodejs\\projects\\aitam\\work\\846bbd6a-6e62-41f9-9ff3-b1dc30999f04.xml","level":"\u001b[34minfo\u001b[39m","timestamp":"2019-11-12 19:30:00"}
{"message":"garbage collector deleted  afda71d8-35d7-4eb3-a208-a389990682d0.vec on folder: C:\\develop\\nodejs\\projects\\aitam\\work\\, path: C:\\develop\\nodejs\\projects\\aitam\\work\\afda71d8-35d7-4eb3-a208-a389990682d0.vec","level":"\u001b[34minfo\u001b[39m","timestamp":"2019-11-12 19:30:00"}
{"message":"garbage collector deleted  afda71d8-35d7-4eb3-a208-a389990682d0.xml on folder: C:\\develop\\nodejs\\projects\\aitam\\work\\, path: C:\\develop\\nodejs\\projects\\aitam\\work\\afda71d8-35d7-4eb3-a208-a389990682d0.xml","level":"\u001b[34minfo\u001b[39m","timestamp":"2019-11-12 19:30:00"}
{"message":"garbage collector deleted  b3f6b819-6158-49a7-b51f-7e053b21d166.odt on folder: C:\\develop\\nodejs\\projects\\aitam\\work\\, path: C:\\develop\\nodejs\\projects\\aitam\\work\\b3f6b819-6158-49a7-b51f-7e053b21d166.odt","level":"\u001b[34minfo\u001b[39m","timestamp":"2019-11-12 19:30:00"}
{"message":"garbage collector deleted  b3f6b819-6158-49a7-b51f-7e053b21d166.xml on folder: C:\\develop\\nodejs\\projects\\aitam\\work\\, path: C:\\develop\\nodejs\\projects\\aitam\\work\\b3f6b819-6158-49a7-b51f-7e053b21d166.xml","level":"\u001b[34minfo\u001b[39m","timestamp":"2019-11-12 19:30:00"}
{"message":"garbage collector deleted  cd26946f-2b55-4fa5-8410-e3ec56629e53.xml on folder: C:\\develop\\nodejs\\projects\\aitam\\work\\, path: C:\\develop\\nodejs\\projects\\aitam\\work\\cd26946f-2b55-4fa5-8410-e3ec56629e53.xml","level":"\u001b[34minfo\u001b[39m","timestamp":"2019-11-12 19:30:00"}
{"message":"garbage collector error:  Error: Can't delete C:\\develop\\nodejs\\projects\\aitam\\work\\06ebddc0-8edb-4007-a513-1e53b319ccd5.odt","level":"\u001b[34minfo\u001b[39m","timestamp":"2019-11-12 19:30:00"}
{"message":"garbage collector deleted  d4adf1e1-4ffc-4ee5-9925-54cfaac6e26a.xml on folder: C:\\develop\\nodejs\\projects\\aitam\\work\\, path: C:\\develop\\nodejs\\projects\\aitam\\work\\d4adf1e1-4ffc-4ee5-9925-54cfaac6e26a.xml","level":"\u001b[34minfo\u001b[39m","timestamp":"2019-11-12 19:30:00"}
{"message":"garbage collector error:  Error: Can't delete C:\\develop\\nodejs\\projects\\aitam\\work\\06ebddc0-8edb-4007-a513-1e53b319ccd5.xml","level":"\u001b[34minfo\u001b[39m","timestamp":"2019-11-12 19:30:00"}
{"message":"garbage collector deleted  f0cfa29e-0535-47dc-a659-fcef4ef45479.xml on folder: C:\\develop\\nodejs\\projects\\aitam\\work\\, path: C:\\develop\\nodejs\\projects\\aitam\\work\\f0cfa29e-0535-47dc-a659-fcef4ef45479.xml","level":"\u001b[34minfo\u001b[39m","timestamp":"2019-11-12 19:30:00"}
{"message":"garbage collector deleted  gazetteer.dic on folder: C:\\develop\\nodejs\\projects\\aitam\\work\\, path: C:\\develop\\nodejs\\projects\\aitam\\work\\gazetteer.dic","level":"\u001b[34minfo\u001b[39m","timestamp":"2019-11-12 19:30:00"}
{"message":"garbage collector error:  Error: Can't delete C:\\develop\\nodejs\\projects\\aitam\\work\\1de3dc56-8443-41f7-99b5-a1266a69c4ce.odt","level":"\u001b[34minfo\u001b[39m","timestamp":"2019-11-12 19:30:00"}
{"message":"garbage collector error:  Error: Can't delete C:\\develop\\nodejs\\projects\\aitam\\work\\1de3dc56-8443-41f7-99b5-a1266a69c4ce.xml","level":"\u001b[34minfo\u001b[39m","timestamp":"2019-11-12 19:30:00"}
{"message":"garbage collector error:  Error: Can't delete C:\\develop\\nodejs\\projects\\aitam\\work\\207afe95-769f-43dd-9e0f-71709e567c64.xml","level":"\u001b[34minfo\u001b[39m","timestamp":"2019-11-12 19:30:00"}
{"message":"garbage collector error:  Error: Can't delete C:\\develop\\nodejs\\projects\\aitam\\work\\38324520-7a87-46f0-af98-c11eb7a54e0c.xml","level":"\u001b[34minfo\u001b[39m","timestamp":"2019-11-12 19:30:00"}
{"message":"garbage collector error:  Error: Can't delete C:\\develop\\nodejs\\projects\\aitam\\work\\4bb3a0ba-ac51-406d-8db6-5af568f80c72.xml","level":"\u001b[34minfo\u001b[39m","timestamp":"2019-11-12 19:30:00"}
{"message":"garbage collector error:  Error: Can't delete C:\\develop\\nodejs\\projects\\aitam\\work\\577e6133-09af-4a4d-83b0-902d893498ec.xml","level":"\u001b[34minfo\u001b[39m","timestamp":"2019-11-12 19:30:00"}
{"message":"garbage collector error:  Error: Can't delete C:\\develop\\nodejs\\projects\\aitam\\work\\5cc8ae52-a418-499c-aad0-f688aa857916.odt","level":"\u001b[34minfo\u001b[39m","timestamp":"2019-11-12 19:30:00"}
{"message":"garbage collector error:  Error: Can't delete C:\\develop\\nodejs\\projects\\aitam\\work\\5cc8ae52-a418-499c-aad0-f688aa857916.xml","level":"\u001b[34minfo\u001b[39m","timestamp":"2019-11-12 19:30:00"}
{"message":"garbage collector error:  Error: Can't delete C:\\develop\\nodejs\\projects\\aitam\\work\\658484c4-fbdf-4afb-ba80-21ec467a80bf.odt","level":"\u001b[34minfo\u001b[39m","timestamp":"2019-11-12 19:30:00"}
{"message":"garbage collector error:  Error: Can't delete C:\\develop\\nodejs\\projects\\aitam\\work\\658484c4-fbdf-4afb-ba80-21ec467a80bf.xml","level":"\u001b[34minfo\u001b[39m","timestamp":"2019-11-12 19:30:00"}
{"message":"garbage collector error:  Error: Can't delete C:\\develop\\nodejs\\projects\\aitam\\work\\6b2a6bb5-b9ea-4fea-92f5-bf01c637f1e7.odt","level":"\u001b[34minfo\u001b[39m","timestamp":"2019-11-12 19:30:00"}
{"message":"garbage collector error:  Error: Can't delete C:\\develop\\nodejs\\projects\\aitam\\work\\6b2a6bb5-b9ea-4fea-92f5-bf01c637f1e7.xml","level":"\u001b[34minfo\u001b[39m","timestamp":"2019-11-12 19:30:00"}
{"message":"garbage collector error:  Error: Can't delete C:\\develop\\nodejs\\projects\\aitam\\work\\846bbd6a-6e62-41f9-9ff3-b1dc30999f04.xml","level":"\u001b[34minfo\u001b[39m","timestamp":"2019-11-12 19:30:00"}
{"message":"garbage collector error:  Error: Can't delete C:\\develop\\nodejs\\projects\\aitam\\work\\afda71d8-35d7-4eb3-a208-a389990682d0.src","level":"\u001b[34minfo\u001b[39m","timestamp":"2019-11-12 19:30:00"}
{"message":"garbage collector error:  Error: Can't delete C:\\develop\\nodejs\\projects\\aitam\\work\\afda71d8-35d7-4eb3-a208-a389990682d0.tkn","level":"\u001b[34minfo\u001b[39m","timestamp":"2019-11-12 19:30:00"}
{"message":"garbage collector error:  Error: Can't delete C:\\develop\\nodejs\\projects\\aitam\\work\\afda71d8-35d7-4eb3-a208-a389990682d0.vec","level":"\u001b[34minfo\u001b[39m","timestamp":"2019-11-12 19:30:00"}
{"message":"garbage collector error:  Error: Can't delete C:\\develop\\nodejs\\projects\\aitam\\work\\afda71d8-35d7-4eb3-a208-a389990682d0.xml","level":"\u001b[34minfo\u001b[39m","timestamp":"2019-11-12 19:30:00"}
{"message":"garbage collector error:  Error: Can't delete C:\\develop\\nodejs\\projects\\aitam\\work\\b3f6b819-6158-49a7-b51f-7e053b21d166.odt","level":"\u001b[34minfo\u001b[39m","timestamp":"2019-11-12 19:30:00"}
{"message":"garbage collector error:  Error: Can't delete C:\\develop\\nodejs\\projects\\aitam\\work\\b3f6b819-6158-49a7-b51f-7e053b21d166.xml","level":"\u001b[34minfo\u001b[39m","timestamp":"2019-11-12 19:30:00"}
{"message":"garbage collector error:  Error: Can't delete C:\\develop\\nodejs\\projects\\aitam\\work\\cd26946f-2b55-4fa5-8410-e3ec56629e53.xml","level":"\u001b[34minfo\u001b[39m","timestamp":"2019-11-12 19:30:00"}
{"message":"garbage collector error:  Error: Can't delete C:\\develop\\nodejs\\projects\\aitam\\work\\d4adf1e1-4ffc-4ee5-9925-54cfaac6e26a.xml","level":"\u001b[34minfo\u001b[39m","timestamp":"2019-11-12 19:30:00"}
{"message":"garbage collector error:  Error: Can't delete C:\\develop\\nodejs\\projects\\aitam\\work\\gazetteer.dic","level":"\u001b[34minfo\u001b[39m","timestamp":"2019-11-12 19:30:00"}
{"message":"garbage collector error:  Error: Can't delete C:\\develop\\nodejs\\projects\\aitam\\work\\f0cfa29e-0535-47dc-a659-fcef4ef45479.xml","level":"\u001b[34minfo\u001b[39m","timestamp":"2019-11-12 19:30:00"}
{"message":"Session created received the id:1aa04dcb-a443-447a-9233-d18b61881c91","level":"\u001b[34minfo\u001b[39m","timestamp":"2019-11-12 19:34:56"}
{"message":"garbage collector started on path: C:\\develop\\nodejs\\projects\\aitam\\work\\","level":"\u001b[34minfo\u001b[39m","timestamp":"2019-11-12 19:36:12"}
{"message":"plug-in download: C:\\develop\\nodejs\\projects\\aitam\\public/plugins/TemplateOnFinancialManagementSystemAudit.xml","level":"\u001b[34minfo\u001b[39m","timestamp":"2019-11-12 19:39:22"}
{"message":"garbage collector started on path: C:\\develop\\nodejs\\projects\\aitam\\work\\","level":"\u001b[34minfo\u001b[39m","timestamp":"2019-11-12 19:43:51"}
{"message":"garbage collector started on path: C:\\develop\\nodejs\\projects\\aitam\\work\\","level":"\u001b[34minfo\u001b[39m","timestamp":"2019-11-12 19:44:11"}
{"message":"garbage collector started on path: C:\\develop\\nodejs\\projects\\aitam\\work\\","level":"\u001b[34minfo\u001b[39m","timestamp":"2019-11-12 19:48:32"}
{"message":"garbage collector started on path: C:\\develop\\nodejs\\projects\\aitam\\work\\","level":"\u001b[34minfo\u001b[39m","timestamp":"2019-11-12 19:49:04"}
{"message":"404 - Not Found","level":"\u001b[33mwarn\u001b[39m","timestamp":"2019-11-12 19:55:34"}
{"message":"plug-in download: C:\\develop\\nodejs\\projects\\aitam\\public/plugins/UpgradeFinancialITSystem.xml","level":"\u001b[34minfo\u001b[39m","timestamp":"2019-11-12 20:16:02"}
{"message":"plug-in download: C:\\develop\\nodejs\\projects\\aitam\\public/plugins/LandRegistry.xml","level":"\u001b[34minfo\u001b[39m","timestamp":"2019-11-12 20:20:09"}
{"message":"plug-in download: C:\\develop\\nodejs\\projects\\aitam\\public/plugins/EGovernment.xml","level":"\u001b[34minfo\u001b[39m","timestamp":"2019-11-12 20:20:59"}
{"message":"garbage collector started on path: C:\\develop\\nodejs\\projects\\aitam\\work\\","level":"\u001b[34minfo\u001b[39m","timestamp":"2019-11-12 20:21:52"}
{"message":"plug-in download: C:\\develop\\nodejs\\projects\\aitam\\public/audittemplates/FinancialManagementSystemAudit.xml","level":"\u001b[34minfo\u001b[39m","timestamp":"2019-11-12 20:21:57"}
