{"message":"garbage collector started on path: C:\\develop\\nodejs\\projects\\aitam\\work\\","level":"\u001b[34minfo\u001b[39m","timestamp":"2019-05-05 11:39:19"}
{"message":"Session created received the id:5139de99-d98f-45fa-8316-a061417893c3","level":"\u001b[34minfo\u001b[39m","timestamp":"2019-05-05 11:39:31"}
{"message":"req.user: undefined","level":"\u001b[34minfo\u001b[39m","timestamp":"2019-05-05 11:40:22"}
{"message":"Session id started: {\"user\":\"2f24vvg\"}","level":"\u001b[34minfo\u001b[39m","timestamp":"2019-05-05 11:40:22"}
{"message":"User logged in: {\"id\":\"2f24vvg\",\"email\":\"test@test.com\",\"password\":\"$2a$10$A2g6pbxxhLA9MNYRJ0rnzOf/7Ara76B0KcRdjzUcsIBIclRuas/fG\"}","level":"\u001b[34minfo\u001b[39m","timestamp":"2019-05-05 11:40:22"}
{"message":"User (2f24vvg) uploaded a file: {\"file-upload\":{\"size\":503821,\"path\":\"C:\\\\develop\\\\nodejs\\\\projects\\\\aitam\\\\work\\\\5139de99-d98f-45fa-8316-a061417893c3.xml\",\"name\":\"test_site2.xml\",\"type\":\"text/xml\",\"mtime\":\"2019-05-05T10:40:43.375Z\"}}","level":"\u001b[34minfo\u001b[39m","timestamp":"2019-05-05 11:40:43"}
{"message":"garbage collector started on path: C:\\develop\\nodejs\\projects\\aitam\\work\\","level":"\u001b[34minfo\u001b[39m","timestamp":"2019-05-05 16:48:24"}
{"message":"Session created received the id:320fc3f0-06a1-4b63-a35d-fdf28a059a5c","level":"\u001b[34minfo\u001b[39m","timestamp":"2019-05-05 16:48:33"}
{"message":"req.user: undefined","level":"\u001b[34minfo\u001b[39m","timestamp":"2019-05-05 16:48:38"}
{"message":"Session id started: {\"user\":\"2f24vvg\"}","level":"\u001b[34minfo\u001b[39m","timestamp":"2019-05-05 16:48:38"}
{"message":"User logged in: {\"id\":\"2f24vvg\",\"email\":\"test@test.com\",\"password\":\"$2a$10$A2g6pbxxhLA9MNYRJ0rnzOf/7Ara76B0KcRdjzUcsIBIclRuas/fG\"}","level":"\u001b[34minfo\u001b[39m","timestamp":"2019-05-05 16:48:38"}
{"message":"User (2f24vvg) uploaded a file: {\"file-upload\":{\"size\":503821,\"path\":\"C:\\\\develop\\\\nodejs\\\\projects\\\\aitam\\\\work\\\\320fc3f0-06a1-4b63-a35d-fdf28a059a5c.xml\",\"name\":\"test_site2.xml\",\"type\":\"text/xml\",\"mtime\":\"2019-05-05T15:48:45.033Z\"}}","level":"\u001b[34minfo\u001b[39m","timestamp":"2019-05-05 16:48:45"}
{"message":"garbage collector deleted  03478350-93ed-4bde-af5e-c18392615136.sent on folder: C:\\develop\\nodejs\\projects\\aitam\\work\\, path: C:\\develop\\nodejs\\projects\\aitam\\work\\03478350-93ed-4bde-af5e-c18392615136.sent","level":"\u001b[34minfo\u001b[39m","timestamp":"2019-05-05 17:00:00"}
{"message":"garbage collector deleted  03478350-93ed-4bde-af5e-c18392615136.src on folder: C:\\develop\\nodejs\\projects\\aitam\\work\\, path: C:\\develop\\nodejs\\projects\\aitam\\work\\03478350-93ed-4bde-af5e-c18392615136.src","level":"\u001b[34minfo\u001b[39m","timestamp":"2019-05-05 17:00:00"}
{"message":"garbage collector deleted  03478350-93ed-4bde-af5e-c18392615136.tkn on folder: C:\\develop\\nodejs\\projects\\aitam\\work\\, path: C:\\develop\\nodejs\\projects\\aitam\\work\\03478350-93ed-4bde-af5e-c18392615136.tkn","level":"\u001b[34minfo\u001b[39m","timestamp":"2019-05-05 17:00:00"}
{"message":"garbage collector deleted  03478350-93ed-4bde-af5e-c18392615136.odt on folder: C:\\develop\\nodejs\\projects\\aitam\\work\\, path: C:\\develop\\nodejs\\projects\\aitam\\work\\03478350-93ed-4bde-af5e-c18392615136.odt","level":"\u001b[34minfo\u001b[39m","timestamp":"2019-05-05 17:00:00"}
{"message":"garbage collector deleted  27a3069b-c87b-4c28-b6e1-29ee1f3db050.sent on folder: C:\\develop\\nodejs\\projects\\aitam\\work\\, path: C:\\develop\\nodejs\\projects\\aitam\\work\\27a3069b-c87b-4c28-b6e1-29ee1f3db050.sent","level":"\u001b[34minfo\u001b[39m","timestamp":"2019-05-05 17:00:00"}
{"message":"garbage collector deleted  03478350-93ed-4bde-af5e-c18392615136.vec on folder: C:\\develop\\nodejs\\projects\\aitam\\work\\, path: C:\\develop\\nodejs\\projects\\aitam\\work\\03478350-93ed-4bde-af5e-c18392615136.vec","level":"\u001b[34minfo\u001b[39m","timestamp":"2019-05-05 17:00:00"}
{"message":"garbage collector deleted  03478350-93ed-4bde-af5e-c18392615136.xml on folder: C:\\develop\\nodejs\\projects\\aitam\\work\\, path: C:\\develop\\nodejs\\projects\\aitam\\work\\03478350-93ed-4bde-af5e-c18392615136.xml","level":"\u001b[34minfo\u001b[39m","timestamp":"2019-05-05 17:00:00"}
{"message":"garbage collector deleted  27a3069b-c87b-4c28-b6e1-29ee1f3db050.odt on folder: C:\\develop\\nodejs\\projects\\aitam\\work\\, path: C:\\develop\\nodejs\\projects\\aitam\\work\\27a3069b-c87b-4c28-b6e1-29ee1f3db050.odt","level":"\u001b[34minfo\u001b[39m","timestamp":"2019-05-05 17:00:00"}
{"message":"garbage collector deleted  27a3069b-c87b-4c28-b6e1-29ee1f3db050.src on folder: C:\\develop\\nodejs\\projects\\aitam\\work\\, path: C:\\develop\\nodejs\\projects\\aitam\\work\\27a3069b-c87b-4c28-b6e1-29ee1f3db050.src","level":"\u001b[34minfo\u001b[39m","timestamp":"2019-05-05 17:00:00"}
{"message":"garbage collector deleted  27a3069b-c87b-4c28-b6e1-29ee1f3db050.tkn on folder: C:\\develop\\nodejs\\projects\\aitam\\work\\, path: C:\\develop\\nodejs\\projects\\aitam\\work\\27a3069b-c87b-4c28-b6e1-29ee1f3db050.tkn","level":"\u001b[34minfo\u001b[39m","timestamp":"2019-05-05 17:00:00"}
{"message":"garbage collector deleted  27a3069b-c87b-4c28-b6e1-29ee1f3db050.vec on folder: C:\\develop\\nodejs\\projects\\aitam\\work\\, path: C:\\develop\\nodejs\\projects\\aitam\\work\\27a3069b-c87b-4c28-b6e1-29ee1f3db050.vec","level":"\u001b[34minfo\u001b[39m","timestamp":"2019-05-05 17:00:00"}
{"message":"garbage collector deleted  27a3069b-c87b-4c28-b6e1-29ee1f3db050.xml on folder: C:\\develop\\nodejs\\projects\\aitam\\work\\, path: C:\\develop\\nodejs\\projects\\aitam\\work\\27a3069b-c87b-4c28-b6e1-29ee1f3db050.xml","level":"\u001b[34minfo\u001b[39m","timestamp":"2019-05-05 17:00:00"}
{"message":"garbage collector deleted  b13741f9-af60-4524-b7fa-073858034be6.sent on folder: C:\\develop\\nodejs\\projects\\aitam\\work\\, path: C:\\develop\\nodejs\\projects\\aitam\\work\\b13741f9-af60-4524-b7fa-073858034be6.sent","level":"\u001b[34minfo\u001b[39m","timestamp":"2019-05-05 17:00:00"}
{"message":"garbage collector deleted  b13741f9-af60-4524-b7fa-073858034be6.src on folder: C:\\develop\\nodejs\\projects\\aitam\\work\\, path: C:\\develop\\nodejs\\projects\\aitam\\work\\b13741f9-af60-4524-b7fa-073858034be6.src","level":"\u001b[34minfo\u001b[39m","timestamp":"2019-05-05 17:00:00"}
{"message":"garbage collector deleted  b13741f9-af60-4524-b7fa-073858034be6.tkn on folder: C:\\develop\\nodejs\\projects\\aitam\\work\\, path: C:\\develop\\nodejs\\projects\\aitam\\work\\b13741f9-af60-4524-b7fa-073858034be6.tkn","level":"\u001b[34minfo\u001b[39m","timestamp":"2019-05-05 17:00:00"}
{"message":"garbage collector deleted  b13741f9-af60-4524-b7fa-073858034be6.vec on folder: C:\\develop\\nodejs\\projects\\aitam\\work\\, path: C:\\develop\\nodejs\\projects\\aitam\\work\\b13741f9-af60-4524-b7fa-073858034be6.vec","level":"\u001b[34minfo\u001b[39m","timestamp":"2019-05-05 17:00:00"}
