{"message":"garbage collector started on path: C:\\develop\\nodejs\\projects\\aitam\\work\\","level":"\u001b[34minfo\u001b[39m","timestamp":"2019-01-08 19:21:58"}
{"message":"garbage collector started on path: C:\\develop\\nodejs\\projects\\aitam\\work\\","level":"\u001b[34minfo\u001b[39m","timestamp":"2019-01-08 19:25:06"}
{"message":"Session created received the id:6202df65-7818-4f8b-a753-46f365022883","level":"\u001b[34minfo\u001b[39m","timestamp":"2019-01-08 19:25:10"}
{"message":"req.user: undefined","level":"\u001b[34minfo\u001b[39m","timestamp":"2019-01-08 19:25:15"}
{"message":"Session id started: {\"user\":\"2f24vvg\"}","level":"\u001b[34minfo\u001b[39m","timestamp":"2019-01-08 19:25:15"}
{"message":"User logged in: {\"id\":\"2f24vvg\",\"email\":\"test@test.com\",\"password\":\"$2a$10$A2g6pbxxhLA9MNYRJ0rnzOf/7Ara76B0KcRdjzUcsIBIclRuas/fG\"}","level":"\u001b[34minfo\u001b[39m","timestamp":"2019-01-08 19:25:15"}
{"message":"User (2f24vvg) uploaded a file: {\"file-upload\":{\"size\":454120,\"path\":\"C:\\\\develop\\\\nodejs\\\\projects\\\\aitam\\\\work\\\\6202df65-7818-4f8b-a753-46f365022883.xml\",\"name\":\"test_site2.xml\",\"type\":\"text/xml\",\"mtime\":\"2019-01-08T19:25:30.758Z\"}}","level":"\u001b[34minfo\u001b[39m","timestamp":"2019-01-08 19:25:30"}
{"message":"working audit file closed and deleted : C:\\develop\\nodejs\\projects\\aitam\\work\\6202df65-7818-4f8b-a753-46f365022883.xml","level":"\u001b[34minfo\u001b[39m","timestamp":"2019-01-08 19:26:23"}
{"message":"document audit file closed and deleted : C:\\develop\\nodejs\\projects\\aitam\\work\\6202df65-7818-4f8b-a753-46f365022883.odt","level":"\u001b[34minfo\u001b[39m","timestamp":"2019-01-08 19:26:23"}
{"message":"garbage collector deleted  294cce80-a3c0-4d0a-8de5-ef0d7319eb3d.xml on folder: C:\\develop\\nodejs\\projects\\aitam\\work\\, path: C:\\develop\\nodejs\\projects\\aitam\\work\\294cce80-a3c0-4d0a-8de5-ef0d7319eb3d.xml","level":"\u001b[34minfo\u001b[39m","timestamp":"2019-01-08 19:30:00"}
{"message":"garbage collector deleted  ActiveHandbookSettings.xml on folder: C:\\develop\\nodejs\\projects\\aitam\\work\\, path: C:\\develop\\nodejs\\projects\\aitam\\work\\ActiveHandbookSettings.xml","level":"\u001b[34minfo\u001b[39m","timestamp":"2019-01-08 19:30:00"}
{"message":"garbage collector deleted  c62670b1-4c1a-45db-b8d5-2b4f2c5a71a8.xml on folder: C:\\develop\\nodejs\\projects\\aitam\\work\\, path: C:\\develop\\nodejs\\projects\\aitam\\work\\c62670b1-4c1a-45db-b8d5-2b4f2c5a71a8.xml","level":"\u001b[34minfo\u001b[39m","timestamp":"2019-01-08 19:30:00"}
{"message":"garbage collector error:  Error: Can't delete C:\\develop\\nodejs\\projects\\aitam\\work\\294cce80-a3c0-4d0a-8de5-ef0d7319eb3d.xml","level":"\u001b[34minfo\u001b[39m","timestamp":"2019-01-08 19:30:00"}
{"message":"garbage collector deleted  da2a063d-878f-456e-96a5-4f6784778a09.xml on folder: C:\\develop\\nodejs\\projects\\aitam\\work\\, path: C:\\develop\\nodejs\\projects\\aitam\\work\\da2a063d-878f-456e-96a5-4f6784778a09.xml","level":"\u001b[34minfo\u001b[39m","timestamp":"2019-01-08 19:30:00"}
{"message":"garbage collector deleted  _ActiveHandbookSettings.xml on folder: C:\\develop\\nodejs\\projects\\aitam\\work\\, path: C:\\develop\\nodejs\\projects\\aitam\\work\\_ActiveHandbookSettings.xml","level":"\u001b[34minfo\u001b[39m","timestamp":"2019-01-08 19:30:00"}
{"message":"garbage collector error:  Error: Can't delete C:\\develop\\nodejs\\projects\\aitam\\work\\ActiveHandbookSettings.xml","level":"\u001b[34minfo\u001b[39m","timestamp":"2019-01-08 19:30:00"}
{"message":"garbage collector error:  Error: Can't delete C:\\develop\\nodejs\\projects\\aitam\\work\\c62670b1-4c1a-45db-b8d5-2b4f2c5a71a8.xml","level":"\u001b[34minfo\u001b[39m","timestamp":"2019-01-08 19:30:00"}
{"message":"garbage collector error:  Error: Can't delete C:\\develop\\nodejs\\projects\\aitam\\work\\da2a063d-878f-456e-96a5-4f6784778a09.xml","level":"\u001b[34minfo\u001b[39m","timestamp":"2019-01-08 19:30:00"}
{"message":"garbage collector error:  Error: Can't delete C:\\develop\\nodejs\\projects\\aitam\\work\\_ActiveHandbookSettings.xml","level":"\u001b[34minfo\u001b[39m","timestamp":"2019-01-08 19:30:00"}
{"message":"garbage collector started on path: C:\\develop\\nodejs\\projects\\aitam\\work\\","level":"\u001b[34minfo\u001b[39m","timestamp":"2019-01-08 19:41:55"}
{"message":"garbage collector started on path: C:\\develop\\nodejs\\projects\\aitam\\work\\","level":"\u001b[34minfo\u001b[39m","timestamp":"2019-01-08 19:47:36"}
{"message":"garbage collector started on path: C:\\develop\\nodejs\\projects\\aitam\\work\\","level":"\u001b[34minfo\u001b[39m","timestamp":"2019-01-08 19:50:00"}
{"message":"req.user: undefined","level":"\u001b[34minfo\u001b[39m","timestamp":"2019-01-08 20:09:54"}
{"message":"Session id started: {\"user\":\"2f24vvg\"}","level":"\u001b[34minfo\u001b[39m","timestamp":"2019-01-08 20:09:54"}
{"message":"User logged in: {\"id\":\"2f24vvg\",\"email\":\"test@test.com\",\"password\":\"$2a$10$A2g6pbxxhLA9MNYRJ0rnzOf/7Ara76B0KcRdjzUcsIBIclRuas/fG\"}","level":"\u001b[34minfo\u001b[39m","timestamp":"2019-01-08 20:09:54"}
{"message":"User (2f24vvg) uploaded a file: {\"file-upload\":{\"size\":454120,\"path\":\"C:\\\\develop\\\\nodejs\\\\projects\\\\aitam\\\\work\\\\29317346-5d4b-4f1d-b516-65a3d5c09e23.xml\",\"name\":\"test_site2.xml\",\"type\":\"text/xml\",\"mtime\":\"2019-01-08T20:10:03.912Z\"}}","level":"\u001b[34minfo\u001b[39m","timestamp":"2019-01-08 20:10:03"}
{"message":"garbage collector started on path: C:\\develop\\nodejs\\projects\\aitam\\work\\","level":"\u001b[34minfo\u001b[39m","timestamp":"2019-01-08 21:16:16"}
{"message":"Session created received the id:ea6c3034-4274-4f12-816d-d8db206e706b","level":"\u001b[34minfo\u001b[39m","timestamp":"2019-01-08 21:16:30"}
{"message":"req.user: undefined","level":"\u001b[34minfo\u001b[39m","timestamp":"2019-01-08 21:16:35"}
{"message":"Session id started: {\"user\":\"2f24vvg\"}","level":"\u001b[34minfo\u001b[39m","timestamp":"2019-01-08 21:16:35"}
{"message":"User logged in: {\"id\":\"2f24vvg\",\"email\":\"test@test.com\",\"password\":\"$2a$10$A2g6pbxxhLA9MNYRJ0rnzOf/7Ara76B0KcRdjzUcsIBIclRuas/fG\"}","level":"\u001b[34minfo\u001b[39m","timestamp":"2019-01-08 21:16:35"}
{"message":"User (2f24vvg) uploaded a file: {\"file-upload\":{\"size\":454120,\"path\":\"C:\\\\develop\\\\nodejs\\\\projects\\\\aitam\\\\work\\\\ea6c3034-4274-4f12-816d-d8db206e706b.xml\",\"name\":\"test_site2.xml\",\"type\":\"text/xml\",\"mtime\":\"2019-01-08T21:16:43.235Z\"}}","level":"\u001b[34minfo\u001b[39m","timestamp":"2019-01-08 21:16:43"}
{"message":"garbage collector started on path: C:\\develop\\nodejs\\projects\\aitam\\work\\","level":"\u001b[34minfo\u001b[39m","timestamp":"2019-01-08 21:35:49"}
