{"message":"garbage collector started on path: C:\\develop\\nodejs\\projects\\aitam\\work\\","level":"\u001b[34minfo\u001b[39m","timestamp":"2019-02-05 19:59:30"}
{"message":"Session created received the id:fa286473-7c78-4c22-b0fd-53cb1783d46f","level":"\u001b[34minfo\u001b[39m","timestamp":"2019-02-05 20:01:06"}
{"message":"req.user: undefined","level":"\u001b[34minfo\u001b[39m","timestamp":"2019-02-05 20:01:14"}
{"message":"Session id started: {\"user\":\"2f24vvg\"}","level":"\u001b[34minfo\u001b[39m","timestamp":"2019-02-05 20:01:14"}
{"message":"User logged in: {\"id\":\"2f24vvg\",\"email\":\"test@test.com\",\"password\":\"$2a$10$A2g6pbxxhLA9MNYRJ0rnzOf/7Ara76B0KcRdjzUcsIBIclRuas/fG\"}","level":"\u001b[34minfo\u001b[39m","timestamp":"2019-02-05 20:01:14"}
{"message":"User (2f24vvg) uploaded a file: {\"file-upload\":{\"size\":454463,\"path\":\"C:\\\\develop\\\\nodejs\\\\projects\\\\aitam\\\\work\\\\fa286473-7c78-4c22-b0fd-53cb1783d46f.xml\",\"name\":\"test_site2.xml\",\"type\":\"text/xml\",\"mtime\":\"2019-02-05T20:01:22.188Z\"}}","level":"\u001b[34minfo\u001b[39m","timestamp":"2019-02-05 20:01:22"}
{"message":"garbage collector started on path: C:\\develop\\nodejs\\projects\\aitam\\work\\","level":"\u001b[34minfo\u001b[39m","timestamp":"2019-02-05 20:41:25"}
{"message":"garbage collector started on path: C:\\develop\\nodejs\\projects\\aitam\\work\\","level":"\u001b[34minfo\u001b[39m","timestamp":"2019-02-05 20:43:31"}
{"message":"garbage collector started on path: C:\\develop\\nodejs\\projects\\aitam\\work\\","level":"\u001b[34minfo\u001b[39m","timestamp":"2019-02-05 20:44:51"}
{"message":"garbage collector started on path: C:\\develop\\nodejs\\projects\\aitam\\work\\","level":"\u001b[34minfo\u001b[39m","timestamp":"2019-02-05 20:45:23"}
{"message":"garbage collector started on path: C:\\develop\\nodejs\\projects\\aitam\\work\\","level":"\u001b[34minfo\u001b[39m","timestamp":"2019-02-05 20:46:15"}
{"message":"garbage collector started on path: C:\\develop\\nodejs\\projects\\aitam\\work\\","level":"\u001b[34minfo\u001b[39m","timestamp":"2019-02-05 20:46:22"}
{"message":"garbage collector started on path: C:\\develop\\nodejs\\projects\\aitam\\work\\","level":"\u001b[34minfo\u001b[39m","timestamp":"2019-02-05 20:46:48"}
{"message":"req.user: undefined","level":"\u001b[34minfo\u001b[39m","timestamp":"2019-02-05 20:47:00"}
{"message":"Session id started: {\"user\":\"2f24vvg\"}","level":"\u001b[34minfo\u001b[39m","timestamp":"2019-02-05 20:47:00"}
{"message":"User logged in: {\"id\":\"2f24vvg\",\"email\":\"test@test.com\",\"password\":\"$2a$10$A2g6pbxxhLA9MNYRJ0rnzOf/7Ara76B0KcRdjzUcsIBIclRuas/fG\"}","level":"\u001b[34minfo\u001b[39m","timestamp":"2019-02-05 20:47:00"}
{"message":"User (2f24vvg) uploaded a file: {\"file-upload\":{\"size\":454463,\"path\":\"C:\\\\develop\\\\nodejs\\\\projects\\\\aitam\\\\work\\\\d43ddc7e-129b-4482-9802-76649c164607.xml\",\"name\":\"test_site2.xml\",\"type\":\"text/xml\",\"mtime\":\"2019-02-05T20:47:06.563Z\"}}","level":"\u001b[34minfo\u001b[39m","timestamp":"2019-02-05 20:47:06"}
{"message":"garbage collector started on path: C:\\develop\\nodejs\\projects\\aitam\\work\\","level":"\u001b[34minfo\u001b[39m","timestamp":"2019-02-05 20:54:05"}
{"message":"garbage collector started on path: C:\\develop\\nodejs\\projects\\aitam\\work\\","level":"\u001b[34minfo\u001b[39m","timestamp":"2019-02-05 20:57:43"}
{"message":"garbage collector error:  Error: Can't delete C:\\develop\\nodejs\\projects\\aitam\\work\\465c5319-f179-4837-a558-81be07a6554e.xml","level":"\u001b[34minfo\u001b[39m","timestamp":"2019-02-05 21:00:00"}
{"message":"garbage collector deleted  465c5319-f179-4837-a558-81be07a6554e.xml on folder: C:\\develop\\nodejs\\projects\\aitam\\work\\, path: C:\\develop\\nodejs\\projects\\aitam\\work\\465c5319-f179-4837-a558-81be07a6554e.xml","level":"\u001b[34minfo\u001b[39m","timestamp":"2019-02-05 21:00:00"}
{"message":"garbage collector started on path: C:\\develop\\nodejs\\projects\\aitam\\work\\","level":"\u001b[34minfo\u001b[39m","timestamp":"2019-02-05 21:29:58"}
{"message":"req.user: undefined","level":"\u001b[34minfo\u001b[39m","timestamp":"2019-02-05 21:30:06"}
{"message":"Session id started: {\"user\":\"2f24vvg\"}","level":"\u001b[34minfo\u001b[39m","timestamp":"2019-02-05 21:30:06"}
{"message":"User logged in: {\"id\":\"2f24vvg\",\"email\":\"test@test.com\",\"password\":\"$2a$10$A2g6pbxxhLA9MNYRJ0rnzOf/7Ara76B0KcRdjzUcsIBIclRuas/fG\"}","level":"\u001b[34minfo\u001b[39m","timestamp":"2019-02-05 21:30:06"}
{"message":"User (2f24vvg) uploaded a file: {\"file-upload\":{\"size\":454463,\"path\":\"C:\\\\develop\\\\nodejs\\\\projects\\\\aitam\\\\work\\\\1ccf72c7-b9f8-4e58-9da4-e7b8e4b0fa69.xml\",\"name\":\"test_site2.xml\",\"type\":\"text/xml\",\"mtime\":\"2019-02-05T21:30:11.528Z\"}}","level":"\u001b[34minfo\u001b[39m","timestamp":"2019-02-05 21:30:11"}
{"message":"garbage collector started on path: C:\\develop\\nodejs\\projects\\aitam\\work\\","level":"\u001b[34minfo\u001b[39m","timestamp":"2019-02-05 21:33:33"}
{"message":"req.user: undefined","level":"\u001b[34minfo\u001b[39m","timestamp":"2019-02-05 21:34:25"}
{"message":"Session id started: {\"user\":\"2f24vvg\"}","level":"\u001b[34minfo\u001b[39m","timestamp":"2019-02-05 21:34:25"}
{"message":"User logged in: {\"id\":\"2f24vvg\",\"email\":\"test@test.com\",\"password\":\"$2a$10$A2g6pbxxhLA9MNYRJ0rnzOf/7Ara76B0KcRdjzUcsIBIclRuas/fG\"}","level":"\u001b[34minfo\u001b[39m","timestamp":"2019-02-05 21:34:25"}
{"message":"User (2f24vvg) uploaded a file: {\"file-upload\":{\"size\":454463,\"path\":\"C:\\\\develop\\\\nodejs\\\\projects\\\\aitam\\\\work\\\\b89e8c65-c950-46a5-97ad-5b7ede99a871.xml\",\"name\":\"test_site2.xml\",\"type\":\"text/xml\",\"mtime\":\"2019-02-05T21:34:32.009Z\"}}","level":"\u001b[34minfo\u001b[39m","timestamp":"2019-02-05 21:34:32"}
