{"message":"garbage collector started on path: C:\\develop\\nodejs\\projects\\aitam\\work\\","level":"\u001b[34minfo\u001b[39m","timestamp":"2019-11-28 13:39:34"}
{"message":"garbage collector deleted  387c0b87-46fc-4ff0-85f5-f31fdb21d25f.sent on folder: C:\\develop\\nodejs\\projects\\aitam\\work\\, path: C:\\develop\\nodejs\\projects\\aitam\\work\\387c0b87-46fc-4ff0-85f5-f31fdb21d25f.sent","level":"\u001b[34minfo\u001b[39m","timestamp":"2019-11-28 13:45:00"}
{"message":"garbage collector deleted  44a62c85-4c35-4bb4-a00a-9cf710348927.odt on folder: C:\\develop\\nodejs\\projects\\aitam\\work\\, path: C:\\develop\\nodejs\\projects\\aitam\\work\\44a62c85-4c35-4bb4-a00a-9cf710348927.odt","level":"\u001b[34minfo\u001b[39m","timestamp":"2019-11-28 13:45:00"}
{"message":"garbage collector deleted  387c0b87-46fc-4ff0-85f5-f31fdb21d25f.xml on folder: C:\\develop\\nodejs\\projects\\aitam\\work\\, path: C:\\develop\\nodejs\\projects\\aitam\\work\\387c0b87-46fc-4ff0-85f5-f31fdb21d25f.xml","level":"\u001b[34minfo\u001b[39m","timestamp":"2019-11-28 13:45:00"}
{"message":"garbage collector deleted  68cde81b-6848-4ec4-b47b-0e77d49a86b4.sent on folder: C:\\develop\\nodejs\\projects\\aitam\\work\\, path: C:\\develop\\nodejs\\projects\\aitam\\work\\68cde81b-6848-4ec4-b47b-0e77d49a86b4.sent","level":"\u001b[34minfo\u001b[39m","timestamp":"2019-11-28 13:45:00"}
{"message":"garbage collector deleted  44a62c85-4c35-4bb4-a00a-9cf710348927.xml on folder: C:\\develop\\nodejs\\projects\\aitam\\work\\, path: C:\\develop\\nodejs\\projects\\aitam\\work\\44a62c85-4c35-4bb4-a00a-9cf710348927.xml","level":"\u001b[34minfo\u001b[39m","timestamp":"2019-11-28 13:45:00"}
{"message":"garbage collector deleted  68cde81b-6848-4ec4-b47b-0e77d49a86b4.xml on folder: C:\\develop\\nodejs\\projects\\aitam\\work\\, path: C:\\develop\\nodejs\\projects\\aitam\\work\\68cde81b-6848-4ec4-b47b-0e77d49a86b4.xml","level":"\u001b[34minfo\u001b[39m","timestamp":"2019-11-28 13:45:00"}
{"message":"garbage collector deleted  939054e5-b29c-4238-8a1d-e885c7141273.sent on folder: C:\\develop\\nodejs\\projects\\aitam\\work\\, path: C:\\develop\\nodejs\\projects\\aitam\\work\\939054e5-b29c-4238-8a1d-e885c7141273.sent","level":"\u001b[34minfo\u001b[39m","timestamp":"2019-11-28 13:45:00"}
{"message":"garbage collector deleted  a0ba50f3-0a10-43a3-b3fe-96c267f23d06.sent on folder: C:\\develop\\nodejs\\projects\\aitam\\work\\, path: C:\\develop\\nodejs\\projects\\aitam\\work\\a0ba50f3-0a10-43a3-b3fe-96c267f23d06.sent","level":"\u001b[34minfo\u001b[39m","timestamp":"2019-11-28 13:45:00"}
{"message":"garbage collector deleted  939054e5-b29c-4238-8a1d-e885c7141273.xml on folder: C:\\develop\\nodejs\\projects\\aitam\\work\\, path: C:\\develop\\nodejs\\projects\\aitam\\work\\939054e5-b29c-4238-8a1d-e885c7141273.xml","level":"\u001b[34minfo\u001b[39m","timestamp":"2019-11-28 13:45:00"}
{"message":"garbage collector deleted  a0ba50f3-0a10-43a3-b3fe-96c267f23d06.xml on folder: C:\\develop\\nodejs\\projects\\aitam\\work\\, path: C:\\develop\\nodejs\\projects\\aitam\\work\\a0ba50f3-0a10-43a3-b3fe-96c267f23d06.xml","level":"\u001b[34minfo\u001b[39m","timestamp":"2019-11-28 13:45:00"}
{"message":"garbage collector deleted  a4f143d1-54b6-4f50-a939-0faea9e24f1c.xml on folder: C:\\develop\\nodejs\\projects\\aitam\\work\\, path: C:\\develop\\nodejs\\projects\\aitam\\work\\a4f143d1-54b6-4f50-a939-0faea9e24f1c.xml","level":"\u001b[34minfo\u001b[39m","timestamp":"2019-11-28 13:45:00"}
{"message":"garbage collector deleted  a4f143d1-54b6-4f50-a939-0faea9e24f1c.odt on folder: C:\\develop\\nodejs\\projects\\aitam\\work\\, path: C:\\develop\\nodejs\\projects\\aitam\\work\\a4f143d1-54b6-4f50-a939-0faea9e24f1c.odt","level":"\u001b[34minfo\u001b[39m","timestamp":"2019-11-28 13:45:00"}
{"message":"garbage collector deleted  ad77662c-8755-40cd-9aef-4306ad5c43e8.sent on folder: C:\\develop\\nodejs\\projects\\aitam\\work\\, path: C:\\develop\\nodejs\\projects\\aitam\\work\\ad77662c-8755-40cd-9aef-4306ad5c43e8.sent","level":"\u001b[34minfo\u001b[39m","timestamp":"2019-11-28 13:45:00"}
{"message":"garbage collector deleted  ad77662c-8755-40cd-9aef-4306ad5c43e8.xml on folder: C:\\develop\\nodejs\\projects\\aitam\\work\\, path: C:\\develop\\nodejs\\projects\\aitam\\work\\ad77662c-8755-40cd-9aef-4306ad5c43e8.xml","level":"\u001b[34minfo\u001b[39m","timestamp":"2019-11-28 13:45:00"}
{"message":"garbage collector deleted  dd19ab5a-4446-4e47-9865-57d3fe095bb6.odt on folder: C:\\develop\\nodejs\\projects\\aitam\\work\\, path: C:\\develop\\nodejs\\projects\\aitam\\work\\dd19ab5a-4446-4e47-9865-57d3fe095bb6.odt","level":"\u001b[34minfo\u001b[39m","timestamp":"2019-11-28 13:45:00"}
{"message":"garbage collector deleted  dd19ab5a-4446-4e47-9865-57d3fe095bb6.xml on folder: C:\\develop\\nodejs\\projects\\aitam\\work\\, path: C:\\develop\\nodejs\\projects\\aitam\\work\\dd19ab5a-4446-4e47-9865-57d3fe095bb6.xml","level":"\u001b[34minfo\u001b[39m","timestamp":"2019-11-28 13:45:00"}
{"message":"garbage collector deleted  a4f143d1-54b6-4f50-a939-0faea9e24f1c.sent on folder: C:\\develop\\nodejs\\projects\\aitam\\work\\, path: C:\\develop\\nodejs\\projects\\aitam\\work\\a4f143d1-54b6-4f50-a939-0faea9e24f1c.sent","level":"\u001b[34minfo\u001b[39m","timestamp":"2019-11-28 13:45:00"}
{"message":"garbage collector deleted  gazetteer.dic on folder: C:\\develop\\nodejs\\projects\\aitam\\work\\, path: C:\\develop\\nodejs\\projects\\aitam\\work\\gazetteer.dic","level":"\u001b[34minfo\u001b[39m","timestamp":"2019-11-28 13:45:00"}
{"message":"garbage collector error:  Error: Can't delete C:\\develop\\nodejs\\projects\\aitam\\work\\387c0b87-46fc-4ff0-85f5-f31fdb21d25f.sent","level":"\u001b[34minfo\u001b[39m","timestamp":"2019-11-28 13:45:00"}
{"message":"garbage collector error:  Error: Can't delete C:\\develop\\nodejs\\projects\\aitam\\work\\387c0b87-46fc-4ff0-85f5-f31fdb21d25f.xml","level":"\u001b[34minfo\u001b[39m","timestamp":"2019-11-28 13:45:00"}
{"message":"garbage collector error:  Error: Can't delete C:\\develop\\nodejs\\projects\\aitam\\work\\44a62c85-4c35-4bb4-a00a-9cf710348927.odt","level":"\u001b[34minfo\u001b[39m","timestamp":"2019-11-28 13:45:00"}
{"message":"garbage collector error:  Error: Can't delete C:\\develop\\nodejs\\projects\\aitam\\work\\44a62c85-4c35-4bb4-a00a-9cf710348927.xml","level":"\u001b[34minfo\u001b[39m","timestamp":"2019-11-28 13:45:00"}
{"message":"garbage collector error:  Error: Can't delete C:\\develop\\nodejs\\projects\\aitam\\work\\68cde81b-6848-4ec4-b47b-0e77d49a86b4.sent","level":"\u001b[34minfo\u001b[39m","timestamp":"2019-11-28 13:45:00"}
{"message":"garbage collector error:  Error: Can't delete C:\\develop\\nodejs\\projects\\aitam\\work\\68cde81b-6848-4ec4-b47b-0e77d49a86b4.xml","level":"\u001b[34minfo\u001b[39m","timestamp":"2019-11-28 13:45:00"}
{"message":"garbage collector error:  Error: Can't delete C:\\develop\\nodejs\\projects\\aitam\\work\\939054e5-b29c-4238-8a1d-e885c7141273.sent","level":"\u001b[34minfo\u001b[39m","timestamp":"2019-11-28 13:45:00"}
{"message":"garbage collector error:  Error: Can't delete C:\\develop\\nodejs\\projects\\aitam\\work\\939054e5-b29c-4238-8a1d-e885c7141273.xml","level":"\u001b[34minfo\u001b[39m","timestamp":"2019-11-28 13:45:00"}
{"message":"garbage collector error:  Error: Can't delete C:\\develop\\nodejs\\projects\\aitam\\work\\a0ba50f3-0a10-43a3-b3fe-96c267f23d06.sent","level":"\u001b[34minfo\u001b[39m","timestamp":"2019-11-28 13:45:00"}
{"message":"garbage collector error:  Error: Can't delete C:\\develop\\nodejs\\projects\\aitam\\work\\a0ba50f3-0a10-43a3-b3fe-96c267f23d06.xml","level":"\u001b[34minfo\u001b[39m","timestamp":"2019-11-28 13:45:00"}
{"message":"garbage collector error:  Error: Can't delete C:\\develop\\nodejs\\projects\\aitam\\work\\a4f143d1-54b6-4f50-a939-0faea9e24f1c.odt","level":"\u001b[34minfo\u001b[39m","timestamp":"2019-11-28 13:45:00"}
{"message":"garbage collector error:  Error: Can't delete C:\\develop\\nodejs\\projects\\aitam\\work\\a4f143d1-54b6-4f50-a939-0faea9e24f1c.sent","level":"\u001b[34minfo\u001b[39m","timestamp":"2019-11-28 13:45:00"}
{"message":"garbage collector error:  Error: Can't delete C:\\develop\\nodejs\\projects\\aitam\\work\\a4f143d1-54b6-4f50-a939-0faea9e24f1c.xml","level":"\u001b[34minfo\u001b[39m","timestamp":"2019-11-28 13:45:00"}
{"message":"garbage collector error:  Error: Can't delete C:\\develop\\nodejs\\projects\\aitam\\work\\ad77662c-8755-40cd-9aef-4306ad5c43e8.xml","level":"\u001b[34minfo\u001b[39m","timestamp":"2019-11-28 13:45:00"}
{"message":"garbage collector error:  Error: Can't delete C:\\develop\\nodejs\\projects\\aitam\\work\\ad77662c-8755-40cd-9aef-4306ad5c43e8.sent","level":"\u001b[34minfo\u001b[39m","timestamp":"2019-11-28 13:45:00"}
{"message":"garbage collector error:  Error: Can't delete C:\\develop\\nodejs\\projects\\aitam\\work\\dd19ab5a-4446-4e47-9865-57d3fe095bb6.odt","level":"\u001b[34minfo\u001b[39m","timestamp":"2019-11-28 13:45:00"}
{"message":"garbage collector error:  Error: Can't delete C:\\develop\\nodejs\\projects\\aitam\\work\\dd19ab5a-4446-4e47-9865-57d3fe095bb6.xml","level":"\u001b[34minfo\u001b[39m","timestamp":"2019-11-28 13:45:00"}
{"message":"garbage collector error:  Error: Can't delete C:\\develop\\nodejs\\projects\\aitam\\work\\gazetteer.dic","level":"\u001b[34minfo\u001b[39m","timestamp":"2019-11-28 13:45:00"}
