{"message":"garbage collector started on path: C:\\develop\\nodejs\\projects\\aitam\\work\\","level":"\u001b[34minfo\u001b[39m","timestamp":"2020-05-01 12:59:56"}
{"message":"garbage collector deleted  1ab9c7ba-c0c5-4284-a0d5-247bf3251f6e.xml on folder: C:\\develop\\nodejs\\projects\\aitam\\work\\, path: C:\\develop\\nodejs\\projects\\aitam\\work\\1ab9c7ba-c0c5-4284-a0d5-247bf3251f6e.xml","level":"\u001b[34minfo\u001b[39m","timestamp":"2020-05-01 13:00:00"}
{"message":"garbage collector deleted  4e1f4197-1c77-4b15-8aa7-36922776f3d5.xml on folder: C:\\develop\\nodejs\\projects\\aitam\\work\\, path: C:\\develop\\nodejs\\projects\\aitam\\work\\4e1f4197-1c77-4b15-8aa7-36922776f3d5.xml","level":"\u001b[34minfo\u001b[39m","timestamp":"2020-05-01 13:00:00"}
{"message":"garbage collector deleted  3a008b84-587a-4cb1-ad9d-db1de4aa302f.xml on folder: C:\\develop\\nodejs\\projects\\aitam\\work\\, path: C:\\develop\\nodejs\\projects\\aitam\\work\\3a008b84-587a-4cb1-ad9d-db1de4aa302f.xml","level":"\u001b[34minfo\u001b[39m","timestamp":"2020-05-01 13:00:00"}
{"message":"garbage collector deleted  5acb384d-3888-4306-8a85-af54f2aae965.xml on folder: C:\\develop\\nodejs\\projects\\aitam\\work\\, path: C:\\develop\\nodejs\\projects\\aitam\\work\\5acb384d-3888-4306-8a85-af54f2aae965.xml","level":"\u001b[34minfo\u001b[39m","timestamp":"2020-05-01 13:00:00"}
{"message":"garbage collector deleted  3df0fe1a-7519-4328-bee2-ea94045b619e.xml on folder: C:\\develop\\nodejs\\projects\\aitam\\work\\, path: C:\\develop\\nodejs\\projects\\aitam\\work\\3df0fe1a-7519-4328-bee2-ea94045b619e.xml","level":"\u001b[34minfo\u001b[39m","timestamp":"2020-05-01 13:00:00"}
{"message":"garbage collector deleted  87102ba4-be12-4ac9-bf86-4bcf27112418.xml on folder: C:\\develop\\nodejs\\projects\\aitam\\work\\, path: C:\\develop\\nodejs\\projects\\aitam\\work\\87102ba4-be12-4ac9-bf86-4bcf27112418.xml","level":"\u001b[34minfo\u001b[39m","timestamp":"2020-05-01 13:00:00"}
{"message":"garbage collector deleted  6614f1ea-a21e-4204-b815-f1b687559591.xml on folder: C:\\develop\\nodejs\\projects\\aitam\\work\\, path: C:\\develop\\nodejs\\projects\\aitam\\work\\6614f1ea-a21e-4204-b815-f1b687559591.xml","level":"\u001b[34minfo\u001b[39m","timestamp":"2020-05-01 13:00:00"}
{"message":"garbage collector deleted  c20a2ee4-46bf-4280-ba3f-5bbad58e1cc0.xml on folder: C:\\develop\\nodejs\\projects\\aitam\\work\\, path: C:\\develop\\nodejs\\projects\\aitam\\work\\c20a2ee4-46bf-4280-ba3f-5bbad58e1cc0.xml","level":"\u001b[34minfo\u001b[39m","timestamp":"2020-05-01 13:00:00"}
{"message":"garbage collector deleted  9f2673a9-9f92-4e11-b0a7-da289726e1b0.xml on folder: C:\\develop\\nodejs\\projects\\aitam\\work\\, path: C:\\develop\\nodejs\\projects\\aitam\\work\\9f2673a9-9f92-4e11-b0a7-da289726e1b0.xml","level":"\u001b[34minfo\u001b[39m","timestamp":"2020-05-01 13:00:00"}
{"message":"garbage collector deleted  cd14c714-bfd1-4c86-9c26-cde5cd0b6c80.src on folder: C:\\develop\\nodejs\\projects\\aitam\\work\\, path: C:\\develop\\nodejs\\projects\\aitam\\work\\cd14c714-bfd1-4c86-9c26-cde5cd0b6c80.src","level":"\u001b[34minfo\u001b[39m","timestamp":"2020-05-01 13:00:00"}
{"message":"garbage collector deleted  cd14c714-bfd1-4c86-9c26-cde5cd0b6c80.tkn on folder: C:\\develop\\nodejs\\projects\\aitam\\work\\, path: C:\\develop\\nodejs\\projects\\aitam\\work\\cd14c714-bfd1-4c86-9c26-cde5cd0b6c80.tkn","level":"\u001b[34minfo\u001b[39m","timestamp":"2020-05-01 13:00:00"}
{"message":"garbage collector deleted  cd14c714-bfd1-4c86-9c26-cde5cd0b6c80.vec on folder: C:\\develop\\nodejs\\projects\\aitam\\work\\, path: C:\\develop\\nodejs\\projects\\aitam\\work\\cd14c714-bfd1-4c86-9c26-cde5cd0b6c80.vec","level":"\u001b[34minfo\u001b[39m","timestamp":"2020-05-01 13:00:00"}
{"message":"garbage collector deleted  cd14c714-bfd1-4c86-9c26-cde5cd0b6c80.xlsx on folder: C:\\develop\\nodejs\\projects\\aitam\\work\\, path: C:\\develop\\nodejs\\projects\\aitam\\work\\cd14c714-bfd1-4c86-9c26-cde5cd0b6c80.xlsx","level":"\u001b[34minfo\u001b[39m","timestamp":"2020-05-01 13:00:00"}
{"message":"garbage collector deleted  cd14c714-bfd1-4c86-9c26-cde5cd0b6c80.xml on folder: C:\\develop\\nodejs\\projects\\aitam\\work\\, path: C:\\develop\\nodejs\\projects\\aitam\\work\\cd14c714-bfd1-4c86-9c26-cde5cd0b6c80.xml","level":"\u001b[34minfo\u001b[39m","timestamp":"2020-05-01 13:00:00"}
{"message":"garbage collector deleted  d46e33f9-c2b8-4db2-a625-b637de0cb4a4.xml on folder: C:\\develop\\nodejs\\projects\\aitam\\work\\, path: C:\\develop\\nodejs\\projects\\aitam\\work\\d46e33f9-c2b8-4db2-a625-b637de0cb4a4.xml","level":"\u001b[34minfo\u001b[39m","timestamp":"2020-05-01 13:00:00"}
{"message":"garbage collector deleted  d62d5e30-7eca-4078-9252-6955cab7d972.xlsx on folder: C:\\develop\\nodejs\\projects\\aitam\\work\\, path: C:\\develop\\nodejs\\projects\\aitam\\work\\d62d5e30-7eca-4078-9252-6955cab7d972.xlsx","level":"\u001b[34minfo\u001b[39m","timestamp":"2020-05-01 13:00:00"}
{"message":"garbage collector deleted  d62d5e30-7eca-4078-9252-6955cab7d972.xml on folder: C:\\develop\\nodejs\\projects\\aitam\\work\\, path: C:\\develop\\nodejs\\projects\\aitam\\work\\d62d5e30-7eca-4078-9252-6955cab7d972.xml","level":"\u001b[34minfo\u001b[39m","timestamp":"2020-05-01 13:00:00"}
{"message":"garbage collector deleted  d6e99664-442e-4e64-b3f2-d9d1ba8df221.xml on folder: C:\\develop\\nodejs\\projects\\aitam\\work\\, path: C:\\develop\\nodejs\\projects\\aitam\\work\\d6e99664-442e-4e64-b3f2-d9d1ba8df221.xml","level":"\u001b[34minfo\u001b[39m","timestamp":"2020-05-01 13:00:00"}
{"message":"garbage collector deleted  f01e2a03-bfa2-419c-8fa9-d0487a745955.xml on folder: C:\\develop\\nodejs\\projects\\aitam\\work\\, path: C:\\develop\\nodejs\\projects\\aitam\\work\\f01e2a03-bfa2-419c-8fa9-d0487a745955.xml","level":"\u001b[34minfo\u001b[39m","timestamp":"2020-05-01 13:00:00"}
{"message":"garbage collector deleted  f02d60fd-55d9-4abd-ba06-2868c79ac18c.sent on folder: C:\\develop\\nodejs\\projects\\aitam\\work\\, path: C:\\develop\\nodejs\\projects\\aitam\\work\\f02d60fd-55d9-4abd-ba06-2868c79ac18c.sent","level":"\u001b[34minfo\u001b[39m","timestamp":"2020-05-01 13:00:00"}
{"message":"garbage collector deleted  f02d60fd-55d9-4abd-ba06-2868c79ac18c.src on folder: C:\\develop\\nodejs\\projects\\aitam\\work\\, path: C:\\develop\\nodejs\\projects\\aitam\\work\\f02d60fd-55d9-4abd-ba06-2868c79ac18c.src","level":"\u001b[34minfo\u001b[39m","timestamp":"2020-05-01 13:00:00"}
{"message":"garbage collector deleted  f02d60fd-55d9-4abd-ba06-2868c79ac18c.vec on folder: C:\\develop\\nodejs\\projects\\aitam\\work\\, path: C:\\develop\\nodejs\\projects\\aitam\\work\\f02d60fd-55d9-4abd-ba06-2868c79ac18c.vec","level":"\u001b[34minfo\u001b[39m","timestamp":"2020-05-01 13:00:00"}
{"message":"garbage collector deleted  f02d60fd-55d9-4abd-ba06-2868c79ac18c.tkn on folder: C:\\develop\\nodejs\\projects\\aitam\\work\\, path: C:\\develop\\nodejs\\projects\\aitam\\work\\f02d60fd-55d9-4abd-ba06-2868c79ac18c.tkn","level":"\u001b[34minfo\u001b[39m","timestamp":"2020-05-01 13:00:00"}
{"message":"garbage collector deleted  f02d60fd-55d9-4abd-ba06-2868c79ac18c.xml on folder: C:\\develop\\nodejs\\projects\\aitam\\work\\, path: C:\\develop\\nodejs\\projects\\aitam\\work\\f02d60fd-55d9-4abd-ba06-2868c79ac18c.xml","level":"\u001b[34minfo\u001b[39m","timestamp":"2020-05-01 13:00:00"}
{"message":"garbage collector deleted  gazetteer.dic on folder: C:\\develop\\nodejs\\projects\\aitam\\work\\, path: C:\\develop\\nodejs\\projects\\aitam\\work\\gazetteer.dic","level":"\u001b[34minfo\u001b[39m","timestamp":"2020-05-01 13:00:00"}
{"message":"garbage collector error:  Error: Can't read file C:\\develop\\nodejs\\projects\\aitam\\work\\f02d60fd-55d9-4abd-ba06-2868c79ac18c.xml","level":"\u001b[34minfo\u001b[39m","timestamp":"2020-05-01 13:00:00"}
{"message":"garbage collector error:  Error: Can't read file C:\\develop\\nodejs\\projects\\aitam\\work\\gazetteer.dic","level":"\u001b[34minfo\u001b[39m","timestamp":"2020-05-01 13:00:00"}
{"message":"Session created received the id:996f00f2-488f-41d4-afce-f06e0af5487b","level":"\u001b[34minfo\u001b[39m","timestamp":"2020-05-01 13:00:33"}
{"message":"404 - Not Found","level":"\u001b[33mwarn\u001b[39m","timestamp":"2020-05-01 13:00:34"}
{"message":"req.user: undefined","level":"\u001b[34minfo\u001b[39m","timestamp":"2020-05-01 13:00:37"}
{"message":"Session id started: {\"user\":\"2f24vvg\"}","level":"\u001b[34minfo\u001b[39m","timestamp":"2020-05-01 13:00:37"}
{"message":"User logged in: {\"id\":\"2f24vvg\",\"email\":\"test@test.com\",\"password\":\"$2a$10$A2g6pbxxhLA9MNYRJ0rnzOf/7Ara76B0KcRdjzUcsIBIclRuas/fG\"}","level":"\u001b[34minfo\u001b[39m","timestamp":"2020-05-01 13:00:37"}
{"message":"User (2f24vvg) uploaded a file: {\"file-upload\":{\"size\":458931,\"path\":\"C:\\\\develop\\\\nodejs\\\\projects\\\\aitam\\\\work\\\\996f00f2-488f-41d4-afce-f06e0af5487b.xml\",\"name\":\"KAS.xml\",\"type\":\"text/xml\",\"mtime\":\"2020-05-01T12:00:42.697Z\"}}","level":"\u001b[34minfo\u001b[39m","timestamp":"2020-05-01 13:00:42"}
{"message":"garbage collector started on path: C:\\develop\\nodejs\\projects\\aitam\\work\\","level":"\u001b[34minfo\u001b[39m","timestamp":"2020-05-01 13:20:44"}
{"message":"req.user: undefined","level":"\u001b[34minfo\u001b[39m","timestamp":"2020-05-01 13:22:18"}
{"message":"Session id started: {\"user\":\"2f24vvg\"}","level":"\u001b[34minfo\u001b[39m","timestamp":"2020-05-01 13:22:18"}
{"message":"User logged in: {\"id\":\"2f24vvg\",\"email\":\"test@test.com\",\"password\":\"$2a$10$A2g6pbxxhLA9MNYRJ0rnzOf/7Ara76B0KcRdjzUcsIBIclRuas/fG\"}","level":"\u001b[34minfo\u001b[39m","timestamp":"2020-05-01 13:22:18"}
{"message":"User (2f24vvg) uploaded a file: {\"file-upload\":{\"size\":458931,\"path\":\"C:\\\\develop\\\\nodejs\\\\projects\\\\aitam\\\\work\\\\5ded9e0a-bd2d-4550-8c3d-bcd32f8dea95.xml\",\"name\":\"KAS.xml\",\"type\":\"text/xml\",\"mtime\":\"2020-05-01T12:22:23.625Z\"}}","level":"\u001b[34minfo\u001b[39m","timestamp":"2020-05-01 13:22:23"}
{"message":"audit file download: C:\\develop\\nodejs\\projects\\aitam\\work\\5ded9e0a-bd2d-4550-8c3d-bcd32f8dea95.xml","level":"\u001b[34minfo\u001b[39m","timestamp":"2020-05-01 13:22:37"}
{"message":"garbage collector started on path: C:\\develop\\nodejs\\projects\\aitam\\work\\","level":"\u001b[34minfo\u001b[39m","timestamp":"2020-05-01 13:32:26"}
{"message":"req.user: undefined","level":"\u001b[34minfo\u001b[39m","timestamp":"2020-05-01 13:32:57"}
{"message":"Session id started: {\"user\":\"2f24vvg\"}","level":"\u001b[34minfo\u001b[39m","timestamp":"2020-05-01 13:32:57"}
{"message":"User logged in: {\"id\":\"2f24vvg\",\"email\":\"test@test.com\",\"password\":\"$2a$10$A2g6pbxxhLA9MNYRJ0rnzOf/7Ara76B0KcRdjzUcsIBIclRuas/fG\"}","level":"\u001b[34minfo\u001b[39m","timestamp":"2020-05-01 13:32:57"}
{"message":"User (2f24vvg) uploaded a file: {\"file-upload\":{\"size\":458931,\"path\":\"C:\\\\develop\\\\nodejs\\\\projects\\\\aitam\\\\work\\\\f3f651aa-5b34-4809-9f9b-1a0a58c5c0c3.xml\",\"name\":\"KAS.xml\",\"type\":\"text/xml\",\"mtime\":\"2020-05-01T12:33:02.534Z\"}}","level":"\u001b[34minfo\u001b[39m","timestamp":"2020-05-01 13:33:02"}
{"message":"User (2f24vvg) uploaded a file: {\"file-upload\":{\"size\":458931,\"path\":\"C:\\\\develop\\\\nodejs\\\\projects\\\\aitam\\\\work\\\\f3f651aa-5b34-4809-9f9b-1a0a58c5c0c3.xml\",\"name\":\"KAS.xml\",\"type\":\"text/xml\",\"mtime\":\"2020-05-01T12:34:22.421Z\"}}","level":"\u001b[34minfo\u001b[39m","timestamp":"2020-05-01 13:34:22"}
{"message":"garbage collector started on path: C:\\develop\\nodejs\\projects\\aitam\\work\\","level":"\u001b[34minfo\u001b[39m","timestamp":"2020-05-01 13:35:10"}
{"message":"req.user: undefined","level":"\u001b[34minfo\u001b[39m","timestamp":"2020-05-01 13:35:14"}
{"message":"Session id started: {\"user\":\"2f24vvg\"}","level":"\u001b[34minfo\u001b[39m","timestamp":"2020-05-01 13:35:14"}
{"message":"User logged in: {\"id\":\"2f24vvg\",\"email\":\"test@test.com\",\"password\":\"$2a$10$A2g6pbxxhLA9MNYRJ0rnzOf/7Ara76B0KcRdjzUcsIBIclRuas/fG\"}","level":"\u001b[34minfo\u001b[39m","timestamp":"2020-05-01 13:35:14"}
{"message":"User (2f24vvg) uploaded a file: {\"file-upload\":{\"size\":458931,\"path\":\"C:\\\\develop\\\\nodejs\\\\projects\\\\aitam\\\\work\\\\f53e17a4-c39d-45d5-b8f6-9a9d32b7d40b.xml\",\"name\":\"KAS.xml\",\"type\":\"text/xml\",\"mtime\":\"2020-05-01T12:35:18.591Z\"}}","level":"\u001b[34minfo\u001b[39m","timestamp":"2020-05-01 13:35:18"}
{"message":"garbage collector started on path: C:\\develop\\nodejs\\projects\\aitam\\work\\","level":"\u001b[34minfo\u001b[39m","timestamp":"2020-05-01 13:36:45"}
{"message":"req.user: undefined","level":"\u001b[34minfo\u001b[39m","timestamp":"2020-05-01 13:36:51"}
{"message":"Session id started: {\"user\":\"2f24vvg\"}","level":"\u001b[34minfo\u001b[39m","timestamp":"2020-05-01 13:36:51"}
{"message":"User logged in: {\"id\":\"2f24vvg\",\"email\":\"test@test.com\",\"password\":\"$2a$10$A2g6pbxxhLA9MNYRJ0rnzOf/7Ara76B0KcRdjzUcsIBIclRuas/fG\"}","level":"\u001b[34minfo\u001b[39m","timestamp":"2020-05-01 13:36:51"}
{"message":"garbage collector started on path: C:\\develop\\nodejs\\projects\\aitam\\work\\","level":"\u001b[34minfo\u001b[39m","timestamp":"2020-05-01 13:37:13"}
{"message":"garbage collector started on path: C:\\develop\\nodejs\\projects\\aitam\\work\\","level":"\u001b[34minfo\u001b[39m","timestamp":"2020-05-01 13:38:15"}
{"message":"Session created received the id:098c4eac-d3ca-4828-ac62-9db1640c31b7","level":"\u001b[34minfo\u001b[39m","timestamp":"2020-05-01 13:38:21"}
{"message":"req.user: undefined","level":"\u001b[34minfo\u001b[39m","timestamp":"2020-05-01 13:38:25"}
{"message":"Session id started: {\"user\":\"2f24vvg\"}","level":"\u001b[34minfo\u001b[39m","timestamp":"2020-05-01 13:38:25"}
{"message":"User logged in: {\"id\":\"2f24vvg\",\"email\":\"test@test.com\",\"password\":\"$2a$10$A2g6pbxxhLA9MNYRJ0rnzOf/7Ara76B0KcRdjzUcsIBIclRuas/fG\"}","level":"\u001b[34minfo\u001b[39m","timestamp":"2020-05-01 13:38:25"}
{"message":"User (2f24vvg) uploaded a file: {\"file-upload\":{\"size\":467147,\"path\":\"C:\\\\develop\\\\nodejs\\\\projects\\\\aitam\\\\work\\\\098c4eac-d3ca-4828-ac62-9db1640c31b7.xml\",\"name\":\"KAS.xml\",\"type\":\"text/xml\",\"mtime\":\"2020-05-01T12:38:29.959Z\"}}","level":"\u001b[34minfo\u001b[39m","timestamp":"2020-05-01 13:38:29"}
{"message":"garbage collector started on path: C:\\develop\\nodejs\\projects\\aitam\\work\\","level":"\u001b[34minfo\u001b[39m","timestamp":"2020-05-01 13:39:42"}
{"message":"garbage collector started on path: C:\\develop\\nodejs\\projects\\aitam\\work\\","level":"\u001b[34minfo\u001b[39m","timestamp":"2020-05-01 13:42:17"}
{"message":"garbage collector started on path: C:\\develop\\nodejs\\projects\\aitam\\work\\","level":"\u001b[34minfo\u001b[39m","timestamp":"2020-05-01 13:43:47"}
{"message":"garbage collector started on path: C:\\develop\\nodejs\\projects\\aitam\\work\\","level":"\u001b[34minfo\u001b[39m","timestamp":"2020-05-01 14:48:41"}
{"message":"garbage collector started on path: C:\\develop\\nodejs\\projects\\aitam\\work\\","level":"\u001b[34minfo\u001b[39m","timestamp":"2020-05-01 14:50:04"}
{"message":"garbage collector started on path: C:\\develop\\nodejs\\projects\\aitam\\work\\","level":"\u001b[34minfo\u001b[39m","timestamp":"2020-05-01 14:52:26"}
{"message":"garbage collector started on path: C:\\develop\\nodejs\\projects\\aitam\\work\\","level":"\u001b[34minfo\u001b[39m","timestamp":"2020-05-01 14:53:42"}
{"message":"req.user: undefined","level":"\u001b[34minfo\u001b[39m","timestamp":"2020-05-01 14:55:08"}
{"message":"Session id started: {\"user\":\"2f24vvg\"}","level":"\u001b[34minfo\u001b[39m","timestamp":"2020-05-01 14:55:08"}
{"message":"User logged in: {\"id\":\"2f24vvg\",\"email\":\"test@test.com\",\"password\":\"$2a$10$A2g6pbxxhLA9MNYRJ0rnzOf/7Ara76B0KcRdjzUcsIBIclRuas/fG\"}","level":"\u001b[34minfo\u001b[39m","timestamp":"2020-05-01 14:55:08"}
{"message":"User (2f24vvg) uploaded a file: {\"file-upload\":{\"size\":467147,\"path\":\"C:\\\\develop\\\\nodejs\\\\projects\\\\aitam\\\\work\\\\7ea19c5d-35bb-4281-8764-0d65bfa534db.xml\",\"name\":\"KAS.xml\",\"type\":\"text/xml\",\"mtime\":\"2020-05-01T13:55:14.013Z\"}}","level":"\u001b[34minfo\u001b[39m","timestamp":"2020-05-01 14:55:14"}
{"message":"audit file download: C:\\develop\\nodejs\\projects\\aitam\\work\\7ea19c5d-35bb-4281-8764-0d65bfa534db.xml","level":"\u001b[34minfo\u001b[39m","timestamp":"2020-05-01 14:55:25"}
{"message":"garbage collector started on path: C:\\develop\\nodejs\\projects\\aitam\\work\\","level":"\u001b[34minfo\u001b[39m","timestamp":"2020-05-01 16:21:32"}
{"message":"Session created received the id:76d287e0-c992-4f6a-a228-5e63d5f1d638","level":"\u001b[34minfo\u001b[39m","timestamp":"2020-05-01 16:22:03"}
{"message":"req.user: undefined","level":"\u001b[34minfo\u001b[39m","timestamp":"2020-05-01 16:22:08"}
{"message":"Session id started: {\"user\":\"2f24vvg\"}","level":"\u001b[34minfo\u001b[39m","timestamp":"2020-05-01 16:22:08"}
{"message":"User logged in: {\"id\":\"2f24vvg\",\"email\":\"test@test.com\",\"password\":\"$2a$10$A2g6pbxxhLA9MNYRJ0rnzOf/7Ara76B0KcRdjzUcsIBIclRuas/fG\"}","level":"\u001b[34minfo\u001b[39m","timestamp":"2020-05-01 16:22:08"}
{"message":"User (2f24vvg) uploaded a file: {\"file-upload\":{\"size\":467147,\"path\":\"C:\\\\develop\\\\nodejs\\\\projects\\\\aitam\\\\work\\\\76d287e0-c992-4f6a-a228-5e63d5f1d638.xml\",\"name\":\"KAS.xml\",\"type\":\"text/xml\",\"mtime\":\"2020-05-01T15:22:18.585Z\"}}","level":"\u001b[34minfo\u001b[39m","timestamp":"2020-05-01 16:22:18"}
{"message":"garbage collector started on path: C:\\develop\\nodejs\\projects\\aitam\\work\\","level":"\u001b[34minfo\u001b[39m","timestamp":"2020-05-01 16:25:30"}
{"message":"req.user: undefined","level":"\u001b[34minfo\u001b[39m","timestamp":"2020-05-01 16:25:44"}
{"message":"Session id started: {\"user\":\"2f24vvg\"}","level":"\u001b[34minfo\u001b[39m","timestamp":"2020-05-01 16:25:44"}
{"message":"User logged in: {\"id\":\"2f24vvg\",\"email\":\"test@test.com\",\"password\":\"$2a$10$A2g6pbxxhLA9MNYRJ0rnzOf/7Ara76B0KcRdjzUcsIBIclRuas/fG\"}","level":"\u001b[34minfo\u001b[39m","timestamp":"2020-05-01 16:25:44"}
{"message":"User (2f24vvg) uploaded a file: {\"file-upload\":{\"size\":467147,\"path\":\"C:\\\\develop\\\\nodejs\\\\projects\\\\aitam\\\\work\\\\2a39772e-51db-4c03-b10d-c551a5b39deb.xml\",\"name\":\"KAS.xml\",\"type\":\"text/xml\",\"mtime\":\"2020-05-01T15:25:50.189Z\"}}","level":"\u001b[34minfo\u001b[39m","timestamp":"2020-05-01 16:25:50"}
{"message":"audit file download: C:\\develop\\nodejs\\projects\\aitam\\work\\2a39772e-51db-4c03-b10d-c551a5b39deb.xml","level":"\u001b[34minfo\u001b[39m","timestamp":"2020-05-01 16:26:02"}
{"message":"audit file download: C:\\develop\\nodejs\\projects\\aitam\\work\\2a39772e-51db-4c03-b10d-c551a5b39deb.xml","level":"\u001b[34minfo\u001b[39m","timestamp":"2020-05-01 16:27:19"}
{"message":"garbage collector started on path: C:\\develop\\nodejs\\projects\\aitam\\work\\","level":"\u001b[34minfo\u001b[39m","timestamp":"2020-05-01 16:28:13"}
{"message":"req.user: undefined","level":"\u001b[34minfo\u001b[39m","timestamp":"2020-05-01 16:28:19"}
{"message":"Session id started: {\"user\":\"2f24vvg\"}","level":"\u001b[34minfo\u001b[39m","timestamp":"2020-05-01 16:28:19"}
{"message":"User logged in: {\"id\":\"2f24vvg\",\"email\":\"test@test.com\",\"password\":\"$2a$10$A2g6pbxxhLA9MNYRJ0rnzOf/7Ara76B0KcRdjzUcsIBIclRuas/fG\"}","level":"\u001b[34minfo\u001b[39m","timestamp":"2020-05-01 16:28:19"}
{"message":"User (2f24vvg) uploaded a file: {\"file-upload\":{\"size\":467147,\"path\":\"C:\\\\develop\\\\nodejs\\\\projects\\\\aitam\\\\work\\\\fe31bffd-ade8-4230-a472-dbc4e72ced63.xml\",\"name\":\"KAS.xml\",\"type\":\"text/xml\",\"mtime\":\"2020-05-01T15:28:24.522Z\"}}","level":"\u001b[34minfo\u001b[39m","timestamp":"2020-05-01 16:28:24"}
{"message":"audit file download: C:\\develop\\nodejs\\projects\\aitam\\work\\fe31bffd-ade8-4230-a472-dbc4e72ced63.xml","level":"\u001b[34minfo\u001b[39m","timestamp":"2020-05-01 16:28:39"}
{"message":"garbage collector started on path: C:\\develop\\nodejs\\projects\\aitam\\work\\","level":"\u001b[34minfo\u001b[39m","timestamp":"2020-05-01 16:36:10"}
{"message":"req.user: undefined","level":"\u001b[34minfo\u001b[39m","timestamp":"2020-05-01 16:36:21"}
{"message":"Session id started: {\"user\":\"2f24vvg\"}","level":"\u001b[34minfo\u001b[39m","timestamp":"2020-05-01 16:36:21"}
{"message":"User logged in: {\"id\":\"2f24vvg\",\"email\":\"test@test.com\",\"password\":\"$2a$10$A2g6pbxxhLA9MNYRJ0rnzOf/7Ara76B0KcRdjzUcsIBIclRuas/fG\"}","level":"\u001b[34minfo\u001b[39m","timestamp":"2020-05-01 16:36:21"}
{"message":"User (2f24vvg) uploaded a file: {\"file-upload\":{\"size\":467147,\"path\":\"C:\\\\develop\\\\nodejs\\\\projects\\\\aitam\\\\work\\\\894723f6-b395-43b5-9b3e-79feb8015883.xml\",\"name\":\"KAS.xml\",\"type\":\"text/xml\",\"mtime\":\"2020-05-01T15:36:26.134Z\"}}","level":"\u001b[34minfo\u001b[39m","timestamp":"2020-05-01 16:36:26"}
