{"message":"garbage collector started on path: C:\\develop\\nodejs\\projects\\aitam\\work\\","level":"\u001b[34minfo\u001b[39m","timestamp":"2020-05-26 22:32:31"}
{"message":"Session created received the id:188319c9-9750-4967-904d-b2f646a4ec6d","level":"\u001b[34minfo\u001b[39m","timestamp":"2020-05-26 22:32:55"}
{"message":"404 - Not Found","level":"\u001b[33mwarn\u001b[39m","timestamp":"2020-05-26 22:32:55"}
{"message":"req.user: undefined","level":"\u001b[34minfo\u001b[39m","timestamp":"2020-05-26 22:32:59"}
{"message":"Session id started: {\"user\":\"2f24vvg\"}","level":"\u001b[34minfo\u001b[39m","timestamp":"2020-05-26 22:32:59"}
{"message":"User logged in: {\"id\":\"2f24vvg\",\"email\":\"test@test.com\",\"password\":\"$2a$10$A2g6pbxxhLA9MNYRJ0rnzOf/7Ara76B0KcRdjzUcsIBIclRuas/fG\"}","level":"\u001b[34minfo\u001b[39m","timestamp":"2020-05-26 22:32:59"}
{"message":"User (2f24vvg) uploaded a file: {\"file-upload\":{\"size\":465587,\"path\":\"C:\\\\develop\\\\nodejs\\\\projects\\\\aitam\\\\work\\\\188319c9-9750-4967-904d-b2f646a4ec6d.xml\",\"name\":\"ATK-SIGTAS.xml\",\"type\":\"text/xml\",\"mtime\":\"2020-05-26T21:33:04.858Z\"}}","level":"\u001b[34minfo\u001b[39m","timestamp":"2020-05-26 22:33:04"}
{"message":"garbage collector started on path: C:\\develop\\nodejs\\projects\\aitam\\work\\","level":"\u001b[34minfo\u001b[39m","timestamp":"2020-05-26 22:36:34"}
{"message":"garbage collector started on path: C:\\develop\\nodejs\\projects\\aitam\\work\\","level":"\u001b[34minfo\u001b[39m","timestamp":"2020-05-26 22:38:13"}
{"message":"garbage collector started on path: C:\\develop\\nodejs\\projects\\aitam\\work\\","level":"\u001b[34minfo\u001b[39m","timestamp":"2020-05-26 22:39:29"}
{"message":"garbage collector started on path: C:\\develop\\nodejs\\projects\\aitam\\work\\","level":"\u001b[34minfo\u001b[39m","timestamp":"2020-05-26 22:40:41"}
{"message":"garbage collector started on path: C:\\develop\\nodejs\\projects\\aitam\\work\\","level":"\u001b[34minfo\u001b[39m","timestamp":"2020-05-26 22:41:26"}
{"message":"garbage collector deleted  1ff55d5e-f9c9-48ec-a73a-b60d39747d20.xml on folder: C:\\develop\\nodejs\\projects\\aitam\\work\\, path: C:\\develop\\nodejs\\projects\\aitam\\work\\1ff55d5e-f9c9-48ec-a73a-b60d39747d20.xml","level":"\u001b[34minfo\u001b[39m","timestamp":"2020-05-26 22:45:00"}
{"message":"garbage collector deleted  3520c1da-7398-4d14-9ba3-b1bf06de487c.xml on folder: C:\\develop\\nodejs\\projects\\aitam\\work\\, path: C:\\develop\\nodejs\\projects\\aitam\\work\\3520c1da-7398-4d14-9ba3-b1bf06de487c.xml","level":"\u001b[34minfo\u001b[39m","timestamp":"2020-05-26 22:45:00"}
{"message":"garbage collector deleted  3520c1da-7398-4d14-9ba3-b1bf06de487c.odt on folder: C:\\develop\\nodejs\\projects\\aitam\\work\\, path: C:\\develop\\nodejs\\projects\\aitam\\work\\3520c1da-7398-4d14-9ba3-b1bf06de487c.odt","level":"\u001b[34minfo\u001b[39m","timestamp":"2020-05-26 22:45:00"}
{"message":"garbage collector deleted  360ec038-1d53-4307-b5e9-32049bb49991.xml on folder: C:\\develop\\nodejs\\projects\\aitam\\work\\, path: C:\\develop\\nodejs\\projects\\aitam\\work\\360ec038-1d53-4307-b5e9-32049bb49991.xml","level":"\u001b[34minfo\u001b[39m","timestamp":"2020-05-26 22:45:00"}
{"message":"garbage collector deleted  415e70f2-6347-4c78-9f1c-7e993aa6389c.xml on folder: C:\\develop\\nodejs\\projects\\aitam\\work\\, path: C:\\develop\\nodejs\\projects\\aitam\\work\\415e70f2-6347-4c78-9f1c-7e993aa6389c.xml","level":"\u001b[34minfo\u001b[39m","timestamp":"2020-05-26 22:45:00"}
{"message":"garbage collector deleted  44df36c1-3da3-4ada-9d45-e309cec9c9c8.xml on folder: C:\\develop\\nodejs\\projects\\aitam\\work\\, path: C:\\develop\\nodejs\\projects\\aitam\\work\\44df36c1-3da3-4ada-9d45-e309cec9c9c8.xml","level":"\u001b[34minfo\u001b[39m","timestamp":"2020-05-26 22:45:00"}
{"message":"garbage collector deleted  42f99615-247b-4a91-ae85-519de78abd45.xml on folder: C:\\develop\\nodejs\\projects\\aitam\\work\\, path: C:\\develop\\nodejs\\projects\\aitam\\work\\42f99615-247b-4a91-ae85-519de78abd45.xml","level":"\u001b[34minfo\u001b[39m","timestamp":"2020-05-26 22:45:00"}
{"message":"garbage collector deleted  55a5e95d-3cee-4b8b-bd4f-fa9233e7f77a.xml on folder: C:\\develop\\nodejs\\projects\\aitam\\work\\, path: C:\\develop\\nodejs\\projects\\aitam\\work\\55a5e95d-3cee-4b8b-bd4f-fa9233e7f77a.xml","level":"\u001b[34minfo\u001b[39m","timestamp":"2020-05-26 22:45:00"}
{"message":"garbage collector deleted  57a4e646-3fe9-4acb-9b6d-32f8d446b22e.xml on folder: C:\\develop\\nodejs\\projects\\aitam\\work\\, path: C:\\develop\\nodejs\\projects\\aitam\\work\\57a4e646-3fe9-4acb-9b6d-32f8d446b22e.xml","level":"\u001b[34minfo\u001b[39m","timestamp":"2020-05-26 22:45:00"}
{"message":"garbage collector deleted  6852e6e0-e1ac-4fab-8a9f-2d3d683e5146.xml on folder: C:\\develop\\nodejs\\projects\\aitam\\work\\, path: C:\\develop\\nodejs\\projects\\aitam\\work\\6852e6e0-e1ac-4fab-8a9f-2d3d683e5146.xml","level":"\u001b[34minfo\u001b[39m","timestamp":"2020-05-26 22:45:00"}
{"message":"garbage collector deleted  69c98b65-ae03-4296-9126-a5d95d7f34ab.xml on folder: C:\\develop\\nodejs\\projects\\aitam\\work\\, path: C:\\develop\\nodejs\\projects\\aitam\\work\\69c98b65-ae03-4296-9126-a5d95d7f34ab.xml","level":"\u001b[34minfo\u001b[39m","timestamp":"2020-05-26 22:45:00"}
{"message":"garbage collector deleted  72c8caba-8d0a-4e63-9805-91cecc57c17d.xml on folder: C:\\develop\\nodejs\\projects\\aitam\\work\\, path: C:\\develop\\nodejs\\projects\\aitam\\work\\72c8caba-8d0a-4e63-9805-91cecc57c17d.xml","level":"\u001b[34minfo\u001b[39m","timestamp":"2020-05-26 22:45:00"}
{"message":"garbage collector deleted  7a3b60ac-e6ab-48f0-9538-89365de155be.xml on folder: C:\\develop\\nodejs\\projects\\aitam\\work\\, path: C:\\develop\\nodejs\\projects\\aitam\\work\\7a3b60ac-e6ab-48f0-9538-89365de155be.xml","level":"\u001b[34minfo\u001b[39m","timestamp":"2020-05-26 22:45:00"}
{"message":"garbage collector deleted  75b07c5e-8bcd-4a22-8465-9e58c2d2a7ef.xml on folder: C:\\develop\\nodejs\\projects\\aitam\\work\\, path: C:\\develop\\nodejs\\projects\\aitam\\work\\75b07c5e-8bcd-4a22-8465-9e58c2d2a7ef.xml","level":"\u001b[34minfo\u001b[39m","timestamp":"2020-05-26 22:45:00"}
{"message":"garbage collector deleted  83695164-23c4-4dbb-b217-f62c9ab694fd.xml on folder: C:\\develop\\nodejs\\projects\\aitam\\work\\, path: C:\\develop\\nodejs\\projects\\aitam\\work\\83695164-23c4-4dbb-b217-f62c9ab694fd.xml","level":"\u001b[34minfo\u001b[39m","timestamp":"2020-05-26 22:45:00"}
{"message":"garbage collector deleted  9329dafb-ca5e-4431-b1f1-a156aa2911ba.xml on folder: C:\\develop\\nodejs\\projects\\aitam\\work\\, path: C:\\develop\\nodejs\\projects\\aitam\\work\\9329dafb-ca5e-4431-b1f1-a156aa2911ba.xml","level":"\u001b[34minfo\u001b[39m","timestamp":"2020-05-26 22:45:00"}
{"message":"garbage collector deleted  9a085f0c-c90f-4ddc-a80b-0880ff6a2a1f.xml on folder: C:\\develop\\nodejs\\projects\\aitam\\work\\, path: C:\\develop\\nodejs\\projects\\aitam\\work\\9a085f0c-c90f-4ddc-a80b-0880ff6a2a1f.xml","level":"\u001b[34minfo\u001b[39m","timestamp":"2020-05-26 22:45:00"}
{"message":"garbage collector deleted  9ad48870-6739-4475-bcf9-e6462e391cfe.odt on folder: C:\\develop\\nodejs\\projects\\aitam\\work\\, path: C:\\develop\\nodejs\\projects\\aitam\\work\\9ad48870-6739-4475-bcf9-e6462e391cfe.odt","level":"\u001b[34minfo\u001b[39m","timestamp":"2020-05-26 22:45:00"}
{"message":"garbage collector deleted  9ad48870-6739-4475-bcf9-e6462e391cfe.xml on folder: C:\\develop\\nodejs\\projects\\aitam\\work\\, path: C:\\develop\\nodejs\\projects\\aitam\\work\\9ad48870-6739-4475-bcf9-e6462e391cfe.xml","level":"\u001b[34minfo\u001b[39m","timestamp":"2020-05-26 22:45:00"}
{"message":"garbage collector deleted  d1a3ce57-814f-421a-bb0e-3a596780226c.xml on folder: C:\\develop\\nodejs\\projects\\aitam\\work\\, path: C:\\develop\\nodejs\\projects\\aitam\\work\\d1a3ce57-814f-421a-bb0e-3a596780226c.xml","level":"\u001b[34minfo\u001b[39m","timestamp":"2020-05-26 22:45:00"}
{"message":"garbage collector deleted  e1480594-24d9-4225-b728-c0ee28ccdb17.xml on folder: C:\\develop\\nodejs\\projects\\aitam\\work\\, path: C:\\develop\\nodejs\\projects\\aitam\\work\\e1480594-24d9-4225-b728-c0ee28ccdb17.xml","level":"\u001b[34minfo\u001b[39m","timestamp":"2020-05-26 22:45:00"}
{"message":"garbage collector deleted  d683ad1e-6f98-4047-8899-141b1709f1df.xml on folder: C:\\develop\\nodejs\\projects\\aitam\\work\\, path: C:\\develop\\nodejs\\projects\\aitam\\work\\d683ad1e-6f98-4047-8899-141b1709f1df.xml","level":"\u001b[34minfo\u001b[39m","timestamp":"2020-05-26 22:45:00"}
{"message":"garbage collector deleted  e5ef471e-2775-48f0-a3b5-5f45c336c7f0.xml on folder: C:\\develop\\nodejs\\projects\\aitam\\work\\, path: C:\\develop\\nodejs\\projects\\aitam\\work\\e5ef471e-2775-48f0-a3b5-5f45c336c7f0.xml","level":"\u001b[34minfo\u001b[39m","timestamp":"2020-05-26 22:45:00"}
{"message":"garbage collector deleted  e93d33af-c1f4-4217-8a07-6a652f70a690.xml on folder: C:\\develop\\nodejs\\projects\\aitam\\work\\, path: C:\\develop\\nodejs\\projects\\aitam\\work\\e93d33af-c1f4-4217-8a07-6a652f70a690.xml","level":"\u001b[34minfo\u001b[39m","timestamp":"2020-05-26 22:45:00"}
{"message":"garbage collector deleted  f5bd71c6-c431-4a1c-9cb7-7caeabde519f.odt on folder: C:\\develop\\nodejs\\projects\\aitam\\work\\, path: C:\\develop\\nodejs\\projects\\aitam\\work\\f5bd71c6-c431-4a1c-9cb7-7caeabde519f.odt","level":"\u001b[34minfo\u001b[39m","timestamp":"2020-05-26 22:45:00"}
{"message":"garbage collector deleted  gazetteer.dic on folder: C:\\develop\\nodejs\\projects\\aitam\\work\\, path: C:\\develop\\nodejs\\projects\\aitam\\work\\gazetteer.dic","level":"\u001b[34minfo\u001b[39m","timestamp":"2020-05-26 22:45:00"}
{"message":"garbage collector deleted  f5bd71c6-c431-4a1c-9cb7-7caeabde519f.xml on folder: C:\\develop\\nodejs\\projects\\aitam\\work\\, path: C:\\develop\\nodejs\\projects\\aitam\\work\\f5bd71c6-c431-4a1c-9cb7-7caeabde519f.xml","level":"\u001b[34minfo\u001b[39m","timestamp":"2020-05-26 22:45:00"}
{"message":"garbage collector started on path: C:\\develop\\nodejs\\projects\\aitam\\work\\","level":"\u001b[34minfo\u001b[39m","timestamp":"2020-05-26 23:08:22"}
{"message":"garbage collector started on path: C:\\develop\\nodejs\\projects\\aitam\\work\\","level":"\u001b[34minfo\u001b[39m","timestamp":"2020-05-26 23:08:56"}
{"message":"Session created received the id:8a3441d9-9592-478b-a045-c0afd6a88442","level":"\u001b[34minfo\u001b[39m","timestamp":"2020-05-26 23:09:05"}
{"message":"req.user: undefined","level":"\u001b[34minfo\u001b[39m","timestamp":"2020-05-26 23:09:08"}
{"message":"Session id started: {\"user\":\"2f24vvg\"}","level":"\u001b[34minfo\u001b[39m","timestamp":"2020-05-26 23:09:08"}
{"message":"User logged in: {\"id\":\"2f24vvg\",\"email\":\"test@test.com\",\"password\":\"$2a$10$A2g6pbxxhLA9MNYRJ0rnzOf/7Ara76B0KcRdjzUcsIBIclRuas/fG\"}","level":"\u001b[34minfo\u001b[39m","timestamp":"2020-05-26 23:09:08"}
{"message":"User (2f24vvg) uploaded a file: {\"file-upload\":{\"size\":465587,\"path\":\"C:\\\\develop\\\\nodejs\\\\projects\\\\aitam\\\\work\\\\8a3441d9-9592-478b-a045-c0afd6a88442.xml\",\"name\":\"ATK-SIGTAS.xml\",\"type\":\"text/xml\",\"mtime\":\"2020-05-26T22:09:12.974Z\"}}","level":"\u001b[34minfo\u001b[39m","timestamp":"2020-05-26 23:09:12"}
{"message":"garbage collector started on path: C:\\develop\\nodejs\\projects\\aitam\\work\\","level":"\u001b[34minfo\u001b[39m","timestamp":"2020-05-26 23:22:52"}
{"message":"garbage collector started on path: C:\\develop\\nodejs\\projects\\aitam\\work\\","level":"\u001b[34minfo\u001b[39m","timestamp":"2020-05-26 23:29:18"}
{"message":"garbage collector started on path: C:\\develop\\nodejs\\projects\\aitam\\work\\","level":"\u001b[34minfo\u001b[39m","timestamp":"2020-05-26 23:29:48"}
