{"message":"garbage collector started on path: C:\\develop\\nodejs\\projects\\aitam\\work\\","level":"\u001b[34minfo\u001b[39m","timestamp":"2020-03-17 08:15:15"}
{"message":"garbage collector deleted  17fff5de-5840-45ad-b65b-5eb0ecdec78f.sent on folder: C:\\develop\\nodejs\\projects\\aitam\\work\\, path: C:\\develop\\nodejs\\projects\\aitam\\work\\17fff5de-5840-45ad-b65b-5eb0ecdec78f.sent","level":"\u001b[34minfo\u001b[39m","timestamp":"2020-03-17 08:15:17"}
{"message":"garbage collector deleted  17fff5de-5840-45ad-b65b-5eb0ecdec78f.src on folder: C:\\develop\\nodejs\\projects\\aitam\\work\\, path: C:\\develop\\nodejs\\projects\\aitam\\work\\17fff5de-5840-45ad-b65b-5eb0ecdec78f.src","level":"\u001b[34minfo\u001b[39m","timestamp":"2020-03-17 08:15:17"}
{"message":"garbage collector deleted  17fff5de-5840-45ad-b65b-5eb0ecdec78f.tkn on folder: C:\\develop\\nodejs\\projects\\aitam\\work\\, path: C:\\develop\\nodejs\\projects\\aitam\\work\\17fff5de-5840-45ad-b65b-5eb0ecdec78f.tkn","level":"\u001b[34minfo\u001b[39m","timestamp":"2020-03-17 08:15:17"}
{"message":"garbage collector deleted  17fff5de-5840-45ad-b65b-5eb0ecdec78f.vec on folder: C:\\develop\\nodejs\\projects\\aitam\\work\\, path: C:\\develop\\nodejs\\projects\\aitam\\work\\17fff5de-5840-45ad-b65b-5eb0ecdec78f.vec","level":"\u001b[34minfo\u001b[39m","timestamp":"2020-03-17 08:15:17"}
{"message":"garbage collector error:  Error: Can't delete C:\\develop\\nodejs\\projects\\aitam\\work\\17fff5de-5840-45ad-b65b-5eb0ecdec78f.sent","level":"\u001b[34minfo\u001b[39m","timestamp":"2020-03-17 08:15:17"}
{"message":"garbage collector error:  Error: Can't delete C:\\develop\\nodejs\\projects\\aitam\\work\\17fff5de-5840-45ad-b65b-5eb0ecdec78f.src","level":"\u001b[34minfo\u001b[39m","timestamp":"2020-03-17 08:15:17"}
{"message":"garbage collector error:  Error: Can't delete C:\\develop\\nodejs\\projects\\aitam\\work\\17fff5de-5840-45ad-b65b-5eb0ecdec78f.tkn","level":"\u001b[34minfo\u001b[39m","timestamp":"2020-03-17 08:15:17"}
{"message":"garbage collector error:  Error: Can't delete C:\\develop\\nodejs\\projects\\aitam\\work\\17fff5de-5840-45ad-b65b-5eb0ecdec78f.vec","level":"\u001b[34minfo\u001b[39m","timestamp":"2020-03-17 08:15:17"}
{"message":"garbage collector deleted  gazetteer.dic on folder: C:\\develop\\nodejs\\projects\\aitam\\work\\, path: C:\\develop\\nodejs\\projects\\aitam\\work\\gazetteer.dic","level":"\u001b[34minfo\u001b[39m","timestamp":"2020-03-17 08:15:17"}
{"message":"garbage collector deleted  fcc4537c-248a-4217-b138-960f5da86d9b.xml on folder: C:\\develop\\nodejs\\projects\\aitam\\work\\, path: C:\\develop\\nodejs\\projects\\aitam\\work\\fcc4537c-248a-4217-b138-960f5da86d9b.xml","level":"\u001b[34minfo\u001b[39m","timestamp":"2020-03-17 08:15:17"}
{"message":"garbage collector error:  Error: Can't delete C:\\develop\\nodejs\\projects\\aitam\\work\\fcc4537c-248a-4217-b138-960f5da86d9b.xml","level":"\u001b[34minfo\u001b[39m","timestamp":"2020-03-17 08:15:17"}
{"message":"garbage collector error:  Error: Can't delete C:\\develop\\nodejs\\projects\\aitam\\work\\gazetteer.dic","level":"\u001b[34minfo\u001b[39m","timestamp":"2020-03-17 08:15:17"}
{"message":"garbage collector deleted  17fff5de-5840-45ad-b65b-5eb0ecdec78f.xml on folder: C:\\develop\\nodejs\\projects\\aitam\\work\\, path: C:\\develop\\nodejs\\projects\\aitam\\work\\17fff5de-5840-45ad-b65b-5eb0ecdec78f.xml","level":"\u001b[34minfo\u001b[39m","timestamp":"2020-03-17 08:15:17"}
{"message":"garbage collector error:  Error: Can't delete C:\\develop\\nodejs\\projects\\aitam\\work\\17fff5de-5840-45ad-b65b-5eb0ecdec78f.xml","level":"\u001b[34minfo\u001b[39m","timestamp":"2020-03-17 08:15:17"}
{"message":"Session created received the id:cd14c714-bfd1-4c86-9c26-cde5cd0b6c80","level":"\u001b[34minfo\u001b[39m","timestamp":"2020-03-17 08:15:29"}
{"message":"404 - Not Found","level":"\u001b[33mwarn\u001b[39m","timestamp":"2020-03-17 08:15:30"}
{"message":"req.user: undefined","level":"\u001b[34minfo\u001b[39m","timestamp":"2020-03-17 08:15:33"}
{"message":"Session id started: {\"user\":\"2f24vvg\"}","level":"\u001b[34minfo\u001b[39m","timestamp":"2020-03-17 08:15:33"}
{"message":"User logged in: {\"id\":\"2f24vvg\",\"email\":\"test@test.com\",\"password\":\"$2a$10$A2g6pbxxhLA9MNYRJ0rnzOf/7Ara76B0KcRdjzUcsIBIclRuas/fG\"}","level":"\u001b[34minfo\u001b[39m","timestamp":"2020-03-17 08:15:33"}
{"message":"User (2f24vvg) uploaded a file: {\"file-upload\":{\"size\":439256,\"path\":\"C:\\\\develop\\\\nodejs\\\\projects\\\\aitam\\\\work\\\\cd14c714-bfd1-4c86-9c26-cde5cd0b6c80.xml\",\"name\":\"test_site3.xml\",\"type\":\"text/xml\",\"mtime\":\"2020-03-17T08:15:51.491Z\"}}","level":"\u001b[34minfo\u001b[39m","timestamp":"2020-03-17 08:15:51"}
