{"message":"garbage collector started on path: C:\\develop\\nodejs\\projects\\aitam\\work\\","level":"\u001b[34minfo\u001b[39m","timestamp":"2020-09-19 09:51:57"}
{"message":"garbage collector started on path: C:\\develop\\nodejs\\projects\\aitam\\work\\","level":"\u001b[34minfo\u001b[39m","timestamp":"2020-09-19 09:52:05"}
{"message":"garbage collector started on path: C:\\develop\\nodejs\\projects\\aitam\\work\\","level":"\u001b[34minfo\u001b[39m","timestamp":"2020-09-19 09:55:26"}
{"message":"Session created received the id:6752ecac-9005-4f42-bb8d-3d4fdeefd506","level":"\u001b[34minfo\u001b[39m","timestamp":"2020-09-19 09:55:41"}
{"message":"garbage collector started on path: C:\\develop\\nodejs\\projects\\aitam\\work\\","level":"\u001b[34minfo\u001b[39m","timestamp":"2020-09-19 09:55:43"}
{"message":"404 - Not Found","level":"\u001b[33mwarn\u001b[39m","timestamp":"2020-09-19 09:55:46"}
{"message":"req.user: undefined","level":"\u001b[34minfo\u001b[39m","timestamp":"2020-09-19 09:55:52"}
{"message":"Session id started: {\"user\":\"2f24vvg\"}","level":"\u001b[34minfo\u001b[39m","timestamp":"2020-09-19 09:55:52"}
{"message":"User logged in: {\"id\":\"2f24vvg\",\"email\":\"test@test.com\",\"password\":\"$2a$10$A2g6pbxxhLA9MNYRJ0rnzOf/7Ara76B0KcRdjzUcsIBIclRuas/fG\"}","level":"\u001b[34minfo\u001b[39m","timestamp":"2020-09-19 09:55:52"}
{"message":"garbage collector started on path: C:\\develop\\nodejs\\projects\\aitam\\work\\","level":"\u001b[34minfo\u001b[39m","timestamp":"2020-09-19 09:56:39"}
{"message":"Session created received the id:b77759c2-5f8b-45fe-b09a-8d651acffd8d","level":"\u001b[34minfo\u001b[39m","timestamp":"2020-09-19 09:56:45"}
{"message":"req.user: undefined","level":"\u001b[34minfo\u001b[39m","timestamp":"2020-09-19 09:56:48"}
{"message":"Session id started: {\"user\":\"2f24vvg\"}","level":"\u001b[34minfo\u001b[39m","timestamp":"2020-09-19 09:56:48"}
{"message":"User logged in: {\"id\":\"2f24vvg\",\"email\":\"test@test.com\",\"password\":\"$2a$10$A2g6pbxxhLA9MNYRJ0rnzOf/7Ara76B0KcRdjzUcsIBIclRuas/fG\"}","level":"\u001b[34minfo\u001b[39m","timestamp":"2020-09-19 09:56:48"}
{"message":"garbage collector deleted  0177247e-63dd-4567-b3fd-b87a99f95fe5.xml on folder: C:\\develop\\nodejs\\projects\\aitam\\work\\, path: C:\\develop\\nodejs\\projects\\aitam\\work\\0177247e-63dd-4567-b3fd-b87a99f95fe5.xml","level":"\u001b[34minfo\u001b[39m","timestamp":"2020-09-19 10:00:00"}
{"message":"garbage collector deleted  720db590-02b5-4eb8-ae17-65b0da4bcbf8.xml on folder: C:\\develop\\nodejs\\projects\\aitam\\work\\, path: C:\\develop\\nodejs\\projects\\aitam\\work\\720db590-02b5-4eb8-ae17-65b0da4bcbf8.xml","level":"\u001b[34minfo\u001b[39m","timestamp":"2020-09-19 10:00:00"}
{"message":"garbage collector deleted  2dc86243-915d-447e-80f0-ae55dd2e8195.xml on folder: C:\\develop\\nodejs\\projects\\aitam\\work\\, path: C:\\develop\\nodejs\\projects\\aitam\\work\\2dc86243-915d-447e-80f0-ae55dd2e8195.xml","level":"\u001b[34minfo\u001b[39m","timestamp":"2020-09-19 10:00:00"}
{"message":"garbage collector deleted  b12091ab-2432-4d1f-9a28-4b4516617912.xml on folder: C:\\develop\\nodejs\\projects\\aitam\\work\\, path: C:\\develop\\nodejs\\projects\\aitam\\work\\b12091ab-2432-4d1f-9a28-4b4516617912.xml","level":"\u001b[34minfo\u001b[39m","timestamp":"2020-09-19 10:00:00"}
{"message":"garbage collector deleted  port_055b9d89-89a4-4bbb-a568-bcd301dd0d39.xml on folder: C:\\develop\\nodejs\\projects\\aitam\\work\\, path: C:\\develop\\nodejs\\projects\\aitam\\work\\port_055b9d89-89a4-4bbb-a568-bcd301dd0d39.xml","level":"\u001b[34minfo\u001b[39m","timestamp":"2020-09-19 10:00:00"}
{"message":"garbage collector deleted  gazetteer.dic on folder: C:\\develop\\nodejs\\projects\\aitam\\work\\, path: C:\\develop\\nodejs\\projects\\aitam\\work\\gazetteer.dic","level":"\u001b[34minfo\u001b[39m","timestamp":"2020-09-19 10:00:00"}
{"message":"garbage collector deleted  port_0f5e1343-33ae-4ba8-acfc-5d2e3737175a.xml on folder: C:\\develop\\nodejs\\projects\\aitam\\work\\, path: C:\\develop\\nodejs\\projects\\aitam\\work\\port_0f5e1343-33ae-4ba8-acfc-5d2e3737175a.xml","level":"\u001b[34minfo\u001b[39m","timestamp":"2020-09-19 10:00:00"}
{"message":"garbage collector deleted  port_0c4aac03-92ae-4bb0-959e-441052e55c9a.xml on folder: C:\\develop\\nodejs\\projects\\aitam\\work\\, path: C:\\develop\\nodejs\\projects\\aitam\\work\\port_0c4aac03-92ae-4bb0-959e-441052e55c9a.xml","level":"\u001b[34minfo\u001b[39m","timestamp":"2020-09-19 10:00:00"}
{"message":"garbage collector deleted  port_22836fad-6587-4f34-9eda-c2b29a7be5d9.xml on folder: C:\\develop\\nodejs\\projects\\aitam\\work\\, path: C:\\develop\\nodejs\\projects\\aitam\\work\\port_22836fad-6587-4f34-9eda-c2b29a7be5d9.xml","level":"\u001b[34minfo\u001b[39m","timestamp":"2020-09-19 10:00:00"}
{"message":"garbage collector deleted  port_2b3ea447-9d8f-40bd-919e-ac82c25ee337.xml on folder: C:\\develop\\nodejs\\projects\\aitam\\work\\, path: C:\\develop\\nodejs\\projects\\aitam\\work\\port_2b3ea447-9d8f-40bd-919e-ac82c25ee337.xml","level":"\u001b[34minfo\u001b[39m","timestamp":"2020-09-19 10:00:00"}
{"message":"garbage collector deleted  port_41a8cca7-37d8-4186-ab35-7ce818fb90d8.xml on folder: C:\\develop\\nodejs\\projects\\aitam\\work\\, path: C:\\develop\\nodejs\\projects\\aitam\\work\\port_41a8cca7-37d8-4186-ab35-7ce818fb90d8.xml","level":"\u001b[34minfo\u001b[39m","timestamp":"2020-09-19 10:00:00"}
{"message":"garbage collector deleted  port_324c21ba-1ebd-44ee-9d69-5f09afe0400c.xml on folder: C:\\develop\\nodejs\\projects\\aitam\\work\\, path: C:\\develop\\nodejs\\projects\\aitam\\work\\port_324c21ba-1ebd-44ee-9d69-5f09afe0400c.xml","level":"\u001b[34minfo\u001b[39m","timestamp":"2020-09-19 10:00:00"}
{"message":"garbage collector deleted  port_487031f3-7f8e-4ce4-a718-ad80c2c6c0f8.xml on folder: C:\\develop\\nodejs\\projects\\aitam\\work\\, path: C:\\develop\\nodejs\\projects\\aitam\\work\\port_487031f3-7f8e-4ce4-a718-ad80c2c6c0f8.xml","level":"\u001b[34minfo\u001b[39m","timestamp":"2020-09-19 10:00:00"}
{"message":"garbage collector deleted  port_4f4860e1-cb84-4abd-8b4f-b50d4c6a671c.xml on folder: C:\\develop\\nodejs\\projects\\aitam\\work\\, path: C:\\develop\\nodejs\\projects\\aitam\\work\\port_4f4860e1-cb84-4abd-8b4f-b50d4c6a671c.xml","level":"\u001b[34minfo\u001b[39m","timestamp":"2020-09-19 10:00:00"}
{"message":"garbage collector deleted  port_6997f230-4c44-49b9-8c0e-089d716a301b.xml on folder: C:\\develop\\nodejs\\projects\\aitam\\work\\, path: C:\\develop\\nodejs\\projects\\aitam\\work\\port_6997f230-4c44-49b9-8c0e-089d716a301b.xml","level":"\u001b[34minfo\u001b[39m","timestamp":"2020-09-19 10:00:00"}
{"message":"garbage collector deleted  port_7094aed8-5caa-4298-977b-f371f4d439d5.xml on folder: C:\\develop\\nodejs\\projects\\aitam\\work\\, path: C:\\develop\\nodejs\\projects\\aitam\\work\\port_7094aed8-5caa-4298-977b-f371f4d439d5.xml","level":"\u001b[34minfo\u001b[39m","timestamp":"2020-09-19 10:00:00"}
{"message":"garbage collector deleted  port_6fd04c09-6b92-47dc-aa94-d7a8f2815f2d.xml on folder: C:\\develop\\nodejs\\projects\\aitam\\work\\, path: C:\\develop\\nodejs\\projects\\aitam\\work\\port_6fd04c09-6b92-47dc-aa94-d7a8f2815f2d.xml","level":"\u001b[34minfo\u001b[39m","timestamp":"2020-09-19 10:00:00"}
{"message":"garbage collector deleted  port_85f94814-3458-443d-ade8-0b665ac2250b.xml on folder: C:\\develop\\nodejs\\projects\\aitam\\work\\, path: C:\\develop\\nodejs\\projects\\aitam\\work\\port_85f94814-3458-443d-ade8-0b665ac2250b.xml","level":"\u001b[34minfo\u001b[39m","timestamp":"2020-09-19 10:00:00"}
{"message":"garbage collector deleted  port_91b443d8-1ac1-46d5-8fd2-efa48bcbbba3.xml on folder: C:\\develop\\nodejs\\projects\\aitam\\work\\, path: C:\\develop\\nodejs\\projects\\aitam\\work\\port_91b443d8-1ac1-46d5-8fd2-efa48bcbbba3.xml","level":"\u001b[34minfo\u001b[39m","timestamp":"2020-09-19 10:00:00"}
{"message":"garbage collector deleted  port_a0c0aac0-e84c-4ed6-a595-e8bc75bda89d.xml on folder: C:\\develop\\nodejs\\projects\\aitam\\work\\, path: C:\\develop\\nodejs\\projects\\aitam\\work\\port_a0c0aac0-e84c-4ed6-a595-e8bc75bda89d.xml","level":"\u001b[34minfo\u001b[39m","timestamp":"2020-09-19 10:00:00"}
{"message":"garbage collector deleted  port_a4753c39-4af3-4884-9a96-6b801287655a.xml on folder: C:\\develop\\nodejs\\projects\\aitam\\work\\, path: C:\\develop\\nodejs\\projects\\aitam\\work\\port_a4753c39-4af3-4884-9a96-6b801287655a.xml","level":"\u001b[34minfo\u001b[39m","timestamp":"2020-09-19 10:00:00"}
{"message":"garbage collector deleted  port_a95ddded-77af-4252-937a-dd96ea68bdc9.xml on folder: C:\\develop\\nodejs\\projects\\aitam\\work\\, path: C:\\develop\\nodejs\\projects\\aitam\\work\\port_a95ddded-77af-4252-937a-dd96ea68bdc9.xml","level":"\u001b[34minfo\u001b[39m","timestamp":"2020-09-19 10:00:00"}
{"message":"garbage collector deleted  port_5c6bc55b-a03d-45a5-9ab4-5d11bfc9f6d2.xml on folder: C:\\develop\\nodejs\\projects\\aitam\\work\\, path: C:\\develop\\nodejs\\projects\\aitam\\work\\port_5c6bc55b-a03d-45a5-9ab4-5d11bfc9f6d2.xml","level":"\u001b[34minfo\u001b[39m","timestamp":"2020-09-19 10:00:00"}
{"message":"garbage collector deleted  port_ac2d2129-b185-4a2a-ac68-3d8035e65941.xml on folder: C:\\develop\\nodejs\\projects\\aitam\\work\\, path: C:\\develop\\nodejs\\projects\\aitam\\work\\port_ac2d2129-b185-4a2a-ac68-3d8035e65941.xml","level":"\u001b[34minfo\u001b[39m","timestamp":"2020-09-19 10:00:00"}
{"message":"garbage collector deleted  port_af84d5ae-7ff0-4077-b1f1-50a098eef8a3.xml on folder: C:\\develop\\nodejs\\projects\\aitam\\work\\, path: C:\\develop\\nodejs\\projects\\aitam\\work\\port_af84d5ae-7ff0-4077-b1f1-50a098eef8a3.xml","level":"\u001b[34minfo\u001b[39m","timestamp":"2020-09-19 10:00:00"}
{"message":"garbage collector deleted  port_b77cee8c-3c57-48ef-bded-1e2943123bd6.xml on folder: C:\\develop\\nodejs\\projects\\aitam\\work\\, path: C:\\develop\\nodejs\\projects\\aitam\\work\\port_b77cee8c-3c57-48ef-bded-1e2943123bd6.xml","level":"\u001b[34minfo\u001b[39m","timestamp":"2020-09-19 10:00:00"}
{"message":"garbage collector deleted  port_ccc9f207-9534-4390-adda-1236592db769.xml on folder: C:\\develop\\nodejs\\projects\\aitam\\work\\, path: C:\\develop\\nodejs\\projects\\aitam\\work\\port_ccc9f207-9534-4390-adda-1236592db769.xml","level":"\u001b[34minfo\u001b[39m","timestamp":"2020-09-19 10:00:00"}
{"message":"garbage collector deleted  port_d22764d1-0b59-4090-b078-e2839fe84ad4.xml on folder: C:\\develop\\nodejs\\projects\\aitam\\work\\, path: C:\\develop\\nodejs\\projects\\aitam\\work\\port_d22764d1-0b59-4090-b078-e2839fe84ad4.xml","level":"\u001b[34minfo\u001b[39m","timestamp":"2020-09-19 10:00:00"}
{"message":"garbage collector deleted  port_d3c6ec21-0d4a-4827-999d-ed3112afd87c.xml on folder: C:\\develop\\nodejs\\projects\\aitam\\work\\, path: C:\\develop\\nodejs\\projects\\aitam\\work\\port_d3c6ec21-0d4a-4827-999d-ed3112afd87c.xml","level":"\u001b[34minfo\u001b[39m","timestamp":"2020-09-19 10:00:00"}
{"message":"garbage collector deleted  port_dcdabe0a-3dc8-46f9-808b-ef348845b937.xml on folder: C:\\develop\\nodejs\\projects\\aitam\\work\\, path: C:\\develop\\nodejs\\projects\\aitam\\work\\port_dcdabe0a-3dc8-46f9-808b-ef348845b937.xml","level":"\u001b[34minfo\u001b[39m","timestamp":"2020-09-19 10:00:00"}
{"message":"garbage collector deleted  port_efcd268c-f74a-4bf5-821a-55c650c3c838.xml on folder: C:\\develop\\nodejs\\projects\\aitam\\work\\, path: C:\\develop\\nodejs\\projects\\aitam\\work\\port_efcd268c-f74a-4bf5-821a-55c650c3c838.xml","level":"\u001b[34minfo\u001b[39m","timestamp":"2020-09-19 10:00:00"}
{"message":"garbage collector deleted  port_df291354-018f-497c-812c-c875dba61a99.xml on folder: C:\\develop\\nodejs\\projects\\aitam\\work\\, path: C:\\develop\\nodejs\\projects\\aitam\\work\\port_df291354-018f-497c-812c-c875dba61a99.xml","level":"\u001b[34minfo\u001b[39m","timestamp":"2020-09-19 10:00:00"}
{"message":"garbage collector deleted  port_f29016d8-f376-4735-8c26-9984ed1013a6.xml on folder: C:\\develop\\nodejs\\projects\\aitam\\work\\, path: C:\\develop\\nodejs\\projects\\aitam\\work\\port_f29016d8-f376-4735-8c26-9984ed1013a6.xml","level":"\u001b[34minfo\u001b[39m","timestamp":"2020-09-19 10:00:00"}
{"message":"garbage collector deleted  port_f78acd56-985f-40b2-a0fc-2874bbf4f834.xml on folder: C:\\develop\\nodejs\\projects\\aitam\\work\\, path: C:\\develop\\nodejs\\projects\\aitam\\work\\port_f78acd56-985f-40b2-a0fc-2874bbf4f834.xml","level":"\u001b[34minfo\u001b[39m","timestamp":"2020-09-19 10:00:00"}
{"message":"garbage collector error:  Error: Can't delete C:\\develop\\nodejs\\projects\\aitam\\work\\0177247e-63dd-4567-b3fd-b87a99f95fe5.xml","level":"\u001b[34minfo\u001b[39m","timestamp":"2020-09-19 10:00:00"}
{"message":"garbage collector error:  Error: Can't delete C:\\develop\\nodejs\\projects\\aitam\\work\\2dc86243-915d-447e-80f0-ae55dd2e8195.xml","level":"\u001b[34minfo\u001b[39m","timestamp":"2020-09-19 10:00:00"}
{"message":"garbage collector error:  Error: Can't delete C:\\develop\\nodejs\\projects\\aitam\\work\\720db590-02b5-4eb8-ae17-65b0da4bcbf8.xml","level":"\u001b[34minfo\u001b[39m","timestamp":"2020-09-19 10:00:00"}
{"message":"garbage collector error:  Error: Can't delete C:\\develop\\nodejs\\projects\\aitam\\work\\b12091ab-2432-4d1f-9a28-4b4516617912.xml","level":"\u001b[34minfo\u001b[39m","timestamp":"2020-09-19 10:00:00"}
{"message":"garbage collector error:  Error: Can't delete C:\\develop\\nodejs\\projects\\aitam\\work\\gazetteer.dic","level":"\u001b[34minfo\u001b[39m","timestamp":"2020-09-19 10:00:00"}
{"message":"garbage collector error:  Error: Can't delete C:\\develop\\nodejs\\projects\\aitam\\work\\port_055b9d89-89a4-4bbb-a568-bcd301dd0d39.xml","level":"\u001b[34minfo\u001b[39m","timestamp":"2020-09-19 10:00:00"}
{"message":"garbage collector error:  Error: Can't delete C:\\develop\\nodejs\\projects\\aitam\\work\\port_0c4aac03-92ae-4bb0-959e-441052e55c9a.xml","level":"\u001b[34minfo\u001b[39m","timestamp":"2020-09-19 10:00:00"}
{"message":"garbage collector error:  Error: Can't delete C:\\develop\\nodejs\\projects\\aitam\\work\\port_0f5e1343-33ae-4ba8-acfc-5d2e3737175a.xml","level":"\u001b[34minfo\u001b[39m","timestamp":"2020-09-19 10:00:00"}
{"message":"garbage collector error:  Error: Can't delete C:\\develop\\nodejs\\projects\\aitam\\work\\port_22836fad-6587-4f34-9eda-c2b29a7be5d9.xml","level":"\u001b[34minfo\u001b[39m","timestamp":"2020-09-19 10:00:00"}
{"message":"garbage collector error:  Error: Can't delete C:\\develop\\nodejs\\projects\\aitam\\work\\port_2b3ea447-9d8f-40bd-919e-ac82c25ee337.xml","level":"\u001b[34minfo\u001b[39m","timestamp":"2020-09-19 10:00:00"}
{"message":"garbage collector error:  Error: Can't delete C:\\develop\\nodejs\\projects\\aitam\\work\\port_324c21ba-1ebd-44ee-9d69-5f09afe0400c.xml","level":"\u001b[34minfo\u001b[39m","timestamp":"2020-09-19 10:00:00"}
{"message":"garbage collector error:  Error: Can't delete C:\\develop\\nodejs\\projects\\aitam\\work\\port_41a8cca7-37d8-4186-ab35-7ce818fb90d8.xml","level":"\u001b[34minfo\u001b[39m","timestamp":"2020-09-19 10:00:00"}
{"message":"garbage collector error:  Error: Can't delete C:\\develop\\nodejs\\projects\\aitam\\work\\port_487031f3-7f8e-4ce4-a718-ad80c2c6c0f8.xml","level":"\u001b[34minfo\u001b[39m","timestamp":"2020-09-19 10:00:00"}
{"message":"garbage collector error:  Error: Can't delete C:\\develop\\nodejs\\projects\\aitam\\work\\port_4f4860e1-cb84-4abd-8b4f-b50d4c6a671c.xml","level":"\u001b[34minfo\u001b[39m","timestamp":"2020-09-19 10:00:00"}
{"message":"garbage collector error:  Error: Can't delete C:\\develop\\nodejs\\projects\\aitam\\work\\port_6fd04c09-6b92-47dc-aa94-d7a8f2815f2d.xml","level":"\u001b[34minfo\u001b[39m","timestamp":"2020-09-19 10:00:00"}
{"message":"garbage collector error:  Error: Can't delete C:\\develop\\nodejs\\projects\\aitam\\work\\port_5c6bc55b-a03d-45a5-9ab4-5d11bfc9f6d2.xml","level":"\u001b[34minfo\u001b[39m","timestamp":"2020-09-19 10:00:00"}
{"message":"garbage collector error:  Error: Can't delete C:\\develop\\nodejs\\projects\\aitam\\work\\port_6997f230-4c44-49b9-8c0e-089d716a301b.xml","level":"\u001b[34minfo\u001b[39m","timestamp":"2020-09-19 10:00:00"}
{"message":"garbage collector error:  Error: Can't delete C:\\develop\\nodejs\\projects\\aitam\\work\\port_7094aed8-5caa-4298-977b-f371f4d439d5.xml","level":"\u001b[34minfo\u001b[39m","timestamp":"2020-09-19 10:00:00"}
{"message":"garbage collector error:  Error: Can't delete C:\\develop\\nodejs\\projects\\aitam\\work\\port_85f94814-3458-443d-ade8-0b665ac2250b.xml","level":"\u001b[34minfo\u001b[39m","timestamp":"2020-09-19 10:00:00"}
{"message":"garbage collector error:  Error: Can't delete C:\\develop\\nodejs\\projects\\aitam\\work\\port_91b443d8-1ac1-46d5-8fd2-efa48bcbbba3.xml","level":"\u001b[34minfo\u001b[39m","timestamp":"2020-09-19 10:00:00"}
{"message":"garbage collector error:  Error: Can't delete C:\\develop\\nodejs\\projects\\aitam\\work\\port_a0c0aac0-e84c-4ed6-a595-e8bc75bda89d.xml","level":"\u001b[34minfo\u001b[39m","timestamp":"2020-09-19 10:00:00"}
{"message":"garbage collector error:  Error: Can't delete C:\\develop\\nodejs\\projects\\aitam\\work\\port_a4753c39-4af3-4884-9a96-6b801287655a.xml","level":"\u001b[34minfo\u001b[39m","timestamp":"2020-09-19 10:00:00"}
{"message":"garbage collector error:  Error: Can't delete C:\\develop\\nodejs\\projects\\aitam\\work\\port_a95ddded-77af-4252-937a-dd96ea68bdc9.xml","level":"\u001b[34minfo\u001b[39m","timestamp":"2020-09-19 10:00:00"}
{"message":"garbage collector error:  Error: Can't delete C:\\develop\\nodejs\\projects\\aitam\\work\\port_ac2d2129-b185-4a2a-ac68-3d8035e65941.xml","level":"\u001b[34minfo\u001b[39m","timestamp":"2020-09-19 10:00:00"}
{"message":"garbage collector error:  Error: Can't delete C:\\develop\\nodejs\\projects\\aitam\\work\\port_af84d5ae-7ff0-4077-b1f1-50a098eef8a3.xml","level":"\u001b[34minfo\u001b[39m","timestamp":"2020-09-19 10:00:00"}
{"message":"garbage collector error:  Error: Can't delete C:\\develop\\nodejs\\projects\\aitam\\work\\port_b77cee8c-3c57-48ef-bded-1e2943123bd6.xml","level":"\u001b[34minfo\u001b[39m","timestamp":"2020-09-19 10:00:00"}
{"message":"garbage collector error:  Error: Can't delete C:\\develop\\nodejs\\projects\\aitam\\work\\port_ccc9f207-9534-4390-adda-1236592db769.xml","level":"\u001b[34minfo\u001b[39m","timestamp":"2020-09-19 10:00:00"}
{"message":"garbage collector error:  Error: Can't delete C:\\develop\\nodejs\\projects\\aitam\\work\\port_d22764d1-0b59-4090-b078-e2839fe84ad4.xml","level":"\u001b[34minfo\u001b[39m","timestamp":"2020-09-19 10:00:00"}
{"message":"garbage collector error:  Error: Can't delete C:\\develop\\nodejs\\projects\\aitam\\work\\port_dcdabe0a-3dc8-46f9-808b-ef348845b937.xml","level":"\u001b[34minfo\u001b[39m","timestamp":"2020-09-19 10:00:00"}
{"message":"garbage collector error:  Error: Can't delete C:\\develop\\nodejs\\projects\\aitam\\work\\port_d3c6ec21-0d4a-4827-999d-ed3112afd87c.xml","level":"\u001b[34minfo\u001b[39m","timestamp":"2020-09-19 10:00:00"}
{"message":"garbage collector error:  Error: Can't delete C:\\develop\\nodejs\\projects\\aitam\\work\\port_df291354-018f-497c-812c-c875dba61a99.xml","level":"\u001b[34minfo\u001b[39m","timestamp":"2020-09-19 10:00:00"}
{"message":"garbage collector error:  Error: Can't delete C:\\develop\\nodejs\\projects\\aitam\\work\\port_efcd268c-f74a-4bf5-821a-55c650c3c838.xml","level":"\u001b[34minfo\u001b[39m","timestamp":"2020-09-19 10:00:00"}
{"message":"garbage collector error:  Error: Can't delete C:\\develop\\nodejs\\projects\\aitam\\work\\port_f78acd56-985f-40b2-a0fc-2874bbf4f834.xml","level":"\u001b[34minfo\u001b[39m","timestamp":"2020-09-19 10:00:00"}
{"message":"garbage collector error:  Error: Can't delete C:\\develop\\nodejs\\projects\\aitam\\work\\port_f29016d8-f376-4735-8c26-9984ed1013a6.xml","level":"\u001b[34minfo\u001b[39m","timestamp":"2020-09-19 10:00:00"}
{"message":"Session created received the id:b77759c2-5f8b-45fe-b09a-8d651acffd8d","level":"\u001b[34minfo\u001b[39m","timestamp":"2020-09-19 10:02:22"}
