{"message":"garbage collector started on path: C:\\develop\\nodejs\\projects\\aitam\\work\\","level":"\u001b[34minfo\u001b[39m","timestamp":"2020-05-30 21:28:38"}
{"message":"Session created received the id:711bd020-6790-4aea-b127-ada1abb3e7ba","level":"\u001b[34minfo\u001b[39m","timestamp":"2020-05-30 21:29:41"}
{"message":"404 - Not Found","level":"\u001b[33mwarn\u001b[39m","timestamp":"2020-05-30 21:29:44"}
{"message":"garbage collector deleted  1143cce0-5033-43b7-87b4-29b68c24a53c_plf.xml on folder: C:\\develop\\nodejs\\projects\\aitam\\work\\, path: C:\\develop\\nodejs\\projects\\aitam\\work\\1143cce0-5033-43b7-87b4-29b68c24a53c_plf.xml","level":"\u001b[34minfo\u001b[39m","timestamp":"2020-05-30 21:30:00"}
{"message":"garbage collector deleted  0ee5abdb-c756-4f5d-b5e5-44fcd0e03e8f.xml on folder: C:\\develop\\nodejs\\projects\\aitam\\work\\, path: C:\\develop\\nodejs\\projects\\aitam\\work\\0ee5abdb-c756-4f5d-b5e5-44fcd0e03e8f.xml","level":"\u001b[34minfo\u001b[39m","timestamp":"2020-05-30 21:30:00"}
{"message":"garbage collector deleted  1143cce0-5033-43b7-87b4-29b68c24a53c.xml on folder: C:\\develop\\nodejs\\projects\\aitam\\work\\, path: C:\\develop\\nodejs\\projects\\aitam\\work\\1143cce0-5033-43b7-87b4-29b68c24a53c.xml","level":"\u001b[34minfo\u001b[39m","timestamp":"2020-05-30 21:30:00"}
{"message":"garbage collector deleted  3f9d0cdf-a153-485c-9d8e-4deabd37d1f3_plf.xml on folder: C:\\develop\\nodejs\\projects\\aitam\\work\\, path: C:\\develop\\nodejs\\projects\\aitam\\work\\3f9d0cdf-a153-485c-9d8e-4deabd37d1f3_plf.xml","level":"\u001b[34minfo\u001b[39m","timestamp":"2020-05-30 21:30:00"}
{"message":"garbage collector deleted  3945e212-4188-4a3b-9ced-dfd13f848494.xml on folder: C:\\develop\\nodejs\\projects\\aitam\\work\\, path: C:\\develop\\nodejs\\projects\\aitam\\work\\3945e212-4188-4a3b-9ced-dfd13f848494.xml","level":"\u001b[34minfo\u001b[39m","timestamp":"2020-05-30 21:30:00"}
{"message":"garbage collector deleted  3f9d0cdf-a153-485c-9d8e-4deabd37d1f3.xml on folder: C:\\develop\\nodejs\\projects\\aitam\\work\\, path: C:\\develop\\nodejs\\projects\\aitam\\work\\3f9d0cdf-a153-485c-9d8e-4deabd37d1f3.xml","level":"\u001b[34minfo\u001b[39m","timestamp":"2020-05-30 21:30:00"}
{"message":"garbage collector deleted  454e407d-46c2-4e34-8c9b-fa4a1eb34933.xml on folder: C:\\develop\\nodejs\\projects\\aitam\\work\\, path: C:\\develop\\nodejs\\projects\\aitam\\work\\454e407d-46c2-4e34-8c9b-fa4a1eb34933.xml","level":"\u001b[34minfo\u001b[39m","timestamp":"2020-05-30 21:30:00"}
{"message":"garbage collector deleted  68383744-6ec1-4d47-be63-a3d86ac6dc9e.xml on folder: C:\\develop\\nodejs\\projects\\aitam\\work\\, path: C:\\develop\\nodejs\\projects\\aitam\\work\\68383744-6ec1-4d47-be63-a3d86ac6dc9e.xml","level":"\u001b[34minfo\u001b[39m","timestamp":"2020-05-30 21:30:00"}
{"message":"garbage collector deleted  71115262-e041-4044-bfa4-ede93a9a7386.xml on folder: C:\\develop\\nodejs\\projects\\aitam\\work\\, path: C:\\develop\\nodejs\\projects\\aitam\\work\\71115262-e041-4044-bfa4-ede93a9a7386.xml","level":"\u001b[34minfo\u001b[39m","timestamp":"2020-05-30 21:30:00"}
{"message":"garbage collector deleted  76054331-c3c9-46c3-991d-ba8857872bf9.xml on folder: C:\\develop\\nodejs\\projects\\aitam\\work\\, path: C:\\develop\\nodejs\\projects\\aitam\\work\\76054331-c3c9-46c3-991d-ba8857872bf9.xml","level":"\u001b[34minfo\u001b[39m","timestamp":"2020-05-30 21:30:00"}
{"message":"garbage collector deleted  a26adc89-05e1-4da5-9bfc-c352b8221418_plf.xml on folder: C:\\develop\\nodejs\\projects\\aitam\\work\\, path: C:\\develop\\nodejs\\projects\\aitam\\work\\a26adc89-05e1-4da5-9bfc-c352b8221418_plf.xml","level":"\u001b[34minfo\u001b[39m","timestamp":"2020-05-30 21:30:00"}
{"message":"garbage collector deleted  cc7a98ba-7837-40bb-b328-d0980fa6d555_plf.xml on folder: C:\\develop\\nodejs\\projects\\aitam\\work\\, path: C:\\develop\\nodejs\\projects\\aitam\\work\\cc7a98ba-7837-40bb-b328-d0980fa6d555_plf.xml","level":"\u001b[34minfo\u001b[39m","timestamp":"2020-05-30 21:30:00"}
{"message":"garbage collector deleted  90cd74c0-ac39-4cf4-8aee-f0b81c9af966.xml on folder: C:\\develop\\nodejs\\projects\\aitam\\work\\, path: C:\\develop\\nodejs\\projects\\aitam\\work\\90cd74c0-ac39-4cf4-8aee-f0b81c9af966.xml","level":"\u001b[34minfo\u001b[39m","timestamp":"2020-05-30 21:30:00"}
{"message":"garbage collector deleted  a26adc89-05e1-4da5-9bfc-c352b8221418.xml on folder: C:\\develop\\nodejs\\projects\\aitam\\work\\, path: C:\\develop\\nodejs\\projects\\aitam\\work\\a26adc89-05e1-4da5-9bfc-c352b8221418.xml","level":"\u001b[34minfo\u001b[39m","timestamp":"2020-05-30 21:30:00"}
{"message":"garbage collector deleted  cc7a98ba-7837-40bb-b328-d0980fa6d555.xml on folder: C:\\develop\\nodejs\\projects\\aitam\\work\\, path: C:\\develop\\nodejs\\projects\\aitam\\work\\cc7a98ba-7837-40bb-b328-d0980fa6d555.xml","level":"\u001b[34minfo\u001b[39m","timestamp":"2020-05-30 21:30:00"}
{"message":"garbage collector deleted  cf02c978-60ae-4075-8a55-83e6c9b417d1.xml on folder: C:\\develop\\nodejs\\projects\\aitam\\work\\, path: C:\\develop\\nodejs\\projects\\aitam\\work\\cf02c978-60ae-4075-8a55-83e6c9b417d1.xml","level":"\u001b[34minfo\u001b[39m","timestamp":"2020-05-30 21:30:00"}
{"message":"garbage collector deleted  d6551a67-9b4f-4327-9f75-412e1dc7d156.xml on folder: C:\\develop\\nodejs\\projects\\aitam\\work\\, path: C:\\develop\\nodejs\\projects\\aitam\\work\\d6551a67-9b4f-4327-9f75-412e1dc7d156.xml","level":"\u001b[34minfo\u001b[39m","timestamp":"2020-05-30 21:30:00"}
{"message":"garbage collector deleted  da35d42c-96af-4952-b97c-b6c2cc780669.xml on folder: C:\\develop\\nodejs\\projects\\aitam\\work\\, path: C:\\develop\\nodejs\\projects\\aitam\\work\\da35d42c-96af-4952-b97c-b6c2cc780669.xml","level":"\u001b[34minfo\u001b[39m","timestamp":"2020-05-30 21:30:00"}
{"message":"garbage collector deleted  ddc363cb-56d2-4903-b75d-bc2ea3275675.xml on folder: C:\\develop\\nodejs\\projects\\aitam\\work\\, path: C:\\develop\\nodejs\\projects\\aitam\\work\\ddc363cb-56d2-4903-b75d-bc2ea3275675.xml","level":"\u001b[34minfo\u001b[39m","timestamp":"2020-05-30 21:30:00"}
{"message":"garbage collector deleted  df38356d-4beb-404b-841e-c482f51220a2_plf.xml on folder: C:\\develop\\nodejs\\projects\\aitam\\work\\, path: C:\\develop\\nodejs\\projects\\aitam\\work\\df38356d-4beb-404b-841e-c482f51220a2_plf.xml","level":"\u001b[34minfo\u001b[39m","timestamp":"2020-05-30 21:30:00"}
{"message":"garbage collector deleted  e196b729-c815-4706-8691-26e71c02b63b.xml on folder: C:\\develop\\nodejs\\projects\\aitam\\work\\, path: C:\\develop\\nodejs\\projects\\aitam\\work\\e196b729-c815-4706-8691-26e71c02b63b.xml","level":"\u001b[34minfo\u001b[39m","timestamp":"2020-05-30 21:30:00"}
{"message":"garbage collector deleted  df38356d-4beb-404b-841e-c482f51220a2.xml on folder: C:\\develop\\nodejs\\projects\\aitam\\work\\, path: C:\\develop\\nodejs\\projects\\aitam\\work\\df38356d-4beb-404b-841e-c482f51220a2.xml","level":"\u001b[34minfo\u001b[39m","timestamp":"2020-05-30 21:30:00"}
{"message":"garbage collector deleted  e196b729-c815-4706-8691-26e71c02b63b_plf.xml on folder: C:\\develop\\nodejs\\projects\\aitam\\work\\, path: C:\\develop\\nodejs\\projects\\aitam\\work\\e196b729-c815-4706-8691-26e71c02b63b_plf.xml","level":"\u001b[34minfo\u001b[39m","timestamp":"2020-05-30 21:30:00"}
{"message":"garbage collector deleted  e53b956c-3419-4019-9c7e-068a357bdf52_plf.xml on folder: C:\\develop\\nodejs\\projects\\aitam\\work\\, path: C:\\develop\\nodejs\\projects\\aitam\\work\\e53b956c-3419-4019-9c7e-068a357bdf52_plf.xml","level":"\u001b[34minfo\u001b[39m","timestamp":"2020-05-30 21:30:00"}
{"message":"garbage collector deleted  e53b956c-3419-4019-9c7e-068a357bdf52.xml on folder: C:\\develop\\nodejs\\projects\\aitam\\work\\, path: C:\\develop\\nodejs\\projects\\aitam\\work\\e53b956c-3419-4019-9c7e-068a357bdf52.xml","level":"\u001b[34minfo\u001b[39m","timestamp":"2020-05-30 21:30:00"}
{"message":"garbage collector deleted  f23a76f1-8ed1-4b33-913d-74d802730eaa_plf.xml on folder: C:\\develop\\nodejs\\projects\\aitam\\work\\, path: C:\\develop\\nodejs\\projects\\aitam\\work\\f23a76f1-8ed1-4b33-913d-74d802730eaa_plf.xml","level":"\u001b[34minfo\u001b[39m","timestamp":"2020-05-30 21:30:00"}
{"message":"garbage collector deleted  efe48411-413b-4e78-813c-32050a5fd8eb_plf.xml on folder: C:\\develop\\nodejs\\projects\\aitam\\work\\, path: C:\\develop\\nodejs\\projects\\aitam\\work\\efe48411-413b-4e78-813c-32050a5fd8eb_plf.xml","level":"\u001b[34minfo\u001b[39m","timestamp":"2020-05-30 21:30:00"}
{"message":"garbage collector deleted  efe48411-413b-4e78-813c-32050a5fd8eb.xml on folder: C:\\develop\\nodejs\\projects\\aitam\\work\\, path: C:\\develop\\nodejs\\projects\\aitam\\work\\efe48411-413b-4e78-813c-32050a5fd8eb.xml","level":"\u001b[34minfo\u001b[39m","timestamp":"2020-05-30 21:30:00"}
{"message":"garbage collector deleted  f23a76f1-8ed1-4b33-913d-74d802730eaa.xml on folder: C:\\develop\\nodejs\\projects\\aitam\\work\\, path: C:\\develop\\nodejs\\projects\\aitam\\work\\f23a76f1-8ed1-4b33-913d-74d802730eaa.xml","level":"\u001b[34minfo\u001b[39m","timestamp":"2020-05-30 21:30:00"}
{"message":"garbage collector deleted  faadd72f-a370-4686-9d41-8b779eda590b.xml on folder: C:\\develop\\nodejs\\projects\\aitam\\work\\, path: C:\\develop\\nodejs\\projects\\aitam\\work\\faadd72f-a370-4686-9d41-8b779eda590b.xml","level":"\u001b[34minfo\u001b[39m","timestamp":"2020-05-30 21:30:00"}
{"message":"garbage collector deleted  faadd72f-a370-4686-9d41-8b779eda590b_plf.xml on folder: C:\\develop\\nodejs\\projects\\aitam\\work\\, path: C:\\develop\\nodejs\\projects\\aitam\\work\\faadd72f-a370-4686-9d41-8b779eda590b_plf.xml","level":"\u001b[34minfo\u001b[39m","timestamp":"2020-05-30 21:30:00"}
{"message":"garbage collector error:  Error: Can't read file C:\\develop\\nodejs\\projects\\aitam\\work\\f23a76f1-8ed1-4b33-913d-74d802730eaa.xml","level":"\u001b[34minfo\u001b[39m","timestamp":"2020-05-30 21:30:00"}
{"message":"garbage collector error:  Error: Can't read file C:\\develop\\nodejs\\projects\\aitam\\work\\faadd72f-a370-4686-9d41-8b779eda590b.xml","level":"\u001b[34minfo\u001b[39m","timestamp":"2020-05-30 21:30:00"}
{"message":"garbage collector error:  Error: Can't read file C:\\develop\\nodejs\\projects\\aitam\\work\\faadd72f-a370-4686-9d41-8b779eda590b_plf.xml","level":"\u001b[34minfo\u001b[39m","timestamp":"2020-05-30 21:30:00"}
{"message":"Session created received the id:711bd020-6790-4aea-b127-ada1abb3e7ba","level":"\u001b[34minfo\u001b[39m","timestamp":"2020-05-30 21:33:15"}
{"message":"garbage collector started on path: C:\\develop\\nodejs\\projects\\aitam\\work\\","level":"\u001b[34minfo\u001b[39m","timestamp":"2020-05-30 21:39:22"}
{"message":"garbage collector started on path: C:\\develop\\nodejs\\projects\\aitam\\work\\","level":"\u001b[34minfo\u001b[39m","timestamp":"2020-05-30 21:43:49"}
{"message":"garbage collector started on path: C:\\develop\\nodejs\\projects\\aitam\\work\\","level":"\u001b[34minfo\u001b[39m","timestamp":"2020-05-30 21:44:57"}
{"message":"garbage collector started on path: C:\\develop\\nodejs\\projects\\aitam\\work\\","level":"\u001b[34minfo\u001b[39m","timestamp":"2020-05-30 21:49:00"}
{"message":"garbage collector started on path: C:\\develop\\nodejs\\projects\\aitam\\work\\","level":"\u001b[34minfo\u001b[39m","timestamp":"2020-05-30 21:53:30"}
{"message":"garbage collector started on path: C:\\develop\\nodejs\\projects\\aitam\\work\\","level":"\u001b[34minfo\u001b[39m","timestamp":"2020-05-30 21:53:58"}
{"message":"garbage collector started on path: C:\\develop\\nodejs\\projects\\aitam\\work\\","level":"\u001b[34minfo\u001b[39m","timestamp":"2020-05-30 21:54:41"}
{"message":"garbage collector started on path: C:\\develop\\nodejs\\projects\\aitam\\work\\","level":"\u001b[34minfo\u001b[39m","timestamp":"2020-05-30 22:00:24"}
{"message":"garbage collector started on path: C:\\develop\\nodejs\\projects\\aitam\\work\\","level":"\u001b[34minfo\u001b[39m","timestamp":"2020-05-30 22:02:02"}
{"message":"garbage collector started on path: C:\\develop\\nodejs\\projects\\aitam\\work\\","level":"\u001b[34minfo\u001b[39m","timestamp":"2020-05-30 22:02:34"}
{"message":"garbage collector started on path: C:\\develop\\nodejs\\projects\\aitam\\work\\","level":"\u001b[34minfo\u001b[39m","timestamp":"2020-05-30 22:08:36"}
{"message":"Session created received the id:927bb885-b4aa-4acb-8624-a71d3e8b7342","level":"\u001b[34minfo\u001b[39m","timestamp":"2020-05-30 22:08:44"}
{"message":"garbage collector started on path: C:\\develop\\nodejs\\projects\\aitam\\work\\","level":"\u001b[34minfo\u001b[39m","timestamp":"2020-05-30 22:10:52"}
{"message":"Session created received the id:36dcbed1-bc70-4d64-87b6-bd23528da284","level":"\u001b[34minfo\u001b[39m","timestamp":"2020-05-30 22:10:54"}
{"message":"garbage collector started on path: C:\\develop\\nodejs\\projects\\aitam\\work\\","level":"\u001b[34minfo\u001b[39m","timestamp":"2020-05-30 22:15:53"}
{"message":"Session created received the id:3af13064-f26d-4638-a863-35a3d58c984d","level":"\u001b[34minfo\u001b[39m","timestamp":"2020-05-30 22:16:01"}
{"message":"req.user: undefined","level":"\u001b[34minfo\u001b[39m","timestamp":"2020-05-30 22:16:09"}
{"message":"Session id started: {\"user\":\"2f24vvg\"}","level":"\u001b[34minfo\u001b[39m","timestamp":"2020-05-30 22:16:09"}
{"message":"User logged in: {\"id\":\"2f24vvg\",\"email\":\"test@test.com\",\"password\":\"$2a$10$A2g6pbxxhLA9MNYRJ0rnzOf/7Ara76B0KcRdjzUcsIBIclRuas/fG\"}","level":"\u001b[34minfo\u001b[39m","timestamp":"2020-05-30 22:16:09"}
{"message":"garbage collector deleted  293f3998-275c-4906-8f9f-793551f55bbe.xml on folder: C:\\develop\\nodejs\\projects\\aitam\\work\\, path: C:\\develop\\nodejs\\projects\\aitam\\work\\293f3998-275c-4906-8f9f-793551f55bbe.xml","level":"\u001b[34minfo\u001b[39m","timestamp":"2020-05-30 22:30:00"}
{"message":"Session created received the id:3af13064-f26d-4638-a863-35a3d58c984d","level":"\u001b[34minfo\u001b[39m","timestamp":"2020-05-30 22:46:24"}
{"message":"Session created received the id:3af13064-f26d-4638-a863-35a3d58c984d","level":"\u001b[34minfo\u001b[39m","timestamp":"2020-05-30 22:55:54"}
{"message":"garbage collector started on path: C:\\develop\\nodejs\\projects\\aitam\\work\\","level":"\u001b[34minfo\u001b[39m","timestamp":"2020-05-30 22:56:09"}
{"message":"Session created received the id:269d79c4-665a-4299-8c6c-e0c305a4730d","level":"\u001b[34minfo\u001b[39m","timestamp":"2020-05-30 22:56:13"}
{"message":"garbage collector started on path: C:\\develop\\nodejs\\projects\\aitam\\work\\","level":"\u001b[34minfo\u001b[39m","timestamp":"2020-05-30 22:58:20"}
{"message":"Session created received the id:086803ca-654d-41f1-9a03-8f74c8f31a6b","level":"\u001b[34minfo\u001b[39m","timestamp":"2020-05-30 22:58:29"}
{"message":"req.user: undefined","level":"\u001b[34minfo\u001b[39m","timestamp":"2020-05-30 22:58:37"}
{"message":"Session id started: {\"user\":\"2f24vvg\"}","level":"\u001b[34minfo\u001b[39m","timestamp":"2020-05-30 22:58:37"}
{"message":"User logged in: {\"id\":\"2f24vvg\",\"email\":\"test@test.com\",\"password\":\"$2a$10$A2g6pbxxhLA9MNYRJ0rnzOf/7Ara76B0KcRdjzUcsIBIclRuas/fG\"}","level":"\u001b[34minfo\u001b[39m","timestamp":"2020-05-30 22:58:37"}
{"message":"User (2f24vvg) uploaded a file: {\"file-upload\":{\"size\":465587,\"path\":\"C:\\\\develop\\\\nodejs\\\\projects\\\\aitam\\\\work\\\\086803ca-654d-41f1-9a03-8f74c8f31a6b.xml\",\"name\":\"ATK-SIGTAS.xml\",\"type\":\"text/xml\",\"mtime\":\"2020-05-30T22:14:26.860Z\"}}","level":"\u001b[34minfo\u001b[39m","timestamp":"2020-05-30 23:14:26"}
{"message":"garbage collector deleted  Portfolio02.xml on folder: C:\\develop\\nodejs\\projects\\aitam\\work\\, path: C:\\develop\\nodejs\\projects\\aitam\\work\\Portfolio02.xml","level":"\u001b[34minfo\u001b[39m","timestamp":"2020-05-30 23:15:00"}
{"message":"garbage collector started on path: C:\\develop\\nodejs\\projects\\aitam\\work\\","level":"\u001b[34minfo\u001b[39m","timestamp":"2020-05-30 23:19:00"}
{"message":"Session created received the id:78efe69d-c56a-43f8-bba6-6754901a3165","level":"\u001b[34minfo\u001b[39m","timestamp":"2020-05-30 23:19:03"}
{"message":"req.user: undefined","level":"\u001b[34minfo\u001b[39m","timestamp":"2020-05-30 23:19:11"}
{"message":"Session id started: {\"user\":\"2f24vvg\"}","level":"\u001b[34minfo\u001b[39m","timestamp":"2020-05-30 23:19:11"}
{"message":"User logged in: {\"id\":\"2f24vvg\",\"email\":\"test@test.com\",\"password\":\"$2a$10$A2g6pbxxhLA9MNYRJ0rnzOf/7Ara76B0KcRdjzUcsIBIclRuas/fG\"}","level":"\u001b[34minfo\u001b[39m","timestamp":"2020-05-30 23:19:11"}
{"message":"garbage collector deleted  gazetteer.dic on folder: C:\\develop\\nodejs\\projects\\aitam\\work\\, path: C:\\develop\\nodejs\\projects\\aitam\\work\\gazetteer.dic","level":"\u001b[34minfo\u001b[39m","timestamp":"2020-05-30 23:30:00"}
{"message":"garbage collector started on path: C:\\develop\\nodejs\\projects\\aitam\\work\\","level":"\u001b[34minfo\u001b[39m","timestamp":"2020-05-30 23:32:43"}
{"message":"garbage collector started on path: C:\\develop\\nodejs\\projects\\aitam\\work\\","level":"\u001b[34minfo\u001b[39m","timestamp":"2020-05-30 23:40:19"}
{"message":"Session created received the id:9353a06d-6e49-41f2-92f0-43a44769bf77","level":"\u001b[34minfo\u001b[39m","timestamp":"2020-05-30 23:40:23"}
{"message":"404 - Not Found","level":"\u001b[33mwarn\u001b[39m","timestamp":"2020-05-30 23:40:36"}
{"message":"404 - Not Found","level":"\u001b[33mwarn\u001b[39m","timestamp":"2020-05-30 23:40:40"}
{"message":"404 - Not Found","level":"\u001b[33mwarn\u001b[39m","timestamp":"2020-05-30 23:40:42"}
{"message":"garbage collector started on path: C:\\develop\\nodejs\\projects\\aitam\\work\\","level":"\u001b[34minfo\u001b[39m","timestamp":"2020-05-30 23:47:30"}
{"message":"garbage collector started on path: C:\\develop\\nodejs\\projects\\aitam\\work\\","level":"\u001b[34minfo\u001b[39m","timestamp":"2020-05-30 23:48:51"}
{"message":"garbage collector started on path: C:\\develop\\nodejs\\projects\\aitam\\work\\","level":"\u001b[34minfo\u001b[39m","timestamp":"2020-05-30 23:49:00"}
{"message":"Session created received the id:570a4dbb-8be6-47cf-a80a-44be918d00b6","level":"\u001b[34minfo\u001b[39m","timestamp":"2020-05-30 23:49:02"}
{"message":"garbage collector started on path: C:\\develop\\nodejs\\projects\\aitam\\work\\","level":"\u001b[34minfo\u001b[39m","timestamp":"2020-05-30 23:50:26"}
{"message":"Session created received the id:661e78f4-20d1-46da-8849-cef40e2b77e6","level":"\u001b[34minfo\u001b[39m","timestamp":"2020-05-30 23:50:30"}
