{"message":"garbage collector started on path: C:\\develop\\nodejs\\projects\\aitam\\work\\","level":"\u001b[34minfo\u001b[39m","timestamp":"2020-01-05 00:30:12"}
{"message":"garbage collector deleted  23e2b16d-a442-4e36-93d4-4c051b88edb3.xml on folder: C:\\develop\\nodejs\\projects\\aitam\\work\\, path: C:\\develop\\nodejs\\projects\\aitam\\work\\23e2b16d-a442-4e36-93d4-4c051b88edb3.xml","level":"\u001b[34minfo\u001b[39m","timestamp":"2020-01-05 00:30:13"}
{"message":"garbage collector error:  Error: Can't delete C:\\develop\\nodejs\\projects\\aitam\\work\\23e2b16d-a442-4e36-93d4-4c051b88edb3.xml","level":"\u001b[34minfo\u001b[39m","timestamp":"2020-01-05 00:30:13"}
{"message":"garbage collector deleted  85427217-d10f-463a-ac8e-74f720f01ef3.xml on folder: C:\\develop\\nodejs\\projects\\aitam\\work\\, path: C:\\develop\\nodejs\\projects\\aitam\\work\\85427217-d10f-463a-ac8e-74f720f01ef3.xml","level":"\u001b[34minfo\u001b[39m","timestamp":"2020-01-05 00:30:13"}
{"message":"garbage collector error:  Error: Can't delete C:\\develop\\nodejs\\projects\\aitam\\work\\85427217-d10f-463a-ac8e-74f720f01ef3.xml","level":"\u001b[34minfo\u001b[39m","timestamp":"2020-01-05 00:30:13"}
{"message":"garbage collector deleted  8c98d2d6-88ad-4ea9-85af-c6392b22d21a.xml on folder: C:\\develop\\nodejs\\projects\\aitam\\work\\, path: C:\\develop\\nodejs\\projects\\aitam\\work\\8c98d2d6-88ad-4ea9-85af-c6392b22d21a.xml","level":"\u001b[34minfo\u001b[39m","timestamp":"2020-01-05 00:30:13"}
{"message":"garbage collector error:  Error: Can't delete C:\\develop\\nodejs\\projects\\aitam\\work\\8c98d2d6-88ad-4ea9-85af-c6392b22d21a.xml","level":"\u001b[34minfo\u001b[39m","timestamp":"2020-01-05 00:30:13"}
{"message":"Session created received the id:759e0926-6a85-40a5-98b7-639040cbe407","level":"\u001b[34minfo\u001b[39m","timestamp":"2020-01-05 00:30:27"}
{"message":"garbage collector started on path: C:\\develop\\nodejs\\projects\\aitam\\work\\","level":"\u001b[34minfo\u001b[39m","timestamp":"2020-01-05 00:30:51"}
{"message":"req.user: undefined","level":"\u001b[34minfo\u001b[39m","timestamp":"2020-01-05 00:31:06"}
{"message":"Session id started: {\"user\":\"2f24vvg\"}","level":"\u001b[34minfo\u001b[39m","timestamp":"2020-01-05 00:31:06"}
{"message":"User logged in: {\"id\":\"2f24vvg\",\"email\":\"test@test.com\",\"password\":\"$2a$10$A2g6pbxxhLA9MNYRJ0rnzOf/7Ara76B0KcRdjzUcsIBIclRuas/fG\"}","level":"\u001b[34minfo\u001b[39m","timestamp":"2020-01-05 00:31:06"}
{"message":"User (2f24vvg) uploaded a file: {\"file-upload\":{\"size\":439275,\"path\":\"C:\\\\develop\\\\nodejs\\\\projects\\\\aitam\\\\work\\\\cdd1c30c-1cd7-4dfd-9408-64471f00f110.xml\",\"name\":\"test_site3.xml\",\"type\":\"text/xml\",\"mtime\":\"2020-01-05T00:31:14.894Z\"}}","level":"\u001b[34minfo\u001b[39m","timestamp":"2020-01-05 00:31:14"}
{"message":"garbage collector started on path: C:\\develop\\nodejs\\projects\\aitam\\work\\","level":"\u001b[34minfo\u001b[39m","timestamp":"2020-01-05 00:33:48"}
{"message":"req.user: undefined","level":"\u001b[34minfo\u001b[39m","timestamp":"2020-01-05 00:33:57"}
{"message":"Session id started: {\"user\":\"2f24vvg\"}","level":"\u001b[34minfo\u001b[39m","timestamp":"2020-01-05 00:33:57"}
{"message":"User logged in: {\"id\":\"2f24vvg\",\"email\":\"test@test.com\",\"password\":\"$2a$10$A2g6pbxxhLA9MNYRJ0rnzOf/7Ara76B0KcRdjzUcsIBIclRuas/fG\"}","level":"\u001b[34minfo\u001b[39m","timestamp":"2020-01-05 00:33:57"}
{"message":"User (2f24vvg) uploaded a file: {\"file-upload\":{\"size\":439275,\"path\":\"C:\\\\develop\\\\nodejs\\\\projects\\\\aitam\\\\work\\\\acc1d334-1328-4998-a21b-487d840b2126.xml\",\"name\":\"test_site3.xml\",\"type\":\"text/xml\",\"mtime\":\"2020-01-05T00:34:03.590Z\"}}","level":"\u001b[34minfo\u001b[39m","timestamp":"2020-01-05 00:34:03"}
{"message":"garbage collector started on path: C:\\develop\\nodejs\\projects\\aitam\\work\\","level":"\u001b[34minfo\u001b[39m","timestamp":"2020-01-05 00:37:59"}
{"message":"req.user: undefined","level":"\u001b[34minfo\u001b[39m","timestamp":"2020-01-05 00:38:12"}
{"message":"Session id started: {\"user\":\"2f24vvg\"}","level":"\u001b[34minfo\u001b[39m","timestamp":"2020-01-05 00:38:12"}
{"message":"User logged in: {\"id\":\"2f24vvg\",\"email\":\"test@test.com\",\"password\":\"$2a$10$A2g6pbxxhLA9MNYRJ0rnzOf/7Ara76B0KcRdjzUcsIBIclRuas/fG\"}","level":"\u001b[34minfo\u001b[39m","timestamp":"2020-01-05 00:38:12"}
{"message":"User (2f24vvg) uploaded a file: {\"file-upload\":{\"size\":439275,\"path\":\"C:\\\\develop\\\\nodejs\\\\projects\\\\aitam\\\\work\\\\8b677577-e7cd-4d3f-9dc6-91e2e660b750.xml\",\"name\":\"test_site3.xml\",\"type\":\"text/xml\",\"mtime\":\"2020-01-05T00:38:18.030Z\"}}","level":"\u001b[34minfo\u001b[39m","timestamp":"2020-01-05 00:38:18"}
{"message":"garbage collector started on path: C:\\develop\\nodejs\\projects\\aitam\\work\\","level":"\u001b[34minfo\u001b[39m","timestamp":"2020-01-05 00:39:30"}
