{"message":"garbage collector started on path: C:\\develop\\nodejs\\projects\\aitam\\work\\","level":"\u001b[34minfo\u001b[39m","timestamp":"2020-09-06 09:51:33"}
{"message":"garbage collector started on path: C:\\develop\\nodejs\\projects\\aitam\\work\\","level":"\u001b[34minfo\u001b[39m","timestamp":"2020-09-06 09:51:38"}
{"message":"Session created received the id:b0e03ea5-b8f9-4bda-b874-ff2b7e55d8d0","level":"\u001b[34minfo\u001b[39m","timestamp":"2020-09-06 09:51:40"}
{"message":"garbage collector started on path: C:\\develop\\nodejs\\projects\\aitam\\work\\","level":"\u001b[34minfo\u001b[39m","timestamp":"2020-09-06 09:51:42"}
{"message":"404 - Not Found","level":"\u001b[33mwarn\u001b[39m","timestamp":"2020-09-06 09:51:45"}
{"message":"garbage collector started on path: C:\\develop\\nodejs\\projects\\aitam\\work\\","level":"\u001b[34minfo\u001b[39m","timestamp":"2020-09-06 09:58:51"}
{"message":"req.user: undefined","level":"\u001b[34minfo\u001b[39m","timestamp":"2020-09-06 10:07:43"}
{"message":"Session id started: {\"user\":\"2f24vvg\"}","level":"\u001b[34minfo\u001b[39m","timestamp":"2020-09-06 10:07:43"}
{"message":"User logged in: {\"id\":\"2f24vvg\",\"email\":\"test@test.com\",\"password\":\"$2a$10$A2g6pbxxhLA9MNYRJ0rnzOf/7Ara76B0KcRdjzUcsIBIclRuas/fG\"}","level":"\u001b[34minfo\u001b[39m","timestamp":"2020-09-06 10:07:43"}
{"message":"garbage collector started on path: C:\\develop\\nodejs\\projects\\aitam\\work\\","level":"\u001b[34minfo\u001b[39m","timestamp":"2020-09-06 10:31:06"}
{"message":"garbage collector started on path: C:\\develop\\nodejs\\projects\\aitam\\work\\","level":"\u001b[34minfo\u001b[39m","timestamp":"2020-09-06 10:49:12"}
{"message":"garbage collector started on path: C:\\develop\\nodejs\\projects\\aitam\\work\\","level":"\u001b[34minfo\u001b[39m","timestamp":"2020-09-06 10:52:36"}
{"message":"garbage collector started on path: C:\\develop\\nodejs\\projects\\aitam\\work\\","level":"\u001b[34minfo\u001b[39m","timestamp":"2020-09-06 10:52:39"}
{"message":"garbage collector started on path: C:\\develop\\nodejs\\projects\\aitam\\work\\","level":"\u001b[34minfo\u001b[39m","timestamp":"2020-09-06 10:59:02"}
{"message":"garbage collector started on path: C:\\develop\\nodejs\\projects\\aitam\\work\\","level":"\u001b[34minfo\u001b[39m","timestamp":"2020-09-06 11:00:25"}
{"message":"garbage collector started on path: C:\\develop\\nodejs\\projects\\aitam\\work\\","level":"\u001b[34minfo\u001b[39m","timestamp":"2020-09-06 14:27:52"}
{"message":"garbage collector started on path: C:\\develop\\nodejs\\projects\\aitam\\work\\","level":"\u001b[34minfo\u001b[39m","timestamp":"2020-09-06 14:27:56"}
{"message":"Session created received the id:3877a322-9b4e-426c-a73b-9b36b483b9ec","level":"\u001b[34minfo\u001b[39m","timestamp":"2020-09-06 14:29:35"}
{"message":"garbage collector started on path: C:\\develop\\nodejs\\projects\\aitam\\work\\","level":"\u001b[34minfo\u001b[39m","timestamp":"2020-09-06 14:29:38"}
{"message":"404 - Not Found","level":"\u001b[33mwarn\u001b[39m","timestamp":"2020-09-06 14:29:40"}
{"message":"garbage collector started on path: C:\\develop\\nodejs\\projects\\aitam\\work\\","level":"\u001b[34minfo\u001b[39m","timestamp":"2020-09-06 15:30:22"}
{"message":"garbage collector started on path: C:\\develop\\nodejs\\projects\\aitam\\work\\","level":"\u001b[34minfo\u001b[39m","timestamp":"2020-09-06 15:30:26"}
{"message":"garbage collector started on path: C:\\develop\\nodejs\\projects\\aitam\\work\\","level":"\u001b[34minfo\u001b[39m","timestamp":"2020-09-06 15:31:31"}
{"message":"garbage collector started on path: C:\\develop\\nodejs\\projects\\aitam\\work\\","level":"\u001b[34minfo\u001b[39m","timestamp":"2020-09-06 15:45:06"}
{"message":"garbage collector started on path: C:\\develop\\nodejs\\projects\\aitam\\work\\","level":"\u001b[34minfo\u001b[39m","timestamp":"2020-09-06 15:45:41"}
{"message":"garbage collector started on path: C:\\develop\\nodejs\\projects\\aitam\\work\\","level":"\u001b[34minfo\u001b[39m","timestamp":"2020-09-06 15:52:11"}
{"message":"garbage collector started on path: C:\\develop\\nodejs\\projects\\aitam\\work\\","level":"\u001b[34minfo\u001b[39m","timestamp":"2020-09-06 15:54:30"}
{"message":"garbage collector started on path: C:\\develop\\nodejs\\projects\\aitam\\work\\","level":"\u001b[34minfo\u001b[39m","timestamp":"2020-09-06 15:58:09"}
{"message":"garbage collector started on path: C:\\develop\\nodejs\\projects\\aitam\\work\\","level":"\u001b[34minfo\u001b[39m","timestamp":"2020-09-06 16:00:13"}
{"message":"garbage collector started on path: C:\\develop\\nodejs\\projects\\aitam\\work\\","level":"\u001b[34minfo\u001b[39m","timestamp":"2020-09-06 16:21:00"}
{"message":"garbage collector started on path: C:\\develop\\nodejs\\projects\\aitam\\work\\","level":"\u001b[34minfo\u001b[39m","timestamp":"2020-09-06 16:24:49"}
{"message":"garbage collector started on path: C:\\develop\\nodejs\\projects\\aitam\\work\\","level":"\u001b[34minfo\u001b[39m","timestamp":"2020-09-06 16:25:20"}
{"message":"Session created received the id:a7aceb6b-7b1a-47e3-8b9c-7b7950969e6e","level":"\u001b[34minfo\u001b[39m","timestamp":"2020-09-06 16:26:03"}
{"message":"req.user: undefined","level":"\u001b[34minfo\u001b[39m","timestamp":"2020-09-06 16:26:06"}
{"message":"Session id started: {\"user\":\"2f24vvg\"}","level":"\u001b[34minfo\u001b[39m","timestamp":"2020-09-06 16:26:06"}
{"message":"User logged in: {\"id\":\"2f24vvg\",\"email\":\"test@test.com\",\"password\":\"$2a$10$A2g6pbxxhLA9MNYRJ0rnzOf/7Ara76B0KcRdjzUcsIBIclRuas/fG\"}","level":"\u001b[34minfo\u001b[39m","timestamp":"2020-09-06 16:26:06"}
{"message":"404 - Not Found","level":"\u001b[33mwarn\u001b[39m","timestamp":"2020-09-06 16:26:12"}
{"message":"garbage collector started on path: C:\\develop\\nodejs\\projects\\aitam\\work\\","level":"\u001b[34minfo\u001b[39m","timestamp":"2020-09-06 16:27:04"}
{"message":"garbage collector started on path: C:\\develop\\nodejs\\projects\\aitam\\work\\","level":"\u001b[34minfo\u001b[39m","timestamp":"2020-09-06 16:27:29"}
{"message":"garbage collector started on path: C:\\develop\\nodejs\\projects\\aitam\\work\\","level":"\u001b[34minfo\u001b[39m","timestamp":"2020-09-06 16:59:23"}
{"message":"garbage collector started on path: C:\\develop\\nodejs\\projects\\aitam\\work\\","level":"\u001b[34minfo\u001b[39m","timestamp":"2020-09-06 16:59:26"}
{"message":"garbage collector started on path: C:\\develop\\nodejs\\projects\\aitam\\work\\","level":"\u001b[34minfo\u001b[39m","timestamp":"2020-09-06 17:10:04"}
{"message":"garbage collector started on path: C:\\develop\\nodejs\\projects\\aitam\\work\\","level":"\u001b[34minfo\u001b[39m","timestamp":"2020-09-06 17:15:44"}
{"message":"garbage collector started on path: C:\\develop\\nodejs\\projects\\aitam\\work\\","level":"\u001b[34minfo\u001b[39m","timestamp":"2020-09-06 17:25:53"}
{"message":"garbage collector started on path: C:\\develop\\nodejs\\projects\\aitam\\work\\","level":"\u001b[34minfo\u001b[39m","timestamp":"2020-09-06 17:29:07"}
{"message":"garbage collector started on path: C:\\develop\\nodejs\\projects\\aitam\\work\\","level":"\u001b[34minfo\u001b[39m","timestamp":"2020-09-06 17:31:01"}
