{"message":"garbage collector started on path: C:\\develop\\nodejs\\projects\\aitam\\work\\","level":"\u001b[34minfo\u001b[39m","timestamp":"2020-01-18 15:49:29"}
{"message":"Session created received the id:d1a47c75-63bc-47fb-9609-17da2da66251","level":"\u001b[34minfo\u001b[39m","timestamp":"2020-01-18 15:50:14"}
{"message":"404 - Not Found","level":"\u001b[33mwarn\u001b[39m","timestamp":"2020-01-18 15:50:15"}
{"message":"Session created received the id:d1a47c75-63bc-47fb-9609-17da2da66251","level":"\u001b[34minfo\u001b[39m","timestamp":"2020-01-18 15:51:23"}
{"message":"req.user: undefined","level":"\u001b[34minfo\u001b[39m","timestamp":"2020-01-18 15:52:06"}
{"message":"Session id started: {\"user\":\"2f24vvg\"}","level":"\u001b[34minfo\u001b[39m","timestamp":"2020-01-18 15:52:06"}
{"message":"User logged in: {\"id\":\"2f24vvg\",\"email\":\"test@test.com\",\"password\":\"$2a$10$A2g6pbxxhLA9MNYRJ0rnzOf/7Ara76B0KcRdjzUcsIBIclRuas/fG\"}","level":"\u001b[34minfo\u001b[39m","timestamp":"2020-01-18 15:52:06"}
{"message":"User (2f24vvg) uploaded a file: {\"file-upload\":{\"size\":439275,\"path\":\"C:\\\\develop\\\\nodejs\\\\projects\\\\aitam\\\\work\\\\d1a47c75-63bc-47fb-9609-17da2da66251.xml\",\"name\":\"test_site3.xml\",\"type\":\"text/xml\",\"mtime\":\"2020-01-18T15:52:19.562Z\"}}","level":"\u001b[34minfo\u001b[39m","timestamp":"2020-01-18 15:52:19"}
{"message":"garbage collector started on path: C:\\develop\\nodejs\\projects\\aitam\\work\\","level":"\u001b[34minfo\u001b[39m","timestamp":"2020-01-18 15:54:13"}
{"message":"Session created received the id:09eb7d73-0566-4c25-ad78-fde132ab24a5","level":"\u001b[34minfo\u001b[39m","timestamp":"2020-01-18 15:54:21"}
{"message":"404 - Not Found","level":"\u001b[33mwarn\u001b[39m","timestamp":"2020-01-18 15:54:21"}
{"message":"req.user: undefined","level":"\u001b[34minfo\u001b[39m","timestamp":"2020-01-18 15:54:25"}
{"message":"Session id started: {\"user\":\"2f24vvg\"}","level":"\u001b[34minfo\u001b[39m","timestamp":"2020-01-18 15:54:25"}
{"message":"User logged in: {\"id\":\"2f24vvg\",\"email\":\"test@test.com\",\"password\":\"$2a$10$A2g6pbxxhLA9MNYRJ0rnzOf/7Ara76B0KcRdjzUcsIBIclRuas/fG\"}","level":"\u001b[34minfo\u001b[39m","timestamp":"2020-01-18 15:54:25"}
{"message":"User (2f24vvg) uploaded a file: {\"file-upload\":{\"size\":439275,\"path\":\"C:\\\\develop\\\\nodejs\\\\projects\\\\aitam\\\\work\\\\09eb7d73-0566-4c25-ad78-fde132ab24a5.xml\",\"name\":\"test_site3.xml\",\"type\":\"text/xml\",\"mtime\":\"2020-01-18T15:54:30.782Z\"}}","level":"\u001b[34minfo\u001b[39m","timestamp":"2020-01-18 15:54:30"}
{"message":"garbage collector started on path: C:\\develop\\nodejs\\projects\\aitam\\work\\","level":"\u001b[34minfo\u001b[39m","timestamp":"2020-01-18 15:58:22"}
{"message":"Session created received the id:728a498d-49a1-4478-906b-ec9e475abc48","level":"\u001b[34minfo\u001b[39m","timestamp":"2020-01-18 15:58:28"}
{"message":"req.user: undefined","level":"\u001b[34minfo\u001b[39m","timestamp":"2020-01-18 15:58:32"}
{"message":"Session id started: {\"user\":\"2f24vvg\"}","level":"\u001b[34minfo\u001b[39m","timestamp":"2020-01-18 15:58:32"}
{"message":"User logged in: {\"id\":\"2f24vvg\",\"email\":\"test@test.com\",\"password\":\"$2a$10$A2g6pbxxhLA9MNYRJ0rnzOf/7Ara76B0KcRdjzUcsIBIclRuas/fG\"}","level":"\u001b[34minfo\u001b[39m","timestamp":"2020-01-18 15:58:32"}
{"message":"User (2f24vvg) uploaded a file: {\"file-upload\":{\"size\":439275,\"path\":\"C:\\\\develop\\\\nodejs\\\\projects\\\\aitam\\\\work\\\\728a498d-49a1-4478-906b-ec9e475abc48.xml\",\"name\":\"test_site3.xml\",\"type\":\"text/xml\",\"mtime\":\"2020-01-18T15:58:36.822Z\"}}","level":"\u001b[34minfo\u001b[39m","timestamp":"2020-01-18 15:58:36"}
{"message":"garbage collector deleted  test.map on folder: C:\\develop\\nodejs\\projects\\aitam\\work\\, path: C:\\develop\\nodejs\\projects\\aitam\\work\\test.map","level":"\u001b[34minfo\u001b[39m","timestamp":"2020-01-18 16:00:00"}
