{"message":"garbage collector started on path: C:\\develop\\nodejs\\projects\\aitam\\work\\","level":"\u001b[34minfo\u001b[39m","timestamp":"2020-03-14 19:50:07"}
{"message":"Session created received the id:17fff5de-5840-45ad-b65b-5eb0ecdec78f","level":"\u001b[34minfo\u001b[39m","timestamp":"2020-03-14 19:50:18"}
{"message":"404 - Not Found","level":"\u001b[33mwarn\u001b[39m","timestamp":"2020-03-14 19:50:19"}
{"message":"req.user: undefined","level":"\u001b[34minfo\u001b[39m","timestamp":"2020-03-14 19:50:22"}
{"message":"Session id started: {\"user\":\"2f24vvg\"}","level":"\u001b[34minfo\u001b[39m","timestamp":"2020-03-14 19:50:22"}
{"message":"User logged in: {\"id\":\"2f24vvg\",\"email\":\"test@test.com\",\"password\":\"$2a$10$A2g6pbxxhLA9MNYRJ0rnzOf/7Ara76B0KcRdjzUcsIBIclRuas/fG\"}","level":"\u001b[34minfo\u001b[39m","timestamp":"2020-03-14 19:50:22"}
{"message":"User (2f24vvg) uploaded a file: {\"file-upload\":{\"size\":439256,\"path\":\"C:\\\\develop\\\\nodejs\\\\projects\\\\aitam\\\\work\\\\17fff5de-5840-45ad-b65b-5eb0ecdec78f.xml\",\"name\":\"test_site3.xml\",\"type\":\"text/xml\",\"mtime\":\"2020-03-14T19:50:28.371Z\"}}","level":"\u001b[34minfo\u001b[39m","timestamp":"2020-03-14 19:50:28"}
{"message":"garbage collector started on path: C:\\develop\\nodejs\\projects\\aitam\\work\\","level":"\u001b[34minfo\u001b[39m","timestamp":"2020-03-14 21:19:03"}
{"message":"Session created received the id:fcc4537c-248a-4217-b138-960f5da86d9b","level":"\u001b[34minfo\u001b[39m","timestamp":"2020-03-14 21:19:05"}
{"message":"404 - Not Found","level":"\u001b[33mwarn\u001b[39m","timestamp":"2020-03-14 21:19:05"}
{"message":"Session created received the id:fcc4537c-248a-4217-b138-960f5da86d9b","level":"\u001b[34minfo\u001b[39m","timestamp":"2020-03-14 21:19:30"}
{"message":"Session created received the id:fcc4537c-248a-4217-b138-960f5da86d9b","level":"\u001b[34minfo\u001b[39m","timestamp":"2020-03-14 21:19:32"}
{"message":"req.user: undefined","level":"\u001b[34minfo\u001b[39m","timestamp":"2020-03-14 21:20:01"}
{"message":"Session id started: {\"user\":\"2f24vvg\"}","level":"\u001b[34minfo\u001b[39m","timestamp":"2020-03-14 21:20:01"}
{"message":"User logged in: {\"id\":\"2f24vvg\",\"email\":\"test@test.com\",\"password\":\"$2a$10$A2g6pbxxhLA9MNYRJ0rnzOf/7Ara76B0KcRdjzUcsIBIclRuas/fG\"}","level":"\u001b[34minfo\u001b[39m","timestamp":"2020-03-14 21:20:01"}
{"message":"User (2f24vvg) uploaded a file: {\"file-upload\":{\"size\":439256,\"path\":\"C:\\\\develop\\\\nodejs\\\\projects\\\\aitam\\\\work\\\\fcc4537c-248a-4217-b138-960f5da86d9b.xml\",\"name\":\"test_site3.xml\",\"type\":\"text/xml\",\"mtime\":\"2020-03-14T21:20:06.567Z\"}}","level":"\u001b[34minfo\u001b[39m","timestamp":"2020-03-14 21:20:06"}
{"message":"garbage collector started on path: C:\\develop\\nodejs\\projects\\aitam\\work\\","level":"\u001b[34minfo\u001b[39m","timestamp":"2020-03-14 21:25:40"}
{"message":"garbage collector started on path: C:\\develop\\nodejs\\projects\\aitam\\work\\","level":"\u001b[34minfo\u001b[39m","timestamp":"2020-03-14 21:26:37"}
{"message":"garbage collector started on path: C:\\develop\\nodejs\\projects\\aitam\\work\\","level":"\u001b[34minfo\u001b[39m","timestamp":"2020-03-14 21:29:48"}
{"message":"garbage collector deleted  09050621-e2b2-4c6c-94b7-22813144abbe.xml on folder: C:\\develop\\nodejs\\projects\\aitam\\work\\, path: C:\\develop\\nodejs\\projects\\aitam\\work\\09050621-e2b2-4c6c-94b7-22813144abbe.xml","level":"\u001b[34minfo\u001b[39m","timestamp":"2020-03-14 21:30:00"}
{"message":"garbage collector deleted  20cf9cd8-ce6c-4a63-a3d6-a202cfd228fc.xml on folder: C:\\develop\\nodejs\\projects\\aitam\\work\\, path: C:\\develop\\nodejs\\projects\\aitam\\work\\20cf9cd8-ce6c-4a63-a3d6-a202cfd228fc.xml","level":"\u001b[34minfo\u001b[39m","timestamp":"2020-03-14 21:30:00"}
{"message":"garbage collector deleted  09050621-e2b2-4c6c-94b7-22813144abbe.xlsx on folder: C:\\develop\\nodejs\\projects\\aitam\\work\\, path: C:\\develop\\nodejs\\projects\\aitam\\work\\09050621-e2b2-4c6c-94b7-22813144abbe.xlsx","level":"\u001b[34minfo\u001b[39m","timestamp":"2020-03-14 21:30:00"}
{"message":"garbage collector deleted  218442df-110a-4bba-bfee-53b3f669e2d0.xlsx on folder: C:\\develop\\nodejs\\projects\\aitam\\work\\, path: C:\\develop\\nodejs\\projects\\aitam\\work\\218442df-110a-4bba-bfee-53b3f669e2d0.xlsx","level":"\u001b[34minfo\u001b[39m","timestamp":"2020-03-14 21:30:00"}
{"message":"garbage collector deleted  218442df-110a-4bba-bfee-53b3f669e2d0.xml on folder: C:\\develop\\nodejs\\projects\\aitam\\work\\, path: C:\\develop\\nodejs\\projects\\aitam\\work\\218442df-110a-4bba-bfee-53b3f669e2d0.xml","level":"\u001b[34minfo\u001b[39m","timestamp":"2020-03-14 21:30:00"}
{"message":"garbage collector deleted  23b8006f-bb79-4806-90bd-898d1a5f6725.xml on folder: C:\\develop\\nodejs\\projects\\aitam\\work\\, path: C:\\develop\\nodejs\\projects\\aitam\\work\\23b8006f-bb79-4806-90bd-898d1a5f6725.xml","level":"\u001b[34minfo\u001b[39m","timestamp":"2020-03-14 21:30:00"}
{"message":"garbage collector deleted  23b8006f-bb79-4806-90bd-898d1a5f6725.xlsx on folder: C:\\develop\\nodejs\\projects\\aitam\\work\\, path: C:\\develop\\nodejs\\projects\\aitam\\work\\23b8006f-bb79-4806-90bd-898d1a5f6725.xlsx","level":"\u001b[34minfo\u001b[39m","timestamp":"2020-03-14 21:30:00"}
{"message":"garbage collector deleted  3f3ae8cc-9eb8-4e5f-b994-d05849073091.odt on folder: C:\\develop\\nodejs\\projects\\aitam\\work\\, path: C:\\develop\\nodejs\\projects\\aitam\\work\\3f3ae8cc-9eb8-4e5f-b994-d05849073091.odt","level":"\u001b[34minfo\u001b[39m","timestamp":"2020-03-14 21:30:00"}
{"message":"garbage collector deleted  3f3ae8cc-9eb8-4e5f-b994-d05849073091.xml on folder: C:\\develop\\nodejs\\projects\\aitam\\work\\, path: C:\\develop\\nodejs\\projects\\aitam\\work\\3f3ae8cc-9eb8-4e5f-b994-d05849073091.xml","level":"\u001b[34minfo\u001b[39m","timestamp":"2020-03-14 21:30:00"}
{"message":"garbage collector deleted  50c5da59-e112-4a42-9d3a-bbe802b379fd.xml on folder: C:\\develop\\nodejs\\projects\\aitam\\work\\, path: C:\\develop\\nodejs\\projects\\aitam\\work\\50c5da59-e112-4a42-9d3a-bbe802b379fd.xml","level":"\u001b[34minfo\u001b[39m","timestamp":"2020-03-14 21:30:00"}
{"message":"garbage collector deleted  53579fab-0ec9-4629-b09c-0ec5f1126110.xml on folder: C:\\develop\\nodejs\\projects\\aitam\\work\\, path: C:\\develop\\nodejs\\projects\\aitam\\work\\53579fab-0ec9-4629-b09c-0ec5f1126110.xml","level":"\u001b[34minfo\u001b[39m","timestamp":"2020-03-14 21:30:00"}
{"message":"garbage collector deleted  56dbbed3-449c-494e-864d-cb52f8a396cc.xml on folder: C:\\develop\\nodejs\\projects\\aitam\\work\\, path: C:\\develop\\nodejs\\projects\\aitam\\work\\56dbbed3-449c-494e-864d-cb52f8a396cc.xml","level":"\u001b[34minfo\u001b[39m","timestamp":"2020-03-14 21:30:00"}
{"message":"garbage collector deleted  74068adb-b299-43fe-9244-6de177254484.xlsx on folder: C:\\develop\\nodejs\\projects\\aitam\\work\\, path: C:\\develop\\nodejs\\projects\\aitam\\work\\74068adb-b299-43fe-9244-6de177254484.xlsx","level":"\u001b[34minfo\u001b[39m","timestamp":"2020-03-14 21:30:00"}
{"message":"garbage collector deleted  74068adb-b299-43fe-9244-6de177254484.xml on folder: C:\\develop\\nodejs\\projects\\aitam\\work\\, path: C:\\develop\\nodejs\\projects\\aitam\\work\\74068adb-b299-43fe-9244-6de177254484.xml","level":"\u001b[34minfo\u001b[39m","timestamp":"2020-03-14 21:30:00"}
{"message":"garbage collector deleted  7a71e83e-2260-4bb6-b5a0-f92dc4e66baf.odt on folder: C:\\develop\\nodejs\\projects\\aitam\\work\\, path: C:\\develop\\nodejs\\projects\\aitam\\work\\7a71e83e-2260-4bb6-b5a0-f92dc4e66baf.odt","level":"\u001b[34minfo\u001b[39m","timestamp":"2020-03-14 21:30:00"}
{"message":"garbage collector deleted  7a71e83e-2260-4bb6-b5a0-f92dc4e66baf.xml on folder: C:\\develop\\nodejs\\projects\\aitam\\work\\, path: C:\\develop\\nodejs\\projects\\aitam\\work\\7a71e83e-2260-4bb6-b5a0-f92dc4e66baf.xml","level":"\u001b[34minfo\u001b[39m","timestamp":"2020-03-14 21:30:00"}
{"message":"garbage collector deleted  7b8d2c78-b4dc-4317-83b9-cfa0800ac065.xml on folder: C:\\develop\\nodejs\\projects\\aitam\\work\\, path: C:\\develop\\nodejs\\projects\\aitam\\work\\7b8d2c78-b4dc-4317-83b9-cfa0800ac065.xml","level":"\u001b[34minfo\u001b[39m","timestamp":"2020-03-14 21:30:00"}
{"message":"garbage collector deleted  7e19f5de-48b5-439c-9020-e4d6bf00b673.xml on folder: C:\\develop\\nodejs\\projects\\aitam\\work\\, path: C:\\develop\\nodejs\\projects\\aitam\\work\\7e19f5de-48b5-439c-9020-e4d6bf00b673.xml","level":"\u001b[34minfo\u001b[39m","timestamp":"2020-03-14 21:30:00"}
{"message":"garbage collector deleted  7e19f5de-48b5-439c-9020-e4d6bf00b673.odt on folder: C:\\develop\\nodejs\\projects\\aitam\\work\\, path: C:\\develop\\nodejs\\projects\\aitam\\work\\7e19f5de-48b5-439c-9020-e4d6bf00b673.odt","level":"\u001b[34minfo\u001b[39m","timestamp":"2020-03-14 21:30:00"}
{"message":"garbage collector deleted  82a5257d-36e7-4f90-85ca-d187cba415e6.xml on folder: C:\\develop\\nodejs\\projects\\aitam\\work\\, path: C:\\develop\\nodejs\\projects\\aitam\\work\\82a5257d-36e7-4f90-85ca-d187cba415e6.xml","level":"\u001b[34minfo\u001b[39m","timestamp":"2020-03-14 21:30:00"}
{"message":"garbage collector deleted  a4ff89d3-6b0d-4733-bf40-ed6122ab31c9.xml on folder: C:\\develop\\nodejs\\projects\\aitam\\work\\, path: C:\\develop\\nodejs\\projects\\aitam\\work\\a4ff89d3-6b0d-4733-bf40-ed6122ab31c9.xml","level":"\u001b[34minfo\u001b[39m","timestamp":"2020-03-14 21:30:00"}
{"message":"garbage collector deleted  bc281860-5feb-4b3b-abfc-c2310ccaf2f8.xml on folder: C:\\develop\\nodejs\\projects\\aitam\\work\\, path: C:\\develop\\nodejs\\projects\\aitam\\work\\bc281860-5feb-4b3b-abfc-c2310ccaf2f8.xml","level":"\u001b[34minfo\u001b[39m","timestamp":"2020-03-14 21:30:00"}
{"message":"garbage collector deleted  c76aa9b6-9315-42a9-822f-98f6cede90e0.xml on folder: C:\\develop\\nodejs\\projects\\aitam\\work\\, path: C:\\develop\\nodejs\\projects\\aitam\\work\\c76aa9b6-9315-42a9-822f-98f6cede90e0.xml","level":"\u001b[34minfo\u001b[39m","timestamp":"2020-03-14 21:30:00"}
{"message":"garbage collector deleted  ca643549-73eb-48aa-ab5c-44e9e58a69b4.xml on folder: C:\\develop\\nodejs\\projects\\aitam\\work\\, path: C:\\develop\\nodejs\\projects\\aitam\\work\\ca643549-73eb-48aa-ab5c-44e9e58a69b4.xml","level":"\u001b[34minfo\u001b[39m","timestamp":"2020-03-14 21:30:00"}
{"message":"garbage collector deleted  cab84cf5-5587-4cc3-81ba-b52f331b79e1.xml on folder: C:\\develop\\nodejs\\projects\\aitam\\work\\, path: C:\\develop\\nodejs\\projects\\aitam\\work\\cab84cf5-5587-4cc3-81ba-b52f331b79e1.xml","level":"\u001b[34minfo\u001b[39m","timestamp":"2020-03-14 21:30:00"}
{"message":"garbage collector deleted  cfa694e3-bcbf-4a86-9760-a445f5ec78d1.xml on folder: C:\\develop\\nodejs\\projects\\aitam\\work\\, path: C:\\develop\\nodejs\\projects\\aitam\\work\\cfa694e3-bcbf-4a86-9760-a445f5ec78d1.xml","level":"\u001b[34minfo\u001b[39m","timestamp":"2020-03-14 21:30:00"}
{"message":"garbage collector deleted  d6f7b9a1-a912-4a5f-9f44-164e99374596.xlsx on folder: C:\\develop\\nodejs\\projects\\aitam\\work\\, path: C:\\develop\\nodejs\\projects\\aitam\\work\\d6f7b9a1-a912-4a5f-9f44-164e99374596.xlsx","level":"\u001b[34minfo\u001b[39m","timestamp":"2020-03-14 21:30:00"}
{"message":"garbage collector deleted  d6f7b9a1-a912-4a5f-9f44-164e99374596.xml on folder: C:\\develop\\nodejs\\projects\\aitam\\work\\, path: C:\\develop\\nodejs\\projects\\aitam\\work\\d6f7b9a1-a912-4a5f-9f44-164e99374596.xml","level":"\u001b[34minfo\u001b[39m","timestamp":"2020-03-14 21:30:00"}
{"message":"garbage collector deleted  ea6f1ca5-c639-49c6-9944-fc6cd39ddbae.xlsx on folder: C:\\develop\\nodejs\\projects\\aitam\\work\\, path: C:\\develop\\nodejs\\projects\\aitam\\work\\ea6f1ca5-c639-49c6-9944-fc6cd39ddbae.xlsx","level":"\u001b[34minfo\u001b[39m","timestamp":"2020-03-14 21:30:00"}
{"message":"garbage collector deleted  f87fd3e5-e680-4585-a0a6-91fa3758693f.xlsx on folder: C:\\develop\\nodejs\\projects\\aitam\\work\\, path: C:\\develop\\nodejs\\projects\\aitam\\work\\f87fd3e5-e680-4585-a0a6-91fa3758693f.xlsx","level":"\u001b[34minfo\u001b[39m","timestamp":"2020-03-14 21:30:00"}
{"message":"garbage collector deleted  ea6f1ca5-c639-49c6-9944-fc6cd39ddbae.xml on folder: C:\\develop\\nodejs\\projects\\aitam\\work\\, path: C:\\develop\\nodejs\\projects\\aitam\\work\\ea6f1ca5-c639-49c6-9944-fc6cd39ddbae.xml","level":"\u001b[34minfo\u001b[39m","timestamp":"2020-03-14 21:30:00"}
{"message":"garbage collector deleted  f87fd3e5-e680-4585-a0a6-91fa3758693f.xml on folder: C:\\develop\\nodejs\\projects\\aitam\\work\\, path: C:\\develop\\nodejs\\projects\\aitam\\work\\f87fd3e5-e680-4585-a0a6-91fa3758693f.xml","level":"\u001b[34minfo\u001b[39m","timestamp":"2020-03-14 21:30:00"}
{"message":"garbage collector deleted  gazetteer.dic on folder: C:\\develop\\nodejs\\projects\\aitam\\work\\, path: C:\\develop\\nodejs\\projects\\aitam\\work\\gazetteer.dic","level":"\u001b[34minfo\u001b[39m","timestamp":"2020-03-14 21:30:00"}
{"message":"garbage collector started on path: C:\\develop\\nodejs\\projects\\aitam\\work\\","level":"\u001b[34minfo\u001b[39m","timestamp":"2020-03-14 21:30:59"}
{"message":"garbage collector started on path: C:\\develop\\nodejs\\projects\\aitam\\work\\","level":"\u001b[34minfo\u001b[39m","timestamp":"2020-03-14 21:44:32"}
