{"message":"garbage collector started on path: C:\\develop\\nodejs\\projects\\aitam\\work\\","level":"\u001b[34minfo\u001b[39m","timestamp":"2020-05-28 21:20:21"}
{"message":"Session created received the id:fa5a93f2-dfaa-4b96-ab28-34d5676832c8","level":"\u001b[34minfo\u001b[39m","timestamp":"2020-05-28 21:25:55"}
{"message":"404 - Not Found","level":"\u001b[33mwarn\u001b[39m","timestamp":"2020-05-28 21:25:56"}
{"message":"Session created received the id:fa5a93f2-dfaa-4b96-ab28-34d5676832c8","level":"\u001b[34minfo\u001b[39m","timestamp":"2020-05-28 21:28:44"}
{"message":"Session created received the id:fa5a93f2-dfaa-4b96-ab28-34d5676832c8","level":"\u001b[34minfo\u001b[39m","timestamp":"2020-05-28 21:29:22"}
{"message":"garbage collector deleted  21b6f689-95a8-4368-8907-83743bfd9512.xml on folder: C:\\develop\\nodejs\\projects\\aitam\\work\\, path: C:\\develop\\nodejs\\projects\\aitam\\work\\21b6f689-95a8-4368-8907-83743bfd9512.xml","level":"\u001b[34minfo\u001b[39m","timestamp":"2020-05-28 21:30:00"}
{"message":"garbage collector deleted  be8636db-3334-4597-b128-63835287fe2e.xml on folder: C:\\develop\\nodejs\\projects\\aitam\\work\\, path: C:\\develop\\nodejs\\projects\\aitam\\work\\be8636db-3334-4597-b128-63835287fe2e.xml","level":"\u001b[34minfo\u001b[39m","timestamp":"2020-05-28 21:30:00"}
{"message":"garbage collector started on path: C:\\develop\\nodejs\\projects\\aitam\\work\\","level":"\u001b[34minfo\u001b[39m","timestamp":"2020-05-28 21:33:27"}
{"message":"Session created received the id:3d0b47d8-9817-4a18-815f-db4dcc4fbafa","level":"\u001b[34minfo\u001b[39m","timestamp":"2020-05-28 21:33:44"}
{"message":"404 - Not Found","level":"\u001b[33mwarn\u001b[39m","timestamp":"2020-05-28 21:33:55"}
{"message":"404 - Not Found","level":"\u001b[33mwarn\u001b[39m","timestamp":"2020-05-28 21:34:04"}
{"message":"404 - Not Found","level":"\u001b[33mwarn\u001b[39m","timestamp":"2020-05-28 21:34:23"}
{"message":"Session created received the id:3d0b47d8-9817-4a18-815f-db4dcc4fbafa","level":"\u001b[34minfo\u001b[39m","timestamp":"2020-05-28 21:34:26"}
{"message":"garbage collector started on path: C:\\develop\\nodejs\\projects\\aitam\\work\\","level":"\u001b[34minfo\u001b[39m","timestamp":"2020-05-28 21:37:18"}
{"message":"Session created received the id:5d3da54c-05d6-480b-8107-61410993f468","level":"\u001b[34minfo\u001b[39m","timestamp":"2020-05-28 21:37:21"}
{"message":"garbage collector started on path: C:\\develop\\nodejs\\projects\\aitam\\work\\","level":"\u001b[34minfo\u001b[39m","timestamp":"2020-05-28 21:43:48"}
{"message":"404 - Not Found","level":"\u001b[33mwarn\u001b[39m","timestamp":"2020-05-28 22:15:54"}
{"message":"404 - Not Found","level":"\u001b[33mwarn\u001b[39m","timestamp":"2020-05-28 22:15:54"}
{"message":"404 - Not Found","level":"\u001b[33mwarn\u001b[39m","timestamp":"2020-05-28 22:15:54"}
{"message":"404 - Not Found","level":"\u001b[33mwarn\u001b[39m","timestamp":"2020-05-28 22:15:54"}
{"message":"req.user: undefined","level":"\u001b[34minfo\u001b[39m","timestamp":"2020-05-28 22:23:09"}
{"message":"Session id started: {\"user\":\"2f24vvg\"}","level":"\u001b[34minfo\u001b[39m","timestamp":"2020-05-28 22:23:09"}
{"message":"User logged in: {\"id\":\"2f24vvg\",\"email\":\"test@test.com\",\"password\":\"$2a$10$A2g6pbxxhLA9MNYRJ0rnzOf/7Ara76B0KcRdjzUcsIBIclRuas/fG\"}","level":"\u001b[34minfo\u001b[39m","timestamp":"2020-05-28 22:23:09"}
{"message":"User (2f24vvg) uploaded a file: {\"file-upload\":{\"size\":465587,\"path\":\"C:\\\\develop\\\\nodejs\\\\projects\\\\aitam\\\\work\\\\293f3998-275c-4906-8f9f-793551f55bbe.xml\",\"name\":\"ATK-SIGTAS.xml\",\"type\":\"text/xml\",\"mtime\":\"2020-05-28T21:23:16.297Z\"}}","level":"\u001b[34minfo\u001b[39m","timestamp":"2020-05-28 22:23:16"}
{"message":"User (2f24vvg) uploaded a file: {\"file-upload\":{\"size\":465587,\"path\":\"C:\\\\develop\\\\nodejs\\\\projects\\\\aitam\\\\work\\\\293f3998-275c-4906-8f9f-793551f55bbe.xml\",\"name\":\"ATK-SIGTAS.xml\",\"type\":\"text/xml\",\"mtime\":\"2020-05-28T21:26:11.462Z\"}}","level":"\u001b[34minfo\u001b[39m","timestamp":"2020-05-28 22:26:11"}
{"message":"Session created received the id:293f3998-275c-4906-8f9f-793551f55bbe","level":"\u001b[34minfo\u001b[39m","timestamp":"2020-05-28 22:26:15"}
{"message":"404 - Not Found","level":"\u001b[33mwarn\u001b[39m","timestamp":"2020-05-28 22:26:21"}
{"message":"404 - Not Found","level":"\u001b[33mwarn\u001b[39m","timestamp":"2020-05-28 22:26:21"}
{"message":"404 - Not Found","level":"\u001b[33mwarn\u001b[39m","timestamp":"2020-05-28 22:26:21"}
{"message":"404 - Not Found","level":"\u001b[33mwarn\u001b[39m","timestamp":"2020-05-28 22:26:21"}
{"message":"404 - Not Found","level":"\u001b[33mwarn\u001b[39m","timestamp":"2020-05-28 22:27:25"}
{"message":"404 - Not Found","level":"\u001b[33mwarn\u001b[39m","timestamp":"2020-05-28 22:27:25"}
{"message":"404 - Not Found","level":"\u001b[33mwarn\u001b[39m","timestamp":"2020-05-28 22:27:25"}
{"message":"404 - Not Found","level":"\u001b[33mwarn\u001b[39m","timestamp":"2020-05-28 22:27:25"}
{"message":"404 - Not Found","level":"\u001b[33mwarn\u001b[39m","timestamp":"2020-05-28 22:31:34"}
{"message":"404 - Not Found","level":"\u001b[33mwarn\u001b[39m","timestamp":"2020-05-28 22:31:34"}
{"message":"404 - Not Found","level":"\u001b[33mwarn\u001b[39m","timestamp":"2020-05-28 22:31:34"}
{"message":"404 - Not Found","level":"\u001b[33mwarn\u001b[39m","timestamp":"2020-05-28 22:31:34"}
{"message":"404 - Not Found","level":"\u001b[33mwarn\u001b[39m","timestamp":"2020-05-28 22:32:21"}
{"message":"404 - Not Found","level":"\u001b[33mwarn\u001b[39m","timestamp":"2020-05-28 22:32:21"}
{"message":"404 - Not Found","level":"\u001b[33mwarn\u001b[39m","timestamp":"2020-05-28 22:32:21"}
{"message":"404 - Not Found","level":"\u001b[33mwarn\u001b[39m","timestamp":"2020-05-28 22:32:21"}
{"message":"404 - Not Found","level":"\u001b[33mwarn\u001b[39m","timestamp":"2020-05-28 22:35:55"}
{"message":"404 - Not Found","level":"\u001b[33mwarn\u001b[39m","timestamp":"2020-05-28 22:36:07"}
{"message":"garbage collector started on path: C:\\develop\\nodejs\\projects\\aitam\\work\\","level":"\u001b[34minfo\u001b[39m","timestamp":"2020-05-28 22:39:47"}
{"message":"Session created received the id:3bc920c7-60a6-4fe5-831a-5150a1230b20","level":"\u001b[34minfo\u001b[39m","timestamp":"2020-05-28 22:41:30"}
{"message":"garbage collector started on path: C:\\develop\\nodejs\\projects\\aitam\\work\\","level":"\u001b[34minfo\u001b[39m","timestamp":"2020-05-28 22:41:56"}
{"message":"Session created received the id:a2a4788b-f4fb-47fd-943d-7d999394e4d8","level":"\u001b[34minfo\u001b[39m","timestamp":"2020-05-28 22:42:04"}
{"message":"garbage collector started on path: C:\\develop\\nodejs\\projects\\aitam\\work\\","level":"\u001b[34minfo\u001b[39m","timestamp":"2020-05-28 22:42:52"}
{"message":"req.user: undefined","level":"\u001b[34minfo\u001b[39m","timestamp":"2020-05-28 22:43:12"}
{"message":"Session id started: {\"user\":\"2f24vvg\"}","level":"\u001b[34minfo\u001b[39m","timestamp":"2020-05-28 22:43:12"}
{"message":"User logged in: {\"id\":\"2f24vvg\",\"email\":\"test@test.com\",\"password\":\"$2a$10$A2g6pbxxhLA9MNYRJ0rnzOf/7Ara76B0KcRdjzUcsIBIclRuas/fG\"}","level":"\u001b[34minfo\u001b[39m","timestamp":"2020-05-28 22:43:12"}
{"message":"garbage collector started on path: C:\\develop\\nodejs\\projects\\aitam\\work\\","level":"\u001b[34minfo\u001b[39m","timestamp":"2020-05-28 22:43:27"}
{"message":"Session created received the id:e4bd89e4-e71c-4e68-b351-de7d34dfc6db","level":"\u001b[34minfo\u001b[39m","timestamp":"2020-05-28 22:43:39"}
{"message":"req.user: undefined","level":"\u001b[34minfo\u001b[39m","timestamp":"2020-05-28 22:43:42"}
{"message":"Session id started: {\"user\":\"2f24vvg\"}","level":"\u001b[34minfo\u001b[39m","timestamp":"2020-05-28 22:43:42"}
{"message":"User logged in: {\"id\":\"2f24vvg\",\"email\":\"test@test.com\",\"password\":\"$2a$10$A2g6pbxxhLA9MNYRJ0rnzOf/7Ara76B0KcRdjzUcsIBIclRuas/fG\"}","level":"\u001b[34minfo\u001b[39m","timestamp":"2020-05-28 22:43:42"}
{"message":"garbage collector deleted  188319c9-9750-4967-904d-b2f646a4ec6d.xml on folder: C:\\develop\\nodejs\\projects\\aitam\\work\\, path: C:\\develop\\nodejs\\projects\\aitam\\work\\188319c9-9750-4967-904d-b2f646a4ec6d.xml","level":"\u001b[34minfo\u001b[39m","timestamp":"2020-05-28 22:45:00"}
{"message":"garbage collector started on path: C:\\develop\\nodejs\\projects\\aitam\\work\\","level":"\u001b[34minfo\u001b[39m","timestamp":"2020-05-28 22:47:21"}
{"message":"Session created received the id:469de1d7-b5e3-4435-b494-29598961b055","level":"\u001b[34minfo\u001b[39m","timestamp":"2020-05-28 22:47:27"}
{"message":"Session created received the id:469de1d7-b5e3-4435-b494-29598961b055","level":"\u001b[34minfo\u001b[39m","timestamp":"2020-05-28 22:47:32"}
{"message":"garbage collector started on path: C:\\develop\\nodejs\\projects\\aitam\\work\\","level":"\u001b[34minfo\u001b[39m","timestamp":"2020-05-28 22:47:43"}
{"message":"req.user: undefined","level":"\u001b[34minfo\u001b[39m","timestamp":"2020-05-28 22:48:03"}
{"message":"Session id started: {\"user\":\"2f24vvg\"}","level":"\u001b[34minfo\u001b[39m","timestamp":"2020-05-28 22:48:03"}
{"message":"User logged in: {\"id\":\"2f24vvg\",\"email\":\"test@test.com\",\"password\":\"$2a$10$A2g6pbxxhLA9MNYRJ0rnzOf/7Ara76B0KcRdjzUcsIBIclRuas/fG\"}","level":"\u001b[34minfo\u001b[39m","timestamp":"2020-05-28 22:48:03"}
{"message":"garbage collector started on path: C:\\develop\\nodejs\\projects\\aitam\\work\\","level":"\u001b[34minfo\u001b[39m","timestamp":"2020-05-28 22:50:50"}
{"message":"garbage collector started on path: C:\\develop\\nodejs\\projects\\aitam\\work\\","level":"\u001b[34minfo\u001b[39m","timestamp":"2020-05-28 22:55:26"}
{"message":"garbage collector started on path: C:\\develop\\nodejs\\projects\\aitam\\work\\","level":"\u001b[34minfo\u001b[39m","timestamp":"2020-05-28 22:56:50"}
{"message":"garbage collector started on path: C:\\develop\\nodejs\\projects\\aitam\\work\\","level":"\u001b[34minfo\u001b[39m","timestamp":"2020-05-28 22:58:26"}
{"message":"Session created received the id:c258ad26-741d-47ad-887f-fcbbe904e5cd","level":"\u001b[34minfo\u001b[39m","timestamp":"2020-05-28 22:58:32"}
{"message":"Session created received the id:c258ad26-741d-47ad-887f-fcbbe904e5cd","level":"\u001b[34minfo\u001b[39m","timestamp":"2020-05-28 22:58:35"}
{"message":"req.user: undefined","level":"\u001b[34minfo\u001b[39m","timestamp":"2020-05-28 22:58:39"}
{"message":"Session id started: {\"user\":\"2f24vvg\"}","level":"\u001b[34minfo\u001b[39m","timestamp":"2020-05-28 22:58:39"}
{"message":"User logged in: {\"id\":\"2f24vvg\",\"email\":\"test@test.com\",\"password\":\"$2a$10$A2g6pbxxhLA9MNYRJ0rnzOf/7Ara76B0KcRdjzUcsIBIclRuas/fG\"}","level":"\u001b[34minfo\u001b[39m","timestamp":"2020-05-28 22:58:39"}
{"message":"garbage collector started on path: C:\\develop\\nodejs\\projects\\aitam\\work\\","level":"\u001b[34minfo\u001b[39m","timestamp":"2020-05-28 23:01:12"}
{"message":"Session created received the id:77d2b925-4541-4ddb-8cc2-8aecc8f61552","level":"\u001b[34minfo\u001b[39m","timestamp":"2020-05-28 23:01:15"}
{"message":"req.user: undefined","level":"\u001b[34minfo\u001b[39m","timestamp":"2020-05-28 23:01:18"}
{"message":"Session id started: {\"user\":\"2f24vvg\"}","level":"\u001b[34minfo\u001b[39m","timestamp":"2020-05-28 23:01:18"}
{"message":"User logged in: {\"id\":\"2f24vvg\",\"email\":\"test@test.com\",\"password\":\"$2a$10$A2g6pbxxhLA9MNYRJ0rnzOf/7Ara76B0KcRdjzUcsIBIclRuas/fG\"}","level":"\u001b[34minfo\u001b[39m","timestamp":"2020-05-28 23:01:18"}
{"message":"garbage collector started on path: C:\\develop\\nodejs\\projects\\aitam\\work\\","level":"\u001b[34minfo\u001b[39m","timestamp":"2020-05-28 23:02:11"}
{"message":"garbage collector started on path: C:\\develop\\nodejs\\projects\\aitam\\work\\","level":"\u001b[34minfo\u001b[39m","timestamp":"2020-05-28 23:02:41"}
{"message":"Session created received the id:15482128-f850-47a3-9ada-8ea331ca181d","level":"\u001b[34minfo\u001b[39m","timestamp":"2020-05-28 23:02:44"}
{"message":"req.user: undefined","level":"\u001b[34minfo\u001b[39m","timestamp":"2020-05-28 23:02:47"}
{"message":"Session id started: {\"user\":\"2f24vvg\"}","level":"\u001b[34minfo\u001b[39m","timestamp":"2020-05-28 23:02:47"}
{"message":"User logged in: {\"id\":\"2f24vvg\",\"email\":\"test@test.com\",\"password\":\"$2a$10$A2g6pbxxhLA9MNYRJ0rnzOf/7Ara76B0KcRdjzUcsIBIclRuas/fG\"}","level":"\u001b[34minfo\u001b[39m","timestamp":"2020-05-28 23:02:47"}
{"message":"garbage collector started on path: C:\\develop\\nodejs\\projects\\aitam\\work\\","level":"\u001b[34minfo\u001b[39m","timestamp":"2020-05-28 23:04:01"}
{"message":"Session created received the id:da9b03c3-99ab-46e4-8495-1ad3bd3683b5","level":"\u001b[34minfo\u001b[39m","timestamp":"2020-05-28 23:04:04"}
{"message":"req.user: undefined","level":"\u001b[34minfo\u001b[39m","timestamp":"2020-05-28 23:04:07"}
{"message":"Session id started: {\"user\":\"2f24vvg\"}","level":"\u001b[34minfo\u001b[39m","timestamp":"2020-05-28 23:04:07"}
{"message":"User logged in: {\"id\":\"2f24vvg\",\"email\":\"test@test.com\",\"password\":\"$2a$10$A2g6pbxxhLA9MNYRJ0rnzOf/7Ara76B0KcRdjzUcsIBIclRuas/fG\"}","level":"\u001b[34minfo\u001b[39m","timestamp":"2020-05-28 23:04:07"}
{"message":"garbage collector deleted  8a3441d9-9592-478b-a045-c0afd6a88442.xml on folder: C:\\develop\\nodejs\\projects\\aitam\\work\\, path: C:\\develop\\nodejs\\projects\\aitam\\work\\8a3441d9-9592-478b-a045-c0afd6a88442.xml","level":"\u001b[34minfo\u001b[39m","timestamp":"2020-05-28 23:15:00"}
{"message":"garbage collector deleted  gazetteer.dic on folder: C:\\develop\\nodejs\\projects\\aitam\\work\\, path: C:\\develop\\nodejs\\projects\\aitam\\work\\gazetteer.dic","level":"\u001b[34minfo\u001b[39m","timestamp":"2020-05-28 23:15:00"}
{"message":"garbage collector deleted  Portfolio01.xml on folder: C:\\develop\\nodejs\\projects\\aitam\\work\\, path: C:\\develop\\nodejs\\projects\\aitam\\work\\Portfolio01.xml","level":"\u001b[34minfo\u001b[39m","timestamp":"2020-05-28 23:15:00"}
{"message":"garbage collector started on path: C:\\develop\\nodejs\\projects\\aitam\\work\\","level":"\u001b[34minfo\u001b[39m","timestamp":"2020-05-28 23:25:59"}
{"message":"garbage collector started on path: C:\\develop\\nodejs\\projects\\aitam\\work\\","level":"\u001b[34minfo\u001b[39m","timestamp":"2020-05-28 23:26:10"}
{"message":"garbage collector started on path: C:\\develop\\nodejs\\projects\\aitam\\work\\","level":"\u001b[34minfo\u001b[39m","timestamp":"2020-05-28 23:27:08"}
{"message":"garbage collector started on path: C:\\develop\\nodejs\\projects\\aitam\\work\\","level":"\u001b[34minfo\u001b[39m","timestamp":"2020-05-28 23:27:12"}
{"message":"garbage collector started on path: C:\\develop\\nodejs\\projects\\aitam\\work\\","level":"\u001b[34minfo\u001b[39m","timestamp":"2020-05-28 23:28:13"}
{"message":"garbage collector started on path: C:\\develop\\nodejs\\projects\\aitam\\work\\","level":"\u001b[34minfo\u001b[39m","timestamp":"2020-05-28 23:31:03"}
{"message":"garbage collector started on path: C:\\develop\\nodejs\\projects\\aitam\\work\\","level":"\u001b[34minfo\u001b[39m","timestamp":"2020-05-28 23:31:47"}
{"message":"garbage collector started on path: C:\\develop\\nodejs\\projects\\aitam\\work\\","level":"\u001b[34minfo\u001b[39m","timestamp":"2020-05-28 23:35:26"}
{"message":"garbage collector started on path: C:\\develop\\nodejs\\projects\\aitam\\work\\","level":"\u001b[34minfo\u001b[39m","timestamp":"2020-05-28 23:35:30"}
{"message":"garbage collector started on path: C:\\develop\\nodejs\\projects\\aitam\\work\\","level":"\u001b[34minfo\u001b[39m","timestamp":"2020-05-28 23:36:10"}
{"message":"garbage collector started on path: C:\\develop\\nodejs\\projects\\aitam\\work\\","level":"\u001b[34minfo\u001b[39m","timestamp":"2020-05-28 23:36:19"}
{"message":"garbage collector started on path: C:\\develop\\nodejs\\projects\\aitam\\work\\","level":"\u001b[34minfo\u001b[39m","timestamp":"2020-05-28 23:36:29"}
{"message":"garbage collector started on path: C:\\develop\\nodejs\\projects\\aitam\\work\\","level":"\u001b[34minfo\u001b[39m","timestamp":"2020-05-28 23:39:06"}
{"message":"Session created received the id:74dd95ad-af92-4288-991c-2e2392579921","level":"\u001b[34minfo\u001b[39m","timestamp":"2020-05-28 23:39:44"}
{"message":"req.user: undefined","level":"\u001b[34minfo\u001b[39m","timestamp":"2020-05-28 23:39:47"}
{"message":"Session id started: {\"user\":\"2f24vvg\"}","level":"\u001b[34minfo\u001b[39m","timestamp":"2020-05-28 23:39:47"}
{"message":"User logged in: {\"id\":\"2f24vvg\",\"email\":\"test@test.com\",\"password\":\"$2a$10$A2g6pbxxhLA9MNYRJ0rnzOf/7Ara76B0KcRdjzUcsIBIclRuas/fG\"}","level":"\u001b[34minfo\u001b[39m","timestamp":"2020-05-28 23:39:47"}
{"message":"garbage collector started on path: C:\\develop\\nodejs\\projects\\aitam\\work\\","level":"\u001b[34minfo\u001b[39m","timestamp":"2020-05-28 23:43:29"}
{"message":"garbage collector started on path: C:\\develop\\nodejs\\projects\\aitam\\work\\","level":"\u001b[34minfo\u001b[39m","timestamp":"2020-05-28 23:45:39"}
{"message":"Session created received the id:a7a2bcb7-4331-4870-9b5f-7fc7a96e7461","level":"\u001b[34minfo\u001b[39m","timestamp":"2020-05-28 23:45:49"}
{"message":"garbage collector started on path: C:\\develop\\nodejs\\projects\\aitam\\work\\","level":"\u001b[34minfo\u001b[39m","timestamp":"2020-05-28 23:50:20"}
{"message":"Session created received the id:1485af96-8bfa-44ce-8072-d38e9812c34a","level":"\u001b[34minfo\u001b[39m","timestamp":"2020-05-28 23:50:26"}
{"message":"garbage collector started on path: C:\\develop\\nodejs\\projects\\aitam\\work\\","level":"\u001b[34minfo\u001b[39m","timestamp":"2020-05-28 23:52:57"}
{"message":"Session created received the id:cd950ef5-534e-4315-8056-7fd1895227fb","level":"\u001b[34minfo\u001b[39m","timestamp":"2020-05-28 23:53:01"}
{"message":"garbage collector started on path: C:\\develop\\nodejs\\projects\\aitam\\work\\","level":"\u001b[34minfo\u001b[39m","timestamp":"2020-05-28 23:53:26"}
{"message":"garbage collector started on path: C:\\develop\\nodejs\\projects\\aitam\\work\\","level":"\u001b[34minfo\u001b[39m","timestamp":"2020-05-28 23:54:50"}
{"message":"garbage collector started on path: C:\\develop\\nodejs\\projects\\aitam\\work\\","level":"\u001b[34minfo\u001b[39m","timestamp":"2020-05-28 23:55:28"}
{"message":"Session created received the id:30791947-6ae6-4e36-ad0f-b8a9ba48d3a7","level":"\u001b[34minfo\u001b[39m","timestamp":"2020-05-28 23:55:34"}
