{"message":"garbage collector started on path: C:\\develop\\nodejs\\projects\\aitam\\work\\","level":"\u001b[34minfo\u001b[39m","timestamp":"2020-06-01 15:17:03"}
{"message":"Session created received the id:4bb733f9-3857-4e7a-9c02-1b74a8615e73","level":"\u001b[34minfo\u001b[39m","timestamp":"2020-06-01 15:26:26"}
{"message":"404 - Not Found","level":"\u001b[33mwarn\u001b[39m","timestamp":"2020-06-01 15:26:27"}
{"message":"garbage collector started on path: C:\\develop\\nodejs\\projects\\aitam\\work\\","level":"\u001b[34minfo\u001b[39m","timestamp":"2020-06-01 15:27:34"}
{"message":"Session created received the id:2d8952ba-fa91-4fae-8418-a79d3dc311f7","level":"\u001b[34minfo\u001b[39m","timestamp":"2020-06-01 15:27:38"}
{"message":"garbage collector started on path: C:\\develop\\nodejs\\projects\\aitam\\work\\","level":"\u001b[34minfo\u001b[39m","timestamp":"2020-06-01 15:28:43"}
{"message":"garbage collector started on path: C:\\develop\\nodejs\\projects\\aitam\\work\\","level":"\u001b[34minfo\u001b[39m","timestamp":"2020-06-01 15:29:22"}
{"message":"Session created received the id:d6659c3b-f5b1-422c-aacd-f1a9635d2854","level":"\u001b[34minfo\u001b[39m","timestamp":"2020-06-01 15:29:26"}
{"message":"garbage collector started on path: C:\\develop\\nodejs\\projects\\aitam\\work\\","level":"\u001b[34minfo\u001b[39m","timestamp":"2020-06-01 19:25:22"}
{"message":"garbage collector started on path: C:\\develop\\nodejs\\projects\\aitam\\work\\","level":"\u001b[34minfo\u001b[39m","timestamp":"2020-06-01 19:51:08"}
{"message":"garbage collector started on path: C:\\develop\\nodejs\\projects\\aitam\\work\\","level":"\u001b[34minfo\u001b[39m","timestamp":"2020-06-01 19:52:42"}
{"message":"Session created received the id:cfc8fddb-0a82-4b6f-b48e-d1085cfa8c90","level":"\u001b[34minfo\u001b[39m","timestamp":"2020-06-01 19:53:10"}
{"message":"404 - Not Found","level":"\u001b[33mwarn\u001b[39m","timestamp":"2020-06-01 19:53:11"}
{"message":"garbage collector started on path: C:\\develop\\nodejs\\projects\\aitam\\work\\","level":"\u001b[34minfo\u001b[39m","timestamp":"2020-06-01 19:54:15"}
{"message":"garbage collector started on path: C:\\develop\\nodejs\\projects\\aitam\\work\\","level":"\u001b[34minfo\u001b[39m","timestamp":"2020-06-01 19:54:51"}
{"message":"garbage collector started on path: C:\\develop\\nodejs\\projects\\aitam\\work\\","level":"\u001b[34minfo\u001b[39m","timestamp":"2020-06-01 19:56:07"}
{"message":"Session created received the id:2a5b271e-89ab-4d55-b18f-39ee68c3c94a","level":"\u001b[34minfo\u001b[39m","timestamp":"2020-06-01 19:56:12"}
{"message":"garbage collector started on path: C:\\develop\\nodejs\\projects\\aitam\\work\\","level":"\u001b[34minfo\u001b[39m","timestamp":"2020-06-01 20:31:09"}
{"message":"garbage collector started on path: C:\\develop\\nodejs\\projects\\aitam\\work\\","level":"\u001b[34minfo\u001b[39m","timestamp":"2020-06-01 20:31:26"}
{"message":"garbage collector started on path: C:\\develop\\nodejs\\projects\\aitam\\work\\","level":"\u001b[34minfo\u001b[39m","timestamp":"2020-06-01 21:34:15"}
{"message":"garbage collector started on path: C:\\develop\\nodejs\\projects\\aitam\\work\\","level":"\u001b[34minfo\u001b[39m","timestamp":"2020-06-01 21:34:52"}
{"message":"garbage collector started on path: C:\\develop\\nodejs\\projects\\aitam\\work\\","level":"\u001b[34minfo\u001b[39m","timestamp":"2020-06-01 21:35:18"}
{"message":"Session created received the id:96eff842-7040-4496-989e-29ee066d7c3a","level":"\u001b[34minfo\u001b[39m","timestamp":"2020-06-01 21:35:24"}
{"message":"garbage collector started on path: C:\\develop\\nodejs\\projects\\aitam\\work\\","level":"\u001b[34minfo\u001b[39m","timestamp":"2020-06-01 21:36:22"}
{"message":"garbage collector started on path: C:\\develop\\nodejs\\projects\\aitam\\work\\","level":"\u001b[34minfo\u001b[39m","timestamp":"2020-06-01 21:39:09"}
{"message":"garbage collector started on path: C:\\develop\\nodejs\\projects\\aitam\\work\\","level":"\u001b[34minfo\u001b[39m","timestamp":"2020-06-01 21:39:40"}
{"message":"garbage collector deleted  Portfolio01.xml on folder: C:\\develop\\nodejs\\projects\\aitam\\work\\, path: C:\\develop\\nodejs\\projects\\aitam\\work\\Portfolio01.xml","level":"\u001b[34minfo\u001b[39m","timestamp":"2020-06-01 21:45:00"}
{"message":"garbage collector started on path: C:\\develop\\nodejs\\projects\\aitam\\work\\","level":"\u001b[34minfo\u001b[39m","timestamp":"2020-06-01 21:51:33"}
{"message":"garbage collector started on path: C:\\develop\\nodejs\\projects\\aitam\\work\\","level":"\u001b[34minfo\u001b[39m","timestamp":"2020-06-01 21:56:00"}
{"message":"garbage collector started on path: C:\\develop\\nodejs\\projects\\aitam\\work\\","level":"\u001b[34minfo\u001b[39m","timestamp":"2020-06-01 21:58:26"}
{"message":"garbage collector started on path: C:\\develop\\nodejs\\projects\\aitam\\work\\","level":"\u001b[34minfo\u001b[39m","timestamp":"2020-06-01 22:00:56"}
{"message":"garbage collector started on path: C:\\develop\\nodejs\\projects\\aitam\\work\\","level":"\u001b[34minfo\u001b[39m","timestamp":"2020-06-01 22:08:09"}
{"message":"Session created received the id:be453403-8d2b-4a3e-ad10-6d5d49804a2a","level":"\u001b[34minfo\u001b[39m","timestamp":"2020-06-01 22:08:12"}
{"message":"garbage collector started on path: C:\\develop\\nodejs\\projects\\aitam\\work\\","level":"\u001b[34minfo\u001b[39m","timestamp":"2020-06-01 22:09:07"}
{"message":"Session created received the id:ab730ce1-1c9a-4e1b-a1b9-3ab10886f2a8","level":"\u001b[34minfo\u001b[39m","timestamp":"2020-06-01 22:09:10"}
{"message":"garbage collector started on path: C:\\develop\\nodejs\\projects\\aitam\\work\\","level":"\u001b[34minfo\u001b[39m","timestamp":"2020-06-01 22:10:45"}
{"message":"Session created received the id:b89a0b1a-31a1-44aa-b326-e3808ad2e9ed","level":"\u001b[34minfo\u001b[39m","timestamp":"2020-06-01 22:10:48"}
{"message":"Session created received the id:b89a0b1a-31a1-44aa-b326-e3808ad2e9ed","level":"\u001b[34minfo\u001b[39m","timestamp":"2020-06-01 22:11:03"}
{"message":"garbage collector started on path: C:\\develop\\nodejs\\projects\\aitam\\work\\","level":"\u001b[34minfo\u001b[39m","timestamp":"2020-06-01 22:21:24"}
{"message":"Session created received the id:3e3ff326-0b76-47bc-a625-da227acde0a4","level":"\u001b[34minfo\u001b[39m","timestamp":"2020-06-01 22:21:43"}
{"message":"Session created received the id:3e3ff326-0b76-47bc-a625-da227acde0a4","level":"\u001b[34minfo\u001b[39m","timestamp":"2020-06-01 22:22:42"}
{"message":"Session created received the id:3e3ff326-0b76-47bc-a625-da227acde0a4","level":"\u001b[34minfo\u001b[39m","timestamp":"2020-06-01 22:40:44"}
{"message":"req.user: undefined","level":"\u001b[34minfo\u001b[39m","timestamp":"2020-06-01 22:40:49"}
{"message":"Session id started: {\"user\":\"2f24vvg\"}","level":"\u001b[34minfo\u001b[39m","timestamp":"2020-06-01 22:40:49"}
{"message":"User logged in: {\"id\":\"2f24vvg\",\"email\":\"test@test.com\",\"password\":\"$2a$10$A2g6pbxxhLA9MNYRJ0rnzOf/7Ara76B0KcRdjzUcsIBIclRuas/fG\"}","level":"\u001b[34minfo\u001b[39m","timestamp":"2020-06-01 22:40:49"}
{"message":"User (2f24vvg) uploaded a file: {\"file-upload\":{\"size\":465587,\"path\":\"C:\\\\develop\\\\nodejs\\\\projects\\\\aitam\\\\work\\\\3e3ff326-0b76-47bc-a625-da227acde0a4.xml\",\"name\":\"ATK-SIGTAS.xml\",\"type\":\"text/xml\",\"mtime\":\"2020-06-01T22:04:37.543Z\"}}","level":"\u001b[34minfo\u001b[39m","timestamp":"2020-06-01 23:04:37"}
{"message":"garbage collector deleted  086803ca-654d-41f1-9a03-8f74c8f31a6b.xml on folder: C:\\develop\\nodejs\\projects\\aitam\\work\\, path: C:\\develop\\nodejs\\projects\\aitam\\work\\086803ca-654d-41f1-9a03-8f74c8f31a6b.xml","level":"\u001b[34minfo\u001b[39m","timestamp":"2020-06-01 23:15:00"}
{"message":"garbage collector deleted  gazetteer.dic on folder: C:\\develop\\nodejs\\projects\\aitam\\work\\, path: C:\\develop\\nodejs\\projects\\aitam\\work\\gazetteer.dic","level":"\u001b[34minfo\u001b[39m","timestamp":"2020-06-01 23:45:00"}
{"message":"garbage collector deleted  gazetteer.dic on folder: C:\\develop\\nodejs\\projects\\aitam\\work\\, path: C:\\develop\\nodejs\\projects\\aitam\\work\\gazetteer.dic","level":"\u001b[34minfo\u001b[39m","timestamp":"2020-06-01 23:45:00"}
