{"message":"garbage collector started on path: C:\\develop\\nodejs\\projects\\aitam\\work\\","level":"\u001b[34minfo\u001b[39m","timestamp":"2020-03-15 12:20:12"}
{"message":"Session created received the id:2464b725-4528-4062-9c99-d273b3ba9cbe","level":"\u001b[34minfo\u001b[39m","timestamp":"2020-03-15 12:20:19"}
{"message":"404 - Not Found","level":"\u001b[33mwarn\u001b[39m","timestamp":"2020-03-15 12:20:20"}
{"message":"garbage collector started on path: C:\\develop\\nodejs\\projects\\aitam\\work\\","level":"\u001b[34minfo\u001b[39m","timestamp":"2020-03-15 12:24:24"}
{"message":"Session created received the id:4e1f4197-1c77-4b15-8aa7-36922776f3d5","level":"\u001b[34minfo\u001b[39m","timestamp":"2020-03-15 12:24:33"}
{"message":"req.user: undefined","level":"\u001b[34minfo\u001b[39m","timestamp":"2020-03-15 12:24:37"}
{"message":"Session id started: {\"user\":\"2f24vvg\"}","level":"\u001b[34minfo\u001b[39m","timestamp":"2020-03-15 12:24:37"}
{"message":"User logged in: {\"id\":\"2f24vvg\",\"email\":\"test@test.com\",\"password\":\"$2a$10$A2g6pbxxhLA9MNYRJ0rnzOf/7Ara76B0KcRdjzUcsIBIclRuas/fG\"}","level":"\u001b[34minfo\u001b[39m","timestamp":"2020-03-15 12:24:37"}
{"message":"User (2f24vvg) uploaded a file: {\"file-upload\":{\"size\":439256,\"path\":\"C:\\\\develop\\\\nodejs\\\\projects\\\\aitam\\\\work\\\\4e1f4197-1c77-4b15-8aa7-36922776f3d5.xml\",\"name\":\"test_site3.xml\",\"type\":\"text/xml\",\"mtime\":\"2020-03-15T12:24:42.091Z\"}}","level":"\u001b[34minfo\u001b[39m","timestamp":"2020-03-15 12:24:42"}
{"message":"audit file download: C:\\develop\\nodejs\\projects\\aitam\\work\\4e1f4197-1c77-4b15-8aa7-36922776f3d5.xml","level":"\u001b[34minfo\u001b[39m","timestamp":"2020-03-15 12:24:47"}
{"message":"garbage collector started on path: C:\\develop\\nodejs\\projects\\aitam\\work\\","level":"\u001b[34minfo\u001b[39m","timestamp":"2020-03-15 12:25:35"}
{"message":"garbage collector started on path: C:\\develop\\nodejs\\projects\\aitam\\work\\","level":"\u001b[34minfo\u001b[39m","timestamp":"2020-03-15 12:26:53"}
{"message":"garbage collector started on path: C:\\develop\\nodejs\\projects\\aitam\\work\\","level":"\u001b[34minfo\u001b[39m","timestamp":"2020-03-15 12:28:56"}
{"message":"garbage collector started on path: C:\\develop\\nodejs\\projects\\aitam\\work\\","level":"\u001b[34minfo\u001b[39m","timestamp":"2020-03-15 12:29:28"}
{"message":"garbage collector started on path: C:\\develop\\nodejs\\projects\\aitam\\work\\","level":"\u001b[34minfo\u001b[39m","timestamp":"2020-03-15 12:29:46"}
{"message":"Session created received the id:d62d5e30-7eca-4078-9252-6955cab7d972","level":"\u001b[34minfo\u001b[39m","timestamp":"2020-03-15 12:29:58"}
{"message":"garbage collector deleted  165d644f-f3cf-4bae-9684-8f4051b4b014.xlsx on folder: C:\\develop\\nodejs\\projects\\aitam\\work\\, path: C:\\develop\\nodejs\\projects\\aitam\\work\\165d644f-f3cf-4bae-9684-8f4051b4b014.xlsx","level":"\u001b[34minfo\u001b[39m","timestamp":"2020-03-15 12:30:00"}
{"message":"garbage collector deleted  049796bc-2800-43c1-a1da-38c87d20602f.xml on folder: C:\\develop\\nodejs\\projects\\aitam\\work\\, path: C:\\develop\\nodejs\\projects\\aitam\\work\\049796bc-2800-43c1-a1da-38c87d20602f.xml","level":"\u001b[34minfo\u001b[39m","timestamp":"2020-03-15 12:30:00"}
{"message":"garbage collector deleted  049796bc-2800-43c1-a1da-38c87d20602f.xlsx on folder: C:\\develop\\nodejs\\projects\\aitam\\work\\, path: C:\\develop\\nodejs\\projects\\aitam\\work\\049796bc-2800-43c1-a1da-38c87d20602f.xlsx","level":"\u001b[34minfo\u001b[39m","timestamp":"2020-03-15 12:30:00"}
{"message":"garbage collector deleted  165d644f-f3cf-4bae-9684-8f4051b4b014.xml on folder: C:\\develop\\nodejs\\projects\\aitam\\work\\, path: C:\\develop\\nodejs\\projects\\aitam\\work\\165d644f-f3cf-4bae-9684-8f4051b4b014.xml","level":"\u001b[34minfo\u001b[39m","timestamp":"2020-03-15 12:30:00"}
{"message":"garbage collector deleted  550d68d1-2226-4add-8cca-611b3c7ff415.xlsx on folder: C:\\develop\\nodejs\\projects\\aitam\\work\\, path: C:\\develop\\nodejs\\projects\\aitam\\work\\550d68d1-2226-4add-8cca-611b3c7ff415.xlsx","level":"\u001b[34minfo\u001b[39m","timestamp":"2020-03-15 12:30:00"}
{"message":"garbage collector deleted  3486de1e-5fb6-4bc1-900d-bec6cf8351d0.xlsx on folder: C:\\develop\\nodejs\\projects\\aitam\\work\\, path: C:\\develop\\nodejs\\projects\\aitam\\work\\3486de1e-5fb6-4bc1-900d-bec6cf8351d0.xlsx","level":"\u001b[34minfo\u001b[39m","timestamp":"2020-03-15 12:30:00"}
{"message":"garbage collector deleted  59ebafc0-a06b-4285-ac11-4c769edd7c59.xlsx on folder: C:\\develop\\nodejs\\projects\\aitam\\work\\, path: C:\\develop\\nodejs\\projects\\aitam\\work\\59ebafc0-a06b-4285-ac11-4c769edd7c59.xlsx","level":"\u001b[34minfo\u001b[39m","timestamp":"2020-03-15 12:30:00"}
{"message":"garbage collector deleted  59ebafc0-a06b-4285-ac11-4c769edd7c59.xml on folder: C:\\develop\\nodejs\\projects\\aitam\\work\\, path: C:\\develop\\nodejs\\projects\\aitam\\work\\59ebafc0-a06b-4285-ac11-4c769edd7c59.xml","level":"\u001b[34minfo\u001b[39m","timestamp":"2020-03-15 12:30:00"}
{"message":"garbage collector deleted  550d68d1-2226-4add-8cca-611b3c7ff415.xml on folder: C:\\develop\\nodejs\\projects\\aitam\\work\\, path: C:\\develop\\nodejs\\projects\\aitam\\work\\550d68d1-2226-4add-8cca-611b3c7ff415.xml","level":"\u001b[34minfo\u001b[39m","timestamp":"2020-03-15 12:30:00"}
{"message":"garbage collector deleted  7334b3ac-4a77-4f03-a218-f30accd0be7e.xlsx on folder: C:\\develop\\nodejs\\projects\\aitam\\work\\, path: C:\\develop\\nodejs\\projects\\aitam\\work\\7334b3ac-4a77-4f03-a218-f30accd0be7e.xlsx","level":"\u001b[34minfo\u001b[39m","timestamp":"2020-03-15 12:30:00"}
{"message":"garbage collector deleted  73191d05-5156-4d81-bd93-b97ccf868ee3.xlsx on folder: C:\\develop\\nodejs\\projects\\aitam\\work\\, path: C:\\develop\\nodejs\\projects\\aitam\\work\\73191d05-5156-4d81-bd93-b97ccf868ee3.xlsx","level":"\u001b[34minfo\u001b[39m","timestamp":"2020-03-15 12:30:00"}
{"message":"garbage collector deleted  73191d05-5156-4d81-bd93-b97ccf868ee3.xml on folder: C:\\develop\\nodejs\\projects\\aitam\\work\\, path: C:\\develop\\nodejs\\projects\\aitam\\work\\73191d05-5156-4d81-bd93-b97ccf868ee3.xml","level":"\u001b[34minfo\u001b[39m","timestamp":"2020-03-15 12:30:00"}
{"message":"garbage collector deleted  7b0c87c2-7d35-480a-94ed-bd3cffbec632.xlsx on folder: C:\\develop\\nodejs\\projects\\aitam\\work\\, path: C:\\develop\\nodejs\\projects\\aitam\\work\\7b0c87c2-7d35-480a-94ed-bd3cffbec632.xlsx","level":"\u001b[34minfo\u001b[39m","timestamp":"2020-03-15 12:30:00"}
{"message":"garbage collector deleted  7334b3ac-4a77-4f03-a218-f30accd0be7e.xml on folder: C:\\develop\\nodejs\\projects\\aitam\\work\\, path: C:\\develop\\nodejs\\projects\\aitam\\work\\7334b3ac-4a77-4f03-a218-f30accd0be7e.xml","level":"\u001b[34minfo\u001b[39m","timestamp":"2020-03-15 12:30:00"}
{"message":"garbage collector deleted  8484b23e-ec77-4330-b75f-b3c76408e348.xlsx on folder: C:\\develop\\nodejs\\projects\\aitam\\work\\, path: C:\\develop\\nodejs\\projects\\aitam\\work\\8484b23e-ec77-4330-b75f-b3c76408e348.xlsx","level":"\u001b[34minfo\u001b[39m","timestamp":"2020-03-15 12:30:00"}
{"message":"garbage collector deleted  7b0c87c2-7d35-480a-94ed-bd3cffbec632.xml on folder: C:\\develop\\nodejs\\projects\\aitam\\work\\, path: C:\\develop\\nodejs\\projects\\aitam\\work\\7b0c87c2-7d35-480a-94ed-bd3cffbec632.xml","level":"\u001b[34minfo\u001b[39m","timestamp":"2020-03-15 12:30:00"}
{"message":"garbage collector deleted  a00d8930-4fd9-4c55-aea2-9aa17c69ddc8.xlsx on folder: C:\\develop\\nodejs\\projects\\aitam\\work\\, path: C:\\develop\\nodejs\\projects\\aitam\\work\\a00d8930-4fd9-4c55-aea2-9aa17c69ddc8.xlsx","level":"\u001b[34minfo\u001b[39m","timestamp":"2020-03-15 12:30:00"}
{"message":"garbage collector deleted  8484b23e-ec77-4330-b75f-b3c76408e348.xml on folder: C:\\develop\\nodejs\\projects\\aitam\\work\\, path: C:\\develop\\nodejs\\projects\\aitam\\work\\8484b23e-ec77-4330-b75f-b3c76408e348.xml","level":"\u001b[34minfo\u001b[39m","timestamp":"2020-03-15 12:30:01"}
{"message":"garbage collector deleted  a00d8930-4fd9-4c55-aea2-9aa17c69ddc8.xml on folder: C:\\develop\\nodejs\\projects\\aitam\\work\\, path: C:\\develop\\nodejs\\projects\\aitam\\work\\a00d8930-4fd9-4c55-aea2-9aa17c69ddc8.xml","level":"\u001b[34minfo\u001b[39m","timestamp":"2020-03-15 12:30:01"}
{"message":"garbage collector deleted  aa5d3dd1-02f8-4704-a133-4251eb1c45e7.xml on folder: C:\\develop\\nodejs\\projects\\aitam\\work\\, path: C:\\develop\\nodejs\\projects\\aitam\\work\\aa5d3dd1-02f8-4704-a133-4251eb1c45e7.xml","level":"\u001b[34minfo\u001b[39m","timestamp":"2020-03-15 12:30:01"}
{"message":"garbage collector deleted  ab7e4a63-af9a-4388-a03f-23e963662e3a.xml on folder: C:\\develop\\nodejs\\projects\\aitam\\work\\, path: C:\\develop\\nodejs\\projects\\aitam\\work\\ab7e4a63-af9a-4388-a03f-23e963662e3a.xml","level":"\u001b[34minfo\u001b[39m","timestamp":"2020-03-15 12:30:01"}
{"message":"garbage collector deleted  b1b884a6-59be-4f43-aee0-4fe5ab675e90.xlsx on folder: C:\\develop\\nodejs\\projects\\aitam\\work\\, path: C:\\develop\\nodejs\\projects\\aitam\\work\\b1b884a6-59be-4f43-aee0-4fe5ab675e90.xlsx","level":"\u001b[34minfo\u001b[39m","timestamp":"2020-03-15 12:30:01"}
{"message":"garbage collector deleted  bc4c77cb-7ca5-42f5-bfd4-cefc20e18260.xlsx on folder: C:\\develop\\nodejs\\projects\\aitam\\work\\, path: C:\\develop\\nodejs\\projects\\aitam\\work\\bc4c77cb-7ca5-42f5-bfd4-cefc20e18260.xlsx","level":"\u001b[34minfo\u001b[39m","timestamp":"2020-03-15 12:30:01"}
{"message":"garbage collector deleted  bc4c77cb-7ca5-42f5-bfd4-cefc20e18260.xml on folder: C:\\develop\\nodejs\\projects\\aitam\\work\\, path: C:\\develop\\nodejs\\projects\\aitam\\work\\bc4c77cb-7ca5-42f5-bfd4-cefc20e18260.xml","level":"\u001b[34minfo\u001b[39m","timestamp":"2020-03-15 12:30:01"}
{"message":"garbage collector deleted  d6b044bb-bf9c-4ff8-9a29-fa32d4b5e2a1.xlsx on folder: C:\\develop\\nodejs\\projects\\aitam\\work\\, path: C:\\develop\\nodejs\\projects\\aitam\\work\\d6b044bb-bf9c-4ff8-9a29-fa32d4b5e2a1.xlsx","level":"\u001b[34minfo\u001b[39m","timestamp":"2020-03-15 12:30:01"}
{"message":"garbage collector deleted  ab7e4a63-af9a-4388-a03f-23e963662e3a.xlsx on folder: C:\\develop\\nodejs\\projects\\aitam\\work\\, path: C:\\develop\\nodejs\\projects\\aitam\\work\\ab7e4a63-af9a-4388-a03f-23e963662e3a.xlsx","level":"\u001b[34minfo\u001b[39m","timestamp":"2020-03-15 12:30:01"}
{"message":"garbage collector deleted  d6b044bb-bf9c-4ff8-9a29-fa32d4b5e2a1.xml on folder: C:\\develop\\nodejs\\projects\\aitam\\work\\, path: C:\\develop\\nodejs\\projects\\aitam\\work\\d6b044bb-bf9c-4ff8-9a29-fa32d4b5e2a1.xml","level":"\u001b[34minfo\u001b[39m","timestamp":"2020-03-15 12:30:01"}
{"message":"garbage collector deleted  e6f7e7cd-a5f6-45d3-9aef-6c09a6bfe4a3.xlsx on folder: C:\\develop\\nodejs\\projects\\aitam\\work\\, path: C:\\develop\\nodejs\\projects\\aitam\\work\\e6f7e7cd-a5f6-45d3-9aef-6c09a6bfe4a3.xlsx","level":"\u001b[34minfo\u001b[39m","timestamp":"2020-03-15 12:30:01"}
{"message":"garbage collector deleted  ecf18f81-9dc6-4f3b-b172-085145e23431.xlsx on folder: C:\\develop\\nodejs\\projects\\aitam\\work\\, path: C:\\develop\\nodejs\\projects\\aitam\\work\\ecf18f81-9dc6-4f3b-b172-085145e23431.xlsx","level":"\u001b[34minfo\u001b[39m","timestamp":"2020-03-15 12:30:01"}
{"message":"garbage collector error:  Error: Can't delete C:\\develop\\nodejs\\projects\\aitam\\work\\049796bc-2800-43c1-a1da-38c87d20602f.xlsx","level":"\u001b[34minfo\u001b[39m","timestamp":"2020-03-15 12:30:01"}
{"message":"garbage collector error:  Error: Can't delete C:\\develop\\nodejs\\projects\\aitam\\work\\049796bc-2800-43c1-a1da-38c87d20602f.xml","level":"\u001b[34minfo\u001b[39m","timestamp":"2020-03-15 12:30:01"}
{"message":"garbage collector error:  Error: Can't delete C:\\develop\\nodejs\\projects\\aitam\\work\\165d644f-f3cf-4bae-9684-8f4051b4b014.xml","level":"\u001b[34minfo\u001b[39m","timestamp":"2020-03-15 12:30:01"}
{"message":"garbage collector error:  Error: Can't delete C:\\develop\\nodejs\\projects\\aitam\\work\\165d644f-f3cf-4bae-9684-8f4051b4b014.xlsx","level":"\u001b[34minfo\u001b[39m","timestamp":"2020-03-15 12:30:01"}
{"message":"garbage collector error:  Error: Can't delete C:\\develop\\nodejs\\projects\\aitam\\work\\3486de1e-5fb6-4bc1-900d-bec6cf8351d0.xlsx","level":"\u001b[34minfo\u001b[39m","timestamp":"2020-03-15 12:30:01"}
{"message":"garbage collector deleted  b1b884a6-59be-4f43-aee0-4fe5ab675e90.xml on folder: C:\\develop\\nodejs\\projects\\aitam\\work\\, path: C:\\develop\\nodejs\\projects\\aitam\\work\\b1b884a6-59be-4f43-aee0-4fe5ab675e90.xml","level":"\u001b[34minfo\u001b[39m","timestamp":"2020-03-15 12:30:01"}
{"message":"garbage collector deleted  3486de1e-5fb6-4bc1-900d-bec6cf8351d0.xml on folder: C:\\develop\\nodejs\\projects\\aitam\\work\\, path: C:\\develop\\nodejs\\projects\\aitam\\work\\3486de1e-5fb6-4bc1-900d-bec6cf8351d0.xml","level":"\u001b[34minfo\u001b[39m","timestamp":"2020-03-15 12:30:01"}
{"message":"garbage collector error:  Error: Can't delete C:\\develop\\nodejs\\projects\\aitam\\work\\550d68d1-2226-4add-8cca-611b3c7ff415.xml","level":"\u001b[34minfo\u001b[39m","timestamp":"2020-03-15 12:30:01"}
{"message":"garbage collector error:  Error: Can't delete C:\\develop\\nodejs\\projects\\aitam\\work\\550d68d1-2226-4add-8cca-611b3c7ff415.xlsx","level":"\u001b[34minfo\u001b[39m","timestamp":"2020-03-15 12:30:01"}
{"message":"garbage collector error:  Error: Can't delete C:\\develop\\nodejs\\projects\\aitam\\work\\59ebafc0-a06b-4285-ac11-4c769edd7c59.xml","level":"\u001b[34minfo\u001b[39m","timestamp":"2020-03-15 12:30:01"}
{"message":"garbage collector error:  Error: Can't delete C:\\develop\\nodejs\\projects\\aitam\\work\\73191d05-5156-4d81-bd93-b97ccf868ee3.xlsx","level":"\u001b[34minfo\u001b[39m","timestamp":"2020-03-15 12:30:01"}
{"message":"garbage collector error:  Error: Can't delete C:\\develop\\nodejs\\projects\\aitam\\work\\59ebafc0-a06b-4285-ac11-4c769edd7c59.xlsx","level":"\u001b[34minfo\u001b[39m","timestamp":"2020-03-15 12:30:01"}
{"message":"garbage collector deleted  ecf18f81-9dc6-4f3b-b172-085145e23431.xml on folder: C:\\develop\\nodejs\\projects\\aitam\\work\\, path: C:\\develop\\nodejs\\projects\\aitam\\work\\ecf18f81-9dc6-4f3b-b172-085145e23431.xml","level":"\u001b[34minfo\u001b[39m","timestamp":"2020-03-15 12:30:01"}
{"message":"garbage collector error:  Error: Can't delete C:\\develop\\nodejs\\projects\\aitam\\work\\7334b3ac-4a77-4f03-a218-f30accd0be7e.xlsx","level":"\u001b[34minfo\u001b[39m","timestamp":"2020-03-15 12:30:01"}
{"message":"garbage collector error:  Error: Can't delete C:\\develop\\nodejs\\projects\\aitam\\work\\73191d05-5156-4d81-bd93-b97ccf868ee3.xml","level":"\u001b[34minfo\u001b[39m","timestamp":"2020-03-15 12:30:01"}
{"message":"garbage collector error:  Error: Can't delete C:\\develop\\nodejs\\projects\\aitam\\work\\7b0c87c2-7d35-480a-94ed-bd3cffbec632.xlsx","level":"\u001b[34minfo\u001b[39m","timestamp":"2020-03-15 12:30:01"}
{"message":"garbage collector error:  Error: Can't delete C:\\develop\\nodejs\\projects\\aitam\\work\\8484b23e-ec77-4330-b75f-b3c76408e348.xlsx","level":"\u001b[34minfo\u001b[39m","timestamp":"2020-03-15 12:30:01"}
{"message":"garbage collector error:  Error: Can't delete C:\\develop\\nodejs\\projects\\aitam\\work\\7b0c87c2-7d35-480a-94ed-bd3cffbec632.xml","level":"\u001b[34minfo\u001b[39m","timestamp":"2020-03-15 12:30:01"}
{"message":"garbage collector error:  Error: Can't delete C:\\develop\\nodejs\\projects\\aitam\\work\\8484b23e-ec77-4330-b75f-b3c76408e348.xml","level":"\u001b[34minfo\u001b[39m","timestamp":"2020-03-15 12:30:01"}
{"message":"garbage collector error:  Error: Can't delete C:\\develop\\nodejs\\projects\\aitam\\work\\a00d8930-4fd9-4c55-aea2-9aa17c69ddc8.xlsx","level":"\u001b[34minfo\u001b[39m","timestamp":"2020-03-15 12:30:01"}
{"message":"garbage collector error:  Error: Can't delete C:\\develop\\nodejs\\projects\\aitam\\work\\7334b3ac-4a77-4f03-a218-f30accd0be7e.xml","level":"\u001b[34minfo\u001b[39m","timestamp":"2020-03-15 12:30:01"}
{"message":"garbage collector error:  Error: Can't delete C:\\develop\\nodejs\\projects\\aitam\\work\\a00d8930-4fd9-4c55-aea2-9aa17c69ddc8.xml","level":"\u001b[34minfo\u001b[39m","timestamp":"2020-03-15 12:30:01"}
{"message":"garbage collector error:  Error: Can't delete C:\\develop\\nodejs\\projects\\aitam\\work\\aa5d3dd1-02f8-4704-a133-4251eb1c45e7.xml","level":"\u001b[34minfo\u001b[39m","timestamp":"2020-03-15 12:30:01"}
{"message":"garbage collector error:  Error: Can't delete C:\\develop\\nodejs\\projects\\aitam\\work\\ab7e4a63-af9a-4388-a03f-23e963662e3a.xlsx","level":"\u001b[34minfo\u001b[39m","timestamp":"2020-03-15 12:30:01"}
{"message":"garbage collector error:  Error: Can't delete C:\\develop\\nodejs\\projects\\aitam\\work\\b1b884a6-59be-4f43-aee0-4fe5ab675e90.xlsx","level":"\u001b[34minfo\u001b[39m","timestamp":"2020-03-15 12:30:01"}
{"message":"garbage collector error:  Error: Can't delete C:\\develop\\nodejs\\projects\\aitam\\work\\ab7e4a63-af9a-4388-a03f-23e963662e3a.xml","level":"\u001b[34minfo\u001b[39m","timestamp":"2020-03-15 12:30:01"}
{"message":"garbage collector error:  Error: Can't delete C:\\develop\\nodejs\\projects\\aitam\\work\\b1b884a6-59be-4f43-aee0-4fe5ab675e90.xml","level":"\u001b[34minfo\u001b[39m","timestamp":"2020-03-15 12:30:01"}
{"message":"garbage collector error:  Error: Can't delete C:\\develop\\nodejs\\projects\\aitam\\work\\bc4c77cb-7ca5-42f5-bfd4-cefc20e18260.xml","level":"\u001b[34minfo\u001b[39m","timestamp":"2020-03-15 12:30:01"}
{"message":"garbage collector error:  Error: Can't delete C:\\develop\\nodejs\\projects\\aitam\\work\\bc4c77cb-7ca5-42f5-bfd4-cefc20e18260.xlsx","level":"\u001b[34minfo\u001b[39m","timestamp":"2020-03-15 12:30:01"}
{"message":"garbage collector error:  Error: Can't delete C:\\develop\\nodejs\\projects\\aitam\\work\\d6b044bb-bf9c-4ff8-9a29-fa32d4b5e2a1.xlsx","level":"\u001b[34minfo\u001b[39m","timestamp":"2020-03-15 12:30:01"}
{"message":"garbage collector error:  Error: Can't delete C:\\develop\\nodejs\\projects\\aitam\\work\\d6b044bb-bf9c-4ff8-9a29-fa32d4b5e2a1.xml","level":"\u001b[34minfo\u001b[39m","timestamp":"2020-03-15 12:30:01"}
{"message":"garbage collector error:  Error: Can't delete C:\\develop\\nodejs\\projects\\aitam\\work\\e6f7e7cd-a5f6-45d3-9aef-6c09a6bfe4a3.xlsx","level":"\u001b[34minfo\u001b[39m","timestamp":"2020-03-15 12:30:01"}
{"message":"garbage collector error:  Error: Can't delete C:\\develop\\nodejs\\projects\\aitam\\work\\3486de1e-5fb6-4bc1-900d-bec6cf8351d0.xml","level":"\u001b[34minfo\u001b[39m","timestamp":"2020-03-15 12:30:01"}
{"message":"garbage collector error:  Error: Can't delete C:\\develop\\nodejs\\projects\\aitam\\work\\ecf18f81-9dc6-4f3b-b172-085145e23431.xlsx","level":"\u001b[34minfo\u001b[39m","timestamp":"2020-03-15 12:30:01"}
{"message":"garbage collector error:  Error: Can't delete C:\\develop\\nodejs\\projects\\aitam\\work\\ecf18f81-9dc6-4f3b-b172-085145e23431.xml","level":"\u001b[34minfo\u001b[39m","timestamp":"2020-03-15 12:30:01"}
{"message":"garbage collector deleted  e6f7e7cd-a5f6-45d3-9aef-6c09a6bfe4a3.xml on folder: C:\\develop\\nodejs\\projects\\aitam\\work\\, path: C:\\develop\\nodejs\\projects\\aitam\\work\\e6f7e7cd-a5f6-45d3-9aef-6c09a6bfe4a3.xml","level":"\u001b[34minfo\u001b[39m","timestamp":"2020-03-15 12:30:01"}
{"message":"garbage collector deleted  e6f7e7cd-a5f6-45d3-9aef-6c09a6bfe4a3.xml on folder: C:\\develop\\nodejs\\projects\\aitam\\work\\, path: C:\\develop\\nodejs\\projects\\aitam\\work\\e6f7e7cd-a5f6-45d3-9aef-6c09a6bfe4a3.xml","level":"\u001b[34minfo\u001b[39m","timestamp":"2020-03-15 12:30:01"}
{"message":"req.user: undefined","level":"\u001b[34minfo\u001b[39m","timestamp":"2020-03-15 12:30:02"}
{"message":"Session id started: {\"user\":\"2f24vvg\"}","level":"\u001b[34minfo\u001b[39m","timestamp":"2020-03-15 12:30:02"}
{"message":"User logged in: {\"id\":\"2f24vvg\",\"email\":\"test@test.com\",\"password\":\"$2a$10$A2g6pbxxhLA9MNYRJ0rnzOf/7Ara76B0KcRdjzUcsIBIclRuas/fG\"}","level":"\u001b[34minfo\u001b[39m","timestamp":"2020-03-15 12:30:02"}
{"message":"User (2f24vvg) uploaded a file: {\"file-upload\":{\"size\":439256,\"path\":\"C:\\\\develop\\\\nodejs\\\\projects\\\\aitam\\\\work\\\\d62d5e30-7eca-4078-9252-6955cab7d972.xml\",\"name\":\"test_site3.xml\",\"type\":\"text/xml\",\"mtime\":\"2020-03-15T12:30:07.013Z\"}}","level":"\u001b[34minfo\u001b[39m","timestamp":"2020-03-15 12:30:07"}
{"message":"audit file download: C:\\develop\\nodejs\\projects\\aitam\\work\\d62d5e30-7eca-4078-9252-6955cab7d972.xml","level":"\u001b[34minfo\u001b[39m","timestamp":"2020-03-15 12:30:12"}
{"message":"audit file download: C:\\develop\\nodejs\\projects\\aitam\\work\\d62d5e30-7eca-4078-9252-6955cab7d972.xml","level":"\u001b[34minfo\u001b[39m","timestamp":"2020-03-15 12:30:26"}
{"message":"garbage collector started on path: C:\\develop\\nodejs\\projects\\aitam\\work\\","level":"\u001b[34minfo\u001b[39m","timestamp":"2020-03-15 12:34:04"}
{"message":"req.user: undefined","level":"\u001b[34minfo\u001b[39m","timestamp":"2020-03-15 12:34:15"}
{"message":"Session id started: {\"user\":\"2f24vvg\"}","level":"\u001b[34minfo\u001b[39m","timestamp":"2020-03-15 12:34:15"}
{"message":"User logged in: {\"id\":\"2f24vvg\",\"email\":\"test@test.com\",\"password\":\"$2a$10$A2g6pbxxhLA9MNYRJ0rnzOf/7Ara76B0KcRdjzUcsIBIclRuas/fG\"}","level":"\u001b[34minfo\u001b[39m","timestamp":"2020-03-15 12:34:15"}
{"message":"User (2f24vvg) uploaded a file: {\"file-upload\":{\"size\":439256,\"path\":\"C:\\\\develop\\\\nodejs\\\\projects\\\\aitam\\\\work\\\\6614f1ea-a21e-4204-b815-f1b687559591.xml\",\"name\":\"test_site3.xml\",\"type\":\"text/xml\",\"mtime\":\"2020-03-15T12:34:20.791Z\"}}","level":"\u001b[34minfo\u001b[39m","timestamp":"2020-03-15 12:34:20"}
{"message":"garbage collector started on path: C:\\develop\\nodejs\\projects\\aitam\\work\\","level":"\u001b[34minfo\u001b[39m","timestamp":"2020-03-15 12:35:57"}
{"message":"req.user: undefined","level":"\u001b[34minfo\u001b[39m","timestamp":"2020-03-15 12:36:04"}
{"message":"Session id started: {\"user\":\"2f24vvg\"}","level":"\u001b[34minfo\u001b[39m","timestamp":"2020-03-15 12:36:04"}
{"message":"User logged in: {\"id\":\"2f24vvg\",\"email\":\"test@test.com\",\"password\":\"$2a$10$A2g6pbxxhLA9MNYRJ0rnzOf/7Ara76B0KcRdjzUcsIBIclRuas/fG\"}","level":"\u001b[34minfo\u001b[39m","timestamp":"2020-03-15 12:36:04"}
{"message":"User (2f24vvg) uploaded a file: {\"file-upload\":{\"size\":439256,\"path\":\"C:\\\\develop\\\\nodejs\\\\projects\\\\aitam\\\\work\\\\f01e2a03-bfa2-419c-8fa9-d0487a745955.xml\",\"name\":\"test_site3.xml\",\"type\":\"text/xml\",\"mtime\":\"2020-03-15T12:36:12.531Z\"}}","level":"\u001b[34minfo\u001b[39m","timestamp":"2020-03-15 12:36:12"}
{"message":"garbage collector started on path: C:\\develop\\nodejs\\projects\\aitam\\work\\","level":"\u001b[34minfo\u001b[39m","timestamp":"2020-03-15 12:45:36"}
{"message":"req.user: undefined","level":"\u001b[34minfo\u001b[39m","timestamp":"2020-03-15 12:47:55"}
{"message":"Session id started: {\"user\":\"2f24vvg\"}","level":"\u001b[34minfo\u001b[39m","timestamp":"2020-03-15 12:47:55"}
{"message":"User logged in: {\"id\":\"2f24vvg\",\"email\":\"test@test.com\",\"password\":\"$2a$10$A2g6pbxxhLA9MNYRJ0rnzOf/7Ara76B0KcRdjzUcsIBIclRuas/fG\"}","level":"\u001b[34minfo\u001b[39m","timestamp":"2020-03-15 12:47:55"}
{"message":"User (2f24vvg) uploaded a file: {\"file-upload\":{\"size\":439256,\"path\":\"C:\\\\develop\\\\nodejs\\\\projects\\\\aitam\\\\work\\\\1ab9c7ba-c0c5-4284-a0d5-247bf3251f6e.xml\",\"name\":\"test_site3.xml\",\"type\":\"text/xml\",\"mtime\":\"2020-03-15T12:48:01.975Z\"}}","level":"\u001b[34minfo\u001b[39m","timestamp":"2020-03-15 12:48:01"}
{"message":"garbage collector started on path: C:\\develop\\nodejs\\projects\\aitam\\work\\","level":"\u001b[34minfo\u001b[39m","timestamp":"2020-03-15 12:49:08"}
{"message":"req.user: undefined","level":"\u001b[34minfo\u001b[39m","timestamp":"2020-03-15 12:49:12"}
{"message":"Session id started: {\"user\":\"2f24vvg\"}","level":"\u001b[34minfo\u001b[39m","timestamp":"2020-03-15 12:49:12"}
{"message":"User logged in: {\"id\":\"2f24vvg\",\"email\":\"test@test.com\",\"password\":\"$2a$10$A2g6pbxxhLA9MNYRJ0rnzOf/7Ara76B0KcRdjzUcsIBIclRuas/fG\"}","level":"\u001b[34minfo\u001b[39m","timestamp":"2020-03-15 12:49:12"}
{"message":"User (2f24vvg) uploaded a file: {\"file-upload\":{\"size\":439256,\"path\":\"C:\\\\develop\\\\nodejs\\\\projects\\\\aitam\\\\work\\\\87102ba4-be12-4ac9-bf86-4bcf27112418.xml\",\"name\":\"test_site3.xml\",\"type\":\"text/xml\",\"mtime\":\"2020-03-15T12:49:17.460Z\"}}","level":"\u001b[34minfo\u001b[39m","timestamp":"2020-03-15 12:49:17"}
{"message":"garbage collector started on path: C:\\develop\\nodejs\\projects\\aitam\\work\\","level":"\u001b[34minfo\u001b[39m","timestamp":"2020-03-15 12:49:56"}
{"message":"req.user: undefined","level":"\u001b[34minfo\u001b[39m","timestamp":"2020-03-15 12:50:00"}
{"message":"Session id started: {\"user\":\"2f24vvg\"}","level":"\u001b[34minfo\u001b[39m","timestamp":"2020-03-15 12:50:00"}
{"message":"User logged in: {\"id\":\"2f24vvg\",\"email\":\"test@test.com\",\"password\":\"$2a$10$A2g6pbxxhLA9MNYRJ0rnzOf/7Ara76B0KcRdjzUcsIBIclRuas/fG\"}","level":"\u001b[34minfo\u001b[39m","timestamp":"2020-03-15 12:50:00"}
{"message":"User (2f24vvg) uploaded a file: {\"file-upload\":{\"size\":439256,\"path\":\"C:\\\\develop\\\\nodejs\\\\projects\\\\aitam\\\\work\\\\d46e33f9-c2b8-4db2-a625-b637de0cb4a4.xml\",\"name\":\"test_site3.xml\",\"type\":\"text/xml\",\"mtime\":\"2020-03-15T12:50:05.273Z\"}}","level":"\u001b[34minfo\u001b[39m","timestamp":"2020-03-15 12:50:05"}
{"message":"garbage collector started on path: C:\\develop\\nodejs\\projects\\aitam\\work\\","level":"\u001b[34minfo\u001b[39m","timestamp":"2020-03-15 12:50:41"}
{"message":"req.user: undefined","level":"\u001b[34minfo\u001b[39m","timestamp":"2020-03-15 12:50:49"}
{"message":"Session id started: {\"user\":\"2f24vvg\"}","level":"\u001b[34minfo\u001b[39m","timestamp":"2020-03-15 12:50:49"}
{"message":"User logged in: {\"id\":\"2f24vvg\",\"email\":\"test@test.com\",\"password\":\"$2a$10$A2g6pbxxhLA9MNYRJ0rnzOf/7Ara76B0KcRdjzUcsIBIclRuas/fG\"}","level":"\u001b[34minfo\u001b[39m","timestamp":"2020-03-15 12:50:49"}
{"message":"User (2f24vvg) uploaded a file: {\"file-upload\":{\"size\":439256,\"path\":\"C:\\\\develop\\\\nodejs\\\\projects\\\\aitam\\\\work\\\\3df0fe1a-7519-4328-bee2-ea94045b619e.xml\",\"name\":\"test_site3.xml\",\"type\":\"text/xml\",\"mtime\":\"2020-03-15T12:50:54.627Z\"}}","level":"\u001b[34minfo\u001b[39m","timestamp":"2020-03-15 12:50:54"}
{"message":"garbage collector started on path: C:\\develop\\nodejs\\projects\\aitam\\work\\","level":"\u001b[34minfo\u001b[39m","timestamp":"2020-03-15 12:51:40"}
{"message":"req.user: undefined","level":"\u001b[34minfo\u001b[39m","timestamp":"2020-03-15 12:51:45"}
{"message":"Session id started: {\"user\":\"2f24vvg\"}","level":"\u001b[34minfo\u001b[39m","timestamp":"2020-03-15 12:51:45"}
{"message":"User logged in: {\"id\":\"2f24vvg\",\"email\":\"test@test.com\",\"password\":\"$2a$10$A2g6pbxxhLA9MNYRJ0rnzOf/7Ara76B0KcRdjzUcsIBIclRuas/fG\"}","level":"\u001b[34minfo\u001b[39m","timestamp":"2020-03-15 12:51:45"}
{"message":"User (2f24vvg) uploaded a file: {\"file-upload\":{\"size\":439256,\"path\":\"C:\\\\develop\\\\nodejs\\\\projects\\\\aitam\\\\work\\\\5acb384d-3888-4306-8a85-af54f2aae965.xml\",\"name\":\"test_site3.xml\",\"type\":\"text/xml\",\"mtime\":\"2020-03-15T12:51:50.027Z\"}}","level":"\u001b[34minfo\u001b[39m","timestamp":"2020-03-15 12:51:50"}
{"message":"garbage collector started on path: C:\\develop\\nodejs\\projects\\aitam\\work\\","level":"\u001b[34minfo\u001b[39m","timestamp":"2020-03-15 12:52:18"}
