{"message":"garbage collector started on path: C:\\develop\\nodejs\\projects\\aitam\\work\\","level":"\u001b[34minfo\u001b[39m","timestamp":"2020-05-14 09:46:22"}
{"message":"Session created received the id:f2822275-b9bc-4593-b347-eedaf0c8db22","level":"\u001b[34minfo\u001b[39m","timestamp":"2020-05-14 09:46:57"}
{"message":"404 - Not Found","level":"\u001b[33mwarn\u001b[39m","timestamp":"2020-05-14 09:46:58"}
{"message":"garbage collector started on path: C:\\develop\\nodejs\\projects\\aitam\\work\\","level":"\u001b[34minfo\u001b[39m","timestamp":"2020-05-14 09:52:57"}
{"message":"garbage collector deleted  06b86439-a800-47c2-8351-6d03905db712.xml on folder: C:\\develop\\nodejs\\projects\\aitam\\work\\, path: C:\\develop\\nodejs\\projects\\aitam\\work\\06b86439-a800-47c2-8351-6d03905db712.xml","level":"\u001b[34minfo\u001b[39m","timestamp":"2020-05-14 10:00:00"}
{"message":"garbage collector deleted  0ac66a30-ec5c-4cba-b789-7107e54c917f.xml on folder: C:\\develop\\nodejs\\projects\\aitam\\work\\, path: C:\\develop\\nodejs\\projects\\aitam\\work\\0ac66a30-ec5c-4cba-b789-7107e54c917f.xml","level":"\u001b[34minfo\u001b[39m","timestamp":"2020-05-14 10:00:00"}
{"message":"garbage collector deleted  098c4eac-d3ca-4828-ac62-9db1640c31b7.xml on folder: C:\\develop\\nodejs\\projects\\aitam\\work\\, path: C:\\develop\\nodejs\\projects\\aitam\\work\\098c4eac-d3ca-4828-ac62-9db1640c31b7.xml","level":"\u001b[34minfo\u001b[39m","timestamp":"2020-05-14 10:00:00"}
{"message":"garbage collector deleted  126778e4-6724-4535-908c-aaf5894c1390.xml on folder: C:\\develop\\nodejs\\projects\\aitam\\work\\, path: C:\\develop\\nodejs\\projects\\aitam\\work\\126778e4-6724-4535-908c-aaf5894c1390.xml","level":"\u001b[34minfo\u001b[39m","timestamp":"2020-05-14 10:00:00"}
{"message":"garbage collector deleted  184340a0-d474-4c52-b1f3-a93ff64dd56a.odt on folder: C:\\develop\\nodejs\\projects\\aitam\\work\\, path: C:\\develop\\nodejs\\projects\\aitam\\work\\184340a0-d474-4c52-b1f3-a93ff64dd56a.odt","level":"\u001b[34minfo\u001b[39m","timestamp":"2020-05-14 10:00:00"}
{"message":"garbage collector deleted  18b764d5-50b3-4488-8a9a-4b22e5098a2e.sent on folder: C:\\develop\\nodejs\\projects\\aitam\\work\\, path: C:\\develop\\nodejs\\projects\\aitam\\work\\18b764d5-50b3-4488-8a9a-4b22e5098a2e.sent","level":"\u001b[34minfo\u001b[39m","timestamp":"2020-05-14 10:00:00"}
{"message":"garbage collector deleted  184340a0-d474-4c52-b1f3-a93ff64dd56a.xml on folder: C:\\develop\\nodejs\\projects\\aitam\\work\\, path: C:\\develop\\nodejs\\projects\\aitam\\work\\184340a0-d474-4c52-b1f3-a93ff64dd56a.xml","level":"\u001b[34minfo\u001b[39m","timestamp":"2020-05-14 10:00:00"}
{"message":"garbage collector deleted  18b764d5-50b3-4488-8a9a-4b22e5098a2e.xml on folder: C:\\develop\\nodejs\\projects\\aitam\\work\\, path: C:\\develop\\nodejs\\projects\\aitam\\work\\18b764d5-50b3-4488-8a9a-4b22e5098a2e.xml","level":"\u001b[34minfo\u001b[39m","timestamp":"2020-05-14 10:00:00"}
{"message":"garbage collector deleted  2a39772e-51db-4c03-b10d-c551a5b39deb.xml on folder: C:\\develop\\nodejs\\projects\\aitam\\work\\, path: C:\\develop\\nodejs\\projects\\aitam\\work\\2a39772e-51db-4c03-b10d-c551a5b39deb.xml","level":"\u001b[34minfo\u001b[39m","timestamp":"2020-05-14 10:00:00"}
{"message":"garbage collector deleted  3cc6bbcc-4a7e-4c5f-af35-4a90d1e48068.odt on folder: C:\\develop\\nodejs\\projects\\aitam\\work\\, path: C:\\develop\\nodejs\\projects\\aitam\\work\\3cc6bbcc-4a7e-4c5f-af35-4a90d1e48068.odt","level":"\u001b[34minfo\u001b[39m","timestamp":"2020-05-14 10:00:00"}
{"message":"garbage collector deleted  3cc6bbcc-4a7e-4c5f-af35-4a90d1e48068.src on folder: C:\\develop\\nodejs\\projects\\aitam\\work\\, path: C:\\develop\\nodejs\\projects\\aitam\\work\\3cc6bbcc-4a7e-4c5f-af35-4a90d1e48068.src","level":"\u001b[34minfo\u001b[39m","timestamp":"2020-05-14 10:00:00"}
{"message":"garbage collector deleted  3cc6bbcc-4a7e-4c5f-af35-4a90d1e48068.sent on folder: C:\\develop\\nodejs\\projects\\aitam\\work\\, path: C:\\develop\\nodejs\\projects\\aitam\\work\\3cc6bbcc-4a7e-4c5f-af35-4a90d1e48068.sent","level":"\u001b[34minfo\u001b[39m","timestamp":"2020-05-14 10:00:00"}
{"message":"garbage collector deleted  3cc6bbcc-4a7e-4c5f-af35-4a90d1e48068.vec on folder: C:\\develop\\nodejs\\projects\\aitam\\work\\, path: C:\\develop\\nodejs\\projects\\aitam\\work\\3cc6bbcc-4a7e-4c5f-af35-4a90d1e48068.vec","level":"\u001b[34minfo\u001b[39m","timestamp":"2020-05-14 10:00:00"}
{"message":"garbage collector deleted  3cc6bbcc-4a7e-4c5f-af35-4a90d1e48068.tkn on folder: C:\\develop\\nodejs\\projects\\aitam\\work\\, path: C:\\develop\\nodejs\\projects\\aitam\\work\\3cc6bbcc-4a7e-4c5f-af35-4a90d1e48068.tkn","level":"\u001b[34minfo\u001b[39m","timestamp":"2020-05-14 10:00:00"}
{"message":"garbage collector deleted  3cc6bbcc-4a7e-4c5f-af35-4a90d1e48068.xml on folder: C:\\develop\\nodejs\\projects\\aitam\\work\\, path: C:\\develop\\nodejs\\projects\\aitam\\work\\3cc6bbcc-4a7e-4c5f-af35-4a90d1e48068.xml","level":"\u001b[34minfo\u001b[39m","timestamp":"2020-05-14 10:00:00"}
{"message":"garbage collector deleted  3cc6bbcc-4a7e-4c5f-af35-4a90d1e48068.xlsx on folder: C:\\develop\\nodejs\\projects\\aitam\\work\\, path: C:\\develop\\nodejs\\projects\\aitam\\work\\3cc6bbcc-4a7e-4c5f-af35-4a90d1e48068.xlsx","level":"\u001b[34minfo\u001b[39m","timestamp":"2020-05-14 10:00:00"}
{"message":"garbage collector deleted  58d103de-a024-4495-8ddf-8aa432d233cb.sent on folder: C:\\develop\\nodejs\\projects\\aitam\\work\\, path: C:\\develop\\nodejs\\projects\\aitam\\work\\58d103de-a024-4495-8ddf-8aa432d233cb.sent","level":"\u001b[34minfo\u001b[39m","timestamp":"2020-05-14 10:00:00"}
{"message":"garbage collector deleted  58d103de-a024-4495-8ddf-8aa432d233cb.xml on folder: C:\\develop\\nodejs\\projects\\aitam\\work\\, path: C:\\develop\\nodejs\\projects\\aitam\\work\\58d103de-a024-4495-8ddf-8aa432d233cb.xml","level":"\u001b[34minfo\u001b[39m","timestamp":"2020-05-14 10:00:00"}
{"message":"garbage collector deleted  5ded9e0a-bd2d-4550-8c3d-bcd32f8dea95.xml on folder: C:\\develop\\nodejs\\projects\\aitam\\work\\, path: C:\\develop\\nodejs\\projects\\aitam\\work\\5ded9e0a-bd2d-4550-8c3d-bcd32f8dea95.xml","level":"\u001b[34minfo\u001b[39m","timestamp":"2020-05-14 10:00:00"}
{"message":"garbage collector deleted  6f555e03-dcbb-46ec-bba4-12ab7840e21d.xml on folder: C:\\develop\\nodejs\\projects\\aitam\\work\\, path: C:\\develop\\nodejs\\projects\\aitam\\work\\6f555e03-dcbb-46ec-bba4-12ab7840e21d.xml","level":"\u001b[34minfo\u001b[39m","timestamp":"2020-05-14 10:00:00"}
{"message":"garbage collector deleted  7ea19c5d-35bb-4281-8764-0d65bfa534db.xml on folder: C:\\develop\\nodejs\\projects\\aitam\\work\\, path: C:\\develop\\nodejs\\projects\\aitam\\work\\7ea19c5d-35bb-4281-8764-0d65bfa534db.xml","level":"\u001b[34minfo\u001b[39m","timestamp":"2020-05-14 10:00:00"}
{"message":"garbage collector deleted  76d287e0-c992-4f6a-a228-5e63d5f1d638.xml on folder: C:\\develop\\nodejs\\projects\\aitam\\work\\, path: C:\\develop\\nodejs\\projects\\aitam\\work\\76d287e0-c992-4f6a-a228-5e63d5f1d638.xml","level":"\u001b[34minfo\u001b[39m","timestamp":"2020-05-14 10:00:00"}
{"message":"garbage collector deleted  7f1c3799-991e-4073-8114-663e332f0610.sent on folder: C:\\develop\\nodejs\\projects\\aitam\\work\\, path: C:\\develop\\nodejs\\projects\\aitam\\work\\7f1c3799-991e-4073-8114-663e332f0610.sent","level":"\u001b[34minfo\u001b[39m","timestamp":"2020-05-14 10:00:00"}
{"message":"garbage collector deleted  84d5f153-8acf-4261-8088-975fd2603737.xml on folder: C:\\develop\\nodejs\\projects\\aitam\\work\\, path: C:\\develop\\nodejs\\projects\\aitam\\work\\84d5f153-8acf-4261-8088-975fd2603737.xml","level":"\u001b[34minfo\u001b[39m","timestamp":"2020-05-14 10:00:00"}
{"message":"garbage collector deleted  7f1c3799-991e-4073-8114-663e332f0610.xml on folder: C:\\develop\\nodejs\\projects\\aitam\\work\\, path: C:\\develop\\nodejs\\projects\\aitam\\work\\7f1c3799-991e-4073-8114-663e332f0610.xml","level":"\u001b[34minfo\u001b[39m","timestamp":"2020-05-14 10:00:00"}
{"message":"garbage collector deleted  8fc99c1d-5612-4ddf-a45e-d3bd2fbcbe33.xml on folder: C:\\develop\\nodejs\\projects\\aitam\\work\\, path: C:\\develop\\nodejs\\projects\\aitam\\work\\8fc99c1d-5612-4ddf-a45e-d3bd2fbcbe33.xml","level":"\u001b[34minfo\u001b[39m","timestamp":"2020-05-14 10:00:00"}
{"message":"garbage collector deleted  894723f6-b395-43b5-9b3e-79feb8015883.xml on folder: C:\\develop\\nodejs\\projects\\aitam\\work\\, path: C:\\develop\\nodejs\\projects\\aitam\\work\\894723f6-b395-43b5-9b3e-79feb8015883.xml","level":"\u001b[34minfo\u001b[39m","timestamp":"2020-05-14 10:00:00"}
{"message":"garbage collector deleted  9fb50d12-876c-4754-af0f-5941dec81cee.xml on folder: C:\\develop\\nodejs\\projects\\aitam\\work\\, path: C:\\develop\\nodejs\\projects\\aitam\\work\\9fb50d12-876c-4754-af0f-5941dec81cee.xml","level":"\u001b[34minfo\u001b[39m","timestamp":"2020-05-14 10:00:00"}
{"message":"garbage collector deleted  a4987062-535f-46d8-b567-e17509ee4f0f.xml on folder: C:\\develop\\nodejs\\projects\\aitam\\work\\, path: C:\\develop\\nodejs\\projects\\aitam\\work\\a4987062-535f-46d8-b567-e17509ee4f0f.xml","level":"\u001b[34minfo\u001b[39m","timestamp":"2020-05-14 10:00:00"}
{"message":"garbage collector deleted  d163d0fd-e73a-48bf-8d62-81c3c34b0b5c.sent on folder: C:\\develop\\nodejs\\projects\\aitam\\work\\, path: C:\\develop\\nodejs\\projects\\aitam\\work\\d163d0fd-e73a-48bf-8d62-81c3c34b0b5c.sent","level":"\u001b[34minfo\u001b[39m","timestamp":"2020-05-14 10:00:00"}
{"message":"garbage collector deleted  d163d0fd-e73a-48bf-8d62-81c3c34b0b5c.xml on folder: C:\\develop\\nodejs\\projects\\aitam\\work\\, path: C:\\develop\\nodejs\\projects\\aitam\\work\\d163d0fd-e73a-48bf-8d62-81c3c34b0b5c.xml","level":"\u001b[34minfo\u001b[39m","timestamp":"2020-05-14 10:00:00"}
{"message":"garbage collector deleted  ed6b2f74-13a4-48b6-8814-20090d3f1960.sent on folder: C:\\develop\\nodejs\\projects\\aitam\\work\\, path: C:\\develop\\nodejs\\projects\\aitam\\work\\ed6b2f74-13a4-48b6-8814-20090d3f1960.sent","level":"\u001b[34minfo\u001b[39m","timestamp":"2020-05-14 10:00:00"}
{"message":"garbage collector deleted  ed6b2f74-13a4-48b6-8814-20090d3f1960.xml on folder: C:\\develop\\nodejs\\projects\\aitam\\work\\, path: C:\\develop\\nodejs\\projects\\aitam\\work\\ed6b2f74-13a4-48b6-8814-20090d3f1960.xml","level":"\u001b[34minfo\u001b[39m","timestamp":"2020-05-14 10:00:00"}
{"message":"garbage collector deleted  f3f651aa-5b34-4809-9f9b-1a0a58c5c0c3.xml on folder: C:\\develop\\nodejs\\projects\\aitam\\work\\, path: C:\\develop\\nodejs\\projects\\aitam\\work\\f3f651aa-5b34-4809-9f9b-1a0a58c5c0c3.xml","level":"\u001b[34minfo\u001b[39m","timestamp":"2020-05-14 10:00:00"}
{"message":"garbage collector deleted  f53e17a4-c39d-45d5-b8f6-9a9d32b7d40b.xml on folder: C:\\develop\\nodejs\\projects\\aitam\\work\\, path: C:\\develop\\nodejs\\projects\\aitam\\work\\f53e17a4-c39d-45d5-b8f6-9a9d32b7d40b.xml","level":"\u001b[34minfo\u001b[39m","timestamp":"2020-05-14 10:00:00"}
{"message":"garbage collector deleted  f72d3f5e-cbcc-49fb-ba7d-b9f4b695f01a.sent on folder: C:\\develop\\nodejs\\projects\\aitam\\work\\, path: C:\\develop\\nodejs\\projects\\aitam\\work\\f72d3f5e-cbcc-49fb-ba7d-b9f4b695f01a.sent","level":"\u001b[34minfo\u001b[39m","timestamp":"2020-05-14 10:00:00"}
{"message":"garbage collector deleted  f72d3f5e-cbcc-49fb-ba7d-b9f4b695f01a.xml on folder: C:\\develop\\nodejs\\projects\\aitam\\work\\, path: C:\\develop\\nodejs\\projects\\aitam\\work\\f72d3f5e-cbcc-49fb-ba7d-b9f4b695f01a.xml","level":"\u001b[34minfo\u001b[39m","timestamp":"2020-05-14 10:00:00"}
{"message":"garbage collector deleted  fd22a331-f2b5-4351-bb98-aa4e7e7b259a.xml on folder: C:\\develop\\nodejs\\projects\\aitam\\work\\, path: C:\\develop\\nodejs\\projects\\aitam\\work\\fd22a331-f2b5-4351-bb98-aa4e7e7b259a.xml","level":"\u001b[34minfo\u001b[39m","timestamp":"2020-05-14 10:00:00"}
{"message":"garbage collector deleted  fd22a331-f2b5-4351-bb98-aa4e7e7b259a.sent on folder: C:\\develop\\nodejs\\projects\\aitam\\work\\, path: C:\\develop\\nodejs\\projects\\aitam\\work\\fd22a331-f2b5-4351-bb98-aa4e7e7b259a.sent","level":"\u001b[34minfo\u001b[39m","timestamp":"2020-05-14 10:00:00"}
{"message":"garbage collector deleted  fd9f7268-6a19-4cc1-99f8-6636d7bdbe5d.xml on folder: C:\\develop\\nodejs\\projects\\aitam\\work\\, path: C:\\develop\\nodejs\\projects\\aitam\\work\\fd9f7268-6a19-4cc1-99f8-6636d7bdbe5d.xml","level":"\u001b[34minfo\u001b[39m","timestamp":"2020-05-14 10:00:00"}
{"message":"garbage collector deleted  fd9f7268-6a19-4cc1-99f8-6636d7bdbe5d.sent on folder: C:\\develop\\nodejs\\projects\\aitam\\work\\, path: C:\\develop\\nodejs\\projects\\aitam\\work\\fd9f7268-6a19-4cc1-99f8-6636d7bdbe5d.sent","level":"\u001b[34minfo\u001b[39m","timestamp":"2020-05-14 10:00:00"}
{"message":"garbage collector deleted  fe31bffd-ade8-4230-a472-dbc4e72ced63.xml on folder: C:\\develop\\nodejs\\projects\\aitam\\work\\, path: C:\\develop\\nodejs\\projects\\aitam\\work\\fe31bffd-ade8-4230-a472-dbc4e72ced63.xml","level":"\u001b[34minfo\u001b[39m","timestamp":"2020-05-14 10:00:00"}
{"message":"garbage collector deleted  gazetteer.dic on folder: C:\\develop\\nodejs\\projects\\aitam\\work\\, path: C:\\develop\\nodejs\\projects\\aitam\\work\\gazetteer.dic","level":"\u001b[34minfo\u001b[39m","timestamp":"2020-05-14 10:00:00"}
{"message":"garbage collector deleted  996f00f2-488f-41d4-afce-f06e0af5487b.xml on folder: C:\\develop\\nodejs\\projects\\aitam\\work\\, path: C:\\develop\\nodejs\\projects\\aitam\\work\\996f00f2-488f-41d4-afce-f06e0af5487b.xml","level":"\u001b[34minfo\u001b[39m","timestamp":"2020-05-14 10:00:00"}
{"message":"req.user: undefined","level":"\u001b[34minfo\u001b[39m","timestamp":"2020-05-14 10:02:09"}
{"message":"Session id started: {\"user\":\"2f24vvg\"}","level":"\u001b[34minfo\u001b[39m","timestamp":"2020-05-14 10:02:09"}
{"message":"User logged in: {\"id\":\"2f24vvg\",\"email\":\"test@test.com\",\"password\":\"$2a$10$A2g6pbxxhLA9MNYRJ0rnzOf/7Ara76B0KcRdjzUcsIBIclRuas/fG\"}","level":"\u001b[34minfo\u001b[39m","timestamp":"2020-05-14 10:02:09"}
{"message":"User (2f24vvg) uploaded a file: {\"file-upload\":{\"size\":466548,\"path\":\"C:\\\\develop\\\\nodejs\\\\projects\\\\aitam\\\\work\\\\4a69ac0c-b071-4728-a2f3-4a84ae0964f6.xml\",\"name\":\"ATK-SIGTAS.xml\",\"type\":\"text/xml\",\"mtime\":\"2020-05-14T09:02:33.846Z\"}}","level":"\u001b[34minfo\u001b[39m","timestamp":"2020-05-14 10:02:33"}
{"message":"audit file download: C:\\develop\\nodejs\\projects\\aitam\\work\\4a69ac0c-b071-4728-a2f3-4a84ae0964f6.xml","level":"\u001b[34minfo\u001b[39m","timestamp":"2020-05-14 10:04:40"}
{"message":"garbage collector started on path: C:\\develop\\nodejs\\projects\\aitam\\work\\","level":"\u001b[34minfo\u001b[39m","timestamp":"2020-05-14 10:08:02"}
{"message":"garbage collector started on path: C:\\develop\\nodejs\\projects\\aitam\\work\\","level":"\u001b[34minfo\u001b[39m","timestamp":"2020-05-14 10:08:10"}
{"message":"req.user: undefined","level":"\u001b[34minfo\u001b[39m","timestamp":"2020-05-14 10:08:14"}
{"message":"Session id started: {\"user\":\"2f24vvg\"}","level":"\u001b[34minfo\u001b[39m","timestamp":"2020-05-14 10:08:14"}
{"message":"User logged in: {\"id\":\"2f24vvg\",\"email\":\"test@test.com\",\"password\":\"$2a$10$A2g6pbxxhLA9MNYRJ0rnzOf/7Ara76B0KcRdjzUcsIBIclRuas/fG\"}","level":"\u001b[34minfo\u001b[39m","timestamp":"2020-05-14 10:08:14"}
{"message":"User (2f24vvg) uploaded a file: {\"file-upload\":{\"size\":466936,\"path\":\"C:\\\\develop\\\\nodejs\\\\projects\\\\aitam\\\\work\\\\54f473c0-acc5-4725-8a92-2942a482313f.xml\",\"name\":\"4a69ac0c-b071-4728-a2f3-4a84ae0964f6.xml\",\"type\":\"text/xml\",\"mtime\":\"2020-05-14T09:08:22.354Z\"}}","level":"\u001b[34minfo\u001b[39m","timestamp":"2020-05-14 10:08:22"}
{"message":"garbage collector started on path: C:\\develop\\nodejs\\projects\\aitam\\work\\","level":"\u001b[34minfo\u001b[39m","timestamp":"2020-05-14 10:10:03"}
{"message":"garbage collector started on path: C:\\develop\\nodejs\\projects\\aitam\\work\\","level":"\u001b[34minfo\u001b[39m","timestamp":"2020-05-14 10:10:19"}
{"message":"req.user: undefined","level":"\u001b[34minfo\u001b[39m","timestamp":"2020-05-14 10:12:44"}
{"message":"Session id started: {\"user\":\"2f24vvg\"}","level":"\u001b[34minfo\u001b[39m","timestamp":"2020-05-14 10:12:44"}
{"message":"User logged in: {\"id\":\"2f24vvg\",\"email\":\"test@test.com\",\"password\":\"$2a$10$A2g6pbxxhLA9MNYRJ0rnzOf/7Ara76B0KcRdjzUcsIBIclRuas/fG\"}","level":"\u001b[34minfo\u001b[39m","timestamp":"2020-05-14 10:12:44"}
{"message":"User (2f24vvg) uploaded a file: {\"file-upload\":{\"size\":466936,\"path\":\"C:\\\\develop\\\\nodejs\\\\projects\\\\aitam\\\\work\\\\80a0f9fa-58bc-41da-82b3-0c6ccbfa2c65.xml\",\"name\":\"4a69ac0c-b071-4728-a2f3-4a84ae0964f6.xml\",\"type\":\"text/xml\",\"mtime\":\"2020-05-14T09:12:50.775Z\"}}","level":"\u001b[34minfo\u001b[39m","timestamp":"2020-05-14 10:12:50"}
{"message":"garbage collector started on path: C:\\develop\\nodejs\\projects\\aitam\\work\\","level":"\u001b[34minfo\u001b[39m","timestamp":"2020-05-14 10:16:15"}
{"message":"req.user: undefined","level":"\u001b[34minfo\u001b[39m","timestamp":"2020-05-14 10:17:40"}
{"message":"Session id started: {\"user\":\"2f24vvg\"}","level":"\u001b[34minfo\u001b[39m","timestamp":"2020-05-14 10:17:40"}
{"message":"User logged in: {\"id\":\"2f24vvg\",\"email\":\"test@test.com\",\"password\":\"$2a$10$A2g6pbxxhLA9MNYRJ0rnzOf/7Ara76B0KcRdjzUcsIBIclRuas/fG\"}","level":"\u001b[34minfo\u001b[39m","timestamp":"2020-05-14 10:17:40"}
{"message":"User (2f24vvg) uploaded a file: {\"file-upload\":{\"size\":466936,\"path\":\"C:\\\\develop\\\\nodejs\\\\projects\\\\aitam\\\\work\\\\2b3caa5e-d2b0-49a1-9aae-81404af89076.xml\",\"name\":\"4a69ac0c-b071-4728-a2f3-4a84ae0964f6.xml\",\"type\":\"text/xml\",\"mtime\":\"2020-05-14T09:17:46.569Z\"}}","level":"\u001b[34minfo\u001b[39m","timestamp":"2020-05-14 10:17:46"}
{"message":"garbage collector started on path: C:\\develop\\nodejs\\projects\\aitam\\work\\","level":"\u001b[34minfo\u001b[39m","timestamp":"2020-05-14 10:26:33"}
{"message":"req.user: undefined","level":"\u001b[34minfo\u001b[39m","timestamp":"2020-05-14 10:26:40"}
{"message":"Session id started: {\"user\":\"2f24vvg\"}","level":"\u001b[34minfo\u001b[39m","timestamp":"2020-05-14 10:26:40"}
{"message":"User logged in: {\"id\":\"2f24vvg\",\"email\":\"test@test.com\",\"password\":\"$2a$10$A2g6pbxxhLA9MNYRJ0rnzOf/7Ara76B0KcRdjzUcsIBIclRuas/fG\"}","level":"\u001b[34minfo\u001b[39m","timestamp":"2020-05-14 10:26:40"}
{"message":"User (2f24vvg) uploaded a file: {\"file-upload\":{\"size\":466936,\"path\":\"C:\\\\develop\\\\nodejs\\\\projects\\\\aitam\\\\work\\\\357cc84d-0b4e-4b9a-b494-7d1e6061445e.xml\",\"name\":\"4a69ac0c-b071-4728-a2f3-4a84ae0964f6.xml\",\"type\":\"text/xml\",\"mtime\":\"2020-05-14T09:26:45.497Z\"}}","level":"\u001b[34minfo\u001b[39m","timestamp":"2020-05-14 10:26:45"}
{"message":"garbage collector started on path: C:\\develop\\nodejs\\projects\\aitam\\work\\","level":"\u001b[34minfo\u001b[39m","timestamp":"2020-05-14 10:27:43"}
{"message":"req.user: undefined","level":"\u001b[34minfo\u001b[39m","timestamp":"2020-05-14 10:27:47"}
{"message":"Session id started: {\"user\":\"2f24vvg\"}","level":"\u001b[34minfo\u001b[39m","timestamp":"2020-05-14 10:27:47"}
{"message":"User logged in: {\"id\":\"2f24vvg\",\"email\":\"test@test.com\",\"password\":\"$2a$10$A2g6pbxxhLA9MNYRJ0rnzOf/7Ara76B0KcRdjzUcsIBIclRuas/fG\"}","level":"\u001b[34minfo\u001b[39m","timestamp":"2020-05-14 10:27:47"}
{"message":"User (2f24vvg) uploaded a file: {\"file-upload\":{\"size\":466936,\"path\":\"C:\\\\develop\\\\nodejs\\\\projects\\\\aitam\\\\work\\\\2a1c9621-efed-4e02-9e27-df6d537d87aa.xml\",\"name\":\"4a69ac0c-b071-4728-a2f3-4a84ae0964f6.xml\",\"type\":\"text/xml\",\"mtime\":\"2020-05-14T09:27:52.535Z\"}}","level":"\u001b[34minfo\u001b[39m","timestamp":"2020-05-14 10:27:52"}
{"message":"garbage collector started on path: C:\\develop\\nodejs\\projects\\aitam\\work\\","level":"\u001b[34minfo\u001b[39m","timestamp":"2020-05-14 10:28:24"}
{"message":"req.user: undefined","level":"\u001b[34minfo\u001b[39m","timestamp":"2020-05-14 10:28:30"}
{"message":"Session id started: {\"user\":\"2f24vvg\"}","level":"\u001b[34minfo\u001b[39m","timestamp":"2020-05-14 10:28:30"}
{"message":"User logged in: {\"id\":\"2f24vvg\",\"email\":\"test@test.com\",\"password\":\"$2a$10$A2g6pbxxhLA9MNYRJ0rnzOf/7Ara76B0KcRdjzUcsIBIclRuas/fG\"}","level":"\u001b[34minfo\u001b[39m","timestamp":"2020-05-14 10:28:30"}
{"message":"User (2f24vvg) uploaded a file: {\"file-upload\":{\"size\":466936,\"path\":\"C:\\\\develop\\\\nodejs\\\\projects\\\\aitam\\\\work\\\\8d24ceb0-e20a-4010-b665-4049ae139508.xml\",\"name\":\"4a69ac0c-b071-4728-a2f3-4a84ae0964f6.xml\",\"type\":\"text/xml\",\"mtime\":\"2020-05-14T09:28:42.439Z\"}}","level":"\u001b[34minfo\u001b[39m","timestamp":"2020-05-14 10:28:42"}
