{"message":"garbage collector started on path: C:\\develop\\nodejs\\projects\\aitam\\work\\","level":"\u001b[34minfo\u001b[39m","timestamp":"2020-01-01 13:08:21"}
{"message":"Session created received the id:ab5fe257-e0ad-4182-97d9-c85cde6b3dfa","level":"\u001b[34minfo\u001b[39m","timestamp":"2020-01-01 13:08:40"}
{"message":"garbage collector started on path: C:\\develop\\nodejs\\projects\\aitam\\work\\","level":"\u001b[34minfo\u001b[39m","timestamp":"2020-01-01 13:12:19"}
{"message":"garbage collector started on path: C:\\develop\\nodejs\\projects\\aitam\\work\\","level":"\u001b[34minfo\u001b[39m","timestamp":"2020-01-01 13:14:08"}
{"message":"garbage collector deleted  1b710d0b-fba1-4b0e-ace5-562aa74abdae.xml on folder: C:\\develop\\nodejs\\projects\\aitam\\work\\, path: C:\\develop\\nodejs\\projects\\aitam\\work\\1b710d0b-fba1-4b0e-ace5-562aa74abdae.xml","level":"\u001b[34minfo\u001b[39m","timestamp":"2020-01-01 13:15:00"}
{"message":"garbage collector deleted  48ad81c1-2e11-4e73-961c-09d21818c293.xml on folder: C:\\develop\\nodejs\\projects\\aitam\\work\\, path: C:\\develop\\nodejs\\projects\\aitam\\work\\48ad81c1-2e11-4e73-961c-09d21818c293.xml","level":"\u001b[34minfo\u001b[39m","timestamp":"2020-01-01 13:15:00"}
{"message":"garbage collector deleted  4d56ea05-9538-4c98-b8ca-aaf7032058d4.xml on folder: C:\\develop\\nodejs\\projects\\aitam\\work\\, path: C:\\develop\\nodejs\\projects\\aitam\\work\\4d56ea05-9538-4c98-b8ca-aaf7032058d4.xml","level":"\u001b[34minfo\u001b[39m","timestamp":"2020-01-01 13:15:00"}
{"message":"garbage collector deleted  8bdb9141-8669-4914-a5e3-43571b08c32f.xml on folder: C:\\develop\\nodejs\\projects\\aitam\\work\\, path: C:\\develop\\nodejs\\projects\\aitam\\work\\8bdb9141-8669-4914-a5e3-43571b08c32f.xml","level":"\u001b[34minfo\u001b[39m","timestamp":"2020-01-01 13:15:00"}
{"message":"garbage collector deleted  7bf8d905-40e5-4c6d-bed1-da782c0b2044.xml on folder: C:\\develop\\nodejs\\projects\\aitam\\work\\, path: C:\\develop\\nodejs\\projects\\aitam\\work\\7bf8d905-40e5-4c6d-bed1-da782c0b2044.xml","level":"\u001b[34minfo\u001b[39m","timestamp":"2020-01-01 13:15:00"}
{"message":"garbage collector deleted  a4c74137-a539-4650-9748-6258a626e93b.xml on folder: C:\\develop\\nodejs\\projects\\aitam\\work\\, path: C:\\develop\\nodejs\\projects\\aitam\\work\\a4c74137-a539-4650-9748-6258a626e93b.xml","level":"\u001b[34minfo\u001b[39m","timestamp":"2020-01-01 13:15:00"}
{"message":"garbage collector deleted  f5586a2f-563f-4591-9fd7-a102f875a3c8.xml on folder: C:\\develop\\nodejs\\projects\\aitam\\work\\, path: C:\\develop\\nodejs\\projects\\aitam\\work\\f5586a2f-563f-4591-9fd7-a102f875a3c8.xml","level":"\u001b[34minfo\u001b[39m","timestamp":"2020-01-01 13:15:00"}
{"message":"garbage collector deleted  gazetteer.dic on folder: C:\\develop\\nodejs\\projects\\aitam\\work\\, path: C:\\develop\\nodejs\\projects\\aitam\\work\\gazetteer.dic","level":"\u001b[34minfo\u001b[39m","timestamp":"2020-01-01 13:15:00"}
{"message":"garbage collector error:  Error: Can't delete C:\\develop\\nodejs\\projects\\aitam\\work\\1b710d0b-fba1-4b0e-ace5-562aa74abdae.xml","level":"\u001b[34minfo\u001b[39m","timestamp":"2020-01-01 13:15:00"}
{"message":"garbage collector error:  Error: Can't delete C:\\develop\\nodejs\\projects\\aitam\\work\\48ad81c1-2e11-4e73-961c-09d21818c293.xml","level":"\u001b[34minfo\u001b[39m","timestamp":"2020-01-01 13:15:00"}
{"message":"garbage collector error:  Error: Can't delete C:\\develop\\nodejs\\projects\\aitam\\work\\4d56ea05-9538-4c98-b8ca-aaf7032058d4.xml","level":"\u001b[34minfo\u001b[39m","timestamp":"2020-01-01 13:15:00"}
{"message":"garbage collector error:  Error: Can't delete C:\\develop\\nodejs\\projects\\aitam\\work\\7bf8d905-40e5-4c6d-bed1-da782c0b2044.xml","level":"\u001b[34minfo\u001b[39m","timestamp":"2020-01-01 13:15:00"}
{"message":"garbage collector error:  Error: Can't delete C:\\develop\\nodejs\\projects\\aitam\\work\\8bdb9141-8669-4914-a5e3-43571b08c32f.xml","level":"\u001b[34minfo\u001b[39m","timestamp":"2020-01-01 13:15:00"}
{"message":"garbage collector error:  Error: Can't delete C:\\develop\\nodejs\\projects\\aitam\\work\\a4c74137-a539-4650-9748-6258a626e93b.xml","level":"\u001b[34minfo\u001b[39m","timestamp":"2020-01-01 13:15:00"}
{"message":"garbage collector error:  Error: Can't delete C:\\develop\\nodejs\\projects\\aitam\\work\\f5586a2f-563f-4591-9fd7-a102f875a3c8.xml","level":"\u001b[34minfo\u001b[39m","timestamp":"2020-01-01 13:15:00"}
{"message":"garbage collector error:  Error: Can't delete C:\\develop\\nodejs\\projects\\aitam\\work\\gazetteer.dic","level":"\u001b[34minfo\u001b[39m","timestamp":"2020-01-01 13:15:00"}
{"message":"garbage collector started on path: C:\\develop\\nodejs\\projects\\aitam\\work\\","level":"\u001b[34minfo\u001b[39m","timestamp":"2020-01-01 13:15:21"}
{"message":"req.user: undefined","level":"\u001b[34minfo\u001b[39m","timestamp":"2020-01-01 13:15:28"}
{"message":"Session id started: {\"user\":\"2f24vvg\"}","level":"\u001b[34minfo\u001b[39m","timestamp":"2020-01-01 13:15:28"}
{"message":"User logged in: {\"id\":\"2f24vvg\",\"email\":\"test@test.com\",\"password\":\"$2a$10$A2g6pbxxhLA9MNYRJ0rnzOf/7Ara76B0KcRdjzUcsIBIclRuas/fG\"}","level":"\u001b[34minfo\u001b[39m","timestamp":"2020-01-01 13:15:28"}
{"message":"User (2f24vvg) uploaded a file: {\"file-upload\":{\"size\":439275,\"path\":\"C:\\\\develop\\\\nodejs\\\\projects\\\\aitam\\\\work\\\\aa9cf899-f6b6-4fad-b244-1abc2d66284c.xml\",\"name\":\"test_site3.xml\",\"type\":\"text/xml\",\"mtime\":\"2020-01-01T13:15:34.295Z\"}}","level":"\u001b[34minfo\u001b[39m","timestamp":"2020-01-01 13:15:34"}
{"message":"garbage collector started on path: C:\\develop\\nodejs\\projects\\aitam\\work\\","level":"\u001b[34minfo\u001b[39m","timestamp":"2020-01-01 13:19:52"}
{"message":"garbage collector started on path: C:\\develop\\nodejs\\projects\\aitam\\work\\","level":"\u001b[34minfo\u001b[39m","timestamp":"2020-01-01 13:20:58"}
{"message":"garbage collector started on path: C:\\develop\\nodejs\\projects\\aitam\\work\\","level":"\u001b[34minfo\u001b[39m","timestamp":"2020-01-01 13:21:08"}
{"message":"req.user: undefined","level":"\u001b[34minfo\u001b[39m","timestamp":"2020-01-01 13:21:14"}
{"message":"Session id started: {\"user\":\"2f24vvg\"}","level":"\u001b[34minfo\u001b[39m","timestamp":"2020-01-01 13:21:14"}
{"message":"User logged in: {\"id\":\"2f24vvg\",\"email\":\"test@test.com\",\"password\":\"$2a$10$A2g6pbxxhLA9MNYRJ0rnzOf/7Ara76B0KcRdjzUcsIBIclRuas/fG\"}","level":"\u001b[34minfo\u001b[39m","timestamp":"2020-01-01 13:21:14"}
{"message":"garbage collector started on path: C:\\develop\\nodejs\\projects\\aitam\\work\\","level":"\u001b[34minfo\u001b[39m","timestamp":"2020-01-01 13:21:27"}
{"message":"req.user: undefined","level":"\u001b[34minfo\u001b[39m","timestamp":"2020-01-01 13:21:34"}
{"message":"Session id started: {\"user\":\"2f24vvg\"}","level":"\u001b[34minfo\u001b[39m","timestamp":"2020-01-01 13:21:34"}
{"message":"User logged in: {\"id\":\"2f24vvg\",\"email\":\"test@test.com\",\"password\":\"$2a$10$A2g6pbxxhLA9MNYRJ0rnzOf/7Ara76B0KcRdjzUcsIBIclRuas/fG\"}","level":"\u001b[34minfo\u001b[39m","timestamp":"2020-01-01 13:21:34"}
{"message":"User (2f24vvg) uploaded a file: {\"file-upload\":{\"size\":439275,\"path\":\"C:\\\\develop\\\\nodejs\\\\projects\\\\aitam\\\\work\\\\396df868-5ff6-4e12-9b19-57de4787ce34.xml\",\"name\":\"test_site3.xml\",\"type\":\"text/xml\",\"mtime\":\"2020-01-01T13:21:39.443Z\"}}","level":"\u001b[34minfo\u001b[39m","timestamp":"2020-01-01 13:21:39"}
{"message":"garbage collector started on path: C:\\develop\\nodejs\\projects\\aitam\\work\\","level":"\u001b[34minfo\u001b[39m","timestamp":"2020-01-01 13:22:32"}
{"message":"req.user: undefined","level":"\u001b[34minfo\u001b[39m","timestamp":"2020-01-01 13:27:01"}
{"message":"Session id started: {\"user\":\"2f24vvg\"}","level":"\u001b[34minfo\u001b[39m","timestamp":"2020-01-01 13:27:01"}
{"message":"User logged in: {\"id\":\"2f24vvg\",\"email\":\"test@test.com\",\"password\":\"$2a$10$A2g6pbxxhLA9MNYRJ0rnzOf/7Ara76B0KcRdjzUcsIBIclRuas/fG\"}","level":"\u001b[34minfo\u001b[39m","timestamp":"2020-01-01 13:27:01"}
{"message":"User (2f24vvg) uploaded a file: {\"file-upload\":{\"size\":439275,\"path\":\"C:\\\\develop\\\\nodejs\\\\projects\\\\aitam\\\\work\\\\8321e73f-91b0-489f-a8f5-70cd96670f92.xml\",\"name\":\"test_site3.xml\",\"type\":\"text/xml\",\"mtime\":\"2020-01-01T13:27:08.515Z\"}}","level":"\u001b[34minfo\u001b[39m","timestamp":"2020-01-01 13:27:08"}
{"message":"garbage collector started on path: C:\\develop\\nodejs\\projects\\aitam\\work\\","level":"\u001b[34minfo\u001b[39m","timestamp":"2020-01-01 13:35:57"}
{"message":"req.user: undefined","level":"\u001b[34minfo\u001b[39m","timestamp":"2020-01-01 13:36:02"}
{"message":"Session id started: {\"user\":\"2f24vvg\"}","level":"\u001b[34minfo\u001b[39m","timestamp":"2020-01-01 13:36:02"}
{"message":"User logged in: {\"id\":\"2f24vvg\",\"email\":\"test@test.com\",\"password\":\"$2a$10$A2g6pbxxhLA9MNYRJ0rnzOf/7Ara76B0KcRdjzUcsIBIclRuas/fG\"}","level":"\u001b[34minfo\u001b[39m","timestamp":"2020-01-01 13:36:02"}
{"message":"User (2f24vvg) uploaded a file: {\"file-upload\":{\"size\":439275,\"path\":\"C:\\\\develop\\\\nodejs\\\\projects\\\\aitam\\\\work\\\\ad82f167-d8d5-491c-9489-3a1d6ea678a0.xml\",\"name\":\"test_site3.xml\",\"type\":\"text/xml\",\"mtime\":\"2020-01-01T13:36:09.660Z\"}}","level":"\u001b[34minfo\u001b[39m","timestamp":"2020-01-01 13:36:09"}
{"message":"garbage collector started on path: C:\\develop\\nodejs\\projects\\aitam\\work\\","level":"\u001b[34minfo\u001b[39m","timestamp":"2020-01-01 13:38:40"}
{"message":"req.user: undefined","level":"\u001b[34minfo\u001b[39m","timestamp":"2020-01-01 13:38:49"}
{"message":"Session id started: {\"user\":\"2f24vvg\"}","level":"\u001b[34minfo\u001b[39m","timestamp":"2020-01-01 13:38:49"}
{"message":"User logged in: {\"id\":\"2f24vvg\",\"email\":\"test@test.com\",\"password\":\"$2a$10$A2g6pbxxhLA9MNYRJ0rnzOf/7Ara76B0KcRdjzUcsIBIclRuas/fG\"}","level":"\u001b[34minfo\u001b[39m","timestamp":"2020-01-01 13:38:49"}
{"message":"User (2f24vvg) uploaded a file: {\"file-upload\":{\"size\":439275,\"path\":\"C:\\\\develop\\\\nodejs\\\\projects\\\\aitam\\\\work\\\\6cd254ea-d03c-403a-babc-71c98d3deac3.xml\",\"name\":\"test_site3.xml\",\"type\":\"text/xml\",\"mtime\":\"2020-01-01T13:38:54.326Z\"}}","level":"\u001b[34minfo\u001b[39m","timestamp":"2020-01-01 13:38:54"}
{"message":"garbage collector started on path: C:\\develop\\nodejs\\projects\\aitam\\work\\","level":"\u001b[34minfo\u001b[39m","timestamp":"2020-01-01 20:56:06"}
{"message":"garbage collector deleted  3df723ca-c634-40ff-a327-9d598d8f7dfc.xml on folder: C:\\develop\\nodejs\\projects\\aitam\\work\\, path: C:\\develop\\nodejs\\projects\\aitam\\work\\3df723ca-c634-40ff-a327-9d598d8f7dfc.xml","level":"\u001b[34minfo\u001b[39m","timestamp":"2020-01-01 21:00:00"}
{"message":"garbage collector deleted  553c43cf-32ee-4afb-ada9-83ea2d902bea.xml on folder: C:\\develop\\nodejs\\projects\\aitam\\work\\, path: C:\\develop\\nodejs\\projects\\aitam\\work\\553c43cf-32ee-4afb-ada9-83ea2d902bea.xml","level":"\u001b[34minfo\u001b[39m","timestamp":"2020-01-01 21:00:00"}
{"message":"garbage collector deleted  54820579-9da1-423e-a4ae-910702fc9b28.xml on folder: C:\\develop\\nodejs\\projects\\aitam\\work\\, path: C:\\develop\\nodejs\\projects\\aitam\\work\\54820579-9da1-423e-a4ae-910702fc9b28.xml","level":"\u001b[34minfo\u001b[39m","timestamp":"2020-01-01 21:00:00"}
{"message":"garbage collector deleted  56e6249b-5a56-4a2a-bf0e-4be8c8226536.xml on folder: C:\\develop\\nodejs\\projects\\aitam\\work\\, path: C:\\develop\\nodejs\\projects\\aitam\\work\\56e6249b-5a56-4a2a-bf0e-4be8c8226536.xml","level":"\u001b[34minfo\u001b[39m","timestamp":"2020-01-01 21:00:00"}
{"message":"garbage collector deleted  923541db-dbd0-40ec-9f0d-064c58442d44.sent on folder: C:\\develop\\nodejs\\projects\\aitam\\work\\, path: C:\\develop\\nodejs\\projects\\aitam\\work\\923541db-dbd0-40ec-9f0d-064c58442d44.sent","level":"\u001b[34minfo\u001b[39m","timestamp":"2020-01-01 21:00:00"}
{"message":"garbage collector deleted  923541db-dbd0-40ec-9f0d-064c58442d44.tkn on folder: C:\\develop\\nodejs\\projects\\aitam\\work\\, path: C:\\develop\\nodejs\\projects\\aitam\\work\\923541db-dbd0-40ec-9f0d-064c58442d44.tkn","level":"\u001b[34minfo\u001b[39m","timestamp":"2020-01-01 21:00:00"}
{"message":"garbage collector deleted  923541db-dbd0-40ec-9f0d-064c58442d44.src on folder: C:\\develop\\nodejs\\projects\\aitam\\work\\, path: C:\\develop\\nodejs\\projects\\aitam\\work\\923541db-dbd0-40ec-9f0d-064c58442d44.src","level":"\u001b[34minfo\u001b[39m","timestamp":"2020-01-01 21:00:00"}
{"message":"garbage collector deleted  923541db-dbd0-40ec-9f0d-064c58442d44.vec on folder: C:\\develop\\nodejs\\projects\\aitam\\work\\, path: C:\\develop\\nodejs\\projects\\aitam\\work\\923541db-dbd0-40ec-9f0d-064c58442d44.vec","level":"\u001b[34minfo\u001b[39m","timestamp":"2020-01-01 21:00:00"}
{"message":"garbage collector deleted  923541db-dbd0-40ec-9f0d-064c58442d44.xml on folder: C:\\develop\\nodejs\\projects\\aitam\\work\\, path: C:\\develop\\nodejs\\projects\\aitam\\work\\923541db-dbd0-40ec-9f0d-064c58442d44.xml","level":"\u001b[34minfo\u001b[39m","timestamp":"2020-01-01 21:00:00"}
{"message":"garbage collector deleted  a56053c0-f1c3-4d90-8f6c-2465084d5dd9.xml on folder: C:\\develop\\nodejs\\projects\\aitam\\work\\, path: C:\\develop\\nodejs\\projects\\aitam\\work\\a56053c0-f1c3-4d90-8f6c-2465084d5dd9.xml","level":"\u001b[34minfo\u001b[39m","timestamp":"2020-01-01 21:00:00"}
{"message":"garbage collector deleted  cc208135-9610-4974-b3c1-f079e006b44c.xml on folder: C:\\develop\\nodejs\\projects\\aitam\\work\\, path: C:\\develop\\nodejs\\projects\\aitam\\work\\cc208135-9610-4974-b3c1-f079e006b44c.xml","level":"\u001b[34minfo\u001b[39m","timestamp":"2020-01-01 21:00:00"}
{"message":"garbage collector deleted  b85c59e2-bae1-43eb-b8fc-4ce5684cf965.xml on folder: C:\\develop\\nodejs\\projects\\aitam\\work\\, path: C:\\develop\\nodejs\\projects\\aitam\\work\\b85c59e2-bae1-43eb-b8fc-4ce5684cf965.xml","level":"\u001b[34minfo\u001b[39m","timestamp":"2020-01-01 21:00:00"}
{"message":"garbage collector error:  Error: Can't read file C:\\develop\\nodejs\\projects\\aitam\\work\\923541db-dbd0-40ec-9f0d-064c58442d44.xml","level":"\u001b[34minfo\u001b[39m","timestamp":"2020-01-01 21:00:00"}
{"message":"garbage collector error:  Error: Can't read file C:\\develop\\nodejs\\projects\\aitam\\work\\a56053c0-f1c3-4d90-8f6c-2465084d5dd9.xml","level":"\u001b[34minfo\u001b[39m","timestamp":"2020-01-01 21:00:00"}
{"message":"garbage collector error:  Error: Can't read file C:\\develop\\nodejs\\projects\\aitam\\work\\b85c59e2-bae1-43eb-b8fc-4ce5684cf965.xml","level":"\u001b[34minfo\u001b[39m","timestamp":"2020-01-01 21:00:00"}
{"message":"garbage collector error:  Error: Can't read file C:\\develop\\nodejs\\projects\\aitam\\work\\cc208135-9610-4974-b3c1-f079e006b44c.xml","level":"\u001b[34minfo\u001b[39m","timestamp":"2020-01-01 21:00:00"}
{"message":"garbage collector started on path: C:\\develop\\nodejs\\projects\\aitam\\work\\","level":"\u001b[34minfo\u001b[39m","timestamp":"2020-01-01 21:35:08"}
{"message":"garbage collector started on path: C:\\develop\\nodejs\\projects\\aitam\\work\\","level":"\u001b[34minfo\u001b[39m","timestamp":"2020-01-01 21:44:06"}
{"message":"garbage collector started on path: C:\\develop\\nodejs\\projects\\aitam\\work\\","level":"\u001b[34minfo\u001b[39m","timestamp":"2020-01-01 21:45:12"}
{"message":"garbage collector started on path: C:\\develop\\nodejs\\projects\\aitam\\work\\","level":"\u001b[34minfo\u001b[39m","timestamp":"2020-01-01 21:58:20"}
{"message":"garbage collector started on path: C:\\develop\\nodejs\\projects\\aitam\\work\\","level":"\u001b[34minfo\u001b[39m","timestamp":"2020-01-01 22:13:51"}
{"message":"garbage collector started on path: C:\\develop\\nodejs\\projects\\aitam\\work\\","level":"\u001b[34minfo\u001b[39m","timestamp":"2020-01-01 22:15:24"}
{"message":"garbage collector started on path: C:\\develop\\nodejs\\projects\\aitam\\work\\","level":"\u001b[34minfo\u001b[39m","timestamp":"2020-01-01 22:17:25"}
{"message":"garbage collector started on path: C:\\develop\\nodejs\\projects\\aitam\\work\\","level":"\u001b[34minfo\u001b[39m","timestamp":"2020-01-01 22:26:39"}
{"message":"garbage collector started on path: C:\\develop\\nodejs\\projects\\aitam\\work\\","level":"\u001b[34minfo\u001b[39m","timestamp":"2020-01-01 22:28:04"}
{"message":"garbage collector started on path: C:\\develop\\nodejs\\projects\\aitam\\work\\","level":"\u001b[34minfo\u001b[39m","timestamp":"2020-01-01 22:31:18"}
{"message":"garbage collector started on path: C:\\develop\\nodejs\\projects\\aitam\\work\\","level":"\u001b[34minfo\u001b[39m","timestamp":"2020-01-01 22:32:00"}
{"message":"garbage collector started on path: C:\\develop\\nodejs\\projects\\aitam\\work\\","level":"\u001b[34minfo\u001b[39m","timestamp":"2020-01-01 22:32:24"}
{"message":"garbage collector started on path: C:\\develop\\nodejs\\projects\\aitam\\work\\","level":"\u001b[34minfo\u001b[39m","timestamp":"2020-01-01 22:34:22"}
{"message":"garbage collector started on path: C:\\develop\\nodejs\\projects\\aitam\\work\\","level":"\u001b[34minfo\u001b[39m","timestamp":"2020-01-01 22:35:16"}
{"message":"garbage collector started on path: C:\\develop\\nodejs\\projects\\aitam\\work\\","level":"\u001b[34minfo\u001b[39m","timestamp":"2020-01-01 22:35:40"}
{"message":"garbage collector started on path: C:\\develop\\nodejs\\projects\\aitam\\work\\","level":"\u001b[34minfo\u001b[39m","timestamp":"2020-01-01 22:37:43"}
