{"message":"garbage collector started on path: C:\\develop\\nodejs\\projects\\aitam\\work\\","level":"\u001b[34minfo\u001b[39m","timestamp":"2020-03-03 20:15:54"}
{"message":"garbage collector deleted  162ee5f1-ce8b-4e9d-8c0e-754d1da6675b.odt on folder: C:\\develop\\nodejs\\projects\\aitam\\work\\, path: C:\\develop\\nodejs\\projects\\aitam\\work\\162ee5f1-ce8b-4e9d-8c0e-754d1da6675b.odt","level":"\u001b[34minfo\u001b[39m","timestamp":"2020-03-03 20:15:55"}
{"message":"garbage collector deleted  162ee5f1-ce8b-4e9d-8c0e-754d1da6675b.xml on folder: C:\\develop\\nodejs\\projects\\aitam\\work\\, path: C:\\develop\\nodejs\\projects\\aitam\\work\\162ee5f1-ce8b-4e9d-8c0e-754d1da6675b.xml","level":"\u001b[34minfo\u001b[39m","timestamp":"2020-03-03 20:15:55"}
{"message":"garbage collector deleted  16649c1a-66a1-4471-b971-445978c52645.xml on folder: C:\\develop\\nodejs\\projects\\aitam\\work\\, path: C:\\develop\\nodejs\\projects\\aitam\\work\\16649c1a-66a1-4471-b971-445978c52645.xml","level":"\u001b[34minfo\u001b[39m","timestamp":"2020-03-03 20:15:55"}
{"message":"garbage collector deleted  1741f9c0-7080-498f-8473-c9c54c19825a.xml on folder: C:\\develop\\nodejs\\projects\\aitam\\work\\, path: C:\\develop\\nodejs\\projects\\aitam\\work\\1741f9c0-7080-498f-8473-c9c54c19825a.xml","level":"\u001b[34minfo\u001b[39m","timestamp":"2020-03-03 20:15:55"}
{"message":"garbage collector deleted  27fd0558-6287-4c52-ab52-24ca7993089d.xml on folder: C:\\develop\\nodejs\\projects\\aitam\\work\\, path: C:\\develop\\nodejs\\projects\\aitam\\work\\27fd0558-6287-4c52-ab52-24ca7993089d.xml","level":"\u001b[34minfo\u001b[39m","timestamp":"2020-03-03 20:15:55"}
{"message":"garbage collector deleted  3035d4df-d714-4873-a011-5e3c67356cea.xml on folder: C:\\develop\\nodejs\\projects\\aitam\\work\\, path: C:\\develop\\nodejs\\projects\\aitam\\work\\3035d4df-d714-4873-a011-5e3c67356cea.xml","level":"\u001b[34minfo\u001b[39m","timestamp":"2020-03-03 20:15:55"}
{"message":"garbage collector deleted  44e40311-6fb5-4a24-b8dc-3a93f30fcf70.xml on folder: C:\\develop\\nodejs\\projects\\aitam\\work\\, path: C:\\develop\\nodejs\\projects\\aitam\\work\\44e40311-6fb5-4a24-b8dc-3a93f30fcf70.xml","level":"\u001b[34minfo\u001b[39m","timestamp":"2020-03-03 20:15:55"}
{"message":"garbage collector deleted  597f601a-89e3-4e52-b7ba-b4b532564b93.xml on folder: C:\\develop\\nodejs\\projects\\aitam\\work\\, path: C:\\develop\\nodejs\\projects\\aitam\\work\\597f601a-89e3-4e52-b7ba-b4b532564b93.xml","level":"\u001b[34minfo\u001b[39m","timestamp":"2020-03-03 20:15:55"}
{"message":"garbage collector deleted  6fe4e0aa-9233-4efa-8c0d-779a8816b5ca.xml on folder: C:\\develop\\nodejs\\projects\\aitam\\work\\, path: C:\\develop\\nodejs\\projects\\aitam\\work\\6fe4e0aa-9233-4efa-8c0d-779a8816b5ca.xml","level":"\u001b[34minfo\u001b[39m","timestamp":"2020-03-03 20:15:55"}
{"message":"garbage collector deleted  725502ac-20e3-44e4-9c48-ba7019252d5d.xml on folder: C:\\develop\\nodejs\\projects\\aitam\\work\\, path: C:\\develop\\nodejs\\projects\\aitam\\work\\725502ac-20e3-44e4-9c48-ba7019252d5d.xml","level":"\u001b[34minfo\u001b[39m","timestamp":"2020-03-03 20:15:55"}
{"message":"garbage collector deleted  8612cd98-7144-4346-93ba-098155b4990e.xml on folder: C:\\develop\\nodejs\\projects\\aitam\\work\\, path: C:\\develop\\nodejs\\projects\\aitam\\work\\8612cd98-7144-4346-93ba-098155b4990e.xml","level":"\u001b[34minfo\u001b[39m","timestamp":"2020-03-03 20:15:55"}
{"message":"garbage collector deleted  874e3d1b-1f49-484d-8263-31c51e396dfb.xml on folder: C:\\develop\\nodejs\\projects\\aitam\\work\\, path: C:\\develop\\nodejs\\projects\\aitam\\work\\874e3d1b-1f49-484d-8263-31c51e396dfb.xml","level":"\u001b[34minfo\u001b[39m","timestamp":"2020-03-03 20:15:55"}
{"message":"garbage collector deleted  9dbd0da8-8077-428f-bc0a-148e5730df4f.xml on folder: C:\\develop\\nodejs\\projects\\aitam\\work\\, path: C:\\develop\\nodejs\\projects\\aitam\\work\\9dbd0da8-8077-428f-bc0a-148e5730df4f.xml","level":"\u001b[34minfo\u001b[39m","timestamp":"2020-03-03 20:15:55"}
{"message":"garbage collector deleted  b28ad025-4d18-4398-b99d-a1bc4f76d002.xml on folder: C:\\develop\\nodejs\\projects\\aitam\\work\\, path: C:\\develop\\nodejs\\projects\\aitam\\work\\b28ad025-4d18-4398-b99d-a1bc4f76d002.xml","level":"\u001b[34minfo\u001b[39m","timestamp":"2020-03-03 20:15:55"}
{"message":"garbage collector deleted  d0090865-600c-4e72-9092-85b73948a593.xml on folder: C:\\develop\\nodejs\\projects\\aitam\\work\\, path: C:\\develop\\nodejs\\projects\\aitam\\work\\d0090865-600c-4e72-9092-85b73948a593.xml","level":"\u001b[34minfo\u001b[39m","timestamp":"2020-03-03 20:15:55"}
{"message":"garbage collector deleted  d5532360-f6e1-478f-886e-7a52a6a48443.xml on folder: C:\\develop\\nodejs\\projects\\aitam\\work\\, path: C:\\develop\\nodejs\\projects\\aitam\\work\\d5532360-f6e1-478f-886e-7a52a6a48443.xml","level":"\u001b[34minfo\u001b[39m","timestamp":"2020-03-03 20:15:55"}
{"message":"garbage collector deleted  f05e8bde-1114-4f4a-811e-498b0bc5f47a.xml on folder: C:\\develop\\nodejs\\projects\\aitam\\work\\, path: C:\\develop\\nodejs\\projects\\aitam\\work\\f05e8bde-1114-4f4a-811e-498b0bc5f47a.xml","level":"\u001b[34minfo\u001b[39m","timestamp":"2020-03-03 20:15:55"}
{"message":"garbage collector deleted  f9496d96-8dc3-4e1b-b50b-681c6dbcbcdf.xml on folder: C:\\develop\\nodejs\\projects\\aitam\\work\\, path: C:\\develop\\nodejs\\projects\\aitam\\work\\f9496d96-8dc3-4e1b-b50b-681c6dbcbcdf.xml","level":"\u001b[34minfo\u001b[39m","timestamp":"2020-03-03 20:15:55"}
{"message":"garbage collector error:  Error: Can't delete C:\\develop\\nodejs\\projects\\aitam\\work\\162ee5f1-ce8b-4e9d-8c0e-754d1da6675b.odt","level":"\u001b[34minfo\u001b[39m","timestamp":"2020-03-03 20:15:55"}
{"message":"garbage collector deleted  fe825f79-685c-42c2-8590-7be72bd31534.xml on folder: C:\\develop\\nodejs\\projects\\aitam\\work\\, path: C:\\develop\\nodejs\\projects\\aitam\\work\\fe825f79-685c-42c2-8590-7be72bd31534.xml","level":"\u001b[34minfo\u001b[39m","timestamp":"2020-03-03 20:15:55"}
{"message":"garbage collector error:  Error: Can't delete C:\\develop\\nodejs\\projects\\aitam\\work\\162ee5f1-ce8b-4e9d-8c0e-754d1da6675b.xml","level":"\u001b[34minfo\u001b[39m","timestamp":"2020-03-03 20:15:55"}
{"message":"garbage collector error:  Error: Can't delete C:\\develop\\nodejs\\projects\\aitam\\work\\1741f9c0-7080-498f-8473-c9c54c19825a.xml","level":"\u001b[34minfo\u001b[39m","timestamp":"2020-03-03 20:15:55"}
{"message":"garbage collector deleted  gazetteer.dic on folder: C:\\develop\\nodejs\\projects\\aitam\\work\\, path: C:\\develop\\nodejs\\projects\\aitam\\work\\gazetteer.dic","level":"\u001b[34minfo\u001b[39m","timestamp":"2020-03-03 20:15:55"}
{"message":"garbage collector error:  Error: Can't delete C:\\develop\\nodejs\\projects\\aitam\\work\\27fd0558-6287-4c52-ab52-24ca7993089d.xml","level":"\u001b[34minfo\u001b[39m","timestamp":"2020-03-03 20:15:55"}
{"message":"garbage collector error:  Error: Can't delete C:\\develop\\nodejs\\projects\\aitam\\work\\44e40311-6fb5-4a24-b8dc-3a93f30fcf70.xml","level":"\u001b[34minfo\u001b[39m","timestamp":"2020-03-03 20:15:55"}
{"message":"garbage collector error:  Error: Can't delete C:\\develop\\nodejs\\projects\\aitam\\work\\16649c1a-66a1-4471-b971-445978c52645.xml","level":"\u001b[34minfo\u001b[39m","timestamp":"2020-03-03 20:15:55"}
{"message":"garbage collector error:  Error: Can't delete C:\\develop\\nodejs\\projects\\aitam\\work\\597f601a-89e3-4e52-b7ba-b4b532564b93.xml","level":"\u001b[34minfo\u001b[39m","timestamp":"2020-03-03 20:15:55"}
{"message":"garbage collector error:  Error: Can't delete C:\\develop\\nodejs\\projects\\aitam\\work\\3035d4df-d714-4873-a011-5e3c67356cea.xml","level":"\u001b[34minfo\u001b[39m","timestamp":"2020-03-03 20:15:55"}
{"message":"garbage collector error:  Error: Can't delete C:\\develop\\nodejs\\projects\\aitam\\work\\6fe4e0aa-9233-4efa-8c0d-779a8816b5ca.xml","level":"\u001b[34minfo\u001b[39m","timestamp":"2020-03-03 20:15:55"}
{"message":"garbage collector error:  Error: Can't delete C:\\develop\\nodejs\\projects\\aitam\\work\\725502ac-20e3-44e4-9c48-ba7019252d5d.xml","level":"\u001b[34minfo\u001b[39m","timestamp":"2020-03-03 20:15:55"}
{"message":"garbage collector error:  Error: Can't delete C:\\develop\\nodejs\\projects\\aitam\\work\\874e3d1b-1f49-484d-8263-31c51e396dfb.xml","level":"\u001b[34minfo\u001b[39m","timestamp":"2020-03-03 20:15:55"}
{"message":"garbage collector error:  Error: Can't delete C:\\develop\\nodejs\\projects\\aitam\\work\\8612cd98-7144-4346-93ba-098155b4990e.xml","level":"\u001b[34minfo\u001b[39m","timestamp":"2020-03-03 20:15:55"}
{"message":"garbage collector error:  Error: Can't delete C:\\develop\\nodejs\\projects\\aitam\\work\\9dbd0da8-8077-428f-bc0a-148e5730df4f.xml","level":"\u001b[34minfo\u001b[39m","timestamp":"2020-03-03 20:15:55"}
{"message":"garbage collector error:  Error: Can't delete C:\\develop\\nodejs\\projects\\aitam\\work\\b28ad025-4d18-4398-b99d-a1bc4f76d002.xml","level":"\u001b[34minfo\u001b[39m","timestamp":"2020-03-03 20:15:55"}
{"message":"garbage collector error:  Error: Can't delete C:\\develop\\nodejs\\projects\\aitam\\work\\d5532360-f6e1-478f-886e-7a52a6a48443.xml","level":"\u001b[34minfo\u001b[39m","timestamp":"2020-03-03 20:15:55"}
{"message":"garbage collector error:  Error: Can't delete C:\\develop\\nodejs\\projects\\aitam\\work\\d0090865-600c-4e72-9092-85b73948a593.xml","level":"\u001b[34minfo\u001b[39m","timestamp":"2020-03-03 20:15:55"}
{"message":"garbage collector error:  Error: Can't delete C:\\develop\\nodejs\\projects\\aitam\\work\\f05e8bde-1114-4f4a-811e-498b0bc5f47a.xml","level":"\u001b[34minfo\u001b[39m","timestamp":"2020-03-03 20:15:55"}
{"message":"garbage collector error:  Error: Can't delete C:\\develop\\nodejs\\projects\\aitam\\work\\f9496d96-8dc3-4e1b-b50b-681c6dbcbcdf.xml","level":"\u001b[34minfo\u001b[39m","timestamp":"2020-03-03 20:15:55"}
{"message":"garbage collector error:  Error: Can't delete C:\\develop\\nodejs\\projects\\aitam\\work\\fe825f79-685c-42c2-8590-7be72bd31534.xml","level":"\u001b[34minfo\u001b[39m","timestamp":"2020-03-03 20:15:55"}
{"message":"garbage collector error:  Error: Can't delete C:\\develop\\nodejs\\projects\\aitam\\work\\gazetteer.dic","level":"\u001b[34minfo\u001b[39m","timestamp":"2020-03-03 20:15:55"}
{"message":"Session created received the id:ca643549-73eb-48aa-ab5c-44e9e58a69b4","level":"\u001b[34minfo\u001b[39m","timestamp":"2020-03-03 20:16:02"}
{"message":"404 - Not Found","level":"\u001b[33mwarn\u001b[39m","timestamp":"2020-03-03 20:16:03"}
{"message":"req.user: undefined","level":"\u001b[34minfo\u001b[39m","timestamp":"2020-03-03 20:16:09"}
{"message":"Session id started: {\"user\":\"2f24vvg\"}","level":"\u001b[34minfo\u001b[39m","timestamp":"2020-03-03 20:16:09"}
{"message":"User logged in: {\"id\":\"2f24vvg\",\"email\":\"test@test.com\",\"password\":\"$2a$10$A2g6pbxxhLA9MNYRJ0rnzOf/7Ara76B0KcRdjzUcsIBIclRuas/fG\"}","level":"\u001b[34minfo\u001b[39m","timestamp":"2020-03-03 20:16:09"}
{"message":"User (2f24vvg) uploaded a file: {\"file-upload\":{\"size\":439256,\"path\":\"C:\\\\develop\\\\nodejs\\\\projects\\\\aitam\\\\work\\\\ca643549-73eb-48aa-ab5c-44e9e58a69b4.xml\",\"name\":\"test_site3.xml\",\"type\":\"text/xml\",\"mtime\":\"2020-03-03T20:16:24.410Z\"}}","level":"\u001b[34minfo\u001b[39m","timestamp":"2020-03-03 20:16:24"}
{"message":"audit file download: C:\\develop\\nodejs\\projects\\aitam\\work\\ca643549-73eb-48aa-ab5c-44e9e58a69b4.xml","level":"\u001b[34minfo\u001b[39m","timestamp":"2020-03-03 20:34:25"}
{"message":"audit file download: C:\\develop\\nodejs\\projects\\aitam\\work\\ca643549-73eb-48aa-ab5c-44e9e58a69b4.xml","level":"\u001b[34minfo\u001b[39m","timestamp":"2020-03-03 20:34:32"}
{"message":"404 - Not Found","level":"\u001b[33mwarn\u001b[39m","timestamp":"2020-03-03 20:34:52"}
{"message":"404 - Not Found","level":"\u001b[33mwarn\u001b[39m","timestamp":"2020-03-03 20:34:52"}
{"message":"404 - Not Found","level":"\u001b[33mwarn\u001b[39m","timestamp":"2020-03-03 20:34:52"}
{"message":"404 - Not Found","level":"\u001b[33mwarn\u001b[39m","timestamp":"2020-03-03 20:34:52"}
{"message":"audit file download: C:\\develop\\nodejs\\projects\\aitam\\work\\ca643549-73eb-48aa-ab5c-44e9e58a69b4.xml","level":"\u001b[34minfo\u001b[39m","timestamp":"2020-03-03 20:35:24"}
{"message":"audit file download: C:\\develop\\nodejs\\projects\\aitam\\work\\ca643549-73eb-48aa-ab5c-44e9e58a69b4.xml","level":"\u001b[34minfo\u001b[39m","timestamp":"2020-03-03 20:35:27"}
{"message":"404 - Not Found","level":"\u001b[33mwarn\u001b[39m","timestamp":"2020-03-03 20:35:37"}
{"message":"404 - Not Found","level":"\u001b[33mwarn\u001b[39m","timestamp":"2020-03-03 20:35:37"}
{"message":"404 - Not Found","level":"\u001b[33mwarn\u001b[39m","timestamp":"2020-03-03 20:35:37"}
{"message":"404 - Not Found","level":"\u001b[33mwarn\u001b[39m","timestamp":"2020-03-03 20:35:37"}
{"message":"audit file download: C:\\develop\\nodejs\\projects\\aitam\\work\\ca643549-73eb-48aa-ab5c-44e9e58a69b4.xml","level":"\u001b[34minfo\u001b[39m","timestamp":"2020-03-03 20:45:09"}
{"message":"audit file download: C:\\develop\\nodejs\\projects\\aitam\\work\\ca643549-73eb-48aa-ab5c-44e9e58a69b4.xml","level":"\u001b[34minfo\u001b[39m","timestamp":"2020-03-03 20:45:41"}
{"message":"audit file download: C:\\develop\\nodejs\\projects\\aitam\\work\\ca643549-73eb-48aa-ab5c-44e9e58a69b4.xml","level":"\u001b[34minfo\u001b[39m","timestamp":"2020-03-03 20:46:09"}
{"message":"garbage collector started on path: C:\\develop\\nodejs\\projects\\aitam\\work\\","level":"\u001b[34minfo\u001b[39m","timestamp":"2020-03-03 21:14:36"}
{"message":"req.user: undefined","level":"\u001b[34minfo\u001b[39m","timestamp":"2020-03-03 21:14:47"}
{"message":"Session id started: {\"user\":\"2f24vvg\"}","level":"\u001b[34minfo\u001b[39m","timestamp":"2020-03-03 21:14:47"}
{"message":"User logged in: {\"id\":\"2f24vvg\",\"email\":\"test@test.com\",\"password\":\"$2a$10$A2g6pbxxhLA9MNYRJ0rnzOf/7Ara76B0KcRdjzUcsIBIclRuas/fG\"}","level":"\u001b[34minfo\u001b[39m","timestamp":"2020-03-03 21:14:47"}
{"message":"User (2f24vvg) uploaded a file: {\"file-upload\":{\"size\":439256,\"path\":\"C:\\\\develop\\\\nodejs\\\\projects\\\\aitam\\\\work\\\\82a5257d-36e7-4f90-85ca-d187cba415e6.xml\",\"name\":\"test_site3.xml\",\"type\":\"text/xml\",\"mtime\":\"2020-03-03T21:14:52.783Z\"}}","level":"\u001b[34minfo\u001b[39m","timestamp":"2020-03-03 21:14:52"}
{"message":"audit file download: C:\\develop\\nodejs\\projects\\aitam\\work\\82a5257d-36e7-4f90-85ca-d187cba415e6.xml","level":"\u001b[34minfo\u001b[39m","timestamp":"2020-03-03 21:15:08"}
{"message":"audit file download: C:\\develop\\nodejs\\projects\\aitam\\work\\82a5257d-36e7-4f90-85ca-d187cba415e6.xml","level":"\u001b[34minfo\u001b[39m","timestamp":"2020-03-03 21:15:40"}
{"message":"audit file download: C:\\develop\\nodejs\\projects\\aitam\\work\\82a5257d-36e7-4f90-85ca-d187cba415e6.xml","level":"\u001b[34minfo\u001b[39m","timestamp":"2020-03-03 21:16:06"}
