{"message":"garbage collector started on path: C:\\develop\\nodejs\\projects\\aitam\\work\\","level":"\u001b[34minfo\u001b[39m","timestamp":"2020-02-19 10:45:21"}
{"message":"garbage collector deleted  04df11e6-235e-4051-b813-4380993afa7b.sent on folder: C:\\develop\\nodejs\\projects\\aitam\\work\\, path: C:\\develop\\nodejs\\projects\\aitam\\work\\04df11e6-235e-4051-b813-4380993afa7b.sent","level":"\u001b[34minfo\u001b[39m","timestamp":"2020-02-19 10:45:22"}
{"message":"garbage collector deleted  04df11e6-235e-4051-b813-4380993afa7b.src on folder: C:\\develop\\nodejs\\projects\\aitam\\work\\, path: C:\\develop\\nodejs\\projects\\aitam\\work\\04df11e6-235e-4051-b813-4380993afa7b.src","level":"\u001b[34minfo\u001b[39m","timestamp":"2020-02-19 10:45:22"}
{"message":"garbage collector deleted  04df11e6-235e-4051-b813-4380993afa7b.tkn on folder: C:\\develop\\nodejs\\projects\\aitam\\work\\, path: C:\\develop\\nodejs\\projects\\aitam\\work\\04df11e6-235e-4051-b813-4380993afa7b.tkn","level":"\u001b[34minfo\u001b[39m","timestamp":"2020-02-19 10:45:22"}
{"message":"garbage collector deleted  04df11e6-235e-4051-b813-4380993afa7b.vec on folder: C:\\develop\\nodejs\\projects\\aitam\\work\\, path: C:\\develop\\nodejs\\projects\\aitam\\work\\04df11e6-235e-4051-b813-4380993afa7b.vec","level":"\u001b[34minfo\u001b[39m","timestamp":"2020-02-19 10:45:22"}
{"message":"garbage collector deleted  04df11e6-235e-4051-b813-4380993afa7b.xml on folder: C:\\develop\\nodejs\\projects\\aitam\\work\\, path: C:\\develop\\nodejs\\projects\\aitam\\work\\04df11e6-235e-4051-b813-4380993afa7b.xml","level":"\u001b[34minfo\u001b[39m","timestamp":"2020-02-19 10:45:22"}
{"message":"garbage collector error:  Error: Can't delete C:\\develop\\nodejs\\projects\\aitam\\work\\04df11e6-235e-4051-b813-4380993afa7b.sent","level":"\u001b[34minfo\u001b[39m","timestamp":"2020-02-19 10:45:22"}
{"message":"garbage collector deleted  gazetteer.dic on folder: C:\\develop\\nodejs\\projects\\aitam\\work\\, path: C:\\develop\\nodejs\\projects\\aitam\\work\\gazetteer.dic","level":"\u001b[34minfo\u001b[39m","timestamp":"2020-02-19 10:45:22"}
{"message":"garbage collector error:  Error: Can't delete C:\\develop\\nodejs\\projects\\aitam\\work\\04df11e6-235e-4051-b813-4380993afa7b.src","level":"\u001b[34minfo\u001b[39m","timestamp":"2020-02-19 10:45:22"}
{"message":"garbage collector error:  Error: Can't delete C:\\develop\\nodejs\\projects\\aitam\\work\\04df11e6-235e-4051-b813-4380993afa7b.tkn","level":"\u001b[34minfo\u001b[39m","timestamp":"2020-02-19 10:45:22"}
{"message":"garbage collector error:  Error: Can't delete C:\\develop\\nodejs\\projects\\aitam\\work\\04df11e6-235e-4051-b813-4380993afa7b.vec","level":"\u001b[34minfo\u001b[39m","timestamp":"2020-02-19 10:45:22"}
{"message":"garbage collector error:  Error: Can't delete C:\\develop\\nodejs\\projects\\aitam\\work\\04df11e6-235e-4051-b813-4380993afa7b.xml","level":"\u001b[34minfo\u001b[39m","timestamp":"2020-02-19 10:45:22"}
{"message":"garbage collector error:  Error: Can't delete C:\\develop\\nodejs\\projects\\aitam\\work\\gazetteer.dic","level":"\u001b[34minfo\u001b[39m","timestamp":"2020-02-19 10:45:22"}
{"message":"Session created received the id:27fd0558-6287-4c52-ab52-24ca7993089d","level":"\u001b[34minfo\u001b[39m","timestamp":"2020-02-19 10:45:26"}
{"message":"404 - Not Found","level":"\u001b[33mwarn\u001b[39m","timestamp":"2020-02-19 10:45:28"}
{"message":"req.user: undefined","level":"\u001b[34minfo\u001b[39m","timestamp":"2020-02-19 10:45:34"}
{"message":"Session id started: {\"user\":\"2f24vvg\"}","level":"\u001b[34minfo\u001b[39m","timestamp":"2020-02-19 10:45:34"}
{"message":"User logged in: {\"id\":\"2f24vvg\",\"email\":\"test@test.com\",\"password\":\"$2a$10$A2g6pbxxhLA9MNYRJ0rnzOf/7Ara76B0KcRdjzUcsIBIclRuas/fG\"}","level":"\u001b[34minfo\u001b[39m","timestamp":"2020-02-19 10:45:34"}
{"message":"User (2f24vvg) uploaded a file: {\"file-upload\":{\"size\":439275,\"path\":\"C:\\\\develop\\\\nodejs\\\\projects\\\\aitam\\\\work\\\\27fd0558-6287-4c52-ab52-24ca7993089d.xml\",\"name\":\"test_site3.xml\",\"type\":\"text/xml\",\"mtime\":\"2020-02-19T10:45:40.631Z\"}}","level":"\u001b[34minfo\u001b[39m","timestamp":"2020-02-19 10:45:40"}
{"message":"garbage collector started on path: C:\\develop\\nodejs\\projects\\aitam\\work\\","level":"\u001b[34minfo\u001b[39m","timestamp":"2020-02-19 10:47:00"}
{"message":"req.user: undefined","level":"\u001b[34minfo\u001b[39m","timestamp":"2020-02-19 10:47:07"}
{"message":"Session id started: {\"user\":\"2f24vvg\"}","level":"\u001b[34minfo\u001b[39m","timestamp":"2020-02-19 10:47:07"}
{"message":"User logged in: {\"id\":\"2f24vvg\",\"email\":\"test@test.com\",\"password\":\"$2a$10$A2g6pbxxhLA9MNYRJ0rnzOf/7Ara76B0KcRdjzUcsIBIclRuas/fG\"}","level":"\u001b[34minfo\u001b[39m","timestamp":"2020-02-19 10:47:07"}
{"message":"User (2f24vvg) uploaded a file: {\"file-upload\":{\"size\":439275,\"path\":\"C:\\\\develop\\\\nodejs\\\\projects\\\\aitam\\\\work\\\\d5532360-f6e1-478f-886e-7a52a6a48443.xml\",\"name\":\"test_site3.xml\",\"type\":\"text/xml\",\"mtime\":\"2020-02-19T10:47:13.187Z\"}}","level":"\u001b[34minfo\u001b[39m","timestamp":"2020-02-19 10:47:13"}
{"message":"garbage collector started on path: C:\\develop\\nodejs\\projects\\aitam\\work\\","level":"\u001b[34minfo\u001b[39m","timestamp":"2020-02-19 10:48:30"}
{"message":"req.user: undefined","level":"\u001b[34minfo\u001b[39m","timestamp":"2020-02-19 10:48:33"}
{"message":"Session id started: {\"user\":\"2f24vvg\"}","level":"\u001b[34minfo\u001b[39m","timestamp":"2020-02-19 10:48:33"}
{"message":"User logged in: {\"id\":\"2f24vvg\",\"email\":\"test@test.com\",\"password\":\"$2a$10$A2g6pbxxhLA9MNYRJ0rnzOf/7Ara76B0KcRdjzUcsIBIclRuas/fG\"}","level":"\u001b[34minfo\u001b[39m","timestamp":"2020-02-19 10:48:33"}
{"message":"User (2f24vvg) uploaded a file: {\"file-upload\":{\"size\":439275,\"path\":\"C:\\\\develop\\\\nodejs\\\\projects\\\\aitam\\\\work\\\\fe825f79-685c-42c2-8590-7be72bd31534.xml\",\"name\":\"test_site3.xml\",\"type\":\"text/xml\",\"mtime\":\"2020-02-19T10:48:39.727Z\"}}","level":"\u001b[34minfo\u001b[39m","timestamp":"2020-02-19 10:48:39"}
{"message":"garbage collector started on path: C:\\develop\\nodejs\\projects\\aitam\\work\\","level":"\u001b[34minfo\u001b[39m","timestamp":"2020-02-19 12:15:55"}
{"message":"req.user: undefined","level":"\u001b[34minfo\u001b[39m","timestamp":"2020-02-19 12:16:24"}
{"message":"Session id started: {\"user\":\"2f24vvg\"}","level":"\u001b[34minfo\u001b[39m","timestamp":"2020-02-19 12:16:24"}
{"message":"User logged in: {\"id\":\"2f24vvg\",\"email\":\"test@test.com\",\"password\":\"$2a$10$A2g6pbxxhLA9MNYRJ0rnzOf/7Ara76B0KcRdjzUcsIBIclRuas/fG\"}","level":"\u001b[34minfo\u001b[39m","timestamp":"2020-02-19 12:16:24"}
{"message":"User (2f24vvg) uploaded a file: {\"file-upload\":{\"size\":439275,\"path\":\"C:\\\\develop\\\\nodejs\\\\projects\\\\aitam\\\\work\\\\f9496d96-8dc3-4e1b-b50b-681c6dbcbcdf.xml\",\"name\":\"test_site3.xml\",\"type\":\"text/xml\",\"mtime\":\"2020-02-19T12:16:30.100Z\"}}","level":"\u001b[34minfo\u001b[39m","timestamp":"2020-02-19 12:16:30"}
{"message":"garbage collector started on path: C:\\develop\\nodejs\\projects\\aitam\\work\\","level":"\u001b[34minfo\u001b[39m","timestamp":"2020-02-19 12:18:26"}
{"message":"req.user: undefined","level":"\u001b[34minfo\u001b[39m","timestamp":"2020-02-19 12:18:35"}
{"message":"Session id started: {\"user\":\"2f24vvg\"}","level":"\u001b[34minfo\u001b[39m","timestamp":"2020-02-19 12:18:35"}
{"message":"User logged in: {\"id\":\"2f24vvg\",\"email\":\"test@test.com\",\"password\":\"$2a$10$A2g6pbxxhLA9MNYRJ0rnzOf/7Ara76B0KcRdjzUcsIBIclRuas/fG\"}","level":"\u001b[34minfo\u001b[39m","timestamp":"2020-02-19 12:18:35"}
{"message":"User (2f24vvg) uploaded a file: {\"file-upload\":{\"size\":439275,\"path\":\"C:\\\\develop\\\\nodejs\\\\projects\\\\aitam\\\\work\\\\9dbd0da8-8077-428f-bc0a-148e5730df4f.xml\",\"name\":\"test_site3.xml\",\"type\":\"text/xml\",\"mtime\":\"2020-02-19T12:18:40.643Z\"}}","level":"\u001b[34minfo\u001b[39m","timestamp":"2020-02-19 12:18:40"}
{"message":"garbage collector started on path: C:\\develop\\nodejs\\projects\\aitam\\work\\","level":"\u001b[34minfo\u001b[39m","timestamp":"2020-02-19 13:03:07"}
{"message":"Session created received the id:16649c1a-66a1-4471-b971-445978c52645","level":"\u001b[34minfo\u001b[39m","timestamp":"2020-02-19 13:03:34"}
{"message":"req.user: undefined","level":"\u001b[34minfo\u001b[39m","timestamp":"2020-02-19 13:03:39"}
{"message":"Session id started: {\"user\":\"2f24vvg\"}","level":"\u001b[34minfo\u001b[39m","timestamp":"2020-02-19 13:03:39"}
{"message":"User logged in: {\"id\":\"2f24vvg\",\"email\":\"test@test.com\",\"password\":\"$2a$10$A2g6pbxxhLA9MNYRJ0rnzOf/7Ara76B0KcRdjzUcsIBIclRuas/fG\"}","level":"\u001b[34minfo\u001b[39m","timestamp":"2020-02-19 13:03:39"}
{"message":"User (2f24vvg) uploaded a file: {\"file-upload\":{\"size\":439275,\"path\":\"C:\\\\develop\\\\nodejs\\\\projects\\\\aitam\\\\work\\\\16649c1a-66a1-4471-b971-445978c52645.xml\",\"name\":\"test_site3.xml\",\"type\":\"text/xml\",\"mtime\":\"2020-02-19T13:03:44.728Z\"}}","level":"\u001b[34minfo\u001b[39m","timestamp":"2020-02-19 13:03:44"}
{"message":"garbage collector started on path: C:\\develop\\nodejs\\projects\\aitam\\work\\","level":"\u001b[34minfo\u001b[39m","timestamp":"2020-02-19 13:19:37"}
{"message":"req.user: undefined","level":"\u001b[34minfo\u001b[39m","timestamp":"2020-02-19 13:25:36"}
{"message":"Session id started: {\"user\":\"2f24vvg\"}","level":"\u001b[34minfo\u001b[39m","timestamp":"2020-02-19 13:25:36"}
{"message":"User logged in: {\"id\":\"2f24vvg\",\"email\":\"test@test.com\",\"password\":\"$2a$10$A2g6pbxxhLA9MNYRJ0rnzOf/7Ara76B0KcRdjzUcsIBIclRuas/fG\"}","level":"\u001b[34minfo\u001b[39m","timestamp":"2020-02-19 13:25:36"}
{"message":"User (2f24vvg) uploaded a file: {\"file-upload\":{\"size\":439275,\"path\":\"C:\\\\develop\\\\nodejs\\\\projects\\\\aitam\\\\work\\\\725502ac-20e3-44e4-9c48-ba7019252d5d.xml\",\"name\":\"test_site3.xml\",\"type\":\"text/xml\",\"mtime\":\"2020-02-19T13:25:45.373Z\"}}","level":"\u001b[34minfo\u001b[39m","timestamp":"2020-02-19 13:25:45"}
{"message":"garbage collector started on path: C:\\develop\\nodejs\\projects\\aitam\\work\\","level":"\u001b[34minfo\u001b[39m","timestamp":"2020-02-19 13:38:03"}
{"message":"garbage collector started on path: C:\\develop\\nodejs\\projects\\aitam\\work\\","level":"\u001b[34minfo\u001b[39m","timestamp":"2020-02-19 13:38:11"}
{"message":"req.user: undefined","level":"\u001b[34minfo\u001b[39m","timestamp":"2020-02-19 13:38:14"}
{"message":"Session id started: {\"user\":\"2f24vvg\"}","level":"\u001b[34minfo\u001b[39m","timestamp":"2020-02-19 13:38:14"}
{"message":"User logged in: {\"id\":\"2f24vvg\",\"email\":\"test@test.com\",\"password\":\"$2a$10$A2g6pbxxhLA9MNYRJ0rnzOf/7Ara76B0KcRdjzUcsIBIclRuas/fG\"}","level":"\u001b[34minfo\u001b[39m","timestamp":"2020-02-19 13:38:14"}
{"message":"User (2f24vvg) uploaded a file: {\"file-upload\":{\"size\":439275,\"path\":\"C:\\\\develop\\\\nodejs\\\\projects\\\\aitam\\\\work\\\\44e40311-6fb5-4a24-b8dc-3a93f30fcf70.xml\",\"name\":\"test_site3.xml\",\"type\":\"text/xml\",\"mtime\":\"2020-02-19T13:38:20.624Z\"}}","level":"\u001b[34minfo\u001b[39m","timestamp":"2020-02-19 13:38:20"}
{"message":"garbage collector started on path: C:\\develop\\nodejs\\projects\\aitam\\work\\","level":"\u001b[34minfo\u001b[39m","timestamp":"2020-02-19 14:04:05"}
{"message":"req.user: undefined","level":"\u001b[34minfo\u001b[39m","timestamp":"2020-02-19 14:04:10"}
{"message":"Session id started: {\"user\":\"2f24vvg\"}","level":"\u001b[34minfo\u001b[39m","timestamp":"2020-02-19 14:04:10"}
{"message":"User logged in: {\"id\":\"2f24vvg\",\"email\":\"test@test.com\",\"password\":\"$2a$10$A2g6pbxxhLA9MNYRJ0rnzOf/7Ara76B0KcRdjzUcsIBIclRuas/fG\"}","level":"\u001b[34minfo\u001b[39m","timestamp":"2020-02-19 14:04:10"}
{"message":"User (2f24vvg) uploaded a file: {\"file-upload\":{\"size\":439275,\"path\":\"C:\\\\develop\\\\nodejs\\\\projects\\\\aitam\\\\work\\\\b28ad025-4d18-4398-b99d-a1bc4f76d002.xml\",\"name\":\"test_site3.xml\",\"type\":\"text/xml\",\"mtime\":\"2020-02-19T14:04:26.875Z\"}}","level":"\u001b[34minfo\u001b[39m","timestamp":"2020-02-19 14:04:26"}
{"message":"garbage collector started on path: C:\\develop\\nodejs\\projects\\aitam\\work\\","level":"\u001b[34minfo\u001b[39m","timestamp":"2020-02-19 14:07:46"}
{"message":"garbage collector started on path: C:\\develop\\nodejs\\projects\\aitam\\work\\","level":"\u001b[34minfo\u001b[39m","timestamp":"2020-02-19 14:10:17"}
{"message":"req.user: undefined","level":"\u001b[34minfo\u001b[39m","timestamp":"2020-02-19 14:10:20"}
{"message":"Session id started: {\"user\":\"2f24vvg\"}","level":"\u001b[34minfo\u001b[39m","timestamp":"2020-02-19 14:10:20"}
{"message":"User logged in: {\"id\":\"2f24vvg\",\"email\":\"test@test.com\",\"password\":\"$2a$10$A2g6pbxxhLA9MNYRJ0rnzOf/7Ara76B0KcRdjzUcsIBIclRuas/fG\"}","level":"\u001b[34minfo\u001b[39m","timestamp":"2020-02-19 14:10:20"}
{"message":"User (2f24vvg) uploaded a file: {\"file-upload\":{\"size\":439275,\"path\":\"C:\\\\develop\\\\nodejs\\\\projects\\\\aitam\\\\work\\\\597f601a-89e3-4e52-b7ba-b4b532564b93.xml\",\"name\":\"test_site3.xml\",\"type\":\"text/xml\",\"mtime\":\"2020-02-19T14:10:24.948Z\"}}","level":"\u001b[34minfo\u001b[39m","timestamp":"2020-02-19 14:10:24"}
{"message":"garbage collector started on path: C:\\develop\\nodejs\\projects\\aitam\\work\\","level":"\u001b[34minfo\u001b[39m","timestamp":"2020-02-19 14:11:21"}
{"message":"req.user: undefined","level":"\u001b[34minfo\u001b[39m","timestamp":"2020-02-19 14:11:37"}
{"message":"Session id started: {\"user\":\"2f24vvg\"}","level":"\u001b[34minfo\u001b[39m","timestamp":"2020-02-19 14:11:37"}
{"message":"User logged in: {\"id\":\"2f24vvg\",\"email\":\"test@test.com\",\"password\":\"$2a$10$A2g6pbxxhLA9MNYRJ0rnzOf/7Ara76B0KcRdjzUcsIBIclRuas/fG\"}","level":"\u001b[34minfo\u001b[39m","timestamp":"2020-02-19 14:11:37"}
{"message":"User (2f24vvg) uploaded a file: {\"file-upload\":{\"size\":439275,\"path\":\"C:\\\\develop\\\\nodejs\\\\projects\\\\aitam\\\\work\\\\d0090865-600c-4e72-9092-85b73948a593.xml\",\"name\":\"test_site3.xml\",\"type\":\"text/xml\",\"mtime\":\"2020-02-19T14:11:42.618Z\"}}","level":"\u001b[34minfo\u001b[39m","timestamp":"2020-02-19 14:11:42"}
{"message":"garbage collector started on path: C:\\develop\\nodejs\\projects\\aitam\\work\\","level":"\u001b[34minfo\u001b[39m","timestamp":"2020-02-19 14:13:33"}
{"message":"req.user: undefined","level":"\u001b[34minfo\u001b[39m","timestamp":"2020-02-19 14:13:36"}
{"message":"Session id started: {\"user\":\"2f24vvg\"}","level":"\u001b[34minfo\u001b[39m","timestamp":"2020-02-19 14:13:36"}
{"message":"User logged in: {\"id\":\"2f24vvg\",\"email\":\"test@test.com\",\"password\":\"$2a$10$A2g6pbxxhLA9MNYRJ0rnzOf/7Ara76B0KcRdjzUcsIBIclRuas/fG\"}","level":"\u001b[34minfo\u001b[39m","timestamp":"2020-02-19 14:13:36"}
{"message":"User (2f24vvg) uploaded a file: {\"file-upload\":{\"size\":439275,\"path\":\"C:\\\\develop\\\\nodejs\\\\projects\\\\aitam\\\\work\\\\8612cd98-7144-4346-93ba-098155b4990e.xml\",\"name\":\"test_site3.xml\",\"type\":\"text/xml\",\"mtime\":\"2020-02-19T14:13:42.607Z\"}}","level":"\u001b[34minfo\u001b[39m","timestamp":"2020-02-19 14:13:42"}
{"message":"garbage collector started on path: C:\\develop\\nodejs\\projects\\aitam\\work\\","level":"\u001b[34minfo\u001b[39m","timestamp":"2020-02-19 14:14:33"}
{"message":"req.user: undefined","level":"\u001b[34minfo\u001b[39m","timestamp":"2020-02-19 14:14:46"}
{"message":"Session id started: {\"user\":\"2f24vvg\"}","level":"\u001b[34minfo\u001b[39m","timestamp":"2020-02-19 14:14:46"}
{"message":"User logged in: {\"id\":\"2f24vvg\",\"email\":\"test@test.com\",\"password\":\"$2a$10$A2g6pbxxhLA9MNYRJ0rnzOf/7Ara76B0KcRdjzUcsIBIclRuas/fG\"}","level":"\u001b[34minfo\u001b[39m","timestamp":"2020-02-19 14:14:46"}
{"message":"User (2f24vvg) uploaded a file: {\"file-upload\":{\"size\":439275,\"path\":\"C:\\\\develop\\\\nodejs\\\\projects\\\\aitam\\\\work\\\\6fe4e0aa-9233-4efa-8c0d-779a8816b5ca.xml\",\"name\":\"test_site3.xml\",\"type\":\"text/xml\",\"mtime\":\"2020-02-19T14:14:51.829Z\"}}","level":"\u001b[34minfo\u001b[39m","timestamp":"2020-02-19 14:14:51"}
{"message":"garbage collector started on path: C:\\develop\\nodejs\\projects\\aitam\\work\\","level":"\u001b[34minfo\u001b[39m","timestamp":"2020-02-19 14:15:36"}
{"message":"garbage collector started on path: C:\\develop\\nodejs\\projects\\aitam\\work\\","level":"\u001b[34minfo\u001b[39m","timestamp":"2020-02-19 14:15:43"}
{"message":"req.user: undefined","level":"\u001b[34minfo\u001b[39m","timestamp":"2020-02-19 14:15:47"}
{"message":"Session id started: {\"user\":\"2f24vvg\"}","level":"\u001b[34minfo\u001b[39m","timestamp":"2020-02-19 14:15:47"}
{"message":"User logged in: {\"id\":\"2f24vvg\",\"email\":\"test@test.com\",\"password\":\"$2a$10$A2g6pbxxhLA9MNYRJ0rnzOf/7Ara76B0KcRdjzUcsIBIclRuas/fG\"}","level":"\u001b[34minfo\u001b[39m","timestamp":"2020-02-19 14:15:47"}
{"message":"User (2f24vvg) uploaded a file: {\"file-upload\":{\"size\":439275,\"path\":\"C:\\\\develop\\\\nodejs\\\\projects\\\\aitam\\\\work\\\\3035d4df-d714-4873-a011-5e3c67356cea.xml\",\"name\":\"test_site3.xml\",\"type\":\"text/xml\",\"mtime\":\"2020-02-19T14:15:52.344Z\"}}","level":"\u001b[34minfo\u001b[39m","timestamp":"2020-02-19 14:15:52"}
{"message":"garbage collector started on path: C:\\develop\\nodejs\\projects\\aitam\\work\\","level":"\u001b[34minfo\u001b[39m","timestamp":"2020-02-19 14:16:06"}
{"message":"garbage collector started on path: C:\\develop\\nodejs\\projects\\aitam\\work\\","level":"\u001b[34minfo\u001b[39m","timestamp":"2020-02-19 14:16:30"}
{"message":"req.user: undefined","level":"\u001b[34minfo\u001b[39m","timestamp":"2020-02-19 14:16:33"}
{"message":"Session id started: {\"user\":\"2f24vvg\"}","level":"\u001b[34minfo\u001b[39m","timestamp":"2020-02-19 14:16:33"}
{"message":"User logged in: {\"id\":\"2f24vvg\",\"email\":\"test@test.com\",\"password\":\"$2a$10$A2g6pbxxhLA9MNYRJ0rnzOf/7Ara76B0KcRdjzUcsIBIclRuas/fG\"}","level":"\u001b[34minfo\u001b[39m","timestamp":"2020-02-19 14:16:33"}
{"message":"User (2f24vvg) uploaded a file: {\"file-upload\":{\"size\":439275,\"path\":\"C:\\\\develop\\\\nodejs\\\\projects\\\\aitam\\\\work\\\\1741f9c0-7080-498f-8473-c9c54c19825a.xml\",\"name\":\"test_site3.xml\",\"type\":\"text/xml\",\"mtime\":\"2020-02-19T14:16:38.383Z\"}}","level":"\u001b[34minfo\u001b[39m","timestamp":"2020-02-19 14:16:38"}
